<?xml version="1.0" encoding="utf-8" standalone="no"?>
<test-run id="2" testcasecount="2327" result="Failed" total="2327" passed="0" failed="0" inconclusive="0" skipped="0" asserts="0" engine-version="3.7.0.0" clr-version="4.0.30319.42000" start-time="2018-02-09 17:04:54Z" end-time="2018-02-09 17:29:11Z" duration="1457.906186">
  <command-line><![CDATA["C:\Program Files (x86)\NUnit.org\nunit-console\nunit3-console.exe"  D:\Projects\Ed-Fi-Alliance\Ed-Fi-ODS\Application\EdFi.Ods.Admin.Tests\bin\Release\EdFi.Ods.Admin.Tests.dll D:\Projects\Ed-Fi-Alliance\Ed-Fi-ODS\Application\EdFi.Ods.Admin.Web.Tests\bin\Release\EdFi.Ods.Admin.Web.Tests.dll D:\Projects\Ed-Fi-Alliance\Ed-Fi-ODS\Application\EdFi.Ods.Api.Data.Tests\bin\Release\EdFi.Ods.Api.Data.Tests.dll D:\Projects\Ed-Fi-Alliance\Ed-Fi-ODS\Application\EdFi.Ods.BulkCopy.Tests\bin\Release\EdFi.Ods.BulkCopy.Tests.dll D:\Projects\Ed-Fi-Alliance\Ed-Fi-ODS\Application\EdFi.Ods.Repositories.NHibernate.Tests\bin\Release\EdFi.Ods.Repositories.NHibernate.Tests.dll D:\Projects\Ed-Fi-Alliance\Ed-Fi-ODS\Application\EdFi.Ods.Tests\bin\Release\EdFi.Ods.Tests.dll D:\Projects\Ed-Fi-Alliance\Ed-Fi-ODS\Application\EdFi.Ods.WebService.Tests\bin\Release\EdFi.Ods.WebService.Tests.dll D:\Projects\Ed-Fi-Alliance\Ed-Fi-ODS\Application\EdFi.Ods.XsdParsing.Tests\bin\Release\EdFi.Ods.XsdParsing.Tests.dll D:\Projects\Ed-Fi-Alliance\Ed-Fi-ODS\Application\EdFi.TestObjects.Tests\bin\Release\EdFi.TestObjects.Tests.dll D:\Projects\Ed-Fi-Alliance\Ed-Fi-ODS\Application\SecurityConfigurationTool\EdFi.Ods.SecurityConfiguration.Services.Tests\bin\Release\EdFi.Ods.SecurityConfiguration.Services.Tests.dll]]></command-line>
  <test-suite type="Assembly" id="1-1033" name="D:\Projects\Ed-Fi-Alliance\Ed-Fi-ODS\Application\EdFi.Ods.Admin.Tests\bin\Release\EdFi.Ods.Admin.Tests.dll" fullname="D:\Projects\Ed-Fi-Alliance\Ed-Fi-ODS\Application\EdFi.Ods.Admin.Tests\bin\Release\EdFi.Ods.Admin.Tests.dll" runstate="Runnable" testcasecount="22" result="Passed" duration="40.372908" total="22" passed="0" failed="0" inconclusive="0" skipped="0" asserts="0">
    <properties>
      <property name="_PID" value="29072" />
      <property name="_APPDOMAIN" value="domain-9b16f024-EdFi.Ods.Admin.Tests.dll" />
    </properties>
    <test-suite type="Namespace" id="1-1034" name="EdFi" fullname="EdFi" runstate="Runnable" testcasecount="22" result="Passed" duration="40.360553" total="22" passed="0" failed="0" inconclusive="0" skipped="0" asserts="0">
      <test-suite type="Namespace" id="1-1035" name="Ods" fullname="EdFi.Ods" runstate="Runnable" testcasecount="22" result="Passed" duration="40.360201" total="22" passed="0" failed="0" inconclusive="0" skipped="0" asserts="0">
        <test-suite type="Namespace" id="1-1036" name="Admin" fullname="EdFi.Ods.Admin" runstate="Runnable" testcasecount="22" result="Passed" duration="40.359895" total="22" passed="0" failed="0" inconclusive="0" skipped="0" asserts="0">
          <test-suite type="Namespace" id="1-1037" name="Tests" fullname="EdFi.Ods.Admin.Tests" runstate="Runnable" testcasecount="22" result="Passed" duration="40.359590" total="22" passed="0" failed="0" inconclusive="0" skipped="0" asserts="0">
            <test-suite type="TestFixture" id="1-1000" name="AccessTokenIsValidTests" fullname="EdFi.Ods.Admin.Tests.AccessTokenIsValidTests" classname="EdFi.Ods.Admin.Tests.AccessTokenIsValidTests" runstate="Runnable" testcasecount="7" result="Passed" duration="24.836958" total="7" passed="0" failed="0" inconclusive="0" skipped="0" asserts="0">
              <test-case id="1-1007" name="AccessTokenIsValid_InvalidToken_ShouldReturnApiClientDetails" fullname="EdFi.Ods.Admin.Tests.AccessTokenIsValidTests.AccessTokenIsValid_InvalidToken_ShouldReturnApiClientDetails" methodname="AccessTokenIsValid_InvalidToken_ShouldReturnApiClientDetails" classname="EdFi.Ods.Admin.Tests.AccessTokenIsValidTests" runstate="Runnable" result="Passed" duration="0.306475" asserts="6" />
              <test-case id="1-1002" name="AccessTokenIsValid_NegativeTimeZone_ShouldDeleteToken" fullname="EdFi.Ods.Admin.Tests.AccessTokenIsValidTests.AccessTokenIsValid_NegativeTimeZone_ShouldDeleteToken" methodname="AccessTokenIsValid_NegativeTimeZone_ShouldDeleteToken" classname="EdFi.Ods.Admin.Tests.AccessTokenIsValidTests" runstate="Runnable" result="Passed" duration="1.716710" asserts="1" />
              <test-case id="1-1001" name="AccessTokenIsValid_PositiveTimeZone_ShouldNotDeleteToken" fullname="EdFi.Ods.Admin.Tests.AccessTokenIsValidTests.AccessTokenIsValid_PositiveTimeZone_ShouldNotDeleteToken" methodname="AccessTokenIsValid_PositiveTimeZone_ShouldNotDeleteToken" classname="EdFi.Ods.Admin.Tests.AccessTokenIsValidTests" runstate="Runnable" result="Passed" duration="0.024208" asserts="1" />
              <test-case id="1-1003" name="AccessTokenIsValid_UtcTimeZone_ShouldNotDeleteToken" fullname="EdFi.Ods.Admin.Tests.AccessTokenIsValidTests.AccessTokenIsValid_UtcTimeZone_ShouldNotDeleteToken" methodname="AccessTokenIsValid_UtcTimeZone_ShouldNotDeleteToken" classname="EdFi.Ods.Admin.Tests.AccessTokenIsValidTests" runstate="Runnable" result="Passed" duration="0.005413" asserts="1" />
              <test-case id="1-1004" name="AccessTokenIsValid_ValidToken_ShouldReturnApiClientDetails" fullname="EdFi.Ods.Admin.Tests.AccessTokenIsValidTests.AccessTokenIsValid_ValidToken_ShouldReturnApiClientDetails" methodname="AccessTokenIsValid_ValidToken_ShouldReturnApiClientDetails" classname="EdFi.Ods.Admin.Tests.AccessTokenIsValidTests" runstate="Runnable" result="Passed" duration="0.049273" asserts="6" />
              <test-case id="1-1005" name="AccessTokenIsValid_ValidToken_ShouldReturnApiClientDetailsWithEdOrgs" fullname="EdFi.Ods.Admin.Tests.AccessTokenIsValidTests.AccessTokenIsValid_ValidToken_ShouldReturnApiClientDetailsWithEdOrgs" methodname="AccessTokenIsValid_ValidToken_ShouldReturnApiClientDetailsWithEdOrgs" classname="EdFi.Ods.Admin.Tests.AccessTokenIsValidTests" runstate="Runnable" result="Passed" duration="0.036704" asserts="7" />
              <test-case id="1-1006" name="AccessTokenIsValid_ValidToken_ShouldReturnApiClientDetailsWithEdOrgsAndProfile" fullname="EdFi.Ods.Admin.Tests.AccessTokenIsValidTests.AccessTokenIsValid_ValidToken_ShouldReturnApiClientDetailsWithEdOrgsAndProfile" methodname="AccessTokenIsValid_ValidToken_ShouldReturnApiClientDetailsWithEdOrgsAndProfile" classname="EdFi.Ods.Admin.Tests.AccessTokenIsValidTests" runstate="Runnable" result="Passed" duration="0.032074" asserts="8" />
            </test-suite>
            <test-suite type="Namespace" id="1-1040" name="Initialization" fullname="EdFi.Ods.Admin.Tests.Initialization" runstate="Runnable" testcasecount="1" result="Passed" duration="0.056278" total="1" passed="0" failed="0" inconclusive="0" skipped="0" asserts="0">
              <test-suite type="TestFixture" id="1-1031" name="InitializationSectionTests+When_loading_an_initialization_section" fullname="EdFi.Ods.Admin.Tests.Initialization.InitializationSectionTests+When_loading_an_initialization_section" classname="EdFi.Ods.Admin.Tests.Initialization.InitializationSectionTests+When_loading_an_initialization_section" runstate="Runnable" testcasecount="1" result="Passed" duration="0.055809" total="1" passed="0" failed="0" inconclusive="0" skipped="0" asserts="0">
                <test-case id="1-1032" name="Should_load_initialization_section" fullname="EdFi.Ods.Admin.Tests.Initialization.InitializationSectionTests+When_loading_an_initialization_section.Should_load_initialization_section" methodname="Should_load_initialization_section" classname="EdFi.Ods.Admin.Tests.Initialization.InitializationSectionTests+When_loading_an_initialization_section" runstate="Runnable" result="Passed" duration="0.055343" asserts="12" />
              </test-suite>
            </test-suite>
            <test-suite type="Namespace" id="1-1039" name="Models" fullname="EdFi.Ods.Admin.Tests.Models" runstate="Runnable" testcasecount="6" result="Passed" duration="11.807906" total="6" passed="0" failed="0" inconclusive="0" skipped="0" asserts="0">
              <test-suite type="TestFixture" id="1-1029" name="UserContextMappingTests+When_adding_a_local_education_agency_to_an_application" fullname="EdFi.Ods.Admin.Tests.Models.UserContextMappingTests+When_adding_a_local_education_agency_to_an_application" classname="EdFi.Ods.Admin.Tests.Models.UserContextMappingTests+When_adding_a_local_education_agency_to_an_application" runstate="Runnable" testcasecount="1" result="Passed" duration="1.953205" total="1" passed="0" failed="0" inconclusive="0" skipped="0" asserts="0">
                <test-case id="1-1030" name="Should_create_lea_association" fullname="EdFi.Ods.Admin.Tests.Models.UserContextMappingTests+When_adding_a_local_education_agency_to_an_application.Should_create_lea_association" methodname="Should_create_lea_association" classname="EdFi.Ods.Admin.Tests.Models.UserContextMappingTests+When_adding_a_local_education_agency_to_an_application" runstate="Runnable" result="Passed" duration="0.455705" asserts="0" />
              </test-suite>
              <test-suite type="TestFixture" id="1-1027" name="UserContextMappingTests+When_adding_an_application_to_a_vendor" fullname="EdFi.Ods.Admin.Tests.Models.UserContextMappingTests+When_adding_an_application_to_a_vendor" classname="EdFi.Ods.Admin.Tests.Models.UserContextMappingTests+When_adding_an_application_to_a_vendor" runstate="Runnable" testcasecount="1" result="Passed" duration="1.639841" total="1" passed="0" failed="0" inconclusive="0" skipped="0" asserts="0">
                <test-case id="1-1028" name="Should_create_application" fullname="EdFi.Ods.Admin.Tests.Models.UserContextMappingTests+When_adding_an_application_to_a_vendor.Should_create_application" methodname="Should_create_application" classname="EdFi.Ods.Admin.Tests.Models.UserContextMappingTests+When_adding_an_application_to_a_vendor" runstate="Runnable" result="Passed" duration="0.080828" asserts="0" />
              </test-suite>
              <test-suite type="TestFixture" id="1-1023" name="UserContextMappingTests+When_adding_an_lea_mapping_to_a_client" fullname="EdFi.Ods.Admin.Tests.Models.UserContextMappingTests+When_adding_an_lea_mapping_to_a_client" classname="EdFi.Ods.Admin.Tests.Models.UserContextMappingTests+When_adding_an_lea_mapping_to_a_client" runstate="Runnable" testcasecount="1" result="Passed" duration="1.935406" total="1" passed="0" failed="0" inconclusive="0" skipped="0" asserts="0">
                <test-case id="1-1024" name="Should_persist_the_lea_mapping_without_explicitly_adding_that_mapping_to_the_databaseContext" fullname="EdFi.Ods.Admin.Tests.Models.UserContextMappingTests+When_adding_an_lea_mapping_to_a_client.Should_persist_the_lea_mapping_without_explicitly_adding_that_mapping_to_the_databaseContext" methodname="Should_persist_the_lea_mapping_without_explicitly_adding_that_mapping_to_the_databaseContext" classname="EdFi.Ods.Admin.Tests.Models.UserContextMappingTests+When_adding_an_lea_mapping_to_a_client" runstate="Runnable" result="Passed" duration="0.230220" asserts="0" />
              </test-suite>
              <test-suite type="TestFixture" id="1-1025" name="UserContextMappingTests+When_adding_an_lea_mapping_to_an_application" fullname="EdFi.Ods.Admin.Tests.Models.UserContextMappingTests+When_adding_an_lea_mapping_to_an_application" classname="EdFi.Ods.Admin.Tests.Models.UserContextMappingTests+When_adding_an_lea_mapping_to_an_application" runstate="Runnable" testcasecount="1" result="Passed" duration="2.425330" total="1" passed="0" failed="0" inconclusive="0" skipped="0" asserts="0">
                <test-case id="1-1026" name="Should_persist_the_lea_mapping_without_explicitly_adding_that_mapping_to_the_databaseContext" fullname="EdFi.Ods.Admin.Tests.Models.UserContextMappingTests+When_adding_an_lea_mapping_to_an_application.Should_persist_the_lea_mapping_without_explicitly_adding_that_mapping_to_the_databaseContext" methodname="Should_persist_the_lea_mapping_without_explicitly_adding_that_mapping_to_the_databaseContext" classname="EdFi.Ods.Admin.Tests.Models.UserContextMappingTests+When_adding_an_lea_mapping_to_an_application" runstate="Runnable" result="Passed" duration="0.035269" asserts="0" />
              </test-suite>
              <test-suite type="TestFixture" id="1-1021" name="UserContextMappingTests+When_creating_a_user" fullname="EdFi.Ods.Admin.Tests.Models.UserContextMappingTests+When_creating_a_user" classname="EdFi.Ods.Admin.Tests.Models.UserContextMappingTests+When_creating_a_user" runstate="Runnable" testcasecount="1" result="Passed" duration="2.054711" total="1" passed="0" failed="0" inconclusive="0" skipped="0" asserts="0">
                <test-case id="1-1022" name="Should_persist_the_user_to_the_database" fullname="EdFi.Ods.Admin.Tests.Models.UserContextMappingTests+When_creating_a_user.Should_persist_the_user_to_the_database" methodname="Should_persist_the_user_to_the_database" classname="EdFi.Ods.Admin.Tests.Models.UserContextMappingTests+When_creating_a_user" runstate="Runnable" result="Passed" duration="0.170426" asserts="0" />
              </test-suite>
              <test-suite type="TestFixture" id="1-1019" name="UsersContextMigrationsTests+When_migrating_from_empty_database" fullname="EdFi.Ods.Admin.Tests.Models.UsersContextMigrationsTests+When_migrating_from_empty_database" classname="EdFi.Ods.Admin.Tests.Models.UsersContextMigrationsTests+When_migrating_from_empty_database" runstate="Runnable" testcasecount="1" result="Passed" duration="1.792739" total="1" passed="0" failed="0" inconclusive="0" skipped="0" asserts="0">
                <test-case id="1-1020" name="Should_create_new_compatible_database" fullname="EdFi.Ods.Admin.Tests.Models.UsersContextMigrationsTests+When_migrating_from_empty_database.Should_create_new_compatible_database" methodname="Should_create_new_compatible_database" classname="EdFi.Ods.Admin.Tests.Models.UsersContextMigrationsTests+When_migrating_from_empty_database" runstate="Runnable" result="Passed" duration="1.792218" asserts="0" />
              </test-suite>
            </test-suite>
            <test-suite type="Namespace" id="1-1038" name="Services" fullname="EdFi.Ods.Admin.Tests.Services" runstate="Runnable" testcasecount="8" result="Passed" duration="3.650347" total="8" passed="0" failed="0" inconclusive="0" skipped="0" asserts="0">
              <test-suite type="TestFixture" id="1-1008" name="DatabaseTemplateLeaQueryTests+When_template_contains_local_education_agencies" fullname="EdFi.Ods.Admin.Tests.Services.DatabaseTemplateLeaQueryTests+When_template_contains_local_education_agencies" classname="EdFi.Ods.Admin.Tests.Services.DatabaseTemplateLeaQueryTests+When_template_contains_local_education_agencies" runstate="Runnable" testcasecount="2" result="Passed" duration="0.035765" total="2" passed="0" failed="0" inconclusive="0" skipped="0" asserts="0">
                <test-case id="1-1009" name="Should_provide_some_results_for_minimal_template" fullname="EdFi.Ods.Admin.Tests.Services.DatabaseTemplateLeaQueryTests+When_template_contains_local_education_agencies.Should_provide_some_results_for_minimal_template" methodname="Should_provide_some_results_for_minimal_template" classname="EdFi.Ods.Admin.Tests.Services.DatabaseTemplateLeaQueryTests+When_template_contains_local_education_agencies" runstate="Ignored" result="Skipped" label="Ignored" duration="0.000512" asserts="0">
                  <properties>
                    <property name="_IGNOREREASON" value="Test data is location specific" />
                  </properties>
                  <reason>
                    <message><![CDATA[Test data is location specific]]></message>
                  </reason>
                </test-case>
                <test-case id="1-1010" name="Should_provide_some_results_for_populated_template" fullname="EdFi.Ods.Admin.Tests.Services.DatabaseTemplateLeaQueryTests+When_template_contains_local_education_agencies.Should_provide_some_results_for_populated_template" methodname="Should_provide_some_results_for_populated_template" classname="EdFi.Ods.Admin.Tests.Services.DatabaseTemplateLeaQueryTests+When_template_contains_local_education_agencies" runstate="Runnable" result="Passed" duration="0.032698" asserts="0" />
              </test-suite>
              <test-suite type="TestFixture" id="1-1011" name="DefaultApplicationCreatorTests+When_default_application_does_not_exist_for_vendor_and_sandbox_type" fullname="EdFi.Ods.Admin.Tests.Services.DefaultApplicationCreatorTests+When_default_application_does_not_exist_for_vendor_and_sandbox_type" classname="EdFi.Ods.Admin.Tests.Services.DefaultApplicationCreatorTests+When_default_application_does_not_exist_for_vendor_and_sandbox_type" runstate="Runnable" testcasecount="4" result="Passed" duration="1.961306" total="4" passed="0" failed="0" inconclusive="0" skipped="0" asserts="0">
                <test-case id="1-1015" name="Should_associate_all_available_LEAs_with_application" fullname="EdFi.Ods.Admin.Tests.Services.DefaultApplicationCreatorTests+When_default_application_does_not_exist_for_vendor_and_sandbox_type.Should_associate_all_available_LEAs_with_application" methodname="Should_associate_all_available_LEAs_with_application" classname="EdFi.Ods.Admin.Tests.Services.DefaultApplicationCreatorTests+When_default_application_does_not_exist_for_vendor_and_sandbox_type" runstate="Runnable" result="Passed" duration="0.001533" asserts="0" />
                <test-case id="1-1014" name="Should_associate_application_with_vendor" fullname="EdFi.Ods.Admin.Tests.Services.DefaultApplicationCreatorTests+When_default_application_does_not_exist_for_vendor_and_sandbox_type.Should_associate_application_with_vendor" methodname="Should_associate_application_with_vendor" classname="EdFi.Ods.Admin.Tests.Services.DefaultApplicationCreatorTests+When_default_application_does_not_exist_for_vendor_and_sandbox_type" runstate="Runnable" result="Passed" duration="0.000291" asserts="0" />
                <test-case id="1-1013" name="Should_associate_with_default_claimset" fullname="EdFi.Ods.Admin.Tests.Services.DefaultApplicationCreatorTests+When_default_application_does_not_exist_for_vendor_and_sandbox_type.Should_associate_with_default_claimset" methodname="Should_associate_with_default_claimset" classname="EdFi.Ods.Admin.Tests.Services.DefaultApplicationCreatorTests+When_default_application_does_not_exist_for_vendor_and_sandbox_type" runstate="Runnable" result="Passed" duration="0.000218" asserts="0" />
                <test-case id="1-1012" name="Should_create_default_application" fullname="EdFi.Ods.Admin.Tests.Services.DefaultApplicationCreatorTests+When_default_application_does_not_exist_for_vendor_and_sandbox_type.Should_create_default_application" methodname="Should_create_default_application" classname="EdFi.Ods.Admin.Tests.Services.DefaultApplicationCreatorTests+When_default_application_does_not_exist_for_vendor_and_sandbox_type" runstate="Runnable" result="Passed" duration="0.000364" asserts="0" />
              </test-suite>
              <test-suite type="TestFixture" id="1-1016" name="DefaultApplicationCreatorTests+When_default_application_exists_for_vendor_and_sandbox_type_and_application_is_missing_an_LEA_association" fullname="EdFi.Ods.Admin.Tests.Services.DefaultApplicationCreatorTests+When_default_application_exists_for_vendor_and_sandbox_type_and_application_is_missing_an_LEA_association" classname="EdFi.Ods.Admin.Tests.Services.DefaultApplicationCreatorTests+When_default_application_exists_for_vendor_and_sandbox_type_and_application_is_missing_an_LEA_association" runstate="Runnable" testcasecount="2" result="Passed" duration="1.650661" total="2" passed="0" failed="0" inconclusive="0" skipped="0" asserts="0">
                <test-case id="1-1018" name="Should_add_lea_association_that_was_missing" fullname="EdFi.Ods.Admin.Tests.Services.DefaultApplicationCreatorTests+When_default_application_exists_for_vendor_and_sandbox_type_and_application_is_missing_an_LEA_association.Should_add_lea_association_that_was_missing" methodname="Should_add_lea_association_that_was_missing" classname="EdFi.Ods.Admin.Tests.Services.DefaultApplicationCreatorTests+When_default_application_exists_for_vendor_and_sandbox_type_and_application_is_missing_an_LEA_association" runstate="Runnable" result="Passed" duration="0.001323" asserts="0" />
                <test-case id="1-1017" name="Should_find_existing_default_application" fullname="EdFi.Ods.Admin.Tests.Services.DefaultApplicationCreatorTests+When_default_application_exists_for_vendor_and_sandbox_type_and_application_is_missing_an_LEA_association.Should_find_existing_default_application" methodname="Should_find_existing_default_application" classname="EdFi.Ods.Admin.Tests.Services.DefaultApplicationCreatorTests+When_default_application_exists_for_vendor_and_sandbox_type_and_application_is_missing_an_LEA_association" runstate="Runnable" result="Passed" duration="0.001856" asserts="0" />
              </test-suite>
            </test-suite>
          </test-suite>
        </test-suite>
      </test-suite>
    </test-suite>
  </test-suite>
  <test-suite type="Assembly" id="2-1029" name="D:\Projects\Ed-Fi-Alliance\Ed-Fi-ODS\Application\EdFi.Ods.Admin.Web.Tests\bin\Release\EdFi.Ods.Admin.Web.Tests.dll" fullname="D:\Projects\Ed-Fi-Alliance\Ed-Fi-ODS\Application\EdFi.Ods.Admin.Web.Tests\bin\Release\EdFi.Ods.Admin.Web.Tests.dll" runstate="Runnable" testcasecount="24" result="Failed" duration="528.130668" total="24" passed="0" failed="0" inconclusive="0" skipped="0" asserts="0" site="Child">
    <properties>
      <property name="_PID" value="27524" />
      <property name="_APPDOMAIN" value="domain-cb1eca74-EdFi.Ods.Admin.Web.Tests.dll" />
    </properties>
    <failure>
      <message><![CDATA[One or more child tests had errors]]></message>
    </failure>
    <test-suite type="Namespace" id="2-1030" name="EdFi" fullname="EdFi" runstate="Runnable" testcasecount="24" result="Failed" duration="528.118051" total="24" passed="0" failed="0" inconclusive="0" skipped="0" asserts="0" site="Child">
      <failure>
        <message><![CDATA[One or more child tests had errors]]></message>
      </failure>
      <test-suite type="Namespace" id="2-1031" name="Ods" fullname="EdFi.Ods" runstate="Runnable" testcasecount="24" result="Failed" duration="528.117700" total="24" passed="0" failed="0" inconclusive="0" skipped="0" asserts="0" site="Child">
        <failure>
          <message><![CDATA[One or more child tests had errors]]></message>
        </failure>
        <test-suite type="Namespace" id="2-1032" name="Admin" fullname="EdFi.Ods.Admin" runstate="Runnable" testcasecount="24" result="Failed" duration="528.117402" total="24" passed="0" failed="0" inconclusive="0" skipped="0" asserts="0" site="Child">
          <failure>
            <message><![CDATA[One or more child tests had errors]]></message>
          </failure>
          <test-suite type="Namespace" id="2-1033" name="Web" fullname="EdFi.Ods.Admin.Web" runstate="Runnable" testcasecount="24" result="Failed" duration="528.117072" total="24" passed="0" failed="0" inconclusive="0" skipped="0" asserts="0" site="Child">
            <failure>
              <message><![CDATA[One or more child tests had errors]]></message>
            </failure>
            <test-suite type="Namespace" id="2-1034" name="Tests" fullname="EdFi.Ods.Admin.Web.Tests" runstate="Runnable" testcasecount="24" result="Failed" duration="528.116752" total="24" passed="0" failed="0" inconclusive="0" skipped="0" asserts="0" site="Child">
              <failure>
                <message><![CDATA[One or more child tests had errors]]></message>
              </failure>
              <test-suite type="Namespace" id="2-1035" name="Features" fullname="EdFi.Ods.Admin.Web.Tests.Features" runstate="Runnable" testcasecount="24" result="Failed" duration="528.113037" total="24" passed="0" failed="0" inconclusive="0" skipped="0" asserts="0" site="Child">
                <failure>
                  <message><![CDATA[One or more child tests had errors]]></message>
                </failure>
                <test-suite type="TestFixture" id="2-1000" name="_01_CleanupFeature" fullname="EdFi.Ods.Admin.Web.Tests.Features._01_CleanupFeature" classname="EdFi.Ods.Admin.Web.Tests.Features._01_CleanupFeature" runstate="Runnable" testcasecount="2" result="Failed" duration="42.892097" total="2" passed="0" failed="0" inconclusive="0" skipped="0" asserts="0">
                  <properties>
                    <property name="_DESCRIPTION" value="01_Cleanup" />
                  </properties>
                  <failure>
                    <message><![CDATA[One or more child tests had errors]]></message>
                  </failure>
                  <test-case id="2-1002" name="CleanupEmail" fullname="EdFi.Ods.Admin.Web.Tests.Features._01_CleanupFeature.CleanupEmail" methodname="CleanupEmail" classname="EdFi.Ods.Admin.Web.Tests.Features._01_CleanupFeature" runstate="Runnable" result="Passed" duration="13.332933" asserts="0">
                    <properties>
                      <property name="_DESCRIPTION" value="Cleanup Email" />
                    </properties>
                  </test-case>
                  <test-case id="2-1001" name="RemoveZombieSandboxes" fullname="EdFi.Ods.Admin.Web.Tests.Features._01_CleanupFeature.RemoveZombieSandboxes" methodname="RemoveZombieSandboxes" classname="EdFi.Ods.Admin.Web.Tests.Features._01_CleanupFeature" runstate="Runnable" result="Failed" label="Error" duration="15.907095" asserts="0">
                    <properties>
                      <property name="_DESCRIPTION" value="Remove Zombie Sandboxes" />
                    </properties>
                    <failure>
                      <message><![CDATA[System.InvalidOperationException : No role found that has the name "Administrator".]]></message>
                      <stack-trace><![CDATA[   at WebMatrix.WebData.SimpleRoleProvider.GetRoleIdsFromNames(IDatabase db, String[] roleNames)
   at WebMatrix.WebData.SimpleRoleProvider.AddUsersToRoles(String[] usernames, String[] roleNames)
   at System.Web.Security.Roles.AddUserToRole(String username, String roleName)
   at EdFi.Ods.Admin.Web.Tests.Support.Account.AccountManager.CreateAccount(Account account) in D:\Projects\Ed-Fi-Alliance\Ed-Fi-ODS\Application\EdFi.Ods.Admin.Web.Tests\Support\Account\AccountManager.cs:line 57
   at TechTalk.SpecFlow.Bindings.BindingInvoker.InvokeBinding(IBinding binding, IContextManager contextManager, Object[] arguments, ITestTracer testTracer, TimeSpan& duration)
   at TechTalk.SpecFlow.Infrastructure.TestExecutionEngine.ExecuteStepMatch(BindingMatch match, Object[] arguments)
   at TechTalk.SpecFlow.Infrastructure.TestExecutionEngine.ExecuteStep(StepInstance stepInstance)
   at TechTalk.SpecFlow.Infrastructure.TestExecutionEngine.OnAfterLastStep()]]></stack-trace>
                    </failure>
                  </test-case>
                </test-suite>
                <test-suite type="TestFixture" id="2-1003" name="ClientApplicationsFeature" fullname="EdFi.Ods.Admin.Web.Tests.Features.ClientApplicationsFeature" classname="EdFi.Ods.Admin.Web.Tests.Features.ClientApplicationsFeature" runstate="Ignored" testcasecount="4" result="Skipped" label="Ignored" duration="0.003545" total="4" passed="0" failed="0" inconclusive="0" skipped="0" asserts="0">
                  <properties>
                    <property name="_DESCRIPTION" value="ClientApplications" />
                    <property name="_IGNOREREASON" value="" />
                  </properties>
                  <reason>
                    <message><![CDATA[]]></message>
                  </reason>
                  <test-case id="2-1005" name="AddADedicatedSandboxWithMinimalData" fullname="EdFi.Ods.Admin.Web.Tests.Features.ClientApplicationsFeature.AddADedicatedSandboxWithMinimalData" methodname="AddADedicatedSandboxWithMinimalData" classname="EdFi.Ods.Admin.Web.Tests.Features.ClientApplicationsFeature" runstate="Ignored" result="Skipped" label="Ignored" duration="0.000000" asserts="0">
                    <properties>
                      <property name="_DESCRIPTION" value="Add a dedicated sandbox with minimal data" />
                      <property name="_IGNOREREASON" value="" />
                    </properties>
                    <reason>
                      <message><![CDATA[]]></message>
                    </reason>
                  </test-case>
                  <test-case id="2-1004" name="AddADedicatedSandboxWithSampleData" fullname="EdFi.Ods.Admin.Web.Tests.Features.ClientApplicationsFeature.AddADedicatedSandboxWithSampleData" methodname="AddADedicatedSandboxWithSampleData" classname="EdFi.Ods.Admin.Web.Tests.Features.ClientApplicationsFeature" runstate="Ignored" result="Skipped" label="Ignored" duration="0.000000" asserts="0">
                    <properties>
                      <property name="_DESCRIPTION" value="Add a dedicated sandbox with sample data" />
                      <property name="_IGNOREREASON" value="" />
                    </properties>
                    <reason>
                      <message><![CDATA[]]></message>
                    </reason>
                  </test-case>
                  <test-case id="2-1006" name="AddAndDeleteASandboxWithSampleData" fullname="EdFi.Ods.Admin.Web.Tests.Features.ClientApplicationsFeature.AddAndDeleteASandboxWithSampleData" methodname="AddAndDeleteASandboxWithSampleData" classname="EdFi.Ods.Admin.Web.Tests.Features.ClientApplicationsFeature" runstate="Ignored" result="Skipped" label="Ignored" duration="0.000000" asserts="0">
                    <properties>
                      <property name="_DESCRIPTION" value="Add and Delete a sandbox with sample data" />
                      <property name="_IGNOREREASON" value="" />
                    </properties>
                    <reason>
                      <message><![CDATA[]]></message>
                    </reason>
                  </test-case>
                  <test-case id="2-1007" name="AddAndUpdateASandboxWithSampleData" fullname="EdFi.Ods.Admin.Web.Tests.Features.ClientApplicationsFeature.AddAndUpdateASandboxWithSampleData" methodname="AddAndUpdateASandboxWithSampleData" classname="EdFi.Ods.Admin.Web.Tests.Features.ClientApplicationsFeature" runstate="Ignored" result="Skipped" label="Ignored" duration="0.000000" asserts="0">
                    <properties>
                      <property name="_DESCRIPTION" value="Add and Update a sandbox with sample data" />
                      <property name="_IGNOREREASON" value="" />
                    </properties>
                    <reason>
                      <message><![CDATA[]]></message>
                    </reason>
                  </test-case>
                </test-suite>
                <test-suite type="TestFixture" id="2-1008" name="CreateAnAccountFeature" fullname="EdFi.Ods.Admin.Web.Tests.Features.CreateAnAccountFeature" classname="EdFi.Ods.Admin.Web.Tests.Features.CreateAnAccountFeature" runstate="Runnable" testcasecount="10" result="Failed" duration="242.060410" total="10" passed="0" failed="0" inconclusive="0" skipped="0" asserts="0">
                  <properties>
                    <property name="_DESCRIPTION" value="Create an account" />
                  </properties>
                  <failure>
                    <message><![CDATA[One or more child tests had errors]]></message>
                  </failure>
                  <test-case id="2-1013" name="AttemptToRecreateAnAccountThatHasAlreadyBeenActivated" fullname="EdFi.Ods.Admin.Web.Tests.Features.CreateAnAccountFeature.AttemptToRecreateAnAccountThatHasAlreadyBeenActivated" methodname="AttemptToRecreateAnAccountThatHasAlreadyBeenActivated" classname="EdFi.Ods.Admin.Web.Tests.Features.CreateAnAccountFeature" runstate="Runnable" result="Failed" label="Error" duration="29.150509" asserts="0">
                    <properties>
                      <property name="_DESCRIPTION" value="Attempt to recreate an account that has already been activated" />
                    </properties>
                    <failure>
                      <message><![CDATA[Coypu.MissingHtmlException : Unable to find css: #btn-showLogin]]></message>
                      <stack-trace><![CDATA[   at Coypu.Timing.RetryUntilTimeoutTimingStrategy.Synchronise[TResult](Query`1 query)
   at Coypu.SynchronisedElementScope.Try(DriverAction action)
   at Coypu.ElementScope.Click(Options options)
   at EdFi.Ods.Admin.Web.Tests.Pages.GlobalPages.LoginPage.Login(String email, String password) in D:\Projects\Ed-Fi-Alliance\Ed-Fi-ODS\Application\EdFi.Ods.Admin.Web.Tests\Pages\GlobalPages\LoginPage.cs:line 26
   at EdFi.Ods.Admin.Web.Tests.Steps.AccountSteps.WhenILogInWithEmailAndPassword(String email, String password) in D:\Projects\Ed-Fi-Alliance\Ed-Fi-ODS\Application\EdFi.Ods.Admin.Web.Tests\Steps\AccountSteps.cs:line 76
   at EdFi.Ods.Admin.Web.Tests.Steps.AccountSteps.WhenILogInSuccessfullyWithEmailAndPassword(String email, String password) in D:\Projects\Ed-Fi-Alliance\Ed-Fi-ODS\Application\EdFi.Ods.Admin.Web.Tests\Steps\AccountSteps.cs:line 65
   at TechTalk.SpecFlow.Bindings.BindingInvoker.InvokeBinding(IBinding binding, IContextManager contextManager, Object[] arguments, ITestTracer testTracer, TimeSpan& duration)
   at TechTalk.SpecFlow.Infrastructure.TestExecutionEngine.ExecuteStepMatch(BindingMatch match, Object[] arguments)
   at TechTalk.SpecFlow.Infrastructure.TestExecutionEngine.ExecuteStep(StepInstance stepInstance)
   at TechTalk.SpecFlow.Infrastructure.TestExecutionEngine.OnAfterLastStep()]]></stack-trace>
                    </failure>
                  </test-case>
                  <test-case id="2-1012" name="CreateAnAccountTwiceWithoutActivation" fullname="EdFi.Ods.Admin.Web.Tests.Features.CreateAnAccountFeature.CreateAnAccountTwiceWithoutActivation" methodname="CreateAnAccountTwiceWithoutActivation" classname="EdFi.Ods.Admin.Web.Tests.Features.CreateAnAccountFeature" runstate="Runnable" result="Failed" label="Error" duration="28.426883" asserts="0">
                    <properties>
                      <property name="_DESCRIPTION" value="Create an account twice without activation" />
                    </properties>
                    <failure>
                      <message><![CDATA[Coypu.MissingHtmlException : Unable to find css: #btn-showLogin]]></message>
                      <stack-trace><![CDATA[   at Coypu.Timing.RetryUntilTimeoutTimingStrategy.Synchronise[TResult](Query`1 query)
   at Coypu.SynchronisedElementScope.Try(DriverAction action)
   at Coypu.ElementScope.Click(Options options)
   at EdFi.Ods.Admin.Web.Tests.Pages.GlobalPages.LoginPage.Login(String email, String password) in D:\Projects\Ed-Fi-Alliance\Ed-Fi-ODS\Application\EdFi.Ods.Admin.Web.Tests\Pages\GlobalPages\LoginPage.cs:line 26
   at EdFi.Ods.Admin.Web.Tests.Steps.AccountSteps.WhenILogInWithEmailAndPassword(String email, String password) in D:\Projects\Ed-Fi-Alliance\Ed-Fi-ODS\Application\EdFi.Ods.Admin.Web.Tests\Steps\AccountSteps.cs:line 76
   at EdFi.Ods.Admin.Web.Tests.Steps.AccountSteps.WhenILogInSuccessfullyWithEmailAndPassword(String email, String password) in D:\Projects\Ed-Fi-Alliance\Ed-Fi-ODS\Application\EdFi.Ods.Admin.Web.Tests\Steps\AccountSteps.cs:line 65
   at TechTalk.SpecFlow.Bindings.BindingInvoker.InvokeBinding(IBinding binding, IContextManager contextManager, Object[] arguments, ITestTracer testTracer, TimeSpan& duration)
   at TechTalk.SpecFlow.Infrastructure.TestExecutionEngine.ExecuteStepMatch(BindingMatch match, Object[] arguments)
   at TechTalk.SpecFlow.Infrastructure.TestExecutionEngine.ExecuteStep(StepInstance stepInstance)
   at TechTalk.SpecFlow.Infrastructure.TestExecutionEngine.OnAfterLastStep()]]></stack-trace>
                    </failure>
                  </test-case>
                  <test-case id="2-1009" name="CreateAnAccountWithoutLoggingIn" fullname="EdFi.Ods.Admin.Web.Tests.Features.CreateAnAccountFeature.CreateAnAccountWithoutLoggingIn" methodname="CreateAnAccountWithoutLoggingIn" classname="EdFi.Ods.Admin.Web.Tests.Features.CreateAnAccountFeature" runstate="Runnable" result="Failed" label="Error" duration="30.576765" asserts="0">
                    <properties>
                      <property name="_DESCRIPTION" value="Create an account without logging in" />
                    </properties>
                    <failure>
                      <message><![CDATA[Coypu.MissingHtmlException : Unable to find css: #main-content]]></message>
                      <stack-trace><![CDATA[   at Coypu.Timing.RetryUntilTimeoutTimingStrategy.Synchronise[TResult](Query`1 query)
   at lambda_method(Closure , IContextManager , String )
   at TechTalk.SpecFlow.Bindings.BindingInvoker.InvokeBinding(IBinding binding, IContextManager contextManager, Object[] arguments, ITestTracer testTracer, TimeSpan& duration)
   at TechTalk.SpecFlow.Infrastructure.TestExecutionEngine.ExecuteStepMatch(BindingMatch match, Object[] arguments)
   at TechTalk.SpecFlow.Infrastructure.TestExecutionEngine.ExecuteStep(StepInstance stepInstance)
   at TechTalk.SpecFlow.Infrastructure.TestExecutionEngine.OnAfterLastStep()]]></stack-trace>
                    </failure>
                  </test-case>
                  <test-case id="2-1017" name="FullAccountCreationCycle" fullname="EdFi.Ods.Admin.Web.Tests.Features.CreateAnAccountFeature.FullAccountCreationCycle" methodname="FullAccountCreationCycle" classname="EdFi.Ods.Admin.Web.Tests.Features.CreateAnAccountFeature" runstate="Ignored" result="Skipped" label="Ignored" duration="0.000750" asserts="0">
                    <properties>
                      <property name="_DESCRIPTION" value="Full Account Creation Cycle" />
                      <property name="_IGNOREREASON" value="" />
                    </properties>
                    <reason>
                      <message><![CDATA[]]></message>
                    </reason>
                  </test-case>
                  <test-case id="2-1010" name="Login" fullname="EdFi.Ods.Admin.Web.Tests.Features.CreateAnAccountFeature.Login" methodname="Login" classname="EdFi.Ods.Admin.Web.Tests.Features.CreateAnAccountFeature" runstate="Runnable" result="Failed" label="Error" duration="30.493417" asserts="0">
                    <properties>
                      <property name="_DESCRIPTION" value="Login" />
                    </properties>
                    <failure>
                      <message><![CDATA[Coypu.MissingHtmlException : Unable to find css: #btn-showLogin]]></message>
                      <stack-trace><![CDATA[   at Coypu.Timing.RetryUntilTimeoutTimingStrategy.Synchronise[TResult](Query`1 query)
   at Coypu.SynchronisedElementScope.Try(DriverAction action)
   at Coypu.ElementScope.Click(Options options)
   at EdFi.Ods.Admin.Web.Tests.Pages.GlobalPages.LoginPage.Login(String email, String password) in D:\Projects\Ed-Fi-Alliance\Ed-Fi-ODS\Application\EdFi.Ods.Admin.Web.Tests\Pages\GlobalPages\LoginPage.cs:line 26
   at EdFi.Ods.Admin.Web.Tests.Steps.AccountSteps.WhenILogInWithEmailAndPassword(String email, String password) in D:\Projects\Ed-Fi-Alliance\Ed-Fi-ODS\Application\EdFi.Ods.Admin.Web.Tests\Steps\AccountSteps.cs:line 76
   at TechTalk.SpecFlow.Bindings.BindingInvoker.InvokeBinding(IBinding binding, IContextManager contextManager, Object[] arguments, ITestTracer testTracer, TimeSpan& duration)
   at TechTalk.SpecFlow.Infrastructure.TestExecutionEngine.ExecuteStepMatch(BindingMatch match, Object[] arguments)
   at TechTalk.SpecFlow.Infrastructure.TestExecutionEngine.ExecuteStep(StepInstance stepInstance)
   at TechTalk.SpecFlow.Infrastructure.TestExecutionEngine.OnAfterLastStep()]]></stack-trace>
                    </failure>
                  </test-case>
                  <test-case id="2-1011" name="LoginAsAdministrator" fullname="EdFi.Ods.Admin.Web.Tests.Features.CreateAnAccountFeature.LoginAsAdministrator" methodname="LoginAsAdministrator" classname="EdFi.Ods.Admin.Web.Tests.Features.CreateAnAccountFeature" runstate="Runnable" result="Failed" label="Error" duration="12.164044" asserts="0">
                    <properties>
                      <property name="_DESCRIPTION" value="Login as Administrator" />
                    </properties>
                    <failure>
                      <message><![CDATA[System.InvalidOperationException : No role found that has the name "Administrator".]]></message>
                      <stack-trace><![CDATA[   at WebMatrix.WebData.SimpleRoleProvider.GetRoleIdsFromNames(IDatabase db, String[] roleNames)
   at WebMatrix.WebData.SimpleRoleProvider.AddUsersToRoles(String[] usernames, String[] roleNames)
   at System.Web.Security.Roles.AddUserToRole(String username, String roleName)
   at EdFi.Ods.Admin.Web.Tests.Support.Account.AccountManager.CreateAccount(Account account) in D:\Projects\Ed-Fi-Alliance\Ed-Fi-ODS\Application\EdFi.Ods.Admin.Web.Tests\Support\Account\AccountManager.cs:line 57
   at TechTalk.SpecFlow.Bindings.BindingInvoker.InvokeBinding(IBinding binding, IContextManager contextManager, Object[] arguments, ITestTracer testTracer, TimeSpan& duration)
   at TechTalk.SpecFlow.Infrastructure.TestExecutionEngine.ExecuteStepMatch(BindingMatch match, Object[] arguments)
   at TechTalk.SpecFlow.Infrastructure.TestExecutionEngine.ExecuteStep(StepInstance stepInstance)
   at TechTalk.SpecFlow.Infrastructure.TestExecutionEngine.OnAfterLastStep()]]></stack-trace>
                    </failure>
                  </test-case>
                  <test-case id="2-1015" name="ResendingAccountActivationForAnAlreadyActivatedAccount" fullname="EdFi.Ods.Admin.Web.Tests.Features.CreateAnAccountFeature.ResendingAccountActivationForAnAlreadyActivatedAccount" methodname="ResendingAccountActivationForAnAlreadyActivatedAccount" classname="EdFi.Ods.Admin.Web.Tests.Features.CreateAnAccountFeature" runstate="Runnable" result="Failed" label="Error" duration="27.891737" asserts="0">
                    <properties>
                      <property name="_DESCRIPTION" value="Resending account activation for an already activated account" />
                    </properties>
                    <failure>
                      <message><![CDATA[Coypu.MissingHtmlException : Unable to find css: #btn-showLogin]]></message>
                      <stack-trace><![CDATA[   at Coypu.Timing.RetryUntilTimeoutTimingStrategy.Synchronise[TResult](Query`1 query)
   at Coypu.SynchronisedElementScope.Try(DriverAction action)
   at Coypu.ElementScope.Click(Options options)
   at EdFi.Ods.Admin.Web.Tests.Pages.GlobalPages.LoginPage.Login(String email, String password) in D:\Projects\Ed-Fi-Alliance\Ed-Fi-ODS\Application\EdFi.Ods.Admin.Web.Tests\Pages\GlobalPages\LoginPage.cs:line 26
   at EdFi.Ods.Admin.Web.Tests.Steps.AccountSteps.WhenILogInWithEmailAndPassword(String email, String password) in D:\Projects\Ed-Fi-Alliance\Ed-Fi-ODS\Application\EdFi.Ods.Admin.Web.Tests\Steps\AccountSteps.cs:line 76
   at EdFi.Ods.Admin.Web.Tests.Steps.AccountSteps.WhenILogInSuccessfullyWithEmailAndPassword(String email, String password) in D:\Projects\Ed-Fi-Alliance\Ed-Fi-ODS\Application\EdFi.Ods.Admin.Web.Tests\Steps\AccountSteps.cs:line 65
   at TechTalk.SpecFlow.Bindings.BindingInvoker.InvokeBinding(IBinding binding, IContextManager contextManager, Object[] arguments, ITestTracer testTracer, TimeSpan& duration)
   at TechTalk.SpecFlow.Infrastructure.TestExecutionEngine.ExecuteStepMatch(BindingMatch match, Object[] arguments)
   at TechTalk.SpecFlow.Infrastructure.TestExecutionEngine.ExecuteStep(StepInstance stepInstance)
   at TechTalk.SpecFlow.Infrastructure.TestExecutionEngine.OnAfterLastStep()]]></stack-trace>
                    </failure>
                  </test-case>
                  <test-case id="2-1014" name="ResendingAccountActivationForAnUnactivatedAccount" fullname="EdFi.Ods.Admin.Web.Tests.Features.CreateAnAccountFeature.ResendingAccountActivationForAnUnactivatedAccount" methodname="ResendingAccountActivationForAnUnactivatedAccount" classname="EdFi.Ods.Admin.Web.Tests.Features.CreateAnAccountFeature" runstate="Runnable" result="Failed" label="Error" duration="28.048754" asserts="0">
                    <properties>
                      <property name="_DESCRIPTION" value="Resending account activation for an unactivated account" />
                    </properties>
                    <failure>
                      <message><![CDATA[Coypu.MissingHtmlException : Unable to find css: #btn-showLogin]]></message>
                      <stack-trace><![CDATA[   at Coypu.Timing.RetryUntilTimeoutTimingStrategy.Synchronise[TResult](Query`1 query)
   at Coypu.SynchronisedElementScope.Try(DriverAction action)
   at Coypu.ElementScope.Click(Options options)
   at EdFi.Ods.Admin.Web.Tests.Pages.GlobalPages.LoginPage.Login(String email, String password) in D:\Projects\Ed-Fi-Alliance\Ed-Fi-ODS\Application\EdFi.Ods.Admin.Web.Tests\Pages\GlobalPages\LoginPage.cs:line 26
   at EdFi.Ods.Admin.Web.Tests.Steps.AccountSteps.WhenILogInWithEmailAndPassword(String email, String password) in D:\Projects\Ed-Fi-Alliance\Ed-Fi-ODS\Application\EdFi.Ods.Admin.Web.Tests\Steps\AccountSteps.cs:line 76
   at EdFi.Ods.Admin.Web.Tests.Steps.AccountSteps.WhenILogInSuccessfullyWithEmailAndPassword(String email, String password) in D:\Projects\Ed-Fi-Alliance\Ed-Fi-ODS\Application\EdFi.Ods.Admin.Web.Tests\Steps\AccountSteps.cs:line 65
   at TechTalk.SpecFlow.Bindings.BindingInvoker.InvokeBinding(IBinding binding, IContextManager contextManager, Object[] arguments, ITestTracer testTracer, TimeSpan& duration)
   at TechTalk.SpecFlow.Infrastructure.TestExecutionEngine.ExecuteStepMatch(BindingMatch match, Object[] arguments)
   at TechTalk.SpecFlow.Infrastructure.TestExecutionEngine.ExecuteStep(StepInstance stepInstance)
   at TechTalk.SpecFlow.Infrastructure.TestExecutionEngine.OnAfterLastStep()]]></stack-trace>
                    </failure>
                  </test-case>
                  <test-case id="2-1016" name="ResendingAccountActivationForNonexistentAccount" fullname="EdFi.Ods.Admin.Web.Tests.Features.CreateAnAccountFeature.ResendingAccountActivationForNonexistentAccount" methodname="ResendingAccountActivationForNonexistentAccount" classname="EdFi.Ods.Admin.Web.Tests.Features.CreateAnAccountFeature" runstate="Runnable" result="Failed" label="Error" duration="27.779855" asserts="0">
                    <properties>
                      <property name="_DESCRIPTION" value="Resending account activation for nonexistent account" />
                    </properties>
                    <failure>
                      <message><![CDATA[Coypu.MissingHtmlException : Unable to find css: #btn-showLogin]]></message>
                      <stack-trace><![CDATA[   at Coypu.Timing.RetryUntilTimeoutTimingStrategy.Synchronise[TResult](Query`1 query)
   at Coypu.SynchronisedElementScope.Try(DriverAction action)
   at Coypu.ElementScope.Click(Options options)
   at EdFi.Ods.Admin.Web.Tests.Pages.GlobalPages.LoginPage.Login(String email, String password) in D:\Projects\Ed-Fi-Alliance\Ed-Fi-ODS\Application\EdFi.Ods.Admin.Web.Tests\Pages\GlobalPages\LoginPage.cs:line 26
   at EdFi.Ods.Admin.Web.Tests.Steps.AccountSteps.WhenILogInWithEmailAndPassword(String email, String password) in D:\Projects\Ed-Fi-Alliance\Ed-Fi-ODS\Application\EdFi.Ods.Admin.Web.Tests\Steps\AccountSteps.cs:line 76
   at EdFi.Ods.Admin.Web.Tests.Steps.AccountSteps.WhenILogInSuccessfullyWithEmailAndPassword(String email, String password) in D:\Projects\Ed-Fi-Alliance\Ed-Fi-ODS\Application\EdFi.Ods.Admin.Web.Tests\Steps\AccountSteps.cs:line 65
   at TechTalk.SpecFlow.Bindings.BindingInvoker.InvokeBinding(IBinding binding, IContextManager contextManager, Object[] arguments, ITestTracer testTracer, TimeSpan& duration)
   at TechTalk.SpecFlow.Infrastructure.TestExecutionEngine.ExecuteStepMatch(BindingMatch match, Object[] arguments)
   at TechTalk.SpecFlow.Infrastructure.TestExecutionEngine.ExecuteStep(StepInstance stepInstance)
   at TechTalk.SpecFlow.Infrastructure.TestExecutionEngine.OnAfterLastStep()]]></stack-trace>
                    </failure>
                  </test-case>
                  <test-case id="2-1018" name="UseAccountActivationTwice" fullname="EdFi.Ods.Admin.Web.Tests.Features.CreateAnAccountFeature.UseAccountActivationTwice" methodname="UseAccountActivationTwice" classname="EdFi.Ods.Admin.Web.Tests.Features.CreateAnAccountFeature" runstate="Runnable" result="Failed" label="Error" duration="27.511486" asserts="0">
                    <properties>
                      <property name="_DESCRIPTION" value="Use Account Activation Twice" />
                    </properties>
                    <failure>
                      <message><![CDATA[Coypu.MissingHtmlException : Unable to find css: #btn-showLogin]]></message>
                      <stack-trace><![CDATA[   at Coypu.Timing.RetryUntilTimeoutTimingStrategy.Synchronise[TResult](Query`1 query)
   at Coypu.SynchronisedElementScope.Try(DriverAction action)
   at Coypu.ElementScope.Click(Options options)
   at EdFi.Ods.Admin.Web.Tests.Pages.GlobalPages.LoginPage.Login(String email, String password) in D:\Projects\Ed-Fi-Alliance\Ed-Fi-ODS\Application\EdFi.Ods.Admin.Web.Tests\Pages\GlobalPages\LoginPage.cs:line 26
   at EdFi.Ods.Admin.Web.Tests.Steps.AccountSteps.WhenILogInWithEmailAndPassword(String email, String password) in D:\Projects\Ed-Fi-Alliance\Ed-Fi-ODS\Application\EdFi.Ods.Admin.Web.Tests\Steps\AccountSteps.cs:line 76
   at EdFi.Ods.Admin.Web.Tests.Steps.AccountSteps.WhenILogInSuccessfullyWithEmailAndPassword(String email, String password) in D:\Projects\Ed-Fi-Alliance\Ed-Fi-ODS\Application\EdFi.Ods.Admin.Web.Tests\Steps\AccountSteps.cs:line 65
   at TechTalk.SpecFlow.Bindings.BindingInvoker.InvokeBinding(IBinding binding, IContextManager contextManager, Object[] arguments, ITestTracer testTracer, TimeSpan& duration)
   at TechTalk.SpecFlow.Infrastructure.TestExecutionEngine.ExecuteStepMatch(BindingMatch match, Object[] arguments)
   at TechTalk.SpecFlow.Infrastructure.TestExecutionEngine.ExecuteStep(StepInstance stepInstance)
   at TechTalk.SpecFlow.Infrastructure.TestExecutionEngine.OnAfterLastStep()]]></stack-trace>
                    </failure>
                  </test-case>
                </test-suite>
                <test-suite type="TestFixture" id="2-1019" name="ForgotPasswordFeature" fullname="EdFi.Ods.Admin.Web.Tests.Features.ForgotPasswordFeature" classname="EdFi.Ods.Admin.Web.Tests.Features.ForgotPasswordFeature" runstate="Runnable" testcasecount="1" result="Failed" duration="30.234251" total="1" passed="0" failed="0" inconclusive="0" skipped="0" asserts="0">
                  <properties>
                    <property name="_DESCRIPTION" value="ForgotPassword" />
                  </properties>
                  <failure>
                    <message><![CDATA[One or more child tests had errors]]></message>
                  </failure>
                  <test-case id="2-1020" name="ForgotPasswordSoResetPassword" fullname="EdFi.Ods.Admin.Web.Tests.Features.ForgotPasswordFeature.ForgotPasswordSoResetPassword" methodname="ForgotPasswordSoResetPassword" classname="EdFi.Ods.Admin.Web.Tests.Features.ForgotPasswordFeature" runstate="Runnable" result="Failed" label="Error" duration="30.233164" asserts="0">
                    <properties>
                      <property name="_DESCRIPTION" value="Forgot Password so Reset Password" />
                    </properties>
                    <failure>
                      <message><![CDATA[Coypu.MissingHtmlException : Unable to find css: #input-forgot-password-email]]></message>
                      <stack-trace><![CDATA[   at Coypu.Timing.RetryUntilTimeoutTimingStrategy.Synchronise[TResult](Query`1 query)
   at Coypu.SynchronisedElementScope.Try(DriverAction action)
   at Coypu.ElementScope.FillInWith(String value, Options options)
   at EdFi.Ods.Admin.Web.Tests.Pages.ForgotPasswordPage.SendEmail(String email) in D:\Projects\Ed-Fi-Alliance\Ed-Fi-ODS\Application\EdFi.Ods.Admin.Web.Tests\Pages\ForgotPasswordPage.cs:line 21
   at lambda_method(Closure , IContextManager , String )
   at TechTalk.SpecFlow.Bindings.BindingInvoker.InvokeBinding(IBinding binding, IContextManager contextManager, Object[] arguments, ITestTracer testTracer, TimeSpan& duration)
   at TechTalk.SpecFlow.Infrastructure.TestExecutionEngine.ExecuteStepMatch(BindingMatch match, Object[] arguments)
   at TechTalk.SpecFlow.Infrastructure.TestExecutionEngine.ExecuteStep(StepInstance stepInstance)
   at TechTalk.SpecFlow.Infrastructure.TestExecutionEngine.OnAfterLastStep()]]></stack-trace>
                    </failure>
                  </test-case>
                </test-suite>
                <test-suite type="TestFixture" id="2-1021" name="PasswordChangeFeature" fullname="EdFi.Ods.Admin.Web.Tests.Features.PasswordChangeFeature" classname="EdFi.Ods.Admin.Web.Tests.Features.PasswordChangeFeature" runstate="Runnable" testcasecount="7" result="Failed" duration="212.914288" total="7" passed="0" failed="0" inconclusive="0" skipped="0" asserts="0">
                  <properties>
                    <property name="_DESCRIPTION" value="Password Change" />
                  </properties>
                  <failure>
                    <message><![CDATA[One or more child tests had errors]]></message>
                  </failure>
                  <test-case id="2-1022" name="ChangePassword" fullname="EdFi.Ods.Admin.Web.Tests.Features.PasswordChangeFeature.ChangePassword" methodname="ChangePassword" classname="EdFi.Ods.Admin.Web.Tests.Features.PasswordChangeFeature" runstate="Runnable" result="Failed" label="Error" duration="30.464350" asserts="0">
                    <properties>
                      <property name="_DESCRIPTION" value="Change Password" />
                    </properties>
                    <failure>
                      <message><![CDATA[Coypu.MissingHtmlException : Unable to find css: #btn-showLogin]]></message>
                      <stack-trace><![CDATA[   at Coypu.Timing.RetryUntilTimeoutTimingStrategy.Synchronise[TResult](Query`1 query)
   at Coypu.SynchronisedElementScope.Try(DriverAction action)
   at Coypu.ElementScope.Click(Options options)
   at EdFi.Ods.Admin.Web.Tests.Pages.GlobalPages.LoginPage.Login(String email, String password) in D:\Projects\Ed-Fi-Alliance\Ed-Fi-ODS\Application\EdFi.Ods.Admin.Web.Tests\Pages\GlobalPages\LoginPage.cs:line 26
   at EdFi.Ods.Admin.Web.Tests.Steps.AccountSteps.WhenILogInWithEmailAndPassword(String email, String password) in D:\Projects\Ed-Fi-Alliance\Ed-Fi-ODS\Application\EdFi.Ods.Admin.Web.Tests\Steps\AccountSteps.cs:line 76
   at TechTalk.SpecFlow.Bindings.BindingInvoker.InvokeBinding(IBinding binding, IContextManager contextManager, Object[] arguments, ITestTracer testTracer, TimeSpan& duration)
   at TechTalk.SpecFlow.Infrastructure.TestExecutionEngine.ExecuteStepMatch(BindingMatch match, Object[] arguments)
   at TechTalk.SpecFlow.Infrastructure.TestExecutionEngine.ExecuteStep(StepInstance stepInstance)
   at TechTalk.SpecFlow.Infrastructure.TestExecutionEngine.OnAfterLastStep()]]></stack-trace>
                    </failure>
                  </test-case>
                  <test-case id="2-1028" name="PasswordChangingNeedsCorrectCurrentPassword" fullname="EdFi.Ods.Admin.Web.Tests.Features.PasswordChangeFeature.PasswordChangingNeedsCorrectCurrentPassword" methodname="PasswordChangingNeedsCorrectCurrentPassword" classname="EdFi.Ods.Admin.Web.Tests.Features.PasswordChangeFeature" runstate="Runnable" result="Failed" label="Error" duration="30.532672" asserts="0">
                    <properties>
                      <property name="_DESCRIPTION" value="Password Changing Needs Correct Current Password" />
                    </properties>
                    <failure>
                      <message><![CDATA[Coypu.MissingHtmlException : Unable to find css: #btn-showLogin]]></message>
                      <stack-trace><![CDATA[   at Coypu.Timing.RetryUntilTimeoutTimingStrategy.Synchronise[TResult](Query`1 query)
   at Coypu.SynchronisedElementScope.Try(DriverAction action)
   at Coypu.ElementScope.Click(Options options)
   at EdFi.Ods.Admin.Web.Tests.Pages.GlobalPages.LoginPage.Login(String email, String password) in D:\Projects\Ed-Fi-Alliance\Ed-Fi-ODS\Application\EdFi.Ods.Admin.Web.Tests\Pages\GlobalPages\LoginPage.cs:line 26
   at EdFi.Ods.Admin.Web.Tests.Steps.AccountSteps.WhenILogInWithEmailAndPassword(String email, String password) in D:\Projects\Ed-Fi-Alliance\Ed-Fi-ODS\Application\EdFi.Ods.Admin.Web.Tests\Steps\AccountSteps.cs:line 76
   at TechTalk.SpecFlow.Bindings.BindingInvoker.InvokeBinding(IBinding binding, IContextManager contextManager, Object[] arguments, ITestTracer testTracer, TimeSpan& duration)
   at TechTalk.SpecFlow.Infrastructure.TestExecutionEngine.ExecuteStepMatch(BindingMatch match, Object[] arguments)
   at TechTalk.SpecFlow.Infrastructure.TestExecutionEngine.ExecuteStep(StepInstance stepInstance)
   at TechTalk.SpecFlow.Infrastructure.TestExecutionEngine.OnAfterLastStep()]]></stack-trace>
                    </failure>
                  </test-case>
                  <test-case id="2-1023" name="PasswordChangingNeedsCurrentPassword" fullname="EdFi.Ods.Admin.Web.Tests.Features.PasswordChangeFeature.PasswordChangingNeedsCurrentPassword" methodname="PasswordChangingNeedsCurrentPassword" classname="EdFi.Ods.Admin.Web.Tests.Features.PasswordChangeFeature" runstate="Runnable" result="Failed" label="Error" duration="30.289342" asserts="0">
                    <properties>
                      <property name="_DESCRIPTION" value="Password Changing Needs Current Password" />
                    </properties>
                    <failure>
                      <message><![CDATA[Coypu.MissingHtmlException : Unable to find css: #btn-showLogin]]></message>
                      <stack-trace><![CDATA[   at Coypu.Timing.RetryUntilTimeoutTimingStrategy.Synchronise[TResult](Query`1 query)
   at Coypu.SynchronisedElementScope.Try(DriverAction action)
   at Coypu.ElementScope.Click(Options options)
   at EdFi.Ods.Admin.Web.Tests.Pages.GlobalPages.LoginPage.Login(String email, String password) in D:\Projects\Ed-Fi-Alliance\Ed-Fi-ODS\Application\EdFi.Ods.Admin.Web.Tests\Pages\GlobalPages\LoginPage.cs:line 26
   at EdFi.Ods.Admin.Web.Tests.Steps.AccountSteps.WhenILogInWithEmailAndPassword(String email, String password) in D:\Projects\Ed-Fi-Alliance\Ed-Fi-ODS\Application\EdFi.Ods.Admin.Web.Tests\Steps\AccountSteps.cs:line 76
   at TechTalk.SpecFlow.Bindings.BindingInvoker.InvokeBinding(IBinding binding, IContextManager contextManager, Object[] arguments, ITestTracer testTracer, TimeSpan& duration)
   at TechTalk.SpecFlow.Infrastructure.TestExecutionEngine.ExecuteStepMatch(BindingMatch match, Object[] arguments)
   at TechTalk.SpecFlow.Infrastructure.TestExecutionEngine.ExecuteStep(StepInstance stepInstance)
   at TechTalk.SpecFlow.Infrastructure.TestExecutionEngine.OnAfterLastStep()]]></stack-trace>
                    </failure>
                  </test-case>
                  <test-case id="2-1024" name="PasswordChangingNeedsNewPassword" fullname="EdFi.Ods.Admin.Web.Tests.Features.PasswordChangeFeature.PasswordChangingNeedsNewPassword" methodname="PasswordChangingNeedsNewPassword" classname="EdFi.Ods.Admin.Web.Tests.Features.PasswordChangeFeature" runstate="Runnable" result="Failed" label="Error" duration="30.511363" asserts="0">
                    <properties>
                      <property name="_DESCRIPTION" value="Password Changing Needs New Password" />
                    </properties>
                    <failure>
                      <message><![CDATA[Coypu.MissingHtmlException : Unable to find css: #btn-showLogin]]></message>
                      <stack-trace><![CDATA[   at Coypu.Timing.RetryUntilTimeoutTimingStrategy.Synchronise[TResult](Query`1 query)
   at Coypu.SynchronisedElementScope.Try(DriverAction action)
   at Coypu.ElementScope.Click(Options options)
   at EdFi.Ods.Admin.Web.Tests.Pages.GlobalPages.LoginPage.Login(String email, String password) in D:\Projects\Ed-Fi-Alliance\Ed-Fi-ODS\Application\EdFi.Ods.Admin.Web.Tests\Pages\GlobalPages\LoginPage.cs:line 26
   at EdFi.Ods.Admin.Web.Tests.Steps.AccountSteps.WhenILogInWithEmailAndPassword(String email, String password) in D:\Projects\Ed-Fi-Alliance\Ed-Fi-ODS\Application\EdFi.Ods.Admin.Web.Tests\Steps\AccountSteps.cs:line 76
   at TechTalk.SpecFlow.Bindings.BindingInvoker.InvokeBinding(IBinding binding, IContextManager contextManager, Object[] arguments, ITestTracer testTracer, TimeSpan& duration)
   at TechTalk.SpecFlow.Infrastructure.TestExecutionEngine.ExecuteStepMatch(BindingMatch match, Object[] arguments)
   at TechTalk.SpecFlow.Infrastructure.TestExecutionEngine.ExecuteStep(StepInstance stepInstance)
   at TechTalk.SpecFlow.Infrastructure.TestExecutionEngine.OnAfterLastStep()]]></stack-trace>
                    </failure>
                  </test-case>
                  <test-case id="2-1026" name="PasswordChangingNeedsNewPasswordsToMatch" fullname="EdFi.Ods.Admin.Web.Tests.Features.PasswordChangeFeature.PasswordChangingNeedsNewPasswordsToMatch" methodname="PasswordChangingNeedsNewPasswordsToMatch" classname="EdFi.Ods.Admin.Web.Tests.Features.PasswordChangeFeature" runstate="Runnable" result="Failed" label="Error" duration="30.212632" asserts="0">
                    <properties>
                      <property name="_DESCRIPTION" value="Password Changing Needs New passwords to match" />
                    </properties>
                    <failure>
                      <message><![CDATA[Coypu.MissingHtmlException : Unable to find css: #btn-showLogin]]></message>
                      <stack-trace><![CDATA[   at Coypu.Timing.RetryUntilTimeoutTimingStrategy.Synchronise[TResult](Query`1 query)
   at Coypu.SynchronisedElementScope.Try(DriverAction action)
   at Coypu.ElementScope.Click(Options options)
   at EdFi.Ods.Admin.Web.Tests.Pages.GlobalPages.LoginPage.Login(String email, String password) in D:\Projects\Ed-Fi-Alliance\Ed-Fi-ODS\Application\EdFi.Ods.Admin.Web.Tests\Pages\GlobalPages\LoginPage.cs:line 26
   at EdFi.Ods.Admin.Web.Tests.Steps.AccountSteps.WhenILogInWithEmailAndPassword(String email, String password) in D:\Projects\Ed-Fi-Alliance\Ed-Fi-ODS\Application\EdFi.Ods.Admin.Web.Tests\Steps\AccountSteps.cs:line 76
   at TechTalk.SpecFlow.Bindings.BindingInvoker.InvokeBinding(IBinding binding, IContextManager contextManager, Object[] arguments, ITestTracer testTracer, TimeSpan& duration)
   at TechTalk.SpecFlow.Infrastructure.TestExecutionEngine.ExecuteStepMatch(BindingMatch match, Object[] arguments)
   at TechTalk.SpecFlow.Infrastructure.TestExecutionEngine.ExecuteStep(StepInstance stepInstance)
   at TechTalk.SpecFlow.Infrastructure.TestExecutionEngine.OnAfterLastStep()]]></stack-trace>
                    </failure>
                  </test-case>
                  <test-case id="2-1027" name="PasswordChangingNeedsNewPasswordToBeValid" fullname="EdFi.Ods.Admin.Web.Tests.Features.PasswordChangeFeature.PasswordChangingNeedsNewPasswordToBeValid" methodname="PasswordChangingNeedsNewPasswordToBeValid" classname="EdFi.Ods.Admin.Web.Tests.Features.PasswordChangeFeature" runstate="Runnable" result="Failed" label="Error" duration="30.421782" asserts="0">
                    <properties>
                      <property name="_DESCRIPTION" value="Password Changing Needs New Password to be valid" />
                    </properties>
                    <failure>
                      <message><![CDATA[Coypu.MissingHtmlException : Unable to find css: #btn-showLogin]]></message>
                      <stack-trace><![CDATA[   at Coypu.Timing.RetryUntilTimeoutTimingStrategy.Synchronise[TResult](Query`1 query)
   at Coypu.SynchronisedElementScope.Try(DriverAction action)
   at Coypu.ElementScope.Click(Options options)
   at EdFi.Ods.Admin.Web.Tests.Pages.GlobalPages.LoginPage.Login(String email, String password) in D:\Projects\Ed-Fi-Alliance\Ed-Fi-ODS\Application\EdFi.Ods.Admin.Web.Tests\Pages\GlobalPages\LoginPage.cs:line 26
   at EdFi.Ods.Admin.Web.Tests.Steps.AccountSteps.WhenILogInWithEmailAndPassword(String email, String password) in D:\Projects\Ed-Fi-Alliance\Ed-Fi-ODS\Application\EdFi.Ods.Admin.Web.Tests\Steps\AccountSteps.cs:line 76
   at TechTalk.SpecFlow.Bindings.BindingInvoker.InvokeBinding(IBinding binding, IContextManager contextManager, Object[] arguments, ITestTracer testTracer, TimeSpan& duration)
   at TechTalk.SpecFlow.Infrastructure.TestExecutionEngine.ExecuteStepMatch(BindingMatch match, Object[] arguments)
   at TechTalk.SpecFlow.Infrastructure.TestExecutionEngine.ExecuteStep(StepInstance stepInstance)
   at TechTalk.SpecFlow.Infrastructure.TestExecutionEngine.OnAfterLastStep()]]></stack-trace>
                    </failure>
                  </test-case>
                  <test-case id="2-1025" name="PasswordChangingNeedsPasswordConfirmation" fullname="EdFi.Ods.Admin.Web.Tests.Features.PasswordChangeFeature.PasswordChangingNeedsPasswordConfirmation" methodname="PasswordChangingNeedsPasswordConfirmation" classname="EdFi.Ods.Admin.Web.Tests.Features.PasswordChangeFeature" runstate="Runnable" result="Failed" label="Error" duration="30.471928" asserts="0">
                    <properties>
                      <property name="_DESCRIPTION" value="Password Changing Needs Password Confirmation" />
                    </properties>
                    <failure>
                      <message><![CDATA[Coypu.MissingHtmlException : Unable to find css: #btn-showLogin]]></message>
                      <stack-trace><![CDATA[   at Coypu.Timing.RetryUntilTimeoutTimingStrategy.Synchronise[TResult](Query`1 query)
   at Coypu.SynchronisedElementScope.Try(DriverAction action)
   at Coypu.ElementScope.Click(Options options)
   at EdFi.Ods.Admin.Web.Tests.Pages.GlobalPages.LoginPage.Login(String email, String password) in D:\Projects\Ed-Fi-Alliance\Ed-Fi-ODS\Application\EdFi.Ods.Admin.Web.Tests\Pages\GlobalPages\LoginPage.cs:line 26
   at EdFi.Ods.Admin.Web.Tests.Steps.AccountSteps.WhenILogInWithEmailAndPassword(String email, String password) in D:\Projects\Ed-Fi-Alliance\Ed-Fi-ODS\Application\EdFi.Ods.Admin.Web.Tests\Steps\AccountSteps.cs:line 76
   at TechTalk.SpecFlow.Bindings.BindingInvoker.InvokeBinding(IBinding binding, IContextManager contextManager, Object[] arguments, ITestTracer testTracer, TimeSpan& duration)
   at TechTalk.SpecFlow.Infrastructure.TestExecutionEngine.ExecuteStepMatch(BindingMatch match, Object[] arguments)
   at TechTalk.SpecFlow.Infrastructure.TestExecutionEngine.ExecuteStep(StepInstance stepInstance)
   at TechTalk.SpecFlow.Infrastructure.TestExecutionEngine.OnAfterLastStep()]]></stack-trace>
                    </failure>
                  </test-case>
                </test-suite>
              </test-suite>
            </test-suite>
          </test-suite>
        </test-suite>
      </test-suite>
    </test-suite>
  </test-suite>
  <test-suite type="Assembly" id="3-1017" name="D:\Projects\Ed-Fi-Alliance\Ed-Fi-ODS\Application\EdFi.Ods.Api.Data.Tests\bin\Release\EdFi.Ods.Api.Data.Tests.dll" fullname="D:\Projects\Ed-Fi-Alliance\Ed-Fi-ODS\Application\EdFi.Ods.Api.Data.Tests\bin\Release\EdFi.Ods.Api.Data.Tests.dll" runstate="Runnable" testcasecount="10" result="Passed" duration="17.821980" total="10" passed="0" failed="0" inconclusive="0" skipped="0" asserts="0">
    <properties>
      <property name="_PID" value="32188" />
      <property name="_APPDOMAIN" value="domain-ed6855d5-EdFi.Ods.Api.Data.Tests.dll" />
    </properties>
    <test-suite type="Namespace" id="3-1018" name="EdFi" fullname="EdFi" runstate="Runnable" testcasecount="10" result="Passed" duration="17.809682" total="10" passed="0" failed="0" inconclusive="0" skipped="0" asserts="0">
      <test-suite type="Namespace" id="3-1019" name="Ods" fullname="EdFi.Ods" runstate="Runnable" testcasecount="10" result="Passed" duration="17.809379" total="10" passed="0" failed="0" inconclusive="0" skipped="0" asserts="0">
        <test-suite type="Namespace" id="3-1020" name="Api" fullname="EdFi.Ods.Api" runstate="Runnable" testcasecount="10" result="Passed" duration="17.809117" total="10" passed="0" failed="0" inconclusive="0" skipped="0" asserts="0">
          <test-suite type="Namespace" id="3-1021" name="Data" fullname="EdFi.Ods.Api.Data" runstate="Runnable" testcasecount="10" result="Passed" duration="17.808838" total="10" passed="0" failed="0" inconclusive="0" skipped="0" asserts="0">
            <test-suite type="Namespace" id="3-1022" name="Tests" fullname="EdFi.Ods.Api.Data.Tests" runstate="Runnable" testcasecount="10" result="Passed" duration="17.807715" total="10" passed="0" failed="0" inconclusive="0" skipped="0" asserts="0">
              <test-suite type="TestFixture" id="3-1014" name="EntityAttributesTest+When_decorating_properties_with_attribute_RequiredWithNonDefault" fullname="EdFi.Ods.Api.Data.Tests.EntityAttributesTest+When_decorating_properties_with_attribute_RequiredWithNonDefault" classname="EdFi.Ods.Api.Data.Tests.EntityAttributesTest+When_decorating_properties_with_attribute_RequiredWithNonDefault" runstate="Runnable" testcasecount="2" result="Passed" duration="0.260836" total="2" passed="0" failed="0" inconclusive="0" skipped="0" asserts="0">
                <test-case id="3-1015" name="Should_accept_zero_values_for_decimal_types" fullname="EdFi.Ods.Api.Data.Tests.EntityAttributesTest+When_decorating_properties_with_attribute_RequiredWithNonDefault.Should_accept_zero_values_for_decimal_types" methodname="Should_accept_zero_values_for_decimal_types" classname="EdFi.Ods.Api.Data.Tests.EntityAttributesTest+When_decorating_properties_with_attribute_RequiredWithNonDefault" runstate="Runnable" result="Passed" duration="0.104691" asserts="0" />
                <test-case id="3-1016" name="Should_not_accept_zero_values_for_int_types" fullname="EdFi.Ods.Api.Data.Tests.EntityAttributesTest+When_decorating_properties_with_attribute_RequiredWithNonDefault.Should_not_accept_zero_values_for_int_types" methodname="Should_not_accept_zero_values_for_int_types" classname="EdFi.Ods.Api.Data.Tests.EntityAttributesTest+When_decorating_properties_with_attribute_RequiredWithNonDefault" runstate="Runnable" result="Passed" duration="0.077307" asserts="0">
                  <reason>
                    <message><![CDATA[Exception should be thrown because of failed validation]]></message>
                  </reason>
                </test-case>
              </test-suite>
              <test-suite type="TestFixture" id="3-1010" name="EntityAttributesTest+When_decorating_properties_with_attribute_RequiredWithNonDefault_having_display_attribute" fullname="EdFi.Ods.Api.Data.Tests.EntityAttributesTest+When_decorating_properties_with_attribute_RequiredWithNonDefault_having_display_attribute" classname="EdFi.Ods.Api.Data.Tests.EntityAttributesTest+When_decorating_properties_with_attribute_RequiredWithNonDefault_having_display_attribute" runstate="Runnable" testcasecount="1" result="Passed" duration="0.098548" total="1" passed="0" failed="0" inconclusive="0" skipped="0" asserts="0">
                <test-case id="3-1011" name="Should_use_display_name_attribute_in_validation_message" fullname="EdFi.Ods.Api.Data.Tests.EntityAttributesTest+When_decorating_properties_with_attribute_RequiredWithNonDefault_having_display_attribute.Should_use_display_name_attribute_in_validation_message" methodname="Should_use_display_name_attribute_in_validation_message" classname="EdFi.Ods.Api.Data.Tests.EntityAttributesTest+When_decorating_properties_with_attribute_RequiredWithNonDefault_having_display_attribute" runstate="Runnable" result="Passed" duration="0.096505" asserts="0" />
              </test-suite>
              <test-suite type="TestFixture" id="3-1012" name="EntityAttributesTest+When_decorating_properties_with_attribute_RequiredWithNonDefault_without_display_attribute" fullname="EdFi.Ods.Api.Data.Tests.EntityAttributesTest+When_decorating_properties_with_attribute_RequiredWithNonDefault_without_display_attribute" classname="EdFi.Ods.Api.Data.Tests.EntityAttributesTest+When_decorating_properties_with_attribute_RequiredWithNonDefault_without_display_attribute" runstate="Runnable" testcasecount="1" result="Passed" duration="0.005722" total="1" passed="0" failed="0" inconclusive="0" skipped="0" asserts="0">
                <test-case id="3-1013" name="Should_use_member_name_in_validation_message" fullname="EdFi.Ods.Api.Data.Tests.EntityAttributesTest+When_decorating_properties_with_attribute_RequiredWithNonDefault_without_display_attribute.Should_use_member_name_in_validation_message" methodname="Should_use_member_name_in_validation_message" classname="EdFi.Ods.Api.Data.Tests.EntityAttributesTest+When_decorating_properties_with_attribute_RequiredWithNonDefault_without_display_attribute" runstate="Runnable" result="Passed" duration="0.000744" asserts="0" />
              </test-suite>
              <test-suite type="TestFixture" id="3-1000" name="When_Deleting_UploadFileChunks_ById" fullname="EdFi.Ods.Api.Data.Tests.When_Deleting_UploadFileChunks_ById" classname="EdFi.Ods.Api.Data.Tests.When_Deleting_UploadFileChunks_ById" runstate="Runnable" testcasecount="1" result="Passed" duration="15.822535" total="1" passed="0" failed="0" inconclusive="0" skipped="0" asserts="0">
                <test-case id="3-1001" name="Should_Only_Delete_Chunks_For_SpecificFileId" fullname="EdFi.Ods.Api.Data.Tests.When_Deleting_UploadFileChunks_ById.Should_Only_Delete_Chunks_For_SpecificFileId" methodname="Should_Only_Delete_Chunks_For_SpecificFileId" classname="EdFi.Ods.Api.Data.Tests.When_Deleting_UploadFileChunks_ById" runstate="Runnable" result="Passed" duration="0.072760" asserts="4" />
              </test-suite>
              <test-suite type="TestFixture" id="3-1002" name="When_inserting_a_bulk_operation_entity_and_reading_it_from_database" fullname="EdFi.Ods.Api.Data.Tests.When_inserting_a_bulk_operation_entity_and_reading_it_from_database" classname="EdFi.Ods.Api.Data.Tests.When_inserting_a_bulk_operation_entity_and_reading_it_from_database" runstate="Runnable" testcasecount="1" result="Passed" duration="0.735220" total="1" passed="0" failed="0" inconclusive="0" skipped="0" asserts="0">
                <test-case id="3-1003" name="Read_entity_should_match_inserted_entity" fullname="EdFi.Ods.Api.Data.Tests.When_inserting_a_bulk_operation_entity_and_reading_it_from_database.Read_entity_should_match_inserted_entity" methodname="Read_entity_should_match_inserted_entity" classname="EdFi.Ods.Api.Data.Tests.When_inserting_a_bulk_operation_entity_and_reading_it_from_database" runstate="Runnable" result="Passed" duration="0.734680" asserts="0" />
              </test-suite>
              <test-suite type="TestFixture" id="3-1004" name="When_inserting_a_bulk_operation_exception_entity_and_reading_it_from_database" fullname="EdFi.Ods.Api.Data.Tests.When_inserting_a_bulk_operation_exception_entity_and_reading_it_from_database" classname="EdFi.Ods.Api.Data.Tests.When_inserting_a_bulk_operation_exception_entity_and_reading_it_from_database" runstate="Runnable" testcasecount="1" result="Passed" duration="0.364697" total="1" passed="0" failed="0" inconclusive="0" skipped="0" asserts="0">
                <test-case id="3-1005" name="Read_entity_should_match_inserted_entity" fullname="EdFi.Ods.Api.Data.Tests.When_inserting_a_bulk_operation_exception_entity_and_reading_it_from_database.Read_entity_should_match_inserted_entity" methodname="Read_entity_should_match_inserted_entity" classname="EdFi.Ods.Api.Data.Tests.When_inserting_a_bulk_operation_exception_entity_and_reading_it_from_database" runstate="Runnable" result="Passed" duration="0.002545" asserts="1" />
              </test-suite>
              <test-suite type="TestFixture" id="3-1006" name="When_testing_custom_multipart_stream_provider_regarding_persistence" fullname="EdFi.Ods.Api.Data.Tests.When_testing_custom_multipart_stream_provider_regarding_persistence" classname="EdFi.Ods.Api.Data.Tests.When_testing_custom_multipart_stream_provider_regarding_persistence" runstate="Runnable" testcasecount="3" result="Passed" duration="0.503041" total="3" passed="0" failed="0" inconclusive="0" skipped="0" asserts="0">
                <test-case id="3-1008" name="Should_insert_a_new_chunk_when_add_a_content" fullname="EdFi.Ods.Api.Data.Tests.When_testing_custom_multipart_stream_provider_regarding_persistence.Should_insert_a_new_chunk_when_add_a_content" methodname="Should_insert_a_new_chunk_when_add_a_content" classname="EdFi.Ods.Api.Data.Tests.When_testing_custom_multipart_stream_provider_regarding_persistence" runstate="Runnable" result="Passed" duration="0.239846" asserts="0" />
                <test-case id="3-1009" name="Should_update_file_Status_to_incomplete_when_add_a_content" fullname="EdFi.Ods.Api.Data.Tests.When_testing_custom_multipart_stream_provider_regarding_persistence.Should_update_file_Status_to_incomplete_when_add_a_content" methodname="Should_update_file_Status_to_incomplete_when_add_a_content" classname="EdFi.Ods.Api.Data.Tests.When_testing_custom_multipart_stream_provider_regarding_persistence" runstate="Runnable" result="Passed" duration="0.005396" asserts="0" />
                <test-case id="3-1007" name="Should_verify_chunk_size" fullname="EdFi.Ods.Api.Data.Tests.When_testing_custom_multipart_stream_provider_regarding_persistence.Should_verify_chunk_size" methodname="Should_verify_chunk_size" classname="EdFi.Ods.Api.Data.Tests.When_testing_custom_multipart_stream_provider_regarding_persistence" runstate="Runnable" result="Passed" duration="0.007579" asserts="0" />
              </test-suite>
            </test-suite>
          </test-suite>
        </test-suite>
      </test-suite>
    </test-suite>
  </test-suite>
  <test-suite type="Assembly" id="4-1002" name="D:\Projects\Ed-Fi-Alliance\Ed-Fi-ODS\Application\EdFi.Ods.BulkCopy.Tests\bin\Release\EdFi.Ods.BulkCopy.Tests.dll" fullname="D:\Projects\Ed-Fi-Alliance\Ed-Fi-ODS\Application\EdFi.Ods.BulkCopy.Tests\bin\Release\EdFi.Ods.BulkCopy.Tests.dll" runstate="Runnable" testcasecount="1" result="Inconclusive" duration="0.021508" total="1" passed="0" failed="0" inconclusive="0" skipped="0" asserts="0">
    <properties>
      <property name="_PID" value="18472" />
      <property name="_APPDOMAIN" value="domain-4684a79a-EdFi.Ods.BulkCopy.Tests.dll" />
    </properties>
    <test-suite type="Namespace" id="4-1003" name="EdFi" fullname="EdFi" runstate="Runnable" testcasecount="1" result="Inconclusive" duration="0.009263" total="1" passed="0" failed="0" inconclusive="0" skipped="0" asserts="0">
      <test-suite type="Namespace" id="4-1004" name="Ods" fullname="EdFi.Ods" runstate="Runnable" testcasecount="1" result="Inconclusive" duration="0.008944" total="1" passed="0" failed="0" inconclusive="0" skipped="0" asserts="0">
        <test-suite type="Namespace" id="4-1005" name="BulkCopy" fullname="EdFi.Ods.BulkCopy" runstate="Runnable" testcasecount="1" result="Inconclusive" duration="0.008673" total="1" passed="0" failed="0" inconclusive="0" skipped="0" asserts="0">
          <test-suite type="Namespace" id="4-1006" name="Tests" fullname="EdFi.Ods.BulkCopy.Tests" runstate="Runnable" testcasecount="1" result="Inconclusive" duration="0.008391" total="1" passed="0" failed="0" inconclusive="0" skipped="0" asserts="0">
            <test-suite type="TestFixture" id="4-1000" name="When_pushing_data_into_every_resource_through_the_pipeline" fullname="EdFi.Ods.BulkCopy.Tests.When_pushing_data_into_every_resource_through_the_pipeline" classname="EdFi.Ods.BulkCopy.Tests.When_pushing_data_into_every_resource_through_the_pipeline" runstate="Ignored" testcasecount="1" result="Skipped" label="Ignored" duration="0.004526" total="1" passed="0" failed="0" inconclusive="0" skipped="0" asserts="0">
              <properties>
                <property name="_IGNOREREASON" value="Requires major rework of the underlying LoadGeneration to support updating to a new Data Standard version, disabled for now (ODS-1730)" />
              </properties>
              <reason>
                <message><![CDATA[Requires major rework of the underlying LoadGeneration to support updating to a new Data Standard version, disabled for now (ODS-1730)]]></message>
              </reason>
              <test-case id="4-1001" name="Should_bulk_copy_all_data_to_the_server" fullname="EdFi.Ods.BulkCopy.Tests.When_pushing_data_into_every_resource_through_the_pipeline.Should_bulk_copy_all_data_to_the_server" methodname="Should_bulk_copy_all_data_to_the_server" classname="EdFi.Ods.BulkCopy.Tests.When_pushing_data_into_every_resource_through_the_pipeline" runstate="Ignored" result="Skipped" label="Ignored" duration="0.000000" asserts="0">
                <properties>
                  <property name="_IGNOREREASON" value="Requires major rework of the underlying LoadGeneration to support updating to a new Data Standard version, disabled for now (ODS-1730)" />
                </properties>
                <reason>
                  <message><![CDATA[Requires major rework of the underlying LoadGeneration to support updating to a new Data Standard version, disabled for now (ODS-1730)]]></message>
                </reason>
              </test-case>
            </test-suite>
          </test-suite>
        </test-suite>
      </test-suite>
    </test-suite>
  </test-suite>
  <test-suite type="Assembly" id="5-1017" name="D:\Projects\Ed-Fi-Alliance\Ed-Fi-ODS\Application\EdFi.Ods.Repositories.NHibernate.Tests\bin\Release\EdFi.Ods.Repositories.NHibernate.Tests.dll" fullname="D:\Projects\Ed-Fi-Alliance\Ed-Fi-ODS\Application\EdFi.Ods.Repositories.NHibernate.Tests\bin\Release\EdFi.Ods.Repositories.NHibernate.Tests.dll" runstate="Runnable" testcasecount="14" result="Failed" duration="52.469343" total="14" passed="0" failed="0" inconclusive="0" skipped="0" asserts="0" site="Child">
    <properties>
      <property name="_PID" value="9736" />
      <property name="_APPDOMAIN" value="domain-12112259-EdFi.Ods.Repositories.NHibernate.Tests.dll" />
    </properties>
    <failure>
      <message><![CDATA[One or more child tests had errors]]></message>
    </failure>
    <test-suite type="Namespace" id="5-1018" name="EdFi" fullname="EdFi" runstate="Runnable" testcasecount="14" result="Failed" duration="52.456029" total="14" passed="0" failed="0" inconclusive="0" skipped="0" asserts="0" site="Child">
      <failure>
        <message><![CDATA[One or more child tests had errors]]></message>
      </failure>
      <test-suite type="Namespace" id="5-1019" name="Ods" fullname="EdFi.Ods" runstate="Runnable" testcasecount="14" result="Failed" duration="52.455747" total="14" passed="0" failed="0" inconclusive="0" skipped="0" asserts="0" site="Child">
        <failure>
          <message><![CDATA[One or more child tests had errors]]></message>
        </failure>
        <test-suite type="Namespace" id="5-1020" name="Repositories" fullname="EdFi.Ods.Repositories" runstate="Runnable" testcasecount="14" result="Failed" duration="52.455495" total="14" passed="0" failed="0" inconclusive="0" skipped="0" asserts="0" site="Child">
          <failure>
            <message><![CDATA[One or more child tests had errors]]></message>
          </failure>
          <test-suite type="Namespace" id="5-1021" name="NHibernate" fullname="EdFi.Ods.Repositories.NHibernate" runstate="Runnable" testcasecount="14" result="Failed" duration="52.455217" total="14" passed="0" failed="0" inconclusive="0" skipped="0" asserts="0" site="TearDown">
            <failure>
              <message><![CDATA[One or more child tests had errors]]></message>
            </failure>
            <test-suite type="SetUpFixture" id="5-1000" name="Tests" fullname="EdFi.Ods.Repositories.NHibernate.Tests.GlobalDatabaseSetupFixture" classname="EdFi.Ods.Repositories.NHibernate.Tests.GlobalDatabaseSetupFixture" runstate="Runnable" testcasecount="14" result="Failed" duration="52.454221" total="14" passed="0" failed="0" inconclusive="0" skipped="0" asserts="0">
              <failure>
                <message><![CDATA[ALTER DATABASE is not permitted while a database is in the Restoring state.
ALTER DATABASE statement failed.]]></message>
                <stack-trace><![CDATA[   at System.Data.SqlClient.SqlConnection.OnError(SqlException exception, Boolean breakConnection, Action`1 wrapCloseInAction)
   at System.Data.SqlClient.TdsParser.ThrowExceptionAndWarning(TdsParserStateObject stateObj, Boolean callerHasConnectionLock, Boolean asyncClose)
   at System.Data.SqlClient.TdsParser.TryRun(RunBehavior runBehavior, SqlCommand cmdHandler, SqlDataReader dataStream, BulkCopySimpleResultSet bulkCopyHandler, TdsParserStateObject stateObj, Boolean& dataReady)
   at System.Data.SqlClient.SqlCommand.RunExecuteNonQueryTds(String methodName, Boolean async, Int32 timeout, Boolean asyncWrite)
   at System.Data.SqlClient.SqlCommand.InternalExecuteNonQuery(TaskCompletionSource`1 completion, String methodName, Boolean sendToPipe, Int32 timeout, Boolean& usedCache, Boolean asyncWrite, Boolean inRetry)
   at System.Data.SqlClient.SqlCommand.ExecuteNonQuery()
   at Test.Common.DatabaseHelper.DropDatabase(String databaseName) in D:\Projects\Ed-Fi-Alliance\Ed-Fi-ODS\Application\Test.Common\DatabaseHelper.cs:line 90
   at Test.Common.DatabaseHelper.DropMatchingDatabases(String databaseNamePattern) in D:\Projects\Ed-Fi-Alliance\Ed-Fi-ODS\Application\Test.Common\DatabaseHelper.cs:line 116]]></stack-trace>
              </failure>
              <test-suite type="TestFixture" id="5-1001" name="DescriptorLookupProviderTests" fullname="EdFi.Ods.Repositories.NHibernate.Tests.DescriptorLookupProviderTests" classname="EdFi.Ods.Repositories.NHibernate.Tests.DescriptorLookupProviderTests" runstate="Runnable" testcasecount="6" result="Passed" duration="32.393018" total="6" passed="0" failed="0" inconclusive="0" skipped="0" asserts="0">
                <test-case id="5-1005" name="When_getting_all_descriptor_lookups_by_descriptor_name_should_only_return_descriptors_for_that_name" fullname="EdFi.Ods.Repositories.NHibernate.Tests.DescriptorLookupProviderTests.When_getting_all_descriptor_lookups_by_descriptor_name_should_only_return_descriptors_for_that_name" methodname="When_getting_all_descriptor_lookups_by_descriptor_name_should_only_return_descriptors_for_that_name" classname="EdFi.Ods.Repositories.NHibernate.Tests.DescriptorLookupProviderTests" runstate="Runnable" result="Passed" duration="12.977434" asserts="0" />
                <test-case id="5-1006" name="When_getting_all_descriptor_lookups_by_invalid_descriptor_name_should_throw_argument_exception" fullname="EdFi.Ods.Repositories.NHibernate.Tests.DescriptorLookupProviderTests.When_getting_all_descriptor_lookups_by_invalid_descriptor_name_should_throw_argument_exception" methodname="When_getting_all_descriptor_lookups_by_invalid_descriptor_name_should_throw_argument_exception" classname="EdFi.Ods.Repositories.NHibernate.Tests.DescriptorLookupProviderTests" runstate="Runnable" result="Passed" duration="3.788802" asserts="0" />
                <test-case id="5-1007" name="When_getting_all_descriptor_lookups_should_return_all_entries" fullname="EdFi.Ods.Repositories.NHibernate.Tests.DescriptorLookupProviderTests.When_getting_all_descriptor_lookups_should_return_all_entries" methodname="When_getting_all_descriptor_lookups_should_return_all_entries" classname="EdFi.Ods.Repositories.NHibernate.Tests.DescriptorLookupProviderTests" runstate="Runnable" result="Passed" duration="4.997724" asserts="0" />
                <test-case id="5-1004" name="When_getting_invalid_descriptor_by_id_should_return_null" fullname="EdFi.Ods.Repositories.NHibernate.Tests.DescriptorLookupProviderTests.When_getting_invalid_descriptor_by_id_should_return_null" methodname="When_getting_invalid_descriptor_by_id_should_return_null" classname="EdFi.Ods.Repositories.NHibernate.Tests.DescriptorLookupProviderTests" runstate="Runnable" result="Passed" duration="3.526080" asserts="0" />
                <test-case id="5-1002" name="When_getting_invalid_descriptor_name_by_id_should_throw_argument_exception" fullname="EdFi.Ods.Repositories.NHibernate.Tests.DescriptorLookupProviderTests.When_getting_invalid_descriptor_name_by_id_should_throw_argument_exception" methodname="When_getting_invalid_descriptor_name_by_id_should_throw_argument_exception" classname="EdFi.Ods.Repositories.NHibernate.Tests.DescriptorLookupProviderTests" runstate="Runnable" result="Passed" duration="3.371288" asserts="0" />
                <test-case id="5-1003" name="When_getting_valid_descriptor_by_id_should_return_lookup_data" fullname="EdFi.Ods.Repositories.NHibernate.Tests.DescriptorLookupProviderTests.When_getting_valid_descriptor_by_id_should_return_lookup_data" methodname="When_getting_valid_descriptor_by_id_should_return_lookup_data" classname="EdFi.Ods.Repositories.NHibernate.Tests.DescriptorLookupProviderTests" runstate="Runnable" result="Passed" duration="3.716632" asserts="0" />
              </test-suite>
              <test-suite type="TestFixture" id="5-1008" name="StudentProgramAssociationTests+When_upserting_student_program_and_derived_assocations" fullname="EdFi.Ods.Repositories.NHibernate.Tests.StudentProgramAssociationTests+When_upserting_student_program_and_derived_assocations" classname="EdFi.Ods.Repositories.NHibernate.Tests.StudentProgramAssociationTests+When_upserting_student_program_and_derived_assocations" runstate="Runnable" testcasecount="8" result="Passed" duration="6.472054" total="8" passed="0" failed="0" inconclusive="0" skipped="0" asserts="0">
                <test-case id="5-1009" name="Should_create_concrete_base_program_association_with_first_upsert" fullname="EdFi.Ods.Repositories.NHibernate.Tests.StudentProgramAssociationTests+When_upserting_student_program_and_derived_assocations.Should_create_concrete_base_program_association_with_first_upsert" methodname="Should_create_concrete_base_program_association_with_first_upsert" classname="EdFi.Ods.Repositories.NHibernate.Tests.StudentProgramAssociationTests+When_upserting_student_program_and_derived_assocations" runstate="Runnable" result="Passed" duration="0.000279" asserts="0" />
                <test-case id="5-1013" name="Should_create_derived_student_TitleIPartA_assocation_with_first_upsert" fullname="EdFi.Ods.Repositories.NHibernate.Tests.StudentProgramAssociationTests+When_upserting_student_program_and_derived_assocations.Should_create_derived_student_TitleIPartA_assocation_with_first_upsert" methodname="Should_create_derived_student_TitleIPartA_assocation_with_first_upsert" classname="EdFi.Ods.Repositories.NHibernate.Tests.StudentProgramAssociationTests+When_upserting_student_program_and_derived_assocations" runstate="Runnable" result="Passed" duration="0.000355" asserts="0" />
                <test-case id="5-1012" name="Should_delete_concrete_base_program_association_without_an_exception" fullname="EdFi.Ods.Repositories.NHibernate.Tests.StudentProgramAssociationTests+When_upserting_student_program_and_derived_assocations.Should_delete_concrete_base_program_association_without_an_exception" methodname="Should_delete_concrete_base_program_association_without_an_exception" classname="EdFi.Ods.Repositories.NHibernate.Tests.StudentProgramAssociationTests+When_upserting_student_program_and_derived_assocations" runstate="Runnable" result="Passed" duration="0.000350" asserts="0" />
                <test-case id="5-1016" name="Should_delete_derived_student_TitleIPartA_association_without_an_exception" fullname="EdFi.Ods.Repositories.NHibernate.Tests.StudentProgramAssociationTests+When_upserting_student_program_and_derived_assocations.Should_delete_derived_student_TitleIPartA_association_without_an_exception" methodname="Should_delete_derived_student_TitleIPartA_association_without_an_exception" classname="EdFi.Ods.Repositories.NHibernate.Tests.StudentProgramAssociationTests+When_upserting_student_program_and_derived_assocations" runstate="Runnable" result="Passed" duration="0.000327" asserts="0" />
                <test-case id="5-1015" name="Should_remove_associated_program_service_from_TitleIPartA_association_with_second_upsert" fullname="EdFi.Ods.Repositories.NHibernate.Tests.StudentProgramAssociationTests+When_upserting_student_program_and_derived_assocations.Should_remove_associated_program_service_from_TitleIPartA_association_with_second_upsert" methodname="Should_remove_associated_program_service_from_TitleIPartA_association_with_second_upsert" classname="EdFi.Ods.Repositories.NHibernate.Tests.StudentProgramAssociationTests+When_upserting_student_program_and_derived_assocations" runstate="Runnable" result="Passed" duration="0.000224" asserts="0" />
                <test-case id="5-1011" name="Should_remove_associated_program_service_with_second_upsert" fullname="EdFi.Ods.Repositories.NHibernate.Tests.StudentProgramAssociationTests+When_upserting_student_program_and_derived_assocations.Should_remove_associated_program_service_with_second_upsert" methodname="Should_remove_associated_program_service_with_second_upsert" classname="EdFi.Ods.Repositories.NHibernate.Tests.StudentProgramAssociationTests+When_upserting_student_program_and_derived_assocations" runstate="Runnable" result="Passed" duration="0.000197" asserts="0" />
                <test-case id="5-1010" name="Should_update_concrete_base_program_association_with_second_upsert" fullname="EdFi.Ods.Repositories.NHibernate.Tests.StudentProgramAssociationTests+When_upserting_student_program_and_derived_assocations.Should_update_concrete_base_program_association_with_second_upsert" methodname="Should_update_concrete_base_program_association_with_second_upsert" classname="EdFi.Ods.Repositories.NHibernate.Tests.StudentProgramAssociationTests+When_upserting_student_program_and_derived_assocations" runstate="Runnable" result="Passed" duration="0.000205" asserts="0" />
                <test-case id="5-1014" name="Should_update_derived_student_TitleIPartA_association_with_second_upsert" fullname="EdFi.Ods.Repositories.NHibernate.Tests.StudentProgramAssociationTests+When_upserting_student_program_and_derived_assocations.Should_update_derived_student_TitleIPartA_association_with_second_upsert" methodname="Should_update_derived_student_TitleIPartA_association_with_second_upsert" classname="EdFi.Ods.Repositories.NHibernate.Tests.StudentProgramAssociationTests+When_upserting_student_program_and_derived_assocations" runstate="Runnable" result="Passed" duration="0.000216" asserts="0" />
              </test-suite>
            </test-suite>
          </test-suite>
        </test-suite>
      </test-suite>
    </test-suite>
  </test-suite>
  <test-suite type="Assembly" id="6-3294" name="D:\Projects\Ed-Fi-Alliance\Ed-Fi-ODS\Application\EdFi.Ods.Tests\bin\Release\EdFi.Ods.Tests.dll" fullname="D:\Projects\Ed-Fi-Alliance\Ed-Fi-ODS\Application\EdFi.Ods.Tests\bin\Release\EdFi.Ods.Tests.dll" runstate="Runnable" testcasecount="1601" result="Failed" duration="139.210236" total="1601" passed="0" failed="0" inconclusive="0" skipped="0" asserts="0" site="Child">
    <properties>
      <property name="_PID" value="24288" />
      <property name="_APPDOMAIN" value="domain-46635139-EdFi.Ods.Tests.dll" />
    </properties>
    <failure>
      <message><![CDATA[One or more child tests had errors]]></message>
    </failure>
    <test-suite type="Namespace" id="6-3295" name="EdFi" fullname="EdFi" runstate="Runnable" testcasecount="1601" result="Failed" duration="139.115896" total="1601" passed="0" failed="0" inconclusive="0" skipped="0" asserts="0" site="Child">
      <failure>
        <message><![CDATA[One or more child tests had errors]]></message>
      </failure>
      <test-suite type="Namespace" id="6-3296" name="Ods" fullname="EdFi.Ods" runstate="Runnable" testcasecount="1601" result="Failed" duration="139.114907" total="1601" passed="0" failed="0" inconclusive="0" skipped="0" asserts="0" site="Child">
        <failure>
          <message><![CDATA[One or more child tests had errors]]></message>
        </failure>
        <test-suite type="Namespace" id="6-3297" name="Tests" fullname="EdFi.Ods.Tests" runstate="Runnable" testcasecount="1601" result="Failed" duration="139.114021" total="1601" passed="0" failed="0" inconclusive="0" skipped="0" asserts="0" site="Child">
          <failure>
            <message><![CDATA[One or more child tests had errors]]></message>
          </failure>
          <test-suite type="Namespace" id="6-3298" name="_Bases" fullname="EdFi.Ods.Tests._Bases" runstate="Runnable" testcasecount="1" result="Passed" duration="0.076707" total="1" passed="0" failed="0" inconclusive="0" skipped="0" asserts="0">
            <test-suite type="TestFixture" id="6-1002" name="ResourceFactoryTestBase" fullname="EdFi.Ods.Tests._Bases.ResourceFactoryTestBase" classname="EdFi.Ods.Tests._Bases.ResourceFactoryTestBase" runstate="Runnable" testcasecount="1" result="Passed" duration="0.075299" total="1" passed="0" failed="0" inconclusive="0" skipped="0" asserts="0">
              <test-case id="6-1003" name="DummyTest" fullname="EdFi.Ods.Tests._Bases.ResourceFactoryTestBase.DummyTest" methodname="DummyTest" classname="EdFi.Ods.Tests._Bases.ResourceFactoryTestBase" runstate="Runnable" result="Passed" duration="0.067367" asserts="0">
                <reason>
                  <message><![CDATA[]]></message>
                </reason>
              </test-case>
            </test-suite>
          </test-suite>
          <test-suite type="Namespace" id="6-3299" name="EdFi" fullname="EdFi.Ods.Tests.EdFi" runstate="Runnable" testcasecount="1599" result="Failed" duration="138.841542" total="1599" passed="0" failed="0" inconclusive="0" skipped="0" asserts="0" site="Child">
            <failure>
              <message><![CDATA[One or more child tests had errors]]></message>
            </failure>
            <test-suite type="Namespace" id="6-3370" name="Common" fullname="EdFi.Ods.Tests.EdFi.Common" runstate="Runnable" testcasecount="44" result="Passed" duration="11.842298" total="44" passed="0" failed="0" inconclusive="0" skipped="0" asserts="0">
              <test-suite type="TestFixture" id="6-3207" name="ChainOfResponsibilityFacilityTests+When_resolving_a_chain_of_responsibility_using_IoC" fullname="EdFi.Ods.Tests.EdFi.Common.ChainOfResponsibilityFacilityTests+When_resolving_a_chain_of_responsibility_using_IoC" classname="EdFi.Ods.Tests.EdFi.Common.ChainOfResponsibilityFacilityTests+When_resolving_a_chain_of_responsibility_using_IoC" runstate="Runnable" testcasecount="3" result="Passed" duration="1.202075" total="3" passed="0" failed="0" inconclusive="0" skipped="0" asserts="0">
                <test-case id="6-3209" name="Should_properly_process_handled_requests" fullname="EdFi.Ods.Tests.EdFi.Common.ChainOfResponsibilityFacilityTests+When_resolving_a_chain_of_responsibility_using_IoC.Should_properly_process_handled_requests" methodname="Should_properly_process_handled_requests" classname="EdFi.Ods.Tests.EdFi.Common.ChainOfResponsibilityFacilityTests+When_resolving_a_chain_of_responsibility_using_IoC" runstate="Runnable" result="Passed" duration="0.011986" asserts="2" />
                <test-case id="6-3208" name="Should_resolve_all_links_in_chain" fullname="EdFi.Ods.Tests.EdFi.Common.ChainOfResponsibilityFacilityTests+When_resolving_a_chain_of_responsibility_using_IoC.Should_resolve_all_links_in_chain" methodname="Should_resolve_all_links_in_chain" classname="EdFi.Ods.Tests.EdFi.Common.ChainOfResponsibilityFacilityTests+When_resolving_a_chain_of_responsibility_using_IoC" runstate="Runnable" result="Passed" duration="0.009249" asserts="3" />
                <test-case id="6-3210" name="Should_throw_a_NotSupportedException_when_an_unhandled_request_is_made" fullname="EdFi.Ods.Tests.EdFi.Common.ChainOfResponsibilityFacilityTests+When_resolving_a_chain_of_responsibility_using_IoC.Should_throw_a_NotSupportedException_when_an_unhandled_request_is_made" methodname="Should_throw_a_NotSupportedException_when_an_unhandled_request_is_made" classname="EdFi.Ods.Tests.EdFi.Common.ChainOfResponsibilityFacilityTests+When_resolving_a_chain_of_responsibility_using_IoC" runstate="Runnable" result="Passed" duration="0.000935" asserts="1" />
              </test-suite>
              <test-suite type="Namespace" id="6-3373" name="Context" fullname="EdFi.Ods.Tests.EdFi.Common.Context" runstate="Runnable" testcasecount="5" result="Passed" duration="7.119736" total="5" passed="0" failed="0" inconclusive="0" skipped="0" asserts="0">
                <test-suite type="TestFixture" id="6-1915" name="CallContextStorageTests" fullname="EdFi.Ods.Tests.EdFi.Common.Context.CallContextStorageTests" classname="EdFi.Ods.Tests.EdFi.Common.Context.CallContextStorageTests" runstate="Runnable" testcasecount="0" result="Inconclusive" duration="0.000183" total="0" passed="0" failed="0" inconclusive="0" skipped="0" asserts="0" />
                <test-suite type="TestFixture" id="6-3240" name="CallContextStorageTests+When_accessing_context_across_a_task_boundary" fullname="EdFi.Ods.Tests.EdFi.Common.Context.CallContextStorageTests+When_accessing_context_across_a_task_boundary" classname="EdFi.Ods.Tests.EdFi.Common.Context.CallContextStorageTests+When_accessing_context_across_a_task_boundary" runstate="Runnable" testcasecount="1" result="Passed" duration="0.024398" total="1" passed="0" failed="0" inconclusive="0" skipped="0" asserts="0">
                  <test-case id="6-3241" name="Should_retrieve_value" fullname="EdFi.Ods.Tests.EdFi.Common.Context.CallContextStorageTests+When_accessing_context_across_a_task_boundary.Should_retrieve_value" methodname="Should_retrieve_value" classname="EdFi.Ods.Tests.EdFi.Common.Context.CallContextStorageTests+When_accessing_context_across_a_task_boundary" runstate="Runnable" result="Passed" duration="0.024049" asserts="0" />
                </test-suite>
                <test-suite type="TestFixture" id="6-3237" name="CallContextStorageTests+When_accessing_context_in_the_same_thread" fullname="EdFi.Ods.Tests.EdFi.Common.Context.CallContextStorageTests+When_accessing_context_in_the_same_thread" classname="EdFi.Ods.Tests.EdFi.Common.Context.CallContextStorageTests+When_accessing_context_in_the_same_thread" runstate="Runnable" testcasecount="2" result="Passed" duration="0.005459" total="2" passed="0" failed="0" inconclusive="0" skipped="0" asserts="0">
                  <test-case id="6-3239" name="Should_Get_Generic_Value_in_CallContext" fullname="EdFi.Ods.Tests.EdFi.Common.Context.CallContextStorageTests+When_accessing_context_in_the_same_thread.Should_Get_Generic_Value_in_CallContext" methodname="Should_Get_Generic_Value_in_CallContext" classname="EdFi.Ods.Tests.EdFi.Common.Context.CallContextStorageTests+When_accessing_context_in_the_same_thread" runstate="Runnable" result="Passed" duration="0.000589" asserts="0" />
                  <test-case id="6-3238" name="Should_SetValue_in_CallContext" fullname="EdFi.Ods.Tests.EdFi.Common.Context.CallContextStorageTests+When_accessing_context_in_the_same_thread.Should_SetValue_in_CallContext" methodname="Should_SetValue_in_CallContext" classname="EdFi.Ods.Tests.EdFi.Common.Context.CallContextStorageTests+When_accessing_context_in_the_same_thread" runstate="Runnable" result="Passed" duration="0.003773" asserts="0" />
                </test-suite>
                <test-suite type="TestFixture" id="6-1916" name="HttpContextStorageTests" fullname="EdFi.Ods.Tests.EdFi.Common.Context.HttpContextStorageTests" classname="EdFi.Ods.Tests.EdFi.Common.Context.HttpContextStorageTests" runstate="Runnable" testcasecount="2" result="Passed" duration="7.086152" total="2" passed="0" failed="0" inconclusive="0" skipped="0" asserts="0">
                  <test-case id="6-1918" name="Should_Get_Generic_Value_in_HttpContext" fullname="EdFi.Ods.Tests.EdFi.Common.Context.HttpContextStorageTests.Should_Get_Generic_Value_in_HttpContext" methodname="Should_Get_Generic_Value_in_HttpContext" classname="EdFi.Ods.Tests.EdFi.Common.Context.HttpContextStorageTests" runstate="Runnable" result="Passed" duration="7.072397" asserts="0" />
                  <test-case id="6-1917" name="Should_SetValue_in_HttpContext" fullname="EdFi.Ods.Tests.EdFi.Common.Context.HttpContextStorageTests.Should_SetValue_in_HttpContext" methodname="Should_SetValue_in_HttpContext" classname="EdFi.Ods.Tests.EdFi.Common.Context.HttpContextStorageTests" runstate="Runnable" result="Passed" duration="0.012368" asserts="0" />
                </test-suite>
              </test-suite>
              <test-suite type="Namespace" id="6-3398" name="Database" fullname="EdFi.Ods.Tests.EdFi.Common.Database" runstate="Runnable" testcasecount="5" result="Passed" duration="0.096115" total="5" passed="0" failed="0" inconclusive="0" skipped="0" asserts="0">
                <test-suite type="TestFixture" id="6-3233" name="NamedDatabaseConnectionStringProviderTests+When_calling_the_NamedDatabaseConnectionStringProvider_with_a_EMPTY_name" fullname="EdFi.Ods.Tests.EdFi.Common.Database.NamedDatabaseConnectionStringProviderTests+When_calling_the_NamedDatabaseConnectionStringProvider_with_a_EMPTY_name" classname="EdFi.Ods.Tests.EdFi.Common.Database.NamedDatabaseConnectionStringProviderTests+When_calling_the_NamedDatabaseConnectionStringProvider_with_a_EMPTY_name" runstate="Runnable" testcasecount="1" result="Passed" duration="0.084711" total="1" passed="0" failed="0" inconclusive="0" skipped="0" asserts="0">
                  <test-case id="6-3234" name="Should_throw_an_exception" fullname="EdFi.Ods.Tests.EdFi.Common.Database.NamedDatabaseConnectionStringProviderTests+When_calling_the_NamedDatabaseConnectionStringProvider_with_a_EMPTY_name.Should_throw_an_exception" methodname="Should_throw_an_exception" classname="EdFi.Ods.Tests.EdFi.Common.Database.NamedDatabaseConnectionStringProviderTests+When_calling_the_NamedDatabaseConnectionStringProvider_with_a_EMPTY_name" runstate="Runnable" result="Passed" duration="0.000552" asserts="0" />
                </test-suite>
                <test-suite type="TestFixture" id="6-3231" name="NamedDatabaseConnectionStringProviderTests+When_calling_the_NamedDatabaseConnectionStringProvider_with_a_NULL_name" fullname="EdFi.Ods.Tests.EdFi.Common.Database.NamedDatabaseConnectionStringProviderTests+When_calling_the_NamedDatabaseConnectionStringProvider_with_a_NULL_name" classname="EdFi.Ods.Tests.EdFi.Common.Database.NamedDatabaseConnectionStringProviderTests+When_calling_the_NamedDatabaseConnectionStringProvider_with_a_NULL_name" runstate="Runnable" testcasecount="1" result="Passed" duration="0.001458" total="1" passed="0" failed="0" inconclusive="0" skipped="0" asserts="0">
                  <test-case id="6-3232" name="Should_throw_an_exception" fullname="EdFi.Ods.Tests.EdFi.Common.Database.NamedDatabaseConnectionStringProviderTests+When_calling_the_NamedDatabaseConnectionStringProvider_with_a_NULL_name.Should_throw_an_exception" methodname="Should_throw_an_exception" classname="EdFi.Ods.Tests.EdFi.Common.Database.NamedDatabaseConnectionStringProviderTests+When_calling_the_NamedDatabaseConnectionStringProvider_with_a_NULL_name" runstate="Runnable" result="Passed" duration="0.000450" asserts="0" />
                </test-suite>
                <test-suite type="TestFixture" id="6-3229" name="NamedDatabaseConnectionStringProviderTests+When_calling_the_NamedDatabaseConnectionStringProvider_with_a_valid_name_and_integrated_security" fullname="EdFi.Ods.Tests.EdFi.Common.Database.NamedDatabaseConnectionStringProviderTests+When_calling_the_NamedDatabaseConnectionStringProvider_with_a_valid_name_and_integrated_security" classname="EdFi.Ods.Tests.EdFi.Common.Database.NamedDatabaseConnectionStringProviderTests+When_calling_the_NamedDatabaseConnectionStringProvider_with_a_valid_name_and_integrated_security" runstate="Runnable" testcasecount="1" result="Passed" duration="0.001034" total="1" passed="0" failed="0" inconclusive="0" skipped="0" asserts="0">
                  <test-case id="6-3230" name="Should_Get_Named_Connection_string" fullname="EdFi.Ods.Tests.EdFi.Common.Database.NamedDatabaseConnectionStringProviderTests+When_calling_the_NamedDatabaseConnectionStringProvider_with_a_valid_name_and_integrated_security.Should_Get_Named_Connection_string" methodname="Should_Get_Named_Connection_string" classname="EdFi.Ods.Tests.EdFi.Common.Database.NamedDatabaseConnectionStringProviderTests+When_calling_the_NamedDatabaseConnectionStringProvider_with_a_valid_name_and_integrated_security" runstate="Runnable" result="Passed" duration="0.000631" asserts="0" />
                </test-suite>
                <test-suite type="TestFixture" id="6-3227" name="NamedDatabaseConnectionStringProviderTests+When_calling_the_NamedDatabaseConnectionStringProvider_with_a_valid_name_and_standard_security" fullname="EdFi.Ods.Tests.EdFi.Common.Database.NamedDatabaseConnectionStringProviderTests+When_calling_the_NamedDatabaseConnectionStringProvider_with_a_valid_name_and_standard_security" classname="EdFi.Ods.Tests.EdFi.Common.Database.NamedDatabaseConnectionStringProviderTests+When_calling_the_NamedDatabaseConnectionStringProvider_with_a_valid_name_and_standard_security" runstate="Runnable" testcasecount="1" result="Passed" duration="0.001086" total="1" passed="0" failed="0" inconclusive="0" skipped="0" asserts="0">
                  <test-case id="6-3228" name="Should_Get_Named_Connection_string" fullname="EdFi.Ods.Tests.EdFi.Common.Database.NamedDatabaseConnectionStringProviderTests+When_calling_the_NamedDatabaseConnectionStringProvider_with_a_valid_name_and_standard_security.Should_Get_Named_Connection_string" methodname="Should_Get_Named_Connection_string" classname="EdFi.Ods.Tests.EdFi.Common.Database.NamedDatabaseConnectionStringProviderTests+When_calling_the_NamedDatabaseConnectionStringProvider_with_a_valid_name_and_standard_security" runstate="Runnable" result="Passed" duration="0.000551" asserts="0" />
                </test-suite>
                <test-suite type="TestFixture" id="6-3235" name="NamedDatabaseConnectionStringProviderTests+When_calling_the_NamedDatabaseConnectionStringProvider_with_a_WHITESPACE_name" fullname="EdFi.Ods.Tests.EdFi.Common.Database.NamedDatabaseConnectionStringProviderTests+When_calling_the_NamedDatabaseConnectionStringProvider_with_a_WHITESPACE_name" classname="EdFi.Ods.Tests.EdFi.Common.Database.NamedDatabaseConnectionStringProviderTests+When_calling_the_NamedDatabaseConnectionStringProvider_with_a_WHITESPACE_name" runstate="Runnable" testcasecount="1" result="Passed" duration="0.001490" total="1" passed="0" failed="0" inconclusive="0" skipped="0" asserts="0">
                  <test-case id="6-3236" name="Should_throw_an_exception" fullname="EdFi.Ods.Tests.EdFi.Common.Database.NamedDatabaseConnectionStringProviderTests+When_calling_the_NamedDatabaseConnectionStringProvider_with_a_WHITESPACE_name.Should_throw_an_exception" methodname="Should_throw_an_exception" classname="EdFi.Ods.Tests.EdFi.Common.Database.NamedDatabaseConnectionStringProviderTests+When_calling_the_NamedDatabaseConnectionStringProvider_with_a_WHITESPACE_name" runstate="Runnable" result="Passed" duration="0.000433" asserts="0" />
                </test-suite>
              </test-suite>
              <test-suite type="TestFixture" id="6-1889" name="ExpandoTests" fullname="EdFi.Ods.Tests.EdFi.Common.ExpandoTests" classname="EdFi.Ods.Tests.EdFi.Common.ExpandoTests" runstate="Runnable" testcasecount="12" result="Passed" duration="3.223158" total="12" passed="0" failed="0" inconclusive="0" skipped="0" asserts="0">
                <test-case id="6-1892" name="AddAndReadDynamicIndexersTest" fullname="EdFi.Ods.Tests.EdFi.Common.ExpandoTests.AddAndReadDynamicIndexersTest" methodname="AddAndReadDynamicIndexersTest" classname="EdFi.Ods.Tests.EdFi.Common.ExpandoTests" runstate="Runnable" result="Passed" duration="0.816368" asserts="2" />
                <test-case id="6-1891" name="AddAndReadDynamicPropertiesTest" fullname="EdFi.Ods.Tests.EdFi.Common.ExpandoTests.AddAndReadDynamicPropertiesTest" methodname="AddAndReadDynamicPropertiesTest" classname="EdFi.Ods.Tests.EdFi.Common.ExpandoTests" runstate="Runnable" result="Passed" duration="0.025524" asserts="2" />
                <test-case id="6-1894" name="DynamicAccessToPropertyTest" fullname="EdFi.Ods.Tests.EdFi.Common.ExpandoTests.DynamicAccessToPropertyTest" methodname="DynamicAccessToPropertyTest" classname="EdFi.Ods.Tests.EdFi.Common.ExpandoTests" runstate="Runnable" result="Passed" duration="0.021304" asserts="2" />
                <test-case id="6-1890" name="ExandoModesTest" fullname="EdFi.Ods.Tests.EdFi.Common.ExpandoTests.ExandoModesTest" methodname="ExandoModesTest" classname="EdFi.Ods.Tests.EdFi.Common.ExpandoTests" runstate="Runnable" result="Passed" duration="0.061300" asserts="6" />
                <test-case id="6-1901" name="ExpandoMixinTest" fullname="EdFi.Ods.Tests.EdFi.Common.ExpandoTests.ExpandoMixinTest" methodname="ExpandoMixinTest" classname="EdFi.Ods.Tests.EdFi.Common.ExpandoTests" runstate="Runnable" result="Passed" duration="0.024229" asserts="0" />
                <test-case id="6-1899" name="ExpandoObjectJsonTest" fullname="EdFi.Ods.Tests.EdFi.Common.ExpandoTests.ExpandoObjectJsonTest" methodname="ExpandoObjectJsonTest" classname="EdFi.Ods.Tests.EdFi.Common.ExpandoTests" runstate="Runnable" result="Passed" duration="1.610688" asserts="0" />
                <test-case id="6-1895" name="IterateOverDynamicPropertiesTest" fullname="EdFi.Ods.Tests.EdFi.Common.ExpandoTests.IterateOverDynamicPropertiesTest" methodname="IterateOverDynamicPropertiesTest" classname="EdFi.Ods.Tests.EdFi.Common.ExpandoTests" runstate="Runnable" result="Passed" duration="0.074319" asserts="1" />
                <test-case id="6-1897" name="JsonSerializeTest" fullname="EdFi.Ods.Tests.EdFi.Common.ExpandoTests.JsonSerializeTest" methodname="JsonSerializeTest" classname="EdFi.Ods.Tests.EdFi.Common.ExpandoTests" runstate="Runnable" result="Passed" duration="0.010930" asserts="0" />
                <test-case id="6-1896" name="MixInObjectInstanceTest" fullname="EdFi.Ods.Tests.EdFi.Common.ExpandoTests.MixInObjectInstanceTest" methodname="MixInObjectInstanceTest" classname="EdFi.Ods.Tests.EdFi.Common.ExpandoTests" runstate="Runnable" result="Passed" duration="0.009764" asserts="0" />
                <test-case id="6-1893" name="PropertyAsIndexerTest" fullname="EdFi.Ods.Tests.EdFi.Common.ExpandoTests.PropertyAsIndexerTest" methodname="PropertyAsIndexerTest" classname="EdFi.Ods.Tests.EdFi.Common.ExpandoTests" runstate="Runnable" result="Passed" duration="0.000749" asserts="2" />
                <test-case id="6-1900" name="UserExampleTest" fullname="EdFi.Ods.Tests.EdFi.Common.ExpandoTests.UserExampleTest" methodname="UserExampleTest" classname="EdFi.Ods.Tests.EdFi.Common.ExpandoTests" runstate="Runnable" result="Passed" duration="0.036476" asserts="4" />
                <test-case id="6-1898" name="XmlSerializeTest" fullname="EdFi.Ods.Tests.EdFi.Common.ExpandoTests.XmlSerializeTest" methodname="XmlSerializeTest" classname="EdFi.Ods.Tests.EdFi.Common.ExpandoTests" runstate="Runnable" result="Passed" duration="0.519569" asserts="2" />
              </test-suite>
              <test-suite type="Namespace" id="6-3372" name="Extensions" fullname="EdFi.Ods.Tests.EdFi.Common.Extensions" runstate="Runnable" testcasecount="10" result="Passed" duration="0.055954" total="10" passed="0" failed="0" inconclusive="0" skipped="0" asserts="0">
                <test-suite type="TestFixture" id="6-3215" name="Feature_Inserting_items_into_enumerable_collections_based_on_existing_items+When_inserting_an_item_after_the_first_item_of_a_two_item_list" fullname="EdFi.Ods.Tests.EdFi.Common.Extensions.Feature_Inserting_items_into_enumerable_collections_based_on_existing_items+When_inserting_an_item_after_the_first_item_of_a_two_item_list" classname="EdFi.Ods.Tests.EdFi.Common.Extensions.Feature_Inserting_items_into_enumerable_collections_based_on_existing_items+When_inserting_an_item_after_the_first_item_of_a_two_item_list" runstate="Runnable" testcasecount="1" result="Passed" duration="0.012254" total="1" passed="0" failed="0" inconclusive="0" skipped="0" asserts="0">
                  <test-case id="6-3216" name="Should_insert_the_item_between_the_existing_items" fullname="EdFi.Ods.Tests.EdFi.Common.Extensions.Feature_Inserting_items_into_enumerable_collections_based_on_existing_items+When_inserting_an_item_after_the_first_item_of_a_two_item_list.Should_insert_the_item_between_the_existing_items" methodname="Should_insert_the_item_between_the_existing_items" classname="EdFi.Ods.Tests.EdFi.Common.Extensions.Feature_Inserting_items_into_enumerable_collections_based_on_existing_items+When_inserting_an_item_after_the_first_item_of_a_two_item_list" runstate="Runnable" result="Passed" duration="0.005661" asserts="0" />
                </test-suite>
                <test-suite type="TestFixture" id="6-3223" name="Feature_Inserting_items_into_enumerable_collections_based_on_existing_items+When_inserting_an_item_after_the_only_item_in_a_single_item_list" fullname="EdFi.Ods.Tests.EdFi.Common.Extensions.Feature_Inserting_items_into_enumerable_collections_based_on_existing_items+When_inserting_an_item_after_the_only_item_in_a_single_item_list" classname="EdFi.Ods.Tests.EdFi.Common.Extensions.Feature_Inserting_items_into_enumerable_collections_based_on_existing_items+When_inserting_an_item_after_the_only_item_in_a_single_item_list" runstate="Runnable" testcasecount="1" result="Passed" duration="0.001437" total="1" passed="0" failed="0" inconclusive="0" skipped="0" asserts="0">
                  <test-case id="6-3224" name="Should_insert_the_item_as_the_last_item_in_the_list" fullname="EdFi.Ods.Tests.EdFi.Common.Extensions.Feature_Inserting_items_into_enumerable_collections_based_on_existing_items+When_inserting_an_item_after_the_only_item_in_a_single_item_list.Should_insert_the_item_as_the_last_item_in_the_list" methodname="Should_insert_the_item_as_the_last_item_in_the_list" classname="EdFi.Ods.Tests.EdFi.Common.Extensions.Feature_Inserting_items_into_enumerable_collections_based_on_existing_items+When_inserting_an_item_after_the_only_item_in_a_single_item_list" runstate="Runnable" result="Passed" duration="0.000428" asserts="0" />
                </test-suite>
                <test-suite type="TestFixture" id="6-3217" name="Feature_Inserting_items_into_enumerable_collections_based_on_existing_items+When_inserting_an_item_after_the_second_item_of_a_two_item_list" fullname="EdFi.Ods.Tests.EdFi.Common.Extensions.Feature_Inserting_items_into_enumerable_collections_based_on_existing_items+When_inserting_an_item_after_the_second_item_of_a_two_item_list" classname="EdFi.Ods.Tests.EdFi.Common.Extensions.Feature_Inserting_items_into_enumerable_collections_based_on_existing_items+When_inserting_an_item_after_the_second_item_of_a_two_item_list" runstate="Runnable" testcasecount="1" result="Passed" duration="0.002054" total="1" passed="0" failed="0" inconclusive="0" skipped="0" asserts="0">
                  <test-case id="6-3218" name="Should_insert_the_item_as_the_last_item_in_the_list" fullname="EdFi.Ods.Tests.EdFi.Common.Extensions.Feature_Inserting_items_into_enumerable_collections_based_on_existing_items+When_inserting_an_item_after_the_second_item_of_a_two_item_list.Should_insert_the_item_as_the_last_item_in_the_list" methodname="Should_insert_the_item_as_the_last_item_in_the_list" classname="EdFi.Ods.Tests.EdFi.Common.Extensions.Feature_Inserting_items_into_enumerable_collections_based_on_existing_items+When_inserting_an_item_after_the_second_item_of_a_two_item_list" runstate="Runnable" result="Passed" duration="0.000490" asserts="0" />
                </test-suite>
                <test-suite type="TestFixture" id="6-3225" name="Feature_Inserting_items_into_enumerable_collections_based_on_existing_items+When_inserting_an_item_before_an_item_that_does_not_exist_in_list" fullname="EdFi.Ods.Tests.EdFi.Common.Extensions.Feature_Inserting_items_into_enumerable_collections_based_on_existing_items+When_inserting_an_item_before_an_item_that_does_not_exist_in_list" classname="EdFi.Ods.Tests.EdFi.Common.Extensions.Feature_Inserting_items_into_enumerable_collections_based_on_existing_items+When_inserting_an_item_before_an_item_that_does_not_exist_in_list" runstate="Runnable" testcasecount="1" result="Passed" duration="0.022057" total="1" passed="0" failed="0" inconclusive="0" skipped="0" asserts="0">
                  <test-case id="6-3226" name="Should_throw_an_exception" fullname="EdFi.Ods.Tests.EdFi.Common.Extensions.Feature_Inserting_items_into_enumerable_collections_based_on_existing_items+When_inserting_an_item_before_an_item_that_does_not_exist_in_list.Should_throw_an_exception" methodname="Should_throw_an_exception" classname="EdFi.Ods.Tests.EdFi.Common.Extensions.Feature_Inserting_items_into_enumerable_collections_based_on_existing_items+When_inserting_an_item_before_an_item_that_does_not_exist_in_list" runstate="Runnable" result="Passed" duration="0.018961" asserts="2" />
                </test-suite>
                <test-suite type="TestFixture" id="6-3219" name="Feature_Inserting_items_into_enumerable_collections_based_on_existing_items+When_inserting_an_item_before_the_first_item_of_a_two_item_list" fullname="EdFi.Ods.Tests.EdFi.Common.Extensions.Feature_Inserting_items_into_enumerable_collections_based_on_existing_items+When_inserting_an_item_before_the_first_item_of_a_two_item_list" classname="EdFi.Ods.Tests.EdFi.Common.Extensions.Feature_Inserting_items_into_enumerable_collections_based_on_existing_items+When_inserting_an_item_before_the_first_item_of_a_two_item_list" runstate="Runnable" testcasecount="1" result="Passed" duration="0.001556" total="1" passed="0" failed="0" inconclusive="0" skipped="0" asserts="0">
                  <test-case id="6-3220" name="Should_insert_the_item_as_the_first_item_in_the_list" fullname="EdFi.Ods.Tests.EdFi.Common.Extensions.Feature_Inserting_items_into_enumerable_collections_based_on_existing_items+When_inserting_an_item_before_the_first_item_of_a_two_item_list.Should_insert_the_item_as_the_first_item_in_the_list" methodname="Should_insert_the_item_as_the_first_item_in_the_list" classname="EdFi.Ods.Tests.EdFi.Common.Extensions.Feature_Inserting_items_into_enumerable_collections_based_on_existing_items+When_inserting_an_item_before_the_first_item_of_a_two_item_list" runstate="Runnable" result="Passed" duration="0.000703" asserts="0" />
                </test-suite>
                <test-suite type="TestFixture" id="6-3221" name="Feature_Inserting_items_into_enumerable_collections_based_on_existing_items+When_inserting_an_item_before_the_only_item_in_a_single_item_list" fullname="EdFi.Ods.Tests.EdFi.Common.Extensions.Feature_Inserting_items_into_enumerable_collections_based_on_existing_items+When_inserting_an_item_before_the_only_item_in_a_single_item_list" classname="EdFi.Ods.Tests.EdFi.Common.Extensions.Feature_Inserting_items_into_enumerable_collections_based_on_existing_items+When_inserting_an_item_before_the_only_item_in_a_single_item_list" runstate="Runnable" testcasecount="1" result="Passed" duration="0.001227" total="1" passed="0" failed="0" inconclusive="0" skipped="0" asserts="0">
                  <test-case id="6-3222" name="Should_insert_the_item_as_the_first_item_in_the_list" fullname="EdFi.Ods.Tests.EdFi.Common.Extensions.Feature_Inserting_items_into_enumerable_collections_based_on_existing_items+When_inserting_an_item_before_the_only_item_in_a_single_item_list.Should_insert_the_item_as_the_first_item_in_the_list" methodname="Should_insert_the_item_as_the_first_item_in_the_list" classname="EdFi.Ods.Tests.EdFi.Common.Extensions.Feature_Inserting_items_into_enumerable_collections_based_on_existing_items+When_inserting_an_item_before_the_only_item_in_a_single_item_list" runstate="Runnable" result="Passed" duration="0.000362" asserts="0" />
                </test-suite>
                <test-suite type="TestFixture" id="6-3213" name="Feature_Inserting_items_into_enumerable_collections_based_on_existing_items+When_inserting_an_item_before_the_second_item_of_a_two_item_list" fullname="EdFi.Ods.Tests.EdFi.Common.Extensions.Feature_Inserting_items_into_enumerable_collections_based_on_existing_items+When_inserting_an_item_before_the_second_item_of_a_two_item_list" classname="EdFi.Ods.Tests.EdFi.Common.Extensions.Feature_Inserting_items_into_enumerable_collections_based_on_existing_items+When_inserting_an_item_before_the_second_item_of_a_two_item_list" runstate="Runnable" testcasecount="1" result="Passed" duration="0.001625" total="1" passed="0" failed="0" inconclusive="0" skipped="0" asserts="0">
                  <test-case id="6-3214" name="Should_insert_the_item_between_the_existing_items" fullname="EdFi.Ods.Tests.EdFi.Common.Extensions.Feature_Inserting_items_into_enumerable_collections_based_on_existing_items+When_inserting_an_item_before_the_second_item_of_a_two_item_list.Should_insert_the_item_between_the_existing_items" methodname="Should_insert_the_item_between_the_existing_items" classname="EdFi.Ods.Tests.EdFi.Common.Extensions.Feature_Inserting_items_into_enumerable_collections_based_on_existing_items+When_inserting_an_item_before_the_second_item_of_a_two_item_list" runstate="Runnable" result="Passed" duration="0.000567" asserts="0" />
                </test-suite>
                <test-suite type="TestFixture" id="6-1911" name="When_trimming_a_suffix" fullname="EdFi.Ods.Tests.EdFi.Common.Extensions.When_trimming_a_suffix" classname="EdFi.Ods.Tests.EdFi.Common.Extensions.When_trimming_a_suffix" runstate="Runnable" testcasecount="3" result="Passed" duration="0.003893" total="3" passed="0" failed="0" inconclusive="0" skipped="0" asserts="0">
                  <test-case id="6-1913" name="Should_only_trim_a_suffix_it_appears_at_the_end_of_the_string" fullname="EdFi.Ods.Tests.EdFi.Common.Extensions.When_trimming_a_suffix.Should_only_trim_a_suffix_it_appears_at_the_end_of_the_string" methodname="Should_only_trim_a_suffix_it_appears_at_the_end_of_the_string" classname="EdFi.Ods.Tests.EdFi.Common.Extensions.When_trimming_a_suffix" runstate="Runnable" result="Passed" duration="0.000790" asserts="0" />
                  <test-case id="6-1914" name="Should_trim_a_suffix_off_the_end_even_if_it_also_appears_in_the_middle_of_the_string" fullname="EdFi.Ods.Tests.EdFi.Common.Extensions.When_trimming_a_suffix.Should_trim_a_suffix_off_the_end_even_if_it_also_appears_in_the_middle_of_the_string" methodname="Should_trim_a_suffix_off_the_end_even_if_it_also_appears_in_the_middle_of_the_string" classname="EdFi.Ods.Tests.EdFi.Common.Extensions.When_trimming_a_suffix" runstate="Runnable" result="Passed" duration="0.000442" asserts="0" />
                  <test-case id="6-1912" name="Should_trim_a_suffix_only_if_the_case_matches" fullname="EdFi.Ods.Tests.EdFi.Common.Extensions.When_trimming_a_suffix.Should_trim_a_suffix_only_if_the_case_matches" methodname="Should_trim_a_suffix_only_if_the_case_matches" classname="EdFi.Ods.Tests.EdFi.Common.Extensions.When_trimming_a_suffix" runstate="Runnable" result="Passed" duration="0.000672" asserts="0" />
                </test-suite>
              </test-suite>
              <test-suite type="Namespace" id="6-3371" name="InversionOfControl" fullname="EdFi.Ods.Tests.EdFi.Common.InversionOfControl" runstate="Runnable" testcasecount="7" result="Passed" duration="0.077884" total="7" passed="0" failed="0" inconclusive="0" skipped="0" asserts="0">
                <test-suite type="TestFixture" id="6-1902" name="When_Resolving_Nested_Handler_Order" fullname="EdFi.Ods.Tests.EdFi.Common.InversionOfControl.When_Resolving_Nested_Handler_Order" classname="EdFi.Ods.Tests.EdFi.Common.InversionOfControl.When_Resolving_Nested_Handler_Order" runstate="Runnable" testcasecount="1" result="Passed" duration="0.046317" total="1" passed="0" failed="0" inconclusive="0" skipped="0" asserts="0">
                  <test-case id="6-1903" name="Should_Return_The_Handlers_In_The_Correct_Order" fullname="EdFi.Ods.Tests.EdFi.Common.InversionOfControl.When_Resolving_Nested_Handler_Order.Should_Return_The_Handlers_In_The_Correct_Order" methodname="Should_Return_The_Handlers_In_The_Correct_Order" classname="EdFi.Ods.Tests.EdFi.Common.InversionOfControl.When_Resolving_Nested_Handler_Order" runstate="Runnable" result="Passed" duration="0.001773" asserts="4" />
                </test-suite>
                <test-suite type="TestFixture" id="6-1904" name="WindsorContainerExTests" fullname="EdFi.Ods.Tests.EdFi.Common.InversionOfControl.WindsorContainerExTests" classname="EdFi.Ods.Tests.EdFi.Common.InversionOfControl.WindsorContainerExTests" runstate="Runnable" testcasecount="6" result="Passed" duration="0.029554" total="6" passed="0" failed="0" inconclusive="0" skipped="0" asserts="0">
                  <test-case id="6-1905" name="Conatiner_Should_Implement_IServiceLocator" fullname="EdFi.Ods.Tests.EdFi.Common.InversionOfControl.WindsorContainerExTests.Conatiner_Should_Implement_IServiceLocator" methodname="Conatiner_Should_Implement_IServiceLocator" classname="EdFi.Ods.Tests.EdFi.Common.InversionOfControl.WindsorContainerExTests" runstate="Runnable" result="Passed" duration="0.000756" asserts="0" />
                  <test-case id="6-1910" name="Container_Should_Allow_WindsorContainerEx_Dependency_To_Be_Registered" fullname="EdFi.Ods.Tests.EdFi.Common.InversionOfControl.WindsorContainerExTests.Container_Should_Allow_WindsorContainerEx_Dependency_To_Be_Registered" methodname="Container_Should_Allow_WindsorContainerEx_Dependency_To_Be_Registered" classname="EdFi.Ods.Tests.EdFi.Common.InversionOfControl.WindsorContainerExTests" runstate="Runnable" result="Passed" duration="0.011597" asserts="1" />
                  <test-case id="6-1907" name="Container_Should_Not_Allow_WindsorContainer_Instance_To_Be_Registered" fullname="EdFi.Ods.Tests.EdFi.Common.InversionOfControl.WindsorContainerExTests.Container_Should_Not_Allow_WindsorContainer_Instance_To_Be_Registered" methodname="Container_Should_Not_Allow_WindsorContainer_Instance_To_Be_Registered" classname="EdFi.Ods.Tests.EdFi.Common.InversionOfControl.WindsorContainerExTests" runstate="Runnable" result="Passed" duration="0.006482" asserts="0" />
                  <test-case id="6-1906" name="Container_Should_Not_Allow_WindsorContainer_To_Be_Registered" fullname="EdFi.Ods.Tests.EdFi.Common.InversionOfControl.WindsorContainerExTests.Container_Should_Not_Allow_WindsorContainer_To_Be_Registered" methodname="Container_Should_Not_Allow_WindsorContainer_To_Be_Registered" classname="EdFi.Ods.Tests.EdFi.Common.InversionOfControl.WindsorContainerExTests" runstate="Runnable" result="Passed" duration="0.002581" asserts="0" />
                  <test-case id="6-1909" name="Container_Should_Not_Allow_WindsorContainerEx_Instance_To_Be_Registered" fullname="EdFi.Ods.Tests.EdFi.Common.InversionOfControl.WindsorContainerExTests.Container_Should_Not_Allow_WindsorContainerEx_Instance_To_Be_Registered" methodname="Container_Should_Not_Allow_WindsorContainerEx_Instance_To_Be_Registered" classname="EdFi.Ods.Tests.EdFi.Common.InversionOfControl.WindsorContainerExTests" runstate="Runnable" result="Passed" duration="0.001460" asserts="0" />
                  <test-case id="6-1908" name="Container_Should_Not_Allow_WindsorContainerEx_To_Be_Registered" fullname="EdFi.Ods.Tests.EdFi.Common.InversionOfControl.WindsorContainerExTests.Container_Should_Not_Allow_WindsorContainerEx_To_Be_Registered" methodname="Container_Should_Not_Allow_WindsorContainerEx_To_Be_Registered" classname="EdFi.Ods.Tests.EdFi.Common.InversionOfControl.WindsorContainerExTests" runstate="Runnable" result="Passed" duration="0.001191" asserts="0" />
                </test-suite>
              </test-suite>
              <test-suite type="TestFixture" id="6-3211" name="LegacyChainOfResponsibilityTests+When_using_the_legacy_ChainOfResponsiblityRegistrar_to_register_a_chain" fullname="EdFi.Ods.Tests.EdFi.Common.LegacyChainOfResponsibilityTests+When_using_the_legacy_ChainOfResponsiblityRegistrar_to_register_a_chain" classname="EdFi.Ods.Tests.EdFi.Common.LegacyChainOfResponsibilityTests+When_using_the_legacy_ChainOfResponsiblityRegistrar_to_register_a_chain" runstate="Runnable" testcasecount="1" result="Passed" duration="0.023677" total="1" passed="0" failed="0" inconclusive="0" skipped="0" asserts="0">
                <test-case id="6-3212" name="Should_not_engage_the_ChainOfResponsibility_interceptor" fullname="EdFi.Ods.Tests.EdFi.Common.LegacyChainOfResponsibilityTests+When_using_the_legacy_ChainOfResponsiblityRegistrar_to_register_a_chain.Should_not_engage_the_ChainOfResponsibility_interceptor" methodname="Should_not_engage_the_ChainOfResponsibility_interceptor" classname="EdFi.Ods.Tests.EdFi.Common.LegacyChainOfResponsibilityTests+When_using_the_legacy_ChainOfResponsiblityRegistrar_to_register_a_chain" runstate="Runnable" result="Passed" duration="0.000474" asserts="1" />
              </test-suite>
              <test-suite type="TestFixture" id="6-1887" name="When_resolving_a_chain_of_responsibility_with_base_class_using_IoC" fullname="EdFi.Ods.Tests.EdFi.Common.When_resolving_a_chain_of_responsibility_with_base_class_using_IoC" classname="EdFi.Ods.Tests.EdFi.Common.When_resolving_a_chain_of_responsibility_with_base_class_using_IoC" runstate="Runnable" testcasecount="1" result="Passed" duration="0.025742" total="1" passed="0" failed="0" inconclusive="0" skipped="0" asserts="0">
                <test-case id="6-1888" name="Should_return_test_response" fullname="EdFi.Ods.Tests.EdFi.Common.When_resolving_a_chain_of_responsibility_with_base_class_using_IoC.Should_return_test_response" methodname="Should_return_test_response" classname="EdFi.Ods.Tests.EdFi.Common.When_resolving_a_chain_of_responsibility_with_base_class_using_IoC" runstate="Runnable" result="Passed" duration="0.000266" asserts="1" />
              </test-suite>
            </test-suite>
            <test-suite type="Namespace" id="6-3302" name="Messaging" fullname="EdFi.Ods.Tests.EdFi.Messaging" runstate="Runnable" testcasecount="9" result="Passed" duration="1.077828" total="9" passed="0" failed="0" inconclusive="0" skipped="0" asserts="0">
              <test-suite type="Namespace" id="6-3303" name="MSMQ" fullname="EdFi.Ods.Tests.EdFi.Messaging.MSMQ" runstate="Runnable" testcasecount="9" result="Passed" duration="1.077585" total="9" passed="0" failed="0" inconclusive="0" skipped="0" asserts="0">
                <test-suite type="Namespace" id="6-3304" name="MsmqMessageFactoryTests" fullname="EdFi.Ods.Tests.EdFi.Messaging.MSMQ.MsmqMessageFactoryTests" runstate="Runnable" testcasecount="9" result="Passed" duration="1.077318" total="9" passed="0" failed="0" inconclusive="0" skipped="0" asserts="0">
                  <test-suite type="TestFixture" id="6-1018" name="When_Creating_A_Message" fullname="EdFi.Ods.Tests.EdFi.Messaging.MSMQ.MsmqMessageFactoryTests.When_Creating_A_Message" classname="EdFi.Ods.Tests.EdFi.Messaging.MSMQ.MsmqMessageFactoryTests.When_Creating_A_Message" runstate="Runnable" testcasecount="3" result="Passed" duration="1.021057" total="3" passed="0" failed="0" inconclusive="0" skipped="0" asserts="0">
                    <test-case id="6-1019" name="Should_Put_Given_Command_Or_Event_Envelope_In_Message_Body" fullname="EdFi.Ods.Tests.EdFi.Messaging.MSMQ.MsmqMessageFactoryTests.When_Creating_A_Message.Should_Put_Given_Command_Or_Event_Envelope_In_Message_Body" methodname="Should_Put_Given_Command_Or_Event_Envelope_In_Message_Body" classname="EdFi.Ods.Tests.EdFi.Messaging.MSMQ.MsmqMessageFactoryTests.When_Creating_A_Message" runstate="Runnable" result="Passed" duration="0.000770" asserts="0" />
                    <test-case id="6-1020" name="Should_Set_Message_To_Be_Recoverable" fullname="EdFi.Ods.Tests.EdFi.Messaging.MSMQ.MsmqMessageFactoryTests.When_Creating_A_Message.Should_Set_Message_To_Be_Recoverable" methodname="Should_Set_Message_To_Be_Recoverable" classname="EdFi.Ods.Tests.EdFi.Messaging.MSMQ.MsmqMessageFactoryTests.When_Creating_A_Message" runstate="Runnable" result="Passed" duration="0.000745" asserts="0" />
                    <test-case id="6-1021" name="Should_Set_Message_To_Use_Dead_Letter_Queue" fullname="EdFi.Ods.Tests.EdFi.Messaging.MSMQ.MsmqMessageFactoryTests.When_Creating_A_Message.Should_Set_Message_To_Use_Dead_Letter_Queue" methodname="Should_Set_Message_To_Use_Dead_Letter_Queue" classname="EdFi.Ods.Tests.EdFi.Messaging.MSMQ.MsmqMessageFactoryTests.When_Creating_A_Message" runstate="Runnable" result="Passed" duration="0.000681" asserts="0" />
                  </test-suite>
                  <test-suite type="TestFixture" id="6-1022" name="When_Creating_An_Envelope_From_An_MSMQ_Message" fullname="EdFi.Ods.Tests.EdFi.Messaging.MSMQ.MsmqMessageFactoryTests.When_Creating_An_Envelope_From_An_MSMQ_Message" classname="EdFi.Ods.Tests.EdFi.Messaging.MSMQ.MsmqMessageFactoryTests.When_Creating_An_Envelope_From_An_MSMQ_Message" runstate="Runnable" testcasecount="6" result="Passed" duration="0.054740" total="6" passed="0" failed="0" inconclusive="0" skipped="0" asserts="0">
                    <test-case id="6-1023" name="Should_Contain_All_Supplied_LEA_Ids" fullname="EdFi.Ods.Tests.EdFi.Messaging.MSMQ.MsmqMessageFactoryTests.When_Creating_An_Envelope_From_An_MSMQ_Message.Should_Contain_All_Supplied_LEA_Ids" methodname="Should_Contain_All_Supplied_LEA_Ids" classname="EdFi.Ods.Tests.EdFi.Messaging.MSMQ.MsmqMessageFactoryTests.When_Creating_An_Envelope_From_An_MSMQ_Message" runstate="Runnable" result="Passed" duration="0.045811" asserts="0" />
                    <test-case id="6-1025" name="Should_Contain_The_Given_ApiKey" fullname="EdFi.Ods.Tests.EdFi.Messaging.MSMQ.MsmqMessageFactoryTests.When_Creating_An_Envelope_From_An_MSMQ_Message.Should_Contain_The_Given_ApiKey" methodname="Should_Contain_The_Given_ApiKey" classname="EdFi.Ods.Tests.EdFi.Messaging.MSMQ.MsmqMessageFactoryTests.When_Creating_An_Envelope_From_An_MSMQ_Message" runstate="Runnable" result="Passed" duration="0.000595" asserts="0" />
                    <test-case id="6-1027" name="Should_Contain_The_Given_ClaimSetName" fullname="EdFi.Ods.Tests.EdFi.Messaging.MSMQ.MsmqMessageFactoryTests.When_Creating_An_Envelope_From_An_MSMQ_Message.Should_Contain_The_Given_ClaimSetName" methodname="Should_Contain_The_Given_ClaimSetName" classname="EdFi.Ods.Tests.EdFi.Messaging.MSMQ.MsmqMessageFactoryTests.When_Creating_An_Envelope_From_An_MSMQ_Message" runstate="Runnable" result="Passed" duration="0.000454" asserts="0" />
                    <test-case id="6-1026" name="Should_Contain_The_Given_Message" fullname="EdFi.Ods.Tests.EdFi.Messaging.MSMQ.MsmqMessageFactoryTests.When_Creating_An_Envelope_From_An_MSMQ_Message.Should_Contain_The_Given_Message" methodname="Should_Contain_The_Given_Message" classname="EdFi.Ods.Tests.EdFi.Messaging.MSMQ.MsmqMessageFactoryTests.When_Creating_An_Envelope_From_An_MSMQ_Message" runstate="Runnable" result="Passed" duration="0.000506" asserts="0" />
                    <test-case id="6-1028" name="Should_Contain_The_Given_NamespacePrefix" fullname="EdFi.Ods.Tests.EdFi.Messaging.MSMQ.MsmqMessageFactoryTests.When_Creating_An_Envelope_From_An_MSMQ_Message.Should_Contain_The_Given_NamespacePrefix" methodname="Should_Contain_The_Given_NamespacePrefix" classname="EdFi.Ods.Tests.EdFi.Messaging.MSMQ.MsmqMessageFactoryTests.When_Creating_An_Envelope_From_An_MSMQ_Message" runstate="Runnable" result="Passed" duration="0.000499" asserts="0" />
                    <test-case id="6-1024" name="Should_Contain_The_Given_SchoolYear" fullname="EdFi.Ods.Tests.EdFi.Messaging.MSMQ.MsmqMessageFactoryTests.When_Creating_An_Envelope_From_An_MSMQ_Message.Should_Contain_The_Given_SchoolYear" methodname="Should_Contain_The_Given_SchoolYear" classname="EdFi.Ods.Tests.EdFi.Messaging.MSMQ.MsmqMessageFactoryTests.When_Creating_An_Envelope_From_An_MSMQ_Message" runstate="Runnable" result="Passed" duration="0.000661" asserts="0" />
                  </test-suite>
                </test-suite>
              </test-suite>
            </test-suite>
            <test-suite type="Namespace" id="6-3305" name="Ods" fullname="EdFi.Ods.Tests.EdFi.Ods" runstate="Runnable" testcasecount="1512" result="Failed" duration="125.653431" total="1512" passed="0" failed="0" inconclusive="0" skipped="0" asserts="0" site="Child">
              <failure>
                <message><![CDATA[One or more child tests had errors]]></message>
              </failure>
              <test-suite type="Namespace" id="6-3352" name="Admin" fullname="EdFi.Ods.Tests.EdFi.Ods.Admin" runstate="Runnable" testcasecount="31" result="Passed" duration="7.537463" total="31" passed="0" failed="0" inconclusive="0" skipped="0" asserts="0">
                <test-suite type="Namespace" id="6-3395" name="Extensions" fullname="EdFi.Ods.Tests.EdFi.Ods.Admin.Extensions" runstate="Runnable" testcasecount="9" result="Passed" duration="0.081893" total="9" passed="0" failed="0" inconclusive="0" skipped="0" asserts="0">
                  <test-suite type="TestFixture" id="6-2897" name="PasswordExtensionsTests+When_checking_password_strength" fullname="EdFi.Ods.Tests.EdFi.Ods.Admin.Extensions.PasswordExtensionsTests+When_checking_password_strength" classname="EdFi.Ods.Tests.EdFi.Ods.Admin.Extensions.PasswordExtensionsTests+When_checking_password_strength" runstate="Runnable" testcasecount="7" result="Passed" duration="0.049859" total="7" passed="0" failed="0" inconclusive="0" skipped="0" asserts="0">
                    <test-case id="6-2904" name="Should_approve_a_strong_password" fullname="EdFi.Ods.Tests.EdFi.Ods.Admin.Extensions.PasswordExtensionsTests+When_checking_password_strength.Should_approve_a_strong_password" methodname="Should_approve_a_strong_password" classname="EdFi.Ods.Tests.EdFi.Ods.Admin.Extensions.PasswordExtensionsTests+When_checking_password_strength" runstate="Runnable" result="Passed" duration="0.037913" asserts="0" />
                    <test-case id="6-2901" name="Should_reject_password_without_a_digit" fullname="EdFi.Ods.Tests.EdFi.Ods.Admin.Extensions.PasswordExtensionsTests+When_checking_password_strength.Should_reject_password_without_a_digit" methodname="Should_reject_password_without_a_digit" classname="EdFi.Ods.Tests.EdFi.Ods.Admin.Extensions.PasswordExtensionsTests+When_checking_password_strength" runstate="Runnable" result="Passed" duration="0.000392" asserts="0" />
                    <test-case id="6-2900" name="Should_reject_password_without_an_upper_case_letter" fullname="EdFi.Ods.Tests.EdFi.Ods.Admin.Extensions.PasswordExtensionsTests+When_checking_password_strength.Should_reject_password_without_an_upper_case_letter" methodname="Should_reject_password_without_an_upper_case_letter" classname="EdFi.Ods.Tests.EdFi.Ods.Admin.Extensions.PasswordExtensionsTests+When_checking_password_strength" runstate="Runnable" result="Passed" duration="0.000345" asserts="0" />
                    <test-case id="6-2902" name="Should_reject_passwords_shorter_than_8_characters" fullname="EdFi.Ods.Tests.EdFi.Ods.Admin.Extensions.PasswordExtensionsTests+When_checking_password_strength.Should_reject_passwords_shorter_than_8_characters" methodname="Should_reject_passwords_shorter_than_8_characters" classname="EdFi.Ods.Tests.EdFi.Ods.Admin.Extensions.PasswordExtensionsTests+When_checking_password_strength" runstate="Runnable" result="Passed" duration="0.000432" asserts="0" />
                    <test-case id="6-2903" name="Should_reject_passwords_with_disallowed_characters" fullname="EdFi.Ods.Tests.EdFi.Ods.Admin.Extensions.PasswordExtensionsTests+When_checking_password_strength.Should_reject_passwords_with_disallowed_characters" methodname="Should_reject_passwords_with_disallowed_characters" classname="EdFi.Ods.Tests.EdFi.Ods.Admin.Extensions.PasswordExtensionsTests+When_checking_password_strength" runstate="Runnable" result="Passed" duration="0.000847" asserts="0" />
                    <test-case id="6-2899" name="Should_reject_passwords_without_a_lower_case_letter" fullname="EdFi.Ods.Tests.EdFi.Ods.Admin.Extensions.PasswordExtensionsTests+When_checking_password_strength.Should_reject_passwords_without_a_lower_case_letter" methodname="Should_reject_passwords_without_a_lower_case_letter" classname="EdFi.Ods.Tests.EdFi.Ods.Admin.Extensions.PasswordExtensionsTests+When_checking_password_strength" runstate="Runnable" result="Passed" duration="0.000424" asserts="0" />
                    <test-case id="6-2898" name="Should_reject_passwords_without_a_symbol" fullname="EdFi.Ods.Tests.EdFi.Ods.Admin.Extensions.PasswordExtensionsTests+When_checking_password_strength.Should_reject_passwords_without_a_symbol" methodname="Should_reject_passwords_without_a_symbol" classname="EdFi.Ods.Tests.EdFi.Ods.Admin.Extensions.PasswordExtensionsTests+When_checking_password_strength" runstate="Runnable" result="Passed" duration="0.000403" asserts="0" />
                  </test-suite>
                  <test-suite type="TestFixture" id="6-2907" name="StringExtensionsTests+When_email_address_is_invalid" fullname="EdFi.Ods.Tests.EdFi.Ods.Admin.Extensions.StringExtensionsTests+When_email_address_is_invalid" classname="EdFi.Ods.Tests.EdFi.Ods.Admin.Extensions.StringExtensionsTests+When_email_address_is_invalid" runstate="Runnable" testcasecount="1" result="Passed" duration="0.015730" total="1" passed="0" failed="0" inconclusive="0" skipped="0" asserts="0">
                    <test-case id="6-2908" name="Should_indicate_address_is_invalid" fullname="EdFi.Ods.Tests.EdFi.Ods.Admin.Extensions.StringExtensionsTests+When_email_address_is_invalid.Should_indicate_address_is_invalid" methodname="Should_indicate_address_is_invalid" classname="EdFi.Ods.Tests.EdFi.Ods.Admin.Extensions.StringExtensionsTests+When_email_address_is_invalid" runstate="Runnable" result="Passed" duration="0.014519" asserts="0" />
                  </test-suite>
                  <test-suite type="TestFixture" id="6-2905" name="StringExtensionsTests+When_email_address_is_valid" fullname="EdFi.Ods.Tests.EdFi.Ods.Admin.Extensions.StringExtensionsTests+When_email_address_is_valid" classname="EdFi.Ods.Tests.EdFi.Ods.Admin.Extensions.StringExtensionsTests+When_email_address_is_valid" runstate="Runnable" testcasecount="1" result="Passed" duration="0.010017" total="1" passed="0" failed="0" inconclusive="0" skipped="0" asserts="0">
                    <test-case id="6-2906" name="Should_indicate_address_is_valid" fullname="EdFi.Ods.Tests.EdFi.Ods.Admin.Extensions.StringExtensionsTests+When_email_address_is_valid.Should_indicate_address_is_valid" methodname="Should_indicate_address_is_valid" classname="EdFi.Ods.Tests.EdFi.Ods.Admin.Extensions.StringExtensionsTests+When_email_address_is_valid" runstate="Runnable" result="Passed" duration="0.000519" asserts="0" />
                  </test-suite>
                </test-suite>
                <test-suite type="Namespace" id="6-3396" name="Models" fullname="EdFi.Ods.Tests.EdFi.Ods.Admin.Models" runstate="Runnable" testcasecount="20" result="Passed" duration="7.305138" total="20" passed="0" failed="0" inconclusive="0" skipped="0" asserts="0">
                  <test-suite type="TestFixture" id="6-2911" name="ApplicationTests+When_creating_an_application_local_education_agency" fullname="EdFi.Ods.Tests.EdFi.Ods.Admin.Models.ApplicationTests+When_creating_an_application_local_education_agency" classname="EdFi.Ods.Tests.EdFi.Ods.Admin.Models.ApplicationTests+When_creating_an_application_local_education_agency" runstate="Runnable" testcasecount="3" result="Passed" duration="0.011402" total="3" passed="0" failed="0" inconclusive="0" skipped="0" asserts="0">
                    <test-case id="6-2914" name="Should_add_association_to_application_collection" fullname="EdFi.Ods.Tests.EdFi.Ods.Admin.Models.ApplicationTests+When_creating_an_application_local_education_agency.Should_add_association_to_application_collection" methodname="Should_add_association_to_application_collection" classname="EdFi.Ods.Tests.EdFi.Ods.Admin.Models.ApplicationTests+When_creating_an_application_local_education_agency" runstate="Runnable" result="Passed" duration="0.000950" asserts="0" />
                    <test-case id="6-2913" name="Should_set_application" fullname="EdFi.Ods.Tests.EdFi.Ods.Admin.Models.ApplicationTests+When_creating_an_application_local_education_agency.Should_set_application" methodname="Should_set_application" classname="EdFi.Ods.Tests.EdFi.Ods.Admin.Models.ApplicationTests+When_creating_an_application_local_education_agency" runstate="Runnable" result="Passed" duration="0.000268" asserts="0" />
                    <test-case id="6-2912" name="Should_set_lea_id" fullname="EdFi.Ods.Tests.EdFi.Ods.Admin.Models.ApplicationTests+When_creating_an_application_local_education_agency.Should_set_lea_id" methodname="Should_set_lea_id" classname="EdFi.Ods.Tests.EdFi.Ods.Admin.Models.ApplicationTests+When_creating_an_application_local_education_agency" runstate="Runnable" result="Passed" duration="0.000400" asserts="0" />
                  </test-suite>
                  <test-suite type="TestFixture" id="6-2915" name="ClientAppRepoTests+When_calling_the_clientAppRepo" fullname="EdFi.Ods.Tests.EdFi.Ods.Admin.Models.ClientAppRepoTests+When_calling_the_clientAppRepo" classname="EdFi.Ods.Tests.EdFi.Ods.Admin.Models.ClientAppRepoTests+When_calling_the_clientAppRepo" runstate="Runnable" testcasecount="4" result="Passed" duration="7.263245" total="4" passed="0" failed="0" inconclusive="0" skipped="0" asserts="0">
                    <test-case id="6-2917" name="Should_get_client_with_key_and_secret" fullname="EdFi.Ods.Tests.EdFi.Ods.Admin.Models.ClientAppRepoTests+When_calling_the_clientAppRepo.Should_get_client_with_key_and_secret" methodname="Should_get_client_with_key_and_secret" classname="EdFi.Ods.Tests.EdFi.Ods.Admin.Models.ClientAppRepoTests+When_calling_the_clientAppRepo" runstate="Runnable" result="Passed" duration="0.228002" asserts="0" />
                    <test-case id="6-2916" name="Should_get_client_with_key_only" fullname="EdFi.Ods.Tests.EdFi.Ods.Admin.Models.ClientAppRepoTests+When_calling_the_clientAppRepo.Should_get_client_with_key_only" methodname="Should_get_client_with_key_only" classname="EdFi.Ods.Tests.EdFi.Ods.Admin.Models.ClientAppRepoTests+When_calling_the_clientAppRepo" runstate="Runnable" result="Passed" duration="0.004833" asserts="0" />
                    <test-case id="6-2919" name="Should_not_get_client_with_key_and_empty_secret" fullname="EdFi.Ods.Tests.EdFi.Ods.Admin.Models.ClientAppRepoTests+When_calling_the_clientAppRepo.Should_not_get_client_with_key_and_empty_secret" methodname="Should_not_get_client_with_key_and_empty_secret" classname="EdFi.Ods.Tests.EdFi.Ods.Admin.Models.ClientAppRepoTests+When_calling_the_clientAppRepo" runstate="Runnable" result="Passed" duration="0.002177" asserts="0" />
                    <test-case id="6-2918" name="Should_not_get_client_with_key_and_null_secret" fullname="EdFi.Ods.Tests.EdFi.Ods.Admin.Models.ClientAppRepoTests+When_calling_the_clientAppRepo.Should_not_get_client_with_key_and_null_secret" methodname="Should_not_get_client_with_key_and_null_secret" classname="EdFi.Ods.Tests.EdFi.Ods.Admin.Models.ClientAppRepoTests+When_calling_the_clientAppRepo" runstate="Runnable" result="Passed" duration="0.000979" asserts="0" />
                  </test-suite>
                  <test-suite type="TestFixture" id="6-2932" name="CreateLoginResultTests+When_adding_failures" fullname="EdFi.Ods.Tests.EdFi.Ods.Admin.Models.CreateLoginResultTests+When_adding_failures" classname="EdFi.Ods.Tests.EdFi.Ods.Admin.Models.CreateLoginResultTests+When_adding_failures" runstate="Runnable" testcasecount="2" result="Passed" duration="0.007082" total="2" passed="0" failed="0" inconclusive="0" skipped="0" asserts="0">
                    <test-case id="6-2934" name="Should_keep_unique_failing_fields" fullname="EdFi.Ods.Tests.EdFi.Ods.Admin.Models.CreateLoginResultTests+When_adding_failures.Should_keep_unique_failing_fields" methodname="Should_keep_unique_failing_fields" classname="EdFi.Ods.Tests.EdFi.Ods.Admin.Models.CreateLoginResultTests+When_adding_failures" runstate="Runnable" result="Passed" duration="0.000315" asserts="0" />
                    <test-case id="6-2933" name="Should_persist_field_names_as_all_lowercase" fullname="EdFi.Ods.Tests.EdFi.Ods.Admin.Models.CreateLoginResultTests+When_adding_failures.Should_persist_field_names_as_all_lowercase" methodname="Should_persist_field_names_as_all_lowercase" classname="EdFi.Ods.Tests.EdFi.Ods.Admin.Models.CreateLoginResultTests+When_adding_failures" runstate="Runnable" result="Passed" duration="0.001643" asserts="0" />
                  </test-suite>
                  <test-suite type="TestFixture" id="6-2935" name="CreateLoginResultTests+When_result_has_message" fullname="EdFi.Ods.Tests.EdFi.Ods.Admin.Models.CreateLoginResultTests+When_result_has_message" classname="EdFi.Ods.Tests.EdFi.Ods.Admin.Models.CreateLoginResultTests+When_result_has_message" runstate="Runnable" testcasecount="1" result="Passed" duration="0.001012" total="1" passed="0" failed="0" inconclusive="0" skipped="0" asserts="0">
                    <test-case id="6-2936" name="Should_indicate_that_message_exists" fullname="EdFi.Ods.Tests.EdFi.Ods.Admin.Models.CreateLoginResultTests+When_result_has_message.Should_indicate_that_message_exists" methodname="Should_indicate_that_message_exists" classname="EdFi.Ods.Tests.EdFi.Ods.Admin.Models.CreateLoginResultTests+When_result_has_message" runstate="Runnable" result="Passed" duration="0.000658" asserts="0" />
                  </test-suite>
                  <test-suite type="TestFixture" id="6-2920" name="UserTests+When_creating_a_sandbox_client_without_specifying_a_key_and_secret" fullname="EdFi.Ods.Tests.EdFi.Ods.Admin.Models.UserTests+When_creating_a_sandbox_client_without_specifying_a_key_and_secret" classname="EdFi.Ods.Tests.EdFi.Ods.Admin.Models.UserTests+When_creating_a_sandbox_client_without_specifying_a_key_and_secret" runstate="Runnable" testcasecount="6" result="Passed" duration="0.011641" total="6" passed="0" failed="0" inconclusive="0" skipped="0" asserts="0">
                    <test-case id="6-2925" name="Should_add_client_to_user" fullname="EdFi.Ods.Tests.EdFi.Ods.Admin.Models.UserTests+When_creating_a_sandbox_client_without_specifying_a_key_and_secret.Should_add_client_to_user" methodname="Should_add_client_to_user" classname="EdFi.Ods.Tests.EdFi.Ods.Admin.Models.UserTests+When_creating_a_sandbox_client_without_specifying_a_key_and_secret" runstate="Runnable" result="Passed" duration="0.000440" asserts="0" />
                    <test-case id="6-2922" name="Should_set_approved_status_to_true" fullname="EdFi.Ods.Tests.EdFi.Ods.Admin.Models.UserTests+When_creating_a_sandbox_client_without_specifying_a_key_and_secret.Should_set_approved_status_to_true" methodname="Should_set_approved_status_to_true" classname="EdFi.Ods.Tests.EdFi.Ods.Admin.Models.UserTests+When_creating_a_sandbox_client_without_specifying_a_key_and_secret" runstate="Runnable" result="Passed" duration="0.000277" asserts="0" />
                    <test-case id="6-2926" name="Should_set_key_and_secret_to_a_random_value" fullname="EdFi.Ods.Tests.EdFi.Ods.Admin.Models.UserTests+When_creating_a_sandbox_client_without_specifying_a_key_and_secret.Should_set_key_and_secret_to_a_random_value" methodname="Should_set_key_and_secret_to_a_random_value" classname="EdFi.Ods.Tests.EdFi.Ods.Admin.Models.UserTests+When_creating_a_sandbox_client_without_specifying_a_key_and_secret" runstate="Runnable" result="Passed" duration="0.004112" asserts="0" />
                    <test-case id="6-2923" name="Should_set_sandbox_to_true" fullname="EdFi.Ods.Tests.EdFi.Ods.Admin.Models.UserTests+When_creating_a_sandbox_client_without_specifying_a_key_and_secret.Should_set_sandbox_to_true" methodname="Should_set_sandbox_to_true" classname="EdFi.Ods.Tests.EdFi.Ods.Admin.Models.UserTests+When_creating_a_sandbox_client_without_specifying_a_key_and_secret" runstate="Runnable" result="Passed" duration="0.000221" asserts="0" />
                    <test-case id="6-2924" name="Should_set_sandbox_type" fullname="EdFi.Ods.Tests.EdFi.Ods.Admin.Models.UserTests+When_creating_a_sandbox_client_without_specifying_a_key_and_secret.Should_set_sandbox_type" methodname="Should_set_sandbox_type" classname="EdFi.Ods.Tests.EdFi.Ods.Admin.Models.UserTests+When_creating_a_sandbox_client_without_specifying_a_key_and_secret" runstate="Runnable" result="Passed" duration="0.001692" asserts="0" />
                    <test-case id="6-2921" name="Should_set_the_client_name" fullname="EdFi.Ods.Tests.EdFi.Ods.Admin.Models.UserTests+When_creating_a_sandbox_client_without_specifying_a_key_and_secret.Should_set_the_client_name" methodname="Should_set_the_client_name" classname="EdFi.Ods.Tests.EdFi.Ods.Admin.Models.UserTests+When_creating_a_sandbox_client_without_specifying_a_key_and_secret" runstate="Runnable" result="Passed" duration="0.000312" asserts="0" />
                  </test-suite>
                  <test-suite type="TestFixture" id="6-2927" name="VendorTests+When_creating_an_application" fullname="EdFi.Ods.Tests.EdFi.Ods.Admin.Models.VendorTests+When_creating_an_application" classname="EdFi.Ods.Tests.EdFi.Ods.Admin.Models.VendorTests+When_creating_an_application" runstate="Runnable" testcasecount="4" result="Passed" duration="0.004831" total="4" passed="0" failed="0" inconclusive="0" skipped="0" asserts="0">
                    <test-case id="6-2931" name="Should_add_application_to_vendor_collection" fullname="EdFi.Ods.Tests.EdFi.Ods.Admin.Models.VendorTests+When_creating_an_application.Should_add_application_to_vendor_collection" methodname="Should_add_application_to_vendor_collection" classname="EdFi.Ods.Tests.EdFi.Ods.Admin.Models.VendorTests+When_creating_an_application" runstate="Runnable" result="Passed" duration="0.000492" asserts="0" />
                    <test-case id="6-2928" name="Should_set_application_name" fullname="EdFi.Ods.Tests.EdFi.Ods.Admin.Models.VendorTests+When_creating_an_application.Should_set_application_name" methodname="Should_set_application_name" classname="EdFi.Ods.Tests.EdFi.Ods.Admin.Models.VendorTests+When_creating_an_application" runstate="Runnable" result="Passed" duration="0.000222" asserts="0" />
                    <test-case id="6-2929" name="Should_set_claimset_name" fullname="EdFi.Ods.Tests.EdFi.Ods.Admin.Models.VendorTests+When_creating_an_application.Should_set_claimset_name" methodname="Should_set_claimset_name" classname="EdFi.Ods.Tests.EdFi.Ods.Admin.Models.VendorTests+When_creating_an_application" runstate="Runnable" result="Passed" duration="0.000212" asserts="0" />
                    <test-case id="6-2930" name="Should_set_vendor" fullname="EdFi.Ods.Tests.EdFi.Ods.Admin.Models.VendorTests+When_creating_an_application.Should_set_vendor" methodname="Should_set_vendor" classname="EdFi.Ods.Tests.EdFi.Ods.Admin.Models.VendorTests+When_creating_an_application" runstate="Runnable" result="Passed" duration="0.000253" asserts="0" />
                  </test-suite>
                </test-suite>
                <test-suite type="Namespace" id="6-3353" name="Services" fullname="EdFi.Ods.Tests.EdFi.Ods.Admin.Services" runstate="Runnable" testcasecount="2" result="Passed" duration="0.145698" total="2" passed="0" failed="0" inconclusive="0" skipped="0" asserts="0">
                  <test-suite type="TestFixture" id="6-1850" name="AppSettingsConfigurationTests" fullname="EdFi.Ods.Tests.EdFi.Ods.Admin.Services.AppSettingsConfigurationTests" classname="EdFi.Ods.Tests.EdFi.Ods.Admin.Services.AppSettingsConfigurationTests" runstate="Runnable" testcasecount="1" result="Passed" duration="0.001108" total="1" passed="0" failed="0" inconclusive="0" skipped="0" asserts="0">
                    <test-case id="6-1851" name="When_Accessing_App_Settings" fullname="EdFi.Ods.Tests.EdFi.Ods.Admin.Services.AppSettingsConfigurationTests.When_Accessing_App_Settings" methodname="When_Accessing_App_Settings" classname="EdFi.Ods.Tests.EdFi.Ods.Admin.Services.AppSettingsConfigurationTests" runstate="Runnable" result="Passed" duration="0.000730" asserts="0" />
                  </test-suite>
                  <test-suite type="TestFixture" id="6-2909" name="ClientCreatorTests+When_creating_a_sandbox_client" fullname="EdFi.Ods.Tests.EdFi.Ods.Admin.Services.ClientCreatorTests+When_creating_a_sandbox_client" classname="EdFi.Ods.Tests.EdFi.Ods.Admin.Services.ClientCreatorTests+When_creating_a_sandbox_client" runstate="Runnable" testcasecount="1" result="Passed" duration="0.143364" total="1" passed="0" failed="0" inconclusive="0" skipped="0" asserts="0">
                    <test-case id="6-2910" name="Should_attempt_to_create_new_client" fullname="EdFi.Ods.Tests.EdFi.Ods.Admin.Services.ClientCreatorTests+When_creating_a_sandbox_client.Should_attempt_to_create_new_client" methodname="Should_attempt_to_create_new_client" classname="EdFi.Ods.Tests.EdFi.Ods.Admin.Services.ClientCreatorTests+When_creating_a_sandbox_client" runstate="Runnable" result="Passed" duration="0.000209" asserts="0" />
                  </test-suite>
                </test-suite>
              </test-suite>
              <test-suite type="Namespace" id="6-3354" name="Api" fullname="EdFi.Ods.Tests.EdFi.Ods.Api" runstate="Runnable" testcasecount="253" result="Passed" duration="43.983632" total="253" passed="0" failed="0" inconclusive="0" skipped="0" asserts="0">
                <test-suite type="TestFixture" id="6-1852" name="ETagProviderTests" fullname="EdFi.Ods.Tests.EdFi.Ods.Api.ETagProviderTests" classname="EdFi.Ods.Tests.EdFi.Ods.Api.ETagProviderTests" runstate="Runnable" testcasecount="11" result="Passed" duration="0.014056" total="11" passed="0" failed="0" inconclusive="0" skipped="0" asserts="0">
                  <test-case id="6-1854" name="When_entity_IDateVersionedEntity_value_default_Should_return_null" fullname="EdFi.Ods.Tests.EdFi.Ods.Api.ETagProviderTests.When_entity_IDateVersionedEntity_value_default_Should_return_null" methodname="When_entity_IDateVersionedEntity_value_default_Should_return_null" classname="EdFi.Ods.Tests.EdFi.Ods.Api.ETagProviderTests" runstate="Runnable" result="Passed" duration="0.002060" asserts="1" />
                  <test-case id="6-1857" name="When_entity_is_Date" fullname="EdFi.Ods.Tests.EdFi.Ods.Api.ETagProviderTests.When_entity_is_Date" methodname="When_entity_is_Date" classname="EdFi.Ods.Tests.EdFi.Ods.Api.ETagProviderTests" runstate="Runnable" result="Passed" duration="0.000396" asserts="1" />
                  <test-case id="6-1858" name="When_entity_is_Guid" fullname="EdFi.Ods.Tests.EdFi.Ods.Api.ETagProviderTests.When_entity_is_Guid" methodname="When_entity_is_Guid" classname="EdFi.Ods.Tests.EdFi.Ods.Api.ETagProviderTests" runstate="Runnable" result="Passed" duration="0.000254" asserts="1" />
                  <test-case id="6-1855" name="When_entity_Is_IDateVersionedEntity" fullname="EdFi.Ods.Tests.EdFi.Ods.Api.ETagProviderTests.When_entity_Is_IDateVersionedEntity" methodname="When_entity_Is_IDateVersionedEntity" classname="EdFi.Ods.Tests.EdFi.Ods.Api.ETagProviderTests" runstate="Runnable" result="Passed" duration="0.000550" asserts="1" />
                  <test-case id="6-1856" name="When_entity_is_IHasETag" fullname="EdFi.Ods.Tests.EdFi.Ods.Api.ETagProviderTests.When_entity_is_IHasETag" methodname="When_entity_is_IHasETag" classname="EdFi.Ods.Tests.EdFi.Ods.Api.ETagProviderTests" runstate="Runnable" result="Passed" duration="0.000273" asserts="1" />
                  <test-case id="6-1859" name="When_entity_is_string" fullname="EdFi.Ods.Tests.EdFi.Ods.Api.ETagProviderTests.When_entity_is_string" methodname="When_entity_is_string" classname="EdFi.Ods.Tests.EdFi.Ods.Api.ETagProviderTests" runstate="Runnable" result="Passed" duration="0.000216" asserts="1" />
                  <test-case id="6-1863" name="When_GetDateTime_input_invalid__throw_" fullname="EdFi.Ods.Tests.EdFi.Ods.Api.ETagProviderTests.When_GetDateTime_input_invalid__throw_" methodname="When_GetDateTime_input_invalid__throw_" classname="EdFi.Ods.Tests.EdFi.Ods.Api.ETagProviderTests" runstate="Runnable" result="Passed" duration="0.003077" asserts="0" />
                  <test-case id="6-1860" name="When_GetDateTime_input_null_return_defaultDate" fullname="EdFi.Ods.Tests.EdFi.Ods.Api.ETagProviderTests.When_GetDateTime_input_null_return_defaultDate" methodname="When_GetDateTime_input_null_return_defaultDate" classname="EdFi.Ods.Tests.EdFi.Ods.Api.ETagProviderTests" runstate="Runnable" result="Passed" duration="0.000339" asserts="1" />
                  <test-case id="6-1862" name="When_GetDateTime_input_string__return_DateTime" fullname="EdFi.Ods.Tests.EdFi.Ods.Api.ETagProviderTests.When_GetDateTime_input_string__return_DateTime" methodname="When_GetDateTime_input_string__return_DateTime" classname="EdFi.Ods.Tests.EdFi.Ods.Api.ETagProviderTests" runstate="Runnable" result="Passed" duration="0.000355" asserts="1" />
                  <test-case id="6-1861" name="When_GetDateTime_input_whiteSpace_return_defaultDate" fullname="EdFi.Ods.Tests.EdFi.Ods.Api.ETagProviderTests.When_GetDateTime_input_whiteSpace_return_defaultDate" methodname="When_GetDateTime_input_whiteSpace_return_defaultDate" classname="EdFi.Ods.Tests.EdFi.Ods.Api.ETagProviderTests" runstate="Runnable" result="Passed" duration="0.000294" asserts="1" />
                  <test-case id="6-1853" name="When_providing_null_should_return_null" fullname="EdFi.Ods.Tests.EdFi.Ods.Api.ETagProviderTests.When_providing_null_should_return_null" methodname="When_providing_null_should_return_null" classname="EdFi.Ods.Tests.EdFi.Ods.Api.ETagProviderTests" runstate="Runnable" result="Passed" duration="0.000156" asserts="1" />
                </test-suite>
                <test-suite type="Namespace" id="6-3367" name="Extensibility" fullname="EdFi.Ods.Tests.EdFi.Ods.Api.Extensibility" runstate="Runnable" testcasecount="23" result="Passed" duration="0.479367" total="23" passed="0" failed="0" inconclusive="0" skipped="0" asserts="0">
                  <test-suite type="TestFixture" id="6-1884" name="EdFiExtensionsInstallerTests" fullname="EdFi.Ods.Tests.EdFi.Ods.Api.Extensibility.EdFiExtensionsInstallerTests" classname="EdFi.Ods.Tests.EdFi.Ods.Api.Extensibility.EdFiExtensionsInstallerTests" runstate="Runnable" testcasecount="0" result="Inconclusive" duration="0.000133" total="0" passed="0" failed="0" inconclusive="0" skipped="0" asserts="0" />
                  <test-suite type="TestFixture" id="6-3148" name="EdFiExtensionsInstallerTests+When_installing_an_extension_assembly_with_an_Entity_extension_and_an_aggregate_extension_and_an_API_controller" fullname="EdFi.Ods.Tests.EdFi.Ods.Api.Extensibility.EdFiExtensionsInstallerTests+When_installing_an_extension_assembly_with_an_Entity_extension_and_an_aggregate_extension_and_an_API_controller" classname="EdFi.Ods.Tests.EdFi.Ods.Api.Extensibility.EdFiExtensionsInstallerTests+When_installing_an_extension_assembly_with_an_Entity_extension_and_an_aggregate_extension_and_an_API_controller" runstate="Runnable" testcasecount="5" result="Passed" duration="0.393774" total="5" passed="0" failed="0" inconclusive="0" skipped="0" asserts="0">
                    <test-case id="6-3152" name="Should_register_the_Aggregate_extension_type_with_the_extensions_registrar" fullname="EdFi.Ods.Tests.EdFi.Ods.Api.Extensibility.EdFiExtensionsInstallerTests+When_installing_an_extension_assembly_with_an_Entity_extension_and_an_aggregate_extension_and_an_API_controller.Should_register_the_Aggregate_extension_type_with_the_extensions_registrar" methodname="Should_register_the_Aggregate_extension_type_with_the_extensions_registrar" classname="EdFi.Ods.Tests.EdFi.Ods.Api.Extensibility.EdFiExtensionsInstallerTests+When_installing_an_extension_assembly_with_an_Entity_extension_and_an_aggregate_extension_and_an_API_controller" runstate="Runnable" result="Passed" duration="0.009992" asserts="0" />
                    <test-case id="6-3153" name="Should_register_the_API_controller_with_the_IoC_container" fullname="EdFi.Ods.Tests.EdFi.Ods.Api.Extensibility.EdFiExtensionsInstallerTests+When_installing_an_extension_assembly_with_an_Entity_extension_and_an_aggregate_extension_and_an_API_controller.Should_register_the_API_controller_with_the_IoC_container" methodname="Should_register_the_API_controller_with_the_IoC_container" classname="EdFi.Ods.Tests.EdFi.Ods.Api.Extensibility.EdFiExtensionsInstallerTests+When_installing_an_extension_assembly_with_an_Entity_extension_and_an_aggregate_extension_and_an_API_controller" runstate="Runnable" result="Passed" duration="0.000588" asserts="1" />
                    <test-case id="6-3151" name="Should_register_the_Entity_extension_type_with_the_extensions_registrar" fullname="EdFi.Ods.Tests.EdFi.Ods.Api.Extensibility.EdFiExtensionsInstallerTests+When_installing_an_extension_assembly_with_an_Entity_extension_and_an_aggregate_extension_and_an_API_controller.Should_register_the_Entity_extension_type_with_the_extensions_registrar" methodname="Should_register_the_Entity_extension_type_with_the_extensions_registrar" classname="EdFi.Ods.Tests.EdFi.Ods.Api.Extensibility.EdFiExtensionsInstallerTests+When_installing_an_extension_assembly_with_an_Entity_extension_and_an_aggregate_extension_and_an_API_controller" runstate="Runnable" result="Passed" duration="0.001083" asserts="0" />
                    <test-case id="6-3150" name="Should_register_the_IDomainModelDefinitionsProvider_with_the_IoC_container" fullname="EdFi.Ods.Tests.EdFi.Ods.Api.Extensibility.EdFiExtensionsInstallerTests+When_installing_an_extension_assembly_with_an_Entity_extension_and_an_aggregate_extension_and_an_API_controller.Should_register_the_IDomainModelDefinitionsProvider_with_the_IoC_container" methodname="Should_register_the_IDomainModelDefinitionsProvider_with_the_IoC_container" classname="EdFi.Ods.Tests.EdFi.Ods.Api.Extensibility.EdFiExtensionsInstallerTests+When_installing_an_extension_assembly_with_an_Entity_extension_and_an_aggregate_extension_and_an_API_controller" runstate="Runnable" result="Passed" duration="0.000198" asserts="1" />
                    <test-case id="6-3149" name="Should_register_the_IExtensionNHibernateConfigurator_with_the_IoC_container" fullname="EdFi.Ods.Tests.EdFi.Ods.Api.Extensibility.EdFiExtensionsInstallerTests+When_installing_an_extension_assembly_with_an_Entity_extension_and_an_aggregate_extension_and_an_API_controller.Should_register_the_IExtensionNHibernateConfigurator_with_the_IoC_container" methodname="Should_register_the_IExtensionNHibernateConfigurator_with_the_IoC_container" classname="EdFi.Ods.Tests.EdFi.Ods.Api.Extensibility.EdFiExtensionsInstallerTests+When_installing_an_extension_assembly_with_an_Entity_extension_and_an_aggregate_extension_and_an_API_controller" runstate="Runnable" result="Passed" duration="0.000201" asserts="1" />
                  </test-suite>
                  <test-suite type="TestFixture" id="6-1885" name="EntityExtensionFactoryTests" fullname="EdFi.Ods.Tests.EdFi.Ods.Api.Extensibility.EntityExtensionFactoryTests" classname="EdFi.Ods.Tests.EdFi.Ods.Api.Extensibility.EntityExtensionFactoryTests" runstate="Runnable" testcasecount="0" result="Inconclusive" duration="0.000138" total="0" passed="0" failed="0" inconclusive="0" skipped="0" asserts="0" />
                  <test-suite type="TestFixture" id="6-3154" name="EntityExtensionFactoryTests+When_an_extension_entity_is_registered_with_the_extensions_factory" fullname="EdFi.Ods.Tests.EdFi.Ods.Api.Extensibility.EntityExtensionFactoryTests+When_an_extension_entity_is_registered_with_the_extensions_factory" classname="EdFi.Ods.Tests.EdFi.Ods.Api.Extensibility.EntityExtensionFactoryTests+When_an_extension_entity_is_registered_with_the_extensions_factory" runstate="Runnable" testcasecount="4" result="Passed" duration="0.011811" total="4" passed="0" failed="0" inconclusive="0" skipped="0" asserts="0">
                    <test-case id="6-3158" name="Should_assign_the_supplied_parent_object_as_the_parent_of_the_created_extension_instance" fullname="EdFi.Ods.Tests.EdFi.Ods.Api.Extensibility.EntityExtensionFactoryTests+When_an_extension_entity_is_registered_with_the_extensions_factory.Should_assign_the_supplied_parent_object_as_the_parent_of_the_created_extension_instance" methodname="Should_assign_the_supplied_parent_object_as_the_parent_of_the_created_extension_instance" classname="EdFi.Ods.Tests.EdFi.Ods.Api.Extensibility.EntityExtensionFactoryTests+When_an_extension_entity_is_registered_with_the_extensions_factory" runstate="Runnable" result="Passed" duration="0.000741" asserts="1" />
                    <test-case id="6-3157" name="Should_create_an_instance_of_the_registered_extension_type_wrapped_in_an_ArrayList" fullname="EdFi.Ods.Tests.EdFi.Ods.Api.Extensibility.EntityExtensionFactoryTests+When_an_extension_entity_is_registered_with_the_extensions_factory.Should_create_an_instance_of_the_registered_extension_type_wrapped_in_an_ArrayList" methodname="Should_create_an_instance_of_the_registered_extension_type_wrapped_in_an_ArrayList" classname="EdFi.Ods.Tests.EdFi.Ods.Api.Extensibility.EntityExtensionFactoryTests+When_an_extension_entity_is_registered_with_the_extensions_factory" runstate="Runnable" result="Passed" duration="0.001875" asserts="3" />
                    <test-case id="6-3155" name="Should_create_entity_extensions_dictionary_containing_a_single_entry" fullname="EdFi.Ods.Tests.EdFi.Ods.Api.Extensibility.EntityExtensionFactoryTests+When_an_extension_entity_is_registered_with_the_extensions_factory.Should_create_entity_extensions_dictionary_containing_a_single_entry" methodname="Should_create_entity_extensions_dictionary_containing_a_single_entry" classname="EdFi.Ods.Tests.EdFi.Ods.Api.Extensibility.EntityExtensionFactoryTests+When_an_extension_entity_is_registered_with_the_extensions_factory" runstate="Runnable" result="Passed" duration="0.000277" asserts="1" />
                    <test-case id="6-3156" name="Should_use_the_supplied_extension_name_as_the_key_for_the_entry" fullname="EdFi.Ods.Tests.EdFi.Ods.Api.Extensibility.EntityExtensionFactoryTests+When_an_extension_entity_is_registered_with_the_extensions_factory.Should_use_the_supplied_extension_name_as_the_key_for_the_entry" methodname="Should_use_the_supplied_extension_name_as_the_key_for_the_entry" classname="EdFi.Ods.Tests.EdFi.Ods.Api.Extensibility.EntityExtensionFactoryTests+When_an_extension_entity_is_registered_with_the_extensions_factory" runstate="Runnable" result="Passed" duration="0.001391" asserts="1" />
                  </test-suite>
                  <test-suite type="TestFixture" id="6-3181" name="EntityExtensionFactoryTests+When_registering_a_valid_aggregate_extension_to_a_valid_standard_edfi_entity" fullname="EdFi.Ods.Tests.EdFi.Ods.Api.Extensibility.EntityExtensionFactoryTests+When_registering_a_valid_aggregate_extension_to_a_valid_standard_edfi_entity" classname="EdFi.Ods.Tests.EdFi.Ods.Api.Extensibility.EntityExtensionFactoryTests+When_registering_a_valid_aggregate_extension_to_a_valid_standard_edfi_entity" runstate="Runnable" testcasecount="1" result="Passed" duration="0.019166" total="1" passed="0" failed="0" inconclusive="0" skipped="0" asserts="0">
                    <test-case id="6-3182" name="Should_return_correctly_constructed_aggregate_extension_dictionary_when_CreateAggregateExtensions_is_called" fullname="EdFi.Ods.Tests.EdFi.Ods.Api.Extensibility.EntityExtensionFactoryTests+When_registering_a_valid_aggregate_extension_to_a_valid_standard_edfi_entity.Should_return_correctly_constructed_aggregate_extension_dictionary_when_CreateAggregateExtensions_is_called" methodname="Should_return_correctly_constructed_aggregate_extension_dictionary_when_CreateAggregateExtensions_is_called" classname="EdFi.Ods.Tests.EdFi.Ods.Api.Extensibility.EntityExtensionFactoryTests+When_registering_a_valid_aggregate_extension_to_a_valid_standard_edfi_entity" runstate="Runnable" result="Passed" duration="0.002700" asserts="2" />
                  </test-suite>
                  <test-suite type="TestFixture" id="6-3179" name="EntityExtensionFactoryTests+When_registering_an_aggregate_extension_and_the_aggregateExtensionEntity_parameter_provided_is_not_an_aggregate_extension_entity" fullname="EdFi.Ods.Tests.EdFi.Ods.Api.Extensibility.EntityExtensionFactoryTests+When_registering_an_aggregate_extension_and_the_aggregateExtensionEntity_parameter_provided_is_not_an_aggregate_extension_entity" classname="EdFi.Ods.Tests.EdFi.Ods.Api.Extensibility.EntityExtensionFactoryTests+When_registering_an_aggregate_extension_and_the_aggregateExtensionEntity_parameter_provided_is_not_an_aggregate_extension_entity" runstate="Runnable" testcasecount="1" result="Passed" duration="0.005689" total="1" passed="0" failed="0" inconclusive="0" skipped="0" asserts="0">
                    <test-case id="6-3180" name="Should_throw_exception_when_RegisterAggregateExtensionEntity_is_called" fullname="EdFi.Ods.Tests.EdFi.Ods.Api.Extensibility.EntityExtensionFactoryTests+When_registering_an_aggregate_extension_and_the_aggregateExtensionEntity_parameter_provided_is_not_an_aggregate_extension_entity.Should_throw_exception_when_RegisterAggregateExtensionEntity_is_called" methodname="Should_throw_exception_when_RegisterAggregateExtensionEntity_is_called" classname="EdFi.Ods.Tests.EdFi.Ods.Api.Extensibility.EntityExtensionFactoryTests+When_registering_an_aggregate_extension_and_the_aggregateExtensionEntity_parameter_provided_is_not_an_aggregate_extension_entity" runstate="Runnable" result="Passed" duration="0.001187" asserts="2" />
                  </test-suite>
                  <test-suite type="TestFixture" id="6-3177" name="EntityExtensionFactoryTests+When_registering_an_aggregate_extension_for_an_standard_entity_type_that_is_not_a_subclass_of_EntityWithCompositeKey" fullname="EdFi.Ods.Tests.EdFi.Ods.Api.Extensibility.EntityExtensionFactoryTests+When_registering_an_aggregate_extension_for_an_standard_entity_type_that_is_not_a_subclass_of_EntityWithCompositeKey" classname="EdFi.Ods.Tests.EdFi.Ods.Api.Extensibility.EntityExtensionFactoryTests+When_registering_an_aggregate_extension_for_an_standard_entity_type_that_is_not_a_subclass_of_EntityWithCompositeKey" runstate="Runnable" testcasecount="1" result="Passed" duration="0.014455" total="1" passed="0" failed="0" inconclusive="0" skipped="0" asserts="0">
                    <test-case id="6-3178" name="Should_throw_argument_exception_when_RegisterAggregateExtensionEntity_is_called" fullname="EdFi.Ods.Tests.EdFi.Ods.Api.Extensibility.EntityExtensionFactoryTests+When_registering_an_aggregate_extension_for_an_standard_entity_type_that_is_not_a_subclass_of_EntityWithCompositeKey.Should_throw_argument_exception_when_RegisterAggregateExtensionEntity_is_called" methodname="Should_throw_argument_exception_when_RegisterAggregateExtensionEntity_is_called" classname="EdFi.Ods.Tests.EdFi.Ods.Api.Extensibility.EntityExtensionFactoryTests+When_registering_an_aggregate_extension_for_an_standard_entity_type_that_is_not_a_subclass_of_EntityWithCompositeKey" runstate="Runnable" result="Passed" duration="0.010817" asserts="2" />
                  </test-suite>
                  <test-suite type="TestFixture" id="6-3173" name="EntityExtensionFactoryTests+When_registering_an_extension_entity_that_is_the_same_type_as_the_entity" fullname="EdFi.Ods.Tests.EdFi.Ods.Api.Extensibility.EntityExtensionFactoryTests+When_registering_an_extension_entity_that_is_the_same_type_as_the_entity" classname="EdFi.Ods.Tests.EdFi.Ods.Api.Extensibility.EntityExtensionFactoryTests+When_registering_an_extension_entity_that_is_the_same_type_as_the_entity" runstate="Runnable" testcasecount="1" result="Passed" duration="0.001534" total="1" passed="0" failed="0" inconclusive="0" skipped="0" asserts="0">
                    <test-case id="6-3174" name="ArgumentException_should_be_thrown_when_Register_Extension_Type_Is_Called" fullname="EdFi.Ods.Tests.EdFi.Ods.Api.Extensibility.EntityExtensionFactoryTests+When_registering_an_extension_entity_that_is_the_same_type_as_the_entity.ArgumentException_should_be_thrown_when_Register_Extension_Type_Is_Called" methodname="ArgumentException_should_be_thrown_when_Register_Extension_Type_Is_Called" classname="EdFi.Ods.Tests.EdFi.Ods.Api.Extensibility.EntityExtensionFactoryTests+When_registering_an_extension_entity_that_is_the_same_type_as_the_entity" runstate="Runnable" result="Passed" duration="0.000821" asserts="2" />
                  </test-suite>
                  <test-suite type="TestFixture" id="6-3169" name="EntityExtensionFactoryTests+When_registering_an_extension_entity_type_with_a_empty_extension_name" fullname="EdFi.Ods.Tests.EdFi.Ods.Api.Extensibility.EntityExtensionFactoryTests+When_registering_an_extension_entity_type_with_a_empty_extension_name" classname="EdFi.Ods.Tests.EdFi.Ods.Api.Extensibility.EntityExtensionFactoryTests+When_registering_an_extension_entity_type_with_a_empty_extension_name" runstate="Runnable" testcasecount="1" result="Passed" duration="0.001042" total="1" passed="0" failed="0" inconclusive="0" skipped="0" asserts="0">
                    <test-case id="6-3170" name="Should_throw_argument_exception_for_empty_extension_name" fullname="EdFi.Ods.Tests.EdFi.Ods.Api.Extensibility.EntityExtensionFactoryTests+When_registering_an_extension_entity_type_with_a_empty_extension_name.Should_throw_argument_exception_for_empty_extension_name" methodname="Should_throw_argument_exception_for_empty_extension_name" classname="EdFi.Ods.Tests.EdFi.Ods.Api.Extensibility.EntityExtensionFactoryTests+When_registering_an_extension_entity_type_with_a_empty_extension_name" runstate="Runnable" result="Passed" duration="0.000454" asserts="1" />
                  </test-suite>
                  <test-suite type="TestFixture" id="6-3167" name="EntityExtensionFactoryTests+When_registering_an_extension_entity_type_with_a_null_extension_name" fullname="EdFi.Ods.Tests.EdFi.Ods.Api.Extensibility.EntityExtensionFactoryTests+When_registering_an_extension_entity_type_with_a_null_extension_name" classname="EdFi.Ods.Tests.EdFi.Ods.Api.Extensibility.EntityExtensionFactoryTests+When_registering_an_extension_entity_type_with_a_null_extension_name" runstate="Runnable" testcasecount="1" result="Passed" duration="0.000857" total="1" passed="0" failed="0" inconclusive="0" skipped="0" asserts="0">
                    <test-case id="6-3168" name="Should_throw_argument_exception_for_null_extension_name" fullname="EdFi.Ods.Tests.EdFi.Ods.Api.Extensibility.EntityExtensionFactoryTests+When_registering_an_extension_entity_type_with_a_null_extension_name.Should_throw_argument_exception_for_null_extension_name" methodname="Should_throw_argument_exception_for_null_extension_name" classname="EdFi.Ods.Tests.EdFi.Ods.Api.Extensibility.EntityExtensionFactoryTests+When_registering_an_extension_entity_type_with_a_null_extension_name" runstate="Runnable" result="Passed" duration="0.000236" asserts="1" />
                  </test-suite>
                  <test-suite type="TestFixture" id="6-3171" name="EntityExtensionFactoryTests+When_registering_an_extension_entity_type_with_a_whitespace_extension_name" fullname="EdFi.Ods.Tests.EdFi.Ods.Api.Extensibility.EntityExtensionFactoryTests+When_registering_an_extension_entity_type_with_a_whitespace_extension_name" classname="EdFi.Ods.Tests.EdFi.Ods.Api.Extensibility.EntityExtensionFactoryTests+When_registering_an_extension_entity_type_with_a_whitespace_extension_name" runstate="Runnable" testcasecount="1" result="Passed" duration="0.001218" total="1" passed="0" failed="0" inconclusive="0" skipped="0" asserts="0">
                    <test-case id="6-3172" name="Should_throw_argument_exception_for_empty_extension_name" fullname="EdFi.Ods.Tests.EdFi.Ods.Api.Extensibility.EntityExtensionFactoryTests+When_registering_an_extension_entity_type_with_a_whitespace_extension_name.Should_throw_argument_exception_for_empty_extension_name" methodname="Should_throw_argument_exception_for_empty_extension_name" classname="EdFi.Ods.Tests.EdFi.Ods.Api.Extensibility.EntityExtensionFactoryTests+When_registering_an_extension_entity_type_with_a_whitespace_extension_name" runstate="Runnable" result="Passed" duration="0.000600" asserts="2" />
                  </test-suite>
                  <test-suite type="TestFixture" id="6-3175" name="EntityExtensionFactoryTests+When_registering_an_extension_for_an_entity_that_is_not_a_subclass_of_EntityWithCompositeKey" fullname="EdFi.Ods.Tests.EdFi.Ods.Api.Extensibility.EntityExtensionFactoryTests+When_registering_an_extension_for_an_entity_that_is_not_a_subclass_of_EntityWithCompositeKey" classname="EdFi.Ods.Tests.EdFi.Ods.Api.Extensibility.EntityExtensionFactoryTests+When_registering_an_extension_for_an_entity_that_is_not_a_subclass_of_EntityWithCompositeKey" runstate="Runnable" testcasecount="1" result="Passed" duration="0.001220" total="1" passed="0" failed="0" inconclusive="0" skipped="0" asserts="0">
                    <test-case id="6-3176" name="ArgumentException_should_be_thrown_when_Register_Extension_Type_Is_Called" fullname="EdFi.Ods.Tests.EdFi.Ods.Api.Extensibility.EntityExtensionFactoryTests+When_registering_an_extension_for_an_entity_that_is_not_a_subclass_of_EntityWithCompositeKey.ArgumentException_should_be_thrown_when_Register_Extension_Type_Is_Called" methodname="ArgumentException_should_be_thrown_when_Register_Extension_Type_Is_Called" classname="EdFi.Ods.Tests.EdFi.Ods.Api.Extensibility.EntityExtensionFactoryTests+When_registering_an_extension_for_an_entity_that_is_not_a_subclass_of_EntityWithCompositeKey" runstate="Runnable" result="Passed" duration="0.000618" asserts="2" />
                  </test-suite>
                  <test-suite type="TestFixture" id="6-3165" name="EntityExtensionFactoryTests+When_registering_two_extensions_for_the_same_entity_type_with_the_same_extension_name" fullname="EdFi.Ods.Tests.EdFi.Ods.Api.Extensibility.EntityExtensionFactoryTests+When_registering_two_extensions_for_the_same_entity_type_with_the_same_extension_name" classname="EdFi.Ods.Tests.EdFi.Ods.Api.Extensibility.EntityExtensionFactoryTests+When_registering_two_extensions_for_the_same_entity_type_with_the_same_extension_name" runstate="Runnable" testcasecount="1" result="Passed" duration="0.002186" total="1" passed="0" failed="0" inconclusive="0" skipped="0" asserts="0">
                    <test-case id="6-3166" name="Should_throw_an_exception_that_the_extension_entry_is_already_registered" fullname="EdFi.Ods.Tests.EdFi.Ods.Api.Extensibility.EntityExtensionFactoryTests+When_registering_two_extensions_for_the_same_entity_type_with_the_same_extension_name.Should_throw_an_exception_that_the_extension_entry_is_already_registered" methodname="Should_throw_an_exception_that_the_extension_entry_is_already_registered" classname="EdFi.Ods.Tests.EdFi.Ods.Api.Extensibility.EntityExtensionFactoryTests+When_registering_two_extensions_for_the_same_entity_type_with_the_same_extension_name" runstate="Runnable" result="Passed" duration="0.000201" asserts="1" />
                  </test-suite>
                  <test-suite type="TestFixture" id="6-3159" name="EntityExtensionFactoryTests+When_two_extensions_for_the_same_entity_type_are_registered_with_the_factory" fullname="EdFi.Ods.Tests.EdFi.Ods.Api.Extensibility.EntityExtensionFactoryTests+When_two_extensions_for_the_same_entity_type_are_registered_with_the_factory" classname="EdFi.Ods.Tests.EdFi.Ods.Api.Extensibility.EntityExtensionFactoryTests+When_two_extensions_for_the_same_entity_type_are_registered_with_the_factory" runstate="Runnable" testcasecount="5" result="Passed" duration="0.012114" total="5" passed="0" failed="0" inconclusive="0" skipped="0" asserts="0">
                    <test-case id="6-3164" name="Should_assign_the_supplied_parent_to_all_extensions_created" fullname="EdFi.Ods.Tests.EdFi.Ods.Api.Extensibility.EntityExtensionFactoryTests+When_two_extensions_for_the_same_entity_type_are_registered_with_the_factory.Should_assign_the_supplied_parent_to_all_extensions_created" methodname="Should_assign_the_supplied_parent_to_all_extensions_created" classname="EdFi.Ods.Tests.EdFi.Ods.Api.Extensibility.EntityExtensionFactoryTests+When_two_extensions_for_the_same_entity_type_are_registered_with_the_factory" runstate="Runnable" result="Passed" duration="0.004564" asserts="2" />
                    <test-case id="6-3161" name="Should_contain_an_entry_for_each_of_the_supplied_extension_names" fullname="EdFi.Ods.Tests.EdFi.Ods.Api.Extensibility.EntityExtensionFactoryTests+When_two_extensions_for_the_same_entity_type_are_registered_with_the_factory.Should_contain_an_entry_for_each_of_the_supplied_extension_names" methodname="Should_contain_an_entry_for_each_of_the_supplied_extension_names" classname="EdFi.Ods.Tests.EdFi.Ods.Api.Extensibility.EntityExtensionFactoryTests+When_two_extensions_for_the_same_entity_type_are_registered_with_the_factory" runstate="Runnable" result="Passed" duration="0.000818" asserts="1" />
                    <test-case id="6-3160" name="Should_create_entity_extensions_dictionary_containing_two_entries" fullname="EdFi.Ods.Tests.EdFi.Ods.Api.Extensibility.EntityExtensionFactoryTests+When_two_extensions_for_the_same_entity_type_are_registered_with_the_factory.Should_create_entity_extensions_dictionary_containing_two_entries" methodname="Should_create_entity_extensions_dictionary_containing_two_entries" classname="EdFi.Ods.Tests.EdFi.Ods.Api.Extensibility.EntityExtensionFactoryTests+When_two_extensions_for_the_same_entity_type_are_registered_with_the_factory" runstate="Runnable" result="Passed" duration="0.000281" asserts="1" />
                    <test-case id="6-3162" name="Should_create_instance_of_the_first_registered_extension_type_keyed_by_the_extension_name_and_wrapped_in_an_ArrayList" fullname="EdFi.Ods.Tests.EdFi.Ods.Api.Extensibility.EntityExtensionFactoryTests+When_two_extensions_for_the_same_entity_type_are_registered_with_the_factory.Should_create_instance_of_the_first_registered_extension_type_keyed_by_the_extension_name_and_wrapped_in_an_ArrayList" methodname="Should_create_instance_of_the_first_registered_extension_type_keyed_by_the_extension_name_and_wrapped_in_an_ArrayList" classname="EdFi.Ods.Tests.EdFi.Ods.Api.Extensibility.EntityExtensionFactoryTests+When_two_extensions_for_the_same_entity_type_are_registered_with_the_factory" runstate="Runnable" result="Passed" duration="0.001496" asserts="3" />
                    <test-case id="6-3163" name="Should_create_instance_of_the_second_registered_extension_type_keyed_by_the_extension_name_and_wrapped_in_an_ArrayList" fullname="EdFi.Ods.Tests.EdFi.Ods.Api.Extensibility.EntityExtensionFactoryTests+When_two_extensions_for_the_same_entity_type_are_registered_with_the_factory.Should_create_instance_of_the_second_registered_extension_type_keyed_by_the_extension_name_and_wrapped_in_an_ArrayList" methodname="Should_create_instance_of_the_second_registered_extension_type_keyed_by_the_extension_name_and_wrapped_in_an_ArrayList" classname="EdFi.Ods.Tests.EdFi.Ods.Api.Extensibility.EntityExtensionFactoryTests+When_two_extensions_for_the_same_entity_type_are_registered_with_the_factory" runstate="Runnable" result="Passed" duration="0.000993" asserts="3" />
                  </test-suite>
                </test-suite>
                <test-suite type="Namespace" id="6-3366" name="Extensions" fullname="EdFi.Ods.Tests.EdFi.Ods.Api.Extensions" runstate="Runnable" testcasecount="15" result="Passed" duration="0.069992" total="15" passed="0" failed="0" inconclusive="0" skipped="0" asserts="0">
                  <test-suite type="TestFixture" id="6-1883" name="RequestExtensionsTests" fullname="EdFi.Ods.Tests.EdFi.Ods.Api.Extensions.RequestExtensionsTests" classname="EdFi.Ods.Tests.EdFi.Ods.Api.Extensions.RequestExtensionsTests" runstate="Runnable" testcasecount="0" result="Inconclusive" duration="0.000225" total="0" passed="0" failed="0" inconclusive="0" skipped="0" asserts="0" />
                  <test-suite type="TestFixture" id="6-3124" name="RequestExtensionsTests+When_calling_a_secure_endpoint_using_proxy_forwarding" fullname="EdFi.Ods.Tests.EdFi.Ods.Api.Extensions.RequestExtensionsTests+When_calling_a_secure_endpoint_using_proxy_forwarding" classname="EdFi.Ods.Tests.EdFi.Ods.Api.Extensions.RequestExtensionsTests+When_calling_a_secure_endpoint_using_proxy_forwarding" runstate="Runnable" testcasecount="3" result="Passed" duration="0.028682" total="3" passed="0" failed="0" inconclusive="0" skipped="0" asserts="0">
                    <test-case id="6-3126" name="Should_return_the_forwarded_host" fullname="EdFi.Ods.Tests.EdFi.Ods.Api.Extensions.RequestExtensionsTests+When_calling_a_secure_endpoint_using_proxy_forwarding.Should_return_the_forwarded_host" methodname="Should_return_the_forwarded_host" classname="EdFi.Ods.Tests.EdFi.Ods.Api.Extensions.RequestExtensionsTests+When_calling_a_secure_endpoint_using_proxy_forwarding" runstate="Runnable" result="Passed" duration="0.000266" asserts="1" />
                    <test-case id="6-3127" name="Should_return_the_forwarded_port" fullname="EdFi.Ods.Tests.EdFi.Ods.Api.Extensions.RequestExtensionsTests+When_calling_a_secure_endpoint_using_proxy_forwarding.Should_return_the_forwarded_port" methodname="Should_return_the_forwarded_port" classname="EdFi.Ods.Tests.EdFi.Ods.Api.Extensions.RequestExtensionsTests+When_calling_a_secure_endpoint_using_proxy_forwarding" runstate="Runnable" result="Passed" duration="0.000335" asserts="1" />
                    <test-case id="6-3125" name="Should_return_the_forwarded_scheme" fullname="EdFi.Ods.Tests.EdFi.Ods.Api.Extensions.RequestExtensionsTests+When_calling_a_secure_endpoint_using_proxy_forwarding.Should_return_the_forwarded_scheme" methodname="Should_return_the_forwarded_scheme" classname="EdFi.Ods.Tests.EdFi.Ods.Api.Extensions.RequestExtensionsTests+When_calling_a_secure_endpoint_using_proxy_forwarding" runstate="Runnable" result="Passed" duration="0.000336" asserts="1" />
                  </test-suite>
                  <test-suite type="TestFixture" id="6-3128" name="RequestExtensionsTests+When_calling_a_secure_endpoint_using_proxy_forwarding_having_an_empty_host" fullname="EdFi.Ods.Tests.EdFi.Ods.Api.Extensions.RequestExtensionsTests+When_calling_a_secure_endpoint_using_proxy_forwarding_having_an_empty_host" classname="EdFi.Ods.Tests.EdFi.Ods.Api.Extensions.RequestExtensionsTests+When_calling_a_secure_endpoint_using_proxy_forwarding_having_an_empty_host" runstate="Runnable" testcasecount="1" result="Passed" duration="0.002208" total="1" passed="0" failed="0" inconclusive="0" skipped="0" asserts="0">
                    <test-case id="6-3129" name="Should_return_the_forwarded_host" fullname="EdFi.Ods.Tests.EdFi.Ods.Api.Extensions.RequestExtensionsTests+When_calling_a_secure_endpoint_using_proxy_forwarding_having_an_empty_host.Should_return_the_forwarded_host" methodname="Should_return_the_forwarded_host" classname="EdFi.Ods.Tests.EdFi.Ods.Api.Extensions.RequestExtensionsTests+When_calling_a_secure_endpoint_using_proxy_forwarding_having_an_empty_host" runstate="Runnable" result="Passed" duration="0.000282" asserts="1" />
                  </test-suite>
                  <test-suite type="TestFixture" id="6-3130" name="RequestExtensionsTests+When_calling_a_secure_endpoint_using_proxy_forwarding_having_an_empty_port" fullname="EdFi.Ods.Tests.EdFi.Ods.Api.Extensions.RequestExtensionsTests+When_calling_a_secure_endpoint_using_proxy_forwarding_having_an_empty_port" classname="EdFi.Ods.Tests.EdFi.Ods.Api.Extensions.RequestExtensionsTests+When_calling_a_secure_endpoint_using_proxy_forwarding_having_an_empty_port" runstate="Runnable" testcasecount="1" result="Passed" duration="0.002135" total="1" passed="0" failed="0" inconclusive="0" skipped="0" asserts="0">
                    <test-case id="6-3131" name="Should_return_the_forwarded_port" fullname="EdFi.Ods.Tests.EdFi.Ods.Api.Extensions.RequestExtensionsTests+When_calling_a_secure_endpoint_using_proxy_forwarding_having_an_empty_port.Should_return_the_forwarded_port" methodname="Should_return_the_forwarded_port" classname="EdFi.Ods.Tests.EdFi.Ods.Api.Extensions.RequestExtensionsTests+When_calling_a_secure_endpoint_using_proxy_forwarding_having_an_empty_port" runstate="Runnable" result="Passed" duration="0.000287" asserts="1" />
                  </test-suite>
                  <test-suite type="TestFixture" id="6-3132" name="RequestExtensionsTests+When_calling_a_secure_endpoint_using_proxy_forwarding_having_an_empty_scheme" fullname="EdFi.Ods.Tests.EdFi.Ods.Api.Extensions.RequestExtensionsTests+When_calling_a_secure_endpoint_using_proxy_forwarding_having_an_empty_scheme" classname="EdFi.Ods.Tests.EdFi.Ods.Api.Extensions.RequestExtensionsTests+When_calling_a_secure_endpoint_using_proxy_forwarding_having_an_empty_scheme" runstate="Runnable" testcasecount="1" result="Passed" duration="0.001780" total="1" passed="0" failed="0" inconclusive="0" skipped="0" asserts="0">
                    <test-case id="6-3133" name="Should_return_the_forwarded_scheme" fullname="EdFi.Ods.Tests.EdFi.Ods.Api.Extensions.RequestExtensionsTests+When_calling_a_secure_endpoint_using_proxy_forwarding_having_an_empty_scheme.Should_return_the_forwarded_scheme" methodname="Should_return_the_forwarded_scheme" classname="EdFi.Ods.Tests.EdFi.Ods.Api.Extensions.RequestExtensionsTests+When_calling_a_secure_endpoint_using_proxy_forwarding_having_an_empty_scheme" runstate="Runnable" result="Passed" duration="0.000234" asserts="1" />
                  </test-suite>
                  <test-suite type="TestFixture" id="6-3138" name="RequestExtensionsTests+When_calling_a_secure_endpoint_without_using_proxy_forwarding" fullname="EdFi.Ods.Tests.EdFi.Ods.Api.Extensions.RequestExtensionsTests+When_calling_a_secure_endpoint_without_using_proxy_forwarding" classname="EdFi.Ods.Tests.EdFi.Ods.Api.Extensions.RequestExtensionsTests+When_calling_a_secure_endpoint_without_using_proxy_forwarding" runstate="Runnable" testcasecount="3" result="Passed" duration="0.004166" total="3" passed="0" failed="0" inconclusive="0" skipped="0" asserts="0">
                    <test-case id="6-3140" name="Should_return_the_request_host" fullname="EdFi.Ods.Tests.EdFi.Ods.Api.Extensions.RequestExtensionsTests+When_calling_a_secure_endpoint_without_using_proxy_forwarding.Should_return_the_request_host" methodname="Should_return_the_request_host" classname="EdFi.Ods.Tests.EdFi.Ods.Api.Extensions.RequestExtensionsTests+When_calling_a_secure_endpoint_without_using_proxy_forwarding" runstate="Runnable" result="Passed" duration="0.000266" asserts="1" />
                    <test-case id="6-3141" name="Should_return_the_request_port" fullname="EdFi.Ods.Tests.EdFi.Ods.Api.Extensions.RequestExtensionsTests+When_calling_a_secure_endpoint_without_using_proxy_forwarding.Should_return_the_request_port" methodname="Should_return_the_request_port" classname="EdFi.Ods.Tests.EdFi.Ods.Api.Extensions.RequestExtensionsTests+When_calling_a_secure_endpoint_without_using_proxy_forwarding" runstate="Runnable" result="Passed" duration="0.000305" asserts="1" />
                    <test-case id="6-3139" name="Should_return_the_request_scheme" fullname="EdFi.Ods.Tests.EdFi.Ods.Api.Extensions.RequestExtensionsTests+When_calling_a_secure_endpoint_without_using_proxy_forwarding.Should_return_the_request_scheme" methodname="Should_return_the_request_scheme" classname="EdFi.Ods.Tests.EdFi.Ods.Api.Extensions.RequestExtensionsTests+When_calling_a_secure_endpoint_without_using_proxy_forwarding" runstate="Runnable" result="Passed" duration="0.000215" asserts="1" />
                  </test-suite>
                  <test-suite type="TestFixture" id="6-3134" name="RequestExtensionsTests+When_calling_a_secure_endpoint_without_using_proxy_forwarding_and_proxy_headers_are_present" fullname="EdFi.Ods.Tests.EdFi.Ods.Api.Extensions.RequestExtensionsTests+When_calling_a_secure_endpoint_without_using_proxy_forwarding_and_proxy_headers_are_present" classname="EdFi.Ods.Tests.EdFi.Ods.Api.Extensions.RequestExtensionsTests+When_calling_a_secure_endpoint_without_using_proxy_forwarding_and_proxy_headers_are_present" runstate="Runnable" testcasecount="3" result="Passed" duration="0.003222" total="3" passed="0" failed="0" inconclusive="0" skipped="0" asserts="0">
                    <test-case id="6-3136" name="Should_return_the_request_host" fullname="EdFi.Ods.Tests.EdFi.Ods.Api.Extensions.RequestExtensionsTests+When_calling_a_secure_endpoint_without_using_proxy_forwarding_and_proxy_headers_are_present.Should_return_the_request_host" methodname="Should_return_the_request_host" classname="EdFi.Ods.Tests.EdFi.Ods.Api.Extensions.RequestExtensionsTests+When_calling_a_secure_endpoint_without_using_proxy_forwarding_and_proxy_headers_are_present" runstate="Runnable" result="Passed" duration="0.000239" asserts="1" />
                    <test-case id="6-3137" name="Should_return_the_request_port" fullname="EdFi.Ods.Tests.EdFi.Ods.Api.Extensions.RequestExtensionsTests+When_calling_a_secure_endpoint_without_using_proxy_forwarding_and_proxy_headers_are_present.Should_return_the_request_port" methodname="Should_return_the_request_port" classname="EdFi.Ods.Tests.EdFi.Ods.Api.Extensions.RequestExtensionsTests+When_calling_a_secure_endpoint_without_using_proxy_forwarding_and_proxy_headers_are_present" runstate="Runnable" result="Passed" duration="0.000225" asserts="1" />
                    <test-case id="6-3135" name="Should_return_the_request_scheme" fullname="EdFi.Ods.Tests.EdFi.Ods.Api.Extensions.RequestExtensionsTests+When_calling_a_secure_endpoint_without_using_proxy_forwarding_and_proxy_headers_are_present.Should_return_the_request_scheme" methodname="Should_return_the_request_scheme" classname="EdFi.Ods.Tests.EdFi.Ods.Api.Extensions.RequestExtensionsTests+When_calling_a_secure_endpoint_without_using_proxy_forwarding_and_proxy_headers_are_present" runstate="Runnable" result="Passed" duration="0.000217" asserts="1" />
                  </test-suite>
                  <test-suite type="TestFixture" id="6-3146" name="RequestExtensionsTests+When_calling_a_secure_endpoint_without_using_proxy_forwarding_and_using_a_virtual_path" fullname="EdFi.Ods.Tests.EdFi.Ods.Api.Extensions.RequestExtensionsTests+When_calling_a_secure_endpoint_without_using_proxy_forwarding_and_using_a_virtual_path" classname="EdFi.Ods.Tests.EdFi.Ods.Api.Extensions.RequestExtensionsTests+When_calling_a_secure_endpoint_without_using_proxy_forwarding_and_using_a_virtual_path" runstate="Runnable" testcasecount="1" result="Passed" duration="0.010002" total="1" passed="0" failed="0" inconclusive="0" skipped="0" asserts="0">
                    <test-case id="6-3147" name="Should_return_the_forwarded_root_url" fullname="EdFi.Ods.Tests.EdFi.Ods.Api.Extensions.RequestExtensionsTests+When_calling_a_secure_endpoint_without_using_proxy_forwarding_and_using_a_virtual_path.Should_return_the_forwarded_root_url" methodname="Should_return_the_forwarded_root_url" classname="EdFi.Ods.Tests.EdFi.Ods.Api.Extensions.RequestExtensionsTests+When_calling_a_secure_endpoint_without_using_proxy_forwarding_and_using_a_virtual_path" runstate="Runnable" result="Passed" duration="0.000275" asserts="1" />
                  </test-suite>
                  <test-suite type="TestFixture" id="6-3144" name="RequestExtensionsTests+When_getting_root_url_using_proxy_forwarding_and_virtual_path_with_default_http_port" fullname="EdFi.Ods.Tests.EdFi.Ods.Api.Extensions.RequestExtensionsTests+When_getting_root_url_using_proxy_forwarding_and_virtual_path_with_default_http_port" classname="EdFi.Ods.Tests.EdFi.Ods.Api.Extensions.RequestExtensionsTests+When_getting_root_url_using_proxy_forwarding_and_virtual_path_with_default_http_port" runstate="Runnable" testcasecount="1" result="Passed" duration="0.006415" total="1" passed="0" failed="0" inconclusive="0" skipped="0" asserts="0">
                    <test-case id="6-3145" name="Should_return_the_forwarded_root_url_with_no_port" fullname="EdFi.Ods.Tests.EdFi.Ods.Api.Extensions.RequestExtensionsTests+When_getting_root_url_using_proxy_forwarding_and_virtual_path_with_default_http_port.Should_return_the_forwarded_root_url_with_no_port" methodname="Should_return_the_forwarded_root_url_with_no_port" classname="EdFi.Ods.Tests.EdFi.Ods.Api.Extensions.RequestExtensionsTests+When_getting_root_url_using_proxy_forwarding_and_virtual_path_with_default_http_port" runstate="Runnable" result="Passed" duration="0.000219" asserts="1" />
                  </test-suite>
                  <test-suite type="TestFixture" id="6-3142" name="RequestExtensionsTests+When_getting_root_url_using_proxy_forwarding_and_virtual_path_with_default_https_port" fullname="EdFi.Ods.Tests.EdFi.Ods.Api.Extensions.RequestExtensionsTests+When_getting_root_url_using_proxy_forwarding_and_virtual_path_with_default_https_port" classname="EdFi.Ods.Tests.EdFi.Ods.Api.Extensions.RequestExtensionsTests+When_getting_root_url_using_proxy_forwarding_and_virtual_path_with_default_https_port" runstate="Runnable" testcasecount="1" result="Passed" duration="0.001960" total="1" passed="0" failed="0" inconclusive="0" skipped="0" asserts="0">
                    <test-case id="6-3143" name="Should_return_the_forwarded_root_url_with_no_port" fullname="EdFi.Ods.Tests.EdFi.Ods.Api.Extensions.RequestExtensionsTests+When_getting_root_url_using_proxy_forwarding_and_virtual_path_with_default_https_port.Should_return_the_forwarded_root_url_with_no_port" methodname="Should_return_the_forwarded_root_url_with_no_port" classname="EdFi.Ods.Tests.EdFi.Ods.Api.Extensions.RequestExtensionsTests+When_getting_root_url_using_proxy_forwarding_and_virtual_path_with_default_https_port" runstate="Runnable" result="Passed" duration="0.000239" asserts="1" />
                  </test-suite>
                </test-suite>
                <test-suite type="Namespace" id="6-3368" name="NHibernate" fullname="EdFi.Ods.Tests.EdFi.Ods.Api.NHibernate" runstate="Runnable" testcasecount="18" result="Passed" duration="0.208340" total="18" passed="0" failed="0" inconclusive="0" skipped="0" asserts="0">
                  <test-suite type="Namespace" id="6-3369" name="Architecture" fullname="EdFi.Ods.Tests.EdFi.Ods.Api.NHibernate.Architecture" runstate="Runnable" testcasecount="18" result="Passed" duration="0.208040" total="18" passed="0" failed="0" inconclusive="0" skipped="0" asserts="0">
                    <test-suite type="TestFixture" id="6-1886" name="SqlServerTableValuedParameterHelperTests" fullname="EdFi.Ods.Tests.EdFi.Ods.Api.NHibernate.Architecture.SqlServerTableValuedParameterHelperTests" classname="EdFi.Ods.Tests.EdFi.Ods.Api.NHibernate.Architecture.SqlServerTableValuedParameterHelperTests" runstate="Runnable" testcasecount="0" result="Inconclusive" duration="0.000189" total="0" passed="0" failed="0" inconclusive="0" skipped="0" asserts="0" />
                    <test-suite type="TestFixture" id="6-3188" name="SqlServerTableValuedParameterHelperTests+When_setting_value_for_a_table_valued_parameter_on_a_filter_to_a_list_of_Guid_ids" fullname="EdFi.Ods.Tests.EdFi.Ods.Api.NHibernate.Architecture.SqlServerTableValuedParameterHelperTests+When_setting_value_for_a_table_valued_parameter_on_a_filter_to_a_list_of_Guid_ids" classname="EdFi.Ods.Tests.EdFi.Ods.Api.NHibernate.Architecture.SqlServerTableValuedParameterHelperTests+When_setting_value_for_a_table_valued_parameter_on_a_filter_to_a_list_of_Guid_ids" runstate="Runnable" testcasecount="3" result="Passed" duration="0.055231" total="3" passed="0" failed="0" inconclusive="0" skipped="0" asserts="0">
                      <test-case id="6-3189" name="Should_call_the_SetParameter_method_exactly_once" fullname="EdFi.Ods.Tests.EdFi.Ods.Api.NHibernate.Architecture.SqlServerTableValuedParameterHelperTests+When_setting_value_for_a_table_valued_parameter_on_a_filter_to_a_list_of_Guid_ids.Should_call_the_SetParameter_method_exactly_once" methodname="Should_call_the_SetParameter_method_exactly_once" classname="EdFi.Ods.Tests.EdFi.Ods.Api.NHibernate.Architecture.SqlServerTableValuedParameterHelperTests+When_setting_value_for_a_table_valued_parameter_on_a_filter_to_a_list_of_Guid_ids" runstate="Runnable" result="Passed" duration="0.006267" asserts="0" />
                      <test-case id="6-3191" name="Should_set_the_parameter_value_on_the_filter_using_a_DataTable_containing_the_supplied_ids" fullname="EdFi.Ods.Tests.EdFi.Ods.Api.NHibernate.Architecture.SqlServerTableValuedParameterHelperTests+When_setting_value_for_a_table_valued_parameter_on_a_filter_to_a_list_of_Guid_ids.Should_set_the_parameter_value_on_the_filter_using_a_DataTable_containing_the_supplied_ids" methodname="Should_set_the_parameter_value_on_the_filter_using_a_DataTable_containing_the_supplied_ids" classname="EdFi.Ods.Tests.EdFi.Ods.Api.NHibernate.Architecture.SqlServerTableValuedParameterHelperTests+When_setting_value_for_a_table_valued_parameter_on_a_filter_to_a_list_of_Guid_ids" runstate="Runnable" result="Passed" duration="0.015357" asserts="1" />
                      <test-case id="6-3190" name="Should_set_the_parameter_value_on_the_filter_using_the_supplied_name" fullname="EdFi.Ods.Tests.EdFi.Ods.Api.NHibernate.Architecture.SqlServerTableValuedParameterHelperTests+When_setting_value_for_a_table_valued_parameter_on_a_filter_to_a_list_of_Guid_ids.Should_set_the_parameter_value_on_the_filter_using_the_supplied_name" methodname="Should_set_the_parameter_value_on_the_filter_using_the_supplied_name" classname="EdFi.Ods.Tests.EdFi.Ods.Api.NHibernate.Architecture.SqlServerTableValuedParameterHelperTests+When_setting_value_for_a_table_valued_parameter_on_a_filter_to_a_list_of_Guid_ids" runstate="Runnable" result="Passed" duration="0.002084" asserts="0" />
                    </test-suite>
                    <test-suite type="TestFixture" id="6-3204" name="SqlServerTableValuedParameterHelperTests+When_setting_value_for_a_table_valued_parameter_on_a_filter_to_a_list_of_ids_of_an_unsupported_type" fullname="EdFi.Ods.Tests.EdFi.Ods.Api.NHibernate.Architecture.SqlServerTableValuedParameterHelperTests+When_setting_value_for_a_table_valued_parameter_on_a_filter_to_a_list_of_ids_of_an_unsupported_type" classname="EdFi.Ods.Tests.EdFi.Ods.Api.NHibernate.Architecture.SqlServerTableValuedParameterHelperTests+When_setting_value_for_a_table_valued_parameter_on_a_filter_to_a_list_of_ids_of_an_unsupported_type" runstate="Runnable" testcasecount="2" result="Passed" duration="0.006419" total="2" passed="0" failed="0" inconclusive="0" skipped="0" asserts="0">
                      <test-case id="6-3205" name="Should_not_call_the_SetParameter_method" fullname="EdFi.Ods.Tests.EdFi.Ods.Api.NHibernate.Architecture.SqlServerTableValuedParameterHelperTests+When_setting_value_for_a_table_valued_parameter_on_a_filter_to_a_list_of_ids_of_an_unsupported_type.Should_not_call_the_SetParameter_method" methodname="Should_not_call_the_SetParameter_method" classname="EdFi.Ods.Tests.EdFi.Ods.Api.NHibernate.Architecture.SqlServerTableValuedParameterHelperTests+When_setting_value_for_a_table_valued_parameter_on_a_filter_to_a_list_of_ids_of_an_unsupported_type" runstate="Runnable" result="Passed" duration="0.003166" asserts="0" />
                      <test-case id="6-3206" name="Should_pass_the_call_through_to_the_SetParameterList_method" fullname="EdFi.Ods.Tests.EdFi.Ods.Api.NHibernate.Architecture.SqlServerTableValuedParameterHelperTests+When_setting_value_for_a_table_valued_parameter_on_a_filter_to_a_list_of_ids_of_an_unsupported_type.Should_pass_the_call_through_to_the_SetParameterList_method" methodname="Should_pass_the_call_through_to_the_SetParameterList_method" classname="EdFi.Ods.Tests.EdFi.Ods.Api.NHibernate.Architecture.SqlServerTableValuedParameterHelperTests+When_setting_value_for_a_table_valued_parameter_on_a_filter_to_a_list_of_ids_of_an_unsupported_type" runstate="Runnable" result="Passed" duration="0.000551" asserts="0" />
                    </test-suite>
                    <test-suite type="TestFixture" id="6-3197" name="SqlServerTableValuedParameterHelperTests+When_setting_value_for_a_table_valued_parameter_on_a_filter_to_a_list_of_int_ids" fullname="EdFi.Ods.Tests.EdFi.Ods.Api.NHibernate.Architecture.SqlServerTableValuedParameterHelperTests+When_setting_value_for_a_table_valued_parameter_on_a_filter_to_a_list_of_int_ids" classname="EdFi.Ods.Tests.EdFi.Ods.Api.NHibernate.Architecture.SqlServerTableValuedParameterHelperTests+When_setting_value_for_a_table_valued_parameter_on_a_filter_to_a_list_of_int_ids" runstate="Runnable" testcasecount="3" result="Passed" duration="0.011546" total="3" passed="0" failed="0" inconclusive="0" skipped="0" asserts="0">
                      <test-case id="6-3198" name="Should_call_the_SetParameter_method_exactly_once" fullname="EdFi.Ods.Tests.EdFi.Ods.Api.NHibernate.Architecture.SqlServerTableValuedParameterHelperTests+When_setting_value_for_a_table_valued_parameter_on_a_filter_to_a_list_of_int_ids.Should_call_the_SetParameter_method_exactly_once" methodname="Should_call_the_SetParameter_method_exactly_once" classname="EdFi.Ods.Tests.EdFi.Ods.Api.NHibernate.Architecture.SqlServerTableValuedParameterHelperTests+When_setting_value_for_a_table_valued_parameter_on_a_filter_to_a_list_of_int_ids" runstate="Runnable" result="Passed" duration="0.001471" asserts="0" />
                      <test-case id="6-3200" name="Should_set_the_parameter_value_on_the_query_using_a_DataTable_containing_the_supplied_ids" fullname="EdFi.Ods.Tests.EdFi.Ods.Api.NHibernate.Architecture.SqlServerTableValuedParameterHelperTests+When_setting_value_for_a_table_valued_parameter_on_a_filter_to_a_list_of_int_ids.Should_set_the_parameter_value_on_the_query_using_a_DataTable_containing_the_supplied_ids" methodname="Should_set_the_parameter_value_on_the_query_using_a_DataTable_containing_the_supplied_ids" classname="EdFi.Ods.Tests.EdFi.Ods.Api.NHibernate.Architecture.SqlServerTableValuedParameterHelperTests+When_setting_value_for_a_table_valued_parameter_on_a_filter_to_a_list_of_int_ids" runstate="Runnable" result="Passed" duration="0.005581" asserts="1" />
                      <test-case id="6-3199" name="Should_set_the_parameter_value_on_the_query_using_the_supplied_name" fullname="EdFi.Ods.Tests.EdFi.Ods.Api.NHibernate.Architecture.SqlServerTableValuedParameterHelperTests+When_setting_value_for_a_table_valued_parameter_on_a_filter_to_a_list_of_int_ids.Should_set_the_parameter_value_on_the_query_using_the_supplied_name" methodname="Should_set_the_parameter_value_on_the_query_using_the_supplied_name" classname="EdFi.Ods.Tests.EdFi.Ods.Api.NHibernate.Architecture.SqlServerTableValuedParameterHelperTests+When_setting_value_for_a_table_valued_parameter_on_a_filter_to_a_list_of_int_ids" runstate="Runnable" result="Passed" duration="0.000689" asserts="0" />
                    </test-suite>
                    <test-suite type="TestFixture" id="6-3183" name="SqlServerTableValuedParameterHelperTests+When_setting_value_for_a_table_valued_parameter_on_a_query_to_a_list_of_Guid_ids" fullname="EdFi.Ods.Tests.EdFi.Ods.Api.NHibernate.Architecture.SqlServerTableValuedParameterHelperTests+When_setting_value_for_a_table_valued_parameter_on_a_query_to_a_list_of_Guid_ids" classname="EdFi.Ods.Tests.EdFi.Ods.Api.NHibernate.Architecture.SqlServerTableValuedParameterHelperTests+When_setting_value_for_a_table_valued_parameter_on_a_query_to_a_list_of_Guid_ids" runstate="Runnable" testcasecount="4" result="Passed" duration="0.112331" total="4" passed="0" failed="0" inconclusive="0" skipped="0" asserts="0">
                      <test-case id="6-3184" name="Should_call_the_SetParameter_method_exactly_once" fullname="EdFi.Ods.Tests.EdFi.Ods.Api.NHibernate.Architecture.SqlServerTableValuedParameterHelperTests+When_setting_value_for_a_table_valued_parameter_on_a_query_to_a_list_of_Guid_ids.Should_call_the_SetParameter_method_exactly_once" methodname="Should_call_the_SetParameter_method_exactly_once" classname="EdFi.Ods.Tests.EdFi.Ods.Api.NHibernate.Architecture.SqlServerTableValuedParameterHelperTests+When_setting_value_for_a_table_valued_parameter_on_a_query_to_a_list_of_Guid_ids" runstate="Runnable" result="Passed" duration="0.002588" asserts="0" />
                      <test-case id="6-3186" name="Should_set_the_parameter_value_on_the_query_using_a_DataTable_containing_the_supplied_ids" fullname="EdFi.Ods.Tests.EdFi.Ods.Api.NHibernate.Architecture.SqlServerTableValuedParameterHelperTests+When_setting_value_for_a_table_valued_parameter_on_a_query_to_a_list_of_Guid_ids.Should_set_the_parameter_value_on_the_query_using_a_DataTable_containing_the_supplied_ids" methodname="Should_set_the_parameter_value_on_the_query_using_a_DataTable_containing_the_supplied_ids" classname="EdFi.Ods.Tests.EdFi.Ods.Api.NHibernate.Architecture.SqlServerTableValuedParameterHelperTests+When_setting_value_for_a_table_valued_parameter_on_a_query_to_a_list_of_Guid_ids" runstate="Runnable" result="Passed" duration="0.002235" asserts="1" />
                      <test-case id="6-3187" name="Should_set_the_parameter_value_on_the_query_using_an_IType_that_is_an_instance_of_the_custom_SqlStructured" fullname="EdFi.Ods.Tests.EdFi.Ods.Api.NHibernate.Architecture.SqlServerTableValuedParameterHelperTests+When_setting_value_for_a_table_valued_parameter_on_a_query_to_a_list_of_Guid_ids.Should_set_the_parameter_value_on_the_query_using_an_IType_that_is_an_instance_of_the_custom_SqlStructured" methodname="Should_set_the_parameter_value_on_the_query_using_an_IType_that_is_an_instance_of_the_custom_SqlStructured" classname="EdFi.Ods.Tests.EdFi.Ods.Api.NHibernate.Architecture.SqlServerTableValuedParameterHelperTests+When_setting_value_for_a_table_valued_parameter_on_a_query_to_a_list_of_Guid_ids" runstate="Runnable" result="Passed" duration="0.002012" asserts="0" />
                      <test-case id="6-3185" name="Should_set_the_parameter_value_on_the_query_using_the_supplied_name" fullname="EdFi.Ods.Tests.EdFi.Ods.Api.NHibernate.Architecture.SqlServerTableValuedParameterHelperTests+When_setting_value_for_a_table_valued_parameter_on_a_query_to_a_list_of_Guid_ids.Should_set_the_parameter_value_on_the_query_using_the_supplied_name" methodname="Should_set_the_parameter_value_on_the_query_using_the_supplied_name" classname="EdFi.Ods.Tests.EdFi.Ods.Api.NHibernate.Architecture.SqlServerTableValuedParameterHelperTests+When_setting_value_for_a_table_valued_parameter_on_a_query_to_a_list_of_Guid_ids" runstate="Runnable" result="Passed" duration="0.000706" asserts="0" />
                    </test-suite>
                    <test-suite type="TestFixture" id="6-3201" name="SqlServerTableValuedParameterHelperTests+When_setting_value_for_a_table_valued_parameter_on_a_query_to_a_list_of_ids_of_an_unsupported_type" fullname="EdFi.Ods.Tests.EdFi.Ods.Api.NHibernate.Architecture.SqlServerTableValuedParameterHelperTests+When_setting_value_for_a_table_valued_parameter_on_a_query_to_a_list_of_ids_of_an_unsupported_type" classname="EdFi.Ods.Tests.EdFi.Ods.Api.NHibernate.Architecture.SqlServerTableValuedParameterHelperTests+When_setting_value_for_a_table_valued_parameter_on_a_query_to_a_list_of_ids_of_an_unsupported_type" runstate="Runnable" testcasecount="2" result="Passed" duration="0.006054" total="2" passed="0" failed="0" inconclusive="0" skipped="0" asserts="0">
                      <test-case id="6-3202" name="Should_not_call_the_SetParameter_method" fullname="EdFi.Ods.Tests.EdFi.Ods.Api.NHibernate.Architecture.SqlServerTableValuedParameterHelperTests+When_setting_value_for_a_table_valued_parameter_on_a_query_to_a_list_of_ids_of_an_unsupported_type.Should_not_call_the_SetParameter_method" methodname="Should_not_call_the_SetParameter_method" classname="EdFi.Ods.Tests.EdFi.Ods.Api.NHibernate.Architecture.SqlServerTableValuedParameterHelperTests+When_setting_value_for_a_table_valued_parameter_on_a_query_to_a_list_of_ids_of_an_unsupported_type" runstate="Runnable" result="Passed" duration="0.001078" asserts="0" />
                      <test-case id="6-3203" name="Should_pass_the_call_through_to_the_SetParameterList_method" fullname="EdFi.Ods.Tests.EdFi.Ods.Api.NHibernate.Architecture.SqlServerTableValuedParameterHelperTests+When_setting_value_for_a_table_valued_parameter_on_a_query_to_a_list_of_ids_of_an_unsupported_type.Should_pass_the_call_through_to_the_SetParameterList_method" methodname="Should_pass_the_call_through_to_the_SetParameterList_method" classname="EdFi.Ods.Tests.EdFi.Ods.Api.NHibernate.Architecture.SqlServerTableValuedParameterHelperTests+When_setting_value_for_a_table_valued_parameter_on_a_query_to_a_list_of_ids_of_an_unsupported_type" runstate="Runnable" result="Passed" duration="0.000797" asserts="0" />
                    </test-suite>
                    <test-suite type="TestFixture" id="6-3192" name="SqlServerTableValuedParameterHelperTests+When_setting_value_for_a_table_valued_parameter_on_a_query_to_a_list_of_int_ids" fullname="EdFi.Ods.Tests.EdFi.Ods.Api.NHibernate.Architecture.SqlServerTableValuedParameterHelperTests+When_setting_value_for_a_table_valued_parameter_on_a_query_to_a_list_of_int_ids" classname="EdFi.Ods.Tests.EdFi.Ods.Api.NHibernate.Architecture.SqlServerTableValuedParameterHelperTests+When_setting_value_for_a_table_valued_parameter_on_a_query_to_a_list_of_int_ids" runstate="Runnable" testcasecount="4" result="Passed" duration="0.009344" total="4" passed="0" failed="0" inconclusive="0" skipped="0" asserts="0">
                      <test-case id="6-3193" name="Should_call_the_SetParameter_method_exactly_once" fullname="EdFi.Ods.Tests.EdFi.Ods.Api.NHibernate.Architecture.SqlServerTableValuedParameterHelperTests+When_setting_value_for_a_table_valued_parameter_on_a_query_to_a_list_of_int_ids.Should_call_the_SetParameter_method_exactly_once" methodname="Should_call_the_SetParameter_method_exactly_once" classname="EdFi.Ods.Tests.EdFi.Ods.Api.NHibernate.Architecture.SqlServerTableValuedParameterHelperTests+When_setting_value_for_a_table_valued_parameter_on_a_query_to_a_list_of_int_ids" runstate="Runnable" result="Passed" duration="0.001275" asserts="0" />
                      <test-case id="6-3195" name="Should_set_the_parameter_value_on_the_query_using_a_DataTable_containing_the_supplied_ids" fullname="EdFi.Ods.Tests.EdFi.Ods.Api.NHibernate.Architecture.SqlServerTableValuedParameterHelperTests+When_setting_value_for_a_table_valued_parameter_on_a_query_to_a_list_of_int_ids.Should_set_the_parameter_value_on_the_query_using_a_DataTable_containing_the_supplied_ids" methodname="Should_set_the_parameter_value_on_the_query_using_a_DataTable_containing_the_supplied_ids" classname="EdFi.Ods.Tests.EdFi.Ods.Api.NHibernate.Architecture.SqlServerTableValuedParameterHelperTests+When_setting_value_for_a_table_valued_parameter_on_a_query_to_a_list_of_int_ids" runstate="Runnable" result="Passed" duration="0.002505" asserts="1" />
                      <test-case id="6-3196" name="Should_set_the_parameter_value_on_the_query_using_an_IType_that_is_an_instance_of_the_custom_SqlStructured" fullname="EdFi.Ods.Tests.EdFi.Ods.Api.NHibernate.Architecture.SqlServerTableValuedParameterHelperTests+When_setting_value_for_a_table_valued_parameter_on_a_query_to_a_list_of_int_ids.Should_set_the_parameter_value_on_the_query_using_an_IType_that_is_an_instance_of_the_custom_SqlStructured" methodname="Should_set_the_parameter_value_on_the_query_using_an_IType_that_is_an_instance_of_the_custom_SqlStructured" classname="EdFi.Ods.Tests.EdFi.Ods.Api.NHibernate.Architecture.SqlServerTableValuedParameterHelperTests+When_setting_value_for_a_table_valued_parameter_on_a_query_to_a_list_of_int_ids" runstate="Runnable" result="Passed" duration="0.001337" asserts="0" />
                      <test-case id="6-3194" name="Should_set_the_parameter_value_on_the_query_using_the_supplied_name" fullname="EdFi.Ods.Tests.EdFi.Ods.Api.NHibernate.Architecture.SqlServerTableValuedParameterHelperTests+When_setting_value_for_a_table_valued_parameter_on_a_query_to_a_list_of_int_ids.Should_set_the_parameter_value_on_the_query_using_the_supplied_name" methodname="Should_set_the_parameter_value_on_the_query_using_the_supplied_name" classname="EdFi.Ods.Tests.EdFi.Ods.Api.NHibernate.Architecture.SqlServerTableValuedParameterHelperTests+When_setting_value_for_a_table_valued_parameter_on_a_query_to_a_list_of_int_ids" runstate="Runnable" result="Passed" duration="0.000669" asserts="0" />
                    </test-suite>
                  </test-suite>
                </test-suite>
                <test-suite type="Namespace" id="6-3355" name="Services" fullname="EdFi.Ods.Tests.EdFi.Ods.Api.Services" runstate="Runnable" testcasecount="186" result="Passed" duration="43.199178" total="186" passed="0" failed="0" inconclusive="0" skipped="0" asserts="0">
                  <test-suite type="Namespace" id="6-3364" name="Authentication" fullname="EdFi.Ods.Tests.EdFi.Ods.Api.Services.Authentication" runstate="Runnable" testcasecount="8" result="Passed" duration="0.045213" total="8" passed="0" failed="0" inconclusive="0" skipped="0" asserts="0">
                    <test-suite type="Namespace" id="6-3365" name="ClientCredentials" fullname="EdFi.Ods.Tests.EdFi.Ods.Api.Services.Authentication.ClientCredentials" runstate="Runnable" testcasecount="8" result="Passed" duration="0.044920" total="8" passed="0" failed="0" inconclusive="0" skipped="0" asserts="0">
                      <test-suite type="TestFixture" id="6-1882" name="ClientCredentialsTokenRequestHandlerTests" fullname="EdFi.Ods.Tests.EdFi.Ods.Api.Services.Authentication.ClientCredentials.ClientCredentialsTokenRequestHandlerTests" classname="EdFi.Ods.Tests.EdFi.Ods.Api.Services.Authentication.ClientCredentials.ClientCredentialsTokenRequestHandlerTests" runstate="Runnable" testcasecount="0" result="Inconclusive" duration="0.000154" total="0" passed="0" failed="0" inconclusive="0" skipped="0" asserts="0" />
                      <test-suite type="TestFixture" id="6-3114" name="ClientCredentialsTokenRequestHandlerTests+When_handling_a_valid_token_request" fullname="EdFi.Ods.Tests.EdFi.Ods.Api.Services.Authentication.ClientCredentials.ClientCredentialsTokenRequestHandlerTests+When_handling_a_valid_token_request" classname="EdFi.Ods.Tests.EdFi.Ods.Api.Services.Authentication.ClientCredentials.ClientCredentialsTokenRequestHandlerTests+When_handling_a_valid_token_request" runstate="Runnable" testcasecount="4" result="Passed" duration="0.034604" total="4" passed="0" failed="0" inconclusive="0" skipped="0" asserts="0">
                        <test-case id="6-3118" name="Should_add_the_client_access_token_to_the_database_once" fullname="EdFi.Ods.Tests.EdFi.Ods.Api.Services.Authentication.ClientCredentials.ClientCredentialsTokenRequestHandlerTests+When_handling_a_valid_token_request.Should_add_the_client_access_token_to_the_database_once" methodname="Should_add_the_client_access_token_to_the_database_once" classname="EdFi.Ods.Tests.EdFi.Ods.Api.Services.Authentication.ClientCredentials.ClientCredentialsTokenRequestHandlerTests+When_handling_a_valid_token_request" runstate="Runnable" result="Passed" duration="0.019577" asserts="0" />
                        <test-case id="6-3117" name="Should_call_get_client_from_the_database_once" fullname="EdFi.Ods.Tests.EdFi.Ods.Api.Services.Authentication.ClientCredentials.ClientCredentialsTokenRequestHandlerTests+When_handling_a_valid_token_request.Should_call_get_client_from_the_database_once" methodname="Should_call_get_client_from_the_database_once" classname="EdFi.Ods.Tests.EdFi.Ods.Api.Services.Authentication.ClientCredentials.ClientCredentialsTokenRequestHandlerTests+When_handling_a_valid_token_request" runstate="Runnable" result="Passed" duration="0.001210" asserts="0" />
                        <test-case id="6-3116" name="Should_have_action_result_type_of_authentication_success" fullname="EdFi.Ods.Tests.EdFi.Ods.Api.Services.Authentication.ClientCredentials.ClientCredentialsTokenRequestHandlerTests+When_handling_a_valid_token_request.Should_have_action_result_type_of_authentication_success" methodname="Should_have_action_result_type_of_authentication_success" classname="EdFi.Ods.Tests.EdFi.Ods.Api.Services.Authentication.ClientCredentials.ClientCredentialsTokenRequestHandlerTests+When_handling_a_valid_token_request" runstate="Runnable" result="Passed" duration="0.000714" asserts="1" />
                        <test-case id="6-3115" name="Should_return_a_non_null_action_result" fullname="EdFi.Ods.Tests.EdFi.Ods.Api.Services.Authentication.ClientCredentials.ClientCredentialsTokenRequestHandlerTests+When_handling_a_valid_token_request.Should_return_a_non_null_action_result" methodname="Should_return_a_non_null_action_result" classname="EdFi.Ods.Tests.EdFi.Ods.Api.Services.Authentication.ClientCredentials.ClientCredentialsTokenRequestHandlerTests+When_handling_a_valid_token_request" runstate="Runnable" result="Passed" duration="0.000422" asserts="1" />
                      </test-suite>
                      <test-suite type="TestFixture" id="6-3119" name="ClientCredentialsTokenRequestHandlerTests+When_handling_an_invalid_token_request" fullname="EdFi.Ods.Tests.EdFi.Ods.Api.Services.Authentication.ClientCredentials.ClientCredentialsTokenRequestHandlerTests+When_handling_an_invalid_token_request" classname="EdFi.Ods.Tests.EdFi.Ods.Api.Services.Authentication.ClientCredentials.ClientCredentialsTokenRequestHandlerTests+When_handling_an_invalid_token_request" runstate="Runnable" testcasecount="4" result="Passed" duration="0.007530" total="4" passed="0" failed="0" inconclusive="0" skipped="0" asserts="0">
                        <test-case id="6-3122" name="Should_call_get_client_from_the_database_once" fullname="EdFi.Ods.Tests.EdFi.Ods.Api.Services.Authentication.ClientCredentials.ClientCredentialsTokenRequestHandlerTests+When_handling_an_invalid_token_request.Should_call_get_client_from_the_database_once" methodname="Should_call_get_client_from_the_database_once" classname="EdFi.Ods.Tests.EdFi.Ods.Api.Services.Authentication.ClientCredentials.ClientCredentialsTokenRequestHandlerTests+When_handling_an_invalid_token_request" runstate="Runnable" result="Passed" duration="0.000879" asserts="0" />
                        <test-case id="6-3121" name="Should_have_action_result_type_of_authentication_error" fullname="EdFi.Ods.Tests.EdFi.Ods.Api.Services.Authentication.ClientCredentials.ClientCredentialsTokenRequestHandlerTests+When_handling_an_invalid_token_request.Should_have_action_result_type_of_authentication_error" methodname="Should_have_action_result_type_of_authentication_error" classname="EdFi.Ods.Tests.EdFi.Ods.Api.Services.Authentication.ClientCredentials.ClientCredentialsTokenRequestHandlerTests+When_handling_an_invalid_token_request" runstate="Runnable" result="Passed" duration="0.000430" asserts="1" />
                        <test-case id="6-3123" name="Should_not_add_the_client_access_token_to_the_database_once" fullname="EdFi.Ods.Tests.EdFi.Ods.Api.Services.Authentication.ClientCredentials.ClientCredentialsTokenRequestHandlerTests+When_handling_an_invalid_token_request.Should_not_add_the_client_access_token_to_the_database_once" methodname="Should_not_add_the_client_access_token_to_the_database_once" classname="EdFi.Ods.Tests.EdFi.Ods.Api.Services.Authentication.ClientCredentials.ClientCredentialsTokenRequestHandlerTests+When_handling_an_invalid_token_request" runstate="Runnable" result="Passed" duration="0.001633" asserts="0" />
                        <test-case id="6-3120" name="Should_return_a_non_null_action_result" fullname="EdFi.Ods.Tests.EdFi.Ods.Api.Services.Authentication.ClientCredentials.ClientCredentialsTokenRequestHandlerTests+When_handling_an_invalid_token_request.Should_return_a_non_null_action_result" methodname="Should_return_a_non_null_action_result" classname="EdFi.Ods.Tests.EdFi.Ods.Api.Services.Authentication.ClientCredentials.ClientCredentialsTokenRequestHandlerTests+When_handling_an_invalid_token_request" runstate="Runnable" result="Passed" duration="0.000284" asserts="1" />
                      </test-suite>
                    </test-suite>
                  </test-suite>
                  <test-suite type="Namespace" id="6-3397" name="Authorization" fullname="EdFi.Ods.Tests.EdFi.Ods.Api.Services.Authorization" runstate="Runnable" testcasecount="12" result="Passed" duration="0.118155" total="12" passed="0" failed="0" inconclusive="0" skipped="0" asserts="0">
                    <test-suite type="TestFixture" id="6-3099" name="CachingOAuthTokenValidatorDecoratorTests+When_requesting_API_client_details_for_a_valid_token_that_are_not_in_cache" fullname="EdFi.Ods.Tests.EdFi.Ods.Api.Services.Authorization.CachingOAuthTokenValidatorDecoratorTests+When_requesting_API_client_details_for_a_valid_token_that_are_not_in_cache" classname="EdFi.Ods.Tests.EdFi.Ods.Api.Services.Authorization.CachingOAuthTokenValidatorDecoratorTests+When_requesting_API_client_details_for_a_valid_token_that_are_not_in_cache" runstate="Runnable" testcasecount="4" result="Passed" duration="0.093451" total="4" passed="0" failed="0" inconclusive="0" skipped="0" asserts="0">
                      <test-case id="6-3101" name="Should_call_through_to_the_decorated_implementation" fullname="EdFi.Ods.Tests.EdFi.Ods.Api.Services.Authorization.CachingOAuthTokenValidatorDecoratorTests+When_requesting_API_client_details_for_a_valid_token_that_are_not_in_cache.Should_call_through_to_the_decorated_implementation" methodname="Should_call_through_to_the_decorated_implementation" classname="EdFi.Ods.Tests.EdFi.Ods.Api.Services.Authorization.CachingOAuthTokenValidatorDecoratorTests+When_requesting_API_client_details_for_a_valid_token_that_are_not_in_cache" runstate="Runnable" result="Passed" duration="0.002261" asserts="0" />
                      <test-case id="6-3100" name="Should_check_the_cache_for_the_details" fullname="EdFi.Ods.Tests.EdFi.Ods.Api.Services.Authorization.CachingOAuthTokenValidatorDecoratorTests+When_requesting_API_client_details_for_a_valid_token_that_are_not_in_cache.Should_check_the_cache_for_the_details" methodname="Should_check_the_cache_for_the_details" classname="EdFi.Ods.Tests.EdFi.Ods.Api.Services.Authorization.CachingOAuthTokenValidatorDecoratorTests+When_requesting_API_client_details_for_a_valid_token_that_are_not_in_cache" runstate="Runnable" result="Passed" duration="0.003883" asserts="0" />
                      <test-case id="6-3103" name="Should_return_the_newly_obtained_ApiClientDetails" fullname="EdFi.Ods.Tests.EdFi.Ods.Api.Services.Authorization.CachingOAuthTokenValidatorDecoratorTests+When_requesting_API_client_details_for_a_valid_token_that_are_not_in_cache.Should_return_the_newly_obtained_ApiClientDetails" methodname="Should_return_the_newly_obtained_ApiClientDetails" classname="EdFi.Ods.Tests.EdFi.Ods.Api.Services.Authorization.CachingOAuthTokenValidatorDecoratorTests+When_requesting_API_client_details_for_a_valid_token_that_are_not_in_cache" runstate="Runnable" result="Passed" duration="0.000187" asserts="0" />
                      <test-case id="6-3102" name="Should_save_returned_details_into_cache_with_a_fixed_expiration_half_of_the_configured_duration" fullname="EdFi.Ods.Tests.EdFi.Ods.Api.Services.Authorization.CachingOAuthTokenValidatorDecoratorTests+When_requesting_API_client_details_for_a_valid_token_that_are_not_in_cache.Should_save_returned_details_into_cache_with_a_fixed_expiration_half_of_the_configured_duration" methodname="Should_save_returned_details_into_cache_with_a_fixed_expiration_half_of_the_configured_duration" classname="EdFi.Ods.Tests.EdFi.Ods.Api.Services.Authorization.CachingOAuthTokenValidatorDecoratorTests+When_requesting_API_client_details_for_a_valid_token_that_are_not_in_cache" runstate="Runnable" result="Passed" duration="0.003165" asserts="0" />
                    </test-suite>
                    <test-suite type="TestFixture" id="6-3104" name="CachingOAuthTokenValidatorDecoratorTests+When_requesting_API_client_details_for_an_INVALID_token_that_are_not_in_cache" fullname="EdFi.Ods.Tests.EdFi.Ods.Api.Services.Authorization.CachingOAuthTokenValidatorDecoratorTests+When_requesting_API_client_details_for_an_INVALID_token_that_are_not_in_cache" classname="EdFi.Ods.Tests.EdFi.Ods.Api.Services.Authorization.CachingOAuthTokenValidatorDecoratorTests+When_requesting_API_client_details_for_an_INVALID_token_that_are_not_in_cache" runstate="Runnable" testcasecount="4" result="Passed" duration="0.009978" total="4" passed="0" failed="0" inconclusive="0" skipped="0" asserts="0">
                      <test-case id="6-3106" name="Should_call_through_to_the_decorated_implementation" fullname="EdFi.Ods.Tests.EdFi.Ods.Api.Services.Authorization.CachingOAuthTokenValidatorDecoratorTests+When_requesting_API_client_details_for_an_INVALID_token_that_are_not_in_cache.Should_call_through_to_the_decorated_implementation" methodname="Should_call_through_to_the_decorated_implementation" classname="EdFi.Ods.Tests.EdFi.Ods.Api.Services.Authorization.CachingOAuthTokenValidatorDecoratorTests+When_requesting_API_client_details_for_an_INVALID_token_that_are_not_in_cache" runstate="Runnable" result="Passed" duration="0.000749" asserts="0" />
                      <test-case id="6-3105" name="Should_check_the_cache_for_the_details" fullname="EdFi.Ods.Tests.EdFi.Ods.Api.Services.Authorization.CachingOAuthTokenValidatorDecoratorTests+When_requesting_API_client_details_for_an_INVALID_token_that_are_not_in_cache.Should_check_the_cache_for_the_details" methodname="Should_check_the_cache_for_the_details" classname="EdFi.Ods.Tests.EdFi.Ods.Api.Services.Authorization.CachingOAuthTokenValidatorDecoratorTests+When_requesting_API_client_details_for_an_INVALID_token_that_are_not_in_cache" runstate="Runnable" result="Passed" duration="0.001170" asserts="0" />
                      <test-case id="6-3107" name="Should_NOT_try_save_returned_details_into_cache" fullname="EdFi.Ods.Tests.EdFi.Ods.Api.Services.Authorization.CachingOAuthTokenValidatorDecoratorTests+When_requesting_API_client_details_for_an_INVALID_token_that_are_not_in_cache.Should_NOT_try_save_returned_details_into_cache" methodname="Should_NOT_try_save_returned_details_into_cache" classname="EdFi.Ods.Tests.EdFi.Ods.Api.Services.Authorization.CachingOAuthTokenValidatorDecoratorTests+When_requesting_API_client_details_for_an_INVALID_token_that_are_not_in_cache" runstate="Runnable" result="Passed" duration="0.001304" asserts="0" />
                      <test-case id="6-3108" name="Should_return_the_newly_obtained_ApiClientDetails" fullname="EdFi.Ods.Tests.EdFi.Ods.Api.Services.Authorization.CachingOAuthTokenValidatorDecoratorTests+When_requesting_API_client_details_for_an_INVALID_token_that_are_not_in_cache.Should_return_the_newly_obtained_ApiClientDetails" methodname="Should_return_the_newly_obtained_ApiClientDetails" classname="EdFi.Ods.Tests.EdFi.Ods.Api.Services.Authorization.CachingOAuthTokenValidatorDecoratorTests+When_requesting_API_client_details_for_an_INVALID_token_that_are_not_in_cache" runstate="Runnable" result="Passed" duration="0.000221" asserts="0" />
                    </test-suite>
                    <test-suite type="TestFixture" id="6-3109" name="CachingOAuthTokenValidatorDecoratorTests+When_requesting_API_client_details_that_are_already_in_cache" fullname="EdFi.Ods.Tests.EdFi.Ods.Api.Services.Authorization.CachingOAuthTokenValidatorDecoratorTests+When_requesting_API_client_details_that_are_already_in_cache" classname="EdFi.Ods.Tests.EdFi.Ods.Api.Services.Authorization.CachingOAuthTokenValidatorDecoratorTests+When_requesting_API_client_details_that_are_already_in_cache" runstate="Runnable" testcasecount="4" result="Passed" duration="0.011899" total="4" passed="0" failed="0" inconclusive="0" skipped="0" asserts="0">
                      <test-case id="6-3110" name="Should_check_the_cache_for_the_details" fullname="EdFi.Ods.Tests.EdFi.Ods.Api.Services.Authorization.CachingOAuthTokenValidatorDecoratorTests+When_requesting_API_client_details_that_are_already_in_cache.Should_check_the_cache_for_the_details" methodname="Should_check_the_cache_for_the_details" classname="EdFi.Ods.Tests.EdFi.Ods.Api.Services.Authorization.CachingOAuthTokenValidatorDecoratorTests+When_requesting_API_client_details_that_are_already_in_cache" runstate="Runnable" result="Passed" duration="0.000726" asserts="0" />
                      <test-case id="6-3111" name="Should_NOT_call_through_to_the_decorated_implementation" fullname="EdFi.Ods.Tests.EdFi.Ods.Api.Services.Authorization.CachingOAuthTokenValidatorDecoratorTests+When_requesting_API_client_details_that_are_already_in_cache.Should_NOT_call_through_to_the_decorated_implementation" methodname="Should_NOT_call_through_to_the_decorated_implementation" classname="EdFi.Ods.Tests.EdFi.Ods.Api.Services.Authorization.CachingOAuthTokenValidatorDecoratorTests+When_requesting_API_client_details_that_are_already_in_cache" runstate="Runnable" result="Passed" duration="0.001003" asserts="0" />
                      <test-case id="6-3112" name="Should_NOT_try_to_save_anything_in_the_cache" fullname="EdFi.Ods.Tests.EdFi.Ods.Api.Services.Authorization.CachingOAuthTokenValidatorDecoratorTests+When_requesting_API_client_details_that_are_already_in_cache.Should_NOT_try_to_save_anything_in_the_cache" methodname="Should_NOT_try_to_save_anything_in_the_cache" classname="EdFi.Ods.Tests.EdFi.Ods.Api.Services.Authorization.CachingOAuthTokenValidatorDecoratorTests+When_requesting_API_client_details_that_are_already_in_cache" runstate="Runnable" result="Passed" duration="0.000864" asserts="0" />
                      <test-case id="6-3113" name="Should_return_the_cached_ApiClientDetails" fullname="EdFi.Ods.Tests.EdFi.Ods.Api.Services.Authorization.CachingOAuthTokenValidatorDecoratorTests+When_requesting_API_client_details_that_are_already_in_cache.Should_return_the_cached_ApiClientDetails" methodname="Should_return_the_cached_ApiClientDetails" classname="EdFi.Ods.Tests.EdFi.Ods.Api.Services.Authorization.CachingOAuthTokenValidatorDecoratorTests+When_requesting_API_client_details_that_are_already_in_cache" runstate="Runnable" result="Passed" duration="0.000570" asserts="0" />
                    </test-suite>
                  </test-suite>
                  <test-suite type="Namespace" id="6-3362" name="Controllers" fullname="EdFi.Ods.Tests.EdFi.Ods.Api.Services.Controllers" runstate="Runnable" testcasecount="36" result="Passed" duration="4.306950" total="36" passed="0" failed="0" inconclusive="0" skipped="0" asserts="0">
                    <test-suite type="Namespace" id="6-3363" name="Identity" fullname="EdFi.Ods.Tests.EdFi.Ods.Api.Services.Controllers.Identity" runstate="Runnable" testcasecount="2" result="Passed" duration="4.035287" total="2" passed="0" failed="0" inconclusive="0" skipped="0" asserts="0">
                      <test-suite type="TestFixture" id="6-1879" name="IdentitiesModelTests" fullname="EdFi.Ods.Tests.EdFi.Ods.Api.Services.Controllers.Identity.IdentitiesModelTests" classname="EdFi.Ods.Tests.EdFi.Ods.Api.Services.Controllers.Identity.IdentitiesModelTests" runstate="Runnable" testcasecount="2" result="Passed" duration="4.034870" total="2" passed="0" failed="0" inconclusive="0" skipped="0" asserts="0">
                        <test-case id="6-1881" name="Should_roundtrip_dynamic_properties_for_all_async_methods" fullname="EdFi.Ods.Tests.EdFi.Ods.Api.Services.Controllers.Identity.IdentitiesModelTests.Should_roundtrip_dynamic_properties_for_all_async_methods" methodname="Should_roundtrip_dynamic_properties_for_all_async_methods" classname="EdFi.Ods.Tests.EdFi.Ods.Api.Services.Controllers.Identity.IdentitiesModelTests" runstate="Runnable" result="Passed" duration="3.202963" asserts="16" />
                        <test-case id="6-1880" name="Should_roundtrip_dynamic_properties_for_all_methods" fullname="EdFi.Ods.Tests.EdFi.Ods.Api.Services.Controllers.Identity.IdentitiesModelTests.Should_roundtrip_dynamic_properties_for_all_methods" methodname="Should_roundtrip_dynamic_properties_for_all_methods" classname="EdFi.Ods.Tests.EdFi.Ods.Api.Services.Controllers.Identity.IdentitiesModelTests" runstate="Runnable" result="Passed" duration="0.830521" asserts="16" />
                      </test-suite>
                    </test-suite>
                    <test-suite type="TestFixture" id="6-3276" name="When_calling_the_token_controller+Using_client_credentials_grant+Using_basic_authorization_with_invalid_value" fullname="EdFi.Ods.Tests.EdFi.Ods.Api.Services.Controllers.When_calling_the_token_controller+Using_client_credentials_grant+Using_basic_authorization_with_invalid_value" classname="EdFi.Ods.Tests.EdFi.Ods.Api.Services.Controllers.When_calling_the_token_controller+Using_client_credentials_grant+Using_basic_authorization_with_invalid_value" runstate="Runnable" testcasecount="2" result="Passed" duration="0.095670" total="2" passed="0" failed="0" inconclusive="0" skipped="0" asserts="0">
                      <test-case id="6-3278" name="Should_return_a_single_valued_response_with_an_error_indicating_invalid_request" fullname="EdFi.Ods.Tests.EdFi.Ods.Api.Services.Controllers.When_calling_the_token_controller+Using_client_credentials_grant+Using_basic_authorization_with_invalid_value.Should_return_a_single_valued_response_with_an_error_indicating_invalid_request" methodname="Should_return_a_single_valued_response_with_an_error_indicating_invalid_request" classname="EdFi.Ods.Tests.EdFi.Ods.Api.Services.Controllers.When_calling_the_token_controller+Using_client_credentials_grant+Using_basic_authorization_with_invalid_value" runstate="Runnable" result="Passed" duration="0.003313" asserts="2" />
                      <test-case id="6-3277" name="Should_return_HTTP_status_of_BadRequest" fullname="EdFi.Ods.Tests.EdFi.Ods.Api.Services.Controllers.When_calling_the_token_controller+Using_client_credentials_grant+Using_basic_authorization_with_invalid_value.Should_return_HTTP_status_of_BadRequest" methodname="Should_return_HTTP_status_of_BadRequest" classname="EdFi.Ods.Tests.EdFi.Ods.Api.Services.Controllers.When_calling_the_token_controller+Using_client_credentials_grant+Using_basic_authorization_with_invalid_value" runstate="Runnable" result="Passed" duration="0.001246" asserts="1" />
                    </test-suite>
                    <test-suite type="TestFixture" id="6-3273" name="When_calling_the_token_controller+Using_client_credentials_grant+Using_basic_authorization_with_no_value" fullname="EdFi.Ods.Tests.EdFi.Ods.Api.Services.Controllers.When_calling_the_token_controller+Using_client_credentials_grant+Using_basic_authorization_with_no_value" classname="EdFi.Ods.Tests.EdFi.Ods.Api.Services.Controllers.When_calling_the_token_controller+Using_client_credentials_grant+Using_basic_authorization_with_no_value" runstate="Runnable" testcasecount="2" result="Passed" duration="0.004690" total="2" passed="0" failed="0" inconclusive="0" skipped="0" asserts="0">
                      <test-case id="6-3275" name="Should_return_a_single_valued_response_with_an_error_indicating_invalid_request" fullname="EdFi.Ods.Tests.EdFi.Ods.Api.Services.Controllers.When_calling_the_token_controller+Using_client_credentials_grant+Using_basic_authorization_with_no_value.Should_return_a_single_valued_response_with_an_error_indicating_invalid_request" methodname="Should_return_a_single_valued_response_with_an_error_indicating_invalid_request" classname="EdFi.Ods.Tests.EdFi.Ods.Api.Services.Controllers.When_calling_the_token_controller+Using_client_credentials_grant+Using_basic_authorization_with_no_value" runstate="Runnable" result="Passed" duration="0.000891" asserts="2" />
                      <test-case id="6-3274" name="Should_return_HTTP_status_of_BadRequest" fullname="EdFi.Ods.Tests.EdFi.Ods.Api.Services.Controllers.When_calling_the_token_controller+Using_client_credentials_grant+Using_basic_authorization_with_no_value.Should_return_HTTP_status_of_BadRequest" methodname="Should_return_HTTP_status_of_BadRequest" classname="EdFi.Ods.Tests.EdFi.Ods.Api.Services.Controllers.When_calling_the_token_controller+Using_client_credentials_grant+Using_basic_authorization_with_no_value" runstate="Runnable" result="Passed" duration="0.000462" asserts="1" />
                    </test-suite>
                    <test-suite type="TestFixture" id="6-3279" name="When_calling_the_token_controller+Using_client_credentials_grant+Using_basic_authorization_with_unencoded_value" fullname="EdFi.Ods.Tests.EdFi.Ods.Api.Services.Controllers.When_calling_the_token_controller+Using_client_credentials_grant+Using_basic_authorization_with_unencoded_value" classname="EdFi.Ods.Tests.EdFi.Ods.Api.Services.Controllers.When_calling_the_token_controller+Using_client_credentials_grant+Using_basic_authorization_with_unencoded_value" runstate="Runnable" testcasecount="2" result="Passed" duration="0.005478" total="2" passed="0" failed="0" inconclusive="0" skipped="0" asserts="0">
                      <test-case id="6-3281" name="Should_return_a_single_valued_response_with_an_error_indicating_invalid_request" fullname="EdFi.Ods.Tests.EdFi.Ods.Api.Services.Controllers.When_calling_the_token_controller+Using_client_credentials_grant+Using_basic_authorization_with_unencoded_value.Should_return_a_single_valued_response_with_an_error_indicating_invalid_request" methodname="Should_return_a_single_valued_response_with_an_error_indicating_invalid_request" classname="EdFi.Ods.Tests.EdFi.Ods.Api.Services.Controllers.When_calling_the_token_controller+Using_client_credentials_grant+Using_basic_authorization_with_unencoded_value" runstate="Runnable" result="Passed" duration="0.000826" asserts="2" />
                      <test-case id="6-3280" name="Should_return_HTTP_status_of_BadRequest" fullname="EdFi.Ods.Tests.EdFi.Ods.Api.Services.Controllers.When_calling_the_token_controller+Using_client_credentials_grant+Using_basic_authorization_with_unencoded_value.Should_return_HTTP_status_of_BadRequest" methodname="Should_return_HTTP_status_of_BadRequest" classname="EdFi.Ods.Tests.EdFi.Ods.Api.Services.Controllers.When_calling_the_token_controller+Using_client_credentials_grant+Using_basic_authorization_with_unencoded_value" runstate="Runnable" result="Passed" duration="0.000493" asserts="1" />
                    </test-suite>
                    <test-suite type="TestFixture" id="6-3269" name="When_calling_the_token_controller+Using_client_credentials_grant+Using_digest_authorization" fullname="EdFi.Ods.Tests.EdFi.Ods.Api.Services.Controllers.When_calling_the_token_controller+Using_client_credentials_grant+Using_digest_authorization" classname="EdFi.Ods.Tests.EdFi.Ods.Api.Services.Controllers.When_calling_the_token_controller+Using_client_credentials_grant+Using_digest_authorization" runstate="Runnable" testcasecount="3" result="Passed" duration="0.016580" total="3" passed="0" failed="0" inconclusive="0" skipped="0" asserts="0">
                      <test-case id="6-3271" name="Should_include_WWW_Authenticate_header_with_schema_used_by_the_client" fullname="EdFi.Ods.Tests.EdFi.Ods.Api.Services.Controllers.When_calling_the_token_controller+Using_client_credentials_grant+Using_digest_authorization.Should_include_WWW_Authenticate_header_with_schema_used_by_the_client" methodname="Should_include_WWW_Authenticate_header_with_schema_used_by_the_client" classname="EdFi.Ods.Tests.EdFi.Ods.Api.Services.Controllers.When_calling_the_token_controller+Using_client_credentials_grant+Using_digest_authorization" runstate="Runnable" result="Passed" duration="0.001685" asserts="1" />
                      <test-case id="6-3272" name="Should_return_a_single_valued_response_with_an_error_indicating_invalid_client" fullname="EdFi.Ods.Tests.EdFi.Ods.Api.Services.Controllers.When_calling_the_token_controller+Using_client_credentials_grant+Using_digest_authorization.Should_return_a_single_valued_response_with_an_error_indicating_invalid_client" methodname="Should_return_a_single_valued_response_with_an_error_indicating_invalid_client" classname="EdFi.Ods.Tests.EdFi.Ods.Api.Services.Controllers.When_calling_the_token_controller+Using_client_credentials_grant+Using_digest_authorization" runstate="Runnable" result="Passed" duration="0.001134" asserts="2" />
                      <test-case id="6-3270" name="Should_return_HTTP_status_of_Unauthorized" fullname="EdFi.Ods.Tests.EdFi.Ods.Api.Services.Controllers.When_calling_the_token_controller+Using_client_credentials_grant+Using_digest_authorization.Should_return_HTTP_status_of_Unauthorized" methodname="Should_return_HTTP_status_of_Unauthorized" classname="EdFi.Ods.Tests.EdFi.Ods.Api.Services.Controllers.When_calling_the_token_controller+Using_client_credentials_grant+Using_digest_authorization" runstate="Runnable" result="Passed" duration="0.000566" asserts="1" />
                    </test-suite>
                    <test-suite type="TestFixture" id="6-3290" name="When_calling_the_token_controller+Using_client_credentials_grant+With_a_missing_secret" fullname="EdFi.Ods.Tests.EdFi.Ods.Api.Services.Controllers.When_calling_the_token_controller+Using_client_credentials_grant+With_a_missing_secret" classname="EdFi.Ods.Tests.EdFi.Ods.Api.Services.Controllers.When_calling_the_token_controller+Using_client_credentials_grant+With_a_missing_secret" runstate="Runnable" testcasecount="3" result="Passed" duration="0.009809" total="3" passed="0" failed="0" inconclusive="0" skipped="0" asserts="0">
                      <test-case id="6-3293" name="Should_not_include_any_cache_headers" fullname="EdFi.Ods.Tests.EdFi.Ods.Api.Services.Controllers.When_calling_the_token_controller+Using_client_credentials_grant+With_a_missing_secret.Should_not_include_any_cache_headers" methodname="Should_not_include_any_cache_headers" classname="EdFi.Ods.Tests.EdFi.Ods.Api.Services.Controllers.When_calling_the_token_controller+Using_client_credentials_grant+With_a_missing_secret" runstate="Runnable" result="Passed" duration="0.003236" asserts="2" />
                      <test-case id="6-3292" name="Should_return_a_single_valued_response_with_an_error_indicating_invalid_client" fullname="EdFi.Ods.Tests.EdFi.Ods.Api.Services.Controllers.When_calling_the_token_controller+Using_client_credentials_grant+With_a_missing_secret.Should_return_a_single_valued_response_with_an_error_indicating_invalid_client" methodname="Should_return_a_single_valued_response_with_an_error_indicating_invalid_client" classname="EdFi.Ods.Tests.EdFi.Ods.Api.Services.Controllers.When_calling_the_token_controller+Using_client_credentials_grant+With_a_missing_secret" runstate="Runnable" result="Passed" duration="0.000829" asserts="2" />
                      <test-case id="6-3291" name="Should_return_HTTP_status_of_BadRequest" fullname="EdFi.Ods.Tests.EdFi.Ods.Api.Services.Controllers.When_calling_the_token_controller+Using_client_credentials_grant+With_a_missing_secret.Should_return_HTTP_status_of_BadRequest" methodname="Should_return_HTTP_status_of_BadRequest" classname="EdFi.Ods.Tests.EdFi.Ods.Api.Services.Controllers.When_calling_the_token_controller+Using_client_credentials_grant+With_a_missing_secret" runstate="Runnable" result="Passed" duration="0.001272" asserts="1" />
                    </test-suite>
                    <test-suite type="TestFixture" id="6-3286" name="When_calling_the_token_controller+Using_client_credentials_grant+With_an_empty_secret" fullname="EdFi.Ods.Tests.EdFi.Ods.Api.Services.Controllers.When_calling_the_token_controller+Using_client_credentials_grant+With_an_empty_secret" classname="EdFi.Ods.Tests.EdFi.Ods.Api.Services.Controllers.When_calling_the_token_controller+Using_client_credentials_grant+With_an_empty_secret" runstate="Runnable" testcasecount="3" result="Passed" duration="0.004857" total="3" passed="0" failed="0" inconclusive="0" skipped="0" asserts="0">
                      <test-case id="6-3289" name="Should_not_include_any_cache_headers" fullname="EdFi.Ods.Tests.EdFi.Ods.Api.Services.Controllers.When_calling_the_token_controller+Using_client_credentials_grant+With_an_empty_secret.Should_not_include_any_cache_headers" methodname="Should_not_include_any_cache_headers" classname="EdFi.Ods.Tests.EdFi.Ods.Api.Services.Controllers.When_calling_the_token_controller+Using_client_credentials_grant+With_an_empty_secret" runstate="Runnable" result="Passed" duration="0.000581" asserts="2" />
                      <test-case id="6-3288" name="Should_return_a_single_valued_response_with_an_error_indicating_invalid_client" fullname="EdFi.Ods.Tests.EdFi.Ods.Api.Services.Controllers.When_calling_the_token_controller+Using_client_credentials_grant+With_an_empty_secret.Should_return_a_single_valued_response_with_an_error_indicating_invalid_client" methodname="Should_return_a_single_valued_response_with_an_error_indicating_invalid_client" classname="EdFi.Ods.Tests.EdFi.Ods.Api.Services.Controllers.When_calling_the_token_controller+Using_client_credentials_grant+With_an_empty_secret" runstate="Runnable" result="Passed" duration="0.000688" asserts="2" />
                      <test-case id="6-3287" name="Should_return_HTTP_status_of_BadRequest" fullname="EdFi.Ods.Tests.EdFi.Ods.Api.Services.Controllers.When_calling_the_token_controller+Using_client_credentials_grant+With_an_empty_secret.Should_return_HTTP_status_of_BadRequest" methodname="Should_return_HTTP_status_of_BadRequest" classname="EdFi.Ods.Tests.EdFi.Ods.Api.Services.Controllers.When_calling_the_token_controller+Using_client_credentials_grant+With_an_empty_secret" runstate="Runnable" result="Passed" duration="0.000505" asserts="1" />
                    </test-suite>
                    <test-suite type="TestFixture" id="6-3282" name="When_calling_the_token_controller+Using_client_credentials_grant+With_an_incorrect_client_id_and_secret" fullname="EdFi.Ods.Tests.EdFi.Ods.Api.Services.Controllers.When_calling_the_token_controller+Using_client_credentials_grant+With_an_incorrect_client_id_and_secret" classname="EdFi.Ods.Tests.EdFi.Ods.Api.Services.Controllers.When_calling_the_token_controller+Using_client_credentials_grant+With_an_incorrect_client_id_and_secret" runstate="Runnable" testcasecount="3" result="Passed" duration="0.008972" total="3" passed="0" failed="0" inconclusive="0" skipped="0" asserts="0">
                      <test-case id="6-3285" name="Should_not_include_any_cache_headers" fullname="EdFi.Ods.Tests.EdFi.Ods.Api.Services.Controllers.When_calling_the_token_controller+Using_client_credentials_grant+With_an_incorrect_client_id_and_secret.Should_not_include_any_cache_headers" methodname="Should_not_include_any_cache_headers" classname="EdFi.Ods.Tests.EdFi.Ods.Api.Services.Controllers.When_calling_the_token_controller+Using_client_credentials_grant+With_an_incorrect_client_id_and_secret" runstate="Runnable" result="Passed" duration="0.000775" asserts="2" />
                      <test-case id="6-3284" name="Should_return_a_single_valued_response_with_an_error_indicating_invalid_client" fullname="EdFi.Ods.Tests.EdFi.Ods.Api.Services.Controllers.When_calling_the_token_controller+Using_client_credentials_grant+With_an_incorrect_client_id_and_secret.Should_return_a_single_valued_response_with_an_error_indicating_invalid_client" methodname="Should_return_a_single_valued_response_with_an_error_indicating_invalid_client" classname="EdFi.Ods.Tests.EdFi.Ods.Api.Services.Controllers.When_calling_the_token_controller+Using_client_credentials_grant+With_an_incorrect_client_id_and_secret" runstate="Runnable" result="Passed" duration="0.000639" asserts="2" />
                      <test-case id="6-3283" name="Should_return_HTTP_status_of_BadRequest" fullname="EdFi.Ods.Tests.EdFi.Ods.Api.Services.Controllers.When_calling_the_token_controller+Using_client_credentials_grant+With_an_incorrect_client_id_and_secret.Should_return_HTTP_status_of_BadRequest" methodname="Should_return_HTTP_status_of_BadRequest" classname="EdFi.Ods.Tests.EdFi.Ods.Api.Services.Controllers.When_calling_the_token_controller+Using_client_credentials_grant+With_an_incorrect_client_id_and_secret" runstate="Runnable" result="Passed" duration="0.000492" asserts="1" />
                    </test-suite>
                    <test-suite type="TestFixture" id="6-3250" name="When_calling_the_token_controller+Using_client_credentials_grant+With_valid_key_and_secret" fullname="EdFi.Ods.Tests.EdFi.Ods.Api.Services.Controllers.When_calling_the_token_controller+Using_client_credentials_grant+With_valid_key_and_secret" classname="EdFi.Ods.Tests.EdFi.Ods.Api.Services.Controllers.When_calling_the_token_controller+Using_client_credentials_grant+With_valid_key_and_secret" runstate="Runnable" testcasecount="7" result="Passed" duration="0.090789" total="7" passed="0" failed="0" inconclusive="0" skipped="0" asserts="0">
                      <test-case id="6-3252" name="Should_include_CacheControl_and_Pragma_headers" fullname="EdFi.Ods.Tests.EdFi.Ods.Api.Services.Controllers.When_calling_the_token_controller+Using_client_credentials_grant+With_valid_key_and_secret.Should_include_CacheControl_and_Pragma_headers" methodname="Should_include_CacheControl_and_Pragma_headers" classname="EdFi.Ods.Tests.EdFi.Ods.Api.Services.Controllers.When_calling_the_token_controller+Using_client_credentials_grant+With_valid_key_and_secret" runstate="Runnable" result="Passed" duration="0.016575" asserts="2" />
                      <test-case id="6-3253" name="Should_include_the_generated_access_token_value_in_the_response" fullname="EdFi.Ods.Tests.EdFi.Ods.Api.Services.Controllers.When_calling_the_token_controller+Using_client_credentials_grant+With_valid_key_and_secret.Should_include_the_generated_access_token_value_in_the_response" methodname="Should_include_the_generated_access_token_value_in_the_response" classname="EdFi.Ods.Tests.EdFi.Ods.Api.Services.Controllers.When_calling_the_token_controller+Using_client_credentials_grant+With_valid_key_and_secret" runstate="Runnable" result="Passed" duration="0.000458" asserts="1" />
                      <test-case id="6-3255" name="Should_indicate_the_access_token_expires_within_1_second_of_the_supplied_expiration_time" fullname="EdFi.Ods.Tests.EdFi.Ods.Api.Services.Controllers.When_calling_the_token_controller+Using_client_credentials_grant+With_valid_key_and_secret.Should_indicate_the_access_token_expires_within_1_second_of_the_supplied_expiration_time" methodname="Should_indicate_the_access_token_expires_within_1_second_of_the_supplied_expiration_time" classname="EdFi.Ods.Tests.EdFi.Ods.Api.Services.Controllers.When_calling_the_token_controller+Using_client_credentials_grant+With_valid_key_and_secret" runstate="Runnable" result="Passed" duration="0.009424" asserts="1" />
                      <test-case id="6-3254" name="Should_indicate_the_access_token_is_a_bearer_token" fullname="EdFi.Ods.Tests.EdFi.Ods.Api.Services.Controllers.When_calling_the_token_controller+Using_client_credentials_grant+With_valid_key_and_secret.Should_indicate_the_access_token_is_a_bearer_token" methodname="Should_indicate_the_access_token_is_a_bearer_token" classname="EdFi.Ods.Tests.EdFi.Ods.Api.Services.Controllers.When_calling_the_token_controller+Using_client_credentials_grant+With_valid_key_and_secret" runstate="Runnable" result="Passed" duration="0.000455" asserts="1" />
                      <test-case id="6-3251" name="Should_return_HTTP_status_of_OK" fullname="EdFi.Ods.Tests.EdFi.Ods.Api.Services.Controllers.When_calling_the_token_controller+Using_client_credentials_grant+With_valid_key_and_secret.Should_return_HTTP_status_of_OK" methodname="Should_return_HTTP_status_of_OK" classname="EdFi.Ods.Tests.EdFi.Ods.Api.Services.Controllers.When_calling_the_token_controller+Using_client_credentials_grant+With_valid_key_and_secret" runstate="Runnable" result="Passed" duration="0.000431" asserts="1" />
                      <test-case id="6-3257" name="Should_use_ClientAppRepo_to_create_token_using_the_supplied_ApiClientId" fullname="EdFi.Ods.Tests.EdFi.Ods.Api.Services.Controllers.When_calling_the_token_controller+Using_client_credentials_grant+With_valid_key_and_secret.Should_use_ClientAppRepo_to_create_token_using_the_supplied_ApiClientId" methodname="Should_use_ClientAppRepo_to_create_token_using_the_supplied_ApiClientId" classname="EdFi.Ods.Tests.EdFi.Ods.Api.Services.Controllers.When_calling_the_token_controller+Using_client_credentials_grant+With_valid_key_and_secret" runstate="Runnable" result="Passed" duration="0.000796" asserts="0" />
                      <test-case id="6-3256" name="Should_use_ClientAppRepo_to_obtain_the_ApiClient_using_both_the_key_and_secret" fullname="EdFi.Ods.Tests.EdFi.Ods.Api.Services.Controllers.When_calling_the_token_controller+Using_client_credentials_grant+With_valid_key_and_secret.Should_use_ClientAppRepo_to_obtain_the_ApiClient_using_both_the_key_and_secret" methodname="Should_use_ClientAppRepo_to_obtain_the_ApiClient_using_both_the_key_and_secret" classname="EdFi.Ods.Tests.EdFi.Ods.Api.Services.Controllers.When_calling_the_token_controller+Using_client_credentials_grant+With_valid_key_and_secret" runstate="Runnable" result="Passed" duration="0.000725" asserts="0" />
                    </test-suite>
                    <test-suite type="TestFixture" id="6-3266" name="When_calling_the_token_controller+Using_client_credentials_grant+With_valid_key_and_secret_provided_in_both_the_body_and_the_Authorization_header" fullname="EdFi.Ods.Tests.EdFi.Ods.Api.Services.Controllers.When_calling_the_token_controller+Using_client_credentials_grant+With_valid_key_and_secret_provided_in_both_the_body_and_the_Authorization_header" classname="EdFi.Ods.Tests.EdFi.Ods.Api.Services.Controllers.When_calling_the_token_controller+Using_client_credentials_grant+With_valid_key_and_secret_provided_in_both_the_body_and_the_Authorization_header" runstate="Runnable" testcasecount="2" result="Passed" duration="0.004454" total="2" passed="0" failed="0" inconclusive="0" skipped="0" asserts="0">
                      <test-case id="6-3268" name="Should_return_a_single_valued_response_with_an_error_indicating_invalid_request" fullname="EdFi.Ods.Tests.EdFi.Ods.Api.Services.Controllers.When_calling_the_token_controller+Using_client_credentials_grant+With_valid_key_and_secret_provided_in_both_the_body_and_the_Authorization_header.Should_return_a_single_valued_response_with_an_error_indicating_invalid_request" methodname="Should_return_a_single_valued_response_with_an_error_indicating_invalid_request" classname="EdFi.Ods.Tests.EdFi.Ods.Api.Services.Controllers.When_calling_the_token_controller+Using_client_credentials_grant+With_valid_key_and_secret_provided_in_both_the_body_and_the_Authorization_header" runstate="Runnable" result="Passed" duration="0.000833" asserts="2" />
                      <test-case id="6-3267" name="Should_return_HTTP_status_of_BadRequest" fullname="EdFi.Ods.Tests.EdFi.Ods.Api.Services.Controllers.When_calling_the_token_controller+Using_client_credentials_grant+With_valid_key_and_secret_provided_in_both_the_body_and_the_Authorization_header.Should_return_HTTP_status_of_BadRequest" methodname="Should_return_HTTP_status_of_BadRequest" classname="EdFi.Ods.Tests.EdFi.Ods.Api.Services.Controllers.When_calling_the_token_controller+Using_client_credentials_grant+With_valid_key_and_secret_provided_in_both_the_body_and_the_Authorization_header" runstate="Runnable" result="Passed" duration="0.000464" asserts="1" />
                    </test-suite>
                    <test-suite type="TestFixture" id="6-3258" name="When_calling_the_token_controller+Using_client_credentials_grant+With_valid_key_and_secret_provided_using_Basic_Authorization_header" fullname="EdFi.Ods.Tests.EdFi.Ods.Api.Services.Controllers.When_calling_the_token_controller+Using_client_credentials_grant+With_valid_key_and_secret_provided_using_Basic_Authorization_header" classname="EdFi.Ods.Tests.EdFi.Ods.Api.Services.Controllers.When_calling_the_token_controller+Using_client_credentials_grant+With_valid_key_and_secret_provided_using_Basic_Authorization_header" runstate="Runnable" testcasecount="7" result="Passed" duration="0.016762" total="7" passed="0" failed="0" inconclusive="0" skipped="0" asserts="0">
                      <test-case id="6-3260" name="Should_include_CacheControl_and_Pragma_headers" fullname="EdFi.Ods.Tests.EdFi.Ods.Api.Services.Controllers.When_calling_the_token_controller+Using_client_credentials_grant+With_valid_key_and_secret_provided_using_Basic_Authorization_header.Should_include_CacheControl_and_Pragma_headers" methodname="Should_include_CacheControl_and_Pragma_headers" classname="EdFi.Ods.Tests.EdFi.Ods.Api.Services.Controllers.When_calling_the_token_controller+Using_client_credentials_grant+With_valid_key_and_secret_provided_using_Basic_Authorization_header" runstate="Runnable" result="Passed" duration="0.000877" asserts="2" />
                      <test-case id="6-3261" name="Should_include_the_generated_access_token_value_in_the_response" fullname="EdFi.Ods.Tests.EdFi.Ods.Api.Services.Controllers.When_calling_the_token_controller+Using_client_credentials_grant+With_valid_key_and_secret_provided_using_Basic_Authorization_header.Should_include_the_generated_access_token_value_in_the_response" methodname="Should_include_the_generated_access_token_value_in_the_response" classname="EdFi.Ods.Tests.EdFi.Ods.Api.Services.Controllers.When_calling_the_token_controller+Using_client_credentials_grant+With_valid_key_and_secret_provided_using_Basic_Authorization_header" runstate="Runnable" result="Passed" duration="0.000602" asserts="1" />
                      <test-case id="6-3263" name="Should_indicate_the_access_token_expires_in_10_minutes" fullname="EdFi.Ods.Tests.EdFi.Ods.Api.Services.Controllers.When_calling_the_token_controller+Using_client_credentials_grant+With_valid_key_and_secret_provided_using_Basic_Authorization_header.Should_indicate_the_access_token_expires_in_10_minutes" methodname="Should_indicate_the_access_token_expires_in_10_minutes" classname="EdFi.Ods.Tests.EdFi.Ods.Api.Services.Controllers.When_calling_the_token_controller+Using_client_credentials_grant+With_valid_key_and_secret_provided_using_Basic_Authorization_header" runstate="Runnable" result="Passed" duration="0.000508" asserts="1" />
                      <test-case id="6-3262" name="Should_indicate_the_access_token_is_a_bearer_token" fullname="EdFi.Ods.Tests.EdFi.Ods.Api.Services.Controllers.When_calling_the_token_controller+Using_client_credentials_grant+With_valid_key_and_secret_provided_using_Basic_Authorization_header.Should_indicate_the_access_token_is_a_bearer_token" methodname="Should_indicate_the_access_token_is_a_bearer_token" classname="EdFi.Ods.Tests.EdFi.Ods.Api.Services.Controllers.When_calling_the_token_controller+Using_client_credentials_grant+With_valid_key_and_secret_provided_using_Basic_Authorization_header" runstate="Runnable" result="Passed" duration="0.000401" asserts="1" />
                      <test-case id="6-3259" name="Should_return_HTTP_status_of_OK" fullname="EdFi.Ods.Tests.EdFi.Ods.Api.Services.Controllers.When_calling_the_token_controller+Using_client_credentials_grant+With_valid_key_and_secret_provided_using_Basic_Authorization_header.Should_return_HTTP_status_of_OK" methodname="Should_return_HTTP_status_of_OK" classname="EdFi.Ods.Tests.EdFi.Ods.Api.Services.Controllers.When_calling_the_token_controller+Using_client_credentials_grant+With_valid_key_and_secret_provided_using_Basic_Authorization_header" runstate="Runnable" result="Passed" duration="0.000501" asserts="1" />
                      <test-case id="6-3265" name="Should_use_ClientAppRepo_to_create_token_using_the_supplied_ApiClientId" fullname="EdFi.Ods.Tests.EdFi.Ods.Api.Services.Controllers.When_calling_the_token_controller+Using_client_credentials_grant+With_valid_key_and_secret_provided_using_Basic_Authorization_header.Should_use_ClientAppRepo_to_create_token_using_the_supplied_ApiClientId" methodname="Should_use_ClientAppRepo_to_create_token_using_the_supplied_ApiClientId" classname="EdFi.Ods.Tests.EdFi.Ods.Api.Services.Controllers.When_calling_the_token_controller+Using_client_credentials_grant+With_valid_key_and_secret_provided_using_Basic_Authorization_header" runstate="Runnable" result="Passed" duration="0.001042" asserts="0" />
                      <test-case id="6-3264" name="Should_use_ClientAppRepo_to_obtain_the_ApiClient_using_both_the_key_and_secret" fullname="EdFi.Ods.Tests.EdFi.Ods.Api.Services.Controllers.When_calling_the_token_controller+Using_client_credentials_grant+With_valid_key_and_secret_provided_using_Basic_Authorization_header.Should_use_ClientAppRepo_to_obtain_the_ApiClient_using_both_the_key_and_secret" methodname="Should_use_ClientAppRepo_to_obtain_the_ApiClient_using_both_the_key_and_secret" classname="EdFi.Ods.Tests.EdFi.Ods.Api.Services.Controllers.When_calling_the_token_controller+Using_client_credentials_grant+With_valid_key_and_secret_provided_using_Basic_Authorization_header" runstate="Runnable" result="Passed" duration="0.000976" asserts="0" />
                    </test-suite>
                  </test-suite>
                  <test-suite type="Namespace" id="6-3361" name="Filters" fullname="EdFi.Ods.Tests.EdFi.Ods.Api.Services.Filters" runstate="Runnable" testcasecount="8" result="Passed" duration="0.134524" total="8" passed="0" failed="0" inconclusive="0" skipped="0" asserts="0">
                    <test-suite type="TestFixture" id="6-3085" name="CheckModelForNullAttributeTests+When_calling_the_check_model_for_null_action_filter" fullname="EdFi.Ods.Tests.EdFi.Ods.Api.Services.Filters.CheckModelForNullAttributeTests+When_calling_the_check_model_for_null_action_filter" classname="EdFi.Ods.Tests.EdFi.Ods.Api.Services.Filters.CheckModelForNullAttributeTests+When_calling_the_check_model_for_null_action_filter" runstate="Runnable" testcasecount="3" result="Passed" duration="0.081908" total="3" passed="0" failed="0" inconclusive="0" skipped="0" asserts="0">
                      <test-case id="6-3086" name="Existing_arguments_should_not_trigger_filter" fullname="EdFi.Ods.Tests.EdFi.Ods.Api.Services.Filters.CheckModelForNullAttributeTests+When_calling_the_check_model_for_null_action_filter.Existing_arguments_should_not_trigger_filter" methodname="Existing_arguments_should_not_trigger_filter" classname="EdFi.Ods.Tests.EdFi.Ods.Api.Services.Filters.CheckModelForNullAttributeTests+When_calling_the_check_model_for_null_action_filter" runstate="Runnable" result="Passed" duration="0.003441" asserts="0" />
                      <test-case id="6-3088" name="Multiple_null_arguments_should_trigger_filter" fullname="EdFi.Ods.Tests.EdFi.Ods.Api.Services.Filters.CheckModelForNullAttributeTests+When_calling_the_check_model_for_null_action_filter.Multiple_null_arguments_should_trigger_filter" methodname="Multiple_null_arguments_should_trigger_filter" classname="EdFi.Ods.Tests.EdFi.Ods.Api.Services.Filters.CheckModelForNullAttributeTests+When_calling_the_check_model_for_null_action_filter" runstate="Runnable" result="Passed" duration="0.073256" asserts="0" />
                      <test-case id="6-3087" name="Single_null_argument_should_trigger_filter" fullname="EdFi.Ods.Tests.EdFi.Ods.Api.Services.Filters.CheckModelForNullAttributeTests+When_calling_the_check_model_for_null_action_filter.Single_null_argument_should_trigger_filter" methodname="Single_null_argument_should_trigger_filter" classname="EdFi.Ods.Tests.EdFi.Ods.Api.Services.Filters.CheckModelForNullAttributeTests+When_calling_the_check_model_for_null_action_filter" runstate="Runnable" result="Passed" duration="0.003043" asserts="0" />
                    </test-suite>
                    <test-suite type="TestFixture" id="6-1878" name="SchoolYearContextFilterTests" fullname="EdFi.Ods.Tests.EdFi.Ods.Api.Services.Filters.SchoolYearContextFilterTests" classname="EdFi.Ods.Tests.EdFi.Ods.Api.Services.Filters.SchoolYearContextFilterTests" runstate="Runnable" testcasecount="0" result="Inconclusive" duration="0.025217" total="0" passed="0" failed="0" inconclusive="0" skipped="0" asserts="0" />
                    <test-suite type="TestFixture" id="6-3091" name="SchoolYearContextFilterTests+When_School_Year_Is_A_String" fullname="EdFi.Ods.Tests.EdFi.Ods.Api.Services.Filters.SchoolYearContextFilterTests+When_School_Year_Is_A_String" classname="EdFi.Ods.Tests.EdFi.Ods.Api.Services.Filters.SchoolYearContextFilterTests+When_School_Year_Is_A_String" runstate="Runnable" testcasecount="1" result="Passed" duration="0.007257" total="1" passed="0" failed="0" inconclusive="0" skipped="0" asserts="0">
                      <test-case id="6-3092" name="Should_Not_Parse_InValid_School_Year" fullname="EdFi.Ods.Tests.EdFi.Ods.Api.Services.Filters.SchoolYearContextFilterTests+When_School_Year_Is_A_String.Should_Not_Parse_InValid_School_Year" methodname="Should_Not_Parse_InValid_School_Year" classname="EdFi.Ods.Tests.EdFi.Ods.Api.Services.Filters.SchoolYearContextFilterTests+When_School_Year_Is_A_String" runstate="Runnable" result="Passed" duration="0.006138" asserts="0" />
                    </test-suite>
                    <test-suite type="TestFixture" id="6-3089" name="SchoolYearContextFilterTests+When_School_Year_Is_An_Array" fullname="EdFi.Ods.Tests.EdFi.Ods.Api.Services.Filters.SchoolYearContextFilterTests+When_School_Year_Is_An_Array" classname="EdFi.Ods.Tests.EdFi.Ods.Api.Services.Filters.SchoolYearContextFilterTests+When_School_Year_Is_An_Array" runstate="Runnable" testcasecount="1" result="Passed" duration="0.002456" total="1" passed="0" failed="0" inconclusive="0" skipped="0" asserts="0">
                      <test-case id="6-3090" name="Should_Not_Parse_School_Year" fullname="EdFi.Ods.Tests.EdFi.Ods.Api.Services.Filters.SchoolYearContextFilterTests+When_School_Year_Is_An_Array.Should_Not_Parse_School_Year" methodname="Should_Not_Parse_School_Year" classname="EdFi.Ods.Tests.EdFi.Ods.Api.Services.Filters.SchoolYearContextFilterTests+When_School_Year_Is_An_Array" runstate="Runnable" result="Passed" duration="0.001315" asserts="0" />
                    </test-suite>
                    <test-suite type="TestFixture" id="6-3095" name="SchoolYearContextFilterTests+When_School_Year_Is_Empty" fullname="EdFi.Ods.Tests.EdFi.Ods.Api.Services.Filters.SchoolYearContextFilterTests+When_School_Year_Is_Empty" classname="EdFi.Ods.Tests.EdFi.Ods.Api.Services.Filters.SchoolYearContextFilterTests+When_School_Year_Is_Empty" runstate="Runnable" testcasecount="1" result="Passed" duration="0.001969" total="1" passed="0" failed="0" inconclusive="0" skipped="0" asserts="0">
                      <test-case id="6-3096" name="Should_Not_Parse_School_Year" fullname="EdFi.Ods.Tests.EdFi.Ods.Api.Services.Filters.SchoolYearContextFilterTests+When_School_Year_Is_Empty.Should_Not_Parse_School_Year" methodname="Should_Not_Parse_School_Year" classname="EdFi.Ods.Tests.EdFi.Ods.Api.Services.Filters.SchoolYearContextFilterTests+When_School_Year_Is_Empty" runstate="Runnable" result="Passed" duration="0.001160" asserts="0" />
                    </test-suite>
                    <test-suite type="TestFixture" id="6-3093" name="SchoolYearContextFilterTests+When_School_Year_Is_Null" fullname="EdFi.Ods.Tests.EdFi.Ods.Api.Services.Filters.SchoolYearContextFilterTests+When_School_Year_Is_Null" classname="EdFi.Ods.Tests.EdFi.Ods.Api.Services.Filters.SchoolYearContextFilterTests+When_School_Year_Is_Null" runstate="Runnable" testcasecount="1" result="Passed" duration="0.002119" total="1" passed="0" failed="0" inconclusive="0" skipped="0" asserts="0">
                      <test-case id="6-3094" name="Should_Not_Parse_School_Year" fullname="EdFi.Ods.Tests.EdFi.Ods.Api.Services.Filters.SchoolYearContextFilterTests+When_School_Year_Is_Null.Should_Not_Parse_School_Year" methodname="Should_Not_Parse_School_Year" classname="EdFi.Ods.Tests.EdFi.Ods.Api.Services.Filters.SchoolYearContextFilterTests+When_School_Year_Is_Null" runstate="Runnable" result="Passed" duration="0.001265" asserts="0" />
                    </test-suite>
                    <test-suite type="TestFixture" id="6-3097" name="SchoolYearContextFilterTests+When_School_Year_Is_WhiteSpace" fullname="EdFi.Ods.Tests.EdFi.Ods.Api.Services.Filters.SchoolYearContextFilterTests+When_School_Year_Is_WhiteSpace" classname="EdFi.Ods.Tests.EdFi.Ods.Api.Services.Filters.SchoolYearContextFilterTests+When_School_Year_Is_WhiteSpace" runstate="Runnable" testcasecount="1" result="Passed" duration="0.004011" total="1" passed="0" failed="0" inconclusive="0" skipped="0" asserts="0">
                      <test-case id="6-3098" name="Should_Not_Parse_School_Year" fullname="EdFi.Ods.Tests.EdFi.Ods.Api.Services.Filters.SchoolYearContextFilterTests+When_School_Year_Is_WhiteSpace.Should_Not_Parse_School_Year" methodname="Should_Not_Parse_School_Year" classname="EdFi.Ods.Tests.EdFi.Ods.Api.Services.Filters.SchoolYearContextFilterTests+When_School_Year_Is_WhiteSpace" runstate="Runnable" result="Passed" duration="0.002341" asserts="0" />
                    </test-suite>
                  </test-suite>
                  <test-suite type="Namespace" id="6-3356" name="Metadata" fullname="EdFi.Ods.Tests.EdFi.Ods.Api.Services.Metadata" runstate="Runnable" testcasecount="122" result="Passed" duration="38.580268" total="122" passed="0" failed="0" inconclusive="0" skipped="0" asserts="0">
                    <test-suite type="Namespace" id="6-3360" name="Factories" fullname="EdFi.Ods.Tests.EdFi.Ods.Api.Services.Metadata.Factories" runstate="Runnable" testcasecount="92" result="Passed" duration="12.768390" total="92" passed="0" failed="0" inconclusive="0" skipped="0" asserts="0">
                      <test-suite type="TestFixture" id="6-1872" name="SwaggerDefinitionsFactoryTests" fullname="EdFi.Ods.Tests.EdFi.Ods.Api.Services.Metadata.Factories.SwaggerDefinitionsFactoryTests" classname="EdFi.Ods.Tests.EdFi.Ods.Api.Services.Metadata.Factories.SwaggerDefinitionsFactoryTests" runstate="Runnable" testcasecount="0" result="Inconclusive" duration="0.000287" total="0" passed="0" failed="0" inconclusive="0" skipped="0" asserts="0" />
                      <test-suite type="TestFixture" id="6-3013" name="SwaggerDefinitionsFactoryTests+When_creating_definitions_for_list_of_composite_resources_using_a_single_instance_or_year_specific_ods" fullname="EdFi.Ods.Tests.EdFi.Ods.Api.Services.Metadata.Factories.SwaggerDefinitionsFactoryTests+When_creating_definitions_for_list_of_composite_resources_using_a_single_instance_or_year_specific_ods" classname="EdFi.Ods.Tests.EdFi.Ods.Api.Services.Metadata.Factories.SwaggerDefinitionsFactoryTests+When_creating_definitions_for_list_of_composite_resources_using_a_single_instance_or_year_specific_ods" runstate="Runnable" testcasecount="3" result="Passed" duration="1.757993" total="3" passed="0" failed="0" inconclusive="0" skipped="0" asserts="0">
                        <test-case id="6-3015" name="Should_return_a_correctly_constructed_linked_collection_definition" fullname="EdFi.Ods.Tests.EdFi.Ods.Api.Services.Metadata.Factories.SwaggerDefinitionsFactoryTests+When_creating_definitions_for_list_of_composite_resources_using_a_single_instance_or_year_specific_ods.Should_return_a_correctly_constructed_linked_collection_definition" methodname="Should_return_a_correctly_constructed_linked_collection_definition" classname="EdFi.Ods.Tests.EdFi.Ods.Api.Services.Metadata.Factories.SwaggerDefinitionsFactoryTests+When_creating_definitions_for_list_of_composite_resources_using_a_single_instance_or_year_specific_ods" runstate="Runnable" result="Passed" duration="0.004918" asserts="2" />
                        <test-case id="6-3016" name="Should_return_a_correctly_constructed_resource_reference_definition_specified_in_composite_definition" fullname="EdFi.Ods.Tests.EdFi.Ods.Api.Services.Metadata.Factories.SwaggerDefinitionsFactoryTests+When_creating_definitions_for_list_of_composite_resources_using_a_single_instance_or_year_specific_ods.Should_return_a_correctly_constructed_resource_reference_definition_specified_in_composite_definition" methodname="Should_return_a_correctly_constructed_resource_reference_definition_specified_in_composite_definition" classname="EdFi.Ods.Tests.EdFi.Ods.Api.Services.Metadata.Factories.SwaggerDefinitionsFactoryTests+When_creating_definitions_for_list_of_composite_resources_using_a_single_instance_or_year_specific_ods" runstate="Runnable" result="Passed" duration="0.002628" asserts="2" />
                        <test-case id="6-3014" name="Should_return_a_non_empty_list_of_definitions" fullname="EdFi.Ods.Tests.EdFi.Ods.Api.Services.Metadata.Factories.SwaggerDefinitionsFactoryTests+When_creating_definitions_for_list_of_composite_resources_using_a_single_instance_or_year_specific_ods.Should_return_a_non_empty_list_of_definitions" methodname="Should_return_a_non_empty_list_of_definitions" classname="EdFi.Ods.Tests.EdFi.Ods.Api.Services.Metadata.Factories.SwaggerDefinitionsFactoryTests+When_creating_definitions_for_list_of_composite_resources_using_a_single_instance_or_year_specific_ods" runstate="Runnable" result="Passed" duration="0.001682" asserts="1" />
                      </test-suite>
                      <test-suite type="TestFixture" id="6-3005" name="SwaggerDefinitionsFactoryTests+When_creating_definitions_for_list_of_profile_resources_using_a_single_instance_or_year_specific_ods" fullname="EdFi.Ods.Tests.EdFi.Ods.Api.Services.Metadata.Factories.SwaggerDefinitionsFactoryTests+When_creating_definitions_for_list_of_profile_resources_using_a_single_instance_or_year_specific_ods" classname="EdFi.Ods.Tests.EdFi.Ods.Api.Services.Metadata.Factories.SwaggerDefinitionsFactoryTests+When_creating_definitions_for_list_of_profile_resources_using_a_single_instance_or_year_specific_ods" runstate="Runnable" testcasecount="7" result="Passed" duration="0.343541" total="7" passed="0" failed="0" inconclusive="0" skipped="0" asserts="0">
                        <test-case id="6-3007" name="Should_return_a_list_of_definitions_with_a_content_type_usage_appended_to_name" fullname="EdFi.Ods.Tests.EdFi.Ods.Api.Services.Metadata.Factories.SwaggerDefinitionsFactoryTests+When_creating_definitions_for_list_of_profile_resources_using_a_single_instance_or_year_specific_ods.Should_return_a_list_of_definitions_with_a_content_type_usage_appended_to_name" methodname="Should_return_a_list_of_definitions_with_a_content_type_usage_appended_to_name" classname="EdFi.Ods.Tests.EdFi.Ods.Api.Services.Metadata.Factories.SwaggerDefinitionsFactoryTests+When_creating_definitions_for_list_of_profile_resources_using_a_single_instance_or_year_specific_ods" runstate="Runnable" result="Passed" duration="0.020022" asserts="31" />
                        <test-case id="6-3006" name="Should_return_a_non_empty_list_of_definitions" fullname="EdFi.Ods.Tests.EdFi.Ods.Api.Services.Metadata.Factories.SwaggerDefinitionsFactoryTests+When_creating_definitions_for_list_of_profile_resources_using_a_single_instance_or_year_specific_ods.Should_return_a_non_empty_list_of_definitions" methodname="Should_return_a_non_empty_list_of_definitions" classname="EdFi.Ods.Tests.EdFi.Ods.Api.Services.Metadata.Factories.SwaggerDefinitionsFactoryTests+When_creating_definitions_for_list_of_profile_resources_using_a_single_instance_or_year_specific_ods" runstate="Runnable" result="Passed" duration="0.000526" asserts="1" />
                        <test-case id="6-3012" name="Should_return_filtered_profile_extension_resource_definitions_with_correctly_included_extension_properties" fullname="EdFi.Ods.Tests.EdFi.Ods.Api.Services.Metadata.Factories.SwaggerDefinitionsFactoryTests+When_creating_definitions_for_list_of_profile_resources_using_a_single_instance_or_year_specific_ods.Should_return_filtered_profile_extension_resource_definitions_with_correctly_included_extension_properties" methodname="Should_return_filtered_profile_extension_resource_definitions_with_correctly_included_extension_properties" classname="EdFi.Ods.Tests.EdFi.Ods.Api.Services.Metadata.Factories.SwaggerDefinitionsFactoryTests+When_creating_definitions_for_list_of_profile_resources_using_a_single_instance_or_year_specific_ods" runstate="Runnable" result="Passed" duration="0.001122" asserts="1" />
                        <test-case id="6-3008" name="Should_return_filtered_profile_resource_definitions_with_correctly_excluded_properties" fullname="EdFi.Ods.Tests.EdFi.Ods.Api.Services.Metadata.Factories.SwaggerDefinitionsFactoryTests+When_creating_definitions_for_list_of_profile_resources_using_a_single_instance_or_year_specific_ods.Should_return_filtered_profile_resource_definitions_with_correctly_excluded_properties" methodname="Should_return_filtered_profile_resource_definitions_with_correctly_excluded_properties" classname="EdFi.Ods.Tests.EdFi.Ods.Api.Services.Metadata.Factories.SwaggerDefinitionsFactoryTests+When_creating_definitions_for_list_of_profile_resources_using_a_single_instance_or_year_specific_ods" runstate="Runnable" result="Passed" duration="0.000991" asserts="1" />
                        <test-case id="6-3009" name="Should_return_filtered_profile_resource_definitions_with_correctly_named_definition_references" fullname="EdFi.Ods.Tests.EdFi.Ods.Api.Services.Metadata.Factories.SwaggerDefinitionsFactoryTests+When_creating_definitions_for_list_of_profile_resources_using_a_single_instance_or_year_specific_ods.Should_return_filtered_profile_resource_definitions_with_correctly_named_definition_references" methodname="Should_return_filtered_profile_resource_definitions_with_correctly_named_definition_references" classname="EdFi.Ods.Tests.EdFi.Ods.Api.Services.Metadata.Factories.SwaggerDefinitionsFactoryTests+When_creating_definitions_for_list_of_profile_resources_using_a_single_instance_or_year_specific_ods" runstate="Runnable" result="Passed" duration="0.008205" asserts="0" />
                        <test-case id="6-3010" name="Should_return_filtered_profile_resource_definitions_with_included_profile_extension_bridge_definition" fullname="EdFi.Ods.Tests.EdFi.Ods.Api.Services.Metadata.Factories.SwaggerDefinitionsFactoryTests+When_creating_definitions_for_list_of_profile_resources_using_a_single_instance_or_year_specific_ods.Should_return_filtered_profile_resource_definitions_with_included_profile_extension_bridge_definition" methodname="Should_return_filtered_profile_resource_definitions_with_included_profile_extension_bridge_definition" classname="EdFi.Ods.Tests.EdFi.Ods.Api.Services.Metadata.Factories.SwaggerDefinitionsFactoryTests+When_creating_definitions_for_list_of_profile_resources_using_a_single_instance_or_year_specific_ods" runstate="Runnable" result="Passed" duration="0.002394" asserts="1" />
                        <test-case id="6-3011" name="Should_return_filtered_profile_resource_definitions_with_included_profile_extensions" fullname="EdFi.Ods.Tests.EdFi.Ods.Api.Services.Metadata.Factories.SwaggerDefinitionsFactoryTests+When_creating_definitions_for_list_of_profile_resources_using_a_single_instance_or_year_specific_ods.Should_return_filtered_profile_resource_definitions_with_included_profile_extensions" methodname="Should_return_filtered_profile_resource_definitions_with_included_profile_extensions" classname="EdFi.Ods.Tests.EdFi.Ods.Api.Services.Metadata.Factories.SwaggerDefinitionsFactoryTests+When_creating_definitions_for_list_of_profile_resources_using_a_single_instance_or_year_specific_ods" runstate="Runnable" result="Passed" duration="0.000889" asserts="1" />
                      </test-suite>
                      <test-suite type="TestFixture" id="6-2996" name="SwaggerDefinitionsFactoryTests+When_creating_definitions_for_list_of_resources_using_a_single_instance_or_year_specific_ods" fullname="EdFi.Ods.Tests.EdFi.Ods.Api.Services.Metadata.Factories.SwaggerDefinitionsFactoryTests+When_creating_definitions_for_list_of_resources_using_a_single_instance_or_year_specific_ods" classname="EdFi.Ods.Tests.EdFi.Ods.Api.Services.Metadata.Factories.SwaggerDefinitionsFactoryTests+When_creating_definitions_for_list_of_resources_using_a_single_instance_or_year_specific_ods" runstate="Runnable" testcasecount="8" result="Passed" duration="3.005789" total="8" passed="0" failed="0" inconclusive="0" skipped="0" asserts="0">
                        <test-case id="6-3000" name="Should_be_created_with_all_edfi_resource_definitions_containing_an_ext_property" fullname="EdFi.Ods.Tests.EdFi.Ods.Api.Services.Metadata.Factories.SwaggerDefinitionsFactoryTests+When_creating_definitions_for_list_of_resources_using_a_single_instance_or_year_specific_ods.Should_be_created_with_all_edfi_resource_definitions_containing_an_ext_property" methodname="Should_be_created_with_all_edfi_resource_definitions_containing_an_ext_property" classname="EdFi.Ods.Tests.EdFi.Ods.Api.Services.Metadata.Factories.SwaggerDefinitionsFactoryTests+When_creating_definitions_for_list_of_resources_using_a_single_instance_or_year_specific_ods" runstate="Runnable" result="Passed" duration="0.000670" asserts="0" />
                        <test-case id="6-3001" name="Should_be_created_with_all_reference_definitions_containing_a_link_property" fullname="EdFi.Ods.Tests.EdFi.Ods.Api.Services.Metadata.Factories.SwaggerDefinitionsFactoryTests+When_creating_definitions_for_list_of_resources_using_a_single_instance_or_year_specific_ods.Should_be_created_with_all_reference_definitions_containing_a_link_property" methodname="Should_be_created_with_all_reference_definitions_containing_a_link_property" classname="EdFi.Ods.Tests.EdFi.Ods.Api.Services.Metadata.Factories.SwaggerDefinitionsFactoryTests+When_creating_definitions_for_list_of_resources_using_a_single_instance_or_year_specific_ods" runstate="Runnable" result="Passed" duration="0.001780" asserts="46" />
                        <test-case id="6-2999" name="Should_be_created_with_all_resource_definitions_containing_an_etag_property" fullname="EdFi.Ods.Tests.EdFi.Ods.Api.Services.Metadata.Factories.SwaggerDefinitionsFactoryTests+When_creating_definitions_for_list_of_resources_using_a_single_instance_or_year_specific_ods.Should_be_created_with_all_resource_definitions_containing_an_etag_property" methodname="Should_be_created_with_all_resource_definitions_containing_an_etag_property" classname="EdFi.Ods.Tests.EdFi.Ods.Api.Services.Metadata.Factories.SwaggerDefinitionsFactoryTests+When_creating_definitions_for_list_of_resources_using_a_single_instance_or_year_specific_ods" runstate="Runnable" result="Passed" duration="0.002197" asserts="237" />
                        <test-case id="6-3003" name="Should_be_created_with_link_definition" fullname="EdFi.Ods.Tests.EdFi.Ods.Api.Services.Metadata.Factories.SwaggerDefinitionsFactoryTests+When_creating_definitions_for_list_of_resources_using_a_single_instance_or_year_specific_ods.Should_be_created_with_link_definition" methodname="Should_be_created_with_link_definition" classname="EdFi.Ods.Tests.EdFi.Ods.Api.Services.Metadata.Factories.SwaggerDefinitionsFactoryTests+When_creating_definitions_for_list_of_resources_using_a_single_instance_or_year_specific_ods" runstate="Runnable" result="Passed" duration="0.001585" asserts="1" />
                        <test-case id="6-3004" name="Should_be_created_with_resource_definitions_which_contain_complete_list_of_expected_properties" fullname="EdFi.Ods.Tests.EdFi.Ods.Api.Services.Metadata.Factories.SwaggerDefinitionsFactoryTests+When_creating_definitions_for_list_of_resources_using_a_single_instance_or_year_specific_ods.Should_be_created_with_resource_definitions_which_contain_complete_list_of_expected_properties" methodname="Should_be_created_with_resource_definitions_which_contain_complete_list_of_expected_properties" classname="EdFi.Ods.Tests.EdFi.Ods.Api.Services.Metadata.Factories.SwaggerDefinitionsFactoryTests+When_creating_definitions_for_list_of_resources_using_a_single_instance_or_year_specific_ods" runstate="Runnable" result="Passed" duration="0.005299" asserts="482" />
                        <test-case id="6-3002" name="Should_be_created_with_webServiceError_definition" fullname="EdFi.Ods.Tests.EdFi.Ods.Api.Services.Metadata.Factories.SwaggerDefinitionsFactoryTests+When_creating_definitions_for_list_of_resources_using_a_single_instance_or_year_specific_ods.Should_be_created_with_webServiceError_definition" methodname="Should_be_created_with_webServiceError_definition" classname="EdFi.Ods.Tests.EdFi.Ods.Api.Services.Metadata.Factories.SwaggerDefinitionsFactoryTests+When_creating_definitions_for_list_of_resources_using_a_single_instance_or_year_specific_ods" runstate="Runnable" result="Passed" duration="0.000493" asserts="1" />
                        <test-case id="6-2998" name="Should_contain_a_definition_for_all_resources_and_children" fullname="EdFi.Ods.Tests.EdFi.Ods.Api.Services.Metadata.Factories.SwaggerDefinitionsFactoryTests+When_creating_definitions_for_list_of_resources_using_a_single_instance_or_year_specific_ods.Should_contain_a_definition_for_all_resources_and_children" methodname="Should_contain_a_definition_for_all_resources_and_children" classname="EdFi.Ods.Tests.EdFi.Ods.Api.Services.Metadata.Factories.SwaggerDefinitionsFactoryTests+When_creating_definitions_for_list_of_resources_using_a_single_instance_or_year_specific_ods" runstate="Runnable" result="Passed" duration="0.025569" asserts="1" />
                        <test-case id="6-2997" name="Should_not_be_empty" fullname="EdFi.Ods.Tests.EdFi.Ods.Api.Services.Metadata.Factories.SwaggerDefinitionsFactoryTests+When_creating_definitions_for_list_of_resources_using_a_single_instance_or_year_specific_ods.Should_not_be_empty" methodname="Should_not_be_empty" classname="EdFi.Ods.Tests.EdFi.Ods.Api.Services.Metadata.Factories.SwaggerDefinitionsFactoryTests+When_creating_definitions_for_list_of_resources_using_a_single_instance_or_year_specific_ods" runstate="Runnable" result="Passed" duration="0.000307" asserts="1" />
                      </test-suite>
                      <test-suite type="TestFixture" id="6-1873" name="SwaggerDocumentFactoryTests" fullname="EdFi.Ods.Tests.EdFi.Ods.Api.Services.Metadata.Factories.SwaggerDocumentFactoryTests" classname="EdFi.Ods.Tests.EdFi.Ods.Api.Services.Metadata.Factories.SwaggerDocumentFactoryTests" runstate="Runnable" testcasecount="0" result="Inconclusive" duration="0.000314" total="0" passed="0" failed="0" inconclusive="0" skipped="0" asserts="0" />
                      <test-suite type="TestFixture" id="6-3017" name="SwaggerDocumentFactoryTests+When_creating_a_swagger_document_for_list_of_resources_for_a_single_instance_ods" fullname="EdFi.Ods.Tests.EdFi.Ods.Api.Services.Metadata.Factories.SwaggerDocumentFactoryTests+When_creating_a_swagger_document_for_list_of_resources_for_a_single_instance_ods" classname="EdFi.Ods.Tests.EdFi.Ods.Api.Services.Metadata.Factories.SwaggerDocumentFactoryTests+When_creating_a_swagger_document_for_list_of_resources_for_a_single_instance_ods" runstate="Runnable" testcasecount="12" result="Passed" duration="2.280853" total="12" passed="0" failed="0" inconclusive="0" skipped="0" asserts="0">
                        <test-case id="6-3018" name="Should_create_the_json_document" fullname="EdFi.Ods.Tests.EdFi.Ods.Api.Services.Metadata.Factories.SwaggerDocumentFactoryTests+When_creating_a_swagger_document_for_list_of_resources_for_a_single_instance_ods.Should_create_the_json_document" methodname="Should_create_the_json_document" classname="EdFi.Ods.Tests.EdFi.Ods.Api.Services.Metadata.Factories.SwaggerDocumentFactoryTests+When_creating_a_swagger_document_for_list_of_resources_for_a_single_instance_ods" runstate="Runnable" result="Passed" duration="0.000330" asserts="1" />
                        <test-case id="6-3021" name="Should_deserialize_into_a_swagger_document" fullname="EdFi.Ods.Tests.EdFi.Ods.Api.Services.Metadata.Factories.SwaggerDocumentFactoryTests+When_creating_a_swagger_document_for_list_of_resources_for_a_single_instance_ods.Should_deserialize_into_a_swagger_document" methodname="Should_deserialize_into_a_swagger_document" classname="EdFi.Ods.Tests.EdFi.Ods.Api.Services.Metadata.Factories.SwaggerDocumentFactoryTests+When_creating_a_swagger_document_for_list_of_resources_for_a_single_instance_ods" runstate="Runnable" result="Passed" duration="0.000228" asserts="1" />
                        <test-case id="6-3020" name="Should_filter_the_resources" fullname="EdFi.Ods.Tests.EdFi.Ods.Api.Services.Metadata.Factories.SwaggerDocumentFactoryTests+When_creating_a_swagger_document_for_list_of_resources_for_a_single_instance_ods.Should_filter_the_resources" methodname="Should_filter_the_resources" classname="EdFi.Ods.Tests.EdFi.Ods.Api.Services.Metadata.Factories.SwaggerDocumentFactoryTests+When_creating_a_swagger_document_for_list_of_resources_for_a_single_instance_ods" runstate="Runnable" result="Passed" duration="0.002457" asserts="0" />
                        <test-case id="6-3019" name="Should_have_data_in_the_json_document" fullname="EdFi.Ods.Tests.EdFi.Ods.Api.Services.Metadata.Factories.SwaggerDocumentFactoryTests+When_creating_a_swagger_document_for_list_of_resources_for_a_single_instance_ods.Should_have_data_in_the_json_document" methodname="Should_have_data_in_the_json_document" classname="EdFi.Ods.Tests.EdFi.Ods.Api.Services.Metadata.Factories.SwaggerDocumentFactoryTests+When_creating_a_swagger_document_for_list_of_resources_for_a_single_instance_ods" runstate="Runnable" result="Passed" duration="0.000626" asserts="1" />
                        <test-case id="6-3027" name="Should_set_definitions" fullname="EdFi.Ods.Tests.EdFi.Ods.Api.Services.Metadata.Factories.SwaggerDocumentFactoryTests+When_creating_a_swagger_document_for_list_of_resources_for_a_single_instance_ods.Should_set_definitions" methodname="Should_set_definitions" classname="EdFi.Ods.Tests.EdFi.Ods.Api.Services.Metadata.Factories.SwaggerDocumentFactoryTests+When_creating_a_swagger_document_for_list_of_resources_for_a_single_instance_ods" runstate="Runnable" result="Passed" duration="0.000415" asserts="1" />
                        <test-case id="6-3022" name="Should_set_info" fullname="EdFi.Ods.Tests.EdFi.Ods.Api.Services.Metadata.Factories.SwaggerDocumentFactoryTests+When_creating_a_swagger_document_for_list_of_resources_for_a_single_instance_ods.Should_set_info" methodname="Should_set_info" classname="EdFi.Ods.Tests.EdFi.Ods.Api.Services.Metadata.Factories.SwaggerDocumentFactoryTests+When_creating_a_swagger_document_for_list_of_resources_for_a_single_instance_ods" runstate="Runnable" result="Passed" duration="0.000339" asserts="1" />
                        <test-case id="6-3028" name="Should_set_parameters" fullname="EdFi.Ods.Tests.EdFi.Ods.Api.Services.Metadata.Factories.SwaggerDocumentFactoryTests+When_creating_a_swagger_document_for_list_of_resources_for_a_single_instance_ods.Should_set_parameters" methodname="Should_set_parameters" classname="EdFi.Ods.Tests.EdFi.Ods.Api.Services.Metadata.Factories.SwaggerDocumentFactoryTests+When_creating_a_swagger_document_for_list_of_resources_for_a_single_instance_ods" runstate="Runnable" result="Passed" duration="0.000387" asserts="1" />
                        <test-case id="6-3026" name="Should_set_paths" fullname="EdFi.Ods.Tests.EdFi.Ods.Api.Services.Metadata.Factories.SwaggerDocumentFactoryTests+When_creating_a_swagger_document_for_list_of_resources_for_a_single_instance_ods.Should_set_paths" methodname="Should_set_paths" classname="EdFi.Ods.Tests.EdFi.Ods.Api.Services.Metadata.Factories.SwaggerDocumentFactoryTests+When_creating_a_swagger_document_for_list_of_resources_for_a_single_instance_ods" runstate="Runnable" result="Passed" duration="0.000378" asserts="1" />
                        <test-case id="6-3029" name="Should_set_responses" fullname="EdFi.Ods.Tests.EdFi.Ods.Api.Services.Metadata.Factories.SwaggerDocumentFactoryTests+When_creating_a_swagger_document_for_list_of_resources_for_a_single_instance_ods.Should_set_responses" methodname="Should_set_responses" classname="EdFi.Ods.Tests.EdFi.Ods.Api.Services.Metadata.Factories.SwaggerDocumentFactoryTests+When_creating_a_swagger_document_for_list_of_resources_for_a_single_instance_ods" runstate="Runnable" result="Passed" duration="0.000394" asserts="1" />
                        <test-case id="6-3024" name="Should_set_security" fullname="EdFi.Ods.Tests.EdFi.Ods.Api.Services.Metadata.Factories.SwaggerDocumentFactoryTests+When_creating_a_swagger_document_for_list_of_resources_for_a_single_instance_ods.Should_set_security" methodname="Should_set_security" classname="EdFi.Ods.Tests.EdFi.Ods.Api.Services.Metadata.Factories.SwaggerDocumentFactoryTests+When_creating_a_swagger_document_for_list_of_resources_for_a_single_instance_ods" runstate="Runnable" result="Passed" duration="0.000342" asserts="1" />
                        <test-case id="6-3023" name="Should_set_securityDefinitions" fullname="EdFi.Ods.Tests.EdFi.Ods.Api.Services.Metadata.Factories.SwaggerDocumentFactoryTests+When_creating_a_swagger_document_for_list_of_resources_for_a_single_instance_ods.Should_set_securityDefinitions" methodname="Should_set_securityDefinitions" classname="EdFi.Ods.Tests.EdFi.Ods.Api.Services.Metadata.Factories.SwaggerDocumentFactoryTests+When_creating_a_swagger_document_for_list_of_resources_for_a_single_instance_ods" runstate="Runnable" result="Passed" duration="0.000308" asserts="1" />
                        <test-case id="6-3025" name="Should_set_tags" fullname="EdFi.Ods.Tests.EdFi.Ods.Api.Services.Metadata.Factories.SwaggerDocumentFactoryTests+When_creating_a_swagger_document_for_list_of_resources_for_a_single_instance_ods.Should_set_tags" methodname="Should_set_tags" classname="EdFi.Ods.Tests.EdFi.Ods.Api.Services.Metadata.Factories.SwaggerDocumentFactoryTests+When_creating_a_swagger_document_for_list_of_resources_for_a_single_instance_ods" runstate="Runnable" result="Passed" duration="0.000320" asserts="1" />
                      </test-suite>
                      <test-suite type="TestFixture" id="6-3030" name="SwaggerDocumentFactoryTests+When_creating_a_swagger_document_for_list_of_resources_for_a_year_specific_ods" fullname="EdFi.Ods.Tests.EdFi.Ods.Api.Services.Metadata.Factories.SwaggerDocumentFactoryTests+When_creating_a_swagger_document_for_list_of_resources_for_a_year_specific_ods" classname="EdFi.Ods.Tests.EdFi.Ods.Api.Services.Metadata.Factories.SwaggerDocumentFactoryTests+When_creating_a_swagger_document_for_list_of_resources_for_a_year_specific_ods" runstate="Runnable" testcasecount="12" result="Passed" duration="1.851125" total="12" passed="0" failed="0" inconclusive="0" skipped="0" asserts="0">
                        <test-case id="6-3031" name="Should_create_the_json_document" fullname="EdFi.Ods.Tests.EdFi.Ods.Api.Services.Metadata.Factories.SwaggerDocumentFactoryTests+When_creating_a_swagger_document_for_list_of_resources_for_a_year_specific_ods.Should_create_the_json_document" methodname="Should_create_the_json_document" classname="EdFi.Ods.Tests.EdFi.Ods.Api.Services.Metadata.Factories.SwaggerDocumentFactoryTests+When_creating_a_swagger_document_for_list_of_resources_for_a_year_specific_ods" runstate="Runnable" result="Passed" duration="0.000451" asserts="1" />
                        <test-case id="6-3034" name="Should_deserialize_into_a_swagger_document" fullname="EdFi.Ods.Tests.EdFi.Ods.Api.Services.Metadata.Factories.SwaggerDocumentFactoryTests+When_creating_a_swagger_document_for_list_of_resources_for_a_year_specific_ods.Should_deserialize_into_a_swagger_document" methodname="Should_deserialize_into_a_swagger_document" classname="EdFi.Ods.Tests.EdFi.Ods.Api.Services.Metadata.Factories.SwaggerDocumentFactoryTests+When_creating_a_swagger_document_for_list_of_resources_for_a_year_specific_ods" runstate="Runnable" result="Passed" duration="0.000414" asserts="1" />
                        <test-case id="6-3033" name="Should_filter_the_resources" fullname="EdFi.Ods.Tests.EdFi.Ods.Api.Services.Metadata.Factories.SwaggerDocumentFactoryTests+When_creating_a_swagger_document_for_list_of_resources_for_a_year_specific_ods.Should_filter_the_resources" methodname="Should_filter_the_resources" classname="EdFi.Ods.Tests.EdFi.Ods.Api.Services.Metadata.Factories.SwaggerDocumentFactoryTests+When_creating_a_swagger_document_for_list_of_resources_for_a_year_specific_ods" runstate="Runnable" result="Passed" duration="0.001165" asserts="0" />
                        <test-case id="6-3032" name="Should_have_data_in_the_json_document" fullname="EdFi.Ods.Tests.EdFi.Ods.Api.Services.Metadata.Factories.SwaggerDocumentFactoryTests+When_creating_a_swagger_document_for_list_of_resources_for_a_year_specific_ods.Should_have_data_in_the_json_document" methodname="Should_have_data_in_the_json_document" classname="EdFi.Ods.Tests.EdFi.Ods.Api.Services.Metadata.Factories.SwaggerDocumentFactoryTests+When_creating_a_swagger_document_for_list_of_resources_for_a_year_specific_ods" runstate="Runnable" result="Passed" duration="0.000442" asserts="1" />
                        <test-case id="6-3040" name="Should_set_definitions" fullname="EdFi.Ods.Tests.EdFi.Ods.Api.Services.Metadata.Factories.SwaggerDocumentFactoryTests+When_creating_a_swagger_document_for_list_of_resources_for_a_year_specific_ods.Should_set_definitions" methodname="Should_set_definitions" classname="EdFi.Ods.Tests.EdFi.Ods.Api.Services.Metadata.Factories.SwaggerDocumentFactoryTests+When_creating_a_swagger_document_for_list_of_resources_for_a_year_specific_ods" runstate="Runnable" result="Passed" duration="0.000379" asserts="1" />
                        <test-case id="6-3035" name="Should_set_info" fullname="EdFi.Ods.Tests.EdFi.Ods.Api.Services.Metadata.Factories.SwaggerDocumentFactoryTests+When_creating_a_swagger_document_for_list_of_resources_for_a_year_specific_ods.Should_set_info" methodname="Should_set_info" classname="EdFi.Ods.Tests.EdFi.Ods.Api.Services.Metadata.Factories.SwaggerDocumentFactoryTests+When_creating_a_swagger_document_for_list_of_resources_for_a_year_specific_ods" runstate="Runnable" result="Passed" duration="0.000700" asserts="1" />
                        <test-case id="6-3041" name="Should_set_parameters" fullname="EdFi.Ods.Tests.EdFi.Ods.Api.Services.Metadata.Factories.SwaggerDocumentFactoryTests+When_creating_a_swagger_document_for_list_of_resources_for_a_year_specific_ods.Should_set_parameters" methodname="Should_set_parameters" classname="EdFi.Ods.Tests.EdFi.Ods.Api.Services.Metadata.Factories.SwaggerDocumentFactoryTests+When_creating_a_swagger_document_for_list_of_resources_for_a_year_specific_ods" runstate="Runnable" result="Passed" duration="0.000393" asserts="1" />
                        <test-case id="6-3039" name="Should_set_paths" fullname="EdFi.Ods.Tests.EdFi.Ods.Api.Services.Metadata.Factories.SwaggerDocumentFactoryTests+When_creating_a_swagger_document_for_list_of_resources_for_a_year_specific_ods.Should_set_paths" methodname="Should_set_paths" classname="EdFi.Ods.Tests.EdFi.Ods.Api.Services.Metadata.Factories.SwaggerDocumentFactoryTests+When_creating_a_swagger_document_for_list_of_resources_for_a_year_specific_ods" runstate="Runnable" result="Passed" duration="0.000449" asserts="1" />
                        <test-case id="6-3042" name="Should_set_responses" fullname="EdFi.Ods.Tests.EdFi.Ods.Api.Services.Metadata.Factories.SwaggerDocumentFactoryTests+When_creating_a_swagger_document_for_list_of_resources_for_a_year_specific_ods.Should_set_responses" methodname="Should_set_responses" classname="EdFi.Ods.Tests.EdFi.Ods.Api.Services.Metadata.Factories.SwaggerDocumentFactoryTests+When_creating_a_swagger_document_for_list_of_resources_for_a_year_specific_ods" runstate="Runnable" result="Passed" duration="0.000429" asserts="1" />
                        <test-case id="6-3037" name="Should_set_security" fullname="EdFi.Ods.Tests.EdFi.Ods.Api.Services.Metadata.Factories.SwaggerDocumentFactoryTests+When_creating_a_swagger_document_for_list_of_resources_for_a_year_specific_ods.Should_set_security" methodname="Should_set_security" classname="EdFi.Ods.Tests.EdFi.Ods.Api.Services.Metadata.Factories.SwaggerDocumentFactoryTests+When_creating_a_swagger_document_for_list_of_resources_for_a_year_specific_ods" runstate="Runnable" result="Passed" duration="0.000495" asserts="1" />
                        <test-case id="6-3036" name="Should_set_securityDefinitions" fullname="EdFi.Ods.Tests.EdFi.Ods.Api.Services.Metadata.Factories.SwaggerDocumentFactoryTests+When_creating_a_swagger_document_for_list_of_resources_for_a_year_specific_ods.Should_set_securityDefinitions" methodname="Should_set_securityDefinitions" classname="EdFi.Ods.Tests.EdFi.Ods.Api.Services.Metadata.Factories.SwaggerDocumentFactoryTests+When_creating_a_swagger_document_for_list_of_resources_for_a_year_specific_ods" runstate="Runnable" result="Passed" duration="0.000508" asserts="1" />
                        <test-case id="6-3038" name="Should_set_tags" fullname="EdFi.Ods.Tests.EdFi.Ods.Api.Services.Metadata.Factories.SwaggerDocumentFactoryTests+When_creating_a_swagger_document_for_list_of_resources_for_a_year_specific_ods.Should_set_tags" methodname="Should_set_tags" classname="EdFi.Ods.Tests.EdFi.Ods.Api.Services.Metadata.Factories.SwaggerDocumentFactoryTests+When_creating_a_swagger_document_for_list_of_resources_for_a_year_specific_ods" runstate="Runnable" result="Passed" duration="0.000415" asserts="1" />
                      </test-suite>
                      <test-suite type="TestFixture" id="6-1874" name="SwaggerParametersFactoryTests" fullname="EdFi.Ods.Tests.EdFi.Ods.Api.Services.Metadata.Factories.SwaggerParametersFactoryTests" classname="EdFi.Ods.Tests.EdFi.Ods.Api.Services.Metadata.Factories.SwaggerParametersFactoryTests" runstate="Runnable" testcasecount="0" result="Inconclusive" duration="0.000263" total="0" passed="0" failed="0" inconclusive="0" skipped="0" asserts="0" />
                      <test-suite type="TestFixture" id="6-3043" name="SwaggerParametersFactoryTests+When_creating_parameters_for_a_single_instance_or_year_specific_ods" fullname="EdFi.Ods.Tests.EdFi.Ods.Api.Services.Metadata.Factories.SwaggerParametersFactoryTests+When_creating_parameters_for_a_single_instance_or_year_specific_ods" classname="EdFi.Ods.Tests.EdFi.Ods.Api.Services.Metadata.Factories.SwaggerParametersFactoryTests+When_creating_parameters_for_a_single_instance_or_year_specific_ods" runstate="Runnable" testcasecount="6" result="Passed" duration="0.012139" total="6" passed="0" failed="0" inconclusive="0" skipped="0" asserts="0">
                        <test-case id="6-3048" name="Should_contain_fields" fullname="EdFi.Ods.Tests.EdFi.Ods.Api.Services.Metadata.Factories.SwaggerParametersFactoryTests+When_creating_parameters_for_a_single_instance_or_year_specific_ods.Should_contain_fields" methodname="Should_contain_fields" classname="EdFi.Ods.Tests.EdFi.Ods.Api.Services.Metadata.Factories.SwaggerParametersFactoryTests+When_creating_parameters_for_a_single_instance_or_year_specific_ods" runstate="Runnable" result="Passed" duration="0.000696" asserts="1" />
                        <test-case id="6-3047" name="Should_contain_id" fullname="EdFi.Ods.Tests.EdFi.Ods.Api.Services.Metadata.Factories.SwaggerParametersFactoryTests+When_creating_parameters_for_a_single_instance_or_year_specific_ods.Should_contain_id" methodname="Should_contain_id" classname="EdFi.Ods.Tests.EdFi.Ods.Api.Services.Metadata.Factories.SwaggerParametersFactoryTests+When_creating_parameters_for_a_single_instance_or_year_specific_ods" runstate="Runnable" result="Passed" duration="0.002228" asserts="1" />
                        <test-case id="6-3046" name="Should_contain_if_none_match" fullname="EdFi.Ods.Tests.EdFi.Ods.Api.Services.Metadata.Factories.SwaggerParametersFactoryTests+When_creating_parameters_for_a_single_instance_or_year_specific_ods.Should_contain_if_none_match" methodname="Should_contain_if_none_match" classname="EdFi.Ods.Tests.EdFi.Ods.Api.Services.Metadata.Factories.SwaggerParametersFactoryTests+When_creating_parameters_for_a_single_instance_or_year_specific_ods" runstate="Runnable" result="Passed" duration="0.000551" asserts="1" />
                        <test-case id="6-3045" name="Should_contain_limit" fullname="EdFi.Ods.Tests.EdFi.Ods.Api.Services.Metadata.Factories.SwaggerParametersFactoryTests+When_creating_parameters_for_a_single_instance_or_year_specific_ods.Should_contain_limit" methodname="Should_contain_limit" classname="EdFi.Ods.Tests.EdFi.Ods.Api.Services.Metadata.Factories.SwaggerParametersFactoryTests+When_creating_parameters_for_a_single_instance_or_year_specific_ods" runstate="Runnable" result="Passed" duration="0.000525" asserts="1" />
                        <test-case id="6-3044" name="Should_contain_offset" fullname="EdFi.Ods.Tests.EdFi.Ods.Api.Services.Metadata.Factories.SwaggerParametersFactoryTests+When_creating_parameters_for_a_single_instance_or_year_specific_ods.Should_contain_offset" methodname="Should_contain_offset" classname="EdFi.Ods.Tests.EdFi.Ods.Api.Services.Metadata.Factories.SwaggerParametersFactoryTests+When_creating_parameters_for_a_single_instance_or_year_specific_ods" runstate="Runnable" result="Passed" duration="0.000506" asserts="1" />
                        <test-case id="6-3049" name="Should_contain_queryExpression" fullname="EdFi.Ods.Tests.EdFi.Ods.Api.Services.Metadata.Factories.SwaggerParametersFactoryTests+When_creating_parameters_for_a_single_instance_or_year_specific_ods.Should_contain_queryExpression" methodname="Should_contain_queryExpression" classname="EdFi.Ods.Tests.EdFi.Ods.Api.Services.Metadata.Factories.SwaggerParametersFactoryTests+When_creating_parameters_for_a_single_instance_or_year_specific_ods" runstate="Runnable" result="Passed" duration="0.000450" asserts="1" />
                      </test-suite>
                      <test-suite type="TestFixture" id="6-1875" name="SwaggerPathsFactoryTests" fullname="EdFi.Ods.Tests.EdFi.Ods.Api.Services.Metadata.Factories.SwaggerPathsFactoryTests" classname="EdFi.Ods.Tests.EdFi.Ods.Api.Services.Metadata.Factories.SwaggerPathsFactoryTests" runstate="Runnable" testcasecount="0" result="Inconclusive" duration="0.000238" total="0" passed="0" failed="0" inconclusive="0" skipped="0" asserts="0" />
                      <test-suite type="TestFixture" id="6-3050" name="SwaggerPathsFactoryTests+When_creating_paths_for_a_list_of_resources_using_a_single_instance_or_a_year_specific_ods" fullname="EdFi.Ods.Tests.EdFi.Ods.Api.Services.Metadata.Factories.SwaggerPathsFactoryTests+When_creating_paths_for_a_list_of_resources_using_a_single_instance_or_a_year_specific_ods" classname="EdFi.Ods.Tests.EdFi.Ods.Api.Services.Metadata.Factories.SwaggerPathsFactoryTests+When_creating_paths_for_a_list_of_resources_using_a_single_instance_or_a_year_specific_ods" runstate="Runnable" testcasecount="10" result="Passed" duration="0.085432" total="10" passed="0" failed="0" inconclusive="0" skipped="0" asserts="0">
                        <test-case id="6-3053" name="Should_contain_entries_for_academicWeeks" fullname="EdFi.Ods.Tests.EdFi.Ods.Api.Services.Metadata.Factories.SwaggerPathsFactoryTests+When_creating_paths_for_a_list_of_resources_using_a_single_instance_or_a_year_specific_ods.Should_contain_entries_for_academicWeeks" methodname="Should_contain_entries_for_academicWeeks" classname="EdFi.Ods.Tests.EdFi.Ods.Api.Services.Metadata.Factories.SwaggerPathsFactoryTests+When_creating_paths_for_a_list_of_resources_using_a_single_instance_or_a_year_specific_ods" runstate="Runnable" result="Passed" duration="0.001229" asserts="2" />
                        <test-case id="6-3054" name="Should_contain_entries_for_studentCharacteristicDescriptors" fullname="EdFi.Ods.Tests.EdFi.Ods.Api.Services.Metadata.Factories.SwaggerPathsFactoryTests+When_creating_paths_for_a_list_of_resources_using_a_single_instance_or_a_year_specific_ods.Should_contain_entries_for_studentCharacteristicDescriptors" methodname="Should_contain_entries_for_studentCharacteristicDescriptors" classname="EdFi.Ods.Tests.EdFi.Ods.Api.Services.Metadata.Factories.SwaggerPathsFactoryTests+When_creating_paths_for_a_list_of_resources_using_a_single_instance_or_a_year_specific_ods" runstate="Runnable" result="Passed" duration="0.000310" asserts="2" />
                        <test-case id="6-3052" name="Should_contain_entries_for_students" fullname="EdFi.Ods.Tests.EdFi.Ods.Api.Services.Metadata.Factories.SwaggerPathsFactoryTests+When_creating_paths_for_a_list_of_resources_using_a_single_instance_or_a_year_specific_ods.Should_contain_entries_for_students" methodname="Should_contain_entries_for_students" classname="EdFi.Ods.Tests.EdFi.Ods.Api.Services.Metadata.Factories.SwaggerPathsFactoryTests+When_creating_paths_for_a_list_of_resources_using_a_single_instance_or_a_year_specific_ods" runstate="Runnable" result="Passed" duration="0.000254" asserts="2" />
                        <test-case id="6-3051" name="Should_not_be_empty" fullname="EdFi.Ods.Tests.EdFi.Ods.Api.Services.Metadata.Factories.SwaggerPathsFactoryTests+When_creating_paths_for_a_list_of_resources_using_a_single_instance_or_a_year_specific_ods.Should_not_be_empty" methodname="Should_not_be_empty" classname="EdFi.Ods.Tests.EdFi.Ods.Api.Services.Metadata.Factories.SwaggerPathsFactoryTests+When_creating_paths_for_a_list_of_resources_using_a_single_instance_or_a_year_specific_ods" runstate="Runnable" result="Passed" duration="0.000286" asserts="1" />
                        <test-case id="6-3059" name="Should_only_have_all_operations_except_post_for_academicWeeks_with_an_id" fullname="EdFi.Ods.Tests.EdFi.Ods.Api.Services.Metadata.Factories.SwaggerPathsFactoryTests+When_creating_paths_for_a_list_of_resources_using_a_single_instance_or_a_year_specific_ods.Should_only_have_all_operations_except_post_for_academicWeeks_with_an_id" methodname="Should_only_have_all_operations_except_post_for_academicWeeks_with_an_id" classname="EdFi.Ods.Tests.EdFi.Ods.Api.Services.Metadata.Factories.SwaggerPathsFactoryTests+When_creating_paths_for_a_list_of_resources_using_a_single_instance_or_a_year_specific_ods" runstate="Runnable" result="Passed" duration="0.001620" asserts="4" />
                        <test-case id="6-3060" name="Should_only_have_all_operations_except_post_for_studentCharacteristicDescriptors_without_an_id" fullname="EdFi.Ods.Tests.EdFi.Ods.Api.Services.Metadata.Factories.SwaggerPathsFactoryTests+When_creating_paths_for_a_list_of_resources_using_a_single_instance_or_a_year_specific_ods.Should_only_have_all_operations_except_post_for_studentCharacteristicDescriptors_without_an_id" methodname="Should_only_have_all_operations_except_post_for_studentCharacteristicDescriptors_without_an_id" classname="EdFi.Ods.Tests.EdFi.Ods.Api.Services.Metadata.Factories.SwaggerPathsFactoryTests+When_creating_paths_for_a_list_of_resources_using_a_single_instance_or_a_year_specific_ods" runstate="Runnable" result="Passed" duration="0.000246" asserts="4" />
                        <test-case id="6-3058" name="Should_only_have_all_operations_except_post_for_students_with_an_id" fullname="EdFi.Ods.Tests.EdFi.Ods.Api.Services.Metadata.Factories.SwaggerPathsFactoryTests+When_creating_paths_for_a_list_of_resources_using_a_single_instance_or_a_year_specific_ods.Should_only_have_all_operations_except_post_for_students_with_an_id" methodname="Should_only_have_all_operations_except_post_for_students_with_an_id" classname="EdFi.Ods.Tests.EdFi.Ods.Api.Services.Metadata.Factories.SwaggerPathsFactoryTests+When_creating_paths_for_a_list_of_resources_using_a_single_instance_or_a_year_specific_ods" runstate="Runnable" result="Passed" duration="0.000269" asserts="4" />
                        <test-case id="6-3056" name="Should_only_have_get_and_post_operations_only_for_academicWeeks_without_an_id" fullname="EdFi.Ods.Tests.EdFi.Ods.Api.Services.Metadata.Factories.SwaggerPathsFactoryTests+When_creating_paths_for_a_list_of_resources_using_a_single_instance_or_a_year_specific_ods.Should_only_have_get_and_post_operations_only_for_academicWeeks_without_an_id" methodname="Should_only_have_get_and_post_operations_only_for_academicWeeks_without_an_id" classname="EdFi.Ods.Tests.EdFi.Ods.Api.Services.Metadata.Factories.SwaggerPathsFactoryTests+When_creating_paths_for_a_list_of_resources_using_a_single_instance_or_a_year_specific_ods" runstate="Runnable" result="Passed" duration="0.001566" asserts="4" />
                        <test-case id="6-3057" name="Should_only_have_get_and_post_operations_only_for_studentCharacteristicDescriptors_without_an_id" fullname="EdFi.Ods.Tests.EdFi.Ods.Api.Services.Metadata.Factories.SwaggerPathsFactoryTests+When_creating_paths_for_a_list_of_resources_using_a_single_instance_or_a_year_specific_ods.Should_only_have_get_and_post_operations_only_for_studentCharacteristicDescriptors_without_an_id" methodname="Should_only_have_get_and_post_operations_only_for_studentCharacteristicDescriptors_without_an_id" classname="EdFi.Ods.Tests.EdFi.Ods.Api.Services.Metadata.Factories.SwaggerPathsFactoryTests+When_creating_paths_for_a_list_of_resources_using_a_single_instance_or_a_year_specific_ods" runstate="Runnable" result="Passed" duration="0.000183" asserts="4" />
                        <test-case id="6-3055" name="Should_only_have_get_and_post_operations_only_for_students_without_an_id" fullname="EdFi.Ods.Tests.EdFi.Ods.Api.Services.Metadata.Factories.SwaggerPathsFactoryTests+When_creating_paths_for_a_list_of_resources_using_a_single_instance_or_a_year_specific_ods.Should_only_have_get_and_post_operations_only_for_students_without_an_id" methodname="Should_only_have_get_and_post_operations_only_for_students_without_an_id" classname="EdFi.Ods.Tests.EdFi.Ods.Api.Services.Metadata.Factories.SwaggerPathsFactoryTests+When_creating_paths_for_a_list_of_resources_using_a_single_instance_or_a_year_specific_ods" runstate="Runnable" result="Passed" duration="0.000189" asserts="4" />
                      </test-suite>
                      <test-suite type="TestFixture" id="6-3061" name="SwaggerPathsFactoryTests+When_creating_paths_for_list_of_profile_resources_using_a_single_instance_or_year_specific_ods" fullname="EdFi.Ods.Tests.EdFi.Ods.Api.Services.Metadata.Factories.SwaggerPathsFactoryTests+When_creating_paths_for_list_of_profile_resources_using_a_single_instance_or_year_specific_ods" classname="EdFi.Ods.Tests.EdFi.Ods.Api.Services.Metadata.Factories.SwaggerPathsFactoryTests+When_creating_paths_for_list_of_profile_resources_using_a_single_instance_or_year_specific_ods" runstate="Runnable" testcasecount="4" result="Passed" duration="0.029731" total="4" passed="0" failed="0" inconclusive="0" skipped="0" asserts="0">
                        <test-case id="6-3064" name="Should_return_a_list_of_paths_with_correct_content_type_appended_to_schema_reference_for_post_operations" fullname="EdFi.Ods.Tests.EdFi.Ods.Api.Services.Metadata.Factories.SwaggerPathsFactoryTests+When_creating_paths_for_list_of_profile_resources_using_a_single_instance_or_year_specific_ods.Should_return_a_list_of_paths_with_correct_content_type_appended_to_schema_reference_for_post_operations" methodname="Should_return_a_list_of_paths_with_correct_content_type_appended_to_schema_reference_for_post_operations" classname="EdFi.Ods.Tests.EdFi.Ods.Api.Services.Metadata.Factories.SwaggerPathsFactoryTests+When_creating_paths_for_list_of_profile_resources_using_a_single_instance_or_year_specific_ods" runstate="Runnable" result="Passed" duration="0.002155" asserts="1" />
                        <test-case id="6-3063" name="Should_return_a_list_of_paths_with_correct_operation_content_types" fullname="EdFi.Ods.Tests.EdFi.Ods.Api.Services.Metadata.Factories.SwaggerPathsFactoryTests+When_creating_paths_for_list_of_profile_resources_using_a_single_instance_or_year_specific_ods.Should_return_a_list_of_paths_with_correct_operation_content_types" methodname="Should_return_a_list_of_paths_with_correct_operation_content_types" classname="EdFi.Ods.Tests.EdFi.Ods.Api.Services.Metadata.Factories.SwaggerPathsFactoryTests+When_creating_paths_for_list_of_profile_resources_using_a_single_instance_or_year_specific_ods" runstate="Runnable" result="Passed" duration="0.003693" asserts="7" />
                        <test-case id="6-3062" name="Should_return_a_non_empty_list_of_paths" fullname="EdFi.Ods.Tests.EdFi.Ods.Api.Services.Metadata.Factories.SwaggerPathsFactoryTests+When_creating_paths_for_list_of_profile_resources_using_a_single_instance_or_year_specific_ods.Should_return_a_non_empty_list_of_paths" methodname="Should_return_a_non_empty_list_of_paths" classname="EdFi.Ods.Tests.EdFi.Ods.Api.Services.Metadata.Factories.SwaggerPathsFactoryTests+When_creating_paths_for_list_of_profile_resources_using_a_single_instance_or_year_specific_ods" runstate="Runnable" result="Passed" duration="0.000328" asserts="1" />
                        <test-case id="6-3065" name="Should_return_a_profile_resource_get_path_with_parameters_correctly_filtered_by_profile" fullname="EdFi.Ods.Tests.EdFi.Ods.Api.Services.Metadata.Factories.SwaggerPathsFactoryTests+When_creating_paths_for_list_of_profile_resources_using_a_single_instance_or_year_specific_ods.Should_return_a_profile_resource_get_path_with_parameters_correctly_filtered_by_profile" methodname="Should_return_a_profile_resource_get_path_with_parameters_correctly_filtered_by_profile" classname="EdFi.Ods.Tests.EdFi.Ods.Api.Services.Metadata.Factories.SwaggerPathsFactoryTests+When_creating_paths_for_list_of_profile_resources_using_a_single_instance_or_year_specific_ods" runstate="Runnable" result="Passed" duration="0.001413" asserts="1" />
                      </test-suite>
                      <test-suite type="TestFixture" id="6-1876" name="SwaggerResponsesFactoryTests" fullname="EdFi.Ods.Tests.EdFi.Ods.Api.Services.Metadata.Factories.SwaggerResponsesFactoryTests" classname="EdFi.Ods.Tests.EdFi.Ods.Api.Services.Metadata.Factories.SwaggerResponsesFactoryTests" runstate="Runnable" testcasecount="0" result="Inconclusive" duration="0.000246" total="0" passed="0" failed="0" inconclusive="0" skipped="0" asserts="0" />
                      <test-suite type="TestFixture" id="6-3066" name="SwaggerResponsesFactoryTests+When_creating_responses_for_a_single_instance_or_year_specific_ods" fullname="EdFi.Ods.Tests.EdFi.Ods.Api.Services.Metadata.Factories.SwaggerResponsesFactoryTests+When_creating_responses_for_a_single_instance_or_year_specific_ods" classname="EdFi.Ods.Tests.EdFi.Ods.Api.Services.Metadata.Factories.SwaggerResponsesFactoryTests+When_creating_responses_for_a_single_instance_or_year_specific_ods" runstate="Runnable" testcasecount="12" result="Passed" duration="0.011706" total="12" passed="0" failed="0" inconclusive="0" skipped="0" asserts="0">
                        <test-case id="6-3067" name="Should_contain_201_Created" fullname="EdFi.Ods.Tests.EdFi.Ods.Api.Services.Metadata.Factories.SwaggerResponsesFactoryTests+When_creating_responses_for_a_single_instance_or_year_specific_ods.Should_contain_201_Created" methodname="Should_contain_201_Created" classname="EdFi.Ods.Tests.EdFi.Ods.Api.Services.Metadata.Factories.SwaggerResponsesFactoryTests+When_creating_responses_for_a_single_instance_or_year_specific_ods" runstate="Runnable" result="Passed" duration="0.000439" asserts="1" />
                        <test-case id="6-3068" name="Should_contain_202_Accepted" fullname="EdFi.Ods.Tests.EdFi.Ods.Api.Services.Metadata.Factories.SwaggerResponsesFactoryTests+When_creating_responses_for_a_single_instance_or_year_specific_ods.Should_contain_202_Accepted" methodname="Should_contain_202_Accepted" classname="EdFi.Ods.Tests.EdFi.Ods.Api.Services.Metadata.Factories.SwaggerResponsesFactoryTests+When_creating_responses_for_a_single_instance_or_year_specific_ods" runstate="Runnable" result="Passed" duration="0.000326" asserts="1" />
                        <test-case id="6-3070" name="Should_contain_204_Deleted" fullname="EdFi.Ods.Tests.EdFi.Ods.Api.Services.Metadata.Factories.SwaggerResponsesFactoryTests+When_creating_responses_for_a_single_instance_or_year_specific_ods.Should_contain_204_Deleted" methodname="Should_contain_204_Deleted" classname="EdFi.Ods.Tests.EdFi.Ods.Api.Services.Metadata.Factories.SwaggerResponsesFactoryTests+When_creating_responses_for_a_single_instance_or_year_specific_ods" runstate="Runnable" result="Passed" duration="0.000266" asserts="1" />
                        <test-case id="6-3069" name="Should_contain_204_Updated" fullname="EdFi.Ods.Tests.EdFi.Ods.Api.Services.Metadata.Factories.SwaggerResponsesFactoryTests+When_creating_responses_for_a_single_instance_or_year_specific_ods.Should_contain_204_Updated" methodname="Should_contain_204_Updated" classname="EdFi.Ods.Tests.EdFi.Ods.Api.Services.Metadata.Factories.SwaggerResponsesFactoryTests+When_creating_responses_for_a_single_instance_or_year_specific_ods" runstate="Runnable" result="Passed" duration="0.000275" asserts="1" />
                        <test-case id="6-3071" name="Should_contain_304_NotModified" fullname="EdFi.Ods.Tests.EdFi.Ods.Api.Services.Metadata.Factories.SwaggerResponsesFactoryTests+When_creating_responses_for_a_single_instance_or_year_specific_ods.Should_contain_304_NotModified" methodname="Should_contain_304_NotModified" classname="EdFi.Ods.Tests.EdFi.Ods.Api.Services.Metadata.Factories.SwaggerResponsesFactoryTests+When_creating_responses_for_a_single_instance_or_year_specific_ods" runstate="Runnable" result="Passed" duration="0.000388" asserts="1" />
                        <test-case id="6-3072" name="Should_contain_400_BadRequest" fullname="EdFi.Ods.Tests.EdFi.Ods.Api.Services.Metadata.Factories.SwaggerResponsesFactoryTests+When_creating_responses_for_a_single_instance_or_year_specific_ods.Should_contain_400_BadRequest" methodname="Should_contain_400_BadRequest" classname="EdFi.Ods.Tests.EdFi.Ods.Api.Services.Metadata.Factories.SwaggerResponsesFactoryTests+When_creating_responses_for_a_single_instance_or_year_specific_ods" runstate="Runnable" result="Passed" duration="0.000317" asserts="1" />
                        <test-case id="6-3073" name="Should_contain_401_Unauthorized" fullname="EdFi.Ods.Tests.EdFi.Ods.Api.Services.Metadata.Factories.SwaggerResponsesFactoryTests+When_creating_responses_for_a_single_instance_or_year_specific_ods.Should_contain_401_Unauthorized" methodname="Should_contain_401_Unauthorized" classname="EdFi.Ods.Tests.EdFi.Ods.Api.Services.Metadata.Factories.SwaggerResponsesFactoryTests+When_creating_responses_for_a_single_instance_or_year_specific_ods" runstate="Runnable" result="Passed" duration="0.000299" asserts="1" />
                        <test-case id="6-3074" name="Should_contain_403_Forbidden" fullname="EdFi.Ods.Tests.EdFi.Ods.Api.Services.Metadata.Factories.SwaggerResponsesFactoryTests+When_creating_responses_for_a_single_instance_or_year_specific_ods.Should_contain_403_Forbidden" methodname="Should_contain_403_Forbidden" classname="EdFi.Ods.Tests.EdFi.Ods.Api.Services.Metadata.Factories.SwaggerResponsesFactoryTests+When_creating_responses_for_a_single_instance_or_year_specific_ods" runstate="Runnable" result="Passed" duration="0.000436" asserts="1" />
                        <test-case id="6-3075" name="Should_contain_404_NotFound" fullname="EdFi.Ods.Tests.EdFi.Ods.Api.Services.Metadata.Factories.SwaggerResponsesFactoryTests+When_creating_responses_for_a_single_instance_or_year_specific_ods.Should_contain_404_NotFound" methodname="Should_contain_404_NotFound" classname="EdFi.Ods.Tests.EdFi.Ods.Api.Services.Metadata.Factories.SwaggerResponsesFactoryTests+When_creating_responses_for_a_single_instance_or_year_specific_ods" runstate="Runnable" result="Passed" duration="0.000344" asserts="1" />
                        <test-case id="6-3076" name="Should_contain_409_Conflict" fullname="EdFi.Ods.Tests.EdFi.Ods.Api.Services.Metadata.Factories.SwaggerResponsesFactoryTests+When_creating_responses_for_a_single_instance_or_year_specific_ods.Should_contain_409_Conflict" methodname="Should_contain_409_Conflict" classname="EdFi.Ods.Tests.EdFi.Ods.Api.Services.Metadata.Factories.SwaggerResponsesFactoryTests+When_creating_responses_for_a_single_instance_or_year_specific_ods" runstate="Runnable" result="Passed" duration="0.000300" asserts="1" />
                        <test-case id="6-3077" name="Should_contain_412_PreconditionFailed" fullname="EdFi.Ods.Tests.EdFi.Ods.Api.Services.Metadata.Factories.SwaggerResponsesFactoryTests+When_creating_responses_for_a_single_instance_or_year_specific_ods.Should_contain_412_PreconditionFailed" methodname="Should_contain_412_PreconditionFailed" classname="EdFi.Ods.Tests.EdFi.Ods.Api.Services.Metadata.Factories.SwaggerResponsesFactoryTests+When_creating_responses_for_a_single_instance_or_year_specific_ods" runstate="Runnable" result="Passed" duration="0.000304" asserts="1" />
                        <test-case id="6-3078" name="Should_contain_500_Error" fullname="EdFi.Ods.Tests.EdFi.Ods.Api.Services.Metadata.Factories.SwaggerResponsesFactoryTests+When_creating_responses_for_a_single_instance_or_year_specific_ods.Should_contain_500_Error" methodname="Should_contain_500_Error" classname="EdFi.Ods.Tests.EdFi.Ods.Api.Services.Metadata.Factories.SwaggerResponsesFactoryTests+When_creating_responses_for_a_single_instance_or_year_specific_ods" runstate="Runnable" result="Passed" duration="0.000278" asserts="1" />
                      </test-suite>
                      <test-suite type="TestFixture" id="6-1869" name="SwaggerSdkGenTests" fullname="EdFi.Ods.Tests.EdFi.Ods.Api.Services.Metadata.Factories.SwaggerSdkGenTests" classname="EdFi.Ods.Tests.EdFi.Ods.Api.Services.Metadata.Factories.SwaggerSdkGenTests" runstate="Runnable" testcasecount="0" result="Inconclusive" duration="0.000246" total="0" passed="0" failed="0" inconclusive="0" skipped="0" asserts="0" />
                      <test-suite type="TestFixture" id="6-2977" name="SwaggerSdkGenTests+When_Generating_Extension_Only_As_Root_Aggregate_Document" fullname="EdFi.Ods.Tests.EdFi.Ods.Api.Services.Metadata.Factories.SwaggerSdkGenTests+When_Generating_Extension_Only_As_Root_Aggregate_Document" classname="EdFi.Ods.Tests.EdFi.Ods.Api.Services.Metadata.Factories.SwaggerSdkGenTests+When_Generating_Extension_Only_As_Root_Aggregate_Document" runstate="Runnable" testcasecount="2" result="Passed" duration="0.018599" total="2" passed="0" failed="0" inconclusive="0" skipped="0" asserts="0">
                        <test-case id="6-2979" name="Should_Contain_All_Definitions_For_The_Requested_Extension" fullname="EdFi.Ods.Tests.EdFi.Ods.Api.Services.Metadata.Factories.SwaggerSdkGenTests+When_Generating_Extension_Only_As_Root_Aggregate_Document.Should_Contain_All_Definitions_For_The_Requested_Extension" methodname="Should_Contain_All_Definitions_For_The_Requested_Extension" classname="EdFi.Ods.Tests.EdFi.Ods.Api.Services.Metadata.Factories.SwaggerSdkGenTests+When_Generating_Extension_Only_As_Root_Aggregate_Document" runstate="Runnable" result="Passed" duration="0.004249" asserts="2" />
                        <test-case id="6-2978" name="Should_Only_Contain_Paths_For_The_Requested_Extension" fullname="EdFi.Ods.Tests.EdFi.Ods.Api.Services.Metadata.Factories.SwaggerSdkGenTests+When_Generating_Extension_Only_As_Root_Aggregate_Document.Should_Only_Contain_Paths_For_The_Requested_Extension" methodname="Should_Only_Contain_Paths_For_The_Requested_Extension" classname="EdFi.Ods.Tests.EdFi.Ods.Api.Services.Metadata.Factories.SwaggerSdkGenTests+When_Generating_Extension_Only_As_Root_Aggregate_Document" runstate="Runnable" result="Passed" duration="0.002065" asserts="2" />
                      </test-suite>
                      <test-suite type="TestFixture" id="6-2980" name="SwaggerSdkGenTests+When_Generating_Extension_Only_Document" fullname="EdFi.Ods.Tests.EdFi.Ods.Api.Services.Metadata.Factories.SwaggerSdkGenTests+When_Generating_Extension_Only_Document" classname="EdFi.Ods.Tests.EdFi.Ods.Api.Services.Metadata.Factories.SwaggerSdkGenTests+When_Generating_Extension_Only_Document" runstate="Runnable" testcasecount="2" result="Passed" duration="0.009837" total="2" passed="0" failed="0" inconclusive="0" skipped="0" asserts="0">
                        <test-case id="6-2981" name="Should_Contain_All_Definitions_For_The_Requested_Extension" fullname="EdFi.Ods.Tests.EdFi.Ods.Api.Services.Metadata.Factories.SwaggerSdkGenTests+When_Generating_Extension_Only_Document.Should_Contain_All_Definitions_For_The_Requested_Extension" methodname="Should_Contain_All_Definitions_For_The_Requested_Extension" classname="EdFi.Ods.Tests.EdFi.Ods.Api.Services.Metadata.Factories.SwaggerSdkGenTests+When_Generating_Extension_Only_Document" runstate="Runnable" result="Passed" duration="0.002785" asserts="1" />
                        <test-case id="6-2982" name="Should_Contain_Only_Definitions_For_The_Requested_Extension" fullname="EdFi.Ods.Tests.EdFi.Ods.Api.Services.Metadata.Factories.SwaggerSdkGenTests+When_Generating_Extension_Only_Document.Should_Contain_Only_Definitions_For_The_Requested_Extension" methodname="Should_Contain_Only_Definitions_For_The_Requested_Extension" classname="EdFi.Ods.Tests.EdFi.Ods.Api.Services.Metadata.Factories.SwaggerSdkGenTests+When_Generating_Extension_Only_Document" runstate="Runnable" result="Passed" duration="0.002661" asserts="1" />
                      </test-suite>
                      <test-suite type="TestFixture" id="6-2986" name="SwaggerSdkGenTests+When_Generating_Sdk_Gen_All_Document" fullname="EdFi.Ods.Tests.EdFi.Ods.Api.Services.Metadata.Factories.SwaggerSdkGenTests+When_Generating_Sdk_Gen_All_Document" classname="EdFi.Ods.Tests.EdFi.Ods.Api.Services.Metadata.Factories.SwaggerSdkGenTests+When_Generating_Sdk_Gen_All_Document" runstate="Runnable" testcasecount="5" result="Passed" duration="1.588462" total="5" passed="0" failed="0" inconclusive="0" skipped="0" asserts="0">
                        <test-case id="6-2989" name="Should_Contain_Extended_EdFi_Resource_Bridge_Definition" fullname="EdFi.Ods.Tests.EdFi.Ods.Api.Services.Metadata.Factories.SwaggerSdkGenTests+When_Generating_Sdk_Gen_All_Document.Should_Contain_Extended_EdFi_Resource_Bridge_Definition" methodname="Should_Contain_Extended_EdFi_Resource_Bridge_Definition" classname="EdFi.Ods.Tests.EdFi.Ods.Api.Services.Metadata.Factories.SwaggerSdkGenTests+When_Generating_Sdk_Gen_All_Document" runstate="Runnable" result="Passed" duration="0.000347" asserts="1" />
                        <test-case id="6-2990" name="Should_Contain_Extended_EdFi_Resource_Bridge_Definition_With_A_Definition_Reference_For_Each_Extension" fullname="EdFi.Ods.Tests.EdFi.Ods.Api.Services.Metadata.Factories.SwaggerSdkGenTests+When_Generating_Sdk_Gen_All_Document.Should_Contain_Extended_EdFi_Resource_Bridge_Definition_With_A_Definition_Reference_For_Each_Extension" methodname="Should_Contain_Extended_EdFi_Resource_Bridge_Definition_With_A_Definition_Reference_For_Each_Extension" classname="EdFi.Ods.Tests.EdFi.Ods.Api.Services.Metadata.Factories.SwaggerSdkGenTests+When_Generating_Sdk_Gen_All_Document" runstate="Runnable" result="Passed" duration="0.010556" asserts="2" />
                        <test-case id="6-2991" name="Should_Contain_Extended_EdFi_Resource_Extension_Definition_For_Each_Extension" fullname="EdFi.Ods.Tests.EdFi.Ods.Api.Services.Metadata.Factories.SwaggerSdkGenTests+When_Generating_Sdk_Gen_All_Document.Should_Contain_Extended_EdFi_Resource_Extension_Definition_For_Each_Extension" methodname="Should_Contain_Extended_EdFi_Resource_Extension_Definition_For_Each_Extension" classname="EdFi.Ods.Tests.EdFi.Ods.Api.Services.Metadata.Factories.SwaggerSdkGenTests+When_Generating_Sdk_Gen_All_Document" runstate="Runnable" result="Passed" duration="0.003994" asserts="1" />
                        <test-case id="6-2988" name="Should_Contain_Extended_EdFi_Resources_With_Default_Extension_Collection" fullname="EdFi.Ods.Tests.EdFi.Ods.Api.Services.Metadata.Factories.SwaggerSdkGenTests+When_Generating_Sdk_Gen_All_Document.Should_Contain_Extended_EdFi_Resources_With_Default_Extension_Collection" methodname="Should_Contain_Extended_EdFi_Resources_With_Default_Extension_Collection" classname="EdFi.Ods.Tests.EdFi.Ods.Api.Services.Metadata.Factories.SwaggerSdkGenTests+When_Generating_Sdk_Gen_All_Document" runstate="Runnable" result="Passed" duration="0.001483" asserts="2" />
                        <test-case id="6-2987" name="Should_Contain_Resource_Definitions_For_All_Schemas" fullname="EdFi.Ods.Tests.EdFi.Ods.Api.Services.Metadata.Factories.SwaggerSdkGenTests+When_Generating_Sdk_Gen_All_Document.Should_Contain_Resource_Definitions_For_All_Schemas" methodname="Should_Contain_Resource_Definitions_For_All_Schemas" classname="EdFi.Ods.Tests.EdFi.Ods.Api.Services.Metadata.Factories.SwaggerSdkGenTests+When_Generating_Sdk_Gen_All_Document" runstate="Runnable" result="Passed" duration="0.004569" asserts="2" />
                      </test-suite>
                      <test-suite type="TestFixture" id="6-2983" name="SwaggerSdkGenTests+When_Generating_Sdk_Gen_EdFi_Only_Document" fullname="EdFi.Ods.Tests.EdFi.Ods.Api.Services.Metadata.Factories.SwaggerSdkGenTests+When_Generating_Sdk_Gen_EdFi_Only_Document" classname="EdFi.Ods.Tests.EdFi.Ods.Api.Services.Metadata.Factories.SwaggerSdkGenTests+When_Generating_Sdk_Gen_EdFi_Only_Document" runstate="Runnable" testcasecount="2" result="Passed" duration="1.709341" total="2" passed="0" failed="0" inconclusive="0" skipped="0" asserts="0">
                        <test-case id="6-2985" name="Should_Contain_Extended_EdFi_Resources_With_Generic_Extension_Collection" fullname="EdFi.Ods.Tests.EdFi.Ods.Api.Services.Metadata.Factories.SwaggerSdkGenTests+When_Generating_Sdk_Gen_EdFi_Only_Document.Should_Contain_Extended_EdFi_Resources_With_Generic_Extension_Collection" methodname="Should_Contain_Extended_EdFi_Resources_With_Generic_Extension_Collection" classname="EdFi.Ods.Tests.EdFi.Ods.Api.Services.Metadata.Factories.SwaggerSdkGenTests+When_Generating_Sdk_Gen_EdFi_Only_Document" runstate="Runnable" result="Passed" duration="0.001020" asserts="2" />
                        <test-case id="6-2984" name="Should_Contain_Only_EdFi_Resource_Definitions" fullname="EdFi.Ods.Tests.EdFi.Ods.Api.Services.Metadata.Factories.SwaggerSdkGenTests+When_Generating_Sdk_Gen_EdFi_Only_Document.Should_Contain_Only_EdFi_Resource_Definitions" methodname="Should_Contain_Only_EdFi_Resource_Definitions" classname="EdFi.Ods.Tests.EdFi.Ods.Api.Services.Metadata.Factories.SwaggerSdkGenTests+When_Generating_Sdk_Gen_EdFi_Only_Document" runstate="Runnable" result="Passed" duration="0.002006" asserts="471" />
                      </test-suite>
                      <test-suite type="TestFixture" id="6-1877" name="SwaggerTagsFactoryTests" fullname="EdFi.Ods.Tests.EdFi.Ods.Api.Services.Metadata.Factories.SwaggerTagsFactoryTests" classname="EdFi.Ods.Tests.EdFi.Ods.Api.Services.Metadata.Factories.SwaggerTagsFactoryTests" runstate="Runnable" testcasecount="0" result="Inconclusive" duration="0.000226" total="0" passed="0" failed="0" inconclusive="0" skipped="0" asserts="0" />
                      <test-suite type="TestFixture" id="6-3079" name="SwaggerTagsFactoryTests+When_creating_tags_for_a_list_of_resources_using_a_single_instance_or_year_specific_ods" fullname="EdFi.Ods.Tests.EdFi.Ods.Api.Services.Metadata.Factories.SwaggerTagsFactoryTests+When_creating_tags_for_a_list_of_resources_using_a_single_instance_or_year_specific_ods" classname="EdFi.Ods.Tests.EdFi.Ods.Api.Services.Metadata.Factories.SwaggerTagsFactoryTests+When_creating_tags_for_a_list_of_resources_using_a_single_instance_or_year_specific_ods" runstate="Runnable" testcasecount="5" result="Passed" duration="0.008041" total="5" passed="0" failed="0" inconclusive="0" skipped="0" asserts="0">
                        <test-case id="6-3082" name="Should_contain_a_tag_for_academicWeek" fullname="EdFi.Ods.Tests.EdFi.Ods.Api.Services.Metadata.Factories.SwaggerTagsFactoryTests+When_creating_tags_for_a_list_of_resources_using_a_single_instance_or_year_specific_ods.Should_contain_a_tag_for_academicWeek" methodname="Should_contain_a_tag_for_academicWeek" classname="EdFi.Ods.Tests.EdFi.Ods.Api.Services.Metadata.Factories.SwaggerTagsFactoryTests+When_creating_tags_for_a_list_of_resources_using_a_single_instance_or_year_specific_ods" runstate="Runnable" result="Passed" duration="0.000316" asserts="1" />
                        <test-case id="6-3083" name="Should_contain_a_tag_for_student" fullname="EdFi.Ods.Tests.EdFi.Ods.Api.Services.Metadata.Factories.SwaggerTagsFactoryTests+When_creating_tags_for_a_list_of_resources_using_a_single_instance_or_year_specific_ods.Should_contain_a_tag_for_student" methodname="Should_contain_a_tag_for_student" classname="EdFi.Ods.Tests.EdFi.Ods.Api.Services.Metadata.Factories.SwaggerTagsFactoryTests+When_creating_tags_for_a_list_of_resources_using_a_single_instance_or_year_specific_ods" runstate="Runnable" result="Passed" duration="0.000396" asserts="1" />
                        <test-case id="6-3084" name="Should_contain_a_tag_for_student_characteristic_descriptor" fullname="EdFi.Ods.Tests.EdFi.Ods.Api.Services.Metadata.Factories.SwaggerTagsFactoryTests+When_creating_tags_for_a_list_of_resources_using_a_single_instance_or_year_specific_ods.Should_contain_a_tag_for_student_characteristic_descriptor" methodname="Should_contain_a_tag_for_student_characteristic_descriptor" classname="EdFi.Ods.Tests.EdFi.Ods.Api.Services.Metadata.Factories.SwaggerTagsFactoryTests+When_creating_tags_for_a_list_of_resources_using_a_single_instance_or_year_specific_ods" runstate="Runnable" result="Passed" duration="0.000412" asserts="1" />
                        <test-case id="6-3080" name="Should_create_the_tags" fullname="EdFi.Ods.Tests.EdFi.Ods.Api.Services.Metadata.Factories.SwaggerTagsFactoryTests+When_creating_tags_for_a_list_of_resources_using_a_single_instance_or_year_specific_ods.Should_create_the_tags" methodname="Should_create_the_tags" classname="EdFi.Ods.Tests.EdFi.Ods.Api.Services.Metadata.Factories.SwaggerTagsFactoryTests+When_creating_tags_for_a_list_of_resources_using_a_single_instance_or_year_specific_ods" runstate="Runnable" result="Passed" duration="0.000383" asserts="1" />
                        <test-case id="6-3081" name="Should_not_be_empty" fullname="EdFi.Ods.Tests.EdFi.Ods.Api.Services.Metadata.Factories.SwaggerTagsFactoryTests+When_creating_tags_for_a_list_of_resources_using_a_single_instance_or_year_specific_ods.Should_not_be_empty" methodname="Should_not_be_empty" classname="EdFi.Ods.Tests.EdFi.Ods.Api.Services.Metadata.Factories.SwaggerTagsFactoryTests+When_creating_tags_for_a_list_of_resources_using_a_single_instance_or_year_specific_ods" runstate="Runnable" result="Passed" duration="0.000385" asserts="1" />
                      </test-suite>
                      <test-suite type="TestFixture" id="6-1870" name="SwaggerUiDescriptorOnlyStrategyTests" fullname="EdFi.Ods.Tests.EdFi.Ods.Api.Services.Metadata.Factories.SwaggerUiDescriptorOnlyStrategyTests" classname="EdFi.Ods.Tests.EdFi.Ods.Api.Services.Metadata.Factories.SwaggerUiDescriptorOnlyStrategyTests" runstate="Runnable" testcasecount="0" result="Inconclusive" duration="0.000259" total="0" passed="0" failed="0" inconclusive="0" skipped="0" asserts="0" />
                      <test-suite type="TestFixture" id="6-2992" name="SwaggerUiDescriptorOnlyStrategyTests+When_filtering_resources_with_descriptor_only_strategy" fullname="EdFi.Ods.Tests.EdFi.Ods.Api.Services.Metadata.Factories.SwaggerUiDescriptorOnlyStrategyTests+When_filtering_resources_with_descriptor_only_strategy" classname="EdFi.Ods.Tests.EdFi.Ods.Api.Services.Metadata.Factories.SwaggerUiDescriptorOnlyStrategyTests+When_filtering_resources_with_descriptor_only_strategy" runstate="Runnable" testcasecount="1" result="Passed" duration="0.008995" total="1" passed="0" failed="0" inconclusive="0" skipped="0" asserts="0">
                        <test-case id="6-2993" name="Should_contain_only_descriptors" fullname="EdFi.Ods.Tests.EdFi.Ods.Api.Services.Metadata.Factories.SwaggerUiDescriptorOnlyStrategyTests+When_filtering_resources_with_descriptor_only_strategy.Should_contain_only_descriptors" methodname="Should_contain_only_descriptors" classname="EdFi.Ods.Tests.EdFi.Ods.Api.Services.Metadata.Factories.SwaggerUiDescriptorOnlyStrategyTests+When_filtering_resources_with_descriptor_only_strategy" runstate="Runnable" result="Passed" duration="0.005202" asserts="1" />
                      </test-suite>
                      <test-suite type="TestFixture" id="6-1871" name="SwaggerUiResourceOnlyStrategyTests" fullname="EdFi.Ods.Tests.EdFi.Ods.Api.Services.Metadata.Factories.SwaggerUiResourceOnlyStrategyTests" classname="EdFi.Ods.Tests.EdFi.Ods.Api.Services.Metadata.Factories.SwaggerUiResourceOnlyStrategyTests" runstate="Runnable" testcasecount="0" result="Inconclusive" duration="0.000263" total="0" passed="0" failed="0" inconclusive="0" skipped="0" asserts="0" />
                      <test-suite type="TestFixture" id="6-2994" name="SwaggerUiResourceOnlyStrategyTests+When_filtering_resources_with_resource_only_strategy" fullname="EdFi.Ods.Tests.EdFi.Ods.Api.Services.Metadata.Factories.SwaggerUiResourceOnlyStrategyTests+When_filtering_resources_with_resource_only_strategy" classname="EdFi.Ods.Tests.EdFi.Ods.Api.Services.Metadata.Factories.SwaggerUiResourceOnlyStrategyTests+When_filtering_resources_with_resource_only_strategy" runstate="Runnable" testcasecount="1" result="Passed" duration="0.004686" total="1" passed="0" failed="0" inconclusive="0" skipped="0" asserts="0">
                        <test-case id="6-2995" name="Should_contain_only_resources" fullname="EdFi.Ods.Tests.EdFi.Ods.Api.Services.Metadata.Factories.SwaggerUiResourceOnlyStrategyTests+When_filtering_resources_with_resource_only_strategy.Should_contain_only_resources" methodname="Should_contain_only_resources" classname="EdFi.Ods.Tests.EdFi.Ods.Api.Services.Metadata.Factories.SwaggerUiResourceOnlyStrategyTests+When_filtering_resources_with_resource_only_strategy" runstate="Runnable" result="Passed" duration="0.000989" asserts="1" />
                      </test-suite>
                    </test-suite>
                    <test-suite type="TestFixture" id="6-1864" name="OpenApiMetadataCacheProviderTests" fullname="EdFi.Ods.Tests.EdFi.Ods.Api.Services.Metadata.OpenApiMetadataCacheProviderTests" classname="EdFi.Ods.Tests.EdFi.Ods.Api.Services.Metadata.OpenApiMetadataCacheProviderTests" runstate="Runnable" testcasecount="0" result="Inconclusive" duration="0.000268" total="0" passed="0" failed="0" inconclusive="0" skipped="0" asserts="0" />
                    <test-suite type="TestFixture" id="6-2951" name="OpenApiMetadataCacheProviderTests+When_requesting_the_composites_section_from_the_cache" fullname="EdFi.Ods.Tests.EdFi.Ods.Api.Services.Metadata.OpenApiMetadataCacheProviderTests+When_requesting_the_composites_section_from_the_cache" classname="EdFi.Ods.Tests.EdFi.Ods.Api.Services.Metadata.OpenApiMetadataCacheProviderTests+When_requesting_the_composites_section_from_the_cache" runstate="Runnable" testcasecount="3" result="Passed" duration="4.709977" total="3" passed="0" failed="0" inconclusive="0" skipped="0" asserts="0">
                      <test-case id="6-2954" name="Should_be_a_swagger_document_for_each_category_in_the_CompositesMetadataProvider" fullname="EdFi.Ods.Tests.EdFi.Ods.Api.Services.Metadata.OpenApiMetadataCacheProviderTests+When_requesting_the_composites_section_from_the_cache.Should_be_a_swagger_document_for_each_category_in_the_CompositesMetadataProvider" methodname="Should_be_a_swagger_document_for_each_category_in_the_CompositesMetadataProvider" classname="EdFi.Ods.Tests.EdFi.Ods.Api.Services.Metadata.OpenApiMetadataCacheProviderTests+When_requesting_the_composites_section_from_the_cache" runstate="Runnable" result="Passed" duration="0.001961" asserts="1" />
                      <test-case id="6-2953" name="Should_be_a_valid_swagger_document_for_each_entry" fullname="EdFi.Ods.Tests.EdFi.Ods.Api.Services.Metadata.OpenApiMetadataCacheProviderTests+When_requesting_the_composites_section_from_the_cache.Should_be_a_valid_swagger_document_for_each_entry" methodname="Should_be_a_valid_swagger_document_for_each_entry" classname="EdFi.Ods.Tests.EdFi.Ods.Api.Services.Metadata.OpenApiMetadataCacheProviderTests+When_requesting_the_composites_section_from_the_cache" runstate="Runnable" result="Passed" duration="0.005367" asserts="1" />
                      <test-case id="6-2952" name="Should_have_entries_for_the_section" fullname="EdFi.Ods.Tests.EdFi.Ods.Api.Services.Metadata.OpenApiMetadataCacheProviderTests+When_requesting_the_composites_section_from_the_cache.Should_have_entries_for_the_section" methodname="Should_have_entries_for_the_section" classname="EdFi.Ods.Tests.EdFi.Ods.Api.Services.Metadata.OpenApiMetadataCacheProviderTests+When_requesting_the_composites_section_from_the_cache" runstate="Runnable" result="Passed" duration="0.000423" asserts="1" />
                    </test-suite>
                    <test-suite type="TestFixture" id="6-2955" name="OpenApiMetadataCacheProviderTests+When_requesting_the_extensions_section_from_the_cache" fullname="EdFi.Ods.Tests.EdFi.Ods.Api.Services.Metadata.OpenApiMetadataCacheProviderTests+When_requesting_the_extensions_section_from_the_cache" classname="EdFi.Ods.Tests.EdFi.Ods.Api.Services.Metadata.OpenApiMetadataCacheProviderTests+When_requesting_the_extensions_section_from_the_cache" runstate="Runnable" testcasecount="3" result="Passed" duration="4.320059" total="3" passed="0" failed="0" inconclusive="0" skipped="0" asserts="0">
                      <test-case id="6-2957" name="Should_be_a_valid_swagger_document_for_each_entry" fullname="EdFi.Ods.Tests.EdFi.Ods.Api.Services.Metadata.OpenApiMetadataCacheProviderTests+When_requesting_the_extensions_section_from_the_cache.Should_be_a_valid_swagger_document_for_each_entry" methodname="Should_be_a_valid_swagger_document_for_each_entry" classname="EdFi.Ods.Tests.EdFi.Ods.Api.Services.Metadata.OpenApiMetadataCacheProviderTests+When_requesting_the_extensions_section_from_the_cache" runstate="Runnable" result="Passed" duration="0.001815" asserts="2" />
                      <test-case id="6-2958" name="Should_be_a_valid_swagger_document_for_each_extension_schema_in_the_domain_model" fullname="EdFi.Ods.Tests.EdFi.Ods.Api.Services.Metadata.OpenApiMetadataCacheProviderTests+When_requesting_the_extensions_section_from_the_cache.Should_be_a_valid_swagger_document_for_each_extension_schema_in_the_domain_model" methodname="Should_be_a_valid_swagger_document_for_each_extension_schema_in_the_domain_model" classname="EdFi.Ods.Tests.EdFi.Ods.Api.Services.Metadata.OpenApiMetadataCacheProviderTests+When_requesting_the_extensions_section_from_the_cache" runstate="Runnable" result="Passed" duration="0.001197" asserts="1" />
                      <test-case id="6-2956" name="Should_have_entries_for_the_section" fullname="EdFi.Ods.Tests.EdFi.Ods.Api.Services.Metadata.OpenApiMetadataCacheProviderTests+When_requesting_the_extensions_section_from_the_cache.Should_have_entries_for_the_section" methodname="Should_have_entries_for_the_section" classname="EdFi.Ods.Tests.EdFi.Ods.Api.Services.Metadata.OpenApiMetadataCacheProviderTests+When_requesting_the_extensions_section_from_the_cache" runstate="Runnable" result="Passed" duration="0.000285" asserts="1" />
                    </test-suite>
                    <test-suite type="TestFixture" id="6-2944" name="OpenApiMetadataCacheProviderTests+When_requesting_the_other_ui_section_from_the_cache" fullname="EdFi.Ods.Tests.EdFi.Ods.Api.Services.Metadata.OpenApiMetadataCacheProviderTests+When_requesting_the_other_ui_section_from_the_cache" classname="EdFi.Ods.Tests.EdFi.Ods.Api.Services.Metadata.OpenApiMetadataCacheProviderTests+When_requesting_the_other_ui_section_from_the_cache" runstate="Runnable" testcasecount="2" result="Passed" duration="3.890772" total="2" passed="0" failed="0" inconclusive="0" skipped="0" asserts="0">
                      <test-case id="6-2946" name="Should_be_a_valid_swagger_document_for_each_entry" fullname="EdFi.Ods.Tests.EdFi.Ods.Api.Services.Metadata.OpenApiMetadataCacheProviderTests+When_requesting_the_other_ui_section_from_the_cache.Should_be_a_valid_swagger_document_for_each_entry" methodname="Should_be_a_valid_swagger_document_for_each_entry" classname="EdFi.Ods.Tests.EdFi.Ods.Api.Services.Metadata.OpenApiMetadataCacheProviderTests+When_requesting_the_other_ui_section_from_the_cache" runstate="Runnable" result="Passed" duration="0.004043" asserts="2" />
                      <test-case id="6-2945" name="Should_have_entries_for_the_section" fullname="EdFi.Ods.Tests.EdFi.Ods.Api.Services.Metadata.OpenApiMetadataCacheProviderTests+When_requesting_the_other_ui_section_from_the_cache.Should_have_entries_for_the_section" methodname="Should_have_entries_for_the_section" classname="EdFi.Ods.Tests.EdFi.Ods.Api.Services.Metadata.OpenApiMetadataCacheProviderTests+When_requesting_the_other_ui_section_from_the_cache" runstate="Runnable" result="Passed" duration="0.000353" asserts="1" />
                    </test-suite>
                    <test-suite type="TestFixture" id="6-2947" name="OpenApiMetadataCacheProviderTests+When_requesting_the_profiles_section_from_the_cache" fullname="EdFi.Ods.Tests.EdFi.Ods.Api.Services.Metadata.OpenApiMetadataCacheProviderTests+When_requesting_the_profiles_section_from_the_cache" classname="EdFi.Ods.Tests.EdFi.Ods.Api.Services.Metadata.OpenApiMetadataCacheProviderTests+When_requesting_the_profiles_section_from_the_cache" runstate="Runnable" testcasecount="3" result="Passed" duration="4.351963" total="3" passed="0" failed="0" inconclusive="0" skipped="0" asserts="0">
                      <test-case id="6-2950" name="Should_be_a_swagger_document_for_each_distinct_profile_in_the_ProfileResourceNamesProvider" fullname="EdFi.Ods.Tests.EdFi.Ods.Api.Services.Metadata.OpenApiMetadataCacheProviderTests+When_requesting_the_profiles_section_from_the_cache.Should_be_a_swagger_document_for_each_distinct_profile_in_the_ProfileResourceNamesProvider" methodname="Should_be_a_swagger_document_for_each_distinct_profile_in_the_ProfileResourceNamesProvider" classname="EdFi.Ods.Tests.EdFi.Ods.Api.Services.Metadata.OpenApiMetadataCacheProviderTests+When_requesting_the_profiles_section_from_the_cache" runstate="Runnable" result="Passed" duration="0.001177" asserts="1" />
                      <test-case id="6-2949" name="Should_be_a_valid_swagger_document_for_each_entry" fullname="EdFi.Ods.Tests.EdFi.Ods.Api.Services.Metadata.OpenApiMetadataCacheProviderTests+When_requesting_the_profiles_section_from_the_cache.Should_be_a_valid_swagger_document_for_each_entry" methodname="Should_be_a_valid_swagger_document_for_each_entry" classname="EdFi.Ods.Tests.EdFi.Ods.Api.Services.Metadata.OpenApiMetadataCacheProviderTests+When_requesting_the_profiles_section_from_the_cache" runstate="Runnable" result="Passed" duration="0.012832" asserts="31" />
                      <test-case id="6-2948" name="Should_have_entries_for_the_section" fullname="EdFi.Ods.Tests.EdFi.Ods.Api.Services.Metadata.OpenApiMetadataCacheProviderTests+When_requesting_the_profiles_section_from_the_cache.Should_have_entries_for_the_section" methodname="Should_have_entries_for_the_section" classname="EdFi.Ods.Tests.EdFi.Ods.Api.Services.Metadata.OpenApiMetadataCacheProviderTests+When_requesting_the_profiles_section_from_the_cache" runstate="Runnable" result="Passed" duration="0.000304" asserts="1" />
                    </test-suite>
                    <test-suite type="TestFixture" id="6-2937" name="OpenApiMetadataCacheProviderTests+When_requesting_the_sdk_gen_section_from_the_cache" fullname="EdFi.Ods.Tests.EdFi.Ods.Api.Services.Metadata.OpenApiMetadataCacheProviderTests+When_requesting_the_sdk_gen_section_from_the_cache" classname="EdFi.Ods.Tests.EdFi.Ods.Api.Services.Metadata.OpenApiMetadataCacheProviderTests+When_requesting_the_sdk_gen_section_from_the_cache" runstate="Runnable" testcasecount="3" result="Passed" duration="4.606055" total="3" passed="0" failed="0" inconclusive="0" skipped="0" asserts="0">
                      <test-case id="6-2939" name="Should_be_a_valid_swagger_document_for_each_entry" fullname="EdFi.Ods.Tests.EdFi.Ods.Api.Services.Metadata.OpenApiMetadataCacheProviderTests+When_requesting_the_sdk_gen_section_from_the_cache.Should_be_a_valid_swagger_document_for_each_entry" methodname="Should_be_a_valid_swagger_document_for_each_entry" classname="EdFi.Ods.Tests.EdFi.Ods.Api.Services.Metadata.OpenApiMetadataCacheProviderTests+When_requesting_the_sdk_gen_section_from_the_cache" runstate="Runnable" result="Passed" duration="0.154891" asserts="38" />
                      <test-case id="6-2940" name="Should_contain_sdk_gen_and_extension_extensions" fullname="EdFi.Ods.Tests.EdFi.Ods.Api.Services.Metadata.OpenApiMetadataCacheProviderTests+When_requesting_the_sdk_gen_section_from_the_cache.Should_contain_sdk_gen_and_extension_extensions" methodname="Should_contain_sdk_gen_and_extension_extensions" classname="EdFi.Ods.Tests.EdFi.Ods.Api.Services.Metadata.OpenApiMetadataCacheProviderTests+When_requesting_the_sdk_gen_section_from_the_cache" runstate="Runnable" result="Passed" duration="0.000814" asserts="1" />
                      <test-case id="6-2938" name="Should_have_entries_for_the_section" fullname="EdFi.Ods.Tests.EdFi.Ods.Api.Services.Metadata.OpenApiMetadataCacheProviderTests+When_requesting_the_sdk_gen_section_from_the_cache.Should_have_entries_for_the_section" methodname="Should_have_entries_for_the_section" classname="EdFi.Ods.Tests.EdFi.Ods.Api.Services.Metadata.OpenApiMetadataCacheProviderTests+When_requesting_the_sdk_gen_section_from_the_cache" runstate="Runnable" result="Passed" duration="0.000298" asserts="1" />
                    </test-suite>
                    <test-suite type="TestFixture" id="6-2941" name="OpenApiMetadataCacheProviderTests+When_requesting_the_swagger_ui_section_from_the_cache" fullname="EdFi.Ods.Tests.EdFi.Ods.Api.Services.Metadata.OpenApiMetadataCacheProviderTests+When_requesting_the_swagger_ui_section_from_the_cache" classname="EdFi.Ods.Tests.EdFi.Ods.Api.Services.Metadata.OpenApiMetadataCacheProviderTests+When_requesting_the_swagger_ui_section_from_the_cache" runstate="Runnable" testcasecount="2" result="Passed" duration="3.826722" total="2" passed="0" failed="0" inconclusive="0" skipped="0" asserts="0">
                      <test-case id="6-2943" name="Should_be_a_valid_swagger_document_for_each_entry" fullname="EdFi.Ods.Tests.EdFi.Ods.Api.Services.Metadata.OpenApiMetadataCacheProviderTests+When_requesting_the_swagger_ui_section_from_the_cache.Should_be_a_valid_swagger_document_for_each_entry" methodname="Should_be_a_valid_swagger_document_for_each_entry" classname="EdFi.Ods.Tests.EdFi.Ods.Api.Services.Metadata.OpenApiMetadataCacheProviderTests+When_requesting_the_swagger_ui_section_from_the_cache" runstate="Runnable" result="Passed" duration="0.060685" asserts="2" />
                      <test-case id="6-2942" name="Should_have_entries_for_the_section" fullname="EdFi.Ods.Tests.EdFi.Ods.Api.Services.Metadata.OpenApiMetadataCacheProviderTests+When_requesting_the_swagger_ui_section_from_the_cache.Should_have_entries_for_the_section" methodname="Should_have_entries_for_the_section" classname="EdFi.Ods.Tests.EdFi.Ods.Api.Services.Metadata.OpenApiMetadataCacheProviderTests+When_requesting_the_swagger_ui_section_from_the_cache" runstate="Runnable" result="Passed" duration="0.000294" asserts="1" />
                    </test-suite>
                    <test-suite type="Namespace" id="6-3357" name="Strategies" fullname="EdFi.Ods.Tests.EdFi.Ods.Api.Services.Metadata.Strategies" runstate="Runnable" testcasecount="14" result="Passed" duration="0.089113" total="14" passed="0" failed="0" inconclusive="0" skipped="0" asserts="0">
                      <test-suite type="Namespace" id="6-3359" name="FactoryStrategies" fullname="EdFi.Ods.Tests.EdFi.Ods.Api.Services.Metadata.Strategies.FactoryStrategies" runstate="Runnable" testcasecount="5" result="Passed" duration="0.062180" total="5" passed="0" failed="0" inconclusive="0" skipped="0" asserts="0">
                        <test-suite type="TestFixture" id="6-1867" name="SwaggerCompositePathsFactoryStrategyTests" fullname="EdFi.Ods.Tests.EdFi.Ods.Api.Services.Metadata.Strategies.FactoryStrategies.SwaggerCompositePathsFactoryStrategyTests" classname="EdFi.Ods.Tests.EdFi.Ods.Api.Services.Metadata.Strategies.FactoryStrategies.SwaggerCompositePathsFactoryStrategyTests" runstate="Runnable" testcasecount="0" result="Inconclusive" duration="0.000214" total="0" passed="0" failed="0" inconclusive="0" skipped="0" asserts="0" />
                        <test-suite type="TestFixture" id="6-2970" name="SwaggerCompositePathsFactoryStrategyTests+When_the_swagger_composite_paths_factory_strategy_is_applied_to_a_list_of_swagger_resources" fullname="EdFi.Ods.Tests.EdFi.Ods.Api.Services.Metadata.Strategies.FactoryStrategies.SwaggerCompositePathsFactoryStrategyTests+When_the_swagger_composite_paths_factory_strategy_is_applied_to_a_list_of_swagger_resources" classname="EdFi.Ods.Tests.EdFi.Ods.Api.Services.Metadata.Strategies.FactoryStrategies.SwaggerCompositePathsFactoryStrategyTests+When_the_swagger_composite_paths_factory_strategy_is_applied_to_a_list_of_swagger_resources" runstate="Runnable" testcasecount="1" result="Passed" duration="0.018782" total="1" passed="0" failed="0" inconclusive="0" skipped="0" asserts="0">
                          <test-case id="6-2971" name="Should_not_return_empty_list_of_swagger_paths_resources" fullname="EdFi.Ods.Tests.EdFi.Ods.Api.Services.Metadata.Strategies.FactoryStrategies.SwaggerCompositePathsFactoryStrategyTests+When_the_swagger_composite_paths_factory_strategy_is_applied_to_a_list_of_swagger_resources.Should_not_return_empty_list_of_swagger_paths_resources" methodname="Should_not_return_empty_list_of_swagger_paths_resources" classname="EdFi.Ods.Tests.EdFi.Ods.Api.Services.Metadata.Strategies.FactoryStrategies.SwaggerCompositePathsFactoryStrategyTests+When_the_swagger_composite_paths_factory_strategy_is_applied_to_a_list_of_swagger_resources" runstate="Runnable" result="Passed" duration="0.000566" asserts="1" />
                        </test-suite>
                        <test-suite type="TestFixture" id="6-1868" name="SwaggerProfilePathsFactoryStrategyTests" fullname="EdFi.Ods.Tests.EdFi.Ods.Api.Services.Metadata.Strategies.FactoryStrategies.SwaggerProfilePathsFactoryStrategyTests" classname="EdFi.Ods.Tests.EdFi.Ods.Api.Services.Metadata.Strategies.FactoryStrategies.SwaggerProfilePathsFactoryStrategyTests" runstate="Runnable" testcasecount="0" result="Inconclusive" duration="0.000212" total="0" passed="0" failed="0" inconclusive="0" skipped="0" asserts="0" />
                        <test-suite type="TestFixture" id="6-2972" name="SwaggerProfilePathsFactoryStrategyTests+When_th_swagger_profile_paths_factory_strategy_is_applied_to_a_list_of_swagger_resources" fullname="EdFi.Ods.Tests.EdFi.Ods.Api.Services.Metadata.Strategies.FactoryStrategies.SwaggerProfilePathsFactoryStrategyTests+When_th_swagger_profile_paths_factory_strategy_is_applied_to_a_list_of_swagger_resources" classname="EdFi.Ods.Tests.EdFi.Ods.Api.Services.Metadata.Strategies.FactoryStrategies.SwaggerProfilePathsFactoryStrategyTests+When_th_swagger_profile_paths_factory_strategy_is_applied_to_a_list_of_swagger_resources" runstate="Runnable" testcasecount="4" result="Passed" duration="0.040024" total="4" passed="0" failed="0" inconclusive="0" skipped="0" asserts="0">
                          <test-case id="6-2973" name="Should_not_return_empty_list_of_filtered_resources" fullname="EdFi.Ods.Tests.EdFi.Ods.Api.Services.Metadata.Strategies.FactoryStrategies.SwaggerProfilePathsFactoryStrategyTests+When_th_swagger_profile_paths_factory_strategy_is_applied_to_a_list_of_swagger_resources.Should_not_return_empty_list_of_filtered_resources" methodname="Should_not_return_empty_list_of_filtered_resources" classname="EdFi.Ods.Tests.EdFi.Ods.Api.Services.Metadata.Strategies.FactoryStrategies.SwaggerProfilePathsFactoryStrategyTests+When_th_swagger_profile_paths_factory_strategy_is_applied_to_a_list_of_swagger_resources" runstate="Runnable" result="Passed" duration="0.002496" asserts="1" />
                          <test-case id="6-2974" name="Should_return_a_list_of_swagger_resources_which_all_are_assigned_readable_or_writable" fullname="EdFi.Ods.Tests.EdFi.Ods.Api.Services.Metadata.Strategies.FactoryStrategies.SwaggerProfilePathsFactoryStrategyTests+When_th_swagger_profile_paths_factory_strategy_is_applied_to_a_list_of_swagger_resources.Should_return_a_list_of_swagger_resources_which_all_are_assigned_readable_or_writable" methodname="Should_return_a_list_of_swagger_resources_which_all_are_assigned_readable_or_writable" classname="EdFi.Ods.Tests.EdFi.Ods.Api.Services.Metadata.Strategies.FactoryStrategies.SwaggerProfilePathsFactoryStrategyTests+When_th_swagger_profile_paths_factory_strategy_is_applied_to_a_list_of_swagger_resources" runstate="Runnable" result="Passed" duration="0.004962" asserts="1" />
                          <test-case id="6-2975" name="Should_return_a_list_of_swagger_resources_which_all_assigned_a_value_of_true_for_IsProfileResource" fullname="EdFi.Ods.Tests.EdFi.Ods.Api.Services.Metadata.Strategies.FactoryStrategies.SwaggerProfilePathsFactoryStrategyTests+When_th_swagger_profile_paths_factory_strategy_is_applied_to_a_list_of_swagger_resources.Should_return_a_list_of_swagger_resources_which_all_assigned_a_value_of_true_for_IsProfileResource" methodname="Should_return_a_list_of_swagger_resources_which_all_assigned_a_value_of_true_for_IsProfileResource" classname="EdFi.Ods.Tests.EdFi.Ods.Api.Services.Metadata.Strategies.FactoryStrategies.SwaggerProfilePathsFactoryStrategyTests+When_th_swagger_profile_paths_factory_strategy_is_applied_to_a_list_of_swagger_resources" runstate="Runnable" result="Passed" duration="0.000948" asserts="1" />
                          <test-case id="6-2976" name="Should_return_comprehensive_list_of_swagger_paths_resources_for_the_applied_strategy" fullname="EdFi.Ods.Tests.EdFi.Ods.Api.Services.Metadata.Strategies.FactoryStrategies.SwaggerProfilePathsFactoryStrategyTests+When_th_swagger_profile_paths_factory_strategy_is_applied_to_a_list_of_swagger_resources.Should_return_comprehensive_list_of_swagger_paths_resources_for_the_applied_strategy" methodname="Should_return_comprehensive_list_of_swagger_paths_resources_for_the_applied_strategy" classname="EdFi.Ods.Tests.EdFi.Ods.Api.Services.Metadata.Strategies.FactoryStrategies.SwaggerProfilePathsFactoryStrategyTests+When_th_swagger_profile_paths_factory_strategy_is_applied_to_a_list_of_swagger_resources" runstate="Runnable" result="Passed" duration="0.002491" asserts="4" />
                        </test-suite>
                      </test-suite>
                      <test-suite type="Namespace" id="6-3358" name="ResourceStrategies" fullname="EdFi.Ods.Tests.EdFi.Ods.Api.Services.Metadata.Strategies.ResourceStrategies" runstate="Runnable" testcasecount="9" result="Passed" duration="0.024664" total="9" passed="0" failed="0" inconclusive="0" skipped="0" asserts="0">
                        <test-suite type="TestFixture" id="6-1865" name="OpenApiCompositeStrategyTests" fullname="EdFi.Ods.Tests.EdFi.Ods.Api.Services.Metadata.Strategies.ResourceStrategies.OpenApiCompositeStrategyTests" classname="EdFi.Ods.Tests.EdFi.Ods.Api.Services.Metadata.Strategies.ResourceStrategies.OpenApiCompositeStrategyTests" runstate="Runnable" testcasecount="0" result="Inconclusive" duration="0.000199" total="0" passed="0" failed="0" inconclusive="0" skipped="0" asserts="0" />
                        <test-suite type="TestFixture" id="6-2959" name="OpenApiCompositeStrategyTests+When_list_of_resources_is_filtered_with_composite_strategy" fullname="EdFi.Ods.Tests.EdFi.Ods.Api.Services.Metadata.Strategies.ResourceStrategies.OpenApiCompositeStrategyTests+When_list_of_resources_is_filtered_with_composite_strategy" classname="EdFi.Ods.Tests.EdFi.Ods.Api.Services.Metadata.Strategies.ResourceStrategies.OpenApiCompositeStrategyTests+When_list_of_resources_is_filtered_with_composite_strategy" runstate="Runnable" testcasecount="2" result="Passed" duration="0.008840" total="2" passed="0" failed="0" inconclusive="0" skipped="0" asserts="0">
                          <test-case id="6-2961" name="Should_construct_valid_composite_swagger_resource_from_the_provided_composite_definition" fullname="EdFi.Ods.Tests.EdFi.Ods.Api.Services.Metadata.Strategies.ResourceStrategies.OpenApiCompositeStrategyTests+When_list_of_resources_is_filtered_with_composite_strategy.Should_construct_valid_composite_swagger_resource_from_the_provided_composite_definition" methodname="Should_construct_valid_composite_swagger_resource_from_the_provided_composite_definition" classname="EdFi.Ods.Tests.EdFi.Ods.Api.Services.Metadata.Strategies.ResourceStrategies.OpenApiCompositeStrategyTests+When_list_of_resources_is_filtered_with_composite_strategy" runstate="Runnable" result="Passed" duration="0.003641" asserts="6" />
                          <test-case id="6-2960" name="Should_populate_composite_context_route_definitions" fullname="EdFi.Ods.Tests.EdFi.Ods.Api.Services.Metadata.Strategies.ResourceStrategies.OpenApiCompositeStrategyTests+When_list_of_resources_is_filtered_with_composite_strategy.Should_populate_composite_context_route_definitions" methodname="Should_populate_composite_context_route_definitions" classname="EdFi.Ods.Tests.EdFi.Ods.Api.Services.Metadata.Strategies.ResourceStrategies.OpenApiCompositeStrategyTests+When_list_of_resources_is_filtered_with_composite_strategy" runstate="Runnable" result="Passed" duration="0.000441" asserts="1" />
                        </test-suite>
                        <test-suite type="TestFixture" id="6-1866" name="OpenApiProfileStrategyTests" fullname="EdFi.Ods.Tests.EdFi.Ods.Api.Services.Metadata.Strategies.ResourceStrategies.OpenApiProfileStrategyTests" classname="EdFi.Ods.Tests.EdFi.Ods.Api.Services.Metadata.Strategies.ResourceStrategies.OpenApiProfileStrategyTests" runstate="Runnable" testcasecount="0" result="Inconclusive" duration="0.000195" total="0" passed="0" failed="0" inconclusive="0" skipped="0" asserts="0" />
                        <test-suite type="TestFixture" id="6-2962" name="OpenApiProfileStrategyTests+When_list_of_resources_is_filtered_with_profile_strategy" fullname="EdFi.Ods.Tests.EdFi.Ods.Api.Services.Metadata.Strategies.ResourceStrategies.OpenApiProfileStrategyTests+When_list_of_resources_is_filtered_with_profile_strategy" classname="EdFi.Ods.Tests.EdFi.Ods.Api.Services.Metadata.Strategies.ResourceStrategies.OpenApiProfileStrategyTests+When_list_of_resources_is_filtered_with_profile_strategy" runstate="Runnable" testcasecount="7" result="Passed" duration="0.012961" total="7" passed="0" failed="0" inconclusive="0" skipped="0" asserts="0">
                          <test-case id="6-2969" name="Should_contain_a_base_resource_in_correct_context_when_derived_resource_present_in_profile" fullname="EdFi.Ods.Tests.EdFi.Ods.Api.Services.Metadata.Strategies.ResourceStrategies.OpenApiProfileStrategyTests+When_list_of_resources_is_filtered_with_profile_strategy.Should_contain_a_base_resource_in_correct_context_when_derived_resource_present_in_profile" methodname="Should_contain_a_base_resource_in_correct_context_when_derived_resource_present_in_profile" classname="EdFi.Ods.Tests.EdFi.Ods.Api.Services.Metadata.Strategies.ResourceStrategies.OpenApiProfileStrategyTests+When_list_of_resources_is_filtered_with_profile_strategy" runstate="Runnable" result="Passed" duration="0.001148" asserts="1" />
                          <test-case id="6-2968" name="Should_contain_correctly_named_derived_resource_if_profile_contains_corresponding_base_resource" fullname="EdFi.Ods.Tests.EdFi.Ods.Api.Services.Metadata.Strategies.ResourceStrategies.OpenApiProfileStrategyTests+When_list_of_resources_is_filtered_with_profile_strategy.Should_contain_correctly_named_derived_resource_if_profile_contains_corresponding_base_resource" methodname="Should_contain_correctly_named_derived_resource_if_profile_contains_corresponding_base_resource" classname="EdFi.Ods.Tests.EdFi.Ods.Api.Services.Metadata.Strategies.ResourceStrategies.OpenApiProfileStrategyTests+When_list_of_resources_is_filtered_with_profile_strategy" runstate="Runnable" result="Passed" duration="0.000739" asserts="1" />
                          <test-case id="6-2967" name="Should_not_contains_a_writable_swagger_resource_for_a_readonly_profile_resource" fullname="EdFi.Ods.Tests.EdFi.Ods.Api.Services.Metadata.Strategies.ResourceStrategies.OpenApiProfileStrategyTests+When_list_of_resources_is_filtered_with_profile_strategy.Should_not_contains_a_writable_swagger_resource_for_a_readonly_profile_resource" methodname="Should_not_contains_a_writable_swagger_resource_for_a_readonly_profile_resource" classname="EdFi.Ods.Tests.EdFi.Ods.Api.Services.Metadata.Strategies.ResourceStrategies.OpenApiProfileStrategyTests+When_list_of_resources_is_filtered_with_profile_strategy" runstate="Runnable" result="Passed" duration="0.000885" asserts="1" />
                          <test-case id="6-2963" name="Should_not_return_empty_list_of_filtered_resources" fullname="EdFi.Ods.Tests.EdFi.Ods.Api.Services.Metadata.Strategies.ResourceStrategies.OpenApiProfileStrategyTests+When_list_of_resources_is_filtered_with_profile_strategy.Should_not_return_empty_list_of_filtered_resources" methodname="Should_not_return_empty_list_of_filtered_resources" classname="EdFi.Ods.Tests.EdFi.Ods.Api.Services.Metadata.Strategies.ResourceStrategies.OpenApiProfileStrategyTests+When_list_of_resources_is_filtered_with_profile_strategy" runstate="Runnable" result="Passed" duration="0.000420" asserts="1" />
                          <test-case id="6-2964" name="Should_return_a_list_of_swagger_resources_which_all_are_assigned_readable_or_writable" fullname="EdFi.Ods.Tests.EdFi.Ods.Api.Services.Metadata.Strategies.ResourceStrategies.OpenApiProfileStrategyTests+When_list_of_resources_is_filtered_with_profile_strategy.Should_return_a_list_of_swagger_resources_which_all_are_assigned_readable_or_writable" methodname="Should_return_a_list_of_swagger_resources_which_all_are_assigned_readable_or_writable" classname="EdFi.Ods.Tests.EdFi.Ods.Api.Services.Metadata.Strategies.ResourceStrategies.OpenApiProfileStrategyTests+When_list_of_resources_is_filtered_with_profile_strategy" runstate="Runnable" result="Passed" duration="0.000627" asserts="1" />
                          <test-case id="6-2965" name="Should_return_a_list_of_swagger_resources_which_all_assigned_a_value_of_true_for_IsProfileResource" fullname="EdFi.Ods.Tests.EdFi.Ods.Api.Services.Metadata.Strategies.ResourceStrategies.OpenApiProfileStrategyTests+When_list_of_resources_is_filtered_with_profile_strategy.Should_return_a_list_of_swagger_resources_which_all_assigned_a_value_of_true_for_IsProfileResource" methodname="Should_return_a_list_of_swagger_resources_which_all_assigned_a_value_of_true_for_IsProfileResource" classname="EdFi.Ods.Tests.EdFi.Ods.Api.Services.Metadata.Strategies.ResourceStrategies.OpenApiProfileStrategyTests+When_list_of_resources_is_filtered_with_profile_strategy" runstate="Runnable" result="Passed" duration="0.000544" asserts="1" />
                          <test-case id="6-2966" name="Should_return_comprehensive_list_of_swagger_resources_for_the_provided_profile" fullname="EdFi.Ods.Tests.EdFi.Ods.Api.Services.Metadata.Strategies.ResourceStrategies.OpenApiProfileStrategyTests+When_list_of_resources_is_filtered_with_profile_strategy.Should_return_comprehensive_list_of_swagger_resources_for_the_provided_profile" methodname="Should_return_comprehensive_list_of_swagger_resources_for_the_provided_profile" classname="EdFi.Ods.Tests.EdFi.Ods.Api.Services.Metadata.Strategies.ResourceStrategies.OpenApiProfileStrategyTests+When_list_of_resources_is_filtered_with_profile_strategy" runstate="Runnable" result="Passed" duration="0.001682" asserts="6" />
                        </test-suite>
                      </test-suite>
                    </test-suite>
                  </test-suite>
                </test-suite>
              </test-suite>
              <test-suite type="Namespace" id="6-3331" name="BulkLoad" fullname="EdFi.Ods.Tests.EdFi.Ods.BulkLoad" runstate="Runnable" testcasecount="157" result="Passed" duration="48.730731" total="157" passed="0" failed="0" inconclusive="0" skipped="0" asserts="0">
                <test-suite type="Namespace" id="6-3392" name="Console" fullname="EdFi.Ods.Tests.EdFi.Ods.BulkLoad.Console" runstate="Runnable" testcasecount="14" result="Passed" duration="0.200500" total="14" passed="0" failed="0" inconclusive="0" skipped="0" asserts="0">
                  <test-suite type="TestFixture" id="6-2452" name="BulkLoadExecutorTests+When_operation_does_complete" fullname="EdFi.Ods.Tests.EdFi.Ods.BulkLoad.Console.BulkLoadExecutorTests+When_operation_does_complete" classname="EdFi.Ods.Tests.EdFi.Ods.BulkLoad.Console.BulkLoadExecutorTests+When_operation_does_complete" runstate="Runnable" testcasecount="3" result="Passed" duration="0.066283" total="3" passed="0" failed="0" inconclusive="0" skipped="0" asserts="0">
                    <test-case id="6-2455" name="Should_indicate_success" fullname="EdFi.Ods.Tests.EdFi.Ods.BulkLoad.Console.BulkLoadExecutorTests+When_operation_does_complete.Should_indicate_success" methodname="Should_indicate_success" classname="EdFi.Ods.Tests.EdFi.Ods.BulkLoad.Console.BulkLoadExecutorTests+When_operation_does_complete" runstate="Runnable" result="Passed" duration="0.000246" asserts="0" />
                    <test-case id="6-2454" name="Should_not_write_errors" fullname="EdFi.Ods.Tests.EdFi.Ods.BulkLoad.Console.BulkLoadExecutorTests+When_operation_does_complete.Should_not_write_errors" methodname="Should_not_write_errors" classname="EdFi.Ods.Tests.EdFi.Ods.BulkLoad.Console.BulkLoadExecutorTests+When_operation_does_complete" runstate="Runnable" result="Passed" duration="0.000125" asserts="0" />
                    <test-case id="6-2453" name="Should_start_processing_for_the_correct_operation" fullname="EdFi.Ods.Tests.EdFi.Ods.BulkLoad.Console.BulkLoadExecutorTests+When_operation_does_complete.Should_start_processing_for_the_correct_operation" methodname="Should_start_processing_for_the_correct_operation" classname="EdFi.Ods.Tests.EdFi.Ods.BulkLoad.Console.BulkLoadExecutorTests+When_operation_does_complete" runstate="Runnable" result="Passed" duration="0.001117" asserts="0" />
                  </test-suite>
                  <test-suite type="TestFixture" id="6-2449" name="BulkLoadExecutorTests+When_operation_does_not_complete" fullname="EdFi.Ods.Tests.EdFi.Ods.BulkLoad.Console.BulkLoadExecutorTests+When_operation_does_not_complete" classname="EdFi.Ods.Tests.EdFi.Ods.BulkLoad.Console.BulkLoadExecutorTests+When_operation_does_not_complete" runstate="Runnable" testcasecount="2" result="Passed" duration="0.032718" total="2" passed="0" failed="0" inconclusive="0" skipped="0" asserts="0">
                    <test-case id="6-2451" name="Should_indicate_failure" fullname="EdFi.Ods.Tests.EdFi.Ods.BulkLoad.Console.BulkLoadExecutorTests+When_operation_does_not_complete.Should_indicate_failure" methodname="Should_indicate_failure" classname="EdFi.Ods.Tests.EdFi.Ods.BulkLoad.Console.BulkLoadExecutorTests+When_operation_does_not_complete" runstate="Runnable" result="Passed" duration="0.000325" asserts="0" />
                    <test-case id="6-2450" name="Should_write_errors" fullname="EdFi.Ods.Tests.EdFi.Ods.BulkLoad.Console.BulkLoadExecutorTests+When_operation_does_not_complete.Should_write_errors" methodname="Should_write_errors" classname="EdFi.Ods.Tests.EdFi.Ods.BulkLoad.Console.BulkLoadExecutorTests+When_operation_does_not_complete" runstate="Runnable" result="Passed" duration="0.001624" asserts="0" />
                  </test-suite>
                  <test-suite type="TestFixture" id="6-2458" name="LocalBulkOperationInitializerTests+When_input_directory_does_not_exist" fullname="EdFi.Ods.Tests.EdFi.Ods.BulkLoad.Console.LocalBulkOperationInitializerTests+When_input_directory_does_not_exist" classname="EdFi.Ods.Tests.EdFi.Ods.BulkLoad.Console.LocalBulkOperationInitializerTests+When_input_directory_does_not_exist" runstate="Runnable" testcasecount="1" result="Passed" duration="0.026831" total="1" passed="0" failed="0" inconclusive="0" skipped="0" asserts="0">
                    <test-case id="6-2459" name="Should_throw_argument_exception" fullname="EdFi.Ods.Tests.EdFi.Ods.BulkLoad.Console.LocalBulkOperationInitializerTests+When_input_directory_does_not_exist.Should_throw_argument_exception" methodname="Should_throw_argument_exception" classname="EdFi.Ods.Tests.EdFi.Ods.BulkLoad.Console.LocalBulkOperationInitializerTests+When_input_directory_does_not_exist" runstate="Runnable" result="Passed" duration="0.000357" asserts="0" />
                  </test-suite>
                  <test-suite type="TestFixture" id="6-2460" name="LocalBulkOperationInitializerTests+When_input_directory_exists_with_files" fullname="EdFi.Ods.Tests.EdFi.Ods.BulkLoad.Console.LocalBulkOperationInitializerTests+When_input_directory_exists_with_files" classname="EdFi.Ods.Tests.EdFi.Ods.BulkLoad.Console.LocalBulkOperationInitializerTests+When_input_directory_exists_with_files" runstate="Runnable" testcasecount="3" result="Passed" duration="0.036816" total="3" passed="0" failed="0" inconclusive="0" skipped="0" asserts="0">
                    <test-case id="6-2462" name="Should_create_an_operation_with_the_correct_database_name" fullname="EdFi.Ods.Tests.EdFi.Ods.BulkLoad.Console.LocalBulkOperationInitializerTests+When_input_directory_exists_with_files.Should_create_an_operation_with_the_correct_database_name" methodname="Should_create_an_operation_with_the_correct_database_name" classname="EdFi.Ods.Tests.EdFi.Ods.BulkLoad.Console.LocalBulkOperationInitializerTests+When_input_directory_exists_with_files" runstate="Runnable" result="Passed" duration="0.000441" asserts="0" />
                    <test-case id="6-2461" name="Should_provide_a_list_of_files_with_IDs_that_correspond_to_the_upload_files_saved_in_the_operational_database" fullname="EdFi.Ods.Tests.EdFi.Ods.BulkLoad.Console.LocalBulkOperationInitializerTests+When_input_directory_exists_with_files.Should_provide_a_list_of_files_with_IDs_that_correspond_to_the_upload_files_saved_in_the_operational_database" methodname="Should_provide_a_list_of_files_with_IDs_that_correspond_to_the_upload_files_saved_in_the_operational_database" classname="EdFi.Ods.Tests.EdFi.Ods.BulkLoad.Console.LocalBulkOperationInitializerTests+When_input_directory_exists_with_files" runstate="Runnable" result="Passed" duration="0.004209" asserts="0" />
                    <test-case id="6-2463" name="Should_save_the_operation_in_the_operational_database" fullname="EdFi.Ods.Tests.EdFi.Ods.BulkLoad.Console.LocalBulkOperationInitializerTests+When_input_directory_exists_with_files.Should_save_the_operation_in_the_operational_database" methodname="Should_save_the_operation_in_the_operational_database" classname="EdFi.Ods.Tests.EdFi.Ods.BulkLoad.Console.LocalBulkOperationInitializerTests+When_input_directory_exists_with_files" runstate="Runnable" result="Passed" duration="0.000474" asserts="0" />
                  </test-suite>
                  <test-suite type="TestFixture" id="6-2456" name="LocalBulkOperationInitializerTests+When_no_source_files_exist" fullname="EdFi.Ods.Tests.EdFi.Ods.BulkLoad.Console.LocalBulkOperationInitializerTests+When_no_source_files_exist" classname="EdFi.Ods.Tests.EdFi.Ods.BulkLoad.Console.LocalBulkOperationInitializerTests+When_no_source_files_exist" runstate="Runnable" testcasecount="1" result="Passed" duration="0.002958" total="1" passed="0" failed="0" inconclusive="0" skipped="0" asserts="0">
                    <test-case id="6-2457" name="Should_return_an_empty_result" fullname="EdFi.Ods.Tests.EdFi.Ods.BulkLoad.Console.LocalBulkOperationInitializerTests+When_no_source_files_exist.Should_return_an_empty_result" methodname="Should_return_an_empty_result" classname="EdFi.Ods.Tests.EdFi.Ods.BulkLoad.Console.LocalBulkOperationInitializerTests+When_no_source_files_exist" runstate="Runnable" result="Passed" duration="0.000321" asserts="0" />
                  </test-suite>
                  <test-suite type="TestFixture" id="6-2464" name="ValidateAndSourceLocalOnlyFilesTests+When_bulk_operation_working_folder_is_not_configured" fullname="EdFi.Ods.Tests.EdFi.Ods.BulkLoad.Console.ValidateAndSourceLocalOnlyFilesTests+When_bulk_operation_working_folder_is_not_configured" classname="EdFi.Ods.Tests.EdFi.Ods.BulkLoad.Console.ValidateAndSourceLocalOnlyFilesTests+When_bulk_operation_working_folder_is_not_configured" runstate="Runnable" testcasecount="1" result="Passed" duration="0.022862" total="1" passed="0" failed="0" inconclusive="0" skipped="0" asserts="0">
                    <test-case id="6-2465" name="Should_use_temp_path" fullname="EdFi.Ods.Tests.EdFi.Ods.BulkLoad.Console.ValidateAndSourceLocalOnlyFilesTests+When_bulk_operation_working_folder_is_not_configured.Should_use_temp_path" methodname="Should_use_temp_path" classname="EdFi.Ods.Tests.EdFi.Ods.BulkLoad.Console.ValidateAndSourceLocalOnlyFilesTests+When_bulk_operation_working_folder_is_not_configured" runstate="Runnable" result="Passed" duration="0.000334" asserts="0" />
                  </test-suite>
                  <test-suite type="TestFixture" id="6-2466" name="ValidateAndSourceLocalOnlyFilesTests+When_working_folder_is_configured_and_we_make_local_files" fullname="EdFi.Ods.Tests.EdFi.Ods.BulkLoad.Console.ValidateAndSourceLocalOnlyFilesTests+When_working_folder_is_configured_and_we_make_local_files" classname="EdFi.Ods.Tests.EdFi.Ods.BulkLoad.Console.ValidateAndSourceLocalOnlyFilesTests+When_working_folder_is_configured_and_we_make_local_files" runstate="Runnable" testcasecount="3" result="Passed" duration="0.005047" total="3" passed="0" failed="0" inconclusive="0" skipped="0" asserts="0">
                    <test-case id="6-2467" name="Should_copy_the_input_file_to_the_working_directory" fullname="EdFi.Ods.Tests.EdFi.Ods.BulkLoad.Console.ValidateAndSourceLocalOnlyFilesTests+When_working_folder_is_configured_and_we_make_local_files.Should_copy_the_input_file_to_the_working_directory" methodname="Should_copy_the_input_file_to_the_working_directory" classname="EdFi.Ods.Tests.EdFi.Ods.BulkLoad.Console.ValidateAndSourceLocalOnlyFilesTests+When_working_folder_is_configured_and_we_make_local_files" runstate="Runnable" result="Passed" duration="0.000561" asserts="0" />
                    <test-case id="6-2469" name="Should_indicate_successful_file" fullname="EdFi.Ods.Tests.EdFi.Ods.BulkLoad.Console.ValidateAndSourceLocalOnlyFilesTests+When_working_folder_is_configured_and_we_make_local_files.Should_indicate_successful_file" methodname="Should_indicate_successful_file" classname="EdFi.Ods.Tests.EdFi.Ods.BulkLoad.Console.ValidateAndSourceLocalOnlyFilesTests+When_working_folder_is_configured_and_we_make_local_files" runstate="Runnable" result="Passed" duration="0.000409" asserts="0" />
                    <test-case id="6-2468" name="Should_point_to_the_file_in_the_working_directory" fullname="EdFi.Ods.Tests.EdFi.Ods.BulkLoad.Console.ValidateAndSourceLocalOnlyFilesTests+When_working_folder_is_configured_and_we_make_local_files.Should_point_to_the_file_in_the_working_directory" methodname="Should_point_to_the_file_in_the_working_directory" classname="EdFi.Ods.Tests.EdFi.Ods.BulkLoad.Console.ValidateAndSourceLocalOnlyFilesTests+When_working_folder_is_configured_and_we_make_local_files" runstate="Runnable" result="Passed" duration="0.000546" asserts="0" />
                  </test-suite>
                </test-suite>
                <test-suite type="Namespace" id="6-3332" name="Core" fullname="EdFi.Ods.Tests.EdFi.Ods.BulkLoad.Core" runstate="Runnable" testcasecount="143" result="Passed" duration="48.527699" total="143" passed="0" failed="0" inconclusive="0" skipped="0" asserts="0">
                  <test-suite type="Namespace" id="6-3334" name="Controllers" fullname="EdFi.Ods.Tests.EdFi.Ods.BulkLoad.Core.Controllers" runstate="Runnable" testcasecount="26" result="Passed" duration="4.502107" total="26" passed="0" failed="0" inconclusive="0" skipped="0" asserts="0">
                    <test-suite type="TestFixture" id="6-1495" name="BaseAggregateLoader_When_aggregates_contain_references_to_self" fullname="EdFi.Ods.Tests.EdFi.Ods.BulkLoad.Core.Controllers.BaseAggregateLoader_When_aggregates_contain_references_to_self" classname="EdFi.Ods.Tests.EdFi.Ods.BulkLoad.Core.Controllers.BaseAggregateLoader_When_aggregates_contain_references_to_self" runstate="Runnable" testcasecount="1" result="Passed" duration="0.009783" total="1" passed="0" failed="0" inconclusive="0" skipped="0" asserts="0">
                      <test-case id="6-1496" name="should_have_parent_properties_following_naming_convention" fullname="EdFi.Ods.Tests.EdFi.Ods.BulkLoad.Core.Controllers.BaseAggregateLoader_When_aggregates_contain_references_to_self.should_have_parent_properties_following_naming_convention" methodname="should_have_parent_properties_following_naming_convention" classname="EdFi.Ods.Tests.EdFi.Ods.BulkLoad.Core.Controllers.BaseAggregateLoader_When_aggregates_contain_references_to_self" runstate="Runnable" result="Passed" duration="0.009325" asserts="0">
                        <properties>
                          <property name="_DESCRIPTION" value="These tests ensure naming conventions for self referencing resources are not inadvertently changed" />
                        </properties>
                      </test-case>
                    </test-suite>
                    <test-suite type="TestFixture" id="6-1509" name="BaseAggregateLoader_When_All_Aggregates_of_a_given_type_are_loaded" fullname="EdFi.Ods.Tests.EdFi.Ods.BulkLoad.Core.Controllers.BaseAggregateLoader_When_All_Aggregates_of_a_given_type_are_loaded" classname="EdFi.Ods.Tests.EdFi.Ods.BulkLoad.Core.Controllers.BaseAggregateLoader_When_All_Aggregates_of_a_given_type_are_loaded" runstate="Runnable" testcasecount="6" result="Passed" duration="0.056054" total="6" passed="0" failed="0" inconclusive="0" skipped="0" asserts="0">
                      <test-case id="6-1515" name="Given_Aggregate_Fails_While_Building_Resource_Should_Indicate_Exception" fullname="EdFi.Ods.Tests.EdFi.Ods.BulkLoad.Core.Controllers.BaseAggregateLoader_When_All_Aggregates_of_a_given_type_are_loaded.Given_Aggregate_Fails_While_Building_Resource_Should_Indicate_Exception" methodname="Given_Aggregate_Fails_While_Building_Resource_Should_Indicate_Exception" classname="EdFi.Ods.Tests.EdFi.Ods.BulkLoad.Core.Controllers.BaseAggregateLoader_When_All_Aggregates_of_a_given_type_are_loaded" runstate="Runnable" result="Passed" duration="0.037329" asserts="0" />
                      <test-case id="6-1514" name="Given_Aggregate_Fails_While_Processing_Pipeline_Should_Indicate_Exception" fullname="EdFi.Ods.Tests.EdFi.Ods.BulkLoad.Core.Controllers.BaseAggregateLoader_When_All_Aggregates_of_a_given_type_are_loaded.Given_Aggregate_Fails_While_Processing_Pipeline_Should_Indicate_Exception" methodname="Given_Aggregate_Fails_While_Processing_Pipeline_Should_Indicate_Exception" classname="EdFi.Ods.Tests.EdFi.Ods.BulkLoad.Core.Controllers.BaseAggregateLoader_When_All_Aggregates_of_a_given_type_are_loaded" runstate="Runnable" result="Passed" duration="0.006560" asserts="0" />
                      <test-case id="6-1510" name="Given_All_Aggregates_Are_Created_Should_Show_Expected_Number_Loaded" fullname="EdFi.Ods.Tests.EdFi.Ods.BulkLoad.Core.Controllers.BaseAggregateLoader_When_All_Aggregates_of_a_given_type_are_loaded.Given_All_Aggregates_Are_Created_Should_Show_Expected_Number_Loaded" methodname="Given_All_Aggregates_Are_Created_Should_Show_Expected_Number_Loaded" classname="EdFi.Ods.Tests.EdFi.Ods.BulkLoad.Core.Controllers.BaseAggregateLoader_When_All_Aggregates_of_a_given_type_are_loaded" runstate="Runnable" result="Passed" duration="0.002522" asserts="0" />
                      <test-case id="6-1511" name="Given_All_Aggregates_Are_Persisted_But_Not_Created_And_Not_Updated_Should_Show_Expected_Number_Loaded" fullname="EdFi.Ods.Tests.EdFi.Ods.BulkLoad.Core.Controllers.BaseAggregateLoader_When_All_Aggregates_of_a_given_type_are_loaded.Given_All_Aggregates_Are_Persisted_But_Not_Created_And_Not_Updated_Should_Show_Expected_Number_Loaded" methodname="Given_All_Aggregates_Are_Persisted_But_Not_Created_And_Not_Updated_Should_Show_Expected_Number_Loaded" classname="EdFi.Ods.Tests.EdFi.Ods.BulkLoad.Core.Controllers.BaseAggregateLoader_When_All_Aggregates_of_a_given_type_are_loaded" runstate="Runnable" result="Passed" duration="0.001774" asserts="0" />
                      <test-case id="6-1513" name="Given_At_Least_One_Aggregate_Fails_To_Load_Should_Indicate_Not_All_Aggregates_Loaded" fullname="EdFi.Ods.Tests.EdFi.Ods.BulkLoad.Core.Controllers.BaseAggregateLoader_When_All_Aggregates_of_a_given_type_are_loaded.Given_At_Least_One_Aggregate_Fails_To_Load_Should_Indicate_Not_All_Aggregates_Loaded" methodname="Given_At_Least_One_Aggregate_Fails_To_Load_Should_Indicate_Not_All_Aggregates_Loaded" classname="EdFi.Ods.Tests.EdFi.Ods.BulkLoad.Core.Controllers.BaseAggregateLoader_When_All_Aggregates_of_a_given_type_are_loaded" runstate="Runnable" result="Passed" duration="0.001771" asserts="0" />
                      <test-case id="6-1512" name="Given_No_Aggregates_Exist_In_File_Should_Return_Zero_Count_And_All_Loaded" fullname="EdFi.Ods.Tests.EdFi.Ods.BulkLoad.Core.Controllers.BaseAggregateLoader_When_All_Aggregates_of_a_given_type_are_loaded.Given_No_Aggregates_Exist_In_File_Should_Return_Zero_Count_And_All_Loaded" methodname="Given_No_Aggregates_Exist_In_File_Should_Return_Zero_Count_And_All_Loaded" classname="EdFi.Ods.Tests.EdFi.Ods.BulkLoad.Core.Controllers.BaseAggregateLoader_When_All_Aggregates_of_a_given_type_are_loaded" runstate="Runnable" result="Passed" duration="0.001531" asserts="0" />
                    </test-suite>
                    <test-suite type="TestFixture" id="6-1493" name="HaveInterchangeSpecificLoadersTests" fullname="EdFi.Ods.Tests.EdFi.Ods.BulkLoad.Core.Controllers.HaveInterchangeSpecificLoadersTests" classname="EdFi.Ods.Tests.EdFi.Ods.BulkLoad.Core.Controllers.HaveInterchangeSpecificLoadersTests" runstate="Runnable" testcasecount="1" result="Passed" duration="3.695159" total="1" passed="0" failed="0" inconclusive="0" skipped="0" asserts="0">
                      <test-case id="6-1494" name="Covering_Test_to_Ensure_All_Found_Xsds_Are_Present_in_Collections_Model" fullname="EdFi.Ods.Tests.EdFi.Ods.BulkLoad.Core.Controllers.HaveInterchangeSpecificLoadersTests.Covering_Test_to_Ensure_All_Found_Xsds_Are_Present_in_Collections_Model" methodname="Covering_Test_to_Ensure_All_Found_Xsds_Are_Present_in_Collections_Model" classname="EdFi.Ods.Tests.EdFi.Ods.BulkLoad.Core.Controllers.HaveInterchangeSpecificLoadersTests" runstate="Runnable" result="Passed" duration="3.694639" asserts="22" />
                    </test-suite>
                    <test-suite type="TestFixture" id="6-2495" name="InterchangeControllerBaseTests+When_a_loader_barfs" fullname="EdFi.Ods.Tests.EdFi.Ods.BulkLoad.Core.Controllers.InterchangeControllerBaseTests+When_a_loader_barfs" classname="EdFi.Ods.Tests.EdFi.Ods.BulkLoad.Core.Controllers.InterchangeControllerBaseTests+When_a_loader_barfs" runstate="Runnable" testcasecount="2" result="Passed" duration="0.164620" total="2" passed="0" failed="0" inconclusive="0" skipped="0" asserts="0">
                      <test-case id="6-2496" name="Should_report_an_error_result" fullname="EdFi.Ods.Tests.EdFi.Ods.BulkLoad.Core.Controllers.InterchangeControllerBaseTests+When_a_loader_barfs.Should_report_an_error_result" methodname="Should_report_an_error_result" classname="EdFi.Ods.Tests.EdFi.Ods.BulkLoad.Core.Controllers.InterchangeControllerBaseTests+When_a_loader_barfs" runstate="Runnable" result="Passed" duration="0.001001" asserts="0" />
                      <test-case id="6-2497" name="Should_report_an_exception" fullname="EdFi.Ods.Tests.EdFi.Ods.BulkLoad.Core.Controllers.InterchangeControllerBaseTests+When_a_loader_barfs.Should_report_an_exception" methodname="Should_report_an_exception" classname="EdFi.Ods.Tests.EdFi.Ods.BulkLoad.Core.Controllers.InterchangeControllerBaseTests+When_a_loader_barfs" runstate="Runnable" result="Passed" duration="0.000303" asserts="0" />
                    </test-suite>
                    <test-suite type="TestFixture" id="6-2498" name="InterchangeControllerBaseTests+When_a_loader_doesnt_load_anything" fullname="EdFi.Ods.Tests.EdFi.Ods.BulkLoad.Core.Controllers.InterchangeControllerBaseTests+When_a_loader_doesnt_load_anything" classname="EdFi.Ods.Tests.EdFi.Ods.BulkLoad.Core.Controllers.InterchangeControllerBaseTests+When_a_loader_doesnt_load_anything" runstate="Runnable" testcasecount="1" result="Passed" duration="0.001961" total="1" passed="0" failed="0" inconclusive="0" skipped="0" asserts="0">
                      <test-case id="6-2499" name="Should_not_report_exception" fullname="EdFi.Ods.Tests.EdFi.Ods.BulkLoad.Core.Controllers.InterchangeControllerBaseTests+When_a_loader_doesnt_load_anything.Should_not_report_exception" methodname="Should_not_report_exception" classname="EdFi.Ods.Tests.EdFi.Ods.BulkLoad.Core.Controllers.InterchangeControllerBaseTests+When_a_loader_doesnt_load_anything" runstate="Runnable" result="Passed" duration="0.000324" asserts="0" />
                    </test-suite>
                    <test-suite type="TestFixture" id="6-2492" name="InterchangeControllerBaseTests+When_given_a_valid_file_path_valid_aggregate_loaders_divided_into_two_named_sets_and_everything_else" fullname="EdFi.Ods.Tests.EdFi.Ods.BulkLoad.Core.Controllers.InterchangeControllerBaseTests+When_given_a_valid_file_path_valid_aggregate_loaders_divided_into_two_named_sets_and_everything_else" classname="EdFi.Ods.Tests.EdFi.Ods.BulkLoad.Core.Controllers.InterchangeControllerBaseTests+When_given_a_valid_file_path_valid_aggregate_loaders_divided_into_two_named_sets_and_everything_else" runstate="Runnable" testcasecount="2" result="Passed" duration="0.110400" total="2" passed="0" failed="0" inconclusive="0" skipped="0" asserts="0">
                      <test-case id="6-2494" name="Should_aggregate_the_source_element_count" fullname="EdFi.Ods.Tests.EdFi.Ods.BulkLoad.Core.Controllers.InterchangeControllerBaseTests+When_given_a_valid_file_path_valid_aggregate_loaders_divided_into_two_named_sets_and_everything_else.Should_aggregate_the_source_element_count" methodname="Should_aggregate_the_source_element_count" classname="EdFi.Ods.Tests.EdFi.Ods.BulkLoad.Core.Controllers.InterchangeControllerBaseTests+When_given_a_valid_file_path_valid_aggregate_loaders_divided_into_two_named_sets_and_everything_else" runstate="Runnable" result="Passed" duration="0.000316" asserts="0" />
                      <test-case id="6-2493" name="Should_run_everything" fullname="EdFi.Ods.Tests.EdFi.Ods.BulkLoad.Core.Controllers.InterchangeControllerBaseTests+When_given_a_valid_file_path_valid_aggregate_loaders_divided_into_two_named_sets_and_everything_else.Should_run_everything" methodname="Should_run_everything" classname="EdFi.Ods.Tests.EdFi.Ods.BulkLoad.Core.Controllers.InterchangeControllerBaseTests+When_given_a_valid_file_path_valid_aggregate_loaders_divided_into_two_named_sets_and_everything_else" runstate="Runnable" result="Passed" duration="0.001373" asserts="0" />
                    </test-suite>
                    <test-suite type="TestFixture" id="6-1516" name="StartOperationCmdHandler_When_Given_A_StartOperation_Command_For_Existing_UnFinished_Operation" fullname="EdFi.Ods.Tests.EdFi.Ods.BulkLoad.Core.Controllers.StartOperationCmdHandler_When_Given_A_StartOperation_Command_For_Existing_UnFinished_Operation" classname="EdFi.Ods.Tests.EdFi.Ods.BulkLoad.Core.Controllers.StartOperationCmdHandler_When_Given_A_StartOperation_Command_For_Existing_UnFinished_Operation" runstate="Runnable" testcasecount="5" result="Passed" duration="0.333604" total="5" passed="0" failed="0" inconclusive="0" skipped="0" asserts="0">
                      <test-case id="6-1520" name="And_A_File_Fails_To_Load_Should_Not_Execute_Loader_And_Update_Status_To_Error" fullname="EdFi.Ods.Tests.EdFi.Ods.BulkLoad.Core.Controllers.StartOperationCmdHandler_When_Given_A_StartOperation_Command_For_Existing_UnFinished_Operation.And_A_File_Fails_To_Load_Should_Not_Execute_Loader_And_Update_Status_To_Error" methodname="And_A_File_Fails_To_Load_Should_Not_Execute_Loader_And_Update_Status_To_Error" classname="EdFi.Ods.Tests.EdFi.Ods.BulkLoad.Core.Controllers.StartOperationCmdHandler_When_Given_A_StartOperation_Command_For_Existing_UnFinished_Operation" runstate="Runnable" result="Passed" duration="0.200648" asserts="0" />
                      <test-case id="6-1521" name="And_At_Least_One_File_Is_Not_Ready_Should_Exit_With_Error" fullname="EdFi.Ods.Tests.EdFi.Ods.BulkLoad.Core.Controllers.StartOperationCmdHandler_When_Given_A_StartOperation_Command_For_Existing_UnFinished_Operation.And_At_Least_One_File_Is_Not_Ready_Should_Exit_With_Error" methodname="And_At_Least_One_File_Is_Not_Ready_Should_Exit_With_Error" classname="EdFi.Ods.Tests.EdFi.Ods.BulkLoad.Core.Controllers.StartOperationCmdHandler_When_Given_A_StartOperation_Command_For_Existing_UnFinished_Operation" runstate="Runnable" result="Passed" duration="0.015596" asserts="0" />
                      <test-case id="6-1518" name="And_Has_File_That_Does_Not_Load_All_Results_Should_Set_File_Status_To_Error" fullname="EdFi.Ods.Tests.EdFi.Ods.BulkLoad.Core.Controllers.StartOperationCmdHandler_When_Given_A_StartOperation_Command_For_Existing_UnFinished_Operation.And_Has_File_That_Does_Not_Load_All_Results_Should_Set_File_Status_To_Error" methodname="And_Has_File_That_Does_Not_Load_All_Results_Should_Set_File_Status_To_Error" classname="EdFi.Ods.Tests.EdFi.Ods.BulkLoad.Core.Controllers.StartOperationCmdHandler_When_Given_A_StartOperation_Command_For_Existing_UnFinished_Operation" runstate="Runnable" result="Passed" duration="0.039177" asserts="0" />
                      <test-case id="6-1517" name="And_Has_File_That_Loads_All_Results_Should_Set_File_Status_To_Completed_And_Load_To_Correct_Database" fullname="EdFi.Ods.Tests.EdFi.Ods.BulkLoad.Core.Controllers.StartOperationCmdHandler_When_Given_A_StartOperation_Command_For_Existing_UnFinished_Operation.And_Has_File_That_Loads_All_Results_Should_Set_File_Status_To_Completed_And_Load_To_Correct_Database" methodname="And_Has_File_That_Loads_All_Results_Should_Set_File_Status_To_Completed_And_Load_To_Correct_Database" classname="EdFi.Ods.Tests.EdFi.Ods.BulkLoad.Core.Controllers.StartOperationCmdHandler_When_Given_A_StartOperation_Command_For_Existing_UnFinished_Operation" runstate="Runnable" result="Passed" duration="0.029905" asserts="0" />
                      <test-case id="6-1519" name="And_Operation_Has_Only_Descriptors_Should_Run_Descriptors_Load_And_Cleanup_Working_File" fullname="EdFi.Ods.Tests.EdFi.Ods.BulkLoad.Core.Controllers.StartOperationCmdHandler_When_Given_A_StartOperation_Command_For_Existing_UnFinished_Operation.And_Operation_Has_Only_Descriptors_Should_Run_Descriptors_Load_And_Cleanup_Working_File" methodname="And_Operation_Has_Only_Descriptors_Should_Run_Descriptors_Load_And_Cleanup_Working_File" classname="EdFi.Ods.Tests.EdFi.Ods.BulkLoad.Core.Controllers.StartOperationCmdHandler_When_Given_A_StartOperation_Command_For_Existing_UnFinished_Operation" runstate="Runnable" result="Passed" duration="0.021672" asserts="0" />
                    </test-suite>
                    <test-suite type="TestFixture" id="6-1499" name="When_A_CommitUpload_Command_Is_Sent_And_File_Is_Invalid" fullname="EdFi.Ods.Tests.EdFi.Ods.BulkLoad.Core.Controllers.When_A_CommitUpload_Command_Is_Sent_And_File_Is_Invalid" classname="EdFi.Ods.Tests.EdFi.Ods.BulkLoad.Core.Controllers.When_A_CommitUpload_Command_Is_Sent_And_File_Is_Invalid" runstate="Runnable" testcasecount="3" result="Passed" duration="0.065015" total="3" passed="0" failed="0" inconclusive="0" skipped="0" asserts="0">
                      <test-case id="6-1501" name="Should_Set_Operation_Status_To_Error" fullname="EdFi.Ods.Tests.EdFi.Ods.BulkLoad.Core.Controllers.When_A_CommitUpload_Command_Is_Sent_And_File_Is_Invalid.Should_Set_Operation_Status_To_Error" methodname="Should_Set_Operation_Status_To_Error" classname="EdFi.Ods.Tests.EdFi.Ods.BulkLoad.Core.Controllers.When_A_CommitUpload_Command_Is_Sent_And_File_Is_Invalid" runstate="Runnable" result="Passed" duration="0.002412" asserts="0" />
                      <test-case id="6-1500" name="Should_Set_UploadFileStatus_To_Error" fullname="EdFi.Ods.Tests.EdFi.Ods.BulkLoad.Core.Controllers.When_A_CommitUpload_Command_Is_Sent_And_File_Is_Invalid.Should_Set_UploadFileStatus_To_Error" methodname="Should_Set_UploadFileStatus_To_Error" classname="EdFi.Ods.Tests.EdFi.Ods.BulkLoad.Core.Controllers.When_A_CommitUpload_Command_Is_Sent_And_File_Is_Invalid" runstate="Runnable" result="Passed" duration="0.001734" asserts="0" />
                      <test-case id="6-1502" name="Should_Write_Exception_To_Exception_Resource" fullname="EdFi.Ods.Tests.EdFi.Ods.BulkLoad.Core.Controllers.When_A_CommitUpload_Command_Is_Sent_And_File_Is_Invalid.Should_Write_Exception_To_Exception_Resource" methodname="Should_Write_Exception_To_Exception_Resource" classname="EdFi.Ods.Tests.EdFi.Ods.BulkLoad.Core.Controllers.When_A_CommitUpload_Command_Is_Sent_And_File_Is_Invalid" runstate="Runnable" result="Passed" duration="0.000164" asserts="0" />
                    </test-suite>
                    <test-suite type="TestFixture" id="6-1505" name="When_A_CommitUpload_Command_Is_Sent_And_File_Is_valid_And_All_Other_Files_Ready" fullname="EdFi.Ods.Tests.EdFi.Ods.BulkLoad.Core.Controllers.When_A_CommitUpload_Command_Is_Sent_And_File_Is_valid_And_All_Other_Files_Ready" classname="EdFi.Ods.Tests.EdFi.Ods.BulkLoad.Core.Controllers.When_A_CommitUpload_Command_Is_Sent_And_File_Is_valid_And_All_Other_Files_Ready" runstate="Runnable" testcasecount="3" result="Passed" duration="0.018474" total="3" passed="0" failed="0" inconclusive="0" skipped="0" asserts="0">
                      <test-case id="6-1508" name="Should_Send_StartOperationCommand" fullname="EdFi.Ods.Tests.EdFi.Ods.BulkLoad.Core.Controllers.When_A_CommitUpload_Command_Is_Sent_And_File_Is_valid_And_All_Other_Files_Ready.Should_Send_StartOperationCommand" methodname="Should_Send_StartOperationCommand" classname="EdFi.Ods.Tests.EdFi.Ods.BulkLoad.Core.Controllers.When_A_CommitUpload_Command_Is_Sent_And_File_Is_valid_And_All_Other_Files_Ready" runstate="Runnable" result="Passed" duration="0.003101" asserts="0" />
                      <test-case id="6-1507" name="Should_Set_Operation_Status_To_Ready" fullname="EdFi.Ods.Tests.EdFi.Ods.BulkLoad.Core.Controllers.When_A_CommitUpload_Command_Is_Sent_And_File_Is_valid_And_All_Other_Files_Ready.Should_Set_Operation_Status_To_Ready" methodname="Should_Set_Operation_Status_To_Ready" classname="EdFi.Ods.Tests.EdFi.Ods.BulkLoad.Core.Controllers.When_A_CommitUpload_Command_Is_Sent_And_File_Is_valid_And_All_Other_Files_Ready" runstate="Runnable" result="Passed" duration="0.001501" asserts="0" />
                      <test-case id="6-1506" name="Should_Set_UploadFileStatus_To_Ready" fullname="EdFi.Ods.Tests.EdFi.Ods.BulkLoad.Core.Controllers.When_A_CommitUpload_Command_Is_Sent_And_File_Is_valid_And_All_Other_Files_Ready.Should_Set_UploadFileStatus_To_Ready" methodname="Should_Set_UploadFileStatus_To_Ready" classname="EdFi.Ods.Tests.EdFi.Ods.BulkLoad.Core.Controllers.When_A_CommitUpload_Command_Is_Sent_And_File_Is_valid_And_All_Other_Files_Ready" runstate="Runnable" result="Passed" duration="0.001471" asserts="0" />
                    </test-suite>
                    <test-suite type="TestFixture" id="6-1503" name="When_A_CommitUpload_Command_Is_Sent_And_File_Is_valid_And_At_Least_One_File_Has_Not_Completed" fullname="EdFi.Ods.Tests.EdFi.Ods.BulkLoad.Core.Controllers.When_A_CommitUpload_Command_Is_Sent_And_File_Is_valid_And_At_Least_One_File_Has_Not_Completed" classname="EdFi.Ods.Tests.EdFi.Ods.BulkLoad.Core.Controllers.When_A_CommitUpload_Command_Is_Sent_And_File_Is_valid_And_At_Least_One_File_Has_Not_Completed" runstate="Runnable" testcasecount="1" result="Passed" duration="0.010677" total="1" passed="0" failed="0" inconclusive="0" skipped="0" asserts="0">
                      <test-case id="6-1504" name="Should_Set_UploadFileStatus_To_Ready" fullname="EdFi.Ods.Tests.EdFi.Ods.BulkLoad.Core.Controllers.When_A_CommitUpload_Command_Is_Sent_And_File_Is_valid_And_At_Least_One_File_Has_Not_Completed.Should_Set_UploadFileStatus_To_Ready" methodname="Should_Set_UploadFileStatus_To_Ready" classname="EdFi.Ods.Tests.EdFi.Ods.BulkLoad.Core.Controllers.When_A_CommitUpload_Command_Is_Sent_And_File_Is_valid_And_At_Least_One_File_Has_Not_Completed" runstate="Runnable" result="Passed" duration="0.001822" asserts="0" />
                    </test-suite>
                    <test-suite type="TestFixture" id="6-1497" name="When_A_CommitUpload_Command_Is_Sent_But_The_UploadFile_Resource_Does_Not_Exist" fullname="EdFi.Ods.Tests.EdFi.Ods.BulkLoad.Core.Controllers.When_A_CommitUpload_Command_Is_Sent_But_The_UploadFile_Resource_Does_Not_Exist" classname="EdFi.Ods.Tests.EdFi.Ods.BulkLoad.Core.Controllers.When_A_CommitUpload_Command_Is_Sent_But_The_UploadFile_Resource_Does_Not_Exist" runstate="Runnable" testcasecount="1" result="Passed" duration="0.005219" total="1" passed="0" failed="0" inconclusive="0" skipped="0" asserts="0">
                      <test-case id="6-1498" name="Should_Throw_Exception" fullname="EdFi.Ods.Tests.EdFi.Ods.BulkLoad.Core.Controllers.When_A_CommitUpload_Command_Is_Sent_But_The_UploadFile_Resource_Does_Not_Exist.Should_Throw_Exception" methodname="Should_Throw_Exception" classname="EdFi.Ods.Tests.EdFi.Ods.BulkLoad.Core.Controllers.When_A_CommitUpload_Command_Is_Sent_But_The_UploadFile_Resource_Does_Not_Exist" runstate="Runnable" result="Passed" duration="0.004473" asserts="0" />
                    </test-suite>
                  </test-suite>
                  <test-suite type="Namespace" id="6-3335" name="IndexedXmlFileReaderTests" fullname="EdFi.Ods.Tests.EdFi.Ods.BulkLoad.Core.IndexedXmlFileReaderTests" runstate="Runnable" testcasecount="11" result="Passed" duration="0.120268" total="11" passed="0" failed="0" inconclusive="0" skipped="0" asserts="0">
                    <test-suite type="TestFixture" id="6-1524" name="When_An_Optional_Element_Is_Not_Present_In_Xml" fullname="EdFi.Ods.Tests.EdFi.Ods.BulkLoad.Core.IndexedXmlFileReaderTests.When_An_Optional_Element_Is_Not_Present_In_Xml" classname="EdFi.Ods.Tests.EdFi.Ods.BulkLoad.Core.IndexedXmlFileReaderTests.When_An_Optional_Element_Is_Not_Present_In_Xml" runstate="Runnable" testcasecount="1" result="Passed" duration="0.001234" total="1" passed="0" failed="0" inconclusive="0" skipped="0" asserts="0">
                      <test-case id="6-1525" name="And_Looking_For_Foreign_Key_Should_Return_Null" fullname="EdFi.Ods.Tests.EdFi.Ods.BulkLoad.Core.IndexedXmlFileReaderTests.When_An_Optional_Element_Is_Not_Present_In_Xml.And_Looking_For_Foreign_Key_Should_Return_Null" methodname="And_Looking_For_Foreign_Key_Should_Return_Null" classname="EdFi.Ods.Tests.EdFi.Ods.BulkLoad.Core.IndexedXmlFileReaderTests.When_An_Optional_Element_Is_Not_Present_In_Xml" runstate="Runnable" result="Passed" duration="0.000255" asserts="0" />
                    </test-suite>
                    <test-suite type="TestFixture" id="6-1533" name="when_building_an_xmlfilereader_with_invalid_file" fullname="EdFi.Ods.Tests.EdFi.Ods.BulkLoad.Core.IndexedXmlFileReaderTests.when_building_an_xmlfilereader_with_invalid_file" classname="EdFi.Ods.Tests.EdFi.Ods.BulkLoad.Core.IndexedXmlFileReaderTests.when_building_an_xmlfilereader_with_invalid_file" runstate="Runnable" testcasecount="1" result="Passed" duration="0.066252" total="1" passed="0" failed="0" inconclusive="0" skipped="0" asserts="0">
                      <test-case id="6-1534" name="it_should_throw_a_directory_not_found_exception" fullname="EdFi.Ods.Tests.EdFi.Ods.BulkLoad.Core.IndexedXmlFileReaderTests.when_building_an_xmlfilereader_with_invalid_file.it_should_throw_a_directory_not_found_exception" methodname="it_should_throw_a_directory_not_found_exception" classname="EdFi.Ods.Tests.EdFi.Ods.BulkLoad.Core.IndexedXmlFileReaderTests.when_building_an_xmlfilereader_with_invalid_file" runstate="Runnable" result="Passed" duration="0.065687" asserts="0" />
                    </test-suite>
                    <test-suite type="TestFixture" id="6-1535" name="when_building_an_xmlfilereader_with_invalid_invalid_root_elements" fullname="EdFi.Ods.Tests.EdFi.Ods.BulkLoad.Core.IndexedXmlFileReaderTests.when_building_an_xmlfilereader_with_invalid_invalid_root_elements" classname="EdFi.Ods.Tests.EdFi.Ods.BulkLoad.Core.IndexedXmlFileReaderTests.when_building_an_xmlfilereader_with_invalid_invalid_root_elements" runstate="Runnable" testcasecount="1" result="Passed" duration="0.013432" total="1" passed="0" failed="0" inconclusive="0" skipped="0" asserts="0">
                      <test-case id="6-1536" name="it_should_succeed_and_index_valid_elements" fullname="EdFi.Ods.Tests.EdFi.Ods.BulkLoad.Core.IndexedXmlFileReaderTests.when_building_an_xmlfilereader_with_invalid_invalid_root_elements.it_should_succeed_and_index_valid_elements" methodname="it_should_succeed_and_index_valid_elements" classname="EdFi.Ods.Tests.EdFi.Ods.BulkLoad.Core.IndexedXmlFileReaderTests.when_building_an_xmlfilereader_with_invalid_invalid_root_elements" runstate="Runnable" result="Passed" duration="0.012999" asserts="0" />
                    </test-suite>
                    <test-suite type="TestFixture" id="6-1537" name="when_building_an_xmlfilereader_with_no_root_elements" fullname="EdFi.Ods.Tests.EdFi.Ods.BulkLoad.Core.IndexedXmlFileReaderTests.when_building_an_xmlfilereader_with_no_root_elements" classname="EdFi.Ods.Tests.EdFi.Ods.BulkLoad.Core.IndexedXmlFileReaderTests.when_building_an_xmlfilereader_with_no_root_elements" runstate="Runnable" testcasecount="1" result="Passed" duration="0.005138" total="1" passed="0" failed="0" inconclusive="0" skipped="0" asserts="0">
                      <test-case id="6-1538" name="it_should_index_all_elements" fullname="EdFi.Ods.Tests.EdFi.Ods.BulkLoad.Core.IndexedXmlFileReaderTests.when_building_an_xmlfilereader_with_no_root_elements.it_should_index_all_elements" methodname="it_should_index_all_elements" classname="EdFi.Ods.Tests.EdFi.Ods.BulkLoad.Core.IndexedXmlFileReaderTests.when_building_an_xmlfilereader_with_no_root_elements" runstate="Runnable" result="Passed" duration="0.004670" asserts="0" />
                    </test-suite>
                    <test-suite type="TestFixture" id="6-1528" name="When_finding_foreign_key_xElements" fullname="EdFi.Ods.Tests.EdFi.Ods.BulkLoad.Core.IndexedXmlFileReaderTests.When_finding_foreign_key_xElements" classname="EdFi.Ods.Tests.EdFi.Ods.BulkLoad.Core.IndexedXmlFileReaderTests.When_finding_foreign_key_xElements" runstate="Runnable" testcasecount="4" result="Passed" duration="0.010963" total="4" passed="0" failed="0" inconclusive="0" skipped="0" asserts="0">
                      <test-case id="6-1529" name="And_Given_Valid_Starting_Element_With_Identity_In_Element_And_Map_Should_Return_Value_Element" fullname="EdFi.Ods.Tests.EdFi.Ods.BulkLoad.Core.IndexedXmlFileReaderTests.When_finding_foreign_key_xElements.And_Given_Valid_Starting_Element_With_Identity_In_Element_And_Map_Should_Return_Value_Element" methodname="And_Given_Valid_Starting_Element_With_Identity_In_Element_And_Map_Should_Return_Value_Element" classname="EdFi.Ods.Tests.EdFi.Ods.BulkLoad.Core.IndexedXmlFileReaderTests.When_finding_foreign_key_xElements" runstate="Ignored" result="Skipped" label="Ignored" duration="0.000493" asserts="0">
                        <properties>
                          <property name="_IGNOREREASON" value="Test data is location specific" />
                        </properties>
                        <reason>
                          <message><![CDATA[Test data is location specific]]></message>
                        </reason>
                      </test-case>
                      <test-case id="6-1530" name="And_Given_Valid_Starting_Element_With_Reference_Id_In_Reference_Element_And_Map_Should_Return_Value_Element" fullname="EdFi.Ods.Tests.EdFi.Ods.BulkLoad.Core.IndexedXmlFileReaderTests.When_finding_foreign_key_xElements.And_Given_Valid_Starting_Element_With_Reference_Id_In_Reference_Element_And_Map_Should_Return_Value_Element" methodname="And_Given_Valid_Starting_Element_With_Reference_Id_In_Reference_Element_And_Map_Should_Return_Value_Element" classname="EdFi.Ods.Tests.EdFi.Ods.BulkLoad.Core.IndexedXmlFileReaderTests.When_finding_foreign_key_xElements" runstate="Ignored" result="Skipped" label="Ignored" duration="0.000010" asserts="0">
                        <properties>
                          <property name="_IGNOREREASON" value="Test data is location specific" />
                        </properties>
                        <reason>
                          <message><![CDATA[Test data is location specific]]></message>
                        </reason>
                      </test-case>
                      <test-case id="6-1531" name="If_Map_Is_Empty_Should_Return_null" fullname="EdFi.Ods.Tests.EdFi.Ods.BulkLoad.Core.IndexedXmlFileReaderTests.When_finding_foreign_key_xElements.If_Map_Is_Empty_Should_Return_null" methodname="If_Map_Is_Empty_Should_Return_null" classname="EdFi.Ods.Tests.EdFi.Ods.BulkLoad.Core.IndexedXmlFileReaderTests.When_finding_foreign_key_xElements" runstate="Runnable" result="Passed" duration="0.007996" asserts="0" />
                      <test-case id="6-1532" name="Should_Find_Descriptor_Extended_References_On_Base_Element" fullname="EdFi.Ods.Tests.EdFi.Ods.BulkLoad.Core.IndexedXmlFileReaderTests.When_finding_foreign_key_xElements.Should_Find_Descriptor_Extended_References_On_Base_Element" methodname="Should_Find_Descriptor_Extended_References_On_Base_Element" classname="EdFi.Ods.Tests.EdFi.Ods.BulkLoad.Core.IndexedXmlFileReaderTests.When_finding_foreign_key_xElements" runstate="Ignored" result="Skipped" label="Ignored" duration="0.000012" asserts="0">
                        <properties>
                          <property name="_IGNOREREASON" value="Test data is location specific" />
                        </properties>
                        <reason>
                          <message><![CDATA[Test data is location specific]]></message>
                        </reason>
                      </test-case>
                    </test-suite>
                    <test-suite type="TestFixture" id="6-1522" name="When_Finding_Section_Foreign_Keys_In_A_Referenced_Section_Reference_Element" fullname="EdFi.Ods.Tests.EdFi.Ods.BulkLoad.Core.IndexedXmlFileReaderTests.When_Finding_Section_Foreign_Keys_In_A_Referenced_Section_Reference_Element" classname="EdFi.Ods.Tests.EdFi.Ods.BulkLoad.Core.IndexedXmlFileReaderTests.When_Finding_Section_Foreign_Keys_In_A_Referenced_Section_Reference_Element" runstate="Ignored" testcasecount="1" result="Skipped" label="Ignored" duration="0.001913" total="1" passed="0" failed="0" inconclusive="0" skipped="0" asserts="0">
                      <properties>
                        <property name="_IGNOREREASON" value="Test data is location specific" />
                      </properties>
                      <reason>
                        <message><![CDATA[Test data is location specific]]></message>
                      </reason>
                      <test-case id="6-1523" name="Should_Navigate_To_And_Find_The_Values_From_The_Reference" fullname="EdFi.Ods.Tests.EdFi.Ods.BulkLoad.Core.IndexedXmlFileReaderTests.When_Finding_Section_Foreign_Keys_In_A_Referenced_Section_Reference_Element.Should_Navigate_To_And_Find_The_Values_From_The_Reference" methodname="Should_Navigate_To_And_Find_The_Values_From_The_Reference" classname="EdFi.Ods.Tests.EdFi.Ods.BulkLoad.Core.IndexedXmlFileReaderTests.When_Finding_Section_Foreign_Keys_In_A_Referenced_Section_Reference_Element" runstate="Ignored" result="Skipped" label="Ignored" duration="0.000000" asserts="0">
                        <properties>
                          <property name="_IGNOREREASON" value="Test data is location specific" />
                        </properties>
                        <reason>
                          <message><![CDATA[Test data is location specific]]></message>
                        </reason>
                      </test-case>
                    </test-suite>
                    <test-suite type="TestFixture" id="6-1526" name="when_getting_invalid_node_by_entity_on_an_xmlfilereader" fullname="EdFi.Ods.Tests.EdFi.Ods.BulkLoad.Core.IndexedXmlFileReaderTests.when_getting_invalid_node_by_entity_on_an_xmlfilereader" classname="EdFi.Ods.Tests.EdFi.Ods.BulkLoad.Core.IndexedXmlFileReaderTests.when_getting_invalid_node_by_entity_on_an_xmlfilereader" runstate="Runnable" testcasecount="1" result="Passed" duration="0.005893" total="1" passed="0" failed="0" inconclusive="0" skipped="0" asserts="0">
                      <test-case id="6-1527" name="it_should_return_null" fullname="EdFi.Ods.Tests.EdFi.Ods.BulkLoad.Core.IndexedXmlFileReaderTests.when_getting_invalid_node_by_entity_on_an_xmlfilereader.it_should_return_null" methodname="it_should_return_null" classname="EdFi.Ods.Tests.EdFi.Ods.BulkLoad.Core.IndexedXmlFileReaderTests.when_getting_invalid_node_by_entity_on_an_xmlfilereader" runstate="Runnable" result="Passed" duration="0.005359" asserts="0" />
                    </test-suite>
                    <test-suite type="TestFixture" id="6-1539" name="when_getting_node_by_entity_on_an_xmlfilereader" fullname="EdFi.Ods.Tests.EdFi.Ods.BulkLoad.Core.IndexedXmlFileReaderTests.when_getting_node_by_entity_on_an_xmlfilereader" classname="EdFi.Ods.Tests.EdFi.Ods.BulkLoad.Core.IndexedXmlFileReaderTests.when_getting_node_by_entity_on_an_xmlfilereader" runstate="Runnable" testcasecount="1" result="Passed" duration="0.005855" total="1" passed="0" failed="0" inconclusive="0" skipped="0" asserts="0">
                      <test-case id="6-1540" name="it_should_return_the_node" fullname="EdFi.Ods.Tests.EdFi.Ods.BulkLoad.Core.IndexedXmlFileReaderTests.when_getting_node_by_entity_on_an_xmlfilereader.it_should_return_the_node" methodname="it_should_return_the_node" classname="EdFi.Ods.Tests.EdFi.Ods.BulkLoad.Core.IndexedXmlFileReaderTests.when_getting_node_by_entity_on_an_xmlfilereader" runstate="Runnable" result="Passed" duration="0.005350" asserts="0" />
                    </test-suite>
                  </test-suite>
                  <test-suite type="TestFixture" id="6-2482" name="LoadAggregateResultTests+When_constructed_with_defaults" fullname="EdFi.Ods.Tests.EdFi.Ods.BulkLoad.Core.LoadAggregateResultTests+When_constructed_with_defaults" classname="EdFi.Ods.Tests.EdFi.Ods.BulkLoad.Core.LoadAggregateResultTests+When_constructed_with_defaults" runstate="Runnable" testcasecount="1" result="Passed" duration="0.000973" total="1" passed="0" failed="0" inconclusive="0" skipped="0" asserts="0">
                    <test-case id="6-2483" name="Should_have_zero_load_exceptions" fullname="EdFi.Ods.Tests.EdFi.Ods.BulkLoad.Core.LoadAggregateResultTests+When_constructed_with_defaults.Should_have_zero_load_exceptions" methodname="Should_have_zero_load_exceptions" classname="EdFi.Ods.Tests.EdFi.Ods.BulkLoad.Core.LoadAggregateResultTests+When_constructed_with_defaults" runstate="Runnable" result="Passed" duration="0.000412" asserts="0" />
                  </test-suite>
                  <test-suite type="TestFixture" id="6-2484" name="LoadResultTests+When_constructed_with_defaults" fullname="EdFi.Ods.Tests.EdFi.Ods.BulkLoad.Core.LoadResultTests+When_constructed_with_defaults" classname="EdFi.Ods.Tests.EdFi.Ods.BulkLoad.Core.LoadResultTests+When_constructed_with_defaults" runstate="Runnable" testcasecount="1" result="Passed" duration="0.002341" total="1" passed="0" failed="0" inconclusive="0" skipped="0" asserts="0">
                    <test-case id="6-2485" name="Should_have_zero_load_exceptions" fullname="EdFi.Ods.Tests.EdFi.Ods.BulkLoad.Core.LoadResultTests+When_constructed_with_defaults.Should_have_zero_load_exceptions" methodname="Should_have_zero_load_exceptions" classname="EdFi.Ods.Tests.EdFi.Ods.BulkLoad.Core.LoadResultTests+When_constructed_with_defaults" runstate="Runnable" result="Passed" duration="0.000295" asserts="0" />
                  </test-suite>
                  <test-suite type="Namespace" id="6-3337" name="Processing" fullname="EdFi.Ods.Tests.EdFi.Ods.BulkLoad.Core.Processing" runstate="Runnable" testcasecount="39" result="Passed" duration="31.152237" total="39" passed="0" failed="0" inconclusive="0" skipped="0" asserts="0">
                    <test-suite type="Namespace" id="6-3338" name="MergeStrategies" fullname="EdFi.Ods.Tests.EdFi.Ods.BulkLoad.Core.Processing.MergeStrategies" runstate="Runnable" testcasecount="4" result="Passed" duration="0.567235" total="4" passed="0" failed="0" inconclusive="0" skipped="0" asserts="0">
                      <test-suite type="TestFixture" id="6-1626" name="BulkMergeStrategyTests" fullname="EdFi.Ods.Tests.EdFi.Ods.BulkLoad.Core.Processing.MergeStrategies.BulkMergeStrategyTests" classname="EdFi.Ods.Tests.EdFi.Ods.BulkLoad.Core.Processing.MergeStrategies.BulkMergeStrategyTests" runstate="Runnable" testcasecount="4" result="Passed" duration="0.566840" total="4" passed="0" failed="0" inconclusive="0" skipped="0" asserts="0">
                        <test-case id="6-1627" name="Should_Have_Exactly_One_Strategy_Match" fullname="EdFi.Ods.Tests.EdFi.Ods.BulkLoad.Core.Processing.MergeStrategies.BulkMergeStrategyTests.Should_Have_Exactly_One_Strategy_Match" methodname="Should_Have_Exactly_One_Strategy_Match" classname="EdFi.Ods.Tests.EdFi.Ods.BulkLoad.Core.Processing.MergeStrategies.BulkMergeStrategyTests" runstate="Runnable" result="Passed" duration="0.017966" asserts="1746" />
                        <test-case id="6-1630" name="Should_Not_Send_Other_Entities_For_Special_Handling" fullname="EdFi.Ods.Tests.EdFi.Ods.BulkLoad.Core.Processing.MergeStrategies.BulkMergeStrategyTests.Should_Not_Send_Other_Entities_For_Special_Handling" methodname="Should_Not_Send_Other_Entities_For_Special_Handling" classname="EdFi.Ods.Tests.EdFi.Ods.BulkLoad.Core.Processing.MergeStrategies.BulkMergeStrategyTests" runstate="Runnable" result="Passed" duration="0.023229" asserts="1737" />
                        <test-case id="6-1629" name="Should_Send_Base_Descriptor_For_Special_Handling" fullname="EdFi.Ods.Tests.EdFi.Ods.BulkLoad.Core.Processing.MergeStrategies.BulkMergeStrategyTests.Should_Send_Base_Descriptor_For_Special_Handling" methodname="Should_Send_Base_Descriptor_For_Special_Handling" classname="EdFi.Ods.Tests.EdFi.Ods.BulkLoad.Core.Processing.MergeStrategies.BulkMergeStrategyTests" runstate="Runnable" result="Passed" duration="0.002544" asserts="0" />
                        <test-case id="6-1628" name="Should_Send_Persons_For_Special_Handling" fullname="EdFi.Ods.Tests.EdFi.Ods.BulkLoad.Core.Processing.MergeStrategies.BulkMergeStrategyTests.Should_Send_Persons_For_Special_Handling" methodname="Should_Send_Persons_For_Special_Handling" classname="EdFi.Ods.Tests.EdFi.Ods.BulkLoad.Core.Processing.MergeStrategies.BulkMergeStrategyTests" runstate="Runnable" result="Passed" duration="0.003019" asserts="9" />
                      </test-suite>
                    </test-suite>
                    <test-suite type="TestFixture" id="6-1624" name="When_executing_sql_and_an_exception_occurs" fullname="EdFi.Ods.Tests.EdFi.Ods.BulkLoad.Core.Processing.When_executing_sql_and_an_exception_occurs" classname="EdFi.Ods.Tests.EdFi.Ods.BulkLoad.Core.Processing.When_executing_sql_and_an_exception_occurs" runstate="Runnable" testcasecount="1" result="Passed" duration="1.066960" total="1" passed="0" failed="0" inconclusive="0" skipped="0" asserts="0">
                      <test-case id="6-1625" name="Should_Retry" fullname="EdFi.Ods.Tests.EdFi.Ods.BulkLoad.Core.Processing.When_executing_sql_and_an_exception_occurs.Should_Retry" methodname="Should_Retry" classname="EdFi.Ods.Tests.EdFi.Ods.BulkLoad.Core.Processing.When_executing_sql_and_an_exception_occurs" runstate="Runnable" result="Passed" duration="0.000135" asserts="0" />
                    </test-suite>
                    <test-suite type="TestFixture" id="6-1617" name="When_processing_a_domain_model_with_a_base_class_with_aggregate_children_that_have_dependencies" fullname="EdFi.Ods.Tests.EdFi.Ods.BulkLoad.Core.Processing.When_processing_a_domain_model_with_a_base_class_with_aggregate_children_that_have_dependencies" classname="EdFi.Ods.Tests.EdFi.Ods.BulkLoad.Core.Processing.When_processing_a_domain_model_with_a_base_class_with_aggregate_children_that_have_dependencies" runstate="Runnable" testcasecount="3" result="Passed" duration="0.209852" total="3" passed="0" failed="0" inconclusive="0" skipped="0" asserts="0">
                      <test-case id="6-1620" name="Should_process_base_aggregate_member_dependencies_before_all_derived_entities_have_been_processed_but_after_base_entity_root_with_context" fullname="EdFi.Ods.Tests.EdFi.Ods.BulkLoad.Core.Processing.When_processing_a_domain_model_with_a_base_class_with_aggregate_children_that_have_dependencies.Should_process_base_aggregate_member_dependencies_before_all_derived_entities_have_been_processed_but_after_base_entity_root_with_context" methodname="Should_process_base_aggregate_member_dependencies_before_all_derived_entities_have_been_processed_but_after_base_entity_root_with_context" classname="EdFi.Ods.Tests.EdFi.Ods.BulkLoad.Core.Processing.When_processing_a_domain_model_with_a_base_class_with_aggregate_children_that_have_dependencies" runstate="Runnable" result="Passed" duration="0.008066" asserts="6" />
                      <test-case id="6-1619" name="Should_process_base_entity_under_the_context_of_each_derived_entity_before_the_corresponding_derived_entity" fullname="EdFi.Ods.Tests.EdFi.Ods.BulkLoad.Core.Processing.When_processing_a_domain_model_with_a_base_class_with_aggregate_children_that_have_dependencies.Should_process_base_entity_under_the_context_of_each_derived_entity_before_the_corresponding_derived_entity" methodname="Should_process_base_entity_under_the_context_of_each_derived_entity_before_the_corresponding_derived_entity" classname="EdFi.Ods.Tests.EdFi.Ods.BulkLoad.Core.Processing.When_processing_a_domain_model_with_a_base_class_with_aggregate_children_that_have_dependencies" runstate="Runnable" result="Passed" duration="0.001673" asserts="3" />
                      <test-case id="6-1618" name="Should_process_the_concrete_base_entity_without_a_contextual_derived_entity" fullname="EdFi.Ods.Tests.EdFi.Ods.BulkLoad.Core.Processing.When_processing_a_domain_model_with_a_base_class_with_aggregate_children_that_have_dependencies.Should_process_the_concrete_base_entity_without_a_contextual_derived_entity" methodname="Should_process_the_concrete_base_entity_without_a_contextual_derived_entity" classname="EdFi.Ods.Tests.EdFi.Ods.BulkLoad.Core.Processing.When_processing_a_domain_model_with_a_base_class_with_aggregate_children_that_have_dependencies" runstate="Runnable" result="Passed" duration="0.001117" asserts="1" />
                    </test-suite>
                    <test-suite type="TestFixture" id="6-1590" name="When_processing_a_domain_model_with_a_single_entity" fullname="EdFi.Ods.Tests.EdFi.Ods.BulkLoad.Core.Processing.When_processing_a_domain_model_with_a_single_entity" classname="EdFi.Ods.Tests.EdFi.Ods.BulkLoad.Core.Processing.When_processing_a_domain_model_with_a_single_entity" runstate="Runnable" testcasecount="3" result="Passed" duration="0.112150" total="3" passed="0" failed="0" inconclusive="0" skipped="0" asserts="0">
                      <test-case id="6-1593" name="Should_execute_each_merge_activity_on_the_entity_using_only_the_combined_Merge_data_operation" fullname="EdFi.Ods.Tests.EdFi.Ods.BulkLoad.Core.Processing.When_processing_a_domain_model_with_a_single_entity.Should_execute_each_merge_activity_on_the_entity_using_only_the_combined_Merge_data_operation" methodname="Should_execute_each_merge_activity_on_the_entity_using_only_the_combined_Merge_data_operation" classname="EdFi.Ods.Tests.EdFi.Ods.BulkLoad.Core.Processing.When_processing_a_domain_model_with_a_single_entity" runstate="Runnable" result="Passed" duration="0.033358" asserts="0" />
                      <test-case id="6-1591" name="Should_give_execution_graph_transformers_the_opportunity_to_transform_the_graph" fullname="EdFi.Ods.Tests.EdFi.Ods.BulkLoad.Core.Processing.When_processing_a_domain_model_with_a_single_entity.Should_give_execution_graph_transformers_the_opportunity_to_transform_the_graph" methodname="Should_give_execution_graph_transformers_the_opportunity_to_transform_the_graph" classname="EdFi.Ods.Tests.EdFi.Ods.BulkLoad.Core.Processing.When_processing_a_domain_model_with_a_single_entity" runstate="Runnable" result="Passed" duration="0.008269" asserts="0" />
                      <test-case id="6-1592" name="Should_transform_the_entity_graph_vertices_into_bulk_operations_with_Create_and_Update_operations" fullname="EdFi.Ods.Tests.EdFi.Ods.BulkLoad.Core.Processing.When_processing_a_domain_model_with_a_single_entity.Should_transform_the_entity_graph_vertices_into_bulk_operations_with_Create_and_Update_operations" methodname="Should_transform_the_entity_graph_vertices_into_bulk_operations_with_Create_and_Update_operations" classname="EdFi.Ods.Tests.EdFi.Ods.BulkLoad.Core.Processing.When_processing_a_domain_model_with_a_single_entity" runstate="Runnable" result="Passed" duration="0.004449" asserts="0" />
                    </test-suite>
                    <test-suite type="TestFixture" id="6-1621" name="When_processing_a_domain_model_with_all_entities_representing_with_additional_operation_level_dependencies" fullname="EdFi.Ods.Tests.EdFi.Ods.BulkLoad.Core.Processing.When_processing_a_domain_model_with_all_entities_representing_with_additional_operation_level_dependencies" classname="EdFi.Ods.Tests.EdFi.Ods.BulkLoad.Core.Processing.When_processing_a_domain_model_with_all_entities_representing_with_additional_operation_level_dependencies" runstate="Runnable" testcasecount="2" result="Passed" duration="28.993980" total="2" passed="0" failed="0" inconclusive="0" skipped="0" asserts="0">
                      <test-case id="6-1623" name="Should_process_child_entities_for_the_operations_of_its_root" fullname="EdFi.Ods.Tests.EdFi.Ods.BulkLoad.Core.Processing.When_processing_a_domain_model_with_all_entities_representing_with_additional_operation_level_dependencies.Should_process_child_entities_for_the_operations_of_its_root" methodname="Should_process_child_entities_for_the_operations_of_its_root" classname="EdFi.Ods.Tests.EdFi.Ods.BulkLoad.Core.Processing.When_processing_a_domain_model_with_all_entities_representing_with_additional_operation_level_dependencies" runstate="Runnable" result="Passed" duration="0.007698" asserts="5" />
                      <test-case id="6-1622" name="Should_process_the_entities_in_dependency_order_within_the_aggregates" fullname="EdFi.Ods.Tests.EdFi.Ods.BulkLoad.Core.Processing.When_processing_a_domain_model_with_all_entities_representing_with_additional_operation_level_dependencies.Should_process_the_entities_in_dependency_order_within_the_aggregates" methodname="Should_process_the_entities_in_dependency_order_within_the_aggregates" classname="EdFi.Ods.Tests.EdFi.Ods.BulkLoad.Core.Processing.When_processing_a_domain_model_with_all_entities_representing_with_additional_operation_level_dependencies" runstate="Runnable" result="Passed" duration="0.002380" asserts="2" />
                    </test-suite>
                    <test-suite type="TestFixture" id="6-1613" name="When_processing_a_domain_model_with_an_abstract_base_class_with_aggregate_children_that_have_dependencies" fullname="EdFi.Ods.Tests.EdFi.Ods.BulkLoad.Core.Processing.When_processing_a_domain_model_with_an_abstract_base_class_with_aggregate_children_that_have_dependencies" classname="EdFi.Ods.Tests.EdFi.Ods.BulkLoad.Core.Processing.When_processing_a_domain_model_with_an_abstract_base_class_with_aggregate_children_that_have_dependencies" runstate="Runnable" testcasecount="3" result="Passed" duration="0.014551" total="3" passed="0" failed="0" inconclusive="0" skipped="0" asserts="0">
                      <test-case id="6-1614" name="Should_never_process_the_abstract_entity_without_a_contextual_concrete_derived_entity" fullname="EdFi.Ods.Tests.EdFi.Ods.BulkLoad.Core.Processing.When_processing_a_domain_model_with_an_abstract_base_class_with_aggregate_children_that_have_dependencies.Should_never_process_the_abstract_entity_without_a_contextual_concrete_derived_entity" methodname="Should_never_process_the_abstract_entity_without_a_contextual_concrete_derived_entity" classname="EdFi.Ods.Tests.EdFi.Ods.BulkLoad.Core.Processing.When_processing_a_domain_model_with_an_abstract_base_class_with_aggregate_children_that_have_dependencies" runstate="Runnable" result="Passed" duration="0.001653" asserts="1" />
                      <test-case id="6-1616" name="Should_process_abstract_aggregate_member_dependencies_before_all_derived_entities_have_been_processed_but_after_abstract_entity_root_with_context" fullname="EdFi.Ods.Tests.EdFi.Ods.BulkLoad.Core.Processing.When_processing_a_domain_model_with_an_abstract_base_class_with_aggregate_children_that_have_dependencies.Should_process_abstract_aggregate_member_dependencies_before_all_derived_entities_have_been_processed_but_after_abstract_entity_root_with_context" methodname="Should_process_abstract_aggregate_member_dependencies_before_all_derived_entities_have_been_processed_but_after_abstract_entity_root_with_context" classname="EdFi.Ods.Tests.EdFi.Ods.BulkLoad.Core.Processing.When_processing_a_domain_model_with_an_abstract_base_class_with_aggregate_children_that_have_dependencies" runstate="Runnable" result="Passed" duration="0.002833" asserts="6" />
                      <test-case id="6-1615" name="Should_process_base_entity_under_the_context_of_each_derived_entity_before_the_corresponding_derived_entity" fullname="EdFi.Ods.Tests.EdFi.Ods.BulkLoad.Core.Processing.When_processing_a_domain_model_with_an_abstract_base_class_with_aggregate_children_that_have_dependencies.Should_process_base_entity_under_the_context_of_each_derived_entity_before_the_corresponding_derived_entity" methodname="Should_process_base_entity_under_the_context_of_each_derived_entity_before_the_corresponding_derived_entity" classname="EdFi.Ods.Tests.EdFi.Ods.BulkLoad.Core.Processing.When_processing_a_domain_model_with_an_abstract_base_class_with_aggregate_children_that_have_dependencies" runstate="Runnable" result="Passed" duration="0.001646" asserts="3" />
                    </test-suite>
                    <test-suite type="TestFixture" id="6-1583" name="When_processing_a_domain_model_with_an_abstract_base_class_with_direct_dependents" fullname="EdFi.Ods.Tests.EdFi.Ods.BulkLoad.Core.Processing.When_processing_a_domain_model_with_an_abstract_base_class_with_direct_dependents" classname="EdFi.Ods.Tests.EdFi.Ods.BulkLoad.Core.Processing.When_processing_a_domain_model_with_an_abstract_base_class_with_direct_dependents" runstate="Runnable" testcasecount="4" result="Passed" duration="0.027351" total="4" passed="0" failed="0" inconclusive="0" skipped="0" asserts="0">
                      <test-case id="6-1584" name="Should_never_process_the_abstract_entity_without_a_contextual_concrete_derived_entity" fullname="EdFi.Ods.Tests.EdFi.Ods.BulkLoad.Core.Processing.When_processing_a_domain_model_with_an_abstract_base_class_with_direct_dependents.Should_never_process_the_abstract_entity_without_a_contextual_concrete_derived_entity" methodname="Should_never_process_the_abstract_entity_without_a_contextual_concrete_derived_entity" classname="EdFi.Ods.Tests.EdFi.Ods.BulkLoad.Core.Processing.When_processing_a_domain_model_with_an_abstract_base_class_with_direct_dependents" runstate="Runnable" result="Passed" duration="0.001268" asserts="1" />
                      <test-case id="6-1585" name="Should_process_base_entity_under_the_context_of_each_derived_entity_before_the_corresponding_derived_entity" fullname="EdFi.Ods.Tests.EdFi.Ods.BulkLoad.Core.Processing.When_processing_a_domain_model_with_an_abstract_base_class_with_direct_dependents.Should_process_base_entity_under_the_context_of_each_derived_entity_before_the_corresponding_derived_entity" methodname="Should_process_base_entity_under_the_context_of_each_derived_entity_before_the_corresponding_derived_entity" classname="EdFi.Ods.Tests.EdFi.Ods.BulkLoad.Core.Processing.When_processing_a_domain_model_with_an_abstract_base_class_with_direct_dependents" runstate="Runnable" result="Passed" duration="0.002727" asserts="3" />
                      <test-case id="6-1586" name="Should_process_base_entity_under_the_context_of_each_derived_entity_while_respecting_the_derived_entity_interdependencies" fullname="EdFi.Ods.Tests.EdFi.Ods.BulkLoad.Core.Processing.When_processing_a_domain_model_with_an_abstract_base_class_with_direct_dependents.Should_process_base_entity_under_the_context_of_each_derived_entity_while_respecting_the_derived_entity_interdependencies" methodname="Should_process_base_entity_under_the_context_of_each_derived_entity_while_respecting_the_derived_entity_interdependencies" classname="EdFi.Ods.Tests.EdFi.Ods.BulkLoad.Core.Processing.When_processing_a_domain_model_with_an_abstract_base_class_with_direct_dependents" runstate="Runnable" result="Passed" duration="0.001426" asserts="3" />
                      <test-case id="6-1587" name="Should_process_other_base_dependencies_after_all_derived_entities_have_been_processed" fullname="EdFi.Ods.Tests.EdFi.Ods.BulkLoad.Core.Processing.When_processing_a_domain_model_with_an_abstract_base_class_with_direct_dependents.Should_process_other_base_dependencies_after_all_derived_entities_have_been_processed" methodname="Should_process_other_base_dependencies_after_all_derived_entities_have_been_processed" classname="EdFi.Ods.Tests.EdFi.Ods.BulkLoad.Core.Processing.When_processing_a_domain_model_with_an_abstract_base_class_with_direct_dependents" runstate="Runnable" result="Passed" duration="0.001491" asserts="3" />
                    </test-suite>
                    <test-suite type="TestFixture" id="6-1609" name="When_processing_a_domain_model_with_an_abstract_base_class_with_direct_dependents2" fullname="EdFi.Ods.Tests.EdFi.Ods.BulkLoad.Core.Processing.When_processing_a_domain_model_with_an_abstract_base_class_with_direct_dependents2" classname="EdFi.Ods.Tests.EdFi.Ods.BulkLoad.Core.Processing.When_processing_a_domain_model_with_an_abstract_base_class_with_direct_dependents2" runstate="Runnable" testcasecount="3" result="Passed" duration="0.019722" total="3" passed="0" failed="0" inconclusive="0" skipped="0" asserts="0">
                      <test-case id="6-1610" name="Should_never_process_the_abstract_entity_without_a_contextual_concrete_derived_entity" fullname="EdFi.Ods.Tests.EdFi.Ods.BulkLoad.Core.Processing.When_processing_a_domain_model_with_an_abstract_base_class_with_direct_dependents2.Should_never_process_the_abstract_entity_without_a_contextual_concrete_derived_entity" methodname="Should_never_process_the_abstract_entity_without_a_contextual_concrete_derived_entity" classname="EdFi.Ods.Tests.EdFi.Ods.BulkLoad.Core.Processing.When_processing_a_domain_model_with_an_abstract_base_class_with_direct_dependents2" runstate="Runnable" result="Passed" duration="0.001406" asserts="1" />
                      <test-case id="6-1611" name="Should_process_base_entity_under_the_context_of_each_derived_entity_before_the_corresponding_derived_entity" fullname="EdFi.Ods.Tests.EdFi.Ods.BulkLoad.Core.Processing.When_processing_a_domain_model_with_an_abstract_base_class_with_direct_dependents2.Should_process_base_entity_under_the_context_of_each_derived_entity_before_the_corresponding_derived_entity" methodname="Should_process_base_entity_under_the_context_of_each_derived_entity_before_the_corresponding_derived_entity" classname="EdFi.Ods.Tests.EdFi.Ods.BulkLoad.Core.Processing.When_processing_a_domain_model_with_an_abstract_base_class_with_direct_dependents2" runstate="Runnable" result="Passed" duration="0.003092" asserts="3" />
                      <test-case id="6-1612" name="Should_process_base_entity_under_the_context_of_each_derived_entity_while_respecting_the_derived_entity_interdependencies" fullname="EdFi.Ods.Tests.EdFi.Ods.BulkLoad.Core.Processing.When_processing_a_domain_model_with_an_abstract_base_class_with_direct_dependents2.Should_process_base_entity_under_the_context_of_each_derived_entity_while_respecting_the_derived_entity_interdependencies" methodname="Should_process_base_entity_under_the_context_of_each_derived_entity_while_respecting_the_derived_entity_interdependencies" classname="EdFi.Ods.Tests.EdFi.Ods.BulkLoad.Core.Processing.When_processing_a_domain_model_with_an_abstract_base_class_with_direct_dependents2" runstate="Runnable" result="Passed" duration="0.001408" asserts="3" />
                    </test-suite>
                    <test-suite type="TestFixture" id="6-1576" name="When_processing_a_domain_model_with_an_abstract_class" fullname="EdFi.Ods.Tests.EdFi.Ods.BulkLoad.Core.Processing.When_processing_a_domain_model_with_an_abstract_class" classname="EdFi.Ods.Tests.EdFi.Ods.BulkLoad.Core.Processing.When_processing_a_domain_model_with_an_abstract_class" runstate="Runnable" testcasecount="1" result="Passed" duration="0.012948" total="1" passed="0" failed="0" inconclusive="0" skipped="0" asserts="0">
                      <test-case id="6-1577" name="Should_process_base_class_before_derived_class_and_its_dependencies" fullname="EdFi.Ods.Tests.EdFi.Ods.BulkLoad.Core.Processing.When_processing_a_domain_model_with_an_abstract_class.Should_process_base_class_before_derived_class_and_its_dependencies" methodname="Should_process_base_class_before_derived_class_and_its_dependencies" classname="EdFi.Ods.Tests.EdFi.Ods.BulkLoad.Core.Processing.When_processing_a_domain_model_with_an_abstract_class" runstate="Runnable" result="Passed" duration="0.003356" asserts="3" />
                    </test-suite>
                    <test-suite type="TestFixture" id="6-1578" name="When_processing_a_domain_model_with_an_concrete_base_class_with_direct_dependents" fullname="EdFi.Ods.Tests.EdFi.Ods.BulkLoad.Core.Processing.When_processing_a_domain_model_with_an_concrete_base_class_with_direct_dependents" classname="EdFi.Ods.Tests.EdFi.Ods.BulkLoad.Core.Processing.When_processing_a_domain_model_with_an_concrete_base_class_with_direct_dependents" runstate="Runnable" testcasecount="4" result="Passed" duration="0.017447" total="4" passed="0" failed="0" inconclusive="0" skipped="0" asserts="0">
                      <test-case id="6-1580" name="Should_process_base_entity_under_the_context_of_each_derived_entity_before_the_corresponding_derived_entity" fullname="EdFi.Ods.Tests.EdFi.Ods.BulkLoad.Core.Processing.When_processing_a_domain_model_with_an_concrete_base_class_with_direct_dependents.Should_process_base_entity_under_the_context_of_each_derived_entity_before_the_corresponding_derived_entity" methodname="Should_process_base_entity_under_the_context_of_each_derived_entity_before_the_corresponding_derived_entity" classname="EdFi.Ods.Tests.EdFi.Ods.BulkLoad.Core.Processing.When_processing_a_domain_model_with_an_concrete_base_class_with_direct_dependents" runstate="Runnable" result="Passed" duration="0.002281" asserts="3" />
                      <test-case id="6-1581" name="Should_process_base_entity_under_the_context_of_each_derived_entity_while_respecting_the_derived_entity_interdependencies" fullname="EdFi.Ods.Tests.EdFi.Ods.BulkLoad.Core.Processing.When_processing_a_domain_model_with_an_concrete_base_class_with_direct_dependents.Should_process_base_entity_under_the_context_of_each_derived_entity_while_respecting_the_derived_entity_interdependencies" methodname="Should_process_base_entity_under_the_context_of_each_derived_entity_while_respecting_the_derived_entity_interdependencies" classname="EdFi.Ods.Tests.EdFi.Ods.BulkLoad.Core.Processing.When_processing_a_domain_model_with_an_concrete_base_class_with_direct_dependents" runstate="Runnable" result="Passed" duration="0.001151" asserts="1" />
                      <test-case id="6-1582" name="Should_process_other_base_dependencies_after_all_derived_entities_have_been_processed" fullname="EdFi.Ods.Tests.EdFi.Ods.BulkLoad.Core.Processing.When_processing_a_domain_model_with_an_concrete_base_class_with_direct_dependents.Should_process_other_base_dependencies_after_all_derived_entities_have_been_processed" methodname="Should_process_other_base_dependencies_after_all_derived_entities_have_been_processed" classname="EdFi.Ods.Tests.EdFi.Ods.BulkLoad.Core.Processing.When_processing_a_domain_model_with_an_concrete_base_class_with_direct_dependents" runstate="Runnable" result="Passed" duration="0.001921" asserts="3" />
                      <test-case id="6-1579" name="Should_process_the_concrete_base_entity_without_a_contextual_derived_entity" fullname="EdFi.Ods.Tests.EdFi.Ods.BulkLoad.Core.Processing.When_processing_a_domain_model_with_an_concrete_base_class_with_direct_dependents.Should_process_the_concrete_base_entity_without_a_contextual_derived_entity" methodname="Should_process_the_concrete_base_entity_without_a_contextual_derived_entity" classname="EdFi.Ods.Tests.EdFi.Ods.BulkLoad.Core.Processing.When_processing_a_domain_model_with_an_concrete_base_class_with_direct_dependents" runstate="Runnable" result="Passed" duration="0.001117" asserts="1" />
                    </test-suite>
                    <test-suite type="TestFixture" id="6-1588" name="When_processing_a_domain_model_with_an_entity_with_a_self_referencing_relationship" fullname="EdFi.Ods.Tests.EdFi.Ods.BulkLoad.Core.Processing.When_processing_a_domain_model_with_an_entity_with_a_self_referencing_relationship" classname="EdFi.Ods.Tests.EdFi.Ods.BulkLoad.Core.Processing.When_processing_a_domain_model_with_an_entity_with_a_self_referencing_relationship" runstate="Runnable" testcasecount="1" result="Passed" duration="0.012334" total="1" passed="0" failed="0" inconclusive="0" skipped="0" asserts="0">
                      <test-case id="6-1589" name="Should_process_the_entities_in_dependency_order_ignoring_the_self_recursive_dependency" fullname="EdFi.Ods.Tests.EdFi.Ods.BulkLoad.Core.Processing.When_processing_a_domain_model_with_an_entity_with_a_self_referencing_relationship.Should_process_the_entities_in_dependency_order_ignoring_the_self_recursive_dependency" methodname="Should_process_the_entities_in_dependency_order_ignoring_the_self_recursive_dependency" classname="EdFi.Ods.Tests.EdFi.Ods.BulkLoad.Core.Processing.When_processing_a_domain_model_with_an_entity_with_a_self_referencing_relationship" runstate="Runnable" result="Passed" duration="0.001423" asserts="3" />
                    </test-suite>
                    <test-suite type="TestFixture" id="6-1596" name="When_processing_a_domain_model_with_entities_representing_a_many_to_many_relationship" fullname="EdFi.Ods.Tests.EdFi.Ods.BulkLoad.Core.Processing.When_processing_a_domain_model_with_entities_representing_a_many_to_many_relationship" classname="EdFi.Ods.Tests.EdFi.Ods.BulkLoad.Core.Processing.When_processing_a_domain_model_with_entities_representing_a_many_to_many_relationship" runstate="Runnable" testcasecount="2" result="Passed" duration="0.012472" total="2" passed="0" failed="0" inconclusive="0" skipped="0" asserts="0">
                      <test-case id="6-1597" name="Should_process_both_parents_first_using_Merge_operation" fullname="EdFi.Ods.Tests.EdFi.Ods.BulkLoad.Core.Processing.When_processing_a_domain_model_with_entities_representing_a_many_to_many_relationship.Should_process_both_parents_first_using_Merge_operation" methodname="Should_process_both_parents_first_using_Merge_operation" classname="EdFi.Ods.Tests.EdFi.Ods.BulkLoad.Core.Processing.When_processing_a_domain_model_with_entities_representing_a_many_to_many_relationship" runstate="Runnable" result="Passed" duration="0.001147" asserts="1" />
                      <test-case id="6-1598" name="Should_process_the_child_entity_last" fullname="EdFi.Ods.Tests.EdFi.Ods.BulkLoad.Core.Processing.When_processing_a_domain_model_with_entities_representing_a_many_to_many_relationship.Should_process_the_child_entity_last" methodname="Should_process_the_child_entity_last" classname="EdFi.Ods.Tests.EdFi.Ods.BulkLoad.Core.Processing.When_processing_a_domain_model_with_entities_representing_a_many_to_many_relationship" runstate="Runnable" result="Passed" duration="0.000893" asserts="1" />
                    </test-suite>
                    <test-suite type="TestFixture" id="6-1599" name="When_processing_a_domain_model_with_entities_representing_a_many_to_many_relationship_with_additional_operation_level_dependencies" fullname="EdFi.Ods.Tests.EdFi.Ods.BulkLoad.Core.Processing.When_processing_a_domain_model_with_entities_representing_a_many_to_many_relationship_with_additional_operation_level_dependencies" classname="EdFi.Ods.Tests.EdFi.Ods.BulkLoad.Core.Processing.When_processing_a_domain_model_with_entities_representing_a_many_to_many_relationship_with_additional_operation_level_dependencies" runstate="Runnable" testcasecount="3" result="Passed" duration="0.023085" total="3" passed="0" failed="0" inconclusive="0" skipped="0" asserts="0">
                      <test-case id="6-1601" name="Should_process_the_entities_in_dependency_order_based_on_operation_dependencies_added_by_an_injected_graph_transformer" fullname="EdFi.Ods.Tests.EdFi.Ods.BulkLoad.Core.Processing.When_processing_a_domain_model_with_entities_representing_a_many_to_many_relationship_with_additional_operation_level_dependencies.Should_process_the_entities_in_dependency_order_based_on_operation_dependencies_added_by_an_injected_graph_transformer" methodname="Should_process_the_entities_in_dependency_order_based_on_operation_dependencies_added_by_an_injected_graph_transformer" classname="EdFi.Ods.Tests.EdFi.Ods.BulkLoad.Core.Processing.When_processing_a_domain_model_with_entities_representing_a_many_to_many_relationship_with_additional_operation_level_dependencies" runstate="Runnable" result="Passed" duration="0.004495" asserts="3" />
                      <test-case id="6-1600" name="Should_process_the_entities_in_dependency_order_within_the_aggregates" fullname="EdFi.Ods.Tests.EdFi.Ods.BulkLoad.Core.Processing.When_processing_a_domain_model_with_entities_representing_a_many_to_many_relationship_with_additional_operation_level_dependencies.Should_process_the_entities_in_dependency_order_within_the_aggregates" methodname="Should_process_the_entities_in_dependency_order_within_the_aggregates" classname="EdFi.Ods.Tests.EdFi.Ods.BulkLoad.Core.Processing.When_processing_a_domain_model_with_entities_representing_a_many_to_many_relationship_with_additional_operation_level_dependencies" runstate="Runnable" result="Passed" duration="0.001835" asserts="2" />
                      <test-case id="6-1602" name="Should_wait_to_process_entities_as_a_combined_merge_operation_even_if_the_create_operation_must_be_deferred_due_to_other_dependencies" fullname="EdFi.Ods.Tests.EdFi.Ods.BulkLoad.Core.Processing.When_processing_a_domain_model_with_entities_representing_a_many_to_many_relationship_with_additional_operation_level_dependencies.Should_wait_to_process_entities_as_a_combined_merge_operation_even_if_the_create_operation_must_be_deferred_due_to_other_dependencies" methodname="Should_wait_to_process_entities_as_a_combined_merge_operation_even_if_the_create_operation_must_be_deferred_due_to_other_dependencies" classname="EdFi.Ods.Tests.EdFi.Ods.BulkLoad.Core.Processing.When_processing_a_domain_model_with_entities_representing_a_many_to_many_relationship_with_additional_operation_level_dependencies" runstate="Runnable" result="Passed" duration="0.001092" asserts="2" />
                    </test-suite>
                    <test-suite type="TestFixture" id="6-1607" name="When_processing_an_execution_graph_with_circular_dependencies" fullname="EdFi.Ods.Tests.EdFi.Ods.BulkLoad.Core.Processing.When_processing_an_execution_graph_with_circular_dependencies" classname="EdFi.Ods.Tests.EdFi.Ods.BulkLoad.Core.Processing.When_processing_an_execution_graph_with_circular_dependencies" runstate="Runnable" testcasecount="1" result="Passed" duration="0.008220" total="1" passed="0" failed="0" inconclusive="0" skipped="0" asserts="0">
                      <test-case id="6-1608" name="Should_throw_graph_exception" fullname="EdFi.Ods.Tests.EdFi.Ods.BulkLoad.Core.Processing.When_processing_an_execution_graph_with_circular_dependencies.Should_throw_graph_exception" methodname="Should_throw_graph_exception" classname="EdFi.Ods.Tests.EdFi.Ods.BulkLoad.Core.Processing.When_processing_an_execution_graph_with_circular_dependencies" runstate="Runnable" result="Passed" duration="0.000471" asserts="1" />
                    </test-suite>
                    <test-suite type="TestFixture" id="6-1594" name="When_processing_an_execution_graph_with_multiple_linearly_connected_vertices" fullname="EdFi.Ods.Tests.EdFi.Ods.BulkLoad.Core.Processing.When_processing_an_execution_graph_with_multiple_linearly_connected_vertices" classname="EdFi.Ods.Tests.EdFi.Ods.BulkLoad.Core.Processing.When_processing_an_execution_graph_with_multiple_linearly_connected_vertices" runstate="Runnable" testcasecount="1" result="Passed" duration="0.011594" total="1" passed="0" failed="0" inconclusive="0" skipped="0" asserts="0">
                      <test-case id="6-1595" name="Should_process_the_entities_in_dependency_order" fullname="EdFi.Ods.Tests.EdFi.Ods.BulkLoad.Core.Processing.When_processing_an_execution_graph_with_multiple_linearly_connected_vertices.Should_process_the_entities_in_dependency_order" methodname="Should_process_the_entities_in_dependency_order" classname="EdFi.Ods.Tests.EdFi.Ods.BulkLoad.Core.Processing.When_processing_an_execution_graph_with_multiple_linearly_connected_vertices" runstate="Runnable" result="Passed" duration="0.001436" asserts="3" />
                    </test-suite>
                    <test-suite type="TestFixture" id="6-1603" name="When_processing_an_execution_graph_with_multiple_linearly_connected_vertices_with_children" fullname="EdFi.Ods.Tests.EdFi.Ods.BulkLoad.Core.Processing.When_processing_an_execution_graph_with_multiple_linearly_connected_vertices_with_children" classname="EdFi.Ods.Tests.EdFi.Ods.BulkLoad.Core.Processing.When_processing_an_execution_graph_with_multiple_linearly_connected_vertices_with_children" runstate="Runnable" testcasecount="3" result="Passed" duration="0.020403" total="3" passed="0" failed="0" inconclusive="0" skipped="0" asserts="0">
                      <test-case id="6-1604" name="Should_process_first_aggregate_root_first" fullname="EdFi.Ods.Tests.EdFi.Ods.BulkLoad.Core.Processing.When_processing_an_execution_graph_with_multiple_linearly_connected_vertices_with_children.Should_process_first_aggregate_root_first" methodname="Should_process_first_aggregate_root_first" classname="EdFi.Ods.Tests.EdFi.Ods.BulkLoad.Core.Processing.When_processing_an_execution_graph_with_multiple_linearly_connected_vertices_with_children" runstate="Runnable" result="Passed" duration="0.000949" asserts="1" />
                      <test-case id="6-1605" name="Should_process_first_aggregates_children_in_dependency_order_within_the_aggregate" fullname="EdFi.Ods.Tests.EdFi.Ods.BulkLoad.Core.Processing.When_processing_an_execution_graph_with_multiple_linearly_connected_vertices_with_children.Should_process_first_aggregates_children_in_dependency_order_within_the_aggregate" methodname="Should_process_first_aggregates_children_in_dependency_order_within_the_aggregate" classname="EdFi.Ods.Tests.EdFi.Ods.BulkLoad.Core.Processing.When_processing_an_execution_graph_with_multiple_linearly_connected_vertices_with_children" runstate="Runnable" result="Passed" duration="0.001899" asserts="2" />
                      <test-case id="6-1606" name="Should_process_the_second_aggregate_only_after_all_the_first_aggregates_children_have_been_processed" fullname="EdFi.Ods.Tests.EdFi.Ods.BulkLoad.Core.Processing.When_processing_an_execution_graph_with_multiple_linearly_connected_vertices_with_children.Should_process_the_second_aggregate_only_after_all_the_first_aggregates_children_have_been_processed" methodname="Should_process_the_second_aggregate_only_after_all_the_first_aggregates_children_have_been_processed" classname="EdFi.Ods.Tests.EdFi.Ods.BulkLoad.Core.Processing.When_processing_an_execution_graph_with_multiple_linearly_connected_vertices_with_children" runstate="Runnable" result="Passed" duration="0.001282" asserts="1" />
                    </test-suite>
                  </test-suite>
                  <test-suite type="TestFixture" id="6-2489" name="UploadFilePersistenceResultTests+When_creating_result_for_failure" fullname="EdFi.Ods.Tests.EdFi.Ods.BulkLoad.Core.UploadFilePersistenceResultTests+When_creating_result_for_failure" classname="EdFi.Ods.Tests.EdFi.Ods.BulkLoad.Core.UploadFilePersistenceResultTests+When_creating_result_for_failure" runstate="Runnable" testcasecount="2" result="Passed" duration="0.002456" total="2" passed="0" failed="0" inconclusive="0" skipped="0" asserts="0">
                    <test-case id="6-2490" name="Should_indicate_failure" fullname="EdFi.Ods.Tests.EdFi.Ods.BulkLoad.Core.UploadFilePersistenceResultTests+When_creating_result_for_failure.Should_indicate_failure" methodname="Should_indicate_failure" classname="EdFi.Ods.Tests.EdFi.Ods.BulkLoad.Core.UploadFilePersistenceResultTests+When_creating_result_for_failure" runstate="Runnable" result="Passed" duration="0.000235" asserts="0" />
                    <test-case id="6-2491" name="Should_provide_failure_message" fullname="EdFi.Ods.Tests.EdFi.Ods.BulkLoad.Core.UploadFilePersistenceResultTests+When_creating_result_for_failure.Should_provide_failure_message" methodname="Should_provide_failure_message" classname="EdFi.Ods.Tests.EdFi.Ods.BulkLoad.Core.UploadFilePersistenceResultTests+When_creating_result_for_failure" runstate="Runnable" result="Passed" duration="0.000537" asserts="0" />
                  </test-suite>
                  <test-suite type="TestFixture" id="6-2486" name="UploadFilePersistenceResultTests+When_creating_result_with_success" fullname="EdFi.Ods.Tests.EdFi.Ods.BulkLoad.Core.UploadFilePersistenceResultTests+When_creating_result_with_success" classname="EdFi.Ods.Tests.EdFi.Ods.BulkLoad.Core.UploadFilePersistenceResultTests+When_creating_result_with_success" runstate="Runnable" testcasecount="2" result="Passed" duration="0.002330" total="2" passed="0" failed="0" inconclusive="0" skipped="0" asserts="0">
                    <test-case id="6-2487" name="Should_indicate_succes" fullname="EdFi.Ods.Tests.EdFi.Ods.BulkLoad.Core.UploadFilePersistenceResultTests+When_creating_result_with_success.Should_indicate_succes" methodname="Should_indicate_succes" classname="EdFi.Ods.Tests.EdFi.Ods.BulkLoad.Core.UploadFilePersistenceResultTests+When_creating_result_with_success" runstate="Runnable" result="Passed" duration="0.000317" asserts="0" />
                    <test-case id="6-2488" name="Should_provide_file_path" fullname="EdFi.Ods.Tests.EdFi.Ods.BulkLoad.Core.UploadFilePersistenceResultTests+When_creating_result_with_success.Should_provide_file_path" methodname="Should_provide_file_path" classname="EdFi.Ods.Tests.EdFi.Ods.BulkLoad.Core.UploadFilePersistenceResultTests+When_creating_result_with_success" runstate="Runnable" result="Passed" duration="0.000291" asserts="0" />
                  </test-suite>
                  <test-suite type="TestFixture" id="6-1472" name="When_attempting_to_load_files_not_set_to_ready" fullname="EdFi.Ods.Tests.EdFi.Ods.BulkLoad.Core.When_attempting_to_load_files_not_set_to_ready" classname="EdFi.Ods.Tests.EdFi.Ods.BulkLoad.Core.When_attempting_to_load_files_not_set_to_ready" runstate="Runnable" testcasecount="1" result="Passed" duration="0.215612" total="1" passed="0" failed="0" inconclusive="0" skipped="0" asserts="0">
                    <test-case id="6-1473" name="Should_persist_exception" fullname="EdFi.Ods.Tests.EdFi.Ods.BulkLoad.Core.When_attempting_to_load_files_not_set_to_ready.Should_persist_exception" methodname="Should_persist_exception" classname="EdFi.Ods.Tests.EdFi.Ods.BulkLoad.Core.When_attempting_to_load_files_not_set_to_ready" runstate="Runnable" result="Passed" duration="0.215100" asserts="0" />
                  </test-suite>
                  <test-suite type="TestFixture" id="6-1482" name="When_chunk_offset_does_not_match_previous_chunk_size" fullname="EdFi.Ods.Tests.EdFi.Ods.BulkLoad.Core.When_chunk_offset_does_not_match_previous_chunk_size" classname="EdFi.Ods.Tests.EdFi.Ods.BulkLoad.Core.When_chunk_offset_does_not_match_previous_chunk_size" runstate="Runnable" testcasecount="1" result="Passed" duration="0.005709" total="1" passed="0" failed="0" inconclusive="0" skipped="0" asserts="0">
                    <test-case id="6-1483" name="Should_fail_with_offset_error_message" fullname="EdFi.Ods.Tests.EdFi.Ods.BulkLoad.Core.When_chunk_offset_does_not_match_previous_chunk_size.Should_fail_with_offset_error_message" methodname="Should_fail_with_offset_error_message" classname="EdFi.Ods.Tests.EdFi.Ods.BulkLoad.Core.When_chunk_offset_does_not_match_previous_chunk_size" runstate="Runnable" result="Passed" duration="0.005128" asserts="0" />
                  </test-suite>
                  <test-suite type="TestFixture" id="6-1484" name="When_chunk_size_does_not_match_chunk_length" fullname="EdFi.Ods.Tests.EdFi.Ods.BulkLoad.Core.When_chunk_size_does_not_match_chunk_length" classname="EdFi.Ods.Tests.EdFi.Ods.BulkLoad.Core.When_chunk_size_does_not_match_chunk_length" runstate="Runnable" testcasecount="1" result="Passed" duration="0.011609" total="1" passed="0" failed="0" inconclusive="0" skipped="0" asserts="0">
                    <test-case id="6-1485" name="Should_fail_with_size_error_message" fullname="EdFi.Ods.Tests.EdFi.Ods.BulkLoad.Core.When_chunk_size_does_not_match_chunk_length.Should_fail_with_size_error_message" methodname="Should_fail_with_size_error_message" classname="EdFi.Ods.Tests.EdFi.Ods.BulkLoad.Core.When_chunk_size_does_not_match_chunk_length" runstate="Runnable" result="Passed" duration="0.011137" asserts="0" />
                  </test-suite>
                  <test-suite type="TestFixture" id="6-1467" name="When_dependencies_are_not_part_of_load" fullname="EdFi.Ods.Tests.EdFi.Ods.BulkLoad.Core.When_dependencies_are_not_part_of_load" classname="EdFi.Ods.Tests.EdFi.Ods.BulkLoad.Core.When_dependencies_are_not_part_of_load" runstate="Runnable" testcasecount="1" result="Passed" duration="0.020163" total="1" passed="0" failed="0" inconclusive="0" skipped="0" asserts="0">
                    <test-case id="6-1468" name="Should_attempt_to_load_children" fullname="EdFi.Ods.Tests.EdFi.Ods.BulkLoad.Core.When_dependencies_are_not_part_of_load.Should_attempt_to_load_children" methodname="Should_attempt_to_load_children" classname="EdFi.Ods.Tests.EdFi.Ods.BulkLoad.Core.When_dependencies_are_not_part_of_load" runstate="Runnable" result="Passed" duration="0.019690" asserts="0" />
                  </test-suite>
                  <test-suite type="TestFixture" id="6-1465" name="When_dependency_fails_to_load" fullname="EdFi.Ods.Tests.EdFi.Ods.BulkLoad.Core.When_dependency_fails_to_load" classname="EdFi.Ods.Tests.EdFi.Ods.BulkLoad.Core.When_dependency_fails_to_load" runstate="Runnable" testcasecount="1" result="Passed" duration="0.008098" total="1" passed="0" failed="0" inconclusive="0" skipped="0" asserts="0">
                    <test-case id="6-1466" name="Should_attempt_to_load_children_regardless_of_failure" fullname="EdFi.Ods.Tests.EdFi.Ods.BulkLoad.Core.When_dependency_fails_to_load.Should_attempt_to_load_children_regardless_of_failure" methodname="Should_attempt_to_load_children_regardless_of_failure" classname="EdFi.Ods.Tests.EdFi.Ods.BulkLoad.Core.When_dependency_fails_to_load" runstate="Runnable" result="Passed" duration="0.007562" asserts="0" />
                  </test-suite>
                  <test-suite type="TestFixture" id="6-1453" name="When_exceeding_the_min_value_for_the_next_sequence_from_decrementing_sequence_provider" fullname="EdFi.Ods.Tests.EdFi.Ods.BulkLoad.Core.When_exceeding_the_min_value_for_the_next_sequence_from_decrementing_sequence_provider" classname="EdFi.Ods.Tests.EdFi.Ods.BulkLoad.Core.When_exceeding_the_min_value_for_the_next_sequence_from_decrementing_sequence_provider" runstate="Runnable" testcasecount="2" result="Passed" duration="0.004766" total="2" passed="0" failed="0" inconclusive="0" skipped="0" asserts="0">
                    <test-case id="6-1454" name="Should_reset_last_call_to_first_value" fullname="EdFi.Ods.Tests.EdFi.Ods.BulkLoad.Core.When_exceeding_the_min_value_for_the_next_sequence_from_decrementing_sequence_provider.Should_reset_last_call_to_first_value" methodname="Should_reset_last_call_to_first_value" classname="EdFi.Ods.Tests.EdFi.Ods.BulkLoad.Core.When_exceeding_the_min_value_for_the_next_sequence_from_decrementing_sequence_provider" runstate="Runnable" result="Passed" duration="0.000315" asserts="0" />
                    <test-case id="6-1455" name="Should_set_second_to_last_call_to_min_value" fullname="EdFi.Ods.Tests.EdFi.Ods.BulkLoad.Core.When_exceeding_the_min_value_for_the_next_sequence_from_decrementing_sequence_provider.Should_set_second_to_last_call_to_min_value" methodname="Should_set_second_to_last_call_to_min_value" classname="EdFi.Ods.Tests.EdFi.Ods.BulkLoad.Core.When_exceeding_the_min_value_for_the_next_sequence_from_decrementing_sequence_provider" runstate="Runnable" result="Passed" duration="0.000304" asserts="0" />
                  </test-suite>
                  <test-suite type="TestFixture" id="6-1480" name="When_file_chunk_offset_is_not_valid" fullname="EdFi.Ods.Tests.EdFi.Ods.BulkLoad.Core.When_file_chunk_offset_is_not_valid" classname="EdFi.Ods.Tests.EdFi.Ods.BulkLoad.Core.When_file_chunk_offset_is_not_valid" runstate="Runnable" testcasecount="1" result="Passed" duration="0.003432" total="1" passed="0" failed="0" inconclusive="0" skipped="0" asserts="0">
                    <test-case id="6-1481" name="Should_fail_with_offset_error_message" fullname="EdFi.Ods.Tests.EdFi.Ods.BulkLoad.Core.When_file_chunk_offset_is_not_valid.Should_fail_with_offset_error_message" methodname="Should_fail_with_offset_error_message" classname="EdFi.Ods.Tests.EdFi.Ods.BulkLoad.Core.When_file_chunk_offset_is_not_valid" runstate="Runnable" result="Passed" duration="0.002976" asserts="0" />
                  </test-suite>
                  <test-suite type="TestFixture" id="6-1478" name="When_file_chunk_size_does_not_match_file_size" fullname="EdFi.Ods.Tests.EdFi.Ods.BulkLoad.Core.When_file_chunk_size_does_not_match_file_size" classname="EdFi.Ods.Tests.EdFi.Ods.BulkLoad.Core.When_file_chunk_size_does_not_match_file_size" runstate="Runnable" testcasecount="1" result="Passed" duration="0.003399" total="1" passed="0" failed="0" inconclusive="0" skipped="0" asserts="0">
                    <test-case id="6-1479" name="Should_fail_with_size_error_message" fullname="EdFi.Ods.Tests.EdFi.Ods.BulkLoad.Core.When_file_chunk_size_does_not_match_file_size.Should_fail_with_size_error_message" methodname="Should_fail_with_size_error_message" classname="EdFi.Ods.Tests.EdFi.Ods.BulkLoad.Core.When_file_chunk_size_does_not_match_file_size" runstate="Runnable" result="Passed" duration="0.002974" asserts="0" />
                  </test-suite>
                  <test-suite type="TestFixture" id="6-1456" name="When_getting_loader_not_contained_in_dictionary" fullname="EdFi.Ods.Tests.EdFi.Ods.BulkLoad.Core.When_getting_loader_not_contained_in_dictionary" classname="EdFi.Ods.Tests.EdFi.Ods.BulkLoad.Core.When_getting_loader_not_contained_in_dictionary" runstate="Runnable" testcasecount="1" result="Passed" duration="0.011505" total="1" passed="0" failed="0" inconclusive="0" skipped="0" asserts="0">
                    <test-case id="6-1457" name="Should_throw_key_not_found_exception" fullname="EdFi.Ods.Tests.EdFi.Ods.BulkLoad.Core.When_getting_loader_not_contained_in_dictionary.Should_throw_key_not_found_exception" methodname="Should_throw_key_not_found_exception" classname="EdFi.Ods.Tests.EdFi.Ods.BulkLoad.Core.When_getting_loader_not_contained_in_dictionary" runstate="Runnable" result="Passed" duration="0.011042" asserts="1" />
                  </test-suite>
                  <test-suite type="TestFixture" id="6-1450" name="When_getting_next_sequence_for_different_sequence_names_from_decrementing_sequence_provider" fullname="EdFi.Ods.Tests.EdFi.Ods.BulkLoad.Core.When_getting_next_sequence_for_different_sequence_names_from_decrementing_sequence_provider" classname="EdFi.Ods.Tests.EdFi.Ods.BulkLoad.Core.When_getting_next_sequence_for_different_sequence_names_from_decrementing_sequence_provider" runstate="Runnable" testcasecount="2" result="Passed" duration="0.004940" total="2" passed="0" failed="0" inconclusive="0" skipped="0" asserts="0">
                    <test-case id="6-1451" name="Should_have_correct_values" fullname="EdFi.Ods.Tests.EdFi.Ods.BulkLoad.Core.When_getting_next_sequence_for_different_sequence_names_from_decrementing_sequence_provider.Should_have_correct_values" methodname="Should_have_correct_values" classname="EdFi.Ods.Tests.EdFi.Ods.BulkLoad.Core.When_getting_next_sequence_for_different_sequence_names_from_decrementing_sequence_provider" runstate="Runnable" result="Passed" duration="0.001763" asserts="0" />
                    <test-case id="6-1452" name="Should_not_have_incorrect_values" fullname="EdFi.Ods.Tests.EdFi.Ods.BulkLoad.Core.When_getting_next_sequence_for_different_sequence_names_from_decrementing_sequence_provider.Should_not_have_incorrect_values" methodname="Should_not_have_incorrect_values" classname="EdFi.Ods.Tests.EdFi.Ods.BulkLoad.Core.When_getting_next_sequence_for_different_sequence_names_from_decrementing_sequence_provider" runstate="Runnable" result="Passed" duration="0.001380" asserts="0" />
                  </test-suite>
                  <test-suite type="TestFixture" id="6-1448" name="When_getting_next_sequence_from_decrementing_sequence_provider" fullname="EdFi.Ods.Tests.EdFi.Ods.BulkLoad.Core.When_getting_next_sequence_from_decrementing_sequence_provider" classname="EdFi.Ods.Tests.EdFi.Ods.BulkLoad.Core.When_getting_next_sequence_from_decrementing_sequence_provider" runstate="Runnable" testcasecount="1" result="Passed" duration="0.001558" total="1" passed="0" failed="0" inconclusive="0" skipped="0" asserts="0">
                    <test-case id="6-1449" name="Should_have_correct_values" fullname="EdFi.Ods.Tests.EdFi.Ods.BulkLoad.Core.When_getting_next_sequence_from_decrementing_sequence_provider.Should_have_correct_values" methodname="Should_have_correct_values" classname="EdFi.Ods.Tests.EdFi.Ods.BulkLoad.Core.When_getting_next_sequence_from_decrementing_sequence_provider" runstate="Runnable" result="Passed" duration="0.000889" asserts="0" />
                  </test-suite>
                  <test-suite type="TestFixture" id="6-1444" name="When_getting_usi_for_unique_id_from_bulk_value_mapper" fullname="EdFi.Ods.Tests.EdFi.Ods.BulkLoad.Core.When_getting_usi_for_unique_id_from_bulk_value_mapper" classname="EdFi.Ods.Tests.EdFi.Ods.BulkLoad.Core.When_getting_usi_for_unique_id_from_bulk_value_mapper" runstate="Runnable" testcasecount="1" result="Passed" duration="0.020948" total="1" passed="0" failed="0" inconclusive="0" skipped="0" asserts="0">
                    <test-case id="6-1445" name="Should_return_correct_generated_values_from_bulk_mapper" fullname="EdFi.Ods.Tests.EdFi.Ods.BulkLoad.Core.When_getting_usi_for_unique_id_from_bulk_value_mapper.Should_return_correct_generated_values_from_bulk_mapper" methodname="Should_return_correct_generated_values_from_bulk_mapper" classname="EdFi.Ods.Tests.EdFi.Ods.BulkLoad.Core.When_getting_usi_for_unique_id_from_bulk_value_mapper" runstate="Runnable" result="Passed" duration="0.000394" asserts="0" />
                  </test-suite>
                  <test-suite type="TestFixture" id="6-1469" name="When_Given_At_Least_One_File_That_Is_Invalid" fullname="EdFi.Ods.Tests.EdFi.Ods.BulkLoad.Core.When_Given_At_Least_One_File_That_Is_Invalid" classname="EdFi.Ods.Tests.EdFi.Ods.BulkLoad.Core.When_Given_At_Least_One_File_That_Is_Invalid" runstate="Runnable" testcasecount="2" result="Passed" duration="0.048089" total="2" passed="0" failed="0" inconclusive="0" skipped="0" asserts="0">
                    <test-case id="6-1471" name="Should_Add_Exceptions_for_Validation_Error" fullname="EdFi.Ods.Tests.EdFi.Ods.BulkLoad.Core.When_Given_At_Least_One_File_That_Is_Invalid.Should_Add_Exceptions_for_Validation_Error" methodname="Should_Add_Exceptions_for_Validation_Error" classname="EdFi.Ods.Tests.EdFi.Ods.BulkLoad.Core.When_Given_At_Least_One_File_That_Is_Invalid" runstate="Runnable" result="Passed" duration="0.002954" asserts="0">
                      <reason>
                        <message><![CDATA[]]></message>
                      </reason>
                    </test-case>
                    <test-case id="6-1470" name="Should_Set_That_File_To_Error" fullname="EdFi.Ods.Tests.EdFi.Ods.BulkLoad.Core.When_Given_At_Least_One_File_That_Is_Invalid.Should_Set_That_File_To_Error" methodname="Should_Set_That_File_To_Error" classname="EdFi.Ods.Tests.EdFi.Ods.BulkLoad.Core.When_Given_At_Least_One_File_That_Is_Invalid" runstate="Runnable" result="Passed" duration="0.000638" asserts="0" />
                  </test-suite>
                  <test-suite type="TestFixture" id="6-1460" name="When_loading_aggregate_with_references_to_self" fullname="EdFi.Ods.Tests.EdFi.Ods.BulkLoad.Core.When_loading_aggregate_with_references_to_self" classname="EdFi.Ods.Tests.EdFi.Ods.BulkLoad.Core.When_loading_aggregate_with_references_to_self" runstate="Runnable" testcasecount="1" result="Passed" duration="0.002556" total="1" passed="0" failed="0" inconclusive="0" skipped="0" asserts="0">
                    <test-case id="6-1461" name="Should_load_all_aggregates_in_any_order" fullname="EdFi.Ods.Tests.EdFi.Ods.BulkLoad.Core.When_loading_aggregate_with_references_to_self.Should_load_all_aggregates_in_any_order" methodname="Should_load_all_aggregates_in_any_order" classname="EdFi.Ods.Tests.EdFi.Ods.BulkLoad.Core.When_loading_aggregate_with_references_to_self" runstate="Runnable" result="Passed" duration="0.002058" asserts="0" />
                  </test-suite>
                  <test-suite type="TestFixture" id="6-1458" name="When_loading_aggregate_without_references_to_self" fullname="EdFi.Ods.Tests.EdFi.Ods.BulkLoad.Core.When_loading_aggregate_without_references_to_self" classname="EdFi.Ods.Tests.EdFi.Ods.BulkLoad.Core.When_loading_aggregate_without_references_to_self" runstate="Runnable" testcasecount="1" result="Passed" duration="0.004387" total="1" passed="0" failed="0" inconclusive="0" skipped="0" asserts="0">
                    <test-case id="6-1459" name="Should_load_all_aggregates_in_any_order" fullname="EdFi.Ods.Tests.EdFi.Ods.BulkLoad.Core.When_loading_aggregate_without_references_to_self.Should_load_all_aggregates_in_any_order" methodname="Should_load_all_aggregates_in_any_order" classname="EdFi.Ods.Tests.EdFi.Ods.BulkLoad.Core.When_loading_aggregate_without_references_to_self" runstate="Runnable" result="Passed" duration="0.003939" asserts="0" />
                  </test-suite>
                  <test-suite type="TestFixture" id="6-1462" name="When_multipleAggregates_fail_to_load" fullname="EdFi.Ods.Tests.EdFi.Ods.BulkLoad.Core.When_multipleAggregates_fail_to_load" classname="EdFi.Ods.Tests.EdFi.Ods.BulkLoad.Core.When_multipleAggregates_fail_to_load" runstate="Runnable" testcasecount="2" result="Passed" duration="0.029204" total="2" passed="0" failed="0" inconclusive="0" skipped="0" asserts="0">
                    <test-case id="6-1463" name="Should_attempt_to_load_children_regardless_of_failure" fullname="EdFi.Ods.Tests.EdFi.Ods.BulkLoad.Core.When_multipleAggregates_fail_to_load.Should_attempt_to_load_children_regardless_of_failure" methodname="Should_attempt_to_load_children_regardless_of_failure" classname="EdFi.Ods.Tests.EdFi.Ods.BulkLoad.Core.When_multipleAggregates_fail_to_load" runstate="Runnable" result="Passed" duration="0.000331" asserts="0" />
                    <test-case id="6-1464" name="Should_include_the_count_of_source_elements_attempted" fullname="EdFi.Ods.Tests.EdFi.Ods.BulkLoad.Core.When_multipleAggregates_fail_to_load.Should_include_the_count_of_source_elements_attempted" methodname="Should_include_the_count_of_source_elements_attempted" classname="EdFi.Ods.Tests.EdFi.Ods.BulkLoad.Core.When_multipleAggregates_fail_to_load" runstate="Runnable" result="Passed" duration="0.000296" asserts="0" />
                  </test-suite>
                  <test-suite type="TestFixture" id="6-1474" name="When_no_resources_loaded_and_no_exceptions" fullname="EdFi.Ods.Tests.EdFi.Ods.BulkLoad.Core.When_no_resources_loaded_and_no_exceptions" classname="EdFi.Ods.Tests.EdFi.Ods.BulkLoad.Core.When_no_resources_loaded_and_no_exceptions" runstate="Runnable" testcasecount="1" result="Passed" duration="0.026581" total="1" passed="0" failed="0" inconclusive="0" skipped="0" asserts="0">
                    <test-case id="6-1475" name="Should_log_exception_indicating_possibility_of_wrong_interchange_type" fullname="EdFi.Ods.Tests.EdFi.Ods.BulkLoad.Core.When_no_resources_loaded_and_no_exceptions.Should_log_exception_indicating_possibility_of_wrong_interchange_type" methodname="Should_log_exception_indicating_possibility_of_wrong_interchange_type" classname="EdFi.Ods.Tests.EdFi.Ods.BulkLoad.Core.When_no_resources_loaded_and_no_exceptions" runstate="Runnable" result="Passed" duration="0.026067" asserts="0" />
                  </test-suite>
                  <test-suite type="TestFixture" id="6-1446" name="When_Resolving_Connection_Strings_For_More_Than_One_Bulk_Ods" fullname="EdFi.Ods.Tests.EdFi.Ods.BulkLoad.Core.When_Resolving_Connection_Strings_For_More_Than_One_Bulk_Ods" classname="EdFi.Ods.Tests.EdFi.Ods.BulkLoad.Core.When_Resolving_Connection_Strings_For_More_Than_One_Bulk_Ods" runstate="Runnable" testcasecount="0" result="Inconclusive" duration="0.022288" total="0" passed="0" failed="0" inconclusive="0" skipped="0" asserts="0" />
                  <test-suite type="TestFixture" id="6-2474" name="When_Resolving_Connection_Strings_For_More_Than_One_Bulk_Ods+And_All_Databases_Are_Locked_At_First" fullname="EdFi.Ods.Tests.EdFi.Ods.BulkLoad.Core.When_Resolving_Connection_Strings_For_More_Than_One_Bulk_Ods+And_All_Databases_Are_Locked_At_First" classname="EdFi.Ods.Tests.EdFi.Ods.BulkLoad.Core.When_Resolving_Connection_Strings_For_More_Than_One_Bulk_Ods+And_All_Databases_Are_Locked_At_First" runstate="Runnable" testcasecount="1" result="Passed" duration="0.158647" total="1" passed="0" failed="0" inconclusive="0" skipped="0" asserts="0">
                    <test-case id="6-2475" name="Should_Return_The_Second_Database" fullname="EdFi.Ods.Tests.EdFi.Ods.BulkLoad.Core.When_Resolving_Connection_Strings_For_More_Than_One_Bulk_Ods+And_All_Databases_Are_Locked_At_First.Should_Return_The_Second_Database" methodname="Should_Return_The_Second_Database" classname="EdFi.Ods.Tests.EdFi.Ods.BulkLoad.Core.When_Resolving_Connection_Strings_For_More_Than_One_Bulk_Ods+And_All_Databases_Are_Locked_At_First" runstate="Runnable" result="Passed" duration="0.000978" asserts="0" />
                  </test-suite>
                  <test-suite type="TestFixture" id="6-2470" name="When_Resolving_Connection_Strings_For_More_Than_One_Bulk_Ods+And_No_Database_Is_Locked" fullname="EdFi.Ods.Tests.EdFi.Ods.BulkLoad.Core.When_Resolving_Connection_Strings_For_More_Than_One_Bulk_Ods+And_No_Database_Is_Locked" classname="EdFi.Ods.Tests.EdFi.Ods.BulkLoad.Core.When_Resolving_Connection_Strings_For_More_Than_One_Bulk_Ods+And_No_Database_Is_Locked" runstate="Runnable" testcasecount="1" result="Passed" duration="0.007383" total="1" passed="0" failed="0" inconclusive="0" skipped="0" asserts="0">
                    <test-case id="6-2471" name="Should_Only_Access_The_First_Database" fullname="EdFi.Ods.Tests.EdFi.Ods.BulkLoad.Core.When_Resolving_Connection_Strings_For_More_Than_One_Bulk_Ods+And_No_Database_Is_Locked.Should_Only_Access_The_First_Database" methodname="Should_Only_Access_The_First_Database" classname="EdFi.Ods.Tests.EdFi.Ods.BulkLoad.Core.When_Resolving_Connection_Strings_For_More_Than_One_Bulk_Ods+And_No_Database_Is_Locked" runstate="Runnable" result="Passed" duration="0.000804" asserts="0" />
                  </test-suite>
                  <test-suite type="TestFixture" id="6-2472" name="When_Resolving_Connection_Strings_For_More_Than_One_Bulk_Ods+And_The_First_Database_Is_Locked" fullname="EdFi.Ods.Tests.EdFi.Ods.BulkLoad.Core.When_Resolving_Connection_Strings_For_More_Than_One_Bulk_Ods+And_The_First_Database_Is_Locked" classname="EdFi.Ods.Tests.EdFi.Ods.BulkLoad.Core.When_Resolving_Connection_Strings_For_More_Than_One_Bulk_Ods+And_The_First_Database_Is_Locked" runstate="Runnable" testcasecount="1" result="Passed" duration="0.013471" total="1" passed="0" failed="0" inconclusive="0" skipped="0" asserts="0">
                    <test-case id="6-2473" name="Should_Return_The_Second_Database" fullname="EdFi.Ods.Tests.EdFi.Ods.BulkLoad.Core.When_Resolving_Connection_Strings_For_More_Than_One_Bulk_Ods+And_The_First_Database_Is_Locked.Should_Return_The_Second_Database" methodname="Should_Return_The_Second_Database" classname="EdFi.Ods.Tests.EdFi.Ods.BulkLoad.Core.When_Resolving_Connection_Strings_For_More_Than_One_Bulk_Ods+And_The_First_Database_Is_Locked" runstate="Runnable" result="Passed" duration="0.000766" asserts="0" />
                  </test-suite>
                  <test-suite type="TestFixture" id="6-1447" name="When_Resolving_Data_Destinations_For_More_Than_One_Schema" fullname="EdFi.Ods.Tests.EdFi.Ods.BulkLoad.Core.When_Resolving_Data_Destinations_For_More_Than_One_Schema" classname="EdFi.Ods.Tests.EdFi.Ods.BulkLoad.Core.When_Resolving_Data_Destinations_For_More_Than_One_Schema" runstate="Runnable" testcasecount="0" result="Inconclusive" duration="0.002886" total="0" passed="0" failed="0" inconclusive="0" skipped="0" asserts="0" />
                  <test-suite type="TestFixture" id="6-2480" name="When_Resolving_Data_Destinations_For_More_Than_One_Schema+And_All_Schemas_Are_Locked_At_First" fullname="EdFi.Ods.Tests.EdFi.Ods.BulkLoad.Core.When_Resolving_Data_Destinations_For_More_Than_One_Schema+And_All_Schemas_Are_Locked_At_First" classname="EdFi.Ods.Tests.EdFi.Ods.BulkLoad.Core.When_Resolving_Data_Destinations_For_More_Than_One_Schema+And_All_Schemas_Are_Locked_At_First" runstate="Runnable" testcasecount="1" result="Passed" duration="0.023251" total="1" passed="0" failed="0" inconclusive="0" skipped="0" asserts="0">
                    <test-case id="6-2481" name="Should_Return_The_Second_Schema" fullname="EdFi.Ods.Tests.EdFi.Ods.BulkLoad.Core.When_Resolving_Data_Destinations_For_More_Than_One_Schema+And_All_Schemas_Are_Locked_At_First.Should_Return_The_Second_Schema" methodname="Should_Return_The_Second_Schema" classname="EdFi.Ods.Tests.EdFi.Ods.BulkLoad.Core.When_Resolving_Data_Destinations_For_More_Than_One_Schema+And_All_Schemas_Are_Locked_At_First" runstate="Runnable" result="Passed" duration="0.000876" asserts="0" />
                  </test-suite>
                  <test-suite type="TestFixture" id="6-2476" name="When_Resolving_Data_Destinations_For_More_Than_One_Schema+And_No_Schema_Is_Locked" fullname="EdFi.Ods.Tests.EdFi.Ods.BulkLoad.Core.When_Resolving_Data_Destinations_For_More_Than_One_Schema+And_No_Schema_Is_Locked" classname="EdFi.Ods.Tests.EdFi.Ods.BulkLoad.Core.When_Resolving_Data_Destinations_For_More_Than_One_Schema+And_No_Schema_Is_Locked" runstate="Runnable" testcasecount="1" result="Passed" duration="0.008782" total="1" passed="0" failed="0" inconclusive="0" skipped="0" asserts="0">
                    <test-case id="6-2477" name="Should_Only_Access_The_First_Schema" fullname="EdFi.Ods.Tests.EdFi.Ods.BulkLoad.Core.When_Resolving_Data_Destinations_For_More_Than_One_Schema+And_No_Schema_Is_Locked.Should_Only_Access_The_First_Schema" methodname="Should_Only_Access_The_First_Schema" classname="EdFi.Ods.Tests.EdFi.Ods.BulkLoad.Core.When_Resolving_Data_Destinations_For_More_Than_One_Schema+And_No_Schema_Is_Locked" runstate="Runnable" result="Passed" duration="0.000802" asserts="0" />
                  </test-suite>
                  <test-suite type="TestFixture" id="6-2478" name="When_Resolving_Data_Destinations_For_More_Than_One_Schema+And_The_First_Schema_Is_Locked" fullname="EdFi.Ods.Tests.EdFi.Ods.BulkLoad.Core.When_Resolving_Data_Destinations_For_More_Than_One_Schema+And_The_First_Schema_Is_Locked" classname="EdFi.Ods.Tests.EdFi.Ods.BulkLoad.Core.When_Resolving_Data_Destinations_For_More_Than_One_Schema+And_The_First_Schema_Is_Locked" runstate="Runnable" testcasecount="1" result="Passed" duration="0.009258" total="1" passed="0" failed="0" inconclusive="0" skipped="0" asserts="0">
                    <test-case id="6-2479" name="Should_Return_The_Second_Schema" fullname="EdFi.Ods.Tests.EdFi.Ods.BulkLoad.Core.When_Resolving_Data_Destinations_For_More_Than_One_Schema+And_The_First_Schema_Is_Locked.Should_Return_The_Second_Schema" methodname="Should_Return_The_Second_Schema" classname="EdFi.Ods.Tests.EdFi.Ods.BulkLoad.Core.When_Resolving_Data_Destinations_For_More_Than_One_Schema+And_The_First_Schema_Is_Locked" runstate="Runnable" result="Passed" duration="0.001033" asserts="0" />
                  </test-suite>
                  <test-suite type="TestFixture" id="6-1476" name="When_upload_file_is_valid" fullname="EdFi.Ods.Tests.EdFi.Ods.BulkLoad.Core.When_upload_file_is_valid" classname="EdFi.Ods.Tests.EdFi.Ods.BulkLoad.Core.When_upload_file_is_valid" runstate="Runnable" testcasecount="1" result="Passed" duration="0.003104" total="1" passed="0" failed="0" inconclusive="0" skipped="0" asserts="0">
                    <test-case id="6-1477" name="Should_return_isvalid_result" fullname="EdFi.Ods.Tests.EdFi.Ods.BulkLoad.Core.When_upload_file_is_valid.Should_return_isvalid_result" methodname="Should_return_isvalid_result" classname="EdFi.Ods.Tests.EdFi.Ods.BulkLoad.Core.When_upload_file_is_valid" runstate="Runnable" result="Passed" duration="0.002718" asserts="0" />
                  </test-suite>
                  <test-suite type="Namespace" id="6-3333" name="XmlGPSTests" fullname="EdFi.Ods.Tests.EdFi.Ods.BulkLoad.Core.XmlGPSTests" runstate="Runnable" testcasecount="6" result="Passed" duration="0.012690" total="6" passed="0" failed="0" inconclusive="0" skipped="0" asserts="0">
                    <test-suite type="TestFixture" id="6-1486" name="When_Given_Complex_Reference_Map" fullname="EdFi.Ods.Tests.EdFi.Ods.BulkLoad.Core.XmlGPSTests.When_Given_Complex_Reference_Map" classname="EdFi.Ods.Tests.EdFi.Ods.BulkLoad.Core.XmlGPSTests.When_Given_Complex_Reference_Map" runstate="Runnable" testcasecount="6" result="Passed" duration="0.012293" total="6" passed="0" failed="0" inconclusive="0" skipped="0" asserts="0">
                      <test-case id="6-1489" name="And_Asked_For_Target_Types_Should_Return_All_Types_in_Map" fullname="EdFi.Ods.Tests.EdFi.Ods.BulkLoad.Core.XmlGPSTests.When_Given_Complex_Reference_Map.And_Asked_For_Target_Types_Should_Return_All_Types_in_Map" methodname="And_Asked_For_Target_Types_Should_Return_All_Types_in_Map" classname="EdFi.Ods.Tests.EdFi.Ods.BulkLoad.Core.XmlGPSTests.When_Given_Complex_Reference_Map" runstate="Runnable" result="Passed" duration="0.002309" asserts="0" />
                      <test-case id="6-1492" name="And_Caller_Navigates_Full_Map_Should_Arrive_At_Terminal_Step" fullname="EdFi.Ods.Tests.EdFi.Ods.BulkLoad.Core.XmlGPSTests.When_Given_Complex_Reference_Map.And_Caller_Navigates_Full_Map_Should_Arrive_At_Terminal_Step" methodname="And_Caller_Navigates_Full_Map_Should_Arrive_At_Terminal_Step" classname="EdFi.Ods.Tests.EdFi.Ods.BulkLoad.Core.XmlGPSTests.When_Given_Complex_Reference_Map" runstate="Runnable" result="Passed" duration="0.001277" asserts="0" />
                      <test-case id="6-1490" name="And_Current_Step_Is_Reference_And_Caller_Does_Not_Indicate_Aggregate_Reference_Found_When_NextStep_Called_Should_Return_In_Reference_Step" fullname="EdFi.Ods.Tests.EdFi.Ods.BulkLoad.Core.XmlGPSTests.When_Given_Complex_Reference_Map.And_Current_Step_Is_Reference_And_Caller_Does_Not_Indicate_Aggregate_Reference_Found_When_NextStep_Called_Should_Return_In_Reference_Step" methodname="And_Current_Step_Is_Reference_And_Caller_Does_Not_Indicate_Aggregate_Reference_Found_When_NextStep_Called_Should_Return_In_Reference_Step" classname="EdFi.Ods.Tests.EdFi.Ods.BulkLoad.Core.XmlGPSTests.When_Given_Complex_Reference_Map" runstate="Runnable" result="Passed" duration="0.001372" asserts="0" />
                      <test-case id="6-1491" name="And_Current_Step_Is_Reference_And_Caller_Indicates_Aggregate_Reference_Found_When_NextStep_Called_Should_Return_Step_To_the_Aggregates_Element" fullname="EdFi.Ods.Tests.EdFi.Ods.BulkLoad.Core.XmlGPSTests.When_Given_Complex_Reference_Map.And_Current_Step_Is_Reference_And_Caller_Indicates_Aggregate_Reference_Found_When_NextStep_Called_Should_Return_Step_To_the_Aggregates_Element" methodname="And_Current_Step_Is_Reference_And_Caller_Indicates_Aggregate_Reference_Found_When_NextStep_Called_Should_Return_Step_To_the_Aggregates_Element" classname="EdFi.Ods.Tests.EdFi.Ods.BulkLoad.Core.XmlGPSTests.When_Given_Complex_Reference_Map" runstate="Runnable" result="Passed" duration="0.001225" asserts="0" />
                      <test-case id="6-1488" name="And_XPath_Is_MultiElement_Should_Prefix_Each_Element_With_Namespace_Prefix" fullname="EdFi.Ods.Tests.EdFi.Ods.BulkLoad.Core.XmlGPSTests.When_Given_Complex_Reference_Map.And_XPath_Is_MultiElement_Should_Prefix_Each_Element_With_Namespace_Prefix" methodname="And_XPath_Is_MultiElement_Should_Prefix_Each_Element_With_Namespace_Prefix" classname="EdFi.Ods.Tests.EdFi.Ods.BulkLoad.Core.XmlGPSTests.When_Given_Complex_Reference_Map" runstate="Runnable" result="Passed" duration="0.000921" asserts="0" />
                      <test-case id="6-1487" name="Should_Prefix_XPaths_With_Dot_Slash_Slash_Namespace_Prefix_Colon" fullname="EdFi.Ods.Tests.EdFi.Ods.BulkLoad.Core.XmlGPSTests.When_Given_Complex_Reference_Map.Should_Prefix_XPaths_With_Dot_Slash_Slash_Namespace_Prefix_Colon" methodname="Should_Prefix_XPaths_With_Dot_Slash_Slash_Namespace_Prefix_Colon" classname="EdFi.Ods.Tests.EdFi.Ods.BulkLoad.Core.XmlGPSTests.When_Given_Complex_Reference_Map" runstate="Runnable" result="Passed" duration="0.000600" asserts="0" />
                    </test-suite>
                  </test-suite>
                  <test-suite type="Namespace" id="6-3336" name="XmlMapBuilderTests" fullname="EdFi.Ods.Tests.EdFi.Ods.BulkLoad.Core.XmlMapBuilderTests" runstate="Runnable" testcasecount="27" result="Passed" duration="11.996836" total="27" passed="0" failed="0" inconclusive="0" skipped="0" asserts="0">
                    <test-suite type="TestFixture" id="6-1574" name="MappingStudentUSI" fullname="EdFi.Ods.Tests.EdFi.Ods.BulkLoad.Core.XmlMapBuilderTests.MappingStudentUSI" classname="EdFi.Ods.Tests.EdFi.Ods.BulkLoad.Core.XmlMapBuilderTests.MappingStudentUSI" runstate="Runnable" testcasecount="1" result="Passed" duration="2.070422" total="1" passed="0" failed="0" inconclusive="0" skipped="0" asserts="0">
                      <test-case id="6-1575" name="Given_StudentParentAssociation_When_Ref_Id_Found_Should_Produce_Map_To_StudentUniqueId_In_Student" fullname="EdFi.Ods.Tests.EdFi.Ods.BulkLoad.Core.XmlMapBuilderTests.MappingStudentUSI.Given_StudentParentAssociation_When_Ref_Id_Found_Should_Produce_Map_To_StudentUniqueId_In_Student" methodname="Given_StudentParentAssociation_When_Ref_Id_Found_Should_Produce_Map_To_StudentUniqueId_In_Student" classname="EdFi.Ods.Tests.EdFi.Ods.BulkLoad.Core.XmlMapBuilderTests.MappingStudentUSI" runstate="Runnable" result="Passed" duration="0.030297" asserts="0" />
                    </test-suite>
                    <test-suite type="TestFixture" id="6-1546" name="Single_Target_Tests" fullname="EdFi.Ods.Tests.EdFi.Ods.BulkLoad.Core.XmlMapBuilderTests.Single_Target_Tests" classname="EdFi.Ods.Tests.EdFi.Ods.BulkLoad.Core.XmlMapBuilderTests.Single_Target_Tests" runstate="Runnable" testcasecount="6" result="Passed" duration="1.709549" total="6" passed="0" failed="0" inconclusive="0" skipped="0" asserts="0">
                      <test-case id="6-1551" name="Get_Assessment_Item_Assessed_Grade_Level_Path" fullname="EdFi.Ods.Tests.EdFi.Ods.BulkLoad.Core.XmlMapBuilderTests.Single_Target_Tests.Get_Assessment_Item_Assessed_Grade_Level_Path" methodname="Get_Assessment_Item_Assessed_Grade_Level_Path" classname="EdFi.Ods.Tests.EdFi.Ods.BulkLoad.Core.XmlMapBuilderTests.Single_Target_Tests" runstate="Runnable" result="Passed" duration="0.002786" asserts="0" />
                      <test-case id="6-1549" name="Given_Nested_Reference_Element_That_Appears_In_Multiple_Elements_When_Map_Built_Then_Should_Build_Maps_To_Each_Tree" fullname="EdFi.Ods.Tests.EdFi.Ods.BulkLoad.Core.XmlMapBuilderTests.Single_Target_Tests.Given_Nested_Reference_Element_That_Appears_In_Multiple_Elements_When_Map_Built_Then_Should_Build_Maps_To_Each_Tree" methodname="Given_Nested_Reference_Element_That_Appears_In_Multiple_Elements_When_Map_Built_Then_Should_Build_Maps_To_Each_Tree" classname="EdFi.Ods.Tests.EdFi.Ods.BulkLoad.Core.XmlMapBuilderTests.Single_Target_Tests" runstate="Runnable" result="Passed" duration="0.003354" asserts="0" />
                      <test-case id="6-1548" name="Given_Object_With_Nested_Keys_Should_Return_Tuple_For_Nested_Keys" fullname="EdFi.Ods.Tests.EdFi.Ods.BulkLoad.Core.XmlMapBuilderTests.Single_Target_Tests.Given_Object_With_Nested_Keys_Should_Return_Tuple_For_Nested_Keys" methodname="Given_Object_With_Nested_Keys_Should_Return_Tuple_For_Nested_Keys" classname="EdFi.Ods.Tests.EdFi.Ods.BulkLoad.Core.XmlMapBuilderTests.Single_Target_Tests" runstate="Ignored" result="Skipped" label="Ignored" duration="0.000012" asserts="0">
                        <properties>
                          <property name="_IGNOREREASON" value="This test fails because the xsd Parser in Xsd-to-Api incorrectly identifies the object - once fixed this test should pass" />
                        </properties>
                        <reason>
                          <message><![CDATA[This test fails because the xsd Parser in Xsd-to-Api incorrectly identifies the object - once fixed this test should pass]]></message>
                        </reason>
                      </test-case>
                      <test-case id="6-1550" name="Given_Session_Xsd_Should_Identify_GradingPeriod_As_Target_For_All_Contained_Keys" fullname="EdFi.Ods.Tests.EdFi.Ods.BulkLoad.Core.XmlMapBuilderTests.Single_Target_Tests.Given_Session_Xsd_Should_Identify_GradingPeriod_As_Target_For_All_Contained_Keys" methodname="Given_Session_Xsd_Should_Identify_GradingPeriod_As_Target_For_All_Contained_Keys" classname="EdFi.Ods.Tests.EdFi.Ods.BulkLoad.Core.XmlMapBuilderTests.Single_Target_Tests" runstate="Runnable" result="Passed" duration="0.002306" asserts="0" />
                      <test-case id="6-1552" name="Should_get_classroomItendificationCode_from_location_from_section_from_gradebookEntry_from_studentGradebookEntry" fullname="EdFi.Ods.Tests.EdFi.Ods.BulkLoad.Core.XmlMapBuilderTests.Single_Target_Tests.Should_get_classroomItendificationCode_from_location_from_section_from_gradebookEntry_from_studentGradebookEntry" methodname="Should_get_classroomItendificationCode_from_location_from_section_from_gradebookEntry_from_studentGradebookEntry" classname="EdFi.Ods.Tests.EdFi.Ods.BulkLoad.Core.XmlMapBuilderTests.Single_Target_Tests" runstate="Runnable" result="Passed" duration="0.006914" asserts="0" />
                      <test-case id="6-1547" name="When_Building_Maps_For_EdOrg_Reference_In_StaffEducationOrganizationAssignmentAssociation_Should_Identify_It_As_Int32" fullname="EdFi.Ods.Tests.EdFi.Ods.BulkLoad.Core.XmlMapBuilderTests.Single_Target_Tests.When_Building_Maps_For_EdOrg_Reference_In_StaffEducationOrganizationAssignmentAssociation_Should_Identify_It_As_Int32" methodname="When_Building_Maps_For_EdOrg_Reference_In_StaffEducationOrganizationAssignmentAssociation_Should_Identify_It_As_Int32" classname="EdFi.Ods.Tests.EdFi.Ods.BulkLoad.Core.XmlMapBuilderTests.Single_Target_Tests" runstate="Runnable" result="Passed" duration="0.003200" asserts="0" />
                    </test-suite>
                    <test-suite type="TestFixture" id="6-1553" name="When_Building_A_Map_Starting_At_An_Identity" fullname="EdFi.Ods.Tests.EdFi.Ods.BulkLoad.Core.XmlMapBuilderTests.When_Building_A_Map_Starting_At_An_Identity" classname="EdFi.Ods.Tests.EdFi.Ods.BulkLoad.Core.XmlMapBuilderTests.When_Building_A_Map_Starting_At_An_Identity" runstate="Runnable" testcasecount="3" result="Passed" duration="1.685638" total="3" passed="0" failed="0" inconclusive="0" skipped="0" asserts="0">
                      <test-case id="6-1556" name="Should_Create_Extended_Descriptor_References_With_Parent_Element_of_Reference" fullname="EdFi.Ods.Tests.EdFi.Ods.BulkLoad.Core.XmlMapBuilderTests.When_Building_A_Map_Starting_At_An_Identity.Should_Create_Extended_Descriptor_References_With_Parent_Element_of_Reference" methodname="Should_Create_Extended_Descriptor_References_With_Parent_Element_of_Reference" classname="EdFi.Ods.Tests.EdFi.Ods.BulkLoad.Core.XmlMapBuilderTests.When_Building_A_Map_Starting_At_An_Identity" runstate="Ignored" result="Skipped" label="Ignored" duration="0.000018" asserts="0">
                        <properties>
                          <property name="_IGNOREREASON" value="These tests should be re-done to focus on the underlying pattern - not the specific element - which can change" />
                        </properties>
                        <reason>
                          <message><![CDATA[These tests should be re-done to focus on the underlying pattern - not the specific element - which can change]]></message>
                        </reason>
                      </test-case>
                      <test-case id="6-1555" name="Should_Return_All_Keys_In_Map_Collection" fullname="EdFi.Ods.Tests.EdFi.Ods.BulkLoad.Core.XmlMapBuilderTests.When_Building_A_Map_Starting_At_An_Identity.Should_Return_All_Keys_In_Map_Collection" methodname="Should_Return_All_Keys_In_Map_Collection" classname="EdFi.Ods.Tests.EdFi.Ods.BulkLoad.Core.XmlMapBuilderTests.When_Building_A_Map_Starting_At_An_Identity" runstate="Ignored" result="Skipped" label="Ignored" duration="0.000014" asserts="0">
                        <properties>
                          <property name="_IGNOREREASON" value="These tests should be re-done to focus on the underlying pattern - not the specific element - which can change" />
                        </properties>
                        <reason>
                          <message><![CDATA[These tests should be re-done to focus on the underlying pattern - not the specific element - which can change]]></message>
                        </reason>
                      </test-case>
                      <test-case id="6-1554" name="Should_Serialize_Map_With_Identity_Step_As_Beginning" fullname="EdFi.Ods.Tests.EdFi.Ods.BulkLoad.Core.XmlMapBuilderTests.When_Building_A_Map_Starting_At_An_Identity.Should_Serialize_Map_With_Identity_Step_As_Beginning" methodname="Should_Serialize_Map_With_Identity_Step_As_Beginning" classname="EdFi.Ods.Tests.EdFi.Ods.BulkLoad.Core.XmlMapBuilderTests.When_Building_A_Map_Starting_At_An_Identity" runstate="Runnable" result="Passed" duration="0.001453" asserts="0" />
                    </test-suite>
                    <test-suite type="TestFixture" id="6-1557" name="When_Building_Map_For_School" fullname="EdFi.Ods.Tests.EdFi.Ods.BulkLoad.Core.XmlMapBuilderTests.When_Building_Map_For_School" classname="EdFi.Ods.Tests.EdFi.Ods.BulkLoad.Core.XmlMapBuilderTests.When_Building_Map_For_School" runstate="Runnable" testcasecount="3" result="Passed" duration="1.622584" total="3" passed="0" failed="0" inconclusive="0" skipped="0" asserts="0">
                      <test-case id="6-1559" name="DoNotForgetToInitializeInternalProperties" fullname="EdFi.Ods.Tests.EdFi.Ods.BulkLoad.Core.XmlMapBuilderTests.When_Building_Map_For_School.DoNotForgetToInitializeInternalProperties" methodname="DoNotForgetToInitializeInternalProperties" classname="EdFi.Ods.Tests.EdFi.Ods.BulkLoad.Core.XmlMapBuilderTests.When_Building_Map_For_School" runstate="Runnable" result="Passed" duration="0.001334" asserts="0" />
                      <test-case id="6-1560" name="Should_Deserialize_Single_Element_Map" fullname="EdFi.Ods.Tests.EdFi.Ods.BulkLoad.Core.XmlMapBuilderTests.When_Building_Map_For_School.Should_Deserialize_Single_Element_Map" methodname="Should_Deserialize_Single_Element_Map" classname="EdFi.Ods.Tests.EdFi.Ods.BulkLoad.Core.XmlMapBuilderTests.When_Building_Map_For_School" runstate="Runnable" result="Passed" duration="0.000299" asserts="0" />
                      <test-case id="6-1558" name="Should_Find_Two_Mappable_Keys" fullname="EdFi.Ods.Tests.EdFi.Ods.BulkLoad.Core.XmlMapBuilderTests.When_Building_Map_For_School.Should_Find_Two_Mappable_Keys" methodname="Should_Find_Two_Mappable_Keys" classname="EdFi.Ods.Tests.EdFi.Ods.BulkLoad.Core.XmlMapBuilderTests.When_Building_Map_For_School" runstate="Runnable" result="Passed" duration="0.001465" asserts="0" />
                    </test-suite>
                    <test-suite type="TestFixture" id="6-1561" name="When_Creating_A_Map_For_StaffProgram_EdOrg_Id_Element" fullname="EdFi.Ods.Tests.EdFi.Ods.BulkLoad.Core.XmlMapBuilderTests.When_Creating_A_Map_For_StaffProgram_EdOrg_Id_Element" classname="EdFi.Ods.Tests.EdFi.Ods.BulkLoad.Core.XmlMapBuilderTests.When_Creating_A_Map_For_StaffProgram_EdOrg_Id_Element" runstate="Runnable" testcasecount="8" result="Passed" duration="1.493273" total="8" passed="0" failed="0" inconclusive="0" skipped="0" asserts="0">
                      <test-case id="6-1562" name="Deserialized_Map_Should_Begin_With_Program_Reference" fullname="EdFi.Ods.Tests.EdFi.Ods.BulkLoad.Core.XmlMapBuilderTests.When_Creating_A_Map_For_StaffProgram_EdOrg_Id_Element.Deserialized_Map_Should_Begin_With_Program_Reference" methodname="Deserialized_Map_Should_Begin_With_Program_Reference" classname="EdFi.Ods.Tests.EdFi.Ods.BulkLoad.Core.XmlMapBuilderTests.When_Creating_A_Map_For_StaffProgram_EdOrg_Id_Element" runstate="Runnable" result="Passed" duration="0.004812" asserts="0" />
                      <test-case id="6-1568" name="Deserialized_Map_Should_Have_EdOrgNetwork_As_An_Available_Reference_Target" fullname="EdFi.Ods.Tests.EdFi.Ods.BulkLoad.Core.XmlMapBuilderTests.When_Creating_A_Map_For_StaffProgram_EdOrg_Id_Element.Deserialized_Map_Should_Have_EdOrgNetwork_As_An_Available_Reference_Target" methodname="Deserialized_Map_Should_Have_EdOrgNetwork_As_An_Available_Reference_Target" classname="EdFi.Ods.Tests.EdFi.Ods.BulkLoad.Core.XmlMapBuilderTests.When_Creating_A_Map_For_StaffProgram_EdOrg_Id_Element" runstate="Runnable" result="Passed" duration="0.000613" asserts="0" />
                      <test-case id="6-1563" name="Deserialized_Map_Should_Have_EducationOrganizationId_As_Terminal_Step_If_EdOrgRef_Id_Missing" fullname="EdFi.Ods.Tests.EdFi.Ods.BulkLoad.Core.XmlMapBuilderTests.When_Creating_A_Map_For_StaffProgram_EdOrg_Id_Element.Deserialized_Map_Should_Have_EducationOrganizationId_As_Terminal_Step_If_EdOrgRef_Id_Missing" methodname="Deserialized_Map_Should_Have_EducationOrganizationId_As_Terminal_Step_If_EdOrgRef_Id_Missing" classname="EdFi.Ods.Tests.EdFi.Ods.BulkLoad.Core.XmlMapBuilderTests.When_Creating_A_Map_For_StaffProgram_EdOrg_Id_Element" runstate="Runnable" result="Passed" duration="0.000454" asserts="0" />
                      <test-case id="6-1567" name="Deserialized_Map_Should_Have_ESC_As_An_Available_Reference_Target" fullname="EdFi.Ods.Tests.EdFi.Ods.BulkLoad.Core.XmlMapBuilderTests.When_Creating_A_Map_For_StaffProgram_EdOrg_Id_Element.Deserialized_Map_Should_Have_ESC_As_An_Available_Reference_Target" methodname="Deserialized_Map_Should_Have_ESC_As_An_Available_Reference_Target" classname="EdFi.Ods.Tests.EdFi.Ods.BulkLoad.Core.XmlMapBuilderTests.When_Creating_A_Map_For_StaffProgram_EdOrg_Id_Element" runstate="Runnable" result="Passed" duration="0.000363" asserts="0" />
                      <test-case id="6-1566" name="Deserialized_Map_Should_Have_LEA_As_An_Available_Reference_Target" fullname="EdFi.Ods.Tests.EdFi.Ods.BulkLoad.Core.XmlMapBuilderTests.When_Creating_A_Map_For_StaffProgram_EdOrg_Id_Element.Deserialized_Map_Should_Have_LEA_As_An_Available_Reference_Target" methodname="Deserialized_Map_Should_Have_LEA_As_An_Available_Reference_Target" classname="EdFi.Ods.Tests.EdFi.Ods.BulkLoad.Core.XmlMapBuilderTests.When_Creating_A_Map_For_StaffProgram_EdOrg_Id_Element" runstate="Runnable" result="Passed" duration="0.000350" asserts="0" />
                      <test-case id="6-1565" name="Deserialized_Map_Should_Have_School_As_An_Available_Reference_Target" fullname="EdFi.Ods.Tests.EdFi.Ods.BulkLoad.Core.XmlMapBuilderTests.When_Creating_A_Map_For_StaffProgram_EdOrg_Id_Element.Deserialized_Map_Should_Have_School_As_An_Available_Reference_Target" methodname="Deserialized_Map_Should_Have_School_As_An_Available_Reference_Target" classname="EdFi.Ods.Tests.EdFi.Ods.BulkLoad.Core.XmlMapBuilderTests.When_Creating_A_Map_For_StaffProgram_EdOrg_Id_Element" runstate="Runnable" result="Passed" duration="0.000344" asserts="0" />
                      <test-case id="6-1569" name="Deserialized_Map_Should_Have_State_Agency_As_An_Available_Reference_Target" fullname="EdFi.Ods.Tests.EdFi.Ods.BulkLoad.Core.XmlMapBuilderTests.When_Creating_A_Map_For_StaffProgram_EdOrg_Id_Element.Deserialized_Map_Should_Have_State_Agency_As_An_Available_Reference_Target" methodname="Deserialized_Map_Should_Have_State_Agency_As_An_Available_Reference_Target" classname="EdFi.Ods.Tests.EdFi.Ods.BulkLoad.Core.XmlMapBuilderTests.When_Creating_A_Map_For_StaffProgram_EdOrg_Id_Element" runstate="Runnable" result="Passed" duration="0.000350" asserts="0" />
                      <test-case id="6-1564" name="Returned_Xsd_Object_Should_For_Eductaion_Organization_Should_Have_String_Property_Type" fullname="EdFi.Ods.Tests.EdFi.Ods.BulkLoad.Core.XmlMapBuilderTests.When_Creating_A_Map_For_StaffProgram_EdOrg_Id_Element.Returned_Xsd_Object_Should_For_Eductaion_Organization_Should_Have_String_Property_Type" methodname="Returned_Xsd_Object_Should_For_Eductaion_Organization_Should_Have_String_Property_Type" classname="EdFi.Ods.Tests.EdFi.Ods.BulkLoad.Core.XmlMapBuilderTests.When_Creating_A_Map_For_StaffProgram_EdOrg_Id_Element" runstate="Runnable" result="Passed" duration="0.000068" asserts="0" />
                    </test-suite>
                    <test-suite type="TestFixture" id="6-1570" name="when_Creating_A_Map_For_StaffProgram_Program_Type_Element" fullname="EdFi.Ods.Tests.EdFi.Ods.BulkLoad.Core.XmlMapBuilderTests.when_Creating_A_Map_For_StaffProgram_Program_Type_Element" classname="EdFi.Ods.Tests.EdFi.Ods.BulkLoad.Core.XmlMapBuilderTests.when_Creating_A_Map_For_StaffProgram_Program_Type_Element" runstate="Runnable" testcasecount="3" result="Passed" duration="1.589427" total="3" passed="0" failed="0" inconclusive="0" skipped="0" asserts="0">
                      <test-case id="6-1572" name="Deserialized_Map_Should_Begin_With_Program_Reference_Step" fullname="EdFi.Ods.Tests.EdFi.Ods.BulkLoad.Core.XmlMapBuilderTests.when_Creating_A_Map_For_StaffProgram_Program_Type_Element.Deserialized_Map_Should_Begin_With_Program_Reference_Step" methodname="Deserialized_Map_Should_Begin_With_Program_Reference_Step" classname="EdFi.Ods.Tests.EdFi.Ods.BulkLoad.Core.XmlMapBuilderTests.when_Creating_A_Map_For_StaffProgram_Program_Type_Element" runstate="Runnable" result="Passed" duration="0.000885" asserts="0" />
                      <test-case id="6-1573" name="Deserialized_Map_Should_Have_Step_To_Program_Type_As_Next_Reference_If_No_Ref_Id_Exists" fullname="EdFi.Ods.Tests.EdFi.Ods.BulkLoad.Core.XmlMapBuilderTests.when_Creating_A_Map_For_StaffProgram_Program_Type_Element.Deserialized_Map_Should_Have_Step_To_Program_Type_As_Next_Reference_If_No_Ref_Id_Exists" methodname="Deserialized_Map_Should_Have_Step_To_Program_Type_As_Next_Reference_If_No_Ref_Id_Exists" classname="EdFi.Ods.Tests.EdFi.Ods.BulkLoad.Core.XmlMapBuilderTests.when_Creating_A_Map_For_StaffProgram_Program_Type_Element" runstate="Runnable" result="Passed" duration="0.000449" asserts="0" />
                      <test-case id="6-1571" name="Should_Return_Parsed_Object_Containing_Target_Element" fullname="EdFi.Ods.Tests.EdFi.Ods.BulkLoad.Core.XmlMapBuilderTests.when_Creating_A_Map_For_StaffProgram_Program_Type_Element.Should_Return_Parsed_Object_Containing_Target_Element" methodname="Should_Return_Parsed_Object_Containing_Target_Element" classname="EdFi.Ods.Tests.EdFi.Ods.BulkLoad.Core.XmlMapBuilderTests.when_Creating_A_Map_For_StaffProgram_Program_Type_Element" runstate="Runnable" result="Passed" duration="0.008441" asserts="0" />
                    </test-suite>
                    <test-suite type="TestFixture" id="6-1541" name="When_deserializing_a_RawStep_from_JSON" fullname="EdFi.Ods.Tests.EdFi.Ods.BulkLoad.Core.XmlMapBuilderTests.When_deserializing_a_RawStep_from_JSON" classname="EdFi.Ods.Tests.EdFi.Ods.BulkLoad.Core.XmlMapBuilderTests.When_deserializing_a_RawStep_from_JSON" runstate="Runnable" testcasecount="2" result="Passed" duration="0.181874" total="2" passed="0" failed="0" inconclusive="0" skipped="0" asserts="0">
                      <test-case id="6-1542" name="Should_deserialize_all_the_JSON_maps_identically_to_the_general_purpose_JSON_NET_serializer" fullname="EdFi.Ods.Tests.EdFi.Ods.BulkLoad.Core.XmlMapBuilderTests.When_deserializing_a_RawStep_from_JSON.Should_deserialize_all_the_JSON_maps_identically_to_the_general_purpose_JSON_NET_serializer" methodname="Should_deserialize_all_the_JSON_maps_identically_to_the_general_purpose_JSON_NET_serializer" classname="EdFi.Ods.Tests.EdFi.Ods.BulkLoad.Core.XmlMapBuilderTests.When_deserializing_a_RawStep_from_JSON" runstate="Runnable" result="Passed" duration="0.125119" asserts="688" />
                      <test-case id="6-1543" name="Should_serialize_the_JSON_maps_such_that_they_can_be_deserialized_with_complete_fidelity" fullname="EdFi.Ods.Tests.EdFi.Ods.BulkLoad.Core.XmlMapBuilderTests.When_deserializing_a_RawStep_from_JSON.Should_serialize_the_JSON_maps_such_that_they_can_be_deserialized_with_complete_fidelity" methodname="Should_serialize_the_JSON_maps_such_that_they_can_be_deserialized_with_complete_fidelity" classname="EdFi.Ods.Tests.EdFi.Ods.BulkLoad.Core.XmlMapBuilderTests.When_deserializing_a_RawStep_from_JSON" runstate="Runnable" result="Passed" duration="0.055279" asserts="688" />
                    </test-suite>
                    <test-suite type="TestFixture" id="6-1544" name="When_Mapping_StudentSectionAssociation" fullname="EdFi.Ods.Tests.EdFi.Ods.BulkLoad.Core.XmlMapBuilderTests.When_Mapping_StudentSectionAssociation" classname="EdFi.Ods.Tests.EdFi.Ods.BulkLoad.Core.XmlMapBuilderTests.When_Mapping_StudentSectionAssociation" runstate="Runnable" testcasecount="1" result="Passed" duration="1.629291" total="1" passed="0" failed="0" inconclusive="0" skipped="0" asserts="0">
                      <test-case id="6-1545" name="Should_Create_Map_To_ClassroomIdentification_Code" fullname="EdFi.Ods.Tests.EdFi.Ods.BulkLoad.Core.XmlMapBuilderTests.When_Mapping_StudentSectionAssociation.Should_Create_Map_To_ClassroomIdentification_Code" methodname="Should_Create_Map_To_ClassroomIdentification_Code" classname="EdFi.Ods.Tests.EdFi.Ods.BulkLoad.Core.XmlMapBuilderTests.When_Mapping_StudentSectionAssociation" runstate="Runnable" result="Passed" duration="0.000602" asserts="0" />
                    </test-suite>
                  </test-suite>
                </test-suite>
              </test-suite>
              <test-suite type="Namespace" id="6-3325" name="CodeGen" fullname="EdFi.Ods.Tests.EdFi.Ods.CodeGen" runstate="Runnable" testcasecount="129" result="Failed" duration="13.583412" total="129" passed="0" failed="0" inconclusive="0" skipped="0" asserts="0" site="Child">
                <failure>
                  <message><![CDATA[One or more child tests had errors]]></message>
                </failure>
                <test-suite type="Namespace" id="6-3330" name="DatabaseSchema" fullname="EdFi.Ods.Tests.EdFi.Ods.CodeGen.DatabaseSchema" runstate="Runnable" testcasecount="44" result="Passed" duration="0.320985" total="44" passed="0" failed="0" inconclusive="0" skipped="0" asserts="0">
                  <test-suite type="TestFixture" id="6-1413" name="When_profile_definition_excludes_a_resource_level_property_and_collection" fullname="EdFi.Ods.Tests.EdFi.Ods.CodeGen.DatabaseSchema.When_profile_definition_excludes_a_resource_level_property_and_collection" classname="EdFi.Ods.Tests.EdFi.Ods.CodeGen.DatabaseSchema.When_profile_definition_excludes_a_resource_level_property_and_collection" runstate="Runnable" testcasecount="6" result="Passed" duration="0.215779" total="6" passed="0" failed="0" inconclusive="0" skipped="0" asserts="0">
                    <test-case id="6-1419" name="Should_generate_unspecified_collection" fullname="EdFi.Ods.Tests.EdFi.Ods.CodeGen.DatabaseSchema.When_profile_definition_excludes_a_resource_level_property_and_collection.Should_generate_unspecified_collection" methodname="Should_generate_unspecified_collection" classname="EdFi.Ods.Tests.EdFi.Ods.CodeGen.DatabaseSchema.When_profile_definition_excludes_a_resource_level_property_and_collection" runstate="Runnable" result="Passed" duration="0.000220" asserts="0" />
                    <test-case id="6-1418" name="Should_generate_unspecified_object" fullname="EdFi.Ods.Tests.EdFi.Ods.CodeGen.DatabaseSchema.When_profile_definition_excludes_a_resource_level_property_and_collection.Should_generate_unspecified_object" methodname="Should_generate_unspecified_object" classname="EdFi.Ods.Tests.EdFi.Ods.CodeGen.DatabaseSchema.When_profile_definition_excludes_a_resource_level_property_and_collection" runstate="Runnable" result="Passed" duration="0.000186" asserts="0" />
                    <test-case id="6-1417" name="Should_generate_unspecified_property" fullname="EdFi.Ods.Tests.EdFi.Ods.CodeGen.DatabaseSchema.When_profile_definition_excludes_a_resource_level_property_and_collection.Should_generate_unspecified_property" methodname="Should_generate_unspecified_property" classname="EdFi.Ods.Tests.EdFi.Ods.CodeGen.DatabaseSchema.When_profile_definition_excludes_a_resource_level_property_and_collection" runstate="Runnable" result="Passed" duration="0.000186" asserts="0" />
                    <test-case id="6-1416" name="Should_NOT_generate_explicitly_excluded_collection" fullname="EdFi.Ods.Tests.EdFi.Ods.CodeGen.DatabaseSchema.When_profile_definition_excludes_a_resource_level_property_and_collection.Should_NOT_generate_explicitly_excluded_collection" methodname="Should_NOT_generate_explicitly_excluded_collection" classname="EdFi.Ods.Tests.EdFi.Ods.CodeGen.DatabaseSchema.When_profile_definition_excludes_a_resource_level_property_and_collection" runstate="Runnable" result="Passed" duration="0.000208" asserts="0" />
                    <test-case id="6-1415" name="Should_NOT_generate_explicitly_excluded_object" fullname="EdFi.Ods.Tests.EdFi.Ods.CodeGen.DatabaseSchema.When_profile_definition_excludes_a_resource_level_property_and_collection.Should_NOT_generate_explicitly_excluded_object" methodname="Should_NOT_generate_explicitly_excluded_object" classname="EdFi.Ods.Tests.EdFi.Ods.CodeGen.DatabaseSchema.When_profile_definition_excludes_a_resource_level_property_and_collection" runstate="Runnable" result="Passed" duration="0.000180" asserts="0" />
                    <test-case id="6-1414" name="Should_NOT_generate_explicitly_excluded_property" fullname="EdFi.Ods.Tests.EdFi.Ods.CodeGen.DatabaseSchema.When_profile_definition_excludes_a_resource_level_property_and_collection.Should_NOT_generate_explicitly_excluded_property" methodname="Should_NOT_generate_explicitly_excluded_property" classname="EdFi.Ods.Tests.EdFi.Ods.CodeGen.DatabaseSchema.When_profile_definition_excludes_a_resource_level_property_and_collection" runstate="Runnable" result="Passed" duration="0.000322" asserts="0" />
                  </test-suite>
                  <test-suite type="TestFixture" id="6-1420" name="When_profile_definition_excludes_all_resource_level_members" fullname="EdFi.Ods.Tests.EdFi.Ods.CodeGen.DatabaseSchema.When_profile_definition_excludes_all_resource_level_members" classname="EdFi.Ods.Tests.EdFi.Ods.CodeGen.DatabaseSchema.When_profile_definition_excludes_all_resource_level_members" runstate="Runnable" testcasecount="4" result="Passed" duration="0.006067" total="4" passed="0" failed="0" inconclusive="0" skipped="0" asserts="0">
                    <test-case id="6-1424" name="Should_NOT_generate_any_unspecified_members" fullname="EdFi.Ods.Tests.EdFi.Ods.CodeGen.DatabaseSchema.When_profile_definition_excludes_all_resource_level_members.Should_NOT_generate_any_unspecified_members" methodname="Should_NOT_generate_any_unspecified_members" classname="EdFi.Ods.Tests.EdFi.Ods.CodeGen.DatabaseSchema.When_profile_definition_excludes_all_resource_level_members" runstate="Runnable" result="Passed" duration="0.000321" asserts="0" />
                    <test-case id="6-1423" name="Should_NOT_generate_explicitly_excluded_collections" fullname="EdFi.Ods.Tests.EdFi.Ods.CodeGen.DatabaseSchema.When_profile_definition_excludes_all_resource_level_members.Should_NOT_generate_explicitly_excluded_collections" methodname="Should_NOT_generate_explicitly_excluded_collections" classname="EdFi.Ods.Tests.EdFi.Ods.CodeGen.DatabaseSchema.When_profile_definition_excludes_all_resource_level_members" runstate="Runnable" result="Passed" duration="0.000218" asserts="0" />
                    <test-case id="6-1422" name="Should_NOT_generate_explicitly_excluded_objects" fullname="EdFi.Ods.Tests.EdFi.Ods.CodeGen.DatabaseSchema.When_profile_definition_excludes_all_resource_level_members.Should_NOT_generate_explicitly_excluded_objects" methodname="Should_NOT_generate_explicitly_excluded_objects" classname="EdFi.Ods.Tests.EdFi.Ods.CodeGen.DatabaseSchema.When_profile_definition_excludes_all_resource_level_members" runstate="Runnable" result="Passed" duration="0.000199" asserts="0" />
                    <test-case id="6-1421" name="Should_NOT_generate_explicitly_excluded_properties" fullname="EdFi.Ods.Tests.EdFi.Ods.CodeGen.DatabaseSchema.When_profile_definition_excludes_all_resource_level_members.Should_NOT_generate_explicitly_excluded_properties" methodname="Should_NOT_generate_explicitly_excluded_properties" classname="EdFi.Ods.Tests.EdFi.Ods.CodeGen.DatabaseSchema.When_profile_definition_excludes_all_resource_level_members" runstate="Runnable" result="Passed" duration="0.000175" asserts="0" />
                  </test-suite>
                  <test-suite type="TestFixture" id="6-1441" name="When_profile_definition_has_multiple_resources_each_excluding_all_resource_level_members" fullname="EdFi.Ods.Tests.EdFi.Ods.CodeGen.DatabaseSchema.When_profile_definition_has_multiple_resources_each_excluding_all_resource_level_members" classname="EdFi.Ods.Tests.EdFi.Ods.CodeGen.DatabaseSchema.When_profile_definition_has_multiple_resources_each_excluding_all_resource_level_members" runstate="Runnable" testcasecount="2" result="Passed" duration="0.004989" total="2" passed="0" failed="0" inconclusive="0" skipped="0" asserts="0">
                    <test-case id="6-1442" name="Should_NOT_generate_all_members_for_the_specified_resourceone" fullname="EdFi.Ods.Tests.EdFi.Ods.CodeGen.DatabaseSchema.When_profile_definition_has_multiple_resources_each_excluding_all_resource_level_members.Should_NOT_generate_all_members_for_the_specified_resourceone" methodname="Should_NOT_generate_all_members_for_the_specified_resourceone" classname="EdFi.Ods.Tests.EdFi.Ods.CodeGen.DatabaseSchema.When_profile_definition_has_multiple_resources_each_excluding_all_resource_level_members" runstate="Runnable" result="Passed" duration="0.000453" asserts="0" />
                    <test-case id="6-1443" name="Should_NOT_generate_all_members_for_the_specified_resourcetwo" fullname="EdFi.Ods.Tests.EdFi.Ods.CodeGen.DatabaseSchema.When_profile_definition_has_multiple_resources_each_excluding_all_resource_level_members.Should_NOT_generate_all_members_for_the_specified_resourcetwo" methodname="Should_NOT_generate_all_members_for_the_specified_resourcetwo" classname="EdFi.Ods.Tests.EdFi.Ods.CodeGen.DatabaseSchema.When_profile_definition_has_multiple_resources_each_excluding_all_resource_level_members" runstate="Runnable" result="Passed" duration="0.000431" asserts="0" />
                  </test-suite>
                  <test-suite type="TestFixture" id="6-1438" name="When_profile_definition_has_multiple_resources_each_including_all_resource_level_members" fullname="EdFi.Ods.Tests.EdFi.Ods.CodeGen.DatabaseSchema.When_profile_definition_has_multiple_resources_each_including_all_resource_level_members" classname="EdFi.Ods.Tests.EdFi.Ods.CodeGen.DatabaseSchema.When_profile_definition_has_multiple_resources_each_including_all_resource_level_members" runstate="Runnable" testcasecount="2" result="Passed" duration="0.005169" total="2" passed="0" failed="0" inconclusive="0" skipped="0" asserts="0">
                    <test-case id="6-1439" name="Should_generate_all_members_for_the_specified_resourceone" fullname="EdFi.Ods.Tests.EdFi.Ods.CodeGen.DatabaseSchema.When_profile_definition_has_multiple_resources_each_including_all_resource_level_members.Should_generate_all_members_for_the_specified_resourceone" methodname="Should_generate_all_members_for_the_specified_resourceone" classname="EdFi.Ods.Tests.EdFi.Ods.CodeGen.DatabaseSchema.When_profile_definition_has_multiple_resources_each_including_all_resource_level_members" runstate="Runnable" result="Passed" duration="0.000509" asserts="0" />
                    <test-case id="6-1440" name="Should_generate_all_members_for_the_specified_resourcetwo" fullname="EdFi.Ods.Tests.EdFi.Ods.CodeGen.DatabaseSchema.When_profile_definition_has_multiple_resources_each_including_all_resource_level_members.Should_generate_all_members_for_the_specified_resourcetwo" methodname="Should_generate_all_members_for_the_specified_resourcetwo" classname="EdFi.Ods.Tests.EdFi.Ods.CodeGen.DatabaseSchema.When_profile_definition_has_multiple_resources_each_including_all_resource_level_members" runstate="Runnable" result="Passed" duration="0.000422" asserts="0" />
                  </test-suite>
                  <test-suite type="TestFixture" id="6-1406" name="When_profile_definition_includes_a_resource_level_collection_and_all_embedded_members" fullname="EdFi.Ods.Tests.EdFi.Ods.CodeGen.DatabaseSchema.When_profile_definition_includes_a_resource_level_collection_and_all_embedded_members" classname="EdFi.Ods.Tests.EdFi.Ods.CodeGen.DatabaseSchema.When_profile_definition_includes_a_resource_level_collection_and_all_embedded_members" runstate="Runnable" testcasecount="6" result="Passed" duration="0.012875" total="6" passed="0" failed="0" inconclusive="0" skipped="0" asserts="0">
                    <test-case id="6-1409" name="Should_generate_included_collection_embedded_collection" fullname="EdFi.Ods.Tests.EdFi.Ods.CodeGen.DatabaseSchema.When_profile_definition_includes_a_resource_level_collection_and_all_embedded_members.Should_generate_included_collection_embedded_collection" methodname="Should_generate_included_collection_embedded_collection" classname="EdFi.Ods.Tests.EdFi.Ods.CodeGen.DatabaseSchema.When_profile_definition_includes_a_resource_level_collection_and_all_embedded_members" runstate="Runnable" result="Passed" duration="0.000259" asserts="0" />
                    <test-case id="6-1408" name="Should_generate_included_collection_embedded_object" fullname="EdFi.Ods.Tests.EdFi.Ods.CodeGen.DatabaseSchema.When_profile_definition_includes_a_resource_level_collection_and_all_embedded_members.Should_generate_included_collection_embedded_object" methodname="Should_generate_included_collection_embedded_object" classname="EdFi.Ods.Tests.EdFi.Ods.CodeGen.DatabaseSchema.When_profile_definition_includes_a_resource_level_collection_and_all_embedded_members" runstate="Runnable" result="Passed" duration="0.000202" asserts="0" />
                    <test-case id="6-1407" name="Should_generate_included_collection_embedded_property" fullname="EdFi.Ods.Tests.EdFi.Ods.CodeGen.DatabaseSchema.When_profile_definition_includes_a_resource_level_collection_and_all_embedded_members.Should_generate_included_collection_embedded_property" methodname="Should_generate_included_collection_embedded_property" classname="EdFi.Ods.Tests.EdFi.Ods.CodeGen.DatabaseSchema.When_profile_definition_includes_a_resource_level_collection_and_all_embedded_members" runstate="Runnable" result="Passed" duration="0.000193" asserts="0" />
                    <test-case id="6-1412" name="Should_generate_unspecified_collection_collection" fullname="EdFi.Ods.Tests.EdFi.Ods.CodeGen.DatabaseSchema.When_profile_definition_includes_a_resource_level_collection_and_all_embedded_members.Should_generate_unspecified_collection_collection" methodname="Should_generate_unspecified_collection_collection" classname="EdFi.Ods.Tests.EdFi.Ods.CodeGen.DatabaseSchema.When_profile_definition_includes_a_resource_level_collection_and_all_embedded_members" runstate="Runnable" result="Passed" duration="0.000175" asserts="0" />
                    <test-case id="6-1411" name="Should_generate_unspecified_collection_object" fullname="EdFi.Ods.Tests.EdFi.Ods.CodeGen.DatabaseSchema.When_profile_definition_includes_a_resource_level_collection_and_all_embedded_members.Should_generate_unspecified_collection_object" methodname="Should_generate_unspecified_collection_object" classname="EdFi.Ods.Tests.EdFi.Ods.CodeGen.DatabaseSchema.When_profile_definition_includes_a_resource_level_collection_and_all_embedded_members" runstate="Runnable" result="Passed" duration="0.000185" asserts="0" />
                    <test-case id="6-1410" name="Should_generate_unspecified_collection_property" fullname="EdFi.Ods.Tests.EdFi.Ods.CodeGen.DatabaseSchema.When_profile_definition_includes_a_resource_level_collection_and_all_embedded_members.Should_generate_unspecified_collection_property" methodname="Should_generate_unspecified_collection_property" classname="EdFi.Ods.Tests.EdFi.Ods.CodeGen.DatabaseSchema.When_profile_definition_includes_a_resource_level_collection_and_all_embedded_members" runstate="Runnable" result="Passed" duration="0.000190" asserts="0" />
                  </test-suite>
                  <test-suite type="TestFixture" id="6-1390" name="When_profile_definition_includes_a_resource_level_property_and_collection" fullname="EdFi.Ods.Tests.EdFi.Ods.CodeGen.DatabaseSchema.When_profile_definition_includes_a_resource_level_property_and_collection" classname="EdFi.Ods.Tests.EdFi.Ods.CodeGen.DatabaseSchema.When_profile_definition_includes_a_resource_level_property_and_collection" runstate="Runnable" testcasecount="4" result="Passed" duration="0.006378" total="4" passed="0" failed="0" inconclusive="0" skipped="0" asserts="0">
                    <test-case id="6-1393" name="Should_generate_explicitly_included_collection" fullname="EdFi.Ods.Tests.EdFi.Ods.CodeGen.DatabaseSchema.When_profile_definition_includes_a_resource_level_property_and_collection.Should_generate_explicitly_included_collection" methodname="Should_generate_explicitly_included_collection" classname="EdFi.Ods.Tests.EdFi.Ods.CodeGen.DatabaseSchema.When_profile_definition_includes_a_resource_level_property_and_collection" runstate="Runnable" result="Passed" duration="0.000212" asserts="0" />
                    <test-case id="6-1392" name="Should_generate_explicitly_included_object" fullname="EdFi.Ods.Tests.EdFi.Ods.CodeGen.DatabaseSchema.When_profile_definition_includes_a_resource_level_property_and_collection.Should_generate_explicitly_included_object" methodname="Should_generate_explicitly_included_object" classname="EdFi.Ods.Tests.EdFi.Ods.CodeGen.DatabaseSchema.When_profile_definition_includes_a_resource_level_property_and_collection" runstate="Runnable" result="Passed" duration="0.000214" asserts="0" />
                    <test-case id="6-1391" name="Should_generate_explicitly_included_property" fullname="EdFi.Ods.Tests.EdFi.Ods.CodeGen.DatabaseSchema.When_profile_definition_includes_a_resource_level_property_and_collection.Should_generate_explicitly_included_property" methodname="Should_generate_explicitly_included_property" classname="EdFi.Ods.Tests.EdFi.Ods.CodeGen.DatabaseSchema.When_profile_definition_includes_a_resource_level_property_and_collection" runstate="Runnable" result="Passed" duration="0.000210" asserts="0" />
                    <test-case id="6-1394" name="Should_NOT_generate_any_of_the_unspecified_members" fullname="EdFi.Ods.Tests.EdFi.Ods.CodeGen.DatabaseSchema.When_profile_definition_includes_a_resource_level_property_and_collection.Should_NOT_generate_any_of_the_unspecified_members" methodname="Should_NOT_generate_any_of_the_unspecified_members" classname="EdFi.Ods.Tests.EdFi.Ods.CodeGen.DatabaseSchema.When_profile_definition_includes_a_resource_level_property_and_collection" runstate="Runnable" result="Passed" duration="0.000332" asserts="0" />
                  </test-suite>
                  <test-suite type="TestFixture" id="6-1395" name="When_profile_definition_includes_all_resource_level_members" fullname="EdFi.Ods.Tests.EdFi.Ods.CodeGen.DatabaseSchema.When_profile_definition_includes_all_resource_level_members" classname="EdFi.Ods.Tests.EdFi.Ods.CodeGen.DatabaseSchema.When_profile_definition_includes_all_resource_level_members" runstate="Runnable" testcasecount="4" result="Passed" duration="0.005560" total="4" passed="0" failed="0" inconclusive="0" skipped="0" asserts="0">
                    <test-case id="6-1399" name="Should_also_generate_unspecified_members" fullname="EdFi.Ods.Tests.EdFi.Ods.CodeGen.DatabaseSchema.When_profile_definition_includes_all_resource_level_members.Should_also_generate_unspecified_members" methodname="Should_also_generate_unspecified_members" classname="EdFi.Ods.Tests.EdFi.Ods.CodeGen.DatabaseSchema.When_profile_definition_includes_all_resource_level_members" runstate="Runnable" result="Passed" duration="0.000301" asserts="0" />
                    <test-case id="6-1398" name="Should_generate_explicitly_included_collection" fullname="EdFi.Ods.Tests.EdFi.Ods.CodeGen.DatabaseSchema.When_profile_definition_includes_all_resource_level_members.Should_generate_explicitly_included_collection" methodname="Should_generate_explicitly_included_collection" classname="EdFi.Ods.Tests.EdFi.Ods.CodeGen.DatabaseSchema.When_profile_definition_includes_all_resource_level_members" runstate="Runnable" result="Passed" duration="0.000162" asserts="0" />
                    <test-case id="6-1397" name="Should_generate_explicitly_included_object" fullname="EdFi.Ods.Tests.EdFi.Ods.CodeGen.DatabaseSchema.When_profile_definition_includes_all_resource_level_members.Should_generate_explicitly_included_object" methodname="Should_generate_explicitly_included_object" classname="EdFi.Ods.Tests.EdFi.Ods.CodeGen.DatabaseSchema.When_profile_definition_includes_all_resource_level_members" runstate="Runnable" result="Passed" duration="0.000157" asserts="0" />
                    <test-case id="6-1396" name="Should_generate_explicitly_included_property" fullname="EdFi.Ods.Tests.EdFi.Ods.CodeGen.DatabaseSchema.When_profile_definition_includes_all_resource_level_members.Should_generate_explicitly_included_property" methodname="Should_generate_explicitly_included_property" classname="EdFi.Ods.Tests.EdFi.Ods.CodeGen.DatabaseSchema.When_profile_definition_includes_all_resource_level_members" runstate="Runnable" result="Passed" duration="0.000152" asserts="0" />
                  </test-suite>
                  <test-suite type="TestFixture" id="6-1431" name="When_profile_defintion_excludes_a_resource_level_collection_and_all_embedded_members" fullname="EdFi.Ods.Tests.EdFi.Ods.CodeGen.DatabaseSchema.When_profile_defintion_excludes_a_resource_level_collection_and_all_embedded_members" classname="EdFi.Ods.Tests.EdFi.Ods.CodeGen.DatabaseSchema.When_profile_defintion_excludes_a_resource_level_collection_and_all_embedded_members" runstate="Runnable" testcasecount="6" result="Passed" duration="0.034614" total="6" passed="0" failed="0" inconclusive="0" skipped="0" asserts="0">
                    <test-case id="6-1437" name="Should_generate_unspecified_collection_collection" fullname="EdFi.Ods.Tests.EdFi.Ods.CodeGen.DatabaseSchema.When_profile_defintion_excludes_a_resource_level_collection_and_all_embedded_members.Should_generate_unspecified_collection_collection" methodname="Should_generate_unspecified_collection_collection" classname="EdFi.Ods.Tests.EdFi.Ods.CodeGen.DatabaseSchema.When_profile_defintion_excludes_a_resource_level_collection_and_all_embedded_members" runstate="Runnable" result="Passed" duration="0.000280" asserts="0" />
                    <test-case id="6-1436" name="Should_generate_unspecified_collection_object" fullname="EdFi.Ods.Tests.EdFi.Ods.CodeGen.DatabaseSchema.When_profile_defintion_excludes_a_resource_level_collection_and_all_embedded_members.Should_generate_unspecified_collection_object" methodname="Should_generate_unspecified_collection_object" classname="EdFi.Ods.Tests.EdFi.Ods.CodeGen.DatabaseSchema.When_profile_defintion_excludes_a_resource_level_collection_and_all_embedded_members" runstate="Runnable" result="Passed" duration="0.000240" asserts="0" />
                    <test-case id="6-1435" name="Should_generate_unspecified_collection_property" fullname="EdFi.Ods.Tests.EdFi.Ods.CodeGen.DatabaseSchema.When_profile_defintion_excludes_a_resource_level_collection_and_all_embedded_members.Should_generate_unspecified_collection_property" methodname="Should_generate_unspecified_collection_property" classname="EdFi.Ods.Tests.EdFi.Ods.CodeGen.DatabaseSchema.When_profile_defintion_excludes_a_resource_level_collection_and_all_embedded_members" runstate="Runnable" result="Passed" duration="0.000223" asserts="0" />
                    <test-case id="6-1434" name="Should_NOT_generate_excluded_collection_embedded_collection" fullname="EdFi.Ods.Tests.EdFi.Ods.CodeGen.DatabaseSchema.When_profile_defintion_excludes_a_resource_level_collection_and_all_embedded_members.Should_NOT_generate_excluded_collection_embedded_collection" methodname="Should_NOT_generate_excluded_collection_embedded_collection" classname="EdFi.Ods.Tests.EdFi.Ods.CodeGen.DatabaseSchema.When_profile_defintion_excludes_a_resource_level_collection_and_all_embedded_members" runstate="Runnable" result="Passed" duration="0.000277" asserts="0" />
                    <test-case id="6-1433" name="Should_NOT_generate_excluded_collection_embedded_object" fullname="EdFi.Ods.Tests.EdFi.Ods.CodeGen.DatabaseSchema.When_profile_defintion_excludes_a_resource_level_collection_and_all_embedded_members.Should_NOT_generate_excluded_collection_embedded_object" methodname="Should_NOT_generate_excluded_collection_embedded_object" classname="EdFi.Ods.Tests.EdFi.Ods.CodeGen.DatabaseSchema.When_profile_defintion_excludes_a_resource_level_collection_and_all_embedded_members" runstate="Runnable" result="Passed" duration="0.000384" asserts="0" />
                    <test-case id="6-1432" name="Should_NOT_generate_excluded_collection_embedded_property" fullname="EdFi.Ods.Tests.EdFi.Ods.CodeGen.DatabaseSchema.When_profile_defintion_excludes_a_resource_level_collection_and_all_embedded_members.Should_NOT_generate_excluded_collection_embedded_property" methodname="Should_NOT_generate_excluded_collection_embedded_property" classname="EdFi.Ods.Tests.EdFi.Ods.CodeGen.DatabaseSchema.When_profile_defintion_excludes_a_resource_level_collection_and_all_embedded_members" runstate="Runnable" result="Passed" duration="0.000216" asserts="0" />
                  </test-suite>
                  <test-suite type="TestFixture" id="6-1425" name="When_profile_defintion_excludes_a_resource_level_collection_and_an_embedded_collection_with_members" fullname="EdFi.Ods.Tests.EdFi.Ods.CodeGen.DatabaseSchema.When_profile_defintion_excludes_a_resource_level_collection_and_an_embedded_collection_with_members" classname="EdFi.Ods.Tests.EdFi.Ods.CodeGen.DatabaseSchema.When_profile_defintion_excludes_a_resource_level_collection_and_an_embedded_collection_with_members" runstate="Runnable" testcasecount="5" result="Passed" duration="0.010841" total="5" passed="0" failed="0" inconclusive="0" skipped="0" asserts="0">
                    <test-case id="6-1430" name="Should_generate_unspecified_collection_property" fullname="EdFi.Ods.Tests.EdFi.Ods.CodeGen.DatabaseSchema.When_profile_defintion_excludes_a_resource_level_collection_and_an_embedded_collection_with_members.Should_generate_unspecified_collection_property" methodname="Should_generate_unspecified_collection_property" classname="EdFi.Ods.Tests.EdFi.Ods.CodeGen.DatabaseSchema.When_profile_defintion_excludes_a_resource_level_collection_and_an_embedded_collection_with_members" runstate="Runnable" result="Passed" duration="0.000214" asserts="0" />
                    <test-case id="6-1429" name="Should_NOT_generate_explicity_excluded_collection_embedded_collection" fullname="EdFi.Ods.Tests.EdFi.Ods.CodeGen.DatabaseSchema.When_profile_defintion_excludes_a_resource_level_collection_and_an_embedded_collection_with_members.Should_NOT_generate_explicity_excluded_collection_embedded_collection" methodname="Should_NOT_generate_explicity_excluded_collection_embedded_collection" classname="EdFi.Ods.Tests.EdFi.Ods.CodeGen.DatabaseSchema.When_profile_defintion_excludes_a_resource_level_collection_and_an_embedded_collection_with_members" runstate="Runnable" result="Passed" duration="0.000178" asserts="0" />
                    <test-case id="6-1427" name="Should_NOT_generate_explicity_excluded_collection_embedded_object" fullname="EdFi.Ods.Tests.EdFi.Ods.CodeGen.DatabaseSchema.When_profile_defintion_excludes_a_resource_level_collection_and_an_embedded_collection_with_members.Should_NOT_generate_explicity_excluded_collection_embedded_object" methodname="Should_NOT_generate_explicity_excluded_collection_embedded_object" classname="EdFi.Ods.Tests.EdFi.Ods.CodeGen.DatabaseSchema.When_profile_defintion_excludes_a_resource_level_collection_and_an_embedded_collection_with_members" runstate="Runnable" result="Passed" duration="0.000174" asserts="0" />
                    <test-case id="6-1426" name="Should_NOT_generate_explicity_excluded_collection_embedded_property" fullname="EdFi.Ods.Tests.EdFi.Ods.CodeGen.DatabaseSchema.When_profile_defintion_excludes_a_resource_level_collection_and_an_embedded_collection_with_members.Should_NOT_generate_explicity_excluded_collection_embedded_property" methodname="Should_NOT_generate_explicity_excluded_collection_embedded_property" classname="EdFi.Ods.Tests.EdFi.Ods.CodeGen.DatabaseSchema.When_profile_defintion_excludes_a_resource_level_collection_and_an_embedded_collection_with_members" runstate="Runnable" result="Passed" duration="0.000193" asserts="0" />
                    <test-case id="6-1428" name="Should_NOT_generate_explicity_excluded_object_embedded_property" fullname="EdFi.Ods.Tests.EdFi.Ods.CodeGen.DatabaseSchema.When_profile_defintion_excludes_a_resource_level_collection_and_an_embedded_collection_with_members.Should_NOT_generate_explicity_excluded_object_embedded_property" methodname="Should_NOT_generate_explicity_excluded_object_embedded_property" classname="EdFi.Ods.Tests.EdFi.Ods.CodeGen.DatabaseSchema.When_profile_defintion_excludes_a_resource_level_collection_and_an_embedded_collection_with_members" runstate="Runnable" result="Passed" duration="0.000181" asserts="0" />
                  </test-suite>
                  <test-suite type="TestFixture" id="6-1400" name="When_profile_defintion_includes_a_resource_level_collection_and_an_embedded_collection_with_members" fullname="EdFi.Ods.Tests.EdFi.Ods.CodeGen.DatabaseSchema.When_profile_defintion_includes_a_resource_level_collection_and_an_embedded_collection_with_members" classname="EdFi.Ods.Tests.EdFi.Ods.CodeGen.DatabaseSchema.When_profile_defintion_includes_a_resource_level_collection_and_an_embedded_collection_with_members" runstate="Runnable" testcasecount="5" result="Passed" duration="0.008910" total="5" passed="0" failed="0" inconclusive="0" skipped="0" asserts="0">
                    <test-case id="6-1404" name="Should_generate_explicity_included_collection_embedded_collection" fullname="EdFi.Ods.Tests.EdFi.Ods.CodeGen.DatabaseSchema.When_profile_defintion_includes_a_resource_level_collection_and_an_embedded_collection_with_members.Should_generate_explicity_included_collection_embedded_collection" methodname="Should_generate_explicity_included_collection_embedded_collection" classname="EdFi.Ods.Tests.EdFi.Ods.CodeGen.DatabaseSchema.When_profile_defintion_includes_a_resource_level_collection_and_an_embedded_collection_with_members" runstate="Runnable" result="Passed" duration="0.000239" asserts="0" />
                    <test-case id="6-1402" name="Should_generate_explicity_included_collection_embedded_object" fullname="EdFi.Ods.Tests.EdFi.Ods.CodeGen.DatabaseSchema.When_profile_defintion_includes_a_resource_level_collection_and_an_embedded_collection_with_members.Should_generate_explicity_included_collection_embedded_object" methodname="Should_generate_explicity_included_collection_embedded_object" classname="EdFi.Ods.Tests.EdFi.Ods.CodeGen.DatabaseSchema.When_profile_defintion_includes_a_resource_level_collection_and_an_embedded_collection_with_members" runstate="Runnable" result="Passed" duration="0.000196" asserts="0" />
                    <test-case id="6-1401" name="Should_generate_explicity_included_collection_embedded_property" fullname="EdFi.Ods.Tests.EdFi.Ods.CodeGen.DatabaseSchema.When_profile_defintion_includes_a_resource_level_collection_and_an_embedded_collection_with_members.Should_generate_explicity_included_collection_embedded_property" methodname="Should_generate_explicity_included_collection_embedded_property" classname="EdFi.Ods.Tests.EdFi.Ods.CodeGen.DatabaseSchema.When_profile_defintion_includes_a_resource_level_collection_and_an_embedded_collection_with_members" runstate="Runnable" result="Passed" duration="0.000195" asserts="0" />
                    <test-case id="6-1403" name="Should_generate_explicity_included_object_property_embedded_object" fullname="EdFi.Ods.Tests.EdFi.Ods.CodeGen.DatabaseSchema.When_profile_defintion_includes_a_resource_level_collection_and_an_embedded_collection_with_members.Should_generate_explicity_included_object_property_embedded_object" methodname="Should_generate_explicity_included_object_property_embedded_object" classname="EdFi.Ods.Tests.EdFi.Ods.CodeGen.DatabaseSchema.When_profile_defintion_includes_a_resource_level_collection_and_an_embedded_collection_with_members" runstate="Runnable" result="Passed" duration="0.000185" asserts="0" />
                    <test-case id="6-1405" name="Should_NOT_generate_unspecified_collection_property" fullname="EdFi.Ods.Tests.EdFi.Ods.CodeGen.DatabaseSchema.When_profile_defintion_includes_a_resource_level_collection_and_an_embedded_collection_with_members.Should_NOT_generate_unspecified_collection_property" methodname="Should_NOT_generate_unspecified_collection_property" classname="EdFi.Ods.Tests.EdFi.Ods.CodeGen.DatabaseSchema.When_profile_defintion_includes_a_resource_level_collection_and_an_embedded_collection_with_members" runstate="Runnable" result="Passed" duration="0.000186" asserts="0" />
                  </test-suite>
                </test-suite>
                <test-suite type="TestFixture" id="6-1284" name="When_duplicate_profile_names_found_in_profiles_xml" fullname="EdFi.Ods.Tests.EdFi.Ods.CodeGen.When_duplicate_profile_names_found_in_profiles_xml" classname="EdFi.Ods.Tests.EdFi.Ods.CodeGen.When_duplicate_profile_names_found_in_profiles_xml" runstate="Runnable" testcasecount="1" result="Passed" duration="0.135957" total="1" passed="0" failed="0" inconclusive="0" skipped="0" asserts="0">
                  <test-case id="6-1285" name="Should_Throw_Duplicate_Profile_Exception" fullname="EdFi.Ods.Tests.EdFi.Ods.CodeGen.When_duplicate_profile_names_found_in_profiles_xml.Should_Throw_Duplicate_Profile_Exception" methodname="Should_Throw_Duplicate_Profile_Exception" classname="EdFi.Ods.Tests.EdFi.Ods.CodeGen.When_duplicate_profile_names_found_in_profiles_xml" runstate="Runnable" result="Passed" duration="0.003580" asserts="1" />
                </test-suite>
                <test-suite type="TestFixture" id="6-1292" name="When_invalid_property_name_found_in_profiles_xml" fullname="EdFi.Ods.Tests.EdFi.Ods.CodeGen.When_invalid_property_name_found_in_profiles_xml" classname="EdFi.Ods.Tests.EdFi.Ods.CodeGen.When_invalid_property_name_found_in_profiles_xml" runstate="Runnable" testcasecount="1" result="Passed" duration="0.080106" total="1" passed="0" failed="0" inconclusive="0" skipped="0" asserts="0">
                  <test-case id="6-1293" name="Should_Throw_Missing_Property_Exception" fullname="EdFi.Ods.Tests.EdFi.Ods.CodeGen.When_invalid_property_name_found_in_profiles_xml.Should_Throw_Missing_Property_Exception" methodname="Should_Throw_Missing_Property_Exception" classname="EdFi.Ods.Tests.EdFi.Ods.CodeGen.When_invalid_property_name_found_in_profiles_xml" runstate="Runnable" result="Passed" duration="0.016404" asserts="1" />
                </test-suite>
                <test-suite type="TestFixture" id="6-1294" name="When_invalid_property_reference_found_in_profiles_xml" fullname="EdFi.Ods.Tests.EdFi.Ods.CodeGen.When_invalid_property_reference_found_in_profiles_xml" classname="EdFi.Ods.Tests.EdFi.Ods.CodeGen.When_invalid_property_reference_found_in_profiles_xml" runstate="Runnable" testcasecount="1" result="Passed" duration="0.083104" total="1" passed="0" failed="0" inconclusive="0" skipped="0" asserts="0">
                  <test-case id="6-1295" name="Should_Throw_Invalid_Property_Reference_Exception" fullname="EdFi.Ods.Tests.EdFi.Ods.CodeGen.When_invalid_property_reference_found_in_profiles_xml.Should_Throw_Invalid_Property_Reference_Exception" methodname="Should_Throw_Invalid_Property_Reference_Exception" classname="EdFi.Ods.Tests.EdFi.Ods.CodeGen.When_invalid_property_reference_found_in_profiles_xml" runstate="Runnable" result="Passed" duration="0.006463" asserts="1" />
                </test-suite>
                <test-suite type="TestFixture" id="6-1286" name="When_invalid_resource_found_in_profiles_xml" fullname="EdFi.Ods.Tests.EdFi.Ods.CodeGen.When_invalid_resource_found_in_profiles_xml" classname="EdFi.Ods.Tests.EdFi.Ods.CodeGen.When_invalid_resource_found_in_profiles_xml" runstate="Runnable" testcasecount="1" result="Passed" duration="0.080370" total="1" passed="0" failed="0" inconclusive="0" skipped="0" asserts="0">
                  <test-case id="6-1287" name="Should_Throw_Invalid_Resource_Exception" fullname="EdFi.Ods.Tests.EdFi.Ods.CodeGen.When_invalid_resource_found_in_profiles_xml.Should_Throw_Invalid_Resource_Exception" methodname="Should_Throw_Invalid_Resource_Exception" classname="EdFi.Ods.Tests.EdFi.Ods.CodeGen.When_invalid_resource_found_in_profiles_xml" runstate="Runnable" result="Passed" duration="0.001014" asserts="1" />
                </test-suite>
                <test-suite type="TestFixture" id="6-1290" name="When_missing_incoming_reference_found_in_profiles_xml" fullname="EdFi.Ods.Tests.EdFi.Ods.CodeGen.When_missing_incoming_reference_found_in_profiles_xml" classname="EdFi.Ods.Tests.EdFi.Ods.CodeGen.When_missing_incoming_reference_found_in_profiles_xml" runstate="Runnable" testcasecount="1" result="Passed" duration="0.064206" total="1" passed="0" failed="0" inconclusive="0" skipped="0" asserts="0">
                  <test-case id="6-1291" name="Should_Throw_Incoming_Reference_Exception" fullname="EdFi.Ods.Tests.EdFi.Ods.CodeGen.When_missing_incoming_reference_found_in_profiles_xml.Should_Throw_Incoming_Reference_Exception" methodname="Should_Throw_Incoming_Reference_Exception" classname="EdFi.Ods.Tests.EdFi.Ods.CodeGen.When_missing_incoming_reference_found_in_profiles_xml" runstate="Runnable" result="Passed" duration="0.001041" asserts="1" />
                </test-suite>
                <test-suite type="TestFixture" id="6-1288" name="When_missing_key_for_resource_found_in_profiles_xml" fullname="EdFi.Ods.Tests.EdFi.Ods.CodeGen.When_missing_key_for_resource_found_in_profiles_xml" classname="EdFi.Ods.Tests.EdFi.Ods.CodeGen.When_missing_key_for_resource_found_in_profiles_xml" runstate="Runnable" testcasecount="1" result="Passed" duration="0.071247" total="1" passed="0" failed="0" inconclusive="0" skipped="0" asserts="0">
                  <test-case id="6-1289" name="Should_Throw_Missing_Foreign_Key_Exception" fullname="EdFi.Ods.Tests.EdFi.Ods.CodeGen.When_missing_key_for_resource_found_in_profiles_xml.Should_Throw_Missing_Foreign_Key_Exception" methodname="Should_Throw_Missing_Foreign_Key_Exception" classname="EdFi.Ods.Tests.EdFi.Ods.CodeGen.When_missing_key_for_resource_found_in_profiles_xml" runstate="Runnable" result="Passed" duration="0.001613" asserts="1" />
                </test-suite>
                <test-suite type="TestFixture" id="6-1296" name="When_valid_profiles_xml_file_provided" fullname="EdFi.Ods.Tests.EdFi.Ods.CodeGen.When_valid_profiles_xml_file_provided" classname="EdFi.Ods.Tests.EdFi.Ods.CodeGen.When_valid_profiles_xml_file_provided" runstate="Runnable" testcasecount="1" result="Passed" duration="0.155962" total="1" passed="0" failed="0" inconclusive="0" skipped="0" asserts="0">
                  <test-case id="6-1297" name="Should_Not_Throw_Exception" fullname="EdFi.Ods.Tests.EdFi.Ods.CodeGen.When_valid_profiles_xml_file_provided.Should_Not_Throw_Exception" methodname="Should_Not_Throw_Exception" classname="EdFi.Ods.Tests.EdFi.Ods.CodeGen.When_valid_profiles_xml_file_provided" runstate="Runnable" result="Passed" duration="0.056874" asserts="1" />
                </test-suite>
                <test-suite type="Namespace" id="6-3326" name="XmlShredding" fullname="EdFi.Ods.Tests.EdFi.Ods.CodeGen.XmlShredding" runstate="Runnable" testcasecount="67" result="Passed" duration="12.558532" total="67" passed="0" failed="0" inconclusive="0" skipped="0" asserts="0">
                  <test-suite type="TestFixture" id="6-1298" name="CodeGenEngineTests" fullname="EdFi.Ods.Tests.EdFi.Ods.CodeGen.XmlShredding.CodeGenEngineTests" classname="EdFi.Ods.Tests.EdFi.Ods.CodeGen.XmlShredding.CodeGenEngineTests" runstate="Ignored" testcasecount="15" result="Skipped" label="Ignored" duration="0.007901" total="15" passed="0" failed="0" inconclusive="0" skipped="0" asserts="0">
                    <properties>
                      <property name="_IGNOREREASON" value="These are brittle." />
                    </properties>
                    <reason>
                      <message><![CDATA[These are brittle.]]></message>
                    </reason>
                    <test-case id="6-1302" name="Aggregate_class_name_should_be_same_as_aggregate_root_suffixed_with_factory" fullname="EdFi.Ods.Tests.EdFi.Ods.CodeGen.XmlShredding.CodeGenEngineTests.Aggregate_class_name_should_be_same_as_aggregate_root_suffixed_with_factory" methodname="Aggregate_class_name_should_be_same_as_aggregate_root_suffixed_with_factory" classname="EdFi.Ods.Tests.EdFi.Ods.CodeGen.XmlShredding.CodeGenEngineTests" runstate="Ignored" result="Skipped" label="Ignored" duration="0.000000" asserts="0">
                      <properties>
                        <property name="_IGNOREREASON" value="These are brittle." />
                      </properties>
                      <reason>
                        <message><![CDATA[These are brittle.]]></message>
                      </reason>
                    </test-case>
                    <test-case id="6-1299" name="Aggregate_namespace_should_be_same_as_root_class" fullname="EdFi.Ods.Tests.EdFi.Ods.CodeGen.XmlShredding.CodeGenEngineTests.Aggregate_namespace_should_be_same_as_root_class" methodname="Aggregate_namespace_should_be_same_as_root_class" classname="EdFi.Ods.Tests.EdFi.Ods.CodeGen.XmlShredding.CodeGenEngineTests" runstate="Ignored" result="Skipped" label="Ignored" duration="0.000000" asserts="0">
                      <properties>
                        <property name="_IGNOREREASON" value="These are brittle." />
                      </properties>
                      <reason>
                        <message><![CDATA[These are brittle.]]></message>
                      </reason>
                    </test-case>
                    <test-case id="6-1300" name="Should_add_using_for_aggeragte_root_namespace" fullname="EdFi.Ods.Tests.EdFi.Ods.CodeGen.XmlShredding.CodeGenEngineTests.Should_add_using_for_aggeragte_root_namespace" methodname="Should_add_using_for_aggeragte_root_namespace" classname="EdFi.Ods.Tests.EdFi.Ods.CodeGen.XmlShredding.CodeGenEngineTests" runstate="Ignored" result="Skipped" label="Ignored" duration="0.000000" asserts="0">
                      <properties>
                        <property name="_IGNOREREASON" value="These are brittle." />
                      </properties>
                      <reason>
                        <message><![CDATA[These are brittle.]]></message>
                      </reason>
                    </test-case>
                    <test-case id="6-1301" name="Should_add_using_for_sub_class_namespace" fullname="EdFi.Ods.Tests.EdFi.Ods.CodeGen.XmlShredding.CodeGenEngineTests.Should_add_using_for_sub_class_namespace" methodname="Should_add_using_for_sub_class_namespace" classname="EdFi.Ods.Tests.EdFi.Ods.CodeGen.XmlShredding.CodeGenEngineTests" runstate="Ignored" result="Skipped" label="Ignored" duration="0.000000" asserts="0">
                      <properties>
                        <property name="_IGNOREREASON" value="These are brittle." />
                      </properties>
                      <reason>
                        <message><![CDATA[These are brittle.]]></message>
                      </reason>
                    </test-case>
                    <test-case id="6-1306" name="Should_generate_a_build_method_for_class_type_property" fullname="EdFi.Ods.Tests.EdFi.Ods.CodeGen.XmlShredding.CodeGenEngineTests.Should_generate_a_build_method_for_class_type_property" methodname="Should_generate_a_build_method_for_class_type_property" classname="EdFi.Ods.Tests.EdFi.Ods.CodeGen.XmlShredding.CodeGenEngineTests" runstate="Ignored" result="Skipped" label="Ignored" duration="0.000000" asserts="0">
                      <properties>
                        <property name="_IGNOREREASON" value="These are brittle." />
                      </properties>
                      <reason>
                        <message><![CDATA[These are brittle.]]></message>
                      </reason>
                    </test-case>
                    <test-case id="6-1308" name="Should_generate_a_build_method_for_property_of_type_list_of_class" fullname="EdFi.Ods.Tests.EdFi.Ods.CodeGen.XmlShredding.CodeGenEngineTests.Should_generate_a_build_method_for_property_of_type_list_of_class" methodname="Should_generate_a_build_method_for_property_of_type_list_of_class" classname="EdFi.Ods.Tests.EdFi.Ods.CodeGen.XmlShredding.CodeGenEngineTests" runstate="Ignored" result="Skipped" label="Ignored" duration="0.000000" asserts="0">
                      <properties>
                        <property name="_IGNOREREASON" value="These are brittle." />
                      </properties>
                      <reason>
                        <message><![CDATA[These are brittle.]]></message>
                      </reason>
                    </test-case>
                    <test-case id="6-1305" name="Should_generate_assignment_for_class_type_property" fullname="EdFi.Ods.Tests.EdFi.Ods.CodeGen.XmlShredding.CodeGenEngineTests.Should_generate_assignment_for_class_type_property" methodname="Should_generate_assignment_for_class_type_property" classname="EdFi.Ods.Tests.EdFi.Ods.CodeGen.XmlShredding.CodeGenEngineTests" runstate="Ignored" result="Skipped" label="Ignored" duration="0.000000" asserts="0">
                      <properties>
                        <property name="_IGNOREREASON" value="These are brittle." />
                      </properties>
                      <reason>
                        <message><![CDATA[These are brittle.]]></message>
                      </reason>
                    </test-case>
                    <test-case id="6-1312" name="Should_generate_assignment_for_foreign_key_property" fullname="EdFi.Ods.Tests.EdFi.Ods.CodeGen.XmlShredding.CodeGenEngineTests.Should_generate_assignment_for_foreign_key_property" methodname="Should_generate_assignment_for_foreign_key_property" classname="EdFi.Ods.Tests.EdFi.Ods.CodeGen.XmlShredding.CodeGenEngineTests" runstate="Ignored" result="Skipped" label="Ignored" duration="0.000000" asserts="0">
                      <properties>
                        <property name="_IGNOREREASON" value="These are brittle." />
                      </properties>
                      <reason>
                        <message><![CDATA[These are brittle.]]></message>
                      </reason>
                    </test-case>
                    <test-case id="6-1311" name="Should_generate_assignment_for_inline_type_property_of_nullable_value_type" fullname="EdFi.Ods.Tests.EdFi.Ods.CodeGen.XmlShredding.CodeGenEngineTests.Should_generate_assignment_for_inline_type_property_of_nullable_value_type" methodname="Should_generate_assignment_for_inline_type_property_of_nullable_value_type" classname="EdFi.Ods.Tests.EdFi.Ods.CodeGen.XmlShredding.CodeGenEngineTests" runstate="Ignored" result="Skipped" label="Ignored" duration="0.000000" asserts="0">
                      <properties>
                        <property name="_IGNOREREASON" value="These are brittle." />
                      </properties>
                      <reason>
                        <message><![CDATA[These are brittle.]]></message>
                      </reason>
                    </test-case>
                    <test-case id="6-1310" name="Should_generate_assignment_for_inline_type_property_of_type_string" fullname="EdFi.Ods.Tests.EdFi.Ods.CodeGen.XmlShredding.CodeGenEngineTests.Should_generate_assignment_for_inline_type_property_of_type_string" methodname="Should_generate_assignment_for_inline_type_property_of_type_string" classname="EdFi.Ods.Tests.EdFi.Ods.CodeGen.XmlShredding.CodeGenEngineTests" runstate="Ignored" result="Skipped" label="Ignored" duration="0.000000" asserts="0">
                      <properties>
                        <property name="_IGNOREREASON" value="These are brittle." />
                      </properties>
                      <reason>
                        <message><![CDATA[These are brittle.]]></message>
                      </reason>
                    </test-case>
                    <test-case id="6-1309" name="Should_generate_assignment_for_inline_type_property_of_value_type" fullname="EdFi.Ods.Tests.EdFi.Ods.CodeGen.XmlShredding.CodeGenEngineTests.Should_generate_assignment_for_inline_type_property_of_value_type" methodname="Should_generate_assignment_for_inline_type_property_of_value_type" classname="EdFi.Ods.Tests.EdFi.Ods.CodeGen.XmlShredding.CodeGenEngineTests" runstate="Ignored" result="Skipped" label="Ignored" duration="0.000000" asserts="0">
                      <properties>
                        <property name="_IGNOREREASON" value="These are brittle." />
                      </properties>
                      <reason>
                        <message><![CDATA[These are brittle.]]></message>
                      </reason>
                    </test-case>
                    <test-case id="6-1307" name="Should_generate_assignment_for_property_of_type_list_of_class" fullname="EdFi.Ods.Tests.EdFi.Ods.CodeGen.XmlShredding.CodeGenEngineTests.Should_generate_assignment_for_property_of_type_list_of_class" methodname="Should_generate_assignment_for_property_of_type_list_of_class" classname="EdFi.Ods.Tests.EdFi.Ods.CodeGen.XmlShredding.CodeGenEngineTests" runstate="Ignored" result="Skipped" label="Ignored" duration="0.000000" asserts="0">
                      <properties>
                        <property name="_IGNOREREASON" value="These are brittle." />
                      </properties>
                      <reason>
                        <message><![CDATA[These are brittle.]]></message>
                      </reason>
                    </test-case>
                    <test-case id="6-1304" name="Should_generate_assignment_for_simple_property" fullname="EdFi.Ods.Tests.EdFi.Ods.CodeGen.XmlShredding.CodeGenEngineTests.Should_generate_assignment_for_simple_property" methodname="Should_generate_assignment_for_simple_property" classname="EdFi.Ods.Tests.EdFi.Ods.CodeGen.XmlShredding.CodeGenEngineTests" runstate="Ignored" result="Skipped" label="Ignored" duration="0.000000" asserts="0">
                      <properties>
                        <property name="_IGNOREREASON" value="These are brittle." />
                      </properties>
                      <reason>
                        <message><![CDATA[These are brittle.]]></message>
                      </reason>
                    </test-case>
                    <test-case id="6-1303" name="Should_generate_public_methed_Build" fullname="EdFi.Ods.Tests.EdFi.Ods.CodeGen.XmlShredding.CodeGenEngineTests.Should_generate_public_methed_Build" methodname="Should_generate_public_methed_Build" classname="EdFi.Ods.Tests.EdFi.Ods.CodeGen.XmlShredding.CodeGenEngineTests" runstate="Ignored" result="Skipped" label="Ignored" duration="0.000000" asserts="0">
                      <properties>
                        <property name="_IGNOREREASON" value="These are brittle." />
                      </properties>
                      <reason>
                        <message><![CDATA[These are brittle.]]></message>
                      </reason>
                    </test-case>
                    <test-case id="6-1313" name="Should_Set_Int32_Foreign_Key_Property_to_correct_Type" fullname="EdFi.Ods.Tests.EdFi.Ods.CodeGen.XmlShredding.CodeGenEngineTests.Should_Set_Int32_Foreign_Key_Property_to_correct_Type" methodname="Should_Set_Int32_Foreign_Key_Property_to_correct_Type" classname="EdFi.Ods.Tests.EdFi.Ods.CodeGen.XmlShredding.CodeGenEngineTests" runstate="Ignored" result="Skipped" label="Ignored" duration="0.000000" asserts="0">
                      <properties>
                        <property name="_IGNOREREASON" value="These are brittle." />
                      </properties>
                      <reason>
                        <message><![CDATA[These are brittle.]]></message>
                      </reason>
                    </test-case>
                  </test-suite>
                  <test-suite type="Namespace" id="6-3327" name="EntityMetadataManagerTests" fullname="EdFi.Ods.Tests.EdFi.Ods.CodeGen.XmlShredding.EntityMetadataManagerTests" runstate="Runnable" testcasecount="22" result="Passed" duration="5.222856" total="22" passed="0" failed="0" inconclusive="0" skipped="0" asserts="0">
                    <test-suite type="TestFixture" id="6-1355" name="EntityMetadataManagerTests" fullname="EdFi.Ods.Tests.EdFi.Ods.CodeGen.XmlShredding.EntityMetadataManagerTests.EntityMetadataManagerTests" classname="EdFi.Ods.Tests.EdFi.Ods.CodeGen.XmlShredding.EntityMetadataManagerTests.EntityMetadataManagerTests" runstate="Runnable" testcasecount="19" result="Passed" duration="1.804645" total="19" passed="0" failed="0" inconclusive="0" skipped="0" asserts="0">
                      <test-case id="6-1374" name="Should_Load_All_Members_Of_Bell_Schedule" fullname="EdFi.Ods.Tests.EdFi.Ods.CodeGen.XmlShredding.EntityMetadataManagerTests.EntityMetadataManagerTests.Should_Load_All_Members_Of_Bell_Schedule" methodname="Should_Load_All_Members_Of_Bell_Schedule" classname="EdFi.Ods.Tests.EdFi.Ods.CodeGen.XmlShredding.EntityMetadataManagerTests.EntityMetadataManagerTests" runstate="Ignored" result="Skipped" label="Ignored" duration="0.000019" asserts="0">
                        <properties>
                          <property name="_IGNOREREASON" value="Need to check with Q - looks like this is being parsed incorrectly." />
                        </properties>
                        <reason>
                          <message><![CDATA[Need to check with Q - looks like this is being parsed incorrectly.]]></message>
                        </reason>
                      </test-case>
                      <test-case id="6-1358" name="When_Given_an_Aggregate_Entity_Should_Determine_Resource_Namespace" fullname="EdFi.Ods.Tests.EdFi.Ods.CodeGen.XmlShredding.EntityMetadataManagerTests.EntityMetadataManagerTests.When_Given_an_Aggregate_Entity_Should_Determine_Resource_Namespace" methodname="When_Given_an_Aggregate_Entity_Should_Determine_Resource_Namespace" classname="EdFi.Ods.Tests.EdFi.Ods.CodeGen.XmlShredding.EntityMetadataManagerTests.EntityMetadataManagerTests" runstate="Runnable" result="Passed" duration="0.045615" asserts="0" />
                      <test-case id="6-1359" name="When_Given_an_Aggregate_Should_Determine_EntityInterface" fullname="EdFi.Ods.Tests.EdFi.Ods.CodeGen.XmlShredding.EntityMetadataManagerTests.EntityMetadataManagerTests.When_Given_an_Aggregate_Should_Determine_EntityInterface" methodname="When_Given_an_Aggregate_Should_Determine_EntityInterface" classname="EdFi.Ods.Tests.EdFi.Ods.CodeGen.XmlShredding.EntityMetadataManagerTests.EntityMetadataManagerTests" runstate="Runnable" result="Passed" duration="0.001613" asserts="0" />
                      <test-case id="6-1356" name="When_Given_an_Entity_Should_Determine_Name" fullname="EdFi.Ods.Tests.EdFi.Ods.CodeGen.XmlShredding.EntityMetadataManagerTests.EntityMetadataManagerTests.When_Given_an_Entity_Should_Determine_Name" methodname="When_Given_an_Entity_Should_Determine_Name" classname="EdFi.Ods.Tests.EdFi.Ods.CodeGen.XmlShredding.EntityMetadataManagerTests.EntityMetadataManagerTests" runstate="Runnable" result="Passed" duration="0.001345" asserts="0" />
                      <test-case id="6-1357" name="When_Given_an_Entity_Should_Determine_Resource_Namespace" fullname="EdFi.Ods.Tests.EdFi.Ods.CodeGen.XmlShredding.EntityMetadataManagerTests.EntityMetadataManagerTests.When_Given_an_Entity_Should_Determine_Resource_Namespace" methodname="When_Given_an_Entity_Should_Determine_Resource_Namespace" classname="EdFi.Ods.Tests.EdFi.Ods.CodeGen.XmlShredding.EntityMetadataManagerTests.EntityMetadataManagerTests" runstate="Runnable" result="Passed" duration="0.001676" asserts="0" />
                      <test-case id="6-1361" name="When_Given_An_Entity_That_Is_An_Extended_Descriptor_Reference_Should_Correctly_Identify_The_Interface" fullname="EdFi.Ods.Tests.EdFi.Ods.CodeGen.XmlShredding.EntityMetadataManagerTests.EntityMetadataManagerTests.When_Given_An_Entity_That_Is_An_Extended_Descriptor_Reference_Should_Correctly_Identify_The_Interface" methodname="When_Given_An_Entity_That_Is_An_Extended_Descriptor_Reference_Should_Correctly_Identify_The_Interface" classname="EdFi.Ods.Tests.EdFi.Ods.CodeGen.XmlShredding.EntityMetadataManagerTests.EntityMetadataManagerTests" runstate="Ignored" result="Skipped" label="Ignored" duration="0.000010" asserts="0">
                        <properties>
                          <property name="_IGNOREREASON" value="No longer any scenarios in data standard for descriptor with collection property, see ODS-1748." />
                        </properties>
                        <reason>
                          <message><![CDATA[No longer any scenarios in data standard for descriptor with collection property, see ODS-1748.]]></message>
                        </reason>
                      </test-case>
                      <test-case id="6-1367" name="When_Given_An_Entity_With_A_datetime_property_type_Should_Correctly_Identify_the_Type" fullname="EdFi.Ods.Tests.EdFi.Ods.CodeGen.XmlShredding.EntityMetadataManagerTests.EntityMetadataManagerTests.When_Given_An_Entity_With_A_datetime_property_type_Should_Correctly_Identify_the_Type" methodname="When_Given_An_Entity_With_A_datetime_property_type_Should_Correctly_Identify_the_Type" classname="EdFi.Ods.Tests.EdFi.Ods.CodeGen.XmlShredding.EntityMetadataManagerTests.EntityMetadataManagerTests" runstate="Runnable" result="Passed" duration="0.003562" asserts="0" />
                      <test-case id="6-1364" name="When_Given_An_Entity_With_A_nullable_boolean_property_type_Should_Correctly_Identify_the_Type" fullname="EdFi.Ods.Tests.EdFi.Ods.CodeGen.XmlShredding.EntityMetadataManagerTests.EntityMetadataManagerTests.When_Given_An_Entity_With_A_nullable_boolean_property_type_Should_Correctly_Identify_the_Type" methodname="When_Given_An_Entity_With_A_nullable_boolean_property_type_Should_Correctly_Identify_the_Type" classname="EdFi.Ods.Tests.EdFi.Ods.CodeGen.XmlShredding.EntityMetadataManagerTests.EntityMetadataManagerTests" runstate="Runnable" result="Passed" duration="0.002156" asserts="0" />
                      <test-case id="6-1366" name="When_Given_An_Entity_With_A_nullable_datetime_property_type_Should_Correctly_Identify_the_Type" fullname="EdFi.Ods.Tests.EdFi.Ods.CodeGen.XmlShredding.EntityMetadataManagerTests.EntityMetadataManagerTests.When_Given_An_Entity_With_A_nullable_datetime_property_type_Should_Correctly_Identify_the_Type" methodname="When_Given_An_Entity_With_A_nullable_datetime_property_type_Should_Correctly_Identify_the_Type" classname="EdFi.Ods.Tests.EdFi.Ods.CodeGen.XmlShredding.EntityMetadataManagerTests.EntityMetadataManagerTests" runstate="Runnable" result="Passed" duration="0.001893" asserts="0" />
                      <test-case id="6-1365" name="When_Given_An_Entity_With_A_nullable_int_property_type_Should_Correctly_Identify_the_Type" fullname="EdFi.Ods.Tests.EdFi.Ods.CodeGen.XmlShredding.EntityMetadataManagerTests.EntityMetadataManagerTests.When_Given_An_Entity_With_A_nullable_int_property_type_Should_Correctly_Identify_the_Type" methodname="When_Given_An_Entity_With_A_nullable_int_property_type_Should_Correctly_Identify_the_Type" classname="EdFi.Ods.Tests.EdFi.Ods.CodeGen.XmlShredding.EntityMetadataManagerTests.EntityMetadataManagerTests" runstate="Runnable" result="Passed" duration="0.002280" asserts="0" />
                      <test-case id="6-1363" name="When_Given_An_Entity_With_A_short_property_type_Should_Correctly_Identify_the_Type" fullname="EdFi.Ods.Tests.EdFi.Ods.CodeGen.XmlShredding.EntityMetadataManagerTests.EntityMetadataManagerTests.When_Given_An_Entity_With_A_short_property_type_Should_Correctly_Identify_the_Type" methodname="When_Given_An_Entity_With_A_short_property_type_Should_Correctly_Identify_the_Type" classname="EdFi.Ods.Tests.EdFi.Ods.CodeGen.XmlShredding.EntityMetadataManagerTests.EntityMetadataManagerTests" runstate="Runnable" result="Passed" duration="0.002101" asserts="0" />
                      <test-case id="6-1362" name="When_Given_An_Entity_With_An_Extended_Descriptor_Reference_Should_Return_It_As_Entity_Collection" fullname="EdFi.Ods.Tests.EdFi.Ods.CodeGen.XmlShredding.EntityMetadataManagerTests.EntityMetadataManagerTests.When_Given_An_Entity_With_An_Extended_Descriptor_Reference_Should_Return_It_As_Entity_Collection" methodname="When_Given_An_Entity_With_An_Extended_Descriptor_Reference_Should_Return_It_As_Entity_Collection" classname="EdFi.Ods.Tests.EdFi.Ods.CodeGen.XmlShredding.EntityMetadataManagerTests.EntityMetadataManagerTests" runstate="Ignored" result="Skipped" label="Ignored" duration="0.000018" asserts="0">
                        <properties>
                          <property name="_IGNOREREASON" value="No longer any scenarios in data standard for descriptor with collection property, see ODS-1748." />
                        </properties>
                        <reason>
                          <message><![CDATA[No longer any scenarios in data standard for descriptor with collection property, see ODS-1748.]]></message>
                        </reason>
                      </test-case>
                      <test-case id="6-1368" name="When_Given_An_Entity_With_At_Least_One_InLine_Entity_Collection_And_Asked_For_Them_Should_Return_All" fullname="EdFi.Ods.Tests.EdFi.Ods.CodeGen.XmlShredding.EntityMetadataManagerTests.EntityMetadataManagerTests.When_Given_An_Entity_With_At_Least_One_InLine_Entity_Collection_And_Asked_For_Them_Should_Return_All" methodname="When_Given_An_Entity_With_At_Least_One_InLine_Entity_Collection_And_Asked_For_Them_Should_Return_All" classname="EdFi.Ods.Tests.EdFi.Ods.CodeGen.XmlShredding.EntityMetadataManagerTests.EntityMetadataManagerTests" runstate="Runnable" result="Passed" duration="0.008734" asserts="0" />
                      <test-case id="6-1360" name="When_Given_An_Entity_With_At_Least_One_Single_Value_Property_Should_Generate_SimplePropertyObject" fullname="EdFi.Ods.Tests.EdFi.Ods.CodeGen.XmlShredding.EntityMetadataManagerTests.EntityMetadataManagerTests.When_Given_An_Entity_With_At_Least_One_Single_Value_Property_Should_Generate_SimplePropertyObject" methodname="When_Given_An_Entity_With_At_Least_One_Single_Value_Property_Should_Generate_SimplePropertyObject" classname="EdFi.Ods.Tests.EdFi.Ods.CodeGen.XmlShredding.EntityMetadataManagerTests.EntityMetadataManagerTests" runstate="Runnable" result="Passed" duration="0.013263" asserts="0" />
                      <test-case id="6-1371" name="When_Given_Entity_With_An_Entity_Collection_That_is_Predicated_On_A_Collection_Of_Foreign_Key_Entities_Should_Return_As_Entity_Collection" fullname="EdFi.Ods.Tests.EdFi.Ods.CodeGen.XmlShredding.EntityMetadataManagerTests.EntityMetadataManagerTests.When_Given_Entity_With_An_Entity_Collection_That_is_Predicated_On_A_Collection_Of_Foreign_Key_Entities_Should_Return_As_Entity_Collection" methodname="When_Given_Entity_With_An_Entity_Collection_That_is_Predicated_On_A_Collection_Of_Foreign_Key_Entities_Should_Return_As_Entity_Collection" classname="EdFi.Ods.Tests.EdFi.Ods.CodeGen.XmlShredding.EntityMetadataManagerTests.EntityMetadataManagerTests" runstate="Runnable" result="Passed" duration="0.003532" asserts="0" />
                      <test-case id="6-1369" name="When_Given_Entity_With_At_least_one_Entity_And_Asked_For_Them_Should_Return_All" fullname="EdFi.Ods.Tests.EdFi.Ods.CodeGen.XmlShredding.EntityMetadataManagerTests.EntityMetadataManagerTests.When_Given_Entity_With_At_least_one_Entity_And_Asked_For_Them_Should_Return_All" methodname="When_Given_Entity_With_At_least_one_Entity_And_Asked_For_Them_Should_Return_All" classname="EdFi.Ods.Tests.EdFi.Ods.CodeGen.XmlShredding.EntityMetadataManagerTests.EntityMetadataManagerTests" runstate="Runnable" result="Passed" duration="0.003109" asserts="0" />
                      <test-case id="6-1370" name="When_given_Entity_With_At_Least_one_Entity_Collection_And_Asked_For_Them_Should_return_All" fullname="EdFi.Ods.Tests.EdFi.Ods.CodeGen.XmlShredding.EntityMetadataManagerTests.EntityMetadataManagerTests.When_given_Entity_With_At_Least_one_Entity_Collection_And_Asked_For_Them_Should_return_All" methodname="When_given_Entity_With_At_Least_one_Entity_Collection_And_Asked_For_Them_Should_return_All" classname="EdFi.Ods.Tests.EdFi.Ods.CodeGen.XmlShredding.EntityMetadataManagerTests.EntityMetadataManagerTests" runstate="Runnable" result="Passed" duration="0.003001" asserts="0" />
                      <test-case id="6-1373" name="When_Given_Entity_With_At_Least_One_Foreign_Key_Property_And_Asked_For_Them_Should_Return_All" fullname="EdFi.Ods.Tests.EdFi.Ods.CodeGen.XmlShredding.EntityMetadataManagerTests.EntityMetadataManagerTests.When_Given_Entity_With_At_Least_One_Foreign_Key_Property_And_Asked_For_Them_Should_Return_All" methodname="When_Given_Entity_With_At_Least_One_Foreign_Key_Property_And_Asked_For_Them_Should_Return_All" classname="EdFi.Ods.Tests.EdFi.Ods.CodeGen.XmlShredding.EntityMetadataManagerTests.EntityMetadataManagerTests" runstate="Runnable" result="Passed" duration="0.025347" asserts="0" />
                      <test-case id="6-1372" name="When_Given_Extended_Reference_Entity_Should_Only_Return_Foreign_Key_Properties" fullname="EdFi.Ods.Tests.EdFi.Ods.CodeGen.XmlShredding.EntityMetadataManagerTests.EntityMetadataManagerTests.When_Given_Extended_Reference_Entity_Should_Only_Return_Foreign_Key_Properties" methodname="When_Given_Extended_Reference_Entity_Should_Only_Return_Foreign_Key_Properties" classname="EdFi.Ods.Tests.EdFi.Ods.CodeGen.XmlShredding.EntityMetadataManagerTests.EntityMetadataManagerTests" runstate="Runnable" result="Passed" duration="0.003705" asserts="0" />
                    </test-suite>
                    <test-suite type="TestFixture" id="6-1350" name="StudentDisciplineTests" fullname="EdFi.Ods.Tests.EdFi.Ods.CodeGen.XmlShredding.EntityMetadataManagerTests.StudentDisciplineTests" classname="EdFi.Ods.Tests.EdFi.Ods.CodeGen.XmlShredding.EntityMetadataManagerTests.StudentDisciplineTests" runstate="Runnable" testcasecount="1" result="Passed" duration="1.772928" total="1" passed="0" failed="0" inconclusive="0" skipped="0" asserts="0">
                      <test-case id="6-1351" name="Given_DisciplineIncident_Xsd_Should" fullname="EdFi.Ods.Tests.EdFi.Ods.CodeGen.XmlShredding.EntityMetadataManagerTests.StudentDisciplineTests.Given_DisciplineIncident_Xsd_Should" methodname="Given_DisciplineIncident_Xsd_Should" classname="EdFi.Ods.Tests.EdFi.Ods.CodeGen.XmlShredding.EntityMetadataManagerTests.StudentDisciplineTests" runstate="Runnable" result="Passed" duration="0.003228" asserts="0" />
                    </test-suite>
                    <test-suite type="TestFixture" id="6-1352" name="StudentTests" fullname="EdFi.Ods.Tests.EdFi.Ods.CodeGen.XmlShredding.EntityMetadataManagerTests.StudentTests" classname="EdFi.Ods.Tests.EdFi.Ods.CodeGen.XmlShredding.EntityMetadataManagerTests.StudentTests" runstate="Runnable" testcasecount="2" result="Passed" duration="1.639561" total="2" passed="0" failed="0" inconclusive="0" skipped="0" asserts="0">
                      <test-case id="6-1354" name="Given_Student_SHould_IDentify_Birthdate_As_Nested_Value" fullname="EdFi.Ods.Tests.EdFi.Ods.CodeGen.XmlShredding.EntityMetadataManagerTests.StudentTests.Given_Student_SHould_IDentify_Birthdate_As_Nested_Value" methodname="Given_Student_SHould_IDentify_Birthdate_As_Nested_Value" classname="EdFi.Ods.Tests.EdFi.Ods.CodeGen.XmlShredding.EntityMetadataManagerTests.StudentTests" runstate="Runnable" result="Passed" duration="0.001748" asserts="0" />
                      <test-case id="6-1353" name="When_Parsing_Student_Should_Identify_HispanicLatinoEthnicity_As_Bool" fullname="EdFi.Ods.Tests.EdFi.Ods.CodeGen.XmlShredding.EntityMetadataManagerTests.StudentTests.When_Parsing_Student_Should_Identify_HispanicLatinoEthnicity_As_Bool" methodname="When_Parsing_Student_Should_Identify_HispanicLatinoEthnicity_As_Bool" classname="EdFi.Ods.Tests.EdFi.Ods.CodeGen.XmlShredding.EntityMetadataManagerTests.StudentTests" runstate="Runnable" result="Passed" duration="0.001058" asserts="0" />
                    </test-suite>
                  </test-suite>
                  <test-suite type="TestFixture" id="6-1333" name="EntityTypePropertyTests" fullname="EdFi.Ods.Tests.EdFi.Ods.CodeGen.XmlShredding.EntityTypePropertyTests" classname="EdFi.Ods.Tests.EdFi.Ods.CodeGen.XmlShredding.EntityTypePropertyTests" runstate="Runnable" testcasecount="3" result="Passed" duration="1.764071" total="3" passed="0" failed="0" inconclusive="0" skipped="0" asserts="0">
                    <test-case id="6-1336" name="Should_Handle_Extended_Reference_Objects" fullname="EdFi.Ods.Tests.EdFi.Ods.CodeGen.XmlShredding.EntityTypePropertyTests.Should_Handle_Extended_Reference_Objects" methodname="Should_Handle_Extended_Reference_Objects" classname="EdFi.Ods.Tests.EdFi.Ods.CodeGen.XmlShredding.EntityTypePropertyTests" runstate="Runnable" result="Passed" duration="0.002010" asserts="0" />
                    <test-case id="6-1334" name="When_Asked_To_Build_EntityManager_Should_Return_Manager_Based_On_Itself" fullname="EdFi.Ods.Tests.EdFi.Ods.CodeGen.XmlShredding.EntityTypePropertyTests.When_Asked_To_Build_EntityManager_Should_Return_Manager_Based_On_Itself" methodname="When_Asked_To_Build_EntityManager_Should_Return_Manager_Based_On_Itself" classname="EdFi.Ods.Tests.EdFi.Ods.CodeGen.XmlShredding.EntityTypePropertyTests" runstate="Runnable" result="Passed" duration="0.001358" asserts="0" />
                    <test-case id="6-1335" name="When_Passed_A_non_Entity_Parsed_Object_Should_Throw_Argument_Exception" fullname="EdFi.Ods.Tests.EdFi.Ods.CodeGen.XmlShredding.EntityTypePropertyTests.When_Passed_A_non_Entity_Parsed_Object_Should_Throw_Argument_Exception" methodname="When_Passed_A_non_Entity_Parsed_Object_Should_Throw_Argument_Exception" classname="EdFi.Ods.Tests.EdFi.Ods.CodeGen.XmlShredding.EntityTypePropertyTests" runstate="Runnable" result="Passed" duration="0.001432" asserts="0" />
                  </test-suite>
                  <test-suite type="TestFixture" id="6-1314" name="ForeignKeyPropertyTests" fullname="EdFi.Ods.Tests.EdFi.Ods.CodeGen.XmlShredding.ForeignKeyPropertyTests" classname="EdFi.Ods.Tests.EdFi.Ods.CodeGen.XmlShredding.ForeignKeyPropertyTests" runstate="Runnable" testcasecount="1" result="Passed" duration="1.748794" total="1" passed="0" failed="0" inconclusive="0" skipped="0" asserts="0">
                    <test-case id="6-1315" name="When_Given_Extended_Reference_Should_Set_Property_Type_To_Expected" fullname="EdFi.Ods.Tests.EdFi.Ods.CodeGen.XmlShredding.ForeignKeyPropertyTests.When_Given_Extended_Reference_Should_Set_Property_Type_To_Expected" methodname="When_Given_Extended_Reference_Should_Set_Property_Type_To_Expected" classname="EdFi.Ods.Tests.EdFi.Ods.CodeGen.XmlShredding.ForeignKeyPropertyTests" runstate="Runnable" result="Passed" duration="0.003534" asserts="0" />
                  </test-suite>
                  <test-suite type="TestFixture" id="6-1337" name="InlineEntityPropertyTests" fullname="EdFi.Ods.Tests.EdFi.Ods.CodeGen.XmlShredding.InlineEntityPropertyTests" classname="EdFi.Ods.Tests.EdFi.Ods.CodeGen.XmlShredding.InlineEntityPropertyTests" runstate="Ignored" testcasecount="6" result="Skipped" label="Ignored" duration="0.003155" total="6" passed="0" failed="0" inconclusive="0" skipped="0" asserts="0">
                    <properties>
                      <property name="_IGNOREREASON" value="No InlineEntityProperties in 2.0 Schema" />
                    </properties>
                    <reason>
                      <message><![CDATA[No InlineEntityProperties in 2.0 Schema]]></message>
                    </reason>
                    <test-case id="6-1342" name="When_Asked_For_Inline_Property_Type_Should_Return_Type_of_Simple_Property_of_the_Inline_Entity" fullname="EdFi.Ods.Tests.EdFi.Ods.CodeGen.XmlShredding.InlineEntityPropertyTests.When_Asked_For_Inline_Property_Type_Should_Return_Type_of_Simple_Property_of_the_Inline_Entity" methodname="When_Asked_For_Inline_Property_Type_Should_Return_Type_of_Simple_Property_of_the_Inline_Entity" classname="EdFi.Ods.Tests.EdFi.Ods.CodeGen.XmlShredding.InlineEntityPropertyTests" runstate="Ignored" result="Skipped" label="Ignored" duration="0.000000" asserts="0">
                      <properties>
                        <property name="_IGNOREREASON" value="No InlineEntityProperties in 2.0 Schema" />
                      </properties>
                      <reason>
                        <message><![CDATA[No InlineEntityProperties in 2.0 Schema]]></message>
                      </reason>
                    </test-case>
                    <test-case id="6-1341" name="When_Asked_For_InlineProperty_Name_Should_Return_Name_of_Property_of_the_Inline_Entity" fullname="EdFi.Ods.Tests.EdFi.Ods.CodeGen.XmlShredding.InlineEntityPropertyTests.When_Asked_For_InlineProperty_Name_Should_Return_Name_of_Property_of_the_Inline_Entity" methodname="When_Asked_For_InlineProperty_Name_Should_Return_Name_of_Property_of_the_Inline_Entity" classname="EdFi.Ods.Tests.EdFi.Ods.CodeGen.XmlShredding.InlineEntityPropertyTests" runstate="Ignored" result="Skipped" label="Ignored" duration="0.000000" asserts="0">
                      <properties>
                        <property name="_IGNOREREASON" value="No InlineEntityProperties in 2.0 Schema" />
                      </properties>
                      <reason>
                        <message><![CDATA[No InlineEntityProperties in 2.0 Schema]]></message>
                      </reason>
                    </test-case>
                    <test-case id="6-1340" name="When_Asked_For_Interface_Name_Should_return_name" fullname="EdFi.Ods.Tests.EdFi.Ods.CodeGen.XmlShredding.InlineEntityPropertyTests.When_Asked_For_Interface_Name_Should_return_name" methodname="When_Asked_For_Interface_Name_Should_return_name" classname="EdFi.Ods.Tests.EdFi.Ods.CodeGen.XmlShredding.InlineEntityPropertyTests" runstate="Ignored" result="Skipped" label="Ignored" duration="0.000000" asserts="0">
                      <properties>
                        <property name="_IGNOREREASON" value="No InlineEntityProperties in 2.0 Schema" />
                      </properties>
                      <reason>
                        <message><![CDATA[No InlineEntityProperties in 2.0 Schema]]></message>
                      </reason>
                    </test-case>
                    <test-case id="6-1343" name="When_Asked_For_Namespace_Should_Return_Namespace_of_The_Collection_Entity" fullname="EdFi.Ods.Tests.EdFi.Ods.CodeGen.XmlShredding.InlineEntityPropertyTests.When_Asked_For_Namespace_Should_Return_Namespace_of_The_Collection_Entity" methodname="When_Asked_For_Namespace_Should_Return_Namespace_of_The_Collection_Entity" classname="EdFi.Ods.Tests.EdFi.Ods.CodeGen.XmlShredding.InlineEntityPropertyTests" runstate="Ignored" result="Skipped" label="Ignored" duration="0.000000" asserts="0">
                      <properties>
                        <property name="_IGNOREREASON" value="No InlineEntityProperties in 2.0 Schema" />
                      </properties>
                      <reason>
                        <message><![CDATA[No InlineEntityProperties in 2.0 Schema]]></message>
                      </reason>
                    </test-case>
                    <test-case id="6-1339" name="When_Asked_For_Property_Name_Should_Be_Name_Of_Property_On_Containing_Entity" fullname="EdFi.Ods.Tests.EdFi.Ods.CodeGen.XmlShredding.InlineEntityPropertyTests.When_Asked_For_Property_Name_Should_Be_Name_Of_Property_On_Containing_Entity" methodname="When_Asked_For_Property_Name_Should_Be_Name_Of_Property_On_Containing_Entity" classname="EdFi.Ods.Tests.EdFi.Ods.CodeGen.XmlShredding.InlineEntityPropertyTests" runstate="Ignored" result="Skipped" label="Ignored" duration="0.000000" asserts="0">
                      <properties>
                        <property name="_IGNOREREASON" value="No InlineEntityProperties in 2.0 Schema" />
                      </properties>
                      <reason>
                        <message><![CDATA[No InlineEntityProperties in 2.0 Schema]]></message>
                      </reason>
                    </test-case>
                    <test-case id="6-1338" name="When_Passed_A_Non_Inline_Entity_Parsed_Object_Should_Throw_Argument_Exception" fullname="EdFi.Ods.Tests.EdFi.Ods.CodeGen.XmlShredding.InlineEntityPropertyTests.When_Passed_A_Non_Inline_Entity_Parsed_Object_Should_Throw_Argument_Exception" methodname="When_Passed_A_Non_Inline_Entity_Parsed_Object_Should_Throw_Argument_Exception" classname="EdFi.Ods.Tests.EdFi.Ods.CodeGen.XmlShredding.InlineEntityPropertyTests" runstate="Ignored" result="Skipped" label="Ignored" duration="0.000000" asserts="0">
                      <properties>
                        <property name="_IGNOREREASON" value="No InlineEntityProperties in 2.0 Schema" />
                      </properties>
                      <reason>
                        <message><![CDATA[No InlineEntityProperties in 2.0 Schema]]></message>
                      </reason>
                    </test-case>
                  </test-suite>
                  <test-suite type="TestFixture" id="6-1344" name="InterchangeFactoryTests" fullname="EdFi.Ods.Tests.EdFi.Ods.CodeGen.XmlShredding.InterchangeFactoryTests" classname="EdFi.Ods.Tests.EdFi.Ods.CodeGen.XmlShredding.InterchangeFactoryTests" runstate="Runnable" testcasecount="5" result="Passed" duration="1.930471" total="5" passed="0" failed="0" inconclusive="0" skipped="0" asserts="0">
                    <test-case id="6-1349" name="Given_Xsd_Files_That_Contain_The_Same_Aggregate_Root_Should_Only_Include_It_Once" fullname="EdFi.Ods.Tests.EdFi.Ods.CodeGen.XmlShredding.InterchangeFactoryTests.Given_Xsd_Files_That_Contain_The_Same_Aggregate_Root_Should_Only_Include_It_Once" methodname="Given_Xsd_Files_That_Contain_The_Same_Aggregate_Root_Should_Only_Include_It_Once" classname="EdFi.Ods.Tests.EdFi.Ods.CodeGen.XmlShredding.InterchangeFactoryTests" runstate="Runnable" result="Passed" duration="0.130482" asserts="0" />
                    <test-case id="6-1347" name="When_given_A_Non_interchange_xsd_should_ignore_it_gracefully_ie_no_exception" fullname="EdFi.Ods.Tests.EdFi.Ods.CodeGen.XmlShredding.InterchangeFactoryTests.When_given_A_Non_interchange_xsd_should_ignore_it_gracefully_ie_no_exception" methodname="When_given_A_Non_interchange_xsd_should_ignore_it_gracefully_ie_no_exception" classname="EdFi.Ods.Tests.EdFi.Ods.CodeGen.XmlShredding.InterchangeFactoryTests" runstate="Runnable" result="Passed" duration="1.671295" asserts="0" />
                    <test-case id="6-1348" name="When_Loading_Descriptors_Should_Include_an_Aggregate_Metadata_for_each_Aggregate_Root" fullname="EdFi.Ods.Tests.EdFi.Ods.CodeGen.XmlShredding.InterchangeFactoryTests.When_Loading_Descriptors_Should_Include_an_Aggregate_Metadata_for_each_Aggregate_Root" methodname="When_Loading_Descriptors_Should_Include_an_Aggregate_Metadata_for_each_Aggregate_Root" classname="EdFi.Ods.Tests.EdFi.Ods.CodeGen.XmlShredding.InterchangeFactoryTests" runstate="Ignored" result="Skipped" label="Ignored" duration="0.000014" asserts="0">
                      <properties>
                        <property name="_IGNOREREASON" value="Test data is location specific" />
                      </properties>
                      <reason>
                        <message><![CDATA[Test data is location specific]]></message>
                      </reason>
                    </test-case>
                    <test-case id="6-1345" name="When_Xsd_Exist_Should_Create_IInterchangeMetadata_For_Each_Xsd" fullname="EdFi.Ods.Tests.EdFi.Ods.CodeGen.XmlShredding.InterchangeFactoryTests.When_Xsd_Exist_Should_Create_IInterchangeMetadata_For_Each_Xsd" methodname="When_Xsd_Exist_Should_Create_IInterchangeMetadata_For_Each_Xsd" classname="EdFi.Ods.Tests.EdFi.Ods.CodeGen.XmlShredding.InterchangeFactoryTests" runstate="Ignored" result="Skipped" label="Ignored" duration="0.000010" asserts="0">
                      <properties>
                        <property name="_IGNOREREASON" value="Test data is location specific" />
                      </properties>
                      <reason>
                        <message><![CDATA[Test data is location specific]]></message>
                      </reason>
                    </test-case>
                    <test-case id="6-1346" name="When_Xsd_Includes_Top_Level_Elements_That_Should_Be_Skipped_Should_Skip_Those_Elements" fullname="EdFi.Ods.Tests.EdFi.Ods.CodeGen.XmlShredding.InterchangeFactoryTests.When_Xsd_Includes_Top_Level_Elements_That_Should_Be_Skipped_Should_Skip_Those_Elements" methodname="When_Xsd_Includes_Top_Level_Elements_That_Should_Be_Skipped_Should_Skip_Those_Elements" classname="EdFi.Ods.Tests.EdFi.Ods.CodeGen.XmlShredding.InterchangeFactoryTests" runstate="Runnable" result="Passed" duration="0.124709" asserts="0" />
                  </test-suite>
                  <test-suite type="TestFixture" id="6-1316" name="MultiElementEntityCollectionPropertyTests" fullname="EdFi.Ods.Tests.EdFi.Ods.CodeGen.XmlShredding.MultiElementEntityCollectionPropertyTests" classname="EdFi.Ods.Tests.EdFi.Ods.CodeGen.XmlShredding.MultiElementEntityCollectionPropertyTests" runstate="Runnable" testcasecount="2" result="Passed" duration="0.005804" total="2" passed="0" failed="0" inconclusive="0" skipped="0" asserts="0">
                    <test-case id="6-1317" name="Given_At_Least_Two_Elements_Should_Produce_String_With_Comma_Delimited_Strings_Of_Their_Names" fullname="EdFi.Ods.Tests.EdFi.Ods.CodeGen.XmlShredding.MultiElementEntityCollectionPropertyTests.Given_At_Least_Two_Elements_Should_Produce_String_With_Comma_Delimited_Strings_Of_Their_Names" methodname="Given_At_Least_Two_Elements_Should_Produce_String_With_Comma_Delimited_Strings_Of_Their_Names" classname="EdFi.Ods.Tests.EdFi.Ods.CodeGen.XmlShredding.MultiElementEntityCollectionPropertyTests" runstate="Runnable" result="Passed" duration="0.002482" asserts="0" />
                    <test-case id="6-1318" name="Given_Entity_Properties_Of_Different_Types_Should_Throw_Exception" fullname="EdFi.Ods.Tests.EdFi.Ods.CodeGen.XmlShredding.MultiElementEntityCollectionPropertyTests.Given_Entity_Properties_Of_Different_Types_Should_Throw_Exception" methodname="Given_Entity_Properties_Of_Different_Types_Should_Throw_Exception" classname="EdFi.Ods.Tests.EdFi.Ods.CodeGen.XmlShredding.MultiElementEntityCollectionPropertyTests" runstate="Runnable" result="Passed" duration="0.001348" asserts="0" />
                  </test-suite>
                  <test-suite type="TestFixture" id="6-1319" name="ParsedSchemaObjectExtensionsTests" fullname="EdFi.Ods.Tests.EdFi.Ods.CodeGen.XmlShredding.ParsedSchemaObjectExtensionsTests" classname="EdFi.Ods.Tests.EdFi.Ods.CodeGen.XmlShredding.ParsedSchemaObjectExtensionsTests" runstate="Runnable" testcasecount="13" result="Passed" duration="1.864758" total="13" passed="0" failed="0" inconclusive="0" skipped="0" asserts="0">
                    <test-case id="6-1331" name="Should_Recognize_Skip_Process_Results_As_Should_Be_Skipped_Objects" fullname="EdFi.Ods.Tests.EdFi.Ods.CodeGen.XmlShredding.ParsedSchemaObjectExtensionsTests.Should_Recognize_Skip_Process_Results_As_Should_Be_Skipped_Objects" methodname="Should_Recognize_Skip_Process_Results_As_Should_Be_Skipped_Objects" classname="EdFi.Ods.Tests.EdFi.Ods.CodeGen.XmlShredding.ParsedSchemaObjectExtensionsTests" runstate="Runnable" result="Passed" duration="0.000476" asserts="0" />
                    <test-case id="6-1330" name="Should_Recognize_Top_Level_Reference_Type_Results_As_Should_Be_Skipped_Objects" fullname="EdFi.Ods.Tests.EdFi.Ods.CodeGen.XmlShredding.ParsedSchemaObjectExtensionsTests.Should_Recognize_Top_Level_Reference_Type_Results_As_Should_Be_Skipped_Objects" methodname="Should_Recognize_Top_Level_Reference_Type_Results_As_Should_Be_Skipped_Objects" classname="EdFi.Ods.Tests.EdFi.Ods.CodeGen.XmlShredding.ParsedSchemaObjectExtensionsTests" runstate="Runnable" result="Passed" duration="0.003487" asserts="0" />
                    <test-case id="6-1329" name="Should_Recognized_Extended_Descriptor_Collections_As_Entity_Collections" fullname="EdFi.Ods.Tests.EdFi.Ods.CodeGen.XmlShredding.ParsedSchemaObjectExtensionsTests.Should_Recognized_Extended_Descriptor_Collections_As_Entity_Collections" methodname="Should_Recognized_Extended_Descriptor_Collections_As_Entity_Collections" classname="EdFi.Ods.Tests.EdFi.Ods.CodeGen.XmlShredding.ParsedSchemaObjectExtensionsTests" runstate="Runnable" result="Passed" duration="0.000440" asserts="0" />
                    <test-case id="6-1328" name="Should_Recognized_Extended_Descriptor_References_As_Foreign_Keys" fullname="EdFi.Ods.Tests.EdFi.Ods.CodeGen.XmlShredding.ParsedSchemaObjectExtensionsTests.Should_Recognized_Extended_Descriptor_References_As_Foreign_Keys" methodname="Should_Recognized_Extended_Descriptor_References_As_Foreign_Keys" classname="EdFi.Ods.Tests.EdFi.Ods.CodeGen.XmlShredding.ParsedSchemaObjectExtensionsTests" runstate="Runnable" result="Passed" duration="0.000301" asserts="0" />
                    <test-case id="6-1323" name="When_Asked_If_An_Object_That_is_A_Collection_Has_An_Expected_Rest_Property_And_Is_Not_A_Descriptors_Enumeration_Is_An_Entity_Collection" fullname="EdFi.Ods.Tests.EdFi.Ods.CodeGen.XmlShredding.ParsedSchemaObjectExtensionsTests.When_Asked_If_An_Object_That_is_A_Collection_Has_An_Expected_Rest_Property_And_Is_Not_A_Descriptors_Enumeration_Is_An_Entity_Collection" methodname="When_Asked_If_An_Object_That_is_A_Collection_Has_An_Expected_Rest_Property_And_Is_Not_A_Descriptors_Enumeration_Is_An_Entity_Collection" classname="EdFi.Ods.Tests.EdFi.Ods.CodeGen.XmlShredding.ParsedSchemaObjectExtensionsTests" runstate="Runnable" result="Passed" duration="0.000321" asserts="0" />
                    <test-case id="6-1324" name="When_Asked_If_An_Object_That_is_A_Descriptor_Enumeration_Has_An_Expected_Rest_Property_And_Is_Not_A_Descriptors_Enumeration_Is_An_Entity_Collection" fullname="EdFi.Ods.Tests.EdFi.Ods.CodeGen.XmlShredding.ParsedSchemaObjectExtensionsTests.When_Asked_If_An_Object_That_is_A_Descriptor_Enumeration_Has_An_Expected_Rest_Property_And_Is_Not_A_Descriptors_Enumeration_Is_An_Entity_Collection" methodname="When_Asked_If_An_Object_That_is_A_Descriptor_Enumeration_Has_An_Expected_Rest_Property_And_Is_Not_A_Descriptors_Enumeration_Is_An_Entity_Collection" classname="EdFi.Ods.Tests.EdFi.Ods.CodeGen.XmlShredding.ParsedSchemaObjectExtensionsTests" runstate="Runnable" result="Passed" duration="0.000307" asserts="0" />
                    <test-case id="6-1325" name="When_Asked_If_An_Object_That_Is_A_Rest_Property_And_Not_A_Collection_Is_An_Single_Entity_Should_Return_True" fullname="EdFi.Ods.Tests.EdFi.Ods.CodeGen.XmlShredding.ParsedSchemaObjectExtensionsTests.When_Asked_If_An_Object_That_Is_A_Rest_Property_And_Not_A_Collection_Is_An_Single_Entity_Should_Return_True" methodname="When_Asked_If_An_Object_That_Is_A_Rest_Property_And_Not_A_Collection_Is_An_Single_Entity_Should_Return_True" classname="EdFi.Ods.Tests.EdFi.Ods.CodeGen.XmlShredding.ParsedSchemaObjectExtensionsTests" runstate="Runnable" result="Passed" duration="0.000556" asserts="0" />
                    <test-case id="6-1327" name="When_Asked_If_An_Object_That_is_An_Extended_Descriptors_Reference_Is_One_Should_Return_True" fullname="EdFi.Ods.Tests.EdFi.Ods.CodeGen.XmlShredding.ParsedSchemaObjectExtensionsTests.When_Asked_If_An_Object_That_is_An_Extended_Descriptors_Reference_Is_One_Should_Return_True" methodname="When_Asked_If_An_Object_That_is_An_Extended_Descriptors_Reference_Is_One_Should_Return_True" classname="EdFi.Ods.Tests.EdFi.Ods.CodeGen.XmlShredding.ParsedSchemaObjectExtensionsTests" runstate="Runnable" result="Passed" duration="0.000400" asserts="0" />
                    <test-case id="6-1326" name="When_Asked_If_An_Object_That_Is_An_Identity_Schema_Type_Group_Is_A_Foreign_Key_Should_Return_True" fullname="EdFi.Ods.Tests.EdFi.Ods.CodeGen.XmlShredding.ParsedSchemaObjectExtensionsTests.When_Asked_If_An_Object_That_Is_An_Identity_Schema_Type_Group_Is_A_Foreign_Key_Should_Return_True" methodname="When_Asked_If_An_Object_That_Is_An_Identity_Schema_Type_Group_Is_A_Foreign_Key_Should_Return_True" classname="EdFi.Ods.Tests.EdFi.Ods.CodeGen.XmlShredding.ParsedSchemaObjectExtensionsTests" runstate="Runnable" result="Passed" duration="0.000385" asserts="0" />
                    <test-case id="6-1320" name="When_Asked_If_An_Object_With_A_Skipped_Result_Is_An_Extended_Reference_Should_Return_False" fullname="EdFi.Ods.Tests.EdFi.Ods.CodeGen.XmlShredding.ParsedSchemaObjectExtensionsTests.When_Asked_If_An_Object_With_A_Skipped_Result_Is_An_Extended_Reference_Should_Return_False" methodname="When_Asked_If_An_Object_With_A_Skipped_Result_Is_An_Extended_Reference_Should_Return_False" classname="EdFi.Ods.Tests.EdFi.Ods.CodeGen.XmlShredding.ParsedSchemaObjectExtensionsTests" runstate="Runnable" result="Passed" duration="0.000453" asserts="0" />
                    <test-case id="6-1322" name="When_Asked_If_An_Object_With_An_Extended_Reference_Collection_Is_An_Entity_Collection_Should_Return_True" fullname="EdFi.Ods.Tests.EdFi.Ods.CodeGen.XmlShredding.ParsedSchemaObjectExtensionsTests.When_Asked_If_An_Object_With_An_Extended_Reference_Collection_Is_An_Entity_Collection_Should_Return_True" methodname="When_Asked_If_An_Object_With_An_Extended_Reference_Collection_Is_An_Entity_Collection_Should_Return_True" classname="EdFi.Ods.Tests.EdFi.Ods.CodeGen.XmlShredding.ParsedSchemaObjectExtensionsTests" runstate="Runnable" result="Passed" duration="0.000334" asserts="0" />
                    <test-case id="6-1321" name="When_Asked_If_An_Object_With_An_Extended_Reference_Collection_Is_An_Extended_Reference_Should_Return_False" fullname="EdFi.Ods.Tests.EdFi.Ods.CodeGen.XmlShredding.ParsedSchemaObjectExtensionsTests.When_Asked_If_An_Object_With_An_Extended_Reference_Collection_Is_An_Extended_Reference_Should_Return_False" methodname="When_Asked_If_An_Object_With_An_Extended_Reference_Collection_Is_An_Extended_Reference_Should_Return_False" classname="EdFi.Ods.Tests.EdFi.Ods.CodeGen.XmlShredding.ParsedSchemaObjectExtensionsTests" runstate="Runnable" result="Passed" duration="0.000283" asserts="0" />
                    <test-case id="6-1332" name="When_Given_Interchange_Element_With_Top_Level_Skippable_Elements_Should_Not_Include_Them_In_Collection" fullname="EdFi.Ods.Tests.EdFi.Ods.CodeGen.XmlShredding.ParsedSchemaObjectExtensionsTests.When_Given_Interchange_Element_With_Top_Level_Skippable_Elements_Should_Not_Include_Them_In_Collection" methodname="When_Given_Interchange_Element_With_Top_Level_Skippable_Elements_Should_Not_Include_Them_In_Collection" classname="EdFi.Ods.Tests.EdFi.Ods.CodeGen.XmlShredding.ParsedSchemaObjectExtensionsTests" runstate="Runnable" result="Passed" duration="0.004444" asserts="0" />
                  </test-suite>
                </test-suite>
                <test-suite type="Namespace" id="6-3328" name="XsdToWebApi" fullname="EdFi.Ods.Tests.EdFi.Ods.CodeGen.XsdToWebApi" runstate="Runnable" testcasecount="11" result="Failed" duration="0.014176" total="11" passed="0" failed="0" inconclusive="0" skipped="0" asserts="0" site="Child">
                  <failure>
                    <message><![CDATA[One or more child tests had errors]]></message>
                  </failure>
                  <test-suite type="Namespace" id="6-3329" name="Process" fullname="EdFi.Ods.Tests.EdFi.Ods.CodeGen.XsdToWebApi.Process" runstate="Runnable" testcasecount="11" result="Failed" duration="0.013932" total="11" passed="0" failed="0" inconclusive="0" skipped="0" asserts="0">
                    <failure>
                      <message><![CDATA[One or more child tests had errors]]></message>
                    </failure>
                    <test-suite type="TestFixture" id="6-1379" name="ProcessTests" fullname="EdFi.Ods.Tests.EdFi.Ods.CodeGen.XsdToWebApi.Process.ProcessTests" classname="EdFi.Ods.Tests.EdFi.Ods.CodeGen.XsdToWebApi.Process.ProcessTests" runstate="NotRunnable" testcasecount="1" result="Failed" label="Invalid" duration="0.000495" total="1" passed="0" failed="0" inconclusive="0" skipped="0" asserts="0">
                      <properties>
                        <property name="_IGNOREREASON" value="Invalid signature for SetUp or TearDown method: CreateProcessedElements" />
                      </properties>
                      <failure>
                        <message><![CDATA[Invalid signature for SetUp or TearDown method: CreateProcessedElements]]></message>
                      </failure>
                      <test-case id="6-1380" name="Should_process_each_XSD_type_collection_with_the_corresponding_handler" fullname="EdFi.Ods.Tests.EdFi.Ods.CodeGen.XsdToWebApi.Process.ProcessTests.Should_process_each_XSD_type_collection_with_the_corresponding_handler" methodname="Should_process_each_XSD_type_collection_with_the_corresponding_handler" classname="EdFi.Ods.Tests.EdFi.Ods.CodeGen.XsdToWebApi.Process.ProcessTests" runstate="NotRunnable" result="Failed" label="Invalid" duration="0.000000" asserts="0">
                        <properties>
                          <property name="_IGNOREREASON" value="Invalid signature for SetUp or TearDown method: CreateProcessedElements" />
                        </properties>
                        <failure>
                          <message><![CDATA[Invalid signature for SetUp or TearDown method: CreateProcessedElements]]></message>
                        </failure>
                      </test-case>
                    </test-suite>
                    <test-suite type="TestFixture" id="6-1377" name="StringTypeCodeCollectionTests" fullname="EdFi.Ods.Tests.EdFi.Ods.CodeGen.XsdToWebApi.Process.StringTypeCodeCollectionTests" classname="EdFi.Ods.Tests.EdFi.Ods.CodeGen.XsdToWebApi.Process.StringTypeCodeCollectionTests" runstate="NotRunnable" testcasecount="1" result="Failed" label="Invalid" duration="0.000279" total="1" passed="0" failed="0" inconclusive="0" skipped="0" asserts="0">
                      <properties>
                        <property name="_IGNOREREASON" value="Invalid signature for SetUp or TearDown method: CreateProcessedElements" />
                      </properties>
                      <failure>
                        <message><![CDATA[Invalid signature for SetUp or TearDown method: CreateProcessedElements]]></message>
                      </failure>
                      <test-case id="6-1378" name="Should_process_element_with_extension_convention_applied" fullname="EdFi.Ods.Tests.EdFi.Ods.CodeGen.XsdToWebApi.Process.StringTypeCodeCollectionTests.Should_process_element_with_extension_convention_applied" methodname="Should_process_element_with_extension_convention_applied" classname="EdFi.Ods.Tests.EdFi.Ods.CodeGen.XsdToWebApi.Process.StringTypeCodeCollectionTests" runstate="NotRunnable" result="Failed" label="Invalid" duration="0.000000" asserts="0">
                        <properties>
                          <property name="_IGNOREREASON" value="Invalid signature for SetUp or TearDown method: CreateProcessedElements" />
                        </properties>
                        <failure>
                          <message><![CDATA[Invalid signature for SetUp or TearDown method: CreateProcessedElements]]></message>
                        </failure>
                      </test-case>
                    </test-suite>
                    <test-suite type="TestFixture" id="6-1381" name="SystemTypeCodes_Are_Properly_Processed_By_Conditions" fullname="EdFi.Ods.Tests.EdFi.Ods.CodeGen.XsdToWebApi.Process.SystemTypeCodes_Are_Properly_Processed_By_Conditions" classname="EdFi.Ods.Tests.EdFi.Ods.CodeGen.XsdToWebApi.Process.SystemTypeCodes_Are_Properly_Processed_By_Conditions" runstate="NotRunnable" testcasecount="8" result="Failed" label="Invalid" duration="0.003961" total="8" passed="0" failed="0" inconclusive="0" skipped="0" asserts="0">
                      <properties>
                        <property name="_IGNOREREASON" value="Invalid signature for SetUp or TearDown method: CreateProcessedElements" />
                      </properties>
                      <failure>
                        <message><![CDATA[Invalid signature for SetUp or TearDown method: CreateProcessedElements]]></message>
                      </failure>
                      <test-case id="6-1385" name="Should_indicate_AllPassConditions_can_be_processed_by_the_BooleanTypeCode_handler" fullname="EdFi.Ods.Tests.EdFi.Ods.CodeGen.XsdToWebApi.Process.SystemTypeCodes_Are_Properly_Processed_By_Conditions.Should_indicate_AllPassConditions_can_be_processed_by_the_BooleanTypeCode_handler" methodname="Should_indicate_AllPassConditions_can_be_processed_by_the_BooleanTypeCode_handler" classname="EdFi.Ods.Tests.EdFi.Ods.CodeGen.XsdToWebApi.Process.SystemTypeCodes_Are_Properly_Processed_By_Conditions" runstate="NotRunnable" result="Failed" label="Invalid" duration="0.000000" asserts="0">
                        <properties>
                          <property name="_IGNOREREASON" value="Invalid signature for SetUp or TearDown method: CreateProcessedElements" />
                        </properties>
                        <failure>
                          <message><![CDATA[Invalid signature for SetUp or TearDown method: CreateProcessedElements]]></message>
                        </failure>
                      </test-case>
                      <test-case id="6-1389" name="Should_indicate_AllPassConditions_can_be_processed_by_the_BooleanTypeCodeCollection_handler" fullname="EdFi.Ods.Tests.EdFi.Ods.CodeGen.XsdToWebApi.Process.SystemTypeCodes_Are_Properly_Processed_By_Conditions.Should_indicate_AllPassConditions_can_be_processed_by_the_BooleanTypeCodeCollection_handler" methodname="Should_indicate_AllPassConditions_can_be_processed_by_the_BooleanTypeCodeCollection_handler" classname="EdFi.Ods.Tests.EdFi.Ods.CodeGen.XsdToWebApi.Process.SystemTypeCodes_Are_Properly_Processed_By_Conditions" runstate="NotRunnable" result="Failed" label="Invalid" duration="0.000000" asserts="0">
                        <properties>
                          <property name="_IGNOREREASON" value="Invalid signature for SetUp or TearDown method: CreateProcessedElements" />
                        </properties>
                        <failure>
                          <message><![CDATA[Invalid signature for SetUp or TearDown method: CreateProcessedElements]]></message>
                        </failure>
                      </test-case>
                      <test-case id="6-1384" name="Should_indicate_CollectionCondition_can_be_processed_by_the_BooleanTypeCode_handler" fullname="EdFi.Ods.Tests.EdFi.Ods.CodeGen.XsdToWebApi.Process.SystemTypeCodes_Are_Properly_Processed_By_Conditions.Should_indicate_CollectionCondition_can_be_processed_by_the_BooleanTypeCode_handler" methodname="Should_indicate_CollectionCondition_can_be_processed_by_the_BooleanTypeCode_handler" classname="EdFi.Ods.Tests.EdFi.Ods.CodeGen.XsdToWebApi.Process.SystemTypeCodes_Are_Properly_Processed_By_Conditions" runstate="NotRunnable" result="Failed" label="Invalid" duration="0.000000" asserts="0">
                        <properties>
                          <property name="_IGNOREREASON" value="Invalid signature for SetUp or TearDown method: CreateProcessedElements" />
                        </properties>
                        <failure>
                          <message><![CDATA[Invalid signature for SetUp or TearDown method: CreateProcessedElements]]></message>
                        </failure>
                      </test-case>
                      <test-case id="6-1388" name="Should_indicate_CollectionCondition_can_be_processed_by_the_BooleanTypeCodeCollection_handler" fullname="EdFi.Ods.Tests.EdFi.Ods.CodeGen.XsdToWebApi.Process.SystemTypeCodes_Are_Properly_Processed_By_Conditions.Should_indicate_CollectionCondition_can_be_processed_by_the_BooleanTypeCodeCollection_handler" methodname="Should_indicate_CollectionCondition_can_be_processed_by_the_BooleanTypeCodeCollection_handler" classname="EdFi.Ods.Tests.EdFi.Ods.CodeGen.XsdToWebApi.Process.SystemTypeCodes_Are_Properly_Processed_By_Conditions" runstate="NotRunnable" result="Failed" label="Invalid" duration="0.000000" asserts="0">
                        <properties>
                          <property name="_IGNOREREASON" value="Invalid signature for SetUp or TearDown method: CreateProcessedElements" />
                        </properties>
                        <failure>
                          <message><![CDATA[Invalid signature for SetUp or TearDown method: CreateProcessedElements]]></message>
                        </failure>
                      </test-case>
                      <test-case id="6-1382" name="Should_indicate_ComplexCondition_can_be_processed_by_the_BooleanTypeCode_handler" fullname="EdFi.Ods.Tests.EdFi.Ods.CodeGen.XsdToWebApi.Process.SystemTypeCodes_Are_Properly_Processed_By_Conditions.Should_indicate_ComplexCondition_can_be_processed_by_the_BooleanTypeCode_handler" methodname="Should_indicate_ComplexCondition_can_be_processed_by_the_BooleanTypeCode_handler" classname="EdFi.Ods.Tests.EdFi.Ods.CodeGen.XsdToWebApi.Process.SystemTypeCodes_Are_Properly_Processed_By_Conditions" runstate="NotRunnable" result="Failed" label="Invalid" duration="0.000000" asserts="0">
                        <properties>
                          <property name="_IGNOREREASON" value="Invalid signature for SetUp or TearDown method: CreateProcessedElements" />
                        </properties>
                        <failure>
                          <message><![CDATA[Invalid signature for SetUp or TearDown method: CreateProcessedElements]]></message>
                        </failure>
                      </test-case>
                      <test-case id="6-1386" name="Should_indicate_ComplexCondition_can_be_processed_by_the_BooleanTypeCodeCollection_handler" fullname="EdFi.Ods.Tests.EdFi.Ods.CodeGen.XsdToWebApi.Process.SystemTypeCodes_Are_Properly_Processed_By_Conditions.Should_indicate_ComplexCondition_can_be_processed_by_the_BooleanTypeCodeCollection_handler" methodname="Should_indicate_ComplexCondition_can_be_processed_by_the_BooleanTypeCodeCollection_handler" classname="EdFi.Ods.Tests.EdFi.Ods.CodeGen.XsdToWebApi.Process.SystemTypeCodes_Are_Properly_Processed_By_Conditions" runstate="NotRunnable" result="Failed" label="Invalid" duration="0.000000" asserts="0">
                        <properties>
                          <property name="_IGNOREREASON" value="Invalid signature for SetUp or TearDown method: CreateProcessedElements" />
                        </properties>
                        <failure>
                          <message><![CDATA[Invalid signature for SetUp or TearDown method: CreateProcessedElements]]></message>
                        </failure>
                      </test-case>
                      <test-case id="6-1383" name="Should_indicate_TypeCodeCondition_can_be_processed_by_the_BooleanTypeCode_handler" fullname="EdFi.Ods.Tests.EdFi.Ods.CodeGen.XsdToWebApi.Process.SystemTypeCodes_Are_Properly_Processed_By_Conditions.Should_indicate_TypeCodeCondition_can_be_processed_by_the_BooleanTypeCode_handler" methodname="Should_indicate_TypeCodeCondition_can_be_processed_by_the_BooleanTypeCode_handler" classname="EdFi.Ods.Tests.EdFi.Ods.CodeGen.XsdToWebApi.Process.SystemTypeCodes_Are_Properly_Processed_By_Conditions" runstate="NotRunnable" result="Failed" label="Invalid" duration="0.000000" asserts="0">
                        <properties>
                          <property name="_IGNOREREASON" value="Invalid signature for SetUp or TearDown method: CreateProcessedElements" />
                        </properties>
                        <failure>
                          <message><![CDATA[Invalid signature for SetUp or TearDown method: CreateProcessedElements]]></message>
                        </failure>
                      </test-case>
                      <test-case id="6-1387" name="Should_indicate_TypeCodeCondition_can_be_processed_by_the_BooleanTypeCodeCollection_handler" fullname="EdFi.Ods.Tests.EdFi.Ods.CodeGen.XsdToWebApi.Process.SystemTypeCodes_Are_Properly_Processed_By_Conditions.Should_indicate_TypeCodeCondition_can_be_processed_by_the_BooleanTypeCodeCollection_handler" methodname="Should_indicate_TypeCodeCondition_can_be_processed_by_the_BooleanTypeCodeCollection_handler" classname="EdFi.Ods.Tests.EdFi.Ods.CodeGen.XsdToWebApi.Process.SystemTypeCodes_Are_Properly_Processed_By_Conditions" runstate="NotRunnable" result="Failed" label="Invalid" duration="0.000000" asserts="0">
                        <properties>
                          <property name="_IGNOREREASON" value="Invalid signature for SetUp or TearDown method: CreateProcessedElements" />
                        </properties>
                        <failure>
                          <message><![CDATA[Invalid signature for SetUp or TearDown method: CreateProcessedElements]]></message>
                        </failure>
                      </test-case>
                    </test-suite>
                    <test-suite type="TestFixture" id="6-1375" name="UniqueIdTests" fullname="EdFi.Ods.Tests.EdFi.Ods.CodeGen.XsdToWebApi.Process.UniqueIdTests" classname="EdFi.Ods.Tests.EdFi.Ods.CodeGen.XsdToWebApi.Process.UniqueIdTests" runstate="Runnable" testcasecount="1" result="Passed" duration="0.003520" total="1" passed="0" failed="0" inconclusive="0" skipped="0" asserts="0">
                      <test-case id="6-1376" name="TestUniqueIdProcessedWithPropertyContext" fullname="EdFi.Ods.Tests.EdFi.Ods.CodeGen.XsdToWebApi.Process.UniqueIdTests.TestUniqueIdProcessedWithPropertyContext" methodname="TestUniqueIdProcessedWithPropertyContext" classname="EdFi.Ods.Tests.EdFi.Ods.CodeGen.XsdToWebApi.Process.UniqueIdTests" runstate="Runnable" result="Passed" duration="0.000831" asserts="1" />
                    </test-suite>
                  </test-suite>
                </test-suite>
              </test-suite>
              <test-suite type="Namespace" id="6-3340" name="Common" fullname="EdFi.Ods.Tests.EdFi.Ods.Common" runstate="Runnable" testcasecount="422" result="Passed" duration="1.890742" total="422" passed="0" failed="0" inconclusive="0" skipped="0" asserts="0">
                <test-suite type="Namespace" id="6-3393" name="Context" fullname="EdFi.Ods.Tests.EdFi.Ods.Common.Context" runstate="Runnable" testcasecount="7" result="Passed" duration="0.014422" total="7" passed="0" failed="0" inconclusive="0" skipped="0" asserts="0">
                  <test-suite type="TestFixture" id="6-2553" name="ApiKeyContextProviderTests+When_setting_and_getting_the_ApiKey_context_values_individually" fullname="EdFi.Ods.Tests.EdFi.Ods.Common.Context.ApiKeyContextProviderTests+When_setting_and_getting_the_ApiKey_context_values_individually" classname="EdFi.Ods.Tests.EdFi.Ods.Common.Context.ApiKeyContextProviderTests+When_setting_and_getting_the_ApiKey_context_values_individually" runstate="Runnable" testcasecount="7" result="Passed" duration="0.014050" total="7" passed="0" failed="0" inconclusive="0" skipped="0" asserts="0">
                    <test-case id="6-2560" name="Should_make_use_of_the_supplied_context_storage" fullname="EdFi.Ods.Tests.EdFi.Ods.Common.Context.ApiKeyContextProviderTests+When_setting_and_getting_the_ApiKey_context_values_individually.Should_make_use_of_the_supplied_context_storage" methodname="Should_make_use_of_the_supplied_context_storage" classname="EdFi.Ods.Tests.EdFi.Ods.Common.Context.ApiKeyContextProviderTests+When_setting_and_getting_the_ApiKey_context_values_individually" runstate="Runnable" result="Passed" duration="0.000323" asserts="0" />
                    <test-case id="6-2554" name="Should_return_the_supplied_ApiKey" fullname="EdFi.Ods.Tests.EdFi.Ods.Common.Context.ApiKeyContextProviderTests+When_setting_and_getting_the_ApiKey_context_values_individually.Should_return_the_supplied_ApiKey" methodname="Should_return_the_supplied_ApiKey" classname="EdFi.Ods.Tests.EdFi.Ods.Common.Context.ApiKeyContextProviderTests+When_setting_and_getting_the_ApiKey_context_values_individually" runstate="Runnable" result="Passed" duration="0.000261" asserts="0" />
                    <test-case id="6-2555" name="Should_return_the_supplied_claimset_name" fullname="EdFi.Ods.Tests.EdFi.Ods.Common.Context.ApiKeyContextProviderTests+When_setting_and_getting_the_ApiKey_context_values_individually.Should_return_the_supplied_claimset_name" methodname="Should_return_the_supplied_claimset_name" classname="EdFi.Ods.Tests.EdFi.Ods.Common.Context.ApiKeyContextProviderTests+When_setting_and_getting_the_ApiKey_context_values_individually" runstate="Runnable" result="Passed" duration="0.000213" asserts="0" />
                    <test-case id="6-2558" name="Should_return_the_supplied_context_DTO" fullname="EdFi.Ods.Tests.EdFi.Ods.Common.Context.ApiKeyContextProviderTests+When_setting_and_getting_the_ApiKey_context_values_individually.Should_return_the_supplied_context_DTO" methodname="Should_return_the_supplied_context_DTO" classname="EdFi.Ods.Tests.EdFi.Ods.Common.Context.ApiKeyContextProviderTests+When_setting_and_getting_the_ApiKey_context_values_individually" runstate="Runnable" result="Passed" duration="0.006124" asserts="0" />
                    <test-case id="6-2556" name="Should_return_the_supplied_EducationOrganizationIds" fullname="EdFi.Ods.Tests.EdFi.Ods.Common.Context.ApiKeyContextProviderTests+When_setting_and_getting_the_ApiKey_context_values_individually.Should_return_the_supplied_EducationOrganizationIds" methodname="Should_return_the_supplied_EducationOrganizationIds" classname="EdFi.Ods.Tests.EdFi.Ods.Common.Context.ApiKeyContextProviderTests+When_setting_and_getting_the_ApiKey_context_values_individually" runstate="Runnable" result="Passed" duration="0.000736" asserts="0" />
                    <test-case id="6-2557" name="Should_return_the_supplied_namespace_prefix" fullname="EdFi.Ods.Tests.EdFi.Ods.Common.Context.ApiKeyContextProviderTests+When_setting_and_getting_the_ApiKey_context_values_individually.Should_return_the_supplied_namespace_prefix" methodname="Should_return_the_supplied_namespace_prefix" classname="EdFi.Ods.Tests.EdFi.Ods.Common.Context.ApiKeyContextProviderTests+When_setting_and_getting_the_ApiKey_context_values_individually" runstate="Runnable" result="Passed" duration="0.000232" asserts="0" />
                    <test-case id="6-2559" name="Should_return_the_supplied_profiles" fullname="EdFi.Ods.Tests.EdFi.Ods.Common.Context.ApiKeyContextProviderTests+When_setting_and_getting_the_ApiKey_context_values_individually.Should_return_the_supplied_profiles" methodname="Should_return_the_supplied_profiles" classname="EdFi.Ods.Tests.EdFi.Ods.Common.Context.ApiKeyContextProviderTests+When_setting_and_getting_the_ApiKey_context_values_individually" runstate="Runnable" result="Passed" duration="0.000143" asserts="0" />
                  </test-suite>
                </test-suite>
                <test-suite type="Namespace" id="6-3346" name="Conventions" fullname="EdFi.Ods.Tests.EdFi.Ods.Common.Conventions" runstate="Runnable" testcasecount="32" result="Passed" duration="0.094375" total="32" passed="0" failed="0" inconclusive="0" skipped="0" asserts="0">
                  <test-suite type="TestFixture" id="6-1721" name="EdFiConventionsTests" fullname="EdFi.Ods.Tests.EdFi.Ods.Common.Conventions.EdFiConventionsTests" classname="EdFi.Ods.Tests.EdFi.Ods.Common.Conventions.EdFiConventionsTests" runstate="Runnable" testcasecount="0" result="Inconclusive" duration="0.000218" total="0" passed="0" failed="0" inconclusive="0" skipped="0" asserts="0" />
                  <test-suite type="TestFixture" id="6-2622" name="EdFiConventionsTests+When_building_an_edfi_namespace_and_a_class_name_is_not_provided" fullname="EdFi.Ods.Tests.EdFi.Ods.Common.Conventions.EdFiConventionsTests+When_building_an_edfi_namespace_and_a_class_name_is_not_provided" classname="EdFi.Ods.Tests.EdFi.Ods.Common.Conventions.EdFiConventionsTests+When_building_an_edfi_namespace_and_a_class_name_is_not_provided" runstate="Runnable" testcasecount="1" result="Passed" duration="0.001211" total="1" passed="0" failed="0" inconclusive="0" skipped="0" asserts="0">
                    <test-case id="6-2623" name="Should_return_correctly_constructed_namespace_without_a_classname" fullname="EdFi.Ods.Tests.EdFi.Ods.Common.Conventions.EdFiConventionsTests+When_building_an_edfi_namespace_and_a_class_name_is_not_provided.Should_return_correctly_constructed_namespace_without_a_classname" methodname="Should_return_correctly_constructed_namespace_without_a_classname" classname="EdFi.Ods.Tests.EdFi.Ods.Common.Conventions.EdFiConventionsTests+When_building_an_edfi_namespace_and_a_class_name_is_not_provided" runstate="Runnable" result="Passed" duration="0.000395" asserts="1" />
                  </test-suite>
                  <test-suite type="TestFixture" id="6-2620" name="EdFiConventionsTests+When_building_an_edfi_namespace_and_a_class_name_is_provided" fullname="EdFi.Ods.Tests.EdFi.Ods.Common.Conventions.EdFiConventionsTests+When_building_an_edfi_namespace_and_a_class_name_is_provided" classname="EdFi.Ods.Tests.EdFi.Ods.Common.Conventions.EdFiConventionsTests+When_building_an_edfi_namespace_and_a_class_name_is_provided" runstate="Runnable" testcasecount="1" result="Passed" duration="0.001171" total="1" passed="0" failed="0" inconclusive="0" skipped="0" asserts="0">
                    <test-case id="6-2621" name="Should_return_correctly_constructed_namespace_containing_classname_in_the_right_location" fullname="EdFi.Ods.Tests.EdFi.Ods.Common.Conventions.EdFiConventionsTests+When_building_an_edfi_namespace_and_a_class_name_is_provided.Should_return_correctly_constructed_namespace_containing_classname_in_the_right_location" methodname="Should_return_correctly_constructed_namespace_containing_classname_in_the_right_location" classname="EdFi.Ods.Tests.EdFi.Ods.Common.Conventions.EdFiConventionsTests+When_building_an_edfi_namespace_and_a_class_name_is_provided" runstate="Runnable" result="Passed" duration="0.000367" asserts="1" />
                  </test-suite>
                  <test-suite type="TestFixture" id="6-2624" name="EdFiConventionsTests+When_building_an_extension_namespace_and_a_class_name_is_provided" fullname="EdFi.Ods.Tests.EdFi.Ods.Common.Conventions.EdFiConventionsTests+When_building_an_extension_namespace_and_a_class_name_is_provided" classname="EdFi.Ods.Tests.EdFi.Ods.Common.Conventions.EdFiConventionsTests+When_building_an_extension_namespace_and_a_class_name_is_provided" runstate="Runnable" testcasecount="1" result="Passed" duration="0.001288" total="1" passed="0" failed="0" inconclusive="0" skipped="0" asserts="0">
                    <test-case id="6-2625" name="Should_return_correctly_constructed_namespace_containing_classname_in_the_right_location" fullname="EdFi.Ods.Tests.EdFi.Ods.Common.Conventions.EdFiConventionsTests+When_building_an_extension_namespace_and_a_class_name_is_provided.Should_return_correctly_constructed_namespace_containing_classname_in_the_right_location" methodname="Should_return_correctly_constructed_namespace_containing_classname_in_the_right_location" classname="EdFi.Ods.Tests.EdFi.Ods.Common.Conventions.EdFiConventionsTests+When_building_an_extension_namespace_and_a_class_name_is_provided" runstate="Runnable" result="Passed" duration="0.000454" asserts="1" />
                  </test-suite>
                  <test-suite type="TestFixture" id="6-2618" name="EdFiConventionsTests+When_checking_if_an_assembly_is_a_profile_assembly_and_assembly_contains_profile_xml_definition_file_as_manifest_resource" fullname="EdFi.Ods.Tests.EdFi.Ods.Common.Conventions.EdFiConventionsTests+When_checking_if_an_assembly_is_a_profile_assembly_and_assembly_contains_profile_xml_definition_file_as_manifest_resource" classname="EdFi.Ods.Tests.EdFi.Ods.Common.Conventions.EdFiConventionsTests+When_checking_if_an_assembly_is_a_profile_assembly_and_assembly_contains_profile_xml_definition_file_as_manifest_resource" runstate="Runnable" testcasecount="1" result="Passed" duration="0.004468" total="1" passed="0" failed="0" inconclusive="0" skipped="0" asserts="0">
                    <test-case id="6-2619" name="Should_return_true" fullname="EdFi.Ods.Tests.EdFi.Ods.Common.Conventions.EdFiConventionsTests+When_checking_if_an_assembly_is_a_profile_assembly_and_assembly_contains_profile_xml_definition_file_as_manifest_resource.Should_return_true" methodname="Should_return_true" classname="EdFi.Ods.Tests.EdFi.Ods.Common.Conventions.EdFiConventionsTests+When_checking_if_an_assembly_is_a_profile_assembly_and_assembly_contains_profile_xml_definition_file_as_manifest_resource" runstate="Runnable" result="Passed" duration="0.003889" asserts="1" />
                  </test-suite>
                  <test-suite type="TestFixture" id="6-2616" name="EdFiConventionsTests+When_checking_if_an_assembly_is_a_standard_assembly_and_assembly_fullname_starts_with_standard_assembly_name_prefix" fullname="EdFi.Ods.Tests.EdFi.Ods.Common.Conventions.EdFiConventionsTests+When_checking_if_an_assembly_is_a_standard_assembly_and_assembly_fullname_starts_with_standard_assembly_name_prefix" classname="EdFi.Ods.Tests.EdFi.Ods.Common.Conventions.EdFiConventionsTests+When_checking_if_an_assembly_is_a_standard_assembly_and_assembly_fullname_starts_with_standard_assembly_name_prefix" runstate="Runnable" testcasecount="1" result="Passed" duration="0.000921" total="1" passed="0" failed="0" inconclusive="0" skipped="0" asserts="0">
                    <test-case id="6-2617" name="Should_return_true" fullname="EdFi.Ods.Tests.EdFi.Ods.Common.Conventions.EdFiConventionsTests+When_checking_if_an_assembly_is_a_standard_assembly_and_assembly_fullname_starts_with_standard_assembly_name_prefix.Should_return_true" methodname="Should_return_true" classname="EdFi.Ods.Tests.EdFi.Ods.Common.Conventions.EdFiConventionsTests+When_checking_if_an_assembly_is_a_standard_assembly_and_assembly_fullname_starts_with_standard_assembly_name_prefix" runstate="Runnable" result="Passed" duration="0.000344" asserts="1" />
                  </test-suite>
                  <test-suite type="TestFixture" id="6-2642" name="EdFiConventionsTests+When_creating_a_resource_interface_name_for_non_profile_and_extension_context" fullname="EdFi.Ods.Tests.EdFi.Ods.Common.Conventions.EdFiConventionsTests+When_creating_a_resource_interface_name_for_non_profile_and_extension_context" classname="EdFi.Ods.Tests.EdFi.Ods.Common.Conventions.EdFiConventionsTests+When_creating_a_resource_interface_name_for_non_profile_and_extension_context" runstate="Runnable" testcasecount="1" result="Passed" duration="0.001512" total="1" passed="0" failed="0" inconclusive="0" skipped="0" asserts="0">
                    <test-case id="6-2643" name="Should_return_correctly_constructed_namespace" fullname="EdFi.Ods.Tests.EdFi.Ods.Common.Conventions.EdFiConventionsTests+When_creating_a_resource_interface_name_for_non_profile_and_extension_context.Should_return_correctly_constructed_namespace" methodname="Should_return_correctly_constructed_namespace" classname="EdFi.Ods.Tests.EdFi.Ods.Common.Conventions.EdFiConventionsTests+When_creating_a_resource_interface_name_for_non_profile_and_extension_context" runstate="Runnable" result="Passed" duration="0.000260" asserts="1" />
                  </test-suite>
                  <test-suite type="TestFixture" id="6-2640" name="EdFiConventionsTests+When_creating_a_resource_interface_name_for_profile_or_extension_context" fullname="EdFi.Ods.Tests.EdFi.Ods.Common.Conventions.EdFiConventionsTests+When_creating_a_resource_interface_name_for_profile_or_extension_context" classname="EdFi.Ods.Tests.EdFi.Ods.Common.Conventions.EdFiConventionsTests+When_creating_a_resource_interface_name_for_profile_or_extension_context" runstate="Runnable" testcasecount="1" result="Passed" duration="0.001149" total="1" passed="0" failed="0" inconclusive="0" skipped="0" asserts="0">
                    <test-case id="6-2641" name="Should_return_correctly_constructed_namespace" fullname="EdFi.Ods.Tests.EdFi.Ods.Common.Conventions.EdFiConventionsTests+When_creating_a_resource_interface_name_for_profile_or_extension_context.Should_return_correctly_constructed_namespace" methodname="Should_return_correctly_constructed_namespace" classname="EdFi.Ods.Tests.EdFi.Ods.Common.Conventions.EdFiConventionsTests+When_creating_a_resource_interface_name_for_profile_or_extension_context" runstate="Runnable" result="Passed" duration="0.000441" asserts="1" />
                  </test-suite>
                  <test-suite type="TestFixture" id="6-2630" name="EdFiConventionsTests+When_creating_a_resource_namespace_and_the_profileNamespaceName_is_null_but_the_profileNamespaceBaseChildrenConcreteContext_was_provided" fullname="EdFi.Ods.Tests.EdFi.Ods.Common.Conventions.EdFiConventionsTests+When_creating_a_resource_namespace_and_the_profileNamespaceName_is_null_but_the_profileNamespaceBaseChildrenConcreteContext_was_provided" classname="EdFi.Ods.Tests.EdFi.Ods.Common.Conventions.EdFiConventionsTests+When_creating_a_resource_namespace_and_the_profileNamespaceName_is_null_but_the_profileNamespaceBaseChildrenConcreteContext_was_provided" runstate="Runnable" testcasecount="1" result="Passed" duration="0.001564" total="1" passed="0" failed="0" inconclusive="0" skipped="0" asserts="0">
                    <test-case id="6-2631" name="Should_throw_Exception" fullname="EdFi.Ods.Tests.EdFi.Ods.Common.Conventions.EdFiConventionsTests+When_creating_a_resource_namespace_and_the_profileNamespaceName_is_null_but_the_profileNamespaceBaseChildrenConcreteContext_was_provided.Should_throw_Exception" methodname="Should_throw_Exception" classname="EdFi.Ods.Tests.EdFi.Ods.Common.Conventions.EdFiConventionsTests+When_creating_a_resource_namespace_and_the_profileNamespaceName_is_null_but_the_profileNamespaceBaseChildrenConcreteContext_was_provided" runstate="Runnable" result="Passed" duration="0.000833" asserts="2" />
                  </test-suite>
                  <test-suite type="TestFixture" id="6-2628" name="EdFiConventionsTests+When_creating_a_resource_namespace_and_the_resourceName_is_null" fullname="EdFi.Ods.Tests.EdFi.Ods.Common.Conventions.EdFiConventionsTests+When_creating_a_resource_namespace_and_the_resourceName_is_null" classname="EdFi.Ods.Tests.EdFi.Ods.Common.Conventions.EdFiConventionsTests+When_creating_a_resource_namespace_and_the_resourceName_is_null" runstate="Runnable" testcasecount="1" result="Passed" duration="0.001501" total="1" passed="0" failed="0" inconclusive="0" skipped="0" asserts="0">
                    <test-case id="6-2629" name="Should_throw_ArgumentNullException_indicating_resourceName_parameter_cannot_be_null" fullname="EdFi.Ods.Tests.EdFi.Ods.Common.Conventions.EdFiConventionsTests+When_creating_a_resource_namespace_and_the_resourceName_is_null.Should_throw_ArgumentNullException_indicating_resourceName_parameter_cannot_be_null" methodname="Should_throw_ArgumentNullException_indicating_resourceName_parameter_cannot_be_null" classname="EdFi.Ods.Tests.EdFi.Ods.Common.Conventions.EdFiConventionsTests+When_creating_a_resource_namespace_and_the_resourceName_is_null" runstate="Runnable" result="Passed" duration="0.000822" asserts="2" />
                  </test-suite>
                  <test-suite type="TestFixture" id="6-2626" name="EdFiConventionsTests+When_creating_a_resource_namespace_and_the_resourceSchemaProperCaseName_is_null" fullname="EdFi.Ods.Tests.EdFi.Ods.Common.Conventions.EdFiConventionsTests+When_creating_a_resource_namespace_and_the_resourceSchemaProperCaseName_is_null" classname="EdFi.Ods.Tests.EdFi.Ods.Common.Conventions.EdFiConventionsTests+When_creating_a_resource_namespace_and_the_resourceSchemaProperCaseName_is_null" runstate="Runnable" testcasecount="1" result="Passed" duration="0.001381" total="1" passed="0" failed="0" inconclusive="0" skipped="0" asserts="0">
                    <test-case id="6-2627" name="Should_throw_ArgumentNullException" fullname="EdFi.Ods.Tests.EdFi.Ods.Common.Conventions.EdFiConventionsTests+When_creating_a_resource_namespace_and_the_resourceSchemaProperCaseName_is_null.Should_throw_ArgumentNullException" methodname="Should_throw_ArgumentNullException" classname="EdFi.Ods.Tests.EdFi.Ods.Common.Conventions.EdFiConventionsTests+When_creating_a_resource_namespace_and_the_resourceSchemaProperCaseName_is_null" runstate="Runnable" result="Passed" duration="0.000766" asserts="2" />
                  </test-suite>
                  <test-suite type="TestFixture" id="6-2636" name="EdFiConventionsTests+When_creating_a_resource_namespace_for_non_profile_filtered_extension_resource" fullname="EdFi.Ods.Tests.EdFi.Ods.Common.Conventions.EdFiConventionsTests+When_creating_a_resource_namespace_for_non_profile_filtered_extension_resource" classname="EdFi.Ods.Tests.EdFi.Ods.Common.Conventions.EdFiConventionsTests+When_creating_a_resource_namespace_for_non_profile_filtered_extension_resource" runstate="Runnable" testcasecount="1" result="Passed" duration="0.001070" total="1" passed="0" failed="0" inconclusive="0" skipped="0" asserts="0">
                    <test-case id="6-2637" name="Should_return_correctly_constructed_namespace" fullname="EdFi.Ods.Tests.EdFi.Ods.Common.Conventions.EdFiConventionsTests+When_creating_a_resource_namespace_for_non_profile_filtered_extension_resource.Should_return_correctly_constructed_namespace" methodname="Should_return_correctly_constructed_namespace" classname="EdFi.Ods.Tests.EdFi.Ods.Common.Conventions.EdFiConventionsTests+When_creating_a_resource_namespace_for_non_profile_filtered_extension_resource" runstate="Runnable" result="Passed" duration="0.000417" asserts="1" />
                  </test-suite>
                  <test-suite type="TestFixture" id="6-2632" name="EdFiConventionsTests+When_creating_a_resource_namespace_for_non_profile_filtered_standard_edfi_resource" fullname="EdFi.Ods.Tests.EdFi.Ods.Common.Conventions.EdFiConventionsTests+When_creating_a_resource_namespace_for_non_profile_filtered_standard_edfi_resource" classname="EdFi.Ods.Tests.EdFi.Ods.Common.Conventions.EdFiConventionsTests+When_creating_a_resource_namespace_for_non_profile_filtered_standard_edfi_resource" runstate="Runnable" testcasecount="1" result="Passed" duration="0.001016" total="1" passed="0" failed="0" inconclusive="0" skipped="0" asserts="0">
                    <test-case id="6-2633" name="Should_return_correctly_constructed_namespace" fullname="EdFi.Ods.Tests.EdFi.Ods.Common.Conventions.EdFiConventionsTests+When_creating_a_resource_namespace_for_non_profile_filtered_standard_edfi_resource.Should_return_correctly_constructed_namespace" methodname="Should_return_correctly_constructed_namespace" classname="EdFi.Ods.Tests.EdFi.Ods.Common.Conventions.EdFiConventionsTests+When_creating_a_resource_namespace_for_non_profile_filtered_standard_edfi_resource" runstate="Runnable" result="Passed" duration="0.000399" asserts="1" />
                  </test-suite>
                  <test-suite type="TestFixture" id="6-2638" name="EdFiConventionsTests+When_creating_a_resource_namespace_for_profile_filtered_extension_resource" fullname="EdFi.Ods.Tests.EdFi.Ods.Common.Conventions.EdFiConventionsTests+When_creating_a_resource_namespace_for_profile_filtered_extension_resource" classname="EdFi.Ods.Tests.EdFi.Ods.Common.Conventions.EdFiConventionsTests+When_creating_a_resource_namespace_for_profile_filtered_extension_resource" runstate="Runnable" testcasecount="1" result="Passed" duration="0.001255" total="1" passed="0" failed="0" inconclusive="0" skipped="0" asserts="0">
                    <test-case id="6-2639" name="Should_return_correctly_constructed_namespace" fullname="EdFi.Ods.Tests.EdFi.Ods.Common.Conventions.EdFiConventionsTests+When_creating_a_resource_namespace_for_profile_filtered_extension_resource.Should_return_correctly_constructed_namespace" methodname="Should_return_correctly_constructed_namespace" classname="EdFi.Ods.Tests.EdFi.Ods.Common.Conventions.EdFiConventionsTests+When_creating_a_resource_namespace_for_profile_filtered_extension_resource" runstate="Runnable" result="Passed" duration="0.000623" asserts="1" />
                  </test-suite>
                  <test-suite type="TestFixture" id="6-2634" name="EdFiConventionsTests+When_creating_a_resource_namespace_for_profile_filtered_standard_edfi_resource_with_readable_writable_context" fullname="EdFi.Ods.Tests.EdFi.Ods.Common.Conventions.EdFiConventionsTests+When_creating_a_resource_namespace_for_profile_filtered_standard_edfi_resource_with_readable_writable_context" classname="EdFi.Ods.Tests.EdFi.Ods.Common.Conventions.EdFiConventionsTests+When_creating_a_resource_namespace_for_profile_filtered_standard_edfi_resource_with_readable_writable_context" runstate="Runnable" testcasecount="1" result="Passed" duration="0.001034" total="1" passed="0" failed="0" inconclusive="0" skipped="0" asserts="0">
                    <test-case id="6-2635" name="Should_return_correctly_constructed_namespace" fullname="EdFi.Ods.Tests.EdFi.Ods.Common.Conventions.EdFiConventionsTests+When_creating_a_resource_namespace_for_profile_filtered_standard_edfi_resource_with_readable_writable_context.Should_return_correctly_constructed_namespace" methodname="Should_return_correctly_constructed_namespace" classname="EdFi.Ods.Tests.EdFi.Ods.Common.Conventions.EdFiConventionsTests+When_creating_a_resource_namespace_for_profile_filtered_standard_edfi_resource_with_readable_writable_context" runstate="Runnable" result="Passed" duration="0.000445" asserts="1" />
                  </test-suite>
                  <test-suite type="TestFixture" id="6-2644" name="EdFiConventionsTests+When_determining_if_type_is_edfi_entity_and_type_full_name_starts_with_entities_nhibernate_base_namespace" fullname="EdFi.Ods.Tests.EdFi.Ods.Common.Conventions.EdFiConventionsTests+When_determining_if_type_is_edfi_entity_and_type_full_name_starts_with_entities_nhibernate_base_namespace" classname="EdFi.Ods.Tests.EdFi.Ods.Common.Conventions.EdFiConventionsTests+When_determining_if_type_is_edfi_entity_and_type_full_name_starts_with_entities_nhibernate_base_namespace" runstate="Runnable" testcasecount="1" result="Passed" duration="0.000859" total="1" passed="0" failed="0" inconclusive="0" skipped="0" asserts="0">
                    <test-case id="6-2645" name="Should_return_true_indicating_provided_entity_is_an_edfi_entity" fullname="EdFi.Ods.Tests.EdFi.Ods.Common.Conventions.EdFiConventionsTests+When_determining_if_type_is_edfi_entity_and_type_full_name_starts_with_entities_nhibernate_base_namespace.Should_return_true_indicating_provided_entity_is_an_edfi_entity" methodname="Should_return_true_indicating_provided_entity_is_an_edfi_entity" classname="EdFi.Ods.Tests.EdFi.Ods.Common.Conventions.EdFiConventionsTests+When_determining_if_type_is_edfi_entity_and_type_full_name_starts_with_entities_nhibernate_base_namespace" runstate="Runnable" result="Passed" duration="0.000402" asserts="1" />
                  </test-suite>
                  <test-suite type="TestFixture" id="6-2646" name="EdFiConventionsTests+When_determining_if_type_is_edfi_resource_class_and_type_full_name_starts_with_resource_base_namespace" fullname="EdFi.Ods.Tests.EdFi.Ods.Common.Conventions.EdFiConventionsTests+When_determining_if_type_is_edfi_resource_class_and_type_full_name_starts_with_resource_base_namespace" classname="EdFi.Ods.Tests.EdFi.Ods.Common.Conventions.EdFiConventionsTests+When_determining_if_type_is_edfi_resource_class_and_type_full_name_starts_with_resource_base_namespace" runstate="Runnable" testcasecount="1" result="Passed" duration="0.000864" total="1" passed="0" failed="0" inconclusive="0" skipped="0" asserts="0">
                    <test-case id="6-2647" name="Should_return_true_indicating_provided_resource_is_an_edfi_resource" fullname="EdFi.Ods.Tests.EdFi.Ods.Common.Conventions.EdFiConventionsTests+When_determining_if_type_is_edfi_resource_class_and_type_full_name_starts_with_resource_base_namespace.Should_return_true_indicating_provided_resource_is_an_edfi_resource" methodname="Should_return_true_indicating_provided_resource_is_an_edfi_resource" classname="EdFi.Ods.Tests.EdFi.Ods.Common.Conventions.EdFiConventionsTests+When_determining_if_type_is_edfi_resource_class_and_type_full_name_starts_with_resource_base_namespace" runstate="Runnable" result="Passed" duration="0.000386" asserts="1" />
                  </test-suite>
                  <test-suite type="TestFixture" id="6-1722" name="ExtensionsConventionsTests" fullname="EdFi.Ods.Tests.EdFi.Ods.Common.Conventions.ExtensionsConventionsTests" classname="EdFi.Ods.Tests.EdFi.Ods.Common.Conventions.ExtensionsConventionsTests" runstate="Runnable" testcasecount="0" result="Inconclusive" duration="0.000194" total="0" passed="0" failed="0" inconclusive="0" skipped="0" asserts="0" />
                  <test-suite type="TestFixture" id="6-2656" name="ExtensionsConventionsTests+When_checking_if_an_assembly_is_an_extension_assembly_and_assembly_full_name_is_prefixed_with_extension_assembly_namespace_prefix" fullname="EdFi.Ods.Tests.EdFi.Ods.Common.Conventions.ExtensionsConventionsTests+When_checking_if_an_assembly_is_an_extension_assembly_and_assembly_full_name_is_prefixed_with_extension_assembly_namespace_prefix" classname="EdFi.Ods.Tests.EdFi.Ods.Common.Conventions.ExtensionsConventionsTests+When_checking_if_an_assembly_is_an_extension_assembly_and_assembly_full_name_is_prefixed_with_extension_assembly_namespace_prefix" runstate="Runnable" testcasecount="1" result="Passed" duration="0.001307" total="1" passed="0" failed="0" inconclusive="0" skipped="0" asserts="0">
                    <test-case id="6-2657" name="Should_return_true" fullname="EdFi.Ods.Tests.EdFi.Ods.Common.Conventions.ExtensionsConventionsTests+When_checking_if_an_assembly_is_an_extension_assembly_and_assembly_full_name_is_prefixed_with_extension_assembly_namespace_prefix.Should_return_true" methodname="Should_return_true" classname="EdFi.Ods.Tests.EdFi.Ods.Common.Conventions.ExtensionsConventionsTests+When_checking_if_an_assembly_is_an_extension_assembly_and_assembly_full_name_is_prefixed_with_extension_assembly_namespace_prefix" runstate="Runnable" result="Passed" duration="0.000277" asserts="1" />
                  </test-suite>
                  <test-suite type="TestFixture" id="6-2658" name="ExtensionsConventionsTests+When_checking_if_an_assembly_is_an_extension_model_assembly_and_assembly_full_name_is_prefixed_with_extension_model_assembly_namespace_prefix" fullname="EdFi.Ods.Tests.EdFi.Ods.Common.Conventions.ExtensionsConventionsTests+When_checking_if_an_assembly_is_an_extension_model_assembly_and_assembly_full_name_is_prefixed_with_extension_model_assembly_namespace_prefix" classname="EdFi.Ods.Tests.EdFi.Ods.Common.Conventions.ExtensionsConventionsTests+When_checking_if_an_assembly_is_an_extension_model_assembly_and_assembly_full_name_is_prefixed_with_extension_model_assembly_namespace_prefix" runstate="Runnable" testcasecount="1" result="Passed" duration="0.001255" total="1" passed="0" failed="0" inconclusive="0" skipped="0" asserts="0">
                    <test-case id="6-2659" name="Should_return_true" fullname="EdFi.Ods.Tests.EdFi.Ods.Common.Conventions.ExtensionsConventionsTests+When_checking_if_an_assembly_is_an_extension_model_assembly_and_assembly_full_name_is_prefixed_with_extension_model_assembly_namespace_prefix.Should_return_true" methodname="Should_return_true" classname="EdFi.Ods.Tests.EdFi.Ods.Common.Conventions.ExtensionsConventionsTests+When_checking_if_an_assembly_is_an_extension_model_assembly_and_assembly_full_name_is_prefixed_with_extension_model_assembly_namespace_prefix" runstate="Runnable" result="Passed" duration="0.000305" asserts="1" />
                  </test-suite>
                  <test-suite type="TestFixture" id="6-2672" name="ExtensionsConventionsTests+When_checking_if_property_info_is_an_extension_collection_property" fullname="EdFi.Ods.Tests.EdFi.Ods.Common.Conventions.ExtensionsConventionsTests+When_checking_if_property_info_is_an_extension_collection_property" classname="EdFi.Ods.Tests.EdFi.Ods.Common.Conventions.ExtensionsConventionsTests+When_checking_if_property_info_is_an_extension_collection_property" runstate="Runnable" testcasecount="1" result="Passed" duration="0.003212" total="1" passed="0" failed="0" inconclusive="0" skipped="0" asserts="0">
                    <test-case id="6-2673" name="Should_return_true_if_extension_collection_property_info_is_provided" fullname="EdFi.Ods.Tests.EdFi.Ods.Common.Conventions.ExtensionsConventionsTests+When_checking_if_property_info_is_an_extension_collection_property.Should_return_true_if_extension_collection_property_info_is_provided" methodname="Should_return_true_if_extension_collection_property_info_is_provided" classname="EdFi.Ods.Tests.EdFi.Ods.Common.Conventions.ExtensionsConventionsTests+When_checking_if_property_info_is_an_extension_collection_property" runstate="Runnable" result="Passed" duration="0.002674" asserts="1" />
                  </test-suite>
                  <test-suite type="TestFixture" id="6-2674" name="ExtensionsConventionsTests+When_checking_if_property_info_is_an_extension_collection_property_and_provided_property_info_is_not_a_valid_extension_collection_property" fullname="EdFi.Ods.Tests.EdFi.Ods.Common.Conventions.ExtensionsConventionsTests+When_checking_if_property_info_is_an_extension_collection_property_and_provided_property_info_is_not_a_valid_extension_collection_property" classname="EdFi.Ods.Tests.EdFi.Ods.Common.Conventions.ExtensionsConventionsTests+When_checking_if_property_info_is_an_extension_collection_property_and_provided_property_info_is_not_a_valid_extension_collection_property" runstate="Runnable" testcasecount="1" result="Passed" duration="0.001133" total="1" passed="0" failed="0" inconclusive="0" skipped="0" asserts="0">
                    <test-case id="6-2675" name="Should_return_false" fullname="EdFi.Ods.Tests.EdFi.Ods.Common.Conventions.ExtensionsConventionsTests+When_checking_if_property_info_is_an_extension_collection_property_and_provided_property_info_is_not_a_valid_extension_collection_property.Should_return_false" methodname="Should_return_false" classname="EdFi.Ods.Tests.EdFi.Ods.Common.Conventions.ExtensionsConventionsTests+When_checking_if_property_info_is_an_extension_collection_property_and_provided_property_info_is_not_a_valid_extension_collection_property" runstate="Runnable" result="Passed" duration="0.000626" asserts="1" />
                  </test-suite>
                  <test-suite type="TestFixture" id="6-2668" name="ExtensionsConventionsTests+When_getting_aggregate_extension_member_name" fullname="EdFi.Ods.Tests.EdFi.Ods.Common.Conventions.ExtensionsConventionsTests+When_getting_aggregate_extension_member_name" classname="EdFi.Ods.Tests.EdFi.Ods.Common.Conventions.ExtensionsConventionsTests+When_getting_aggregate_extension_member_name" runstate="Runnable" testcasecount="1" result="Passed" duration="0.004983" total="1" passed="0" failed="0" inconclusive="0" skipped="0" asserts="0">
                    <test-case id="6-2669" name="Should_return_correct_propercase_name_segment_for_provided_assembly_name" fullname="EdFi.Ods.Tests.EdFi.Ods.Common.Conventions.ExtensionsConventionsTests+When_getting_aggregate_extension_member_name.Should_return_correct_propercase_name_segment_for_provided_assembly_name" methodname="Should_return_correct_propercase_name_segment_for_provided_assembly_name" classname="EdFi.Ods.Tests.EdFi.Ods.Common.Conventions.ExtensionsConventionsTests+When_getting_aggregate_extension_member_name" runstate="Runnable" result="Passed" duration="0.000300" asserts="1" />
                  </test-suite>
                  <test-suite type="TestFixture" id="6-2666" name="ExtensionsConventionsTests+When_getting_aggregate_extension_member_name_and_entity_provided_is_not_an_aggregate_extension" fullname="EdFi.Ods.Tests.EdFi.Ods.Common.Conventions.ExtensionsConventionsTests+When_getting_aggregate_extension_member_name_and_entity_provided_is_not_an_aggregate_extension" classname="EdFi.Ods.Tests.EdFi.Ods.Common.Conventions.ExtensionsConventionsTests+When_getting_aggregate_extension_member_name_and_entity_provided_is_not_an_aggregate_extension" runstate="Runnable" testcasecount="1" result="Passed" duration="0.007736" total="1" passed="0" failed="0" inconclusive="0" skipped="0" asserts="0">
                    <test-case id="6-2667" name="Should_return_correct_propercase_name_segment_for_provided_assembly_name" fullname="EdFi.Ods.Tests.EdFi.Ods.Common.Conventions.ExtensionsConventionsTests+When_getting_aggregate_extension_member_name_and_entity_provided_is_not_an_aggregate_extension.Should_return_correct_propercase_name_segment_for_provided_assembly_name" methodname="Should_return_correct_propercase_name_segment_for_provided_assembly_name" classname="EdFi.Ods.Tests.EdFi.Ods.Common.Conventions.ExtensionsConventionsTests+When_getting_aggregate_extension_member_name_and_entity_provided_is_not_an_aggregate_extension" runstate="Runnable" result="Passed" duration="0.001061" asserts="2" />
                  </test-suite>
                  <test-suite type="TestFixture" id="6-2678" name="ExtensionsConventionsTests+When_getting_entity_type_full_name_for_extension_entity" fullname="EdFi.Ods.Tests.EdFi.Ods.Common.Conventions.ExtensionsConventionsTests+When_getting_entity_type_full_name_for_extension_entity" classname="EdFi.Ods.Tests.EdFi.Ods.Common.Conventions.ExtensionsConventionsTests+When_getting_entity_type_full_name_for_extension_entity" runstate="Runnable" testcasecount="1" result="Passed" duration="0.004365" total="1" passed="0" failed="0" inconclusive="0" skipped="0" asserts="0">
                    <test-case id="6-2679" name="Should_return_correct_type_full_name" fullname="EdFi.Ods.Tests.EdFi.Ods.Common.Conventions.ExtensionsConventionsTests+When_getting_entity_type_full_name_for_extension_entity.Should_return_correct_type_full_name" methodname="Should_return_correct_type_full_name" classname="EdFi.Ods.Tests.EdFi.Ods.Common.Conventions.ExtensionsConventionsTests+When_getting_entity_type_full_name_for_extension_entity" runstate="Runnable" result="Passed" duration="0.000250" asserts="1" />
                  </test-suite>
                  <test-suite type="TestFixture" id="6-2676" name="ExtensionsConventionsTests+When_getting_entity_type_full_name_for_standard_entity" fullname="EdFi.Ods.Tests.EdFi.Ods.Common.Conventions.ExtensionsConventionsTests+When_getting_entity_type_full_name_for_standard_entity" classname="EdFi.Ods.Tests.EdFi.Ods.Common.Conventions.ExtensionsConventionsTests+When_getting_entity_type_full_name_for_standard_entity" runstate="Runnable" testcasecount="1" result="Passed" duration="0.004598" total="1" passed="0" failed="0" inconclusive="0" skipped="0" asserts="0">
                    <test-case id="6-2677" name="Should_return_correct_type_full_name" fullname="EdFi.Ods.Tests.EdFi.Ods.Common.Conventions.ExtensionsConventionsTests+When_getting_entity_type_full_name_for_standard_entity.Should_return_correct_type_full_name" methodname="Should_return_correct_type_full_name" classname="EdFi.Ods.Tests.EdFi.Ods.Common.Conventions.ExtensionsConventionsTests+When_getting_entity_type_full_name_for_standard_entity" runstate="Runnable" result="Passed" duration="0.000272" asserts="1" />
                  </test-suite>
                  <test-suite type="TestFixture" id="6-2650" name="ExtensionsConventionsTests+When_getting_extension_class_assembly_qualified_name_and_edFiStandardType_is_an_edfi_entity" fullname="EdFi.Ods.Tests.EdFi.Ods.Common.Conventions.ExtensionsConventionsTests+When_getting_extension_class_assembly_qualified_name_and_edFiStandardType_is_an_edfi_entity" classname="EdFi.Ods.Tests.EdFi.Ods.Common.Conventions.ExtensionsConventionsTests+When_getting_extension_class_assembly_qualified_name_and_edFiStandardType_is_an_edfi_entity" runstate="Runnable" testcasecount="1" result="Passed" duration="0.004032" total="1" passed="0" failed="0" inconclusive="0" skipped="0" asserts="0">
                    <test-case id="6-2651" name="Should_return_correctly_constructed_extension_class_assembly_qualified_name_for_edfi_entity_and_extension_provided" fullname="EdFi.Ods.Tests.EdFi.Ods.Common.Conventions.ExtensionsConventionsTests+When_getting_extension_class_assembly_qualified_name_and_edFiStandardType_is_an_edfi_entity.Should_return_correctly_constructed_extension_class_assembly_qualified_name_for_edfi_entity_and_extension_provided" methodname="Should_return_correctly_constructed_extension_class_assembly_qualified_name_for_edfi_entity_and_extension_provided" classname="EdFi.Ods.Tests.EdFi.Ods.Common.Conventions.ExtensionsConventionsTests+When_getting_extension_class_assembly_qualified_name_and_edFiStandardType_is_an_edfi_entity" runstate="Runnable" result="Passed" duration="0.000283" asserts="1" />
                  </test-suite>
                  <test-suite type="TestFixture" id="6-2652" name="ExtensionsConventionsTests+When_getting_extension_class_assembly_qualified_name_and_edFiStandardType_is_an_edfi_resource_not_within_a_profile_assembly" fullname="EdFi.Ods.Tests.EdFi.Ods.Common.Conventions.ExtensionsConventionsTests+When_getting_extension_class_assembly_qualified_name_and_edFiStandardType_is_an_edfi_resource_not_within_a_profile_assembly" classname="EdFi.Ods.Tests.EdFi.Ods.Common.Conventions.ExtensionsConventionsTests+When_getting_extension_class_assembly_qualified_name_and_edFiStandardType_is_an_edfi_resource_not_within_a_profile_assembly" runstate="Runnable" testcasecount="1" result="Passed" duration="0.001125" total="1" passed="0" failed="0" inconclusive="0" skipped="0" asserts="0">
                    <test-case id="6-2653" name="Should_return_correctly_constructed_extension_class_assembly_qualified_name_for_edfi_resource_and_extension_provided" fullname="EdFi.Ods.Tests.EdFi.Ods.Common.Conventions.ExtensionsConventionsTests+When_getting_extension_class_assembly_qualified_name_and_edFiStandardType_is_an_edfi_resource_not_within_a_profile_assembly.Should_return_correctly_constructed_extension_class_assembly_qualified_name_for_edfi_resource_and_extension_provided" methodname="Should_return_correctly_constructed_extension_class_assembly_qualified_name_for_edfi_resource_and_extension_provided" classname="EdFi.Ods.Tests.EdFi.Ods.Common.Conventions.ExtensionsConventionsTests+When_getting_extension_class_assembly_qualified_name_and_edFiStandardType_is_an_edfi_resource_not_within_a_profile_assembly" runstate="Runnable" result="Passed" duration="0.000272" asserts="1" />
                  </test-suite>
                  <test-suite type="TestFixture" id="6-2654" name="ExtensionsConventionsTests+When_getting_extension_class_assembly_qualified_name_and_edFiStandardType_is_an_edfi_resource_within_a_profile_assembly" fullname="EdFi.Ods.Tests.EdFi.Ods.Common.Conventions.ExtensionsConventionsTests+When_getting_extension_class_assembly_qualified_name_and_edFiStandardType_is_an_edfi_resource_within_a_profile_assembly" classname="EdFi.Ods.Tests.EdFi.Ods.Common.Conventions.ExtensionsConventionsTests+When_getting_extension_class_assembly_qualified_name_and_edFiStandardType_is_an_edfi_resource_within_a_profile_assembly" runstate="Runnable" testcasecount="1" result="Passed" duration="0.001067" total="1" passed="0" failed="0" inconclusive="0" skipped="0" asserts="0">
                    <test-case id="6-2655" name="Should_return_correctly_constructed_extension_class_assembly_qualified_name_for_edfi_profile_resource_and_extension_provided" fullname="EdFi.Ods.Tests.EdFi.Ods.Common.Conventions.ExtensionsConventionsTests+When_getting_extension_class_assembly_qualified_name_and_edFiStandardType_is_an_edfi_resource_within_a_profile_assembly.Should_return_correctly_constructed_extension_class_assembly_qualified_name_for_edfi_profile_resource_and_extension_provided" methodname="Should_return_correctly_constructed_extension_class_assembly_qualified_name_for_edfi_profile_resource_and_extension_provided" classname="EdFi.Ods.Tests.EdFi.Ods.Common.Conventions.ExtensionsConventionsTests+When_getting_extension_class_assembly_qualified_name_and_edFiStandardType_is_an_edfi_resource_within_a_profile_assembly" runstate="Runnable" result="Passed" duration="0.000232" asserts="1" />
                  </test-suite>
                  <test-suite type="TestFixture" id="6-2670" name="ExtensionsConventionsTests+When_getting_extension_class_name" fullname="EdFi.Ods.Tests.EdFi.Ods.Common.Conventions.ExtensionsConventionsTests+When_getting_extension_class_name" classname="EdFi.Ods.Tests.EdFi.Ods.Common.Conventions.ExtensionsConventionsTests+When_getting_extension_class_name" runstate="Runnable" testcasecount="1" result="Passed" duration="0.000977" total="1" passed="0" failed="0" inconclusive="0" skipped="0" asserts="0">
                    <test-case id="6-2671" name="Should_return_class_name_with_extension_appended_to_it" fullname="EdFi.Ods.Tests.EdFi.Ods.Common.Conventions.ExtensionsConventionsTests+When_getting_extension_class_name.Should_return_class_name_with_extension_appended_to_it" methodname="Should_return_class_name_with_extension_appended_to_it" classname="EdFi.Ods.Tests.EdFi.Ods.Common.Conventions.ExtensionsConventionsTests+When_getting_extension_class_name" runstate="Runnable" result="Passed" duration="0.000220" asserts="1" />
                  </test-suite>
                  <test-suite type="TestFixture" id="6-2648" name="ExtensionsConventionsTests+When_getting_extension_resource_class_assembly_qualified_name" fullname="EdFi.Ods.Tests.EdFi.Ods.Common.Conventions.ExtensionsConventionsTests+When_getting_extension_resource_class_assembly_qualified_name" classname="EdFi.Ods.Tests.EdFi.Ods.Common.Conventions.ExtensionsConventionsTests+When_getting_extension_resource_class_assembly_qualified_name" runstate="Runnable" testcasecount="1" result="Passed" duration="0.001879" total="1" passed="0" failed="0" inconclusive="0" skipped="0" asserts="0">
                    <test-case id="6-2649" name="Should_return_resource_class_assembly_qualified_name" fullname="EdFi.Ods.Tests.EdFi.Ods.Common.Conventions.ExtensionsConventionsTests+When_getting_extension_resource_class_assembly_qualified_name.Should_return_resource_class_assembly_qualified_name" methodname="Should_return_resource_class_assembly_qualified_name" classname="EdFi.Ods.Tests.EdFi.Ods.Common.Conventions.ExtensionsConventionsTests+When_getting_extension_resource_class_assembly_qualified_name" runstate="Runnable" result="Passed" duration="0.000235" asserts="1" />
                  </test-suite>
                  <test-suite type="TestFixture" id="6-2664" name="ExtensionsConventionsTests+When_getting_proper_case_name_from_assembly_name" fullname="EdFi.Ods.Tests.EdFi.Ods.Common.Conventions.ExtensionsConventionsTests+When_getting_proper_case_name_from_assembly_name" classname="EdFi.Ods.Tests.EdFi.Ods.Common.Conventions.ExtensionsConventionsTests+When_getting_proper_case_name_from_assembly_name" runstate="Runnable" testcasecount="1" result="Passed" duration="0.000915" total="1" passed="0" failed="0" inconclusive="0" skipped="0" asserts="0">
                    <test-case id="6-2665" name="Should_return_correct_propercase_name_segment_for_provided_assembly_name" fullname="EdFi.Ods.Tests.EdFi.Ods.Common.Conventions.ExtensionsConventionsTests+When_getting_proper_case_name_from_assembly_name.Should_return_correct_propercase_name_segment_for_provided_assembly_name" methodname="Should_return_correct_propercase_name_segment_for_provided_assembly_name" classname="EdFi.Ods.Tests.EdFi.Ods.Common.Conventions.ExtensionsConventionsTests+When_getting_proper_case_name_from_assembly_name" runstate="Runnable" result="Passed" duration="0.000211" asserts="1" />
                  </test-suite>
                  <test-suite type="TestFixture" id="6-2660" name="ExtensionsConventionsTests+When_getting_proper_case_name_from_logical_name_containing_a_hyphen" fullname="EdFi.Ods.Tests.EdFi.Ods.Common.Conventions.ExtensionsConventionsTests+When_getting_proper_case_name_from_logical_name_containing_a_hyphen" classname="EdFi.Ods.Tests.EdFi.Ods.Common.Conventions.ExtensionsConventionsTests+When_getting_proper_case_name_from_logical_name_containing_a_hyphen" runstate="Runnable" testcasecount="1" result="Passed" duration="0.000830" total="1" passed="0" failed="0" inconclusive="0" skipped="0" asserts="0">
                    <test-case id="6-2661" name="Should_return_correct_namespace_segment_for_provided_logical_name" fullname="EdFi.Ods.Tests.EdFi.Ods.Common.Conventions.ExtensionsConventionsTests+When_getting_proper_case_name_from_logical_name_containing_a_hyphen.Should_return_correct_namespace_segment_for_provided_logical_name" methodname="Should_return_correct_namespace_segment_for_provided_logical_name" classname="EdFi.Ods.Tests.EdFi.Ods.Common.Conventions.ExtensionsConventionsTests+When_getting_proper_case_name_from_logical_name_containing_a_hyphen" runstate="Runnable" result="Passed" duration="0.000230" asserts="1" />
                  </test-suite>
                  <test-suite type="TestFixture" id="6-2662" name="ExtensionsConventionsTests+When_getting_proper_case_name_from_logical_name_not_containing_a_hyphen" fullname="EdFi.Ods.Tests.EdFi.Ods.Common.Conventions.ExtensionsConventionsTests+When_getting_proper_case_name_from_logical_name_not_containing_a_hyphen" classname="EdFi.Ods.Tests.EdFi.Ods.Common.Conventions.ExtensionsConventionsTests+When_getting_proper_case_name_from_logical_name_not_containing_a_hyphen" runstate="Runnable" testcasecount="1" result="Passed" duration="0.000765" total="1" passed="0" failed="0" inconclusive="0" skipped="0" asserts="0">
                    <test-case id="6-2663" name="Should_return_correct_namespace_segment_for_provided_logical_name" fullname="EdFi.Ods.Tests.EdFi.Ods.Common.Conventions.ExtensionsConventionsTests+When_getting_proper_case_name_from_logical_name_not_containing_a_hyphen.Should_return_correct_namespace_segment_for_provided_logical_name" methodname="Should_return_correct_namespace_segment_for_provided_logical_name" classname="EdFi.Ods.Tests.EdFi.Ods.Common.Conventions.ExtensionsConventionsTests+When_getting_proper_case_name_from_logical_name_not_containing_a_hyphen" runstate="Runnable" result="Passed" duration="0.000210" asserts="1" />
                  </test-suite>
                </test-suite>
                <test-suite type="Namespace" id="6-3343" name="Database" fullname="EdFi.Ods.Tests.EdFi.Ods.Common.Database" runstate="Runnable" testcasecount="4" result="Passed" duration="0.069687" total="4" passed="0" failed="0" inconclusive="0" skipped="0" asserts="0">
                  <test-suite type="TestFixture" id="6-2592" name="SandboxDatabaseNameProviderTests+When_calling_SandboxDatabaseNameProvider_GetDatabaseName" fullname="EdFi.Ods.Tests.EdFi.Ods.Common.Database.SandboxDatabaseNameProviderTests+When_calling_SandboxDatabaseNameProvider_GetDatabaseName" classname="EdFi.Ods.Tests.EdFi.Ods.Common.Database.SandboxDatabaseNameProviderTests+When_calling_SandboxDatabaseNameProvider_GetDatabaseName" runstate="Runnable" testcasecount="1" result="Passed" duration="0.040475" total="1" passed="0" failed="0" inconclusive="0" skipped="0" asserts="0">
                    <test-case id="6-2593" name="Should_return_the_database_name" fullname="EdFi.Ods.Tests.EdFi.Ods.Common.Database.SandboxDatabaseNameProviderTests+When_calling_SandboxDatabaseNameProvider_GetDatabaseName.Should_return_the_database_name" methodname="Should_return_the_database_name" classname="EdFi.Ods.Tests.EdFi.Ods.Common.Database.SandboxDatabaseNameProviderTests+When_calling_SandboxDatabaseNameProvider_GetDatabaseName" runstate="Runnable" result="Passed" duration="0.039983" asserts="0" />
                  </test-suite>
                  <test-suite type="TestFixture" id="6-1714" name="When_building_connection_string_based_on_a_prototype_from_the_connectionStrings_config_section_but_with_a_database_name_override" fullname="EdFi.Ods.Tests.EdFi.Ods.Common.Database.When_building_connection_string_based_on_a_prototype_from_the_connectionStrings_config_section_but_with_a_database_name_override" classname="EdFi.Ods.Tests.EdFi.Ods.Common.Database.When_building_connection_string_based_on_a_prototype_from_the_connectionStrings_config_section_but_with_a_database_name_override" runstate="Runnable" testcasecount="2" result="Passed" duration="0.022294" total="2" passed="0" failed="0" inconclusive="0" skipped="0" asserts="0">
                    <test-case id="6-1716" name="Should_perform_substitution_using_the_SqlConnectionStringBuilder_class" fullname="EdFi.Ods.Tests.EdFi.Ods.Common.Database.When_building_connection_string_based_on_a_prototype_from_the_connectionStrings_config_section_but_with_a_database_name_override.Should_perform_substitution_using_the_SqlConnectionStringBuilder_class" methodname="Should_perform_substitution_using_the_SqlConnectionStringBuilder_class" classname="EdFi.Ods.Tests.EdFi.Ods.Common.Database.When_building_connection_string_based_on_a_prototype_from_the_connectionStrings_config_section_but_with_a_database_name_override" runstate="Runnable" result="Passed" duration="0.000490" asserts="0" />
                    <test-case id="6-1715" name="Should_substitute_the_database_name_in_the_existing_connection_string_with_the_one_supplied_by_the_database_name_provider" fullname="EdFi.Ods.Tests.EdFi.Ods.Common.Database.When_building_connection_string_based_on_a_prototype_from_the_connectionStrings_config_section_but_with_a_database_name_override.Should_substitute_the_database_name_in_the_existing_connection_string_with_the_one_supplied_by_the_database_name_provider" methodname="Should_substitute_the_database_name_in_the_existing_connection_string_with_the_one_supplied_by_the_database_name_provider" classname="EdFi.Ods.Tests.EdFi.Ods.Common.Database.When_building_connection_string_based_on_a_prototype_from_the_connectionStrings_config_section_but_with_a_database_name_override" runstate="Runnable" result="Passed" duration="0.000297" asserts="0" />
                  </test-suite>
                  <test-suite type="TestFixture" id="6-1717" name="When_building_connection_string_based_on_a_prototype_from_the_connectionStrings_config_section_with_different_database_name_overrides" fullname="EdFi.Ods.Tests.EdFi.Ods.Common.Database.When_building_connection_string_based_on_a_prototype_from_the_connectionStrings_config_section_with_different_database_name_overrides" classname="EdFi.Ods.Tests.EdFi.Ods.Common.Database.When_building_connection_string_based_on_a_prototype_from_the_connectionStrings_config_section_with_different_database_name_overrides" runstate="Runnable" testcasecount="1" result="Passed" duration="0.004300" total="1" passed="0" failed="0" inconclusive="0" skipped="0" asserts="0">
                    <test-case id="6-1718" name="Should_properly_modify_connection_string_template_with_varying_database_names" fullname="EdFi.Ods.Tests.EdFi.Ods.Common.Database.When_building_connection_string_based_on_a_prototype_from_the_connectionStrings_config_section_with_different_database_name_overrides.Should_properly_modify_connection_string_template_with_varying_database_names" methodname="Should_properly_modify_connection_string_template_with_varying_database_names" classname="EdFi.Ods.Tests.EdFi.Ods.Common.Database.When_building_connection_string_based_on_a_prototype_from_the_connectionStrings_config_section_with_different_database_name_overrides" runstate="Runnable" result="Passed" duration="0.000824" asserts="0" />
                  </test-suite>
                </test-suite>
                <test-suite type="Namespace" id="6-3342" name="ExceptionHandling" fullname="EdFi.Ods.Tests.EdFi.Ods.Common.ExceptionHandling" runstate="Runnable" testcasecount="35" result="Passed" duration="0.107279" total="35" passed="0" failed="0" inconclusive="0" skipped="0" asserts="0">
                  <test-suite type="TestFixture" id="6-2565" name="DuplicateNaturalKeyCreateExceptionTranslatorTests+When_a_generic_ADO_exception_is_thrown_with_an_inner_exception_with_the_wrong_message" fullname="EdFi.Ods.Tests.EdFi.Ods.Common.ExceptionHandling.DuplicateNaturalKeyCreateExceptionTranslatorTests+When_a_generic_ADO_exception_is_thrown_with_an_inner_exception_with_the_wrong_message" classname="EdFi.Ods.Tests.EdFi.Ods.Common.ExceptionHandling.DuplicateNaturalKeyCreateExceptionTranslatorTests+When_a_generic_ADO_exception_is_thrown_with_an_inner_exception_with_the_wrong_message" runstate="Runnable" testcasecount="1" result="Passed" duration="0.019817" total="1" passed="0" failed="0" inconclusive="0" skipped="0" asserts="0">
                    <test-case id="6-2566" name="Should_not_handle" fullname="EdFi.Ods.Tests.EdFi.Ods.Common.ExceptionHandling.DuplicateNaturalKeyCreateExceptionTranslatorTests+When_a_generic_ADO_exception_is_thrown_with_an_inner_exception_with_the_wrong_message.Should_not_handle" methodname="Should_not_handle" classname="EdFi.Ods.Tests.EdFi.Ods.Common.ExceptionHandling.DuplicateNaturalKeyCreateExceptionTranslatorTests+When_a_generic_ADO_exception_is_thrown_with_an_inner_exception_with_the_wrong_message" runstate="Runnable" result="Passed" duration="0.000217" asserts="0" />
                  </test-suite>
                  <test-suite type="TestFixture" id="6-2563" name="DuplicateNaturalKeyCreateExceptionTranslatorTests+When_a_generic_ADO_exception_is_thrown_without_an_inner_exception" fullname="EdFi.Ods.Tests.EdFi.Ods.Common.ExceptionHandling.DuplicateNaturalKeyCreateExceptionTranslatorTests+When_a_generic_ADO_exception_is_thrown_without_an_inner_exception" classname="EdFi.Ods.Tests.EdFi.Ods.Common.ExceptionHandling.DuplicateNaturalKeyCreateExceptionTranslatorTests+When_a_generic_ADO_exception_is_thrown_without_an_inner_exception" runstate="Runnable" testcasecount="1" result="Passed" duration="0.001457" total="1" passed="0" failed="0" inconclusive="0" skipped="0" asserts="0">
                    <test-case id="6-2564" name="Should_not_handle" fullname="EdFi.Ods.Tests.EdFi.Ods.Common.ExceptionHandling.DuplicateNaturalKeyCreateExceptionTranslatorTests+When_a_generic_ADO_exception_is_thrown_without_an_inner_exception.Should_not_handle" methodname="Should_not_handle" classname="EdFi.Ods.Tests.EdFi.Ods.Common.ExceptionHandling.DuplicateNaturalKeyCreateExceptionTranslatorTests+When_a_generic_ADO_exception_is_thrown_without_an_inner_exception" runstate="Runnable" result="Passed" duration="0.000247" asserts="0" />
                  </test-suite>
                  <test-suite type="TestFixture" id="6-2561" name="DuplicateNaturalKeyCreateExceptionTranslatorTests+When_a_regular_exception_is_thrown" fullname="EdFi.Ods.Tests.EdFi.Ods.Common.ExceptionHandling.DuplicateNaturalKeyCreateExceptionTranslatorTests+When_a_regular_exception_is_thrown" classname="EdFi.Ods.Tests.EdFi.Ods.Common.ExceptionHandling.DuplicateNaturalKeyCreateExceptionTranslatorTests+When_a_regular_exception_is_thrown" runstate="Runnable" testcasecount="1" result="Passed" duration="0.001159" total="1" passed="0" failed="0" inconclusive="0" skipped="0" asserts="0">
                    <test-case id="6-2562" name="Should_not_handle_this_exception" fullname="EdFi.Ods.Tests.EdFi.Ods.Common.ExceptionHandling.DuplicateNaturalKeyCreateExceptionTranslatorTests+When_a_regular_exception_is_thrown.Should_not_handle_this_exception" methodname="Should_not_handle_this_exception" classname="EdFi.Ods.Tests.EdFi.Ods.Common.ExceptionHandling.DuplicateNaturalKeyCreateExceptionTranslatorTests+When_a_regular_exception_is_thrown" runstate="Runnable" result="Passed" duration="0.000214" asserts="0" />
                  </test-suite>
                  <test-suite type="TestFixture" id="6-2577" name="DuplicateNaturalKeyCreateExceptionTranslatorTests+When_an_nHibernate_ADO_exception_is_thrown_with_an_inner_exception_of_the_wrong_type" fullname="EdFi.Ods.Tests.EdFi.Ods.Common.ExceptionHandling.DuplicateNaturalKeyCreateExceptionTranslatorTests+When_an_nHibernate_ADO_exception_is_thrown_with_an_inner_exception_of_the_wrong_type" classname="EdFi.Ods.Tests.EdFi.Ods.Common.ExceptionHandling.DuplicateNaturalKeyCreateExceptionTranslatorTests+When_an_nHibernate_ADO_exception_is_thrown_with_an_inner_exception_of_the_wrong_type" runstate="Runnable" testcasecount="1" result="Passed" duration="0.001223" total="1" passed="0" failed="0" inconclusive="0" skipped="0" asserts="0">
                    <test-case id="6-2578" name="Should_not_handle_this_exception" fullname="EdFi.Ods.Tests.EdFi.Ods.Common.ExceptionHandling.DuplicateNaturalKeyCreateExceptionTranslatorTests+When_an_nHibernate_ADO_exception_is_thrown_with_an_inner_exception_of_the_wrong_type.Should_not_handle_this_exception" methodname="Should_not_handle_this_exception" classname="EdFi.Ods.Tests.EdFi.Ods.Common.ExceptionHandling.DuplicateNaturalKeyCreateExceptionTranslatorTests+When_an_nHibernate_ADO_exception_is_thrown_with_an_inner_exception_of_the_wrong_type" runstate="Runnable" result="Passed" duration="0.000229" asserts="0" />
                  </test-suite>
                  <test-suite type="TestFixture" id="6-2567" name="DuplicateNaturalKeyCreateExceptionTranslatorTests+When_an_nHibernate_ADO_exception_is_thrown_with_an_inner_SQL_exception_primary_key_violation" fullname="EdFi.Ods.Tests.EdFi.Ods.Common.ExceptionHandling.DuplicateNaturalKeyCreateExceptionTranslatorTests+When_an_nHibernate_ADO_exception_is_thrown_with_an_inner_SQL_exception_primary_key_violation" classname="EdFi.Ods.Tests.EdFi.Ods.Common.ExceptionHandling.DuplicateNaturalKeyCreateExceptionTranslatorTests+When_an_nHibernate_ADO_exception_is_thrown_with_an_inner_SQL_exception_primary_key_violation" runstate="Runnable" testcasecount="4" result="Passed" duration="0.026385" total="4" passed="0" failed="0" inconclusive="0" skipped="0" asserts="0">
                    <test-case id="6-2568" name="Should_handle_this_exception" fullname="EdFi.Ods.Tests.EdFi.Ods.Common.ExceptionHandling.DuplicateNaturalKeyCreateExceptionTranslatorTests+When_an_nHibernate_ADO_exception_is_thrown_with_an_inner_SQL_exception_primary_key_violation.Should_handle_this_exception" methodname="Should_handle_this_exception" classname="EdFi.Ods.Tests.EdFi.Ods.Common.ExceptionHandling.DuplicateNaturalKeyCreateExceptionTranslatorTests+When_an_nHibernate_ADO_exception_is_thrown_with_an_inner_SQL_exception_primary_key_violation" runstate="Runnable" result="Passed" duration="0.000221" asserts="0" />
                    <test-case id="6-2571" name="Should_set_a_reasonable_message" fullname="EdFi.Ods.Tests.EdFi.Ods.Common.ExceptionHandling.DuplicateNaturalKeyCreateExceptionTranslatorTests+When_an_nHibernate_ADO_exception_is_thrown_with_an_inner_SQL_exception_primary_key_violation.Should_set_a_reasonable_message" methodname="Should_set_a_reasonable_message" classname="EdFi.Ods.Tests.EdFi.Ods.Common.ExceptionHandling.DuplicateNaturalKeyCreateExceptionTranslatorTests+When_an_nHibernate_ADO_exception_is_thrown_with_an_inner_SQL_exception_primary_key_violation" runstate="Runnable" result="Passed" duration="0.000287" asserts="0" />
                    <test-case id="6-2570" name="Should_set_the_exception_type_to_conflict" fullname="EdFi.Ods.Tests.EdFi.Ods.Common.ExceptionHandling.DuplicateNaturalKeyCreateExceptionTranslatorTests+When_an_nHibernate_ADO_exception_is_thrown_with_an_inner_SQL_exception_primary_key_violation.Should_set_the_exception_type_to_conflict" methodname="Should_set_the_exception_type_to_conflict" classname="EdFi.Ods.Tests.EdFi.Ods.Common.ExceptionHandling.DuplicateNaturalKeyCreateExceptionTranslatorTests+When_an_nHibernate_ADO_exception_is_thrown_with_an_inner_SQL_exception_primary_key_violation" runstate="Runnable" result="Passed" duration="0.000231" asserts="0" />
                    <test-case id="6-2569" name="Should_translate_the_exception_to_a_409_error" fullname="EdFi.Ods.Tests.EdFi.Ods.Common.ExceptionHandling.DuplicateNaturalKeyCreateExceptionTranslatorTests+When_an_nHibernate_ADO_exception_is_thrown_with_an_inner_SQL_exception_primary_key_violation.Should_translate_the_exception_to_a_409_error" methodname="Should_translate_the_exception_to_a_409_error" classname="EdFi.Ods.Tests.EdFi.Ods.Common.ExceptionHandling.DuplicateNaturalKeyCreateExceptionTranslatorTests+When_an_nHibernate_ADO_exception_is_thrown_with_an_inner_SQL_exception_primary_key_violation" runstate="Runnable" result="Passed" duration="0.000269" asserts="0" />
                  </test-suite>
                  <test-suite type="TestFixture" id="6-2575" name="DuplicateNaturalKeyCreateExceptionTranslatorTests+When_an_nHibernate_ADO_exception_is_thrown_with_an_inner_SQL_exception_primary_key_violation_and_a_backwards_PK_name" fullname="EdFi.Ods.Tests.EdFi.Ods.Common.ExceptionHandling.DuplicateNaturalKeyCreateExceptionTranslatorTests+When_an_nHibernate_ADO_exception_is_thrown_with_an_inner_SQL_exception_primary_key_violation_and_a_backwards_PK_name" classname="EdFi.Ods.Tests.EdFi.Ods.Common.ExceptionHandling.DuplicateNaturalKeyCreateExceptionTranslatorTests+When_an_nHibernate_ADO_exception_is_thrown_with_an_inner_SQL_exception_primary_key_violation_and_a_backwards_PK_name" runstate="Runnable" testcasecount="1" result="Passed" duration="0.001764" total="1" passed="0" failed="0" inconclusive="0" skipped="0" asserts="0">
                    <test-case id="6-2576" name="Should_handle_this_exception" fullname="EdFi.Ods.Tests.EdFi.Ods.Common.ExceptionHandling.DuplicateNaturalKeyCreateExceptionTranslatorTests+When_an_nHibernate_ADO_exception_is_thrown_with_an_inner_SQL_exception_primary_key_violation_and_a_backwards_PK_name.Should_handle_this_exception" methodname="Should_handle_this_exception" classname="EdFi.Ods.Tests.EdFi.Ods.Common.ExceptionHandling.DuplicateNaturalKeyCreateExceptionTranslatorTests+When_an_nHibernate_ADO_exception_is_thrown_with_an_inner_SQL_exception_primary_key_violation_and_a_backwards_PK_name" runstate="Runnable" result="Passed" duration="0.000214" asserts="0" />
                  </test-suite>
                  <test-suite type="TestFixture" id="6-2572" name="DuplicateNaturalKeyCreateExceptionTranslatorTests+When_an_nHibernate_ADO_exception_is_thrown_with_an_inner_SQL_exception_primary_key_violation_for_unknown_index" fullname="EdFi.Ods.Tests.EdFi.Ods.Common.ExceptionHandling.DuplicateNaturalKeyCreateExceptionTranslatorTests+When_an_nHibernate_ADO_exception_is_thrown_with_an_inner_SQL_exception_primary_key_violation_for_unknown_index" classname="EdFi.Ods.Tests.EdFi.Ods.Common.ExceptionHandling.DuplicateNaturalKeyCreateExceptionTranslatorTests+When_an_nHibernate_ADO_exception_is_thrown_with_an_inner_SQL_exception_primary_key_violation_for_unknown_index" runstate="Runnable" testcasecount="2" result="Passed" duration="0.002531" total="2" passed="0" failed="0" inconclusive="0" skipped="0" asserts="0">
                    <test-case id="6-2573" name="Should_handle_this_exception" fullname="EdFi.Ods.Tests.EdFi.Ods.Common.ExceptionHandling.DuplicateNaturalKeyCreateExceptionTranslatorTests+When_an_nHibernate_ADO_exception_is_thrown_with_an_inner_SQL_exception_primary_key_violation_for_unknown_index.Should_handle_this_exception" methodname="Should_handle_this_exception" classname="EdFi.Ods.Tests.EdFi.Ods.Common.ExceptionHandling.DuplicateNaturalKeyCreateExceptionTranslatorTests+When_an_nHibernate_ADO_exception_is_thrown_with_an_inner_SQL_exception_primary_key_violation_for_unknown_index" runstate="Runnable" result="Passed" duration="0.000224" asserts="0" />
                    <test-case id="6-2574" name="Should_set_a_reasonable_message" fullname="EdFi.Ods.Tests.EdFi.Ods.Common.ExceptionHandling.DuplicateNaturalKeyCreateExceptionTranslatorTests+When_an_nHibernate_ADO_exception_is_thrown_with_an_inner_SQL_exception_primary_key_violation_for_unknown_index.Should_set_a_reasonable_message" methodname="Should_set_a_reasonable_message" classname="EdFi.Ods.Tests.EdFi.Ods.Common.ExceptionHandling.DuplicateNaturalKeyCreateExceptionTranslatorTests+When_an_nHibernate_ADO_exception_is_thrown_with_an_inner_SQL_exception_primary_key_violation_for_unknown_index" runstate="Runnable" result="Passed" duration="0.000307" asserts="0" />
                  </test-suite>
                  <test-suite type="TestFixture" id="6-2583" name="DuplicateNaturalKeyUpdateExceptionTranslatorTests+When_a_generic_ADO_exception_is_thrown_with_an_inner_exception_with_the_wrong_message" fullname="EdFi.Ods.Tests.EdFi.Ods.Common.ExceptionHandling.DuplicateNaturalKeyUpdateExceptionTranslatorTests+When_a_generic_ADO_exception_is_thrown_with_an_inner_exception_with_the_wrong_message" classname="EdFi.Ods.Tests.EdFi.Ods.Common.ExceptionHandling.DuplicateNaturalKeyUpdateExceptionTranslatorTests+When_a_generic_ADO_exception_is_thrown_with_an_inner_exception_with_the_wrong_message" runstate="Runnable" testcasecount="1" result="Passed" duration="0.001477" total="1" passed="0" failed="0" inconclusive="0" skipped="0" asserts="0">
                    <test-case id="6-2584" name="Should_not_handle" fullname="EdFi.Ods.Tests.EdFi.Ods.Common.ExceptionHandling.DuplicateNaturalKeyUpdateExceptionTranslatorTests+When_a_generic_ADO_exception_is_thrown_with_an_inner_exception_with_the_wrong_message.Should_not_handle" methodname="Should_not_handle" classname="EdFi.Ods.Tests.EdFi.Ods.Common.ExceptionHandling.DuplicateNaturalKeyUpdateExceptionTranslatorTests+When_a_generic_ADO_exception_is_thrown_with_an_inner_exception_with_the_wrong_message" runstate="Runnable" result="Passed" duration="0.000301" asserts="0" />
                  </test-suite>
                  <test-suite type="TestFixture" id="6-2581" name="DuplicateNaturalKeyUpdateExceptionTranslatorTests+When_a_generic_ADO_exception_is_thrown_without_an_inner_exception" fullname="EdFi.Ods.Tests.EdFi.Ods.Common.ExceptionHandling.DuplicateNaturalKeyUpdateExceptionTranslatorTests+When_a_generic_ADO_exception_is_thrown_without_an_inner_exception" classname="EdFi.Ods.Tests.EdFi.Ods.Common.ExceptionHandling.DuplicateNaturalKeyUpdateExceptionTranslatorTests+When_a_generic_ADO_exception_is_thrown_without_an_inner_exception" runstate="Runnable" testcasecount="1" result="Passed" duration="0.001047" total="1" passed="0" failed="0" inconclusive="0" skipped="0" asserts="0">
                    <test-case id="6-2582" name="Should_not_handle" fullname="EdFi.Ods.Tests.EdFi.Ods.Common.ExceptionHandling.DuplicateNaturalKeyUpdateExceptionTranslatorTests+When_a_generic_ADO_exception_is_thrown_without_an_inner_exception.Should_not_handle" methodname="Should_not_handle" classname="EdFi.Ods.Tests.EdFi.Ods.Common.ExceptionHandling.DuplicateNaturalKeyUpdateExceptionTranslatorTests+When_a_generic_ADO_exception_is_thrown_without_an_inner_exception" runstate="Runnable" result="Passed" duration="0.000214" asserts="0" />
                  </test-suite>
                  <test-suite type="TestFixture" id="6-2579" name="DuplicateNaturalKeyUpdateExceptionTranslatorTests+When_a_regular_exception_is_thrown" fullname="EdFi.Ods.Tests.EdFi.Ods.Common.ExceptionHandling.DuplicateNaturalKeyUpdateExceptionTranslatorTests+When_a_regular_exception_is_thrown" classname="EdFi.Ods.Tests.EdFi.Ods.Common.ExceptionHandling.DuplicateNaturalKeyUpdateExceptionTranslatorTests+When_a_regular_exception_is_thrown" runstate="Runnable" testcasecount="1" result="Passed" duration="0.000919" total="1" passed="0" failed="0" inconclusive="0" skipped="0" asserts="0">
                    <test-case id="6-2580" name="Should_not_handle_this_exception" fullname="EdFi.Ods.Tests.EdFi.Ods.Common.ExceptionHandling.DuplicateNaturalKeyUpdateExceptionTranslatorTests+When_a_regular_exception_is_thrown.Should_not_handle_this_exception" methodname="Should_not_handle_this_exception" classname="EdFi.Ods.Tests.EdFi.Ods.Common.ExceptionHandling.DuplicateNaturalKeyUpdateExceptionTranslatorTests+When_a_regular_exception_is_thrown" runstate="Runnable" result="Passed" duration="0.000226" asserts="0" />
                  </test-suite>
                  <test-suite type="TestFixture" id="6-2590" name="DuplicateNaturalKeyUpdateExceptionTranslatorTests+When_an_nHibernate_ADO_exception_is_thrown_with_an_inner_exception_of_the_wrong_type" fullname="EdFi.Ods.Tests.EdFi.Ods.Common.ExceptionHandling.DuplicateNaturalKeyUpdateExceptionTranslatorTests+When_an_nHibernate_ADO_exception_is_thrown_with_an_inner_exception_of_the_wrong_type" classname="EdFi.Ods.Tests.EdFi.Ods.Common.ExceptionHandling.DuplicateNaturalKeyUpdateExceptionTranslatorTests+When_an_nHibernate_ADO_exception_is_thrown_with_an_inner_exception_of_the_wrong_type" runstate="Runnable" testcasecount="1" result="Passed" duration="0.001278" total="1" passed="0" failed="0" inconclusive="0" skipped="0" asserts="0">
                    <test-case id="6-2591" name="Should_not_handle_this_exception" fullname="EdFi.Ods.Tests.EdFi.Ods.Common.ExceptionHandling.DuplicateNaturalKeyUpdateExceptionTranslatorTests+When_an_nHibernate_ADO_exception_is_thrown_with_an_inner_exception_of_the_wrong_type.Should_not_handle_this_exception" methodname="Should_not_handle_this_exception" classname="EdFi.Ods.Tests.EdFi.Ods.Common.ExceptionHandling.DuplicateNaturalKeyUpdateExceptionTranslatorTests+When_an_nHibernate_ADO_exception_is_thrown_with_an_inner_exception_of_the_wrong_type" runstate="Runnable" result="Passed" duration="0.000245" asserts="0" />
                  </test-suite>
                  <test-suite type="TestFixture" id="6-2585" name="DuplicateNaturalKeyUpdateExceptionTranslatorTests+When_an_nHibernate_StaleObjectState_exception_is_thrown" fullname="EdFi.Ods.Tests.EdFi.Ods.Common.ExceptionHandling.DuplicateNaturalKeyUpdateExceptionTranslatorTests+When_an_nHibernate_StaleObjectState_exception_is_thrown" classname="EdFi.Ods.Tests.EdFi.Ods.Common.ExceptionHandling.DuplicateNaturalKeyUpdateExceptionTranslatorTests+When_an_nHibernate_StaleObjectState_exception_is_thrown" runstate="Runnable" testcasecount="4" result="Passed" duration="0.004051" total="4" passed="0" failed="0" inconclusive="0" skipped="0" asserts="0">
                    <test-case id="6-2586" name="Should_handle_this_exception" fullname="EdFi.Ods.Tests.EdFi.Ods.Common.ExceptionHandling.DuplicateNaturalKeyUpdateExceptionTranslatorTests+When_an_nHibernate_StaleObjectState_exception_is_thrown.Should_handle_this_exception" methodname="Should_handle_this_exception" classname="EdFi.Ods.Tests.EdFi.Ods.Common.ExceptionHandling.DuplicateNaturalKeyUpdateExceptionTranslatorTests+When_an_nHibernate_StaleObjectState_exception_is_thrown" runstate="Runnable" result="Passed" duration="0.000205" asserts="0" />
                    <test-case id="6-2589" name="Should_set_a_reasonable_message" fullname="EdFi.Ods.Tests.EdFi.Ods.Common.ExceptionHandling.DuplicateNaturalKeyUpdateExceptionTranslatorTests+When_an_nHibernate_StaleObjectState_exception_is_thrown.Should_set_a_reasonable_message" methodname="Should_set_a_reasonable_message" classname="EdFi.Ods.Tests.EdFi.Ods.Common.ExceptionHandling.DuplicateNaturalKeyUpdateExceptionTranslatorTests+When_an_nHibernate_StaleObjectState_exception_is_thrown" runstate="Runnable" result="Passed" duration="0.000242" asserts="0" />
                    <test-case id="6-2588" name="Should_set_the_exception_type_to_conflict" fullname="EdFi.Ods.Tests.EdFi.Ods.Common.ExceptionHandling.DuplicateNaturalKeyUpdateExceptionTranslatorTests+When_an_nHibernate_StaleObjectState_exception_is_thrown.Should_set_the_exception_type_to_conflict" methodname="Should_set_the_exception_type_to_conflict" classname="EdFi.Ods.Tests.EdFi.Ods.Common.ExceptionHandling.DuplicateNaturalKeyUpdateExceptionTranslatorTests+When_an_nHibernate_StaleObjectState_exception_is_thrown" runstate="Runnable" result="Passed" duration="0.000223" asserts="0" />
                    <test-case id="6-2587" name="Should_translate_the_exception_to_a_409_error" fullname="EdFi.Ods.Tests.EdFi.Ods.Common.ExceptionHandling.DuplicateNaturalKeyUpdateExceptionTranslatorTests+When_an_nHibernate_StaleObjectState_exception_is_thrown.Should_translate_the_exception_to_a_409_error" methodname="Should_translate_the_exception_to_a_409_error" classname="EdFi.Ods.Tests.EdFi.Ods.Common.ExceptionHandling.DuplicateNaturalKeyUpdateExceptionTranslatorTests+When_an_nHibernate_StaleObjectState_exception_is_thrown" runstate="Runnable" result="Passed" duration="0.000220" asserts="0" />
                  </test-suite>
                  <test-suite type="TestFixture" id="6-1699" name="When_a_delete_conflicts_with_a_reference_constraint_with_a_single_column" fullname="EdFi.Ods.Tests.EdFi.Ods.Common.ExceptionHandling.When_a_delete_conflicts_with_a_reference_constraint_with_a_single_column" classname="EdFi.Ods.Tests.EdFi.Ods.Common.ExceptionHandling.When_a_delete_conflicts_with_a_reference_constraint_with_a_single_column" runstate="Runnable" testcasecount="2" result="Passed" duration="0.003588" total="2" passed="0" failed="0" inconclusive="0" skipped="0" asserts="0">
                    <test-case id="6-1700" name="Should_respond_with_a_409_Conflict" fullname="EdFi.Ods.Tests.EdFi.Ods.Common.ExceptionHandling.When_a_delete_conflicts_with_a_reference_constraint_with_a_single_column.Should_respond_with_a_409_Conflict" methodname="Should_respond_with_a_409_Conflict" classname="EdFi.Ods.Tests.EdFi.Ods.Common.ExceptionHandling.When_a_delete_conflicts_with_a_reference_constraint_with_a_single_column" runstate="Runnable" result="Passed" duration="0.000430" asserts="2" />
                    <test-case id="6-1701" name="Should_translate_the_message_to_indicate_that_a_related_resource_does_not_have_the_value_specified_in_the_current_request_and_provide_column_details" fullname="EdFi.Ods.Tests.EdFi.Ods.Common.ExceptionHandling.When_a_delete_conflicts_with_a_reference_constraint_with_a_single_column.Should_translate_the_message_to_indicate_that_a_related_resource_does_not_have_the_value_specified_in_the_current_request_and_provide_column_details" methodname="Should_translate_the_message_to_indicate_that_a_related_resource_does_not_have_the_value_specified_in_the_current_request_and_provide_column_details" classname="EdFi.Ods.Tests.EdFi.Ods.Common.ExceptionHandling.When_a_delete_conflicts_with_a_reference_constraint_with_a_single_column" runstate="Runnable" result="Passed" duration="0.000275" asserts="1" />
                  </test-suite>
                  <test-suite type="TestFixture" id="6-1696" name="When_a_delete_conflicts_with_a_reference_constraint_with_multiple_columns" fullname="EdFi.Ods.Tests.EdFi.Ods.Common.ExceptionHandling.When_a_delete_conflicts_with_a_reference_constraint_with_multiple_columns" classname="EdFi.Ods.Tests.EdFi.Ods.Common.ExceptionHandling.When_a_delete_conflicts_with_a_reference_constraint_with_multiple_columns" runstate="Runnable" testcasecount="2" result="Passed" duration="0.001941" total="2" passed="0" failed="0" inconclusive="0" skipped="0" asserts="0">
                    <test-case id="6-1697" name="Should_respond_with_a_409_Conflict" fullname="EdFi.Ods.Tests.EdFi.Ods.Common.ExceptionHandling.When_a_delete_conflicts_with_a_reference_constraint_with_multiple_columns.Should_respond_with_a_409_Conflict" methodname="Should_respond_with_a_409_Conflict" classname="EdFi.Ods.Tests.EdFi.Ods.Common.ExceptionHandling.When_a_delete_conflicts_with_a_reference_constraint_with_multiple_columns" runstate="Runnable" result="Passed" duration="0.000348" asserts="2" />
                    <test-case id="6-1698" name="Should_translate_the_message_to_indicate_that_a_related_resource_does_not_have_the_value_specified_in_the_current_request_but_does_not_provide_column_details" fullname="EdFi.Ods.Tests.EdFi.Ods.Common.ExceptionHandling.When_a_delete_conflicts_with_a_reference_constraint_with_multiple_columns.Should_translate_the_message_to_indicate_that_a_related_resource_does_not_have_the_value_specified_in_the_current_request_but_does_not_provide_column_details" methodname="Should_translate_the_message_to_indicate_that_a_related_resource_does_not_have_the_value_specified_in_the_current_request_but_does_not_provide_column_details" classname="EdFi.Ods.Tests.EdFi.Ods.Common.ExceptionHandling.When_a_delete_conflicts_with_a_reference_constraint_with_multiple_columns" runstate="Runnable" result="Passed" duration="0.000234" asserts="1" />
                  </test-suite>
                  <test-suite type="TestFixture" id="6-1711" name="When_an_ArgumentException_is_thrown" fullname="EdFi.Ods.Tests.EdFi.Ods.Common.ExceptionHandling.When_an_ArgumentException_is_thrown" classname="EdFi.Ods.Tests.EdFi.Ods.Common.ExceptionHandling.When_an_ArgumentException_is_thrown" runstate="Runnable" testcasecount="2" result="Passed" duration="0.001918" total="2" passed="0" failed="0" inconclusive="0" skipped="0" asserts="0">
                    <test-case id="6-1713" name="Should_provide_a_message_that_is_a_straight_passthrough_of_the_exception_message" fullname="EdFi.Ods.Tests.EdFi.Ods.Common.ExceptionHandling.When_an_ArgumentException_is_thrown.Should_provide_a_message_that_is_a_straight_passthrough_of_the_exception_message" methodname="Should_provide_a_message_that_is_a_straight_passthrough_of_the_exception_message" classname="EdFi.Ods.Tests.EdFi.Ods.Common.ExceptionHandling.When_an_ArgumentException_is_thrown" runstate="Runnable" result="Passed" duration="0.000215" asserts="1" />
                    <test-case id="6-1712" name="Should_respond_with_a_400_BadRequest" fullname="EdFi.Ods.Tests.EdFi.Ods.Common.ExceptionHandling.When_an_ArgumentException_is_thrown.Should_respond_with_a_400_BadRequest" methodname="Should_respond_with_a_400_BadRequest" classname="EdFi.Ods.Tests.EdFi.Ods.Common.ExceptionHandling.When_an_ArgumentException_is_thrown" runstate="Runnable" result="Passed" duration="0.000364" asserts="2" />
                  </test-suite>
                  <test-suite type="TestFixture" id="6-1690" name="When_an_insert_conflicts_with_a_foreign_key_constraint_with_a_single_column" fullname="EdFi.Ods.Tests.EdFi.Ods.Common.ExceptionHandling.When_an_insert_conflicts_with_a_foreign_key_constraint_with_a_single_column" classname="EdFi.Ods.Tests.EdFi.Ods.Common.ExceptionHandling.When_an_insert_conflicts_with_a_foreign_key_constraint_with_a_single_column" runstate="Runnable" testcasecount="2" result="Passed" duration="0.002471" total="2" passed="0" failed="0" inconclusive="0" skipped="0" asserts="0">
                    <test-case id="6-1691" name="Should_respond_with_a_409_Conflict" fullname="EdFi.Ods.Tests.EdFi.Ods.Common.ExceptionHandling.When_an_insert_conflicts_with_a_foreign_key_constraint_with_a_single_column.Should_respond_with_a_409_Conflict" methodname="Should_respond_with_a_409_Conflict" classname="EdFi.Ods.Tests.EdFi.Ods.Common.ExceptionHandling.When_an_insert_conflicts_with_a_foreign_key_constraint_with_a_single_column" runstate="Runnable" result="Passed" duration="0.000443" asserts="2" />
                    <test-case id="6-1692" name="Should_translate_the_message_to_indicate_that_a_related_resource_does_not_have_the_value_specified_in_the_current_request_but_does_not_provide_column_level_details" fullname="EdFi.Ods.Tests.EdFi.Ods.Common.ExceptionHandling.When_an_insert_conflicts_with_a_foreign_key_constraint_with_a_single_column.Should_translate_the_message_to_indicate_that_a_related_resource_does_not_have_the_value_specified_in_the_current_request_but_does_not_provide_column_level_details" methodname="Should_translate_the_message_to_indicate_that_a_related_resource_does_not_have_the_value_specified_in_the_current_request_but_does_not_provide_column_level_details" classname="EdFi.Ods.Tests.EdFi.Ods.Common.ExceptionHandling.When_an_insert_conflicts_with_a_foreign_key_constraint_with_a_single_column" runstate="Runnable" result="Passed" duration="0.000386" asserts="1" />
                  </test-suite>
                  <test-suite type="TestFixture" id="6-1702" name="When_an_insert_conflicts_with_a_non_primary_key_unique_index_with_a_single_column" fullname="EdFi.Ods.Tests.EdFi.Ods.Common.ExceptionHandling.When_an_insert_conflicts_with_a_non_primary_key_unique_index_with_a_single_column" classname="EdFi.Ods.Tests.EdFi.Ods.Common.ExceptionHandling.When_an_insert_conflicts_with_a_non_primary_key_unique_index_with_a_single_column" runstate="Runnable" testcasecount="2" result="Passed" duration="0.005744" total="2" passed="0" failed="0" inconclusive="0" skipped="0" asserts="0">
                    <test-case id="6-1703" name="Should_respond_with_a_409_Conflict" fullname="EdFi.Ods.Tests.EdFi.Ods.Common.ExceptionHandling.When_an_insert_conflicts_with_a_non_primary_key_unique_index_with_a_single_column.Should_respond_with_a_409_Conflict" methodname="Should_respond_with_a_409_Conflict" classname="EdFi.Ods.Tests.EdFi.Ods.Common.ExceptionHandling.When_an_insert_conflicts_with_a_non_primary_key_unique_index_with_a_single_column" runstate="Runnable" result="Passed" duration="0.000453" asserts="2" />
                    <test-case id="6-1704" name="Should_translate_message_to_indicate_which_single_property_on_which_entity_was_not_unique" fullname="EdFi.Ods.Tests.EdFi.Ods.Common.ExceptionHandling.When_an_insert_conflicts_with_a_non_primary_key_unique_index_with_a_single_column.Should_translate_message_to_indicate_which_single_property_on_which_entity_was_not_unique" methodname="Should_translate_message_to_indicate_which_single_property_on_which_entity_was_not_unique" classname="EdFi.Ods.Tests.EdFi.Ods.Common.ExceptionHandling.When_an_insert_conflicts_with_a_non_primary_key_unique_index_with_a_single_column" runstate="Runnable" result="Passed" duration="0.000361" asserts="1" />
                  </test-suite>
                  <test-suite type="TestFixture" id="6-1708" name="When_an_insert_conflicts_with_a_non_primary_key_unique_index_with_a_single_column_and_values" fullname="EdFi.Ods.Tests.EdFi.Ods.Common.ExceptionHandling.When_an_insert_conflicts_with_a_non_primary_key_unique_index_with_a_single_column_and_values" classname="EdFi.Ods.Tests.EdFi.Ods.Common.ExceptionHandling.When_an_insert_conflicts_with_a_non_primary_key_unique_index_with_a_single_column_and_values" runstate="Runnable" testcasecount="2" result="Passed" duration="0.005392" total="2" passed="0" failed="0" inconclusive="0" skipped="0" asserts="0">
                    <test-case id="6-1709" name="Should_respond_with_a_409_Conflict" fullname="EdFi.Ods.Tests.EdFi.Ods.Common.ExceptionHandling.When_an_insert_conflicts_with_a_non_primary_key_unique_index_with_a_single_column_and_values.Should_respond_with_a_409_Conflict" methodname="Should_respond_with_a_409_Conflict" classname="EdFi.Ods.Tests.EdFi.Ods.Common.ExceptionHandling.When_an_insert_conflicts_with_a_non_primary_key_unique_index_with_a_single_column_and_values" runstate="Runnable" result="Passed" duration="0.002176" asserts="2" />
                    <test-case id="6-1710" name="Should_translate_message_to_indicate_which_single_property_on_which_entity_was_not_unique" fullname="EdFi.Ods.Tests.EdFi.Ods.Common.ExceptionHandling.When_an_insert_conflicts_with_a_non_primary_key_unique_index_with_a_single_column_and_values.Should_translate_message_to_indicate_which_single_property_on_which_entity_was_not_unique" methodname="Should_translate_message_to_indicate_which_single_property_on_which_entity_was_not_unique" classname="EdFi.Ods.Tests.EdFi.Ods.Common.ExceptionHandling.When_an_insert_conflicts_with_a_non_primary_key_unique_index_with_a_single_column_and_values" runstate="Runnable" result="Passed" duration="0.000361" asserts="1" />
                  </test-suite>
                  <test-suite type="TestFixture" id="6-1705" name="When_an_insert_conflicts_with_a_non_primary_key_unique_index_with_multiple_columns" fullname="EdFi.Ods.Tests.EdFi.Ods.Common.ExceptionHandling.When_an_insert_conflicts_with_a_non_primary_key_unique_index_with_multiple_columns" classname="EdFi.Ods.Tests.EdFi.Ods.Common.ExceptionHandling.When_an_insert_conflicts_with_a_non_primary_key_unique_index_with_multiple_columns" runstate="Runnable" testcasecount="2" result="Passed" duration="0.003004" total="2" passed="0" failed="0" inconclusive="0" skipped="0" asserts="0">
                    <test-case id="6-1706" name="Should_respond_with_a_409_Conflict" fullname="EdFi.Ods.Tests.EdFi.Ods.Common.ExceptionHandling.When_an_insert_conflicts_with_a_non_primary_key_unique_index_with_multiple_columns.Should_respond_with_a_409_Conflict" methodname="Should_respond_with_a_409_Conflict" classname="EdFi.Ods.Tests.EdFi.Ods.Common.ExceptionHandling.When_an_insert_conflicts_with_a_non_primary_key_unique_index_with_multiple_columns" runstate="Runnable" result="Passed" duration="0.000400" asserts="2" />
                    <test-case id="6-1707" name="Should_translate_message_to_indicate_which_properties_on_which_entity_were_not_unique" fullname="EdFi.Ods.Tests.EdFi.Ods.Common.ExceptionHandling.When_an_insert_conflicts_with_a_non_primary_key_unique_index_with_multiple_columns.Should_translate_message_to_indicate_which_properties_on_which_entity_were_not_unique" methodname="Should_translate_message_to_indicate_which_properties_on_which_entity_were_not_unique" classname="EdFi.Ods.Tests.EdFi.Ods.Common.ExceptionHandling.When_an_insert_conflicts_with_a_non_primary_key_unique_index_with_multiple_columns" runstate="Runnable" result="Passed" duration="0.000264" asserts="1" />
                  </test-suite>
                  <test-suite type="TestFixture" id="6-1693" name="When_an_update_conflicts_with_a_foreign_key_constraint_with_a_single_column" fullname="EdFi.Ods.Tests.EdFi.Ods.Common.ExceptionHandling.When_an_update_conflicts_with_a_foreign_key_constraint_with_a_single_column" classname="EdFi.Ods.Tests.EdFi.Ods.Common.ExceptionHandling.When_an_update_conflicts_with_a_foreign_key_constraint_with_a_single_column" runstate="Runnable" testcasecount="2" result="Passed" duration="0.002147" total="2" passed="0" failed="0" inconclusive="0" skipped="0" asserts="0">
                    <test-case id="6-1694" name="Should_respond_with_a_409_Conflict" fullname="EdFi.Ods.Tests.EdFi.Ods.Common.ExceptionHandling.When_an_update_conflicts_with_a_foreign_key_constraint_with_a_single_column.Should_respond_with_a_409_Conflict" methodname="Should_respond_with_a_409_Conflict" classname="EdFi.Ods.Tests.EdFi.Ods.Common.ExceptionHandling.When_an_update_conflicts_with_a_foreign_key_constraint_with_a_single_column" runstate="Runnable" result="Passed" duration="0.000383" asserts="2" />
                    <test-case id="6-1695" name="Should_translate_the_message_to_indicate_that_a_related_resource_does_not_have_the_value_specified_in_the_current_request_but_does_not_provide_column_details" fullname="EdFi.Ods.Tests.EdFi.Ods.Common.ExceptionHandling.When_an_update_conflicts_with_a_foreign_key_constraint_with_a_single_column.Should_translate_the_message_to_indicate_that_a_related_resource_does_not_have_the_value_specified_in_the_current_request_but_does_not_provide_column_details" methodname="Should_translate_the_message_to_indicate_that_a_related_resource_does_not_have_the_value_specified_in_the_current_request_but_does_not_provide_column_details" classname="EdFi.Ods.Tests.EdFi.Ods.Common.ExceptionHandling.When_an_update_conflicts_with_a_foreign_key_constraint_with_a_single_column" runstate="Runnable" result="Passed" duration="0.000251" asserts="1" />
                  </test-suite>
                </test-suite>
                <test-suite type="Namespace" id="6-3345" name="Extensions" fullname="EdFi.Ods.Tests.EdFi.Ods.Common.Extensions" runstate="Runnable" testcasecount="7" result="Passed" duration="0.026548" total="7" passed="0" failed="0" inconclusive="0" skipped="0" asserts="0">
                  <test-suite type="TestFixture" id="6-1720" name="ResourceExtensionsTests" fullname="EdFi.Ods.Tests.EdFi.Ods.Common.Extensions.ResourceExtensionsTests" classname="EdFi.Ods.Tests.EdFi.Ods.Common.Extensions.ResourceExtensionsTests" runstate="Runnable" testcasecount="0" result="Inconclusive" duration="0.000194" total="0" passed="0" failed="0" inconclusive="0" skipped="0" asserts="0" />
                  <test-suite type="TestFixture" id="6-2602" name="ResourceExtensionsTests+When_Determining_If_A_Collection_Is_Derived_From_A_Resource" fullname="EdFi.Ods.Tests.EdFi.Ods.Common.Extensions.ResourceExtensionsTests+When_Determining_If_A_Collection_Is_Derived_From_A_Resource" classname="EdFi.Ods.Tests.EdFi.Ods.Common.Extensions.ResourceExtensionsTests+When_Determining_If_A_Collection_Is_Derived_From_A_Resource" runstate="Runnable" testcasecount="1" result="Passed" duration="0.003181" total="1" passed="0" failed="0" inconclusive="0" skipped="0" asserts="0">
                    <test-case id="6-2603" name="Should_Return_True_If_Collection_Base_Association_Other_Entity_Matches_The_Base_Entity_For_The_Provided_Resource" fullname="EdFi.Ods.Tests.EdFi.Ods.Common.Extensions.ResourceExtensionsTests+When_Determining_If_A_Collection_Is_Derived_From_A_Resource.Should_Return_True_If_Collection_Base_Association_Other_Entity_Matches_The_Base_Entity_For_The_Provided_Resource" methodname="Should_Return_True_If_Collection_Base_Association_Other_Entity_Matches_The_Base_Entity_For_The_Provided_Resource" classname="EdFi.Ods.Tests.EdFi.Ods.Common.Extensions.ResourceExtensionsTests+When_Determining_If_A_Collection_Is_Derived_From_A_Resource" runstate="Runnable" result="Passed" duration="0.000334" asserts="1" />
                  </test-suite>
                  <test-suite type="TestFixture" id="6-2612" name="ResourceExtensionsTests+When_Determining_If_A_Resource_Child_Item_Is_Derived_From_A_Resource" fullname="EdFi.Ods.Tests.EdFi.Ods.Common.Extensions.ResourceExtensionsTests+When_Determining_If_A_Resource_Child_Item_Is_Derived_From_A_Resource" classname="EdFi.Ods.Tests.EdFi.Ods.Common.Extensions.ResourceExtensionsTests+When_Determining_If_A_Resource_Child_Item_Is_Derived_From_A_Resource" runstate="Runnable" testcasecount="1" result="Passed" duration="0.002717" total="1" passed="0" failed="0" inconclusive="0" skipped="0" asserts="0">
                    <test-case id="6-2613" name="Should_Return_True_If_Other_Entity_Of_Resource_Child_Item_Base_Entity_Association_Matches_Provided_Resource_Backing_Entity" fullname="EdFi.Ods.Tests.EdFi.Ods.Common.Extensions.ResourceExtensionsTests+When_Determining_If_A_Resource_Child_Item_Is_Derived_From_A_Resource.Should_Return_True_If_Other_Entity_Of_Resource_Child_Item_Base_Entity_Association_Matches_Provided_Resource_Backing_Entity" methodname="Should_Return_True_If_Other_Entity_Of_Resource_Child_Item_Base_Entity_Association_Matches_Provided_Resource_Backing_Entity" classname="EdFi.Ods.Tests.EdFi.Ods.Common.Extensions.ResourceExtensionsTests+When_Determining_If_A_Resource_Child_Item_Is_Derived_From_A_Resource" runstate="Runnable" result="Passed" duration="0.000271" asserts="1" />
                  </test-suite>
                  <test-suite type="TestFixture" id="6-2614" name="ResourceExtensionsTests+When_Determining_If_A_Resource_Is_Derived_From_Another_Resource" fullname="EdFi.Ods.Tests.EdFi.Ods.Common.Extensions.ResourceExtensionsTests+When_Determining_If_A_Resource_Is_Derived_From_Another_Resource" classname="EdFi.Ods.Tests.EdFi.Ods.Common.Extensions.ResourceExtensionsTests+When_Determining_If_A_Resource_Is_Derived_From_Another_Resource" runstate="Runnable" testcasecount="1" result="Passed" duration="0.002571" total="1" passed="0" failed="0" inconclusive="0" skipped="0" asserts="0">
                    <test-case id="6-2615" name="Should_Return_True_If_Resource_Is_Derived_From_Other_Resource" fullname="EdFi.Ods.Tests.EdFi.Ods.Common.Extensions.ResourceExtensionsTests+When_Determining_If_A_Resource_Is_Derived_From_Another_Resource.Should_Return_True_If_Resource_Is_Derived_From_Other_Resource" methodname="Should_Return_True_If_Resource_Is_Derived_From_Other_Resource" classname="EdFi.Ods.Tests.EdFi.Ods.Common.Extensions.ResourceExtensionsTests+When_Determining_If_A_Resource_Is_Derived_From_Another_Resource" runstate="Runnable" result="Passed" duration="0.000257" asserts="1" />
                  </test-suite>
                  <test-suite type="TestFixture" id="6-2604" name="ResourceExtensionsTests+When_Determining_If_A_Resource_Property_Is_Unified" fullname="EdFi.Ods.Tests.EdFi.Ods.Common.Extensions.ResourceExtensionsTests+When_Determining_If_A_Resource_Property_Is_Unified" classname="EdFi.Ods.Tests.EdFi.Ods.Common.Extensions.ResourceExtensionsTests+When_Determining_If_A_Resource_Property_Is_Unified" runstate="Runnable" testcasecount="1" result="Passed" duration="0.003335" total="1" passed="0" failed="0" inconclusive="0" skipped="0" asserts="0">
                    <test-case id="6-2605" name="Should_Return_True_If_Property_Is_Identifying_And_Has_Greater_Than_One_Incoming_Association" fullname="EdFi.Ods.Tests.EdFi.Ods.Common.Extensions.ResourceExtensionsTests+When_Determining_If_A_Resource_Property_Is_Unified.Should_Return_True_If_Property_Is_Identifying_And_Has_Greater_Than_One_Incoming_Association" methodname="Should_Return_True_If_Property_Is_Identifying_And_Has_Greater_Than_One_Incoming_Association" classname="EdFi.Ods.Tests.EdFi.Ods.Common.Extensions.ResourceExtensionsTests+When_Determining_If_A_Resource_Property_Is_Unified" runstate="Runnable" result="Passed" duration="0.000268" asserts="1" />
                  </test-suite>
                  <test-suite type="TestFixture" id="6-2606" name="ResourceExtensionsTests+When_Getting_All_Request_Properties_For_A_Derived_Resource" fullname="EdFi.Ods.Tests.EdFi.Ods.Common.Extensions.ResourceExtensionsTests+When_Getting_All_Request_Properties_For_A_Derived_Resource" classname="EdFi.Ods.Tests.EdFi.Ods.Common.Extensions.ResourceExtensionsTests+When_Getting_All_Request_Properties_For_A_Derived_Resource" runstate="Runnable" testcasecount="1" result="Passed" duration="0.003046" total="1" passed="0" failed="0" inconclusive="0" skipped="0" asserts="0">
                    <test-case id="6-2607" name="Should_Return_All_Local_Properties_In_Conjunction_With_Any_Identifying_Properties_With_Incoming_Associations" fullname="EdFi.Ods.Tests.EdFi.Ods.Common.Extensions.ResourceExtensionsTests+When_Getting_All_Request_Properties_For_A_Derived_Resource.Should_Return_All_Local_Properties_In_Conjunction_With_Any_Identifying_Properties_With_Incoming_Associations" methodname="Should_Return_All_Local_Properties_In_Conjunction_With_Any_Identifying_Properties_With_Incoming_Associations" classname="EdFi.Ods.Tests.EdFi.Ods.Common.Extensions.ResourceExtensionsTests+When_Getting_All_Request_Properties_For_A_Derived_Resource" runstate="Runnable" result="Passed" duration="0.001022" asserts="1" />
                  </test-suite>
                  <test-suite type="TestFixture" id="6-2608" name="ResourceExtensionsTests+When_Getting_All_Request_Properties_For_A_Non_Derived_Resource" fullname="EdFi.Ods.Tests.EdFi.Ods.Common.Extensions.ResourceExtensionsTests+When_Getting_All_Request_Properties_For_A_Non_Derived_Resource" classname="EdFi.Ods.Tests.EdFi.Ods.Common.Extensions.ResourceExtensionsTests+When_Getting_All_Request_Properties_For_A_Non_Derived_Resource" runstate="Runnable" testcasecount="1" result="Passed" duration="0.001589" total="1" passed="0" failed="0" inconclusive="0" skipped="0" asserts="0">
                    <test-case id="6-2609" name="Should_Return_All_Local_Properties_In_Conjunction_With_Any_Identifying_Properties_With_Incoming_Associations" fullname="EdFi.Ods.Tests.EdFi.Ods.Common.Extensions.ResourceExtensionsTests+When_Getting_All_Request_Properties_For_A_Non_Derived_Resource.Should_Return_All_Local_Properties_In_Conjunction_With_Any_Identifying_Properties_With_Incoming_Associations" methodname="Should_Return_All_Local_Properties_In_Conjunction_With_Any_Identifying_Properties_With_Incoming_Associations" classname="EdFi.Ods.Tests.EdFi.Ods.Common.Extensions.ResourceExtensionsTests+When_Getting_All_Request_Properties_For_A_Non_Derived_Resource" runstate="Runnable" result="Passed" duration="0.000322" asserts="1" />
                  </test-suite>
                  <test-suite type="TestFixture" id="6-2610" name="ResourceExtensionsTests+When_Getting_Unified_Key_All_Properties_For_Resource" fullname="EdFi.Ods.Tests.EdFi.Ods.Common.Extensions.ResourceExtensionsTests+When_Getting_Unified_Key_All_Properties_For_Resource" classname="EdFi.Ods.Tests.EdFi.Ods.Common.Extensions.ResourceExtensionsTests+When_Getting_Unified_Key_All_Properties_For_Resource" runstate="Runnable" testcasecount="1" result="Passed" duration="0.003467" total="1" passed="0" failed="0" inconclusive="0" skipped="0" asserts="0">
                    <test-case id="6-2611" name="Should_Return_All_Properties_As_Well_As_Identifying_Properties_With_Greater_Than_One_Incoming_Association_Excluding_Reference_Columns" fullname="EdFi.Ods.Tests.EdFi.Ods.Common.Extensions.ResourceExtensionsTests+When_Getting_Unified_Key_All_Properties_For_Resource.Should_Return_All_Properties_As_Well_As_Identifying_Properties_With_Greater_Than_One_Incoming_Association_Excluding_Reference_Columns" methodname="Should_Return_All_Properties_As_Well_As_Identifying_Properties_With_Greater_Than_One_Incoming_Association_Excluding_Reference_Columns" classname="EdFi.Ods.Tests.EdFi.Ods.Common.Extensions.ResourceExtensionsTests+When_Getting_Unified_Key_All_Properties_For_Resource" runstate="Runnable" result="Passed" duration="0.001303" asserts="1" />
                  </test-suite>
                </test-suite>
                <test-suite type="TestFixture" id="6-1644" name="InterchangeTypeTest" fullname="EdFi.Ods.Tests.EdFi.Ods.Common.InterchangeTypeTest" classname="EdFi.Ods.Tests.EdFi.Ods.Common.InterchangeTypeTest" runstate="Runnable" testcasecount="0" result="Inconclusive" duration="0.000251" total="0" passed="0" failed="0" inconclusive="0" skipped="0" asserts="0" />
                <test-suite type="TestFixture" id="6-2528" name="InterchangeTypeTest+RequiredLoadOrder" fullname="EdFi.Ods.Tests.EdFi.Ods.Common.InterchangeTypeTest+RequiredLoadOrder" classname="EdFi.Ods.Tests.EdFi.Ods.Common.InterchangeTypeTest+RequiredLoadOrder" runstate="Runnable" testcasecount="1" result="Passed" duration="0.002810" total="1" passed="0" failed="0" inconclusive="0" skipped="0" asserts="0">
                  <test-case id="6-2529" name="Should_include_all_interchange_types" fullname="EdFi.Ods.Tests.EdFi.Ods.Common.InterchangeTypeTest+RequiredLoadOrder.Should_include_all_interchange_types" methodname="Should_include_all_interchange_types" classname="EdFi.Ods.Tests.EdFi.Ods.Common.InterchangeTypeTest+RequiredLoadOrder" runstate="Runnable" result="Passed" duration="0.002343" asserts="1" />
                </test-suite>
                <test-suite type="TestFixture" id="6-2525" name="InterchangeTypeTest+When_calling_get_by_name" fullname="EdFi.Ods.Tests.EdFi.Ods.Common.InterchangeTypeTest+When_calling_get_by_name" classname="EdFi.Ods.Tests.EdFi.Ods.Common.InterchangeTypeTest+When_calling_get_by_name" runstate="Runnable" testcasecount="2" result="Passed" duration="0.002176" total="2" passed="0" failed="0" inconclusive="0" skipped="0" asserts="0">
                  <test-case id="6-2527" name="Should_return_null_given_an_invalid_name_but_improper_case" fullname="EdFi.Ods.Tests.EdFi.Ods.Common.InterchangeTypeTest+When_calling_get_by_name.Should_return_null_given_an_invalid_name_but_improper_case" methodname="Should_return_null_given_an_invalid_name_but_improper_case" classname="EdFi.Ods.Tests.EdFi.Ods.Common.InterchangeTypeTest+When_calling_get_by_name" runstate="Runnable" result="Passed" duration="0.000296" asserts="0" />
                  <test-case id="6-2526" name="Should_return_result_given_a_valid_name_but_improper_case" fullname="EdFi.Ods.Tests.EdFi.Ods.Common.InterchangeTypeTest+When_calling_get_by_name.Should_return_result_given_a_valid_name_but_improper_case" methodname="Should_return_result_given_a_valid_name_but_improper_case" classname="EdFi.Ods.Tests.EdFi.Ods.Common.InterchangeTypeTest+When_calling_get_by_name" runstate="Runnable" result="Passed" duration="0.000714" asserts="0" />
                </test-suite>
                <test-suite type="Namespace" id="6-3347" name="Models" fullname="EdFi.Ods.Tests.EdFi.Ods.Common.Models" runstate="Runnable" testcasecount="264" result="Passed" duration="1.115633" total="264" passed="0" failed="0" inconclusive="0" skipped="0" asserts="0">
                  <test-suite type="Namespace" id="6-3350" name="Domain" fullname="EdFi.Ods.Tests.EdFi.Ods.Common.Models.Domain" runstate="Runnable" testcasecount="120" result="Passed" duration="0.420685" total="120" passed="0" failed="0" inconclusive="0" skipped="0" asserts="0">
                    <test-suite type="TestFixture" id="6-1741" name="AssociationViewTests" fullname="EdFi.Ods.Tests.EdFi.Ods.Common.Models.Domain.AssociationViewTests" classname="EdFi.Ods.Tests.EdFi.Ods.Common.Models.Domain.AssociationViewTests" runstate="Runnable" testcasecount="0" result="Inconclusive" duration="0.000206" total="0" passed="0" failed="0" inconclusive="0" skipped="0" asserts="0" />
                    <test-suite type="TestFixture" id="6-2689" name="AssociationViewTests+When_an_AssociationView_represents_a_self_referencing_relationship" fullname="EdFi.Ods.Tests.EdFi.Ods.Common.Models.Domain.AssociationViewTests+When_an_AssociationView_represents_a_self_referencing_relationship" classname="EdFi.Ods.Tests.EdFi.Ods.Common.Models.Domain.AssociationViewTests+When_an_AssociationView_represents_a_self_referencing_relationship" runstate="Runnable" testcasecount="6" result="Passed" duration="0.014437" total="6" passed="0" failed="0" inconclusive="0" skipped="0" asserts="0">
                      <test-case id="6-2692" name="Should_indicate_that_the_self_many_to_one_association_associates_members_of_the_same_aggregate" fullname="EdFi.Ods.Tests.EdFi.Ods.Common.Models.Domain.AssociationViewTests+When_an_AssociationView_represents_a_self_referencing_relationship.Should_indicate_that_the_self_many_to_one_association_associates_members_of_the_same_aggregate" methodname="Should_indicate_that_the_self_many_to_one_association_associates_members_of_the_same_aggregate" classname="EdFi.Ods.Tests.EdFi.Ods.Common.Models.Domain.AssociationViewTests+When_an_AssociationView_represents_a_self_referencing_relationship" runstate="Runnable" result="Passed" duration="0.001115" asserts="1" />
                      <test-case id="6-2694" name="Should_indicate_that_the_self_many_to_one_association_has_a_role_name_of_Parent" fullname="EdFi.Ods.Tests.EdFi.Ods.Common.Models.Domain.AssociationViewTests+When_an_AssociationView_represents_a_self_referencing_relationship.Should_indicate_that_the_self_many_to_one_association_has_a_role_name_of_Parent" methodname="Should_indicate_that_the_self_many_to_one_association_has_a_role_name_of_Parent" classname="EdFi.Ods.Tests.EdFi.Ods.Common.Models.Domain.AssociationViewTests+When_an_AssociationView_represents_a_self_referencing_relationship" runstate="Runnable" result="Passed" duration="0.001066" asserts="1" />
                      <test-case id="6-2693" name="Should_indicate_that_the_self_many_to_one_association_is_non_navigable" fullname="EdFi.Ods.Tests.EdFi.Ods.Common.Models.Domain.AssociationViewTests+When_an_AssociationView_represents_a_self_referencing_relationship.Should_indicate_that_the_self_many_to_one_association_is_non_navigable" methodname="Should_indicate_that_the_self_many_to_one_association_is_non_navigable" classname="EdFi.Ods.Tests.EdFi.Ods.Common.Models.Domain.AssociationViewTests+When_an_AssociationView_represents_a_self_referencing_relationship" runstate="Runnable" result="Passed" duration="0.000797" asserts="1" />
                      <test-case id="6-2695" name="Should_indicate_that_the_self_one_to_many_association_associates_members_of_the_same_aggregate" fullname="EdFi.Ods.Tests.EdFi.Ods.Common.Models.Domain.AssociationViewTests+When_an_AssociationView_represents_a_self_referencing_relationship.Should_indicate_that_the_self_one_to_many_association_associates_members_of_the_same_aggregate" methodname="Should_indicate_that_the_self_one_to_many_association_associates_members_of_the_same_aggregate" classname="EdFi.Ods.Tests.EdFi.Ods.Common.Models.Domain.AssociationViewTests+When_an_AssociationView_represents_a_self_referencing_relationship" runstate="Runnable" result="Passed" duration="0.000961" asserts="1" />
                      <test-case id="6-2691" name="Should_indicate_that_the_self_one_to_many_association_DOES_NOT_have_a_role_name" fullname="EdFi.Ods.Tests.EdFi.Ods.Common.Models.Domain.AssociationViewTests+When_an_AssociationView_represents_a_self_referencing_relationship.Should_indicate_that_the_self_one_to_many_association_DOES_NOT_have_a_role_name" methodname="Should_indicate_that_the_self_one_to_many_association_DOES_NOT_have_a_role_name" classname="EdFi.Ods.Tests.EdFi.Ods.Common.Models.Domain.AssociationViewTests+When_an_AssociationView_represents_a_self_referencing_relationship" runstate="Runnable" result="Passed" duration="0.001135" asserts="1" />
                      <test-case id="6-2690" name="Should_indicate_that_the_self_one_to_many_association_is_non_navigable" fullname="EdFi.Ods.Tests.EdFi.Ods.Common.Models.Domain.AssociationViewTests+When_an_AssociationView_represents_a_self_referencing_relationship.Should_indicate_that_the_self_one_to_many_association_is_non_navigable" methodname="Should_indicate_that_the_self_one_to_many_association_is_non_navigable" classname="EdFi.Ods.Tests.EdFi.Ods.Common.Models.Domain.AssociationViewTests+When_an_AssociationView_represents_a_self_referencing_relationship" runstate="Runnable" result="Passed" duration="0.000907" asserts="1" />
                    </test-suite>
                    <test-suite type="TestFixture" id="6-2753" name="AssociationViewTests+When_an_AssociationView_targets_an_entity_that_is_an_entity_extension" fullname="EdFi.Ods.Tests.EdFi.Ods.Common.Models.Domain.AssociationViewTests+When_an_AssociationView_targets_an_entity_that_is_an_entity_extension" classname="EdFi.Ods.Tests.EdFi.Ods.Common.Models.Domain.AssociationViewTests+When_an_AssociationView_targets_an_entity_that_is_an_entity_extension" runstate="Runnable" testcasecount="2" result="Passed" duration="0.016766" total="2" passed="0" failed="0" inconclusive="0" skipped="0" asserts="0">
                      <test-case id="6-2754" name="Should_indicate_the_association_is_non_navigable" fullname="EdFi.Ods.Tests.EdFi.Ods.Common.Models.Domain.AssociationViewTests+When_an_AssociationView_targets_an_entity_that_is_an_entity_extension.Should_indicate_the_association_is_non_navigable" methodname="Should_indicate_the_association_is_non_navigable" classname="EdFi.Ods.Tests.EdFi.Ods.Common.Models.Domain.AssociationViewTests+When_an_AssociationView_targets_an_entity_that_is_an_entity_extension" runstate="Runnable" result="Passed" duration="0.000586" asserts="1" />
                      <test-case id="6-2755" name="Should_NOT_include_the_suffix_Extension_in_the_association_name" fullname="EdFi.Ods.Tests.EdFi.Ods.Common.Models.Domain.AssociationViewTests+When_an_AssociationView_targets_an_entity_that_is_an_entity_extension.Should_NOT_include_the_suffix_Extension_in_the_association_name" methodname="Should_NOT_include_the_suffix_Extension_in_the_association_name" classname="EdFi.Ods.Tests.EdFi.Ods.Common.Models.Domain.AssociationViewTests+When_an_AssociationView_targets_an_entity_that_is_an_entity_extension" runstate="Runnable" result="Passed" duration="0.000598" asserts="1" />
                    </test-suite>
                    <test-suite type="TestFixture" id="6-2737" name="AssociationViewTests+When_AssociationViews_represent_a_self_referencing_many_to_many_relationship_but_the_associative_entity_is_in_its_own_aggregate" fullname="EdFi.Ods.Tests.EdFi.Ods.Common.Models.Domain.AssociationViewTests+When_AssociationViews_represent_a_self_referencing_many_to_many_relationship_but_the_associative_entity_is_in_its_own_aggregate" classname="EdFi.Ods.Tests.EdFi.Ods.Common.Models.Domain.AssociationViewTests+When_AssociationViews_represent_a_self_referencing_many_to_many_relationship_but_the_associative_entity_is_in_its_own_aggregate" runstate="Runnable" testcasecount="15" result="Passed" duration="0.034109" total="15" passed="0" failed="0" inconclusive="0" skipped="0" asserts="0">
                      <test-case id="6-2748" name="Should_indicate_that_the_incoming_associative_entitys_primary_association_in_the_self_many_to_many_relationship_DOES_NOT_have_a_role_name" fullname="EdFi.Ods.Tests.EdFi.Ods.Common.Models.Domain.AssociationViewTests+When_AssociationViews_represent_a_self_referencing_many_to_many_relationship_but_the_associative_entity_is_in_its_own_aggregate.Should_indicate_that_the_incoming_associative_entitys_primary_association_in_the_self_many_to_many_relationship_DOES_NOT_have_a_role_name" methodname="Should_indicate_that_the_incoming_associative_entitys_primary_association_in_the_self_many_to_many_relationship_DOES_NOT_have_a_role_name" classname="EdFi.Ods.Tests.EdFi.Ods.Common.Models.Domain.AssociationViewTests+When_AssociationViews_represent_a_self_referencing_many_to_many_relationship_but_the_associative_entity_is_in_its_own_aggregate" runstate="Runnable" result="Passed" duration="0.001275" asserts="1" />
                      <test-case id="6-2746" name="Should_indicate_that_the_incoming_associative_entitys_primary_association_in_the_self_many_to_many_relationship_is_NOT_a_self_recursive_many_to_many_association" fullname="EdFi.Ods.Tests.EdFi.Ods.Common.Models.Domain.AssociationViewTests+When_AssociationViews_represent_a_self_referencing_many_to_many_relationship_but_the_associative_entity_is_in_its_own_aggregate.Should_indicate_that_the_incoming_associative_entitys_primary_association_in_the_self_many_to_many_relationship_is_NOT_a_self_recursive_many_to_many_association" methodname="Should_indicate_that_the_incoming_associative_entitys_primary_association_in_the_self_many_to_many_relationship_is_NOT_a_self_recursive_many_to_many_association" classname="EdFi.Ods.Tests.EdFi.Ods.Common.Models.Domain.AssociationViewTests+When_AssociationViews_represent_a_self_referencing_many_to_many_relationship_but_the_associative_entity_is_in_its_own_aggregate" runstate="Runnable" result="Passed" duration="0.001076" asserts="1" />
                      <test-case id="6-2747" name="Should_indicate_that_the_incoming_associative_entitys_primary_association_in_the_self_many_to_many_relationship_is_NOT_navigable_because_the_associative_entity_is_NOT_a_member_of_the_same_aggregate" fullname="EdFi.Ods.Tests.EdFi.Ods.Common.Models.Domain.AssociationViewTests+When_AssociationViews_represent_a_self_referencing_many_to_many_relationship_but_the_associative_entity_is_in_its_own_aggregate.Should_indicate_that_the_incoming_associative_entitys_primary_association_in_the_self_many_to_many_relationship_is_NOT_navigable_because_the_associative_entity_is_NOT_a_member_of_the_same_aggregate" methodname="Should_indicate_that_the_incoming_associative_entitys_primary_association_in_the_self_many_to_many_relationship_is_NOT_navigable_because_the_associative_entity_is_NOT_a_member_of_the_same_aggregate" classname="EdFi.Ods.Tests.EdFi.Ods.Common.Models.Domain.AssociationViewTests+When_AssociationViews_represent_a_self_referencing_many_to_many_relationship_but_the_associative_entity_is_in_its_own_aggregate" runstate="Runnable" result="Passed" duration="0.000903" asserts="1" />
                      <test-case id="6-2751" name="Should_indicate_that_the_incoming_associative_entitys_secondary_association_in_the_self_many_to_many_relationship_has_a_role_name_of_Related" fullname="EdFi.Ods.Tests.EdFi.Ods.Common.Models.Domain.AssociationViewTests+When_AssociationViews_represent_a_self_referencing_many_to_many_relationship_but_the_associative_entity_is_in_its_own_aggregate.Should_indicate_that_the_incoming_associative_entitys_secondary_association_in_the_self_many_to_many_relationship_has_a_role_name_of_Related" methodname="Should_indicate_that_the_incoming_associative_entitys_secondary_association_in_the_self_many_to_many_relationship_has_a_role_name_of_Related" classname="EdFi.Ods.Tests.EdFi.Ods.Common.Models.Domain.AssociationViewTests+When_AssociationViews_represent_a_self_referencing_many_to_many_relationship_but_the_associative_entity_is_in_its_own_aggregate" runstate="Runnable" result="Passed" duration="0.000812" asserts="1" />
                      <test-case id="6-2752" name="Should_indicate_that_the_incoming_associative_entitys_secondary_association_in_the_self_many_to_many_relationship_has_an_association_name_of_RelatedAnEntities" fullname="EdFi.Ods.Tests.EdFi.Ods.Common.Models.Domain.AssociationViewTests+When_AssociationViews_represent_a_self_referencing_many_to_many_relationship_but_the_associative_entity_is_in_its_own_aggregate.Should_indicate_that_the_incoming_associative_entitys_secondary_association_in_the_self_many_to_many_relationship_has_an_association_name_of_RelatedAnEntities" methodname="Should_indicate_that_the_incoming_associative_entitys_secondary_association_in_the_self_many_to_many_relationship_has_an_association_name_of_RelatedAnEntities" classname="EdFi.Ods.Tests.EdFi.Ods.Common.Models.Domain.AssociationViewTests+When_AssociationViews_represent_a_self_referencing_many_to_many_relationship_but_the_associative_entity_is_in_its_own_aggregate" runstate="Runnable" result="Passed" duration="0.000961" asserts="1" />
                      <test-case id="6-2749" name="Should_indicate_that_the_incoming_associative_entitys_secondary_association_in_the_self_many_to_many_relationship_is_a_self_recursive_many_to_many_association" fullname="EdFi.Ods.Tests.EdFi.Ods.Common.Models.Domain.AssociationViewTests+When_AssociationViews_represent_a_self_referencing_many_to_many_relationship_but_the_associative_entity_is_in_its_own_aggregate.Should_indicate_that_the_incoming_associative_entitys_secondary_association_in_the_self_many_to_many_relationship_is_a_self_recursive_many_to_many_association" methodname="Should_indicate_that_the_incoming_associative_entitys_secondary_association_in_the_self_many_to_many_relationship_is_a_self_recursive_many_to_many_association" classname="EdFi.Ods.Tests.EdFi.Ods.Common.Models.Domain.AssociationViewTests+When_AssociationViews_represent_a_self_referencing_many_to_many_relationship_but_the_associative_entity_is_in_its_own_aggregate" runstate="Runnable" result="Passed" duration="0.000840" asserts="1" />
                      <test-case id="6-2750" name="Should_indicate_that_the_incoming_associative_entitys_secondary_association_in_the_self_many_to_many_relationship_is_NOT_navigable" fullname="EdFi.Ods.Tests.EdFi.Ods.Common.Models.Domain.AssociationViewTests+When_AssociationViews_represent_a_self_referencing_many_to_many_relationship_but_the_associative_entity_is_in_its_own_aggregate.Should_indicate_that_the_incoming_associative_entitys_secondary_association_in_the_self_many_to_many_relationship_is_NOT_navigable" methodname="Should_indicate_that_the_incoming_associative_entitys_secondary_association_in_the_self_many_to_many_relationship_is_NOT_navigable" classname="EdFi.Ods.Tests.EdFi.Ods.Common.Models.Domain.AssociationViewTests+When_AssociationViews_represent_a_self_referencing_many_to_many_relationship_but_the_associative_entity_is_in_its_own_aggregate" runstate="Runnable" result="Passed" duration="0.000810" asserts="1" />
                      <test-case id="6-2741" name="Should_indicate_that_the_outgoing_primary_association_in_the_self_many_to_many_relationship_DOES_NOT_have_a_role_name" fullname="EdFi.Ods.Tests.EdFi.Ods.Common.Models.Domain.AssociationViewTests+When_AssociationViews_represent_a_self_referencing_many_to_many_relationship_but_the_associative_entity_is_in_its_own_aggregate.Should_indicate_that_the_outgoing_primary_association_in_the_self_many_to_many_relationship_DOES_NOT_have_a_role_name" methodname="Should_indicate_that_the_outgoing_primary_association_in_the_self_many_to_many_relationship_DOES_NOT_have_a_role_name" classname="EdFi.Ods.Tests.EdFi.Ods.Common.Models.Domain.AssociationViewTests+When_AssociationViews_represent_a_self_referencing_many_to_many_relationship_but_the_associative_entity_is_in_its_own_aggregate" runstate="Runnable" result="Passed" duration="0.001041" asserts="1" />
                      <test-case id="6-2739" name="Should_indicate_that_the_outgoing_primary_association_in_the_self_many_to_many_relationship_is_NOT_a_self_recursive_many_to_many_association" fullname="EdFi.Ods.Tests.EdFi.Ods.Common.Models.Domain.AssociationViewTests+When_AssociationViews_represent_a_self_referencing_many_to_many_relationship_but_the_associative_entity_is_in_its_own_aggregate.Should_indicate_that_the_outgoing_primary_association_in_the_self_many_to_many_relationship_is_NOT_a_self_recursive_many_to_many_association" methodname="Should_indicate_that_the_outgoing_primary_association_in_the_self_many_to_many_relationship_is_NOT_a_self_recursive_many_to_many_association" classname="EdFi.Ods.Tests.EdFi.Ods.Common.Models.Domain.AssociationViewTests+When_AssociationViews_represent_a_self_referencing_many_to_many_relationship_but_the_associative_entity_is_in_its_own_aggregate" runstate="Runnable" result="Passed" duration="0.000817" asserts="1" />
                      <test-case id="6-2740" name="Should_indicate_that_the_outgoing_primary_association_in_the_self_many_to_many_relationship_is_NOT_navigable_because_the_associative_entity_is_NOT_a_member_of_the_same_aggregate" fullname="EdFi.Ods.Tests.EdFi.Ods.Common.Models.Domain.AssociationViewTests+When_AssociationViews_represent_a_self_referencing_many_to_many_relationship_but_the_associative_entity_is_in_its_own_aggregate.Should_indicate_that_the_outgoing_primary_association_in_the_self_many_to_many_relationship_is_NOT_navigable_because_the_associative_entity_is_NOT_a_member_of_the_same_aggregate" methodname="Should_indicate_that_the_outgoing_primary_association_in_the_self_many_to_many_relationship_is_NOT_navigable_because_the_associative_entity_is_NOT_a_member_of_the_same_aggregate" classname="EdFi.Ods.Tests.EdFi.Ods.Common.Models.Domain.AssociationViewTests+When_AssociationViews_represent_a_self_referencing_many_to_many_relationship_but_the_associative_entity_is_in_its_own_aggregate" runstate="Runnable" result="Passed" duration="0.000903" asserts="1" />
                      <test-case id="6-2744" name="Should_indicate_that_the_outgoing_secondary_association_in_the_self_many_to_many_relationship_has_a_role_name_with_a_To_suffix_appended" fullname="EdFi.Ods.Tests.EdFi.Ods.Common.Models.Domain.AssociationViewTests+When_AssociationViews_represent_a_self_referencing_many_to_many_relationship_but_the_associative_entity_is_in_its_own_aggregate.Should_indicate_that_the_outgoing_secondary_association_in_the_self_many_to_many_relationship_has_a_role_name_with_a_To_suffix_appended" methodname="Should_indicate_that_the_outgoing_secondary_association_in_the_self_many_to_many_relationship_has_a_role_name_with_a_To_suffix_appended" classname="EdFi.Ods.Tests.EdFi.Ods.Common.Models.Domain.AssociationViewTests+When_AssociationViews_represent_a_self_referencing_many_to_many_relationship_but_the_associative_entity_is_in_its_own_aggregate" runstate="Runnable" result="Passed" duration="0.000801" asserts="1" />
                      <test-case id="6-2745" name="Should_indicate_that_the_outgoing_secondary_association_in_the_self_many_to_many_relationship_has_an_association_name_of_RelatedASelfManyToManyEntities" fullname="EdFi.Ods.Tests.EdFi.Ods.Common.Models.Domain.AssociationViewTests+When_AssociationViews_represent_a_self_referencing_many_to_many_relationship_but_the_associative_entity_is_in_its_own_aggregate.Should_indicate_that_the_outgoing_secondary_association_in_the_self_many_to_many_relationship_has_an_association_name_of_RelatedASelfManyToManyEntities" methodname="Should_indicate_that_the_outgoing_secondary_association_in_the_self_many_to_many_relationship_has_an_association_name_of_RelatedASelfManyToManyEntities" classname="EdFi.Ods.Tests.EdFi.Ods.Common.Models.Domain.AssociationViewTests+When_AssociationViews_represent_a_self_referencing_many_to_many_relationship_but_the_associative_entity_is_in_its_own_aggregate" runstate="Runnable" result="Passed" duration="0.000795" asserts="1" />
                      <test-case id="6-2742" name="Should_indicate_that_the_outgoing_secondary_association_in_the_self_many_to_many_relationship_is_a_self_recursive_many_to_many_association" fullname="EdFi.Ods.Tests.EdFi.Ods.Common.Models.Domain.AssociationViewTests+When_AssociationViews_represent_a_self_referencing_many_to_many_relationship_but_the_associative_entity_is_in_its_own_aggregate.Should_indicate_that_the_outgoing_secondary_association_in_the_self_many_to_many_relationship_is_a_self_recursive_many_to_many_association" methodname="Should_indicate_that_the_outgoing_secondary_association_in_the_self_many_to_many_relationship_is_a_self_recursive_many_to_many_association" classname="EdFi.Ods.Tests.EdFi.Ods.Common.Models.Domain.AssociationViewTests+When_AssociationViews_represent_a_self_referencing_many_to_many_relationship_but_the_associative_entity_is_in_its_own_aggregate" runstate="Runnable" result="Passed" duration="0.000746" asserts="1" />
                      <test-case id="6-2743" name="Should_indicate_that_the_outgoing_secondary_association_in_the_self_many_to_many_relationship_is_NOT_navigable" fullname="EdFi.Ods.Tests.EdFi.Ods.Common.Models.Domain.AssociationViewTests+When_AssociationViews_represent_a_self_referencing_many_to_many_relationship_but_the_associative_entity_is_in_its_own_aggregate.Should_indicate_that_the_outgoing_secondary_association_in_the_self_many_to_many_relationship_is_NOT_navigable" methodname="Should_indicate_that_the_outgoing_secondary_association_in_the_self_many_to_many_relationship_is_NOT_navigable" classname="EdFi.Ods.Tests.EdFi.Ods.Common.Models.Domain.AssociationViewTests+When_AssociationViews_represent_a_self_referencing_many_to_many_relationship_but_the_associative_entity_is_in_its_own_aggregate" runstate="Runnable" result="Passed" duration="0.000799" asserts="1" />
                      <test-case id="6-2738" name="Should_indicate_that_the_self_many_to_many_associations_DO_NOT_associate_members_of_the_same_aggregate" fullname="EdFi.Ods.Tests.EdFi.Ods.Common.Models.Domain.AssociationViewTests+When_AssociationViews_represent_a_self_referencing_many_to_many_relationship_but_the_associative_entity_is_in_its_own_aggregate.Should_indicate_that_the_self_many_to_many_associations_DO_NOT_associate_members_of_the_same_aggregate" methodname="Should_indicate_that_the_self_many_to_many_associations_DO_NOT_associate_members_of_the_same_aggregate" classname="EdFi.Ods.Tests.EdFi.Ods.Common.Models.Domain.AssociationViewTests+When_AssociationViews_represent_a_self_referencing_many_to_many_relationship_but_the_associative_entity_is_in_its_own_aggregate" runstate="Runnable" result="Passed" duration="0.001299" asserts="2" />
                    </test-suite>
                    <test-suite type="TestFixture" id="6-2721" name="AssociationViewTests+When_AssociationViews_represent_a_self_referencing_many_to_many_relationship_within_the_same_aggregate" fullname="EdFi.Ods.Tests.EdFi.Ods.Common.Models.Domain.AssociationViewTests+When_AssociationViews_represent_a_self_referencing_many_to_many_relationship_within_the_same_aggregate" classname="EdFi.Ods.Tests.EdFi.Ods.Common.Models.Domain.AssociationViewTests+When_AssociationViews_represent_a_self_referencing_many_to_many_relationship_within_the_same_aggregate" runstate="Runnable" testcasecount="15" result="Passed" duration="0.031772" total="15" passed="0" failed="0" inconclusive="0" skipped="0" asserts="0">
                      <test-case id="6-2722" name="Should_indicate_that_the_associations_involved_in_the_self_many_to_many_relationship_associate_members_of_the_same_aggregate" fullname="EdFi.Ods.Tests.EdFi.Ods.Common.Models.Domain.AssociationViewTests+When_AssociationViews_represent_a_self_referencing_many_to_many_relationship_within_the_same_aggregate.Should_indicate_that_the_associations_involved_in_the_self_many_to_many_relationship_associate_members_of_the_same_aggregate" methodname="Should_indicate_that_the_associations_involved_in_the_self_many_to_many_relationship_associate_members_of_the_same_aggregate" classname="EdFi.Ods.Tests.EdFi.Ods.Common.Models.Domain.AssociationViewTests+When_AssociationViews_represent_a_self_referencing_many_to_many_relationship_within_the_same_aggregate" runstate="Runnable" result="Passed" duration="0.002116" asserts="2" />
                      <test-case id="6-2732" name="Should_indicate_that_the_incoming_associative_entitys_primary_association_in_the_self_many_to_many_relationship_DOES_NOT_have_a_role_name" fullname="EdFi.Ods.Tests.EdFi.Ods.Common.Models.Domain.AssociationViewTests+When_AssociationViews_represent_a_self_referencing_many_to_many_relationship_within_the_same_aggregate.Should_indicate_that_the_incoming_associative_entitys_primary_association_in_the_self_many_to_many_relationship_DOES_NOT_have_a_role_name" methodname="Should_indicate_that_the_incoming_associative_entitys_primary_association_in_the_self_many_to_many_relationship_DOES_NOT_have_a_role_name" classname="EdFi.Ods.Tests.EdFi.Ods.Common.Models.Domain.AssociationViewTests+When_AssociationViews_represent_a_self_referencing_many_to_many_relationship_within_the_same_aggregate" runstate="Runnable" result="Passed" duration="0.001120" asserts="1" />
                      <test-case id="6-2731" name="Should_indicate_that_the_incoming_associative_entitys_primary_association_in_the_self_many_to_many_relationship_is_navigable_because_the_associative_entity_is_a_member_of_the_same_aggregate" fullname="EdFi.Ods.Tests.EdFi.Ods.Common.Models.Domain.AssociationViewTests+When_AssociationViews_represent_a_self_referencing_many_to_many_relationship_within_the_same_aggregate.Should_indicate_that_the_incoming_associative_entitys_primary_association_in_the_self_many_to_many_relationship_is_navigable_because_the_associative_entity_is_a_member_of_the_same_aggregate" methodname="Should_indicate_that_the_incoming_associative_entitys_primary_association_in_the_self_many_to_many_relationship_is_navigable_because_the_associative_entity_is_a_member_of_the_same_aggregate" classname="EdFi.Ods.Tests.EdFi.Ods.Common.Models.Domain.AssociationViewTests+When_AssociationViews_represent_a_self_referencing_many_to_many_relationship_within_the_same_aggregate" runstate="Runnable" result="Passed" duration="0.001120" asserts="1" />
                      <test-case id="6-2730" name="Should_indicate_that_the_incoming_associative_entitys_primary_association_in_the_self_many_to_many_relationship_is_NOT_a_self_recursive_many_to_many_association" fullname="EdFi.Ods.Tests.EdFi.Ods.Common.Models.Domain.AssociationViewTests+When_AssociationViews_represent_a_self_referencing_many_to_many_relationship_within_the_same_aggregate.Should_indicate_that_the_incoming_associative_entitys_primary_association_in_the_self_many_to_many_relationship_is_NOT_a_self_recursive_many_to_many_association" methodname="Should_indicate_that_the_incoming_associative_entitys_primary_association_in_the_self_many_to_many_relationship_is_NOT_a_self_recursive_many_to_many_association" classname="EdFi.Ods.Tests.EdFi.Ods.Common.Models.Domain.AssociationViewTests+When_AssociationViews_represent_a_self_referencing_many_to_many_relationship_within_the_same_aggregate" runstate="Runnable" result="Passed" duration="0.000794" asserts="1" />
                      <test-case id="6-2735" name="Should_indicate_that_the_incoming_associative_entitys_secondary_association_in_the_self_many_to_many_relationship_has_a_role_name_of_Related" fullname="EdFi.Ods.Tests.EdFi.Ods.Common.Models.Domain.AssociationViewTests+When_AssociationViews_represent_a_self_referencing_many_to_many_relationship_within_the_same_aggregate.Should_indicate_that_the_incoming_associative_entitys_secondary_association_in_the_self_many_to_many_relationship_has_a_role_name_of_Related" methodname="Should_indicate_that_the_incoming_associative_entitys_secondary_association_in_the_self_many_to_many_relationship_has_a_role_name_of_Related" classname="EdFi.Ods.Tests.EdFi.Ods.Common.Models.Domain.AssociationViewTests+When_AssociationViews_represent_a_self_referencing_many_to_many_relationship_within_the_same_aggregate" runstate="Runnable" result="Passed" duration="0.000897" asserts="1" />
                      <test-case id="6-2736" name="Should_indicate_that_the_incoming_associative_entitys_secondary_association_in_the_self_many_to_many_relationship_has_an_association_name_of_RelatedAnEntities" fullname="EdFi.Ods.Tests.EdFi.Ods.Common.Models.Domain.AssociationViewTests+When_AssociationViews_represent_a_self_referencing_many_to_many_relationship_within_the_same_aggregate.Should_indicate_that_the_incoming_associative_entitys_secondary_association_in_the_self_many_to_many_relationship_has_an_association_name_of_RelatedAnEntities" methodname="Should_indicate_that_the_incoming_associative_entitys_secondary_association_in_the_self_many_to_many_relationship_has_an_association_name_of_RelatedAnEntities" classname="EdFi.Ods.Tests.EdFi.Ods.Common.Models.Domain.AssociationViewTests+When_AssociationViews_represent_a_self_referencing_many_to_many_relationship_within_the_same_aggregate" runstate="Runnable" result="Passed" duration="0.000697" asserts="1" />
                      <test-case id="6-2733" name="Should_indicate_that_the_incoming_associative_entitys_secondary_association_in_the_self_many_to_many_relationship_is_a_self_recursive_many_to_many_association" fullname="EdFi.Ods.Tests.EdFi.Ods.Common.Models.Domain.AssociationViewTests+When_AssociationViews_represent_a_self_referencing_many_to_many_relationship_within_the_same_aggregate.Should_indicate_that_the_incoming_associative_entitys_secondary_association_in_the_self_many_to_many_relationship_is_a_self_recursive_many_to_many_association" methodname="Should_indicate_that_the_incoming_associative_entitys_secondary_association_in_the_self_many_to_many_relationship_is_a_self_recursive_many_to_many_association" classname="EdFi.Ods.Tests.EdFi.Ods.Common.Models.Domain.AssociationViewTests+When_AssociationViews_represent_a_self_referencing_many_to_many_relationship_within_the_same_aggregate" runstate="Runnable" result="Passed" duration="0.000755" asserts="1" />
                      <test-case id="6-2734" name="Should_indicate_that_the_incoming_associative_entitys_secondary_association_in_the_self_many_to_many_relationship_is_NOT_navigable_even_though_its_in_the_same_aggregate" fullname="EdFi.Ods.Tests.EdFi.Ods.Common.Models.Domain.AssociationViewTests+When_AssociationViews_represent_a_self_referencing_many_to_many_relationship_within_the_same_aggregate.Should_indicate_that_the_incoming_associative_entitys_secondary_association_in_the_self_many_to_many_relationship_is_NOT_navigable_even_though_its_in_the_same_aggregate" methodname="Should_indicate_that_the_incoming_associative_entitys_secondary_association_in_the_self_many_to_many_relationship_is_NOT_navigable_even_though_its_in_the_same_aggregate" classname="EdFi.Ods.Tests.EdFi.Ods.Common.Models.Domain.AssociationViewTests+When_AssociationViews_represent_a_self_referencing_many_to_many_relationship_within_the_same_aggregate" runstate="Runnable" result="Passed" duration="0.000804" asserts="1" />
                      <test-case id="6-2725" name="Should_indicate_that_the_outgoing_primary_association_in_the_self_many_to_many_relationship_DOES_NOT_have_a_role_name" fullname="EdFi.Ods.Tests.EdFi.Ods.Common.Models.Domain.AssociationViewTests+When_AssociationViews_represent_a_self_referencing_many_to_many_relationship_within_the_same_aggregate.Should_indicate_that_the_outgoing_primary_association_in_the_self_many_to_many_relationship_DOES_NOT_have_a_role_name" methodname="Should_indicate_that_the_outgoing_primary_association_in_the_self_many_to_many_relationship_DOES_NOT_have_a_role_name" classname="EdFi.Ods.Tests.EdFi.Ods.Common.Models.Domain.AssociationViewTests+When_AssociationViews_represent_a_self_referencing_many_to_many_relationship_within_the_same_aggregate" runstate="Runnable" result="Passed" duration="0.000744" asserts="1" />
                      <test-case id="6-2724" name="Should_indicate_that_the_outgoing_primary_association_in_the_self_many_to_many_relationship_is_navigable_because_the_associative_entity_is_a_member_of_the_same_aggregate" fullname="EdFi.Ods.Tests.EdFi.Ods.Common.Models.Domain.AssociationViewTests+When_AssociationViews_represent_a_self_referencing_many_to_many_relationship_within_the_same_aggregate.Should_indicate_that_the_outgoing_primary_association_in_the_self_many_to_many_relationship_is_navigable_because_the_associative_entity_is_a_member_of_the_same_aggregate" methodname="Should_indicate_that_the_outgoing_primary_association_in_the_self_many_to_many_relationship_is_navigable_because_the_associative_entity_is_a_member_of_the_same_aggregate" classname="EdFi.Ods.Tests.EdFi.Ods.Common.Models.Domain.AssociationViewTests+When_AssociationViews_represent_a_self_referencing_many_to_many_relationship_within_the_same_aggregate" runstate="Runnable" result="Passed" duration="0.000868" asserts="1" />
                      <test-case id="6-2723" name="Should_indicate_that_the_outgoing_primary_association_in_the_self_many_to_many_relationship_is_NOT_a_self_recursive_many_to_many_association" fullname="EdFi.Ods.Tests.EdFi.Ods.Common.Models.Domain.AssociationViewTests+When_AssociationViews_represent_a_self_referencing_many_to_many_relationship_within_the_same_aggregate.Should_indicate_that_the_outgoing_primary_association_in_the_self_many_to_many_relationship_is_NOT_a_self_recursive_many_to_many_association" methodname="Should_indicate_that_the_outgoing_primary_association_in_the_self_many_to_many_relationship_is_NOT_a_self_recursive_many_to_many_association" classname="EdFi.Ods.Tests.EdFi.Ods.Common.Models.Domain.AssociationViewTests+When_AssociationViews_represent_a_self_referencing_many_to_many_relationship_within_the_same_aggregate" runstate="Runnable" result="Passed" duration="0.000897" asserts="1" />
                      <test-case id="6-2728" name="Should_indicate_that_the_outgoing_secondary_association_in_the_self_many_to_many_relationship_has_a_role_name_of_Related" fullname="EdFi.Ods.Tests.EdFi.Ods.Common.Models.Domain.AssociationViewTests+When_AssociationViews_represent_a_self_referencing_many_to_many_relationship_within_the_same_aggregate.Should_indicate_that_the_outgoing_secondary_association_in_the_self_many_to_many_relationship_has_a_role_name_of_Related" methodname="Should_indicate_that_the_outgoing_secondary_association_in_the_self_many_to_many_relationship_has_a_role_name_of_Related" classname="EdFi.Ods.Tests.EdFi.Ods.Common.Models.Domain.AssociationViewTests+When_AssociationViews_represent_a_self_referencing_many_to_many_relationship_within_the_same_aggregate" runstate="Runnable" result="Passed" duration="0.000745" asserts="1" />
                      <test-case id="6-2729" name="Should_indicate_that_the_outgoing_secondary_association_in_the_self_many_to_many_relationship_has_an_association_name_of_RelatedASelfManyToManyEntities" fullname="EdFi.Ods.Tests.EdFi.Ods.Common.Models.Domain.AssociationViewTests+When_AssociationViews_represent_a_self_referencing_many_to_many_relationship_within_the_same_aggregate.Should_indicate_that_the_outgoing_secondary_association_in_the_self_many_to_many_relationship_has_an_association_name_of_RelatedASelfManyToManyEntities" methodname="Should_indicate_that_the_outgoing_secondary_association_in_the_self_many_to_many_relationship_has_an_association_name_of_RelatedASelfManyToManyEntities" classname="EdFi.Ods.Tests.EdFi.Ods.Common.Models.Domain.AssociationViewTests+When_AssociationViews_represent_a_self_referencing_many_to_many_relationship_within_the_same_aggregate" runstate="Runnable" result="Passed" duration="0.000812" asserts="1" />
                      <test-case id="6-2726" name="Should_indicate_that_the_outgoing_secondary_association_in_the_self_many_to_many_relationship_is_a_self_recursive_many_to_many_association" fullname="EdFi.Ods.Tests.EdFi.Ods.Common.Models.Domain.AssociationViewTests+When_AssociationViews_represent_a_self_referencing_many_to_many_relationship_within_the_same_aggregate.Should_indicate_that_the_outgoing_secondary_association_in_the_self_many_to_many_relationship_is_a_self_recursive_many_to_many_association" methodname="Should_indicate_that_the_outgoing_secondary_association_in_the_self_many_to_many_relationship_is_a_self_recursive_many_to_many_association" classname="EdFi.Ods.Tests.EdFi.Ods.Common.Models.Domain.AssociationViewTests+When_AssociationViews_represent_a_self_referencing_many_to_many_relationship_within_the_same_aggregate" runstate="Runnable" result="Passed" duration="0.000726" asserts="1" />
                      <test-case id="6-2727" name="Should_indicate_that_the_outgoing_secondary_association_in_the_self_many_to_many_relationship_is_NOT_navigable_even_though_its_in_the_same_aggregate" fullname="EdFi.Ods.Tests.EdFi.Ods.Common.Models.Domain.AssociationViewTests+When_AssociationViews_represent_a_self_referencing_many_to_many_relationship_within_the_same_aggregate.Should_indicate_that_the_outgoing_secondary_association_in_the_self_many_to_many_relationship_is_NOT_navigable_even_though_its_in_the_same_aggregate" methodname="Should_indicate_that_the_outgoing_secondary_association_in_the_self_many_to_many_relationship_is_NOT_navigable_even_though_its_in_the_same_aggregate" classname="EdFi.Ods.Tests.EdFi.Ods.Common.Models.Domain.AssociationViewTests+When_AssociationViews_represent_a_self_referencing_many_to_many_relationship_within_the_same_aggregate" runstate="Runnable" result="Passed" duration="0.000748" asserts="1" />
                    </test-suite>
                    <test-suite type="TestFixture" id="6-2761" name="AssociationViewTests+When_determining_the_name_of_a_one_to_many_association" fullname="EdFi.Ods.Tests.EdFi.Ods.Common.Models.Domain.AssociationViewTests+When_determining_the_name_of_a_one_to_many_association" classname="EdFi.Ods.Tests.EdFi.Ods.Common.Models.Domain.AssociationViewTests+When_determining_the_name_of_a_one_to_many_association" runstate="Runnable" testcasecount="4" result="Passed" duration="0.014245" total="4" passed="0" failed="0" inconclusive="0" skipped="0" asserts="0">
                      <test-case id="6-2764" name="Should_apply_role_name_to_association_when_multiple_one_to_many_associations_are_present" fullname="EdFi.Ods.Tests.EdFi.Ods.Common.Models.Domain.AssociationViewTests+When_determining_the_name_of_a_one_to_many_association.Should_apply_role_name_to_association_when_multiple_one_to_many_associations_are_present" methodname="Should_apply_role_name_to_association_when_multiple_one_to_many_associations_are_present" classname="EdFi.Ods.Tests.EdFi.Ods.Common.Models.Domain.AssociationViewTests+When_determining_the_name_of_a_one_to_many_association" runstate="Runnable" result="Passed" duration="0.001478" asserts="2" />
                      <test-case id="6-2762" name="Should_not_apply_role_name_to_association_when_a_single_one_to_many_association_is_present" fullname="EdFi.Ods.Tests.EdFi.Ods.Common.Models.Domain.AssociationViewTests+When_determining_the_name_of_a_one_to_many_association.Should_not_apply_role_name_to_association_when_a_single_one_to_many_association_is_present" methodname="Should_not_apply_role_name_to_association_when_a_single_one_to_many_association_is_present" classname="EdFi.Ods.Tests.EdFi.Ods.Common.Models.Domain.AssociationViewTests+When_determining_the_name_of_a_one_to_many_association" runstate="Runnable" result="Passed" duration="0.000629" asserts="1" />
                      <test-case id="6-2763" name="Should_return_a_null_role_name_when_a_single_one_to_many_association_is_present" fullname="EdFi.Ods.Tests.EdFi.Ods.Common.Models.Domain.AssociationViewTests+When_determining_the_name_of_a_one_to_many_association.Should_return_a_null_role_name_when_a_single_one_to_many_association_is_present" methodname="Should_return_a_null_role_name_when_a_single_one_to_many_association_is_present" classname="EdFi.Ods.Tests.EdFi.Ods.Common.Models.Domain.AssociationViewTests+When_determining_the_name_of_a_one_to_many_association" runstate="Runnable" result="Passed" duration="0.000429" asserts="1" />
                      <test-case id="6-2765" name="Should_return_a_role_name_when_multiple_one_to_many_associations_are_present" fullname="EdFi.Ods.Tests.EdFi.Ods.Common.Models.Domain.AssociationViewTests+When_determining_the_name_of_a_one_to_many_association.Should_return_a_role_name_when_multiple_one_to_many_associations_are_present" methodname="Should_return_a_role_name_when_multiple_one_to_many_associations_are_present" classname="EdFi.Ods.Tests.EdFi.Ods.Common.Models.Domain.AssociationViewTests+When_determining_the_name_of_a_one_to_many_association" runstate="Runnable" result="Passed" duration="0.000903" asserts="2" />
                    </test-suite>
                    <test-suite type="TestFixture" id="6-2701" name="AssociationViewTests+When_evaluating_three_identifying_one_to_many_relationships_to_the_same_entity_with_a_role_name_applied_to_only_one_of_the_relationships" fullname="EdFi.Ods.Tests.EdFi.Ods.Common.Models.Domain.AssociationViewTests+When_evaluating_three_identifying_one_to_many_relationships_to_the_same_entity_with_a_role_name_applied_to_only_one_of_the_relationships" classname="EdFi.Ods.Tests.EdFi.Ods.Common.Models.Domain.AssociationViewTests+When_evaluating_three_identifying_one_to_many_relationships_to_the_same_entity_with_a_role_name_applied_to_only_one_of_the_relationships" runstate="Runnable" testcasecount="4" result="Passed" duration="0.013256" total="4" passed="0" failed="0" inconclusive="0" skipped="0" asserts="0">
                      <test-case id="6-2704" name="Should_indicate_that_the_primary_incoming_association_IS_NOT_a_self_referencing_many_to_many_relationships" fullname="EdFi.Ods.Tests.EdFi.Ods.Common.Models.Domain.AssociationViewTests+When_evaluating_three_identifying_one_to_many_relationships_to_the_same_entity_with_a_role_name_applied_to_only_one_of_the_relationships.Should_indicate_that_the_primary_incoming_association_IS_NOT_a_self_referencing_many_to_many_relationships" methodname="Should_indicate_that_the_primary_incoming_association_IS_NOT_a_self_referencing_many_to_many_relationships" classname="EdFi.Ods.Tests.EdFi.Ods.Common.Models.Domain.AssociationViewTests+When_evaluating_three_identifying_one_to_many_relationships_to_the_same_entity_with_a_role_name_applied_to_only_one_of_the_relationships" runstate="Runnable" result="Passed" duration="0.001165" asserts="1" />
                      <test-case id="6-2702" name="Should_indicate_that_the_primary_outgoing_associations_IS_NOT_a_self_referencing_many_to_many_relationships" fullname="EdFi.Ods.Tests.EdFi.Ods.Common.Models.Domain.AssociationViewTests+When_evaluating_three_identifying_one_to_many_relationships_to_the_same_entity_with_a_role_name_applied_to_only_one_of_the_relationships.Should_indicate_that_the_primary_outgoing_associations_IS_NOT_a_self_referencing_many_to_many_relationships" methodname="Should_indicate_that_the_primary_outgoing_associations_IS_NOT_a_self_referencing_many_to_many_relationships" classname="EdFi.Ods.Tests.EdFi.Ods.Common.Models.Domain.AssociationViewTests+When_evaluating_three_identifying_one_to_many_relationships_to_the_same_entity_with_a_role_name_applied_to_only_one_of_the_relationships" runstate="Runnable" result="Passed" duration="0.000859" asserts="1" />
                      <test-case id="6-2705" name="Should_indicate_that_the_secondary_incoming_associations_IS_NOT_a_self_referencing_many_to_many_relationships" fullname="EdFi.Ods.Tests.EdFi.Ods.Common.Models.Domain.AssociationViewTests+When_evaluating_three_identifying_one_to_many_relationships_to_the_same_entity_with_a_role_name_applied_to_only_one_of_the_relationships.Should_indicate_that_the_secondary_incoming_associations_IS_NOT_a_self_referencing_many_to_many_relationships" methodname="Should_indicate_that_the_secondary_incoming_associations_IS_NOT_a_self_referencing_many_to_many_relationships" classname="EdFi.Ods.Tests.EdFi.Ods.Common.Models.Domain.AssociationViewTests+When_evaluating_three_identifying_one_to_many_relationships_to_the_same_entity_with_a_role_name_applied_to_only_one_of_the_relationships" runstate="Runnable" result="Passed" duration="0.000860" asserts="1" />
                      <test-case id="6-2703" name="Should_indicate_that_the_secondary_outgoing_associations_IS_NOT_a_self_referencing_many_to_many_relationships" fullname="EdFi.Ods.Tests.EdFi.Ods.Common.Models.Domain.AssociationViewTests+When_evaluating_three_identifying_one_to_many_relationships_to_the_same_entity_with_a_role_name_applied_to_only_one_of_the_relationships.Should_indicate_that_the_secondary_outgoing_associations_IS_NOT_a_self_referencing_many_to_many_relationships" methodname="Should_indicate_that_the_secondary_outgoing_associations_IS_NOT_a_self_referencing_many_to_many_relationships" classname="EdFi.Ods.Tests.EdFi.Ods.Common.Models.Domain.AssociationViewTests+When_evaluating_three_identifying_one_to_many_relationships_to_the_same_entity_with_a_role_name_applied_to_only_one_of_the_relationships" runstate="Runnable" result="Passed" duration="0.000816" asserts="1" />
                    </test-suite>
                    <test-suite type="TestFixture" id="6-2696" name="AssociationViewTests+When_evaluating_two_identifying_one_to_many_relationships_to_the_same_entity_with_a_role_name_applied_to_only_one_of_the_relationships" fullname="EdFi.Ods.Tests.EdFi.Ods.Common.Models.Domain.AssociationViewTests+When_evaluating_two_identifying_one_to_many_relationships_to_the_same_entity_with_a_role_name_applied_to_only_one_of_the_relationships" classname="EdFi.Ods.Tests.EdFi.Ods.Common.Models.Domain.AssociationViewTests+When_evaluating_two_identifying_one_to_many_relationships_to_the_same_entity_with_a_role_name_applied_to_only_one_of_the_relationships" runstate="Runnable" testcasecount="4" result="Passed" duration="0.011381" total="4" passed="0" failed="0" inconclusive="0" skipped="0" asserts="0">
                      <test-case id="6-2699" name="Should_indicate_that_the_primary_incoming_association_IS_NOT_a_self_referencing_many_to_many_relationships" fullname="EdFi.Ods.Tests.EdFi.Ods.Common.Models.Domain.AssociationViewTests+When_evaluating_two_identifying_one_to_many_relationships_to_the_same_entity_with_a_role_name_applied_to_only_one_of_the_relationships.Should_indicate_that_the_primary_incoming_association_IS_NOT_a_self_referencing_many_to_many_relationships" methodname="Should_indicate_that_the_primary_incoming_association_IS_NOT_a_self_referencing_many_to_many_relationships" classname="EdFi.Ods.Tests.EdFi.Ods.Common.Models.Domain.AssociationViewTests+When_evaluating_two_identifying_one_to_many_relationships_to_the_same_entity_with_a_role_name_applied_to_only_one_of_the_relationships" runstate="Runnable" result="Passed" duration="0.001015" asserts="1" />
                      <test-case id="6-2697" name="Should_indicate_that_the_primary_outgoing_associations_IS_NOT_a_self_referencing_many_to_many_relationships" fullname="EdFi.Ods.Tests.EdFi.Ods.Common.Models.Domain.AssociationViewTests+When_evaluating_two_identifying_one_to_many_relationships_to_the_same_entity_with_a_role_name_applied_to_only_one_of_the_relationships.Should_indicate_that_the_primary_outgoing_associations_IS_NOT_a_self_referencing_many_to_many_relationships" methodname="Should_indicate_that_the_primary_outgoing_associations_IS_NOT_a_self_referencing_many_to_many_relationships" classname="EdFi.Ods.Tests.EdFi.Ods.Common.Models.Domain.AssociationViewTests+When_evaluating_two_identifying_one_to_many_relationships_to_the_same_entity_with_a_role_name_applied_to_only_one_of_the_relationships" runstate="Runnable" result="Passed" duration="0.000788" asserts="1" />
                      <test-case id="6-2700" name="Should_indicate_that_the_secondary_incoming_associations_IS_a_self_referencing_many_to_many_relationships" fullname="EdFi.Ods.Tests.EdFi.Ods.Common.Models.Domain.AssociationViewTests+When_evaluating_two_identifying_one_to_many_relationships_to_the_same_entity_with_a_role_name_applied_to_only_one_of_the_relationships.Should_indicate_that_the_secondary_incoming_associations_IS_a_self_referencing_many_to_many_relationships" methodname="Should_indicate_that_the_secondary_incoming_associations_IS_a_self_referencing_many_to_many_relationships" classname="EdFi.Ods.Tests.EdFi.Ods.Common.Models.Domain.AssociationViewTests+When_evaluating_two_identifying_one_to_many_relationships_to_the_same_entity_with_a_role_name_applied_to_only_one_of_the_relationships" runstate="Runnable" result="Passed" duration="0.000932" asserts="1" />
                      <test-case id="6-2698" name="Should_indicate_that_the_secondary_outgoing_associations_IS_a_self_referencing_many_to_many_relationships" fullname="EdFi.Ods.Tests.EdFi.Ods.Common.Models.Domain.AssociationViewTests+When_evaluating_two_identifying_one_to_many_relationships_to_the_same_entity_with_a_role_name_applied_to_only_one_of_the_relationships.Should_indicate_that_the_secondary_outgoing_associations_IS_a_self_referencing_many_to_many_relationships" methodname="Should_indicate_that_the_secondary_outgoing_associations_IS_a_self_referencing_many_to_many_relationships" classname="EdFi.Ods.Tests.EdFi.Ods.Common.Models.Domain.AssociationViewTests+When_evaluating_two_identifying_one_to_many_relationships_to_the_same_entity_with_a_role_name_applied_to_only_one_of_the_relationships" runstate="Runnable" result="Passed" duration="0.000858" asserts="1" />
                    </test-suite>
                    <test-suite type="TestFixture" id="6-2711" name="AssociationViewTests+When_evaluating_two_identifying_one_to_many_relationships_to_the_same_entity_with_role_names_applied_to_both" fullname="EdFi.Ods.Tests.EdFi.Ods.Common.Models.Domain.AssociationViewTests+When_evaluating_two_identifying_one_to_many_relationships_to_the_same_entity_with_role_names_applied_to_both" classname="EdFi.Ods.Tests.EdFi.Ods.Common.Models.Domain.AssociationViewTests+When_evaluating_two_identifying_one_to_many_relationships_to_the_same_entity_with_role_names_applied_to_both" runstate="Runnable" testcasecount="4" result="Passed" duration="0.012326" total="4" passed="0" failed="0" inconclusive="0" skipped="0" asserts="0">
                      <test-case id="6-2714" name="Should_indicate_that_the_primary_incoming_association_IS_NOT_a_self_referencing_many_to_many_relationships" fullname="EdFi.Ods.Tests.EdFi.Ods.Common.Models.Domain.AssociationViewTests+When_evaluating_two_identifying_one_to_many_relationships_to_the_same_entity_with_role_names_applied_to_both.Should_indicate_that_the_primary_incoming_association_IS_NOT_a_self_referencing_many_to_many_relationships" methodname="Should_indicate_that_the_primary_incoming_association_IS_NOT_a_self_referencing_many_to_many_relationships" classname="EdFi.Ods.Tests.EdFi.Ods.Common.Models.Domain.AssociationViewTests+When_evaluating_two_identifying_one_to_many_relationships_to_the_same_entity_with_role_names_applied_to_both" runstate="Runnable" result="Passed" duration="0.001076" asserts="1" />
                      <test-case id="6-2712" name="Should_indicate_that_the_primary_outgoing_associations_IS_NOT_a_self_referencing_many_to_many_relationships" fullname="EdFi.Ods.Tests.EdFi.Ods.Common.Models.Domain.AssociationViewTests+When_evaluating_two_identifying_one_to_many_relationships_to_the_same_entity_with_role_names_applied_to_both.Should_indicate_that_the_primary_outgoing_associations_IS_NOT_a_self_referencing_many_to_many_relationships" methodname="Should_indicate_that_the_primary_outgoing_associations_IS_NOT_a_self_referencing_many_to_many_relationships" classname="EdFi.Ods.Tests.EdFi.Ods.Common.Models.Domain.AssociationViewTests+When_evaluating_two_identifying_one_to_many_relationships_to_the_same_entity_with_role_names_applied_to_both" runstate="Runnable" result="Passed" duration="0.000804" asserts="1" />
                      <test-case id="6-2715" name="Should_indicate_that_the_secondary_incoming_associations_IS_NOT_a_self_referencing_many_to_many_relationships" fullname="EdFi.Ods.Tests.EdFi.Ods.Common.Models.Domain.AssociationViewTests+When_evaluating_two_identifying_one_to_many_relationships_to_the_same_entity_with_role_names_applied_to_both.Should_indicate_that_the_secondary_incoming_associations_IS_NOT_a_self_referencing_many_to_many_relationships" methodname="Should_indicate_that_the_secondary_incoming_associations_IS_NOT_a_self_referencing_many_to_many_relationships" classname="EdFi.Ods.Tests.EdFi.Ods.Common.Models.Domain.AssociationViewTests+When_evaluating_two_identifying_one_to_many_relationships_to_the_same_entity_with_role_names_applied_to_both" runstate="Runnable" result="Passed" duration="0.000793" asserts="1" />
                      <test-case id="6-2713" name="Should_indicate_that_the_secondary_outgoing_associations_IS_NOT_a_self_referencing_many_to_many_relationships" fullname="EdFi.Ods.Tests.EdFi.Ods.Common.Models.Domain.AssociationViewTests+When_evaluating_two_identifying_one_to_many_relationships_to_the_same_entity_with_role_names_applied_to_both.Should_indicate_that_the_secondary_outgoing_associations_IS_NOT_a_self_referencing_many_to_many_relationships" methodname="Should_indicate_that_the_secondary_outgoing_associations_IS_NOT_a_self_referencing_many_to_many_relationships" classname="EdFi.Ods.Tests.EdFi.Ods.Common.Models.Domain.AssociationViewTests+When_evaluating_two_identifying_one_to_many_relationships_to_the_same_entity_with_role_names_applied_to_both" runstate="Runnable" result="Passed" duration="0.000769" asserts="1" />
                    </test-suite>
                    <test-suite type="TestFixture" id="6-2706" name="AssociationViewTests+When_evaluating_two_NON_IDENTIFYING_one_to_many_relationships_to_the_same_entity_with_a_role_name_applied_to_only_one_of_the_relationships" fullname="EdFi.Ods.Tests.EdFi.Ods.Common.Models.Domain.AssociationViewTests+When_evaluating_two_NON_IDENTIFYING_one_to_many_relationships_to_the_same_entity_with_a_role_name_applied_to_only_one_of_the_relationships" classname="EdFi.Ods.Tests.EdFi.Ods.Common.Models.Domain.AssociationViewTests+When_evaluating_two_NON_IDENTIFYING_one_to_many_relationships_to_the_same_entity_with_a_role_name_applied_to_only_one_of_the_relationships" runstate="Runnable" testcasecount="4" result="Passed" duration="0.011465" total="4" passed="0" failed="0" inconclusive="0" skipped="0" asserts="0">
                      <test-case id="6-2709" name="Should_indicate_that_the_primary_incoming_association_is_NOT_a_self_referencing_many_to_many_relationships" fullname="EdFi.Ods.Tests.EdFi.Ods.Common.Models.Domain.AssociationViewTests+When_evaluating_two_NON_IDENTIFYING_one_to_many_relationships_to_the_same_entity_with_a_role_name_applied_to_only_one_of_the_relationships.Should_indicate_that_the_primary_incoming_association_is_NOT_a_self_referencing_many_to_many_relationships" methodname="Should_indicate_that_the_primary_incoming_association_is_NOT_a_self_referencing_many_to_many_relationships" classname="EdFi.Ods.Tests.EdFi.Ods.Common.Models.Domain.AssociationViewTests+When_evaluating_two_NON_IDENTIFYING_one_to_many_relationships_to_the_same_entity_with_a_role_name_applied_to_only_one_of_the_relationships" runstate="Runnable" result="Passed" duration="0.001278" asserts="1" />
                      <test-case id="6-2707" name="Should_indicate_that_the_primary_outgoing_associations_is_NOT_a_self_referencing_many_to_many_relationships" fullname="EdFi.Ods.Tests.EdFi.Ods.Common.Models.Domain.AssociationViewTests+When_evaluating_two_NON_IDENTIFYING_one_to_many_relationships_to_the_same_entity_with_a_role_name_applied_to_only_one_of_the_relationships.Should_indicate_that_the_primary_outgoing_associations_is_NOT_a_self_referencing_many_to_many_relationships" methodname="Should_indicate_that_the_primary_outgoing_associations_is_NOT_a_self_referencing_many_to_many_relationships" classname="EdFi.Ods.Tests.EdFi.Ods.Common.Models.Domain.AssociationViewTests+When_evaluating_two_NON_IDENTIFYING_one_to_many_relationships_to_the_same_entity_with_a_role_name_applied_to_only_one_of_the_relationships" runstate="Runnable" result="Passed" duration="0.000775" asserts="1" />
                      <test-case id="6-2710" name="Should_indicate_that_the_secondary_incoming_associations_is_NOT_a_self_referencing_many_to_many_relationships" fullname="EdFi.Ods.Tests.EdFi.Ods.Common.Models.Domain.AssociationViewTests+When_evaluating_two_NON_IDENTIFYING_one_to_many_relationships_to_the_same_entity_with_a_role_name_applied_to_only_one_of_the_relationships.Should_indicate_that_the_secondary_incoming_associations_is_NOT_a_self_referencing_many_to_many_relationships" methodname="Should_indicate_that_the_secondary_incoming_associations_is_NOT_a_self_referencing_many_to_many_relationships" classname="EdFi.Ods.Tests.EdFi.Ods.Common.Models.Domain.AssociationViewTests+When_evaluating_two_NON_IDENTIFYING_one_to_many_relationships_to_the_same_entity_with_a_role_name_applied_to_only_one_of_the_relationships" runstate="Runnable" result="Passed" duration="0.000736" asserts="1" />
                      <test-case id="6-2708" name="Should_indicate_that_the_secondary_outgoing_associations_is_NOT_a_self_referencing_many_to_many_relationships" fullname="EdFi.Ods.Tests.EdFi.Ods.Common.Models.Domain.AssociationViewTests+When_evaluating_two_NON_IDENTIFYING_one_to_many_relationships_to_the_same_entity_with_a_role_name_applied_to_only_one_of_the_relationships.Should_indicate_that_the_secondary_outgoing_associations_is_NOT_a_self_referencing_many_to_many_relationships" methodname="Should_indicate_that_the_secondary_outgoing_associations_is_NOT_a_self_referencing_many_to_many_relationships" classname="EdFi.Ods.Tests.EdFi.Ods.Common.Models.Domain.AssociationViewTests+When_evaluating_two_NON_IDENTIFYING_one_to_many_relationships_to_the_same_entity_with_a_role_name_applied_to_only_one_of_the_relationships" runstate="Runnable" result="Passed" duration="0.000726" asserts="1" />
                    </test-suite>
                    <test-suite type="TestFixture" id="6-2716" name="AssociationViewTests+When_evaluating_two_one_to_many_relationships_to_the_same_entity_with_a_role_name_applied_to_the_primary_identifying_association" fullname="EdFi.Ods.Tests.EdFi.Ods.Common.Models.Domain.AssociationViewTests+When_evaluating_two_one_to_many_relationships_to_the_same_entity_with_a_role_name_applied_to_the_primary_identifying_association" classname="EdFi.Ods.Tests.EdFi.Ods.Common.Models.Domain.AssociationViewTests+When_evaluating_two_one_to_many_relationships_to_the_same_entity_with_a_role_name_applied_to_the_primary_identifying_association" runstate="Runnable" testcasecount="4" result="Passed" duration="0.014082" total="4" passed="0" failed="0" inconclusive="0" skipped="0" asserts="0">
                      <test-case id="6-2719" name="Should_indicate_that_the_primary_incoming_association_IS_NOT_a_self_referencing_many_to_many_relationships" fullname="EdFi.Ods.Tests.EdFi.Ods.Common.Models.Domain.AssociationViewTests+When_evaluating_two_one_to_many_relationships_to_the_same_entity_with_a_role_name_applied_to_the_primary_identifying_association.Should_indicate_that_the_primary_incoming_association_IS_NOT_a_self_referencing_many_to_many_relationships" methodname="Should_indicate_that_the_primary_incoming_association_IS_NOT_a_self_referencing_many_to_many_relationships" classname="EdFi.Ods.Tests.EdFi.Ods.Common.Models.Domain.AssociationViewTests+When_evaluating_two_one_to_many_relationships_to_the_same_entity_with_a_role_name_applied_to_the_primary_identifying_association" runstate="Runnable" result="Passed" duration="0.001069" asserts="1" />
                      <test-case id="6-2717" name="Should_indicate_that_the_primary_outgoing_associations_IS_NOT_a_self_referencing_many_to_many_relationships" fullname="EdFi.Ods.Tests.EdFi.Ods.Common.Models.Domain.AssociationViewTests+When_evaluating_two_one_to_many_relationships_to_the_same_entity_with_a_role_name_applied_to_the_primary_identifying_association.Should_indicate_that_the_primary_outgoing_associations_IS_NOT_a_self_referencing_many_to_many_relationships" methodname="Should_indicate_that_the_primary_outgoing_associations_IS_NOT_a_self_referencing_many_to_many_relationships" classname="EdFi.Ods.Tests.EdFi.Ods.Common.Models.Domain.AssociationViewTests+When_evaluating_two_one_to_many_relationships_to_the_same_entity_with_a_role_name_applied_to_the_primary_identifying_association" runstate="Runnable" result="Passed" duration="0.001162" asserts="1" />
                      <test-case id="6-2720" name="Should_indicate_that_the_secondary_incoming_associations_IS_NOT_a_self_referencing_many_to_many_relationships" fullname="EdFi.Ods.Tests.EdFi.Ods.Common.Models.Domain.AssociationViewTests+When_evaluating_two_one_to_many_relationships_to_the_same_entity_with_a_role_name_applied_to_the_primary_identifying_association.Should_indicate_that_the_secondary_incoming_associations_IS_NOT_a_self_referencing_many_to_many_relationships" methodname="Should_indicate_that_the_secondary_incoming_associations_IS_NOT_a_self_referencing_many_to_many_relationships" classname="EdFi.Ods.Tests.EdFi.Ods.Common.Models.Domain.AssociationViewTests+When_evaluating_two_one_to_many_relationships_to_the_same_entity_with_a_role_name_applied_to_the_primary_identifying_association" runstate="Runnable" result="Passed" duration="0.001249" asserts="1" />
                      <test-case id="6-2718" name="Should_indicate_that_the_secondary_outgoing_associations_IS_NOT_a_self_referencing_many_to_many_relationships" fullname="EdFi.Ods.Tests.EdFi.Ods.Common.Models.Domain.AssociationViewTests+When_evaluating_two_one_to_many_relationships_to_the_same_entity_with_a_role_name_applied_to_the_primary_identifying_association.Should_indicate_that_the_secondary_outgoing_associations_IS_NOT_a_self_referencing_many_to_many_relationships" methodname="Should_indicate_that_the_secondary_outgoing_associations_IS_NOT_a_self_referencing_many_to_many_relationships" classname="EdFi.Ods.Tests.EdFi.Ods.Common.Models.Domain.AssociationViewTests+When_evaluating_two_one_to_many_relationships_to_the_same_entity_with_a_role_name_applied_to_the_primary_identifying_association" runstate="Runnable" result="Passed" duration="0.001110" asserts="1" />
                    </test-suite>
                    <test-suite type="TestFixture" id="6-2756" name="AssociationViewTests+When_finding_the_inverse_of_an_AssociationView" fullname="EdFi.Ods.Tests.EdFi.Ods.Common.Models.Domain.AssociationViewTests+When_finding_the_inverse_of_an_AssociationView" classname="EdFi.Ods.Tests.EdFi.Ods.Common.Models.Domain.AssociationViewTests+When_finding_the_inverse_of_an_AssociationView" runstate="Runnable" testcasecount="4" result="Passed" duration="0.018885" total="4" passed="0" failed="0" inconclusive="0" skipped="0" asserts="0">
                      <test-case id="6-2759" name="Should_find_inverse_associations_for_extension_associations" fullname="EdFi.Ods.Tests.EdFi.Ods.Common.Models.Domain.AssociationViewTests+When_finding_the_inverse_of_an_AssociationView.Should_find_inverse_associations_for_extension_associations" methodname="Should_find_inverse_associations_for_extension_associations" classname="EdFi.Ods.Tests.EdFi.Ods.Common.Models.Domain.AssociationViewTests+When_finding_the_inverse_of_an_AssociationView" runstate="Runnable" result="Passed" duration="0.001627" asserts="4" />
                      <test-case id="6-2760" name="Should_find_inverse_associations_for_inheritance_associations" fullname="EdFi.Ods.Tests.EdFi.Ods.Common.Models.Domain.AssociationViewTests+When_finding_the_inverse_of_an_AssociationView.Should_find_inverse_associations_for_inheritance_associations" methodname="Should_find_inverse_associations_for_inheritance_associations" classname="EdFi.Ods.Tests.EdFi.Ods.Common.Models.Domain.AssociationViewTests+When_finding_the_inverse_of_an_AssociationView" runstate="Runnable" result="Passed" duration="0.001122" asserts="4" />
                      <test-case id="6-2757" name="Should_find_inverse_associations_for_one_to_many_associations" fullname="EdFi.Ods.Tests.EdFi.Ods.Common.Models.Domain.AssociationViewTests+When_finding_the_inverse_of_an_AssociationView.Should_find_inverse_associations_for_one_to_many_associations" methodname="Should_find_inverse_associations_for_one_to_many_associations" classname="EdFi.Ods.Tests.EdFi.Ods.Common.Models.Domain.AssociationViewTests+When_finding_the_inverse_of_an_AssociationView" runstate="Runnable" result="Passed" duration="0.000878" asserts="4" />
                      <test-case id="6-2758" name="Should_find_inverse_associations_for_one_to_one_associations" fullname="EdFi.Ods.Tests.EdFi.Ods.Common.Models.Domain.AssociationViewTests+When_finding_the_inverse_of_an_AssociationView.Should_find_inverse_associations_for_one_to_one_associations" methodname="Should_find_inverse_associations_for_one_to_one_associations" classname="EdFi.Ods.Tests.EdFi.Ods.Common.Models.Domain.AssociationViewTests+When_finding_the_inverse_of_an_AssociationView" runstate="Runnable" result="Passed" duration="0.001034" asserts="4" />
                    </test-suite>
                    <test-suite type="TestFixture" id="6-2766" name="AssociationViewTests+When_initializing_the_AssociationViewType_from_the_association_Cardinality" fullname="EdFi.Ods.Tests.EdFi.Ods.Common.Models.Domain.AssociationViewTests+When_initializing_the_AssociationViewType_from_the_association_Cardinality" classname="EdFi.Ods.Tests.EdFi.Ods.Common.Models.Domain.AssociationViewTests+When_initializing_the_AssociationViewType_from_the_association_Cardinality" runstate="Runnable" testcasecount="2" result="Passed" duration="0.008814" total="2" passed="0" failed="0" inconclusive="0" skipped="0" asserts="0">
                      <test-case id="6-2767" name="Should_represent_an_association_with_OneToOneOrMore_cardinality_as_OneToMany_and_ManyToOne_association_views" fullname="EdFi.Ods.Tests.EdFi.Ods.Common.Models.Domain.AssociationViewTests+When_initializing_the_AssociationViewType_from_the_association_Cardinality.Should_represent_an_association_with_OneToOneOrMore_cardinality_as_OneToMany_and_ManyToOne_association_views" methodname="Should_represent_an_association_with_OneToOneOrMore_cardinality_as_OneToMany_and_ManyToOne_association_views" classname="EdFi.Ods.Tests.EdFi.Ods.Common.Models.Domain.AssociationViewTests+When_initializing_the_AssociationViewType_from_the_association_Cardinality" runstate="Runnable" result="Passed" duration="0.000853" asserts="2" />
                      <test-case id="6-2768" name="Should_represent_an_association_with_OneToZeroOrMore_cardinality_as_OneToMany_and_ManyToOne_association_views" fullname="EdFi.Ods.Tests.EdFi.Ods.Common.Models.Domain.AssociationViewTests+When_initializing_the_AssociationViewType_from_the_association_Cardinality.Should_represent_an_association_with_OneToZeroOrMore_cardinality_as_OneToMany_and_ManyToOne_association_views" methodname="Should_represent_an_association_with_OneToZeroOrMore_cardinality_as_OneToMany_and_ManyToOne_association_views" classname="EdFi.Ods.Tests.EdFi.Ods.Common.Models.Domain.AssociationViewTests+When_initializing_the_AssociationViewType_from_the_association_Cardinality" runstate="Runnable" result="Passed" duration="0.000788" asserts="2" />
                    </test-suite>
                    <test-suite type="TestFixture" id="6-1742" name="DomainModelBuilderTests" fullname="EdFi.Ods.Tests.EdFi.Ods.Common.Models.Domain.DomainModelBuilderTests" classname="EdFi.Ods.Tests.EdFi.Ods.Common.Models.Domain.DomainModelBuilderTests" runstate="Runnable" testcasecount="0" result="Inconclusive" duration="0.000224" total="0" passed="0" failed="0" inconclusive="0" skipped="0" asserts="0" />
                    <test-suite type="TestFixture" id="6-2781" name="DomainModelBuilderTests+When_a_schema_is_added_using_the_reserved_physical_name_auth" fullname="EdFi.Ods.Tests.EdFi.Ods.Common.Models.Domain.DomainModelBuilderTests+When_a_schema_is_added_using_the_reserved_physical_name_auth" classname="EdFi.Ods.Tests.EdFi.Ods.Common.Models.Domain.DomainModelBuilderTests+When_a_schema_is_added_using_the_reserved_physical_name_auth" runstate="Runnable" testcasecount="1" result="Passed" duration="0.005899" total="1" passed="0" failed="0" inconclusive="0" skipped="0" asserts="0">
                      <test-case id="6-2782" name="Should_indicate_that_auth_is_a_reserved_physical_schema_name" fullname="EdFi.Ods.Tests.EdFi.Ods.Common.Models.Domain.DomainModelBuilderTests+When_a_schema_is_added_using_the_reserved_physical_name_auth.Should_indicate_that_auth_is_a_reserved_physical_schema_name" methodname="Should_indicate_that_auth_is_a_reserved_physical_schema_name" classname="EdFi.Ods.Tests.EdFi.Ods.Common.Models.Domain.DomainModelBuilderTests+When_a_schema_is_added_using_the_reserved_physical_name_auth" runstate="Runnable" result="Passed" duration="0.000463" asserts="2" />
                    </test-suite>
                    <test-suite type="TestFixture" id="6-2769" name="DomainModelBuilderTests+When_an_aggregate_is_built_with_missing_members" fullname="EdFi.Ods.Tests.EdFi.Ods.Common.Models.Domain.DomainModelBuilderTests+When_an_aggregate_is_built_with_missing_members" classname="EdFi.Ods.Tests.EdFi.Ods.Common.Models.Domain.DomainModelBuilderTests+When_an_aggregate_is_built_with_missing_members" runstate="Runnable" testcasecount="1" result="Passed" duration="0.005606" total="1" passed="0" failed="0" inconclusive="0" skipped="0" asserts="0">
                      <test-case id="6-2770" name="Should_throw_an_exception_with_a_message_identifying_the_missing_entity" fullname="EdFi.Ods.Tests.EdFi.Ods.Common.Models.Domain.DomainModelBuilderTests+When_an_aggregate_is_built_with_missing_members.Should_throw_an_exception_with_a_message_identifying_the_missing_entity" methodname="Should_throw_an_exception_with_a_message_identifying_the_missing_entity" classname="EdFi.Ods.Tests.EdFi.Ods.Common.Models.Domain.DomainModelBuilderTests+When_an_aggregate_is_built_with_missing_members" runstate="Runnable" result="Passed" duration="0.000311" asserts="2" />
                    </test-suite>
                    <test-suite type="TestFixture" id="6-2777" name="DomainModelBuilderTests+When_an_association_is_added_for_which_the_source_entity_does_not_exist" fullname="EdFi.Ods.Tests.EdFi.Ods.Common.Models.Domain.DomainModelBuilderTests+When_an_association_is_added_for_which_the_source_entity_does_not_exist" classname="EdFi.Ods.Tests.EdFi.Ods.Common.Models.Domain.DomainModelBuilderTests+When_an_association_is_added_for_which_the_source_entity_does_not_exist" runstate="Runnable" testcasecount="1" result="Passed" duration="0.006194" total="1" passed="0" failed="0" inconclusive="0" skipped="0" asserts="0">
                      <test-case id="6-2778" name="Should_indicate_that_the_primary_entity_of_the_association_does_not_exist" fullname="EdFi.Ods.Tests.EdFi.Ods.Common.Models.Domain.DomainModelBuilderTests+When_an_association_is_added_for_which_the_source_entity_does_not_exist.Should_indicate_that_the_primary_entity_of_the_association_does_not_exist" methodname="Should_indicate_that_the_primary_entity_of_the_association_does_not_exist" classname="EdFi.Ods.Tests.EdFi.Ods.Common.Models.Domain.DomainModelBuilderTests+When_an_association_is_added_for_which_the_source_entity_does_not_exist" runstate="Runnable" result="Passed" duration="0.000258" asserts="3" />
                    </test-suite>
                    <test-suite type="TestFixture" id="6-2775" name="DomainModelBuilderTests+When_an_association_is_added_for_which_the_target_entity_does_not_exist" fullname="EdFi.Ods.Tests.EdFi.Ods.Common.Models.Domain.DomainModelBuilderTests+When_an_association_is_added_for_which_the_target_entity_does_not_exist" classname="EdFi.Ods.Tests.EdFi.Ods.Common.Models.Domain.DomainModelBuilderTests+When_an_association_is_added_for_which_the_target_entity_does_not_exist" runstate="Runnable" testcasecount="1" result="Passed" duration="0.004531" total="1" passed="0" failed="0" inconclusive="0" skipped="0" asserts="0">
                      <test-case id="6-2776" name="Should_indicate_that_the_secondary_entity_of_the_association_does_not_exist" fullname="EdFi.Ods.Tests.EdFi.Ods.Common.Models.Domain.DomainModelBuilderTests+When_an_association_is_added_for_which_the_target_entity_does_not_exist.Should_indicate_that_the_secondary_entity_of_the_association_does_not_exist" methodname="Should_indicate_that_the_secondary_entity_of_the_association_does_not_exist" classname="EdFi.Ods.Tests.EdFi.Ods.Common.Models.Domain.DomainModelBuilderTests+When_an_association_is_added_for_which_the_target_entity_does_not_exist" runstate="Runnable" result="Passed" duration="0.000316" asserts="3" />
                    </test-suite>
                    <test-suite type="TestFixture" id="6-2773" name="DomainModelBuilderTests+When_an_entity_is_added_but_is_not_part_of_any_aggregate" fullname="EdFi.Ods.Tests.EdFi.Ods.Common.Models.Domain.DomainModelBuilderTests+When_an_entity_is_added_but_is_not_part_of_any_aggregate" classname="EdFi.Ods.Tests.EdFi.Ods.Common.Models.Domain.DomainModelBuilderTests+When_an_entity_is_added_but_is_not_part_of_any_aggregate" runstate="Runnable" testcasecount="1" result="Passed" duration="0.004417" total="1" passed="0" failed="0" inconclusive="0" skipped="0" asserts="0">
                      <test-case id="6-2774" name="Should_indicate_that_the_entity_has_not_been_assigned_to_any_aggregate" fullname="EdFi.Ods.Tests.EdFi.Ods.Common.Models.Domain.DomainModelBuilderTests+When_an_entity_is_added_but_is_not_part_of_any_aggregate.Should_indicate_that_the_entity_has_not_been_assigned_to_any_aggregate" methodname="Should_indicate_that_the_entity_has_not_been_assigned_to_any_aggregate" classname="EdFi.Ods.Tests.EdFi.Ods.Common.Models.Domain.DomainModelBuilderTests+When_an_entity_is_added_but_is_not_part_of_any_aggregate" runstate="Runnable" result="Passed" duration="0.000207" asserts="2" />
                    </test-suite>
                    <test-suite type="TestFixture" id="6-2779" name="DomainModelBuilderTests+When_an_entity_is_added_with_auth_as_the_schema" fullname="EdFi.Ods.Tests.EdFi.Ods.Common.Models.Domain.DomainModelBuilderTests+When_an_entity_is_added_with_auth_as_the_schema" classname="EdFi.Ods.Tests.EdFi.Ods.Common.Models.Domain.DomainModelBuilderTests+When_an_entity_is_added_with_auth_as_the_schema" runstate="Runnable" testcasecount="1" result="Passed" duration="0.005835" total="1" passed="0" failed="0" inconclusive="0" skipped="0" asserts="0">
                      <test-case id="6-2780" name="Should_indicate_that_the_reserved_auth_schema_was_used_by_the_entity" fullname="EdFi.Ods.Tests.EdFi.Ods.Common.Models.Domain.DomainModelBuilderTests+When_an_entity_is_added_with_auth_as_the_schema.Should_indicate_that_the_reserved_auth_schema_was_used_by_the_entity" methodname="Should_indicate_that_the_reserved_auth_schema_was_used_by_the_entity" classname="EdFi.Ods.Tests.EdFi.Ods.Common.Models.Domain.DomainModelBuilderTests+When_an_entity_is_added_with_auth_as_the_schema" runstate="Runnable" result="Passed" duration="0.000334" asserts="1" />
                    </test-suite>
                    <test-suite type="TestFixture" id="6-2771" name="DomainModelBuilderTests+When_attempting_to_add_the_same_entity_to_multiple_aggregates" fullname="EdFi.Ods.Tests.EdFi.Ods.Common.Models.Domain.DomainModelBuilderTests+When_attempting_to_add_the_same_entity_to_multiple_aggregates" classname="EdFi.Ods.Tests.EdFi.Ods.Common.Models.Domain.DomainModelBuilderTests+When_attempting_to_add_the_same_entity_to_multiple_aggregates" runstate="Runnable" testcasecount="1" result="Passed" duration="0.002740" total="1" passed="0" failed="0" inconclusive="0" skipped="0" asserts="0">
                      <test-case id="6-2772" name="Should_indicate_that_the_entity_has_already_been_added" fullname="EdFi.Ods.Tests.EdFi.Ods.Common.Models.Domain.DomainModelBuilderTests+When_attempting_to_add_the_same_entity_to_multiple_aggregates.Should_indicate_that_the_entity_has_already_been_added" methodname="Should_indicate_that_the_entity_has_already_been_added" classname="EdFi.Ods.Tests.EdFi.Ods.Common.Models.Domain.DomainModelBuilderTests+When_attempting_to_add_the_same_entity_to_multiple_aggregates" runstate="Runnable" result="Passed" duration="0.000195" asserts="1" />
                    </test-suite>
                    <test-suite type="TestFixture" id="6-2783" name="DomainModelBuilderTests+When_the_domainModel_has_auth_as_schema_logicalName" fullname="EdFi.Ods.Tests.EdFi.Ods.Common.Models.Domain.DomainModelBuilderTests+When_the_domainModel_has_auth_as_schema_logicalName" classname="EdFi.Ods.Tests.EdFi.Ods.Common.Models.Domain.DomainModelBuilderTests+When_the_domainModel_has_auth_as_schema_logicalName" runstate="Runnable" testcasecount="1" result="Passed" duration="0.003063" total="1" passed="0" failed="0" inconclusive="0" skipped="0" asserts="0">
                      <test-case id="6-2784" name="Should_indicate_that_domainModel_schema_logicalName_is_auth" fullname="EdFi.Ods.Tests.EdFi.Ods.Common.Models.Domain.DomainModelBuilderTests+When_the_domainModel_has_auth_as_schema_logicalName.Should_indicate_that_domainModel_schema_logicalName_is_auth" methodname="Should_indicate_that_domainModel_schema_logicalName_is_auth" classname="EdFi.Ods.Tests.EdFi.Ods.Common.Models.Domain.DomainModelBuilderTests+When_the_domainModel_has_auth_as_schema_logicalName" runstate="Runnable" result="Passed" duration="0.000330" asserts="2" />
                    </test-suite>
                    <test-suite type="TestFixture" id="6-1743" name="DomainModelTests" fullname="EdFi.Ods.Tests.EdFi.Ods.Common.Models.Domain.DomainModelTests" classname="EdFi.Ods.Tests.EdFi.Ods.Common.Models.Domain.DomainModelTests" runstate="Runnable" testcasecount="0" result="Inconclusive" duration="0.000177" total="0" passed="0" failed="0" inconclusive="0" skipped="0" asserts="0" />
                    <test-suite type="TestFixture" id="6-2795" name="DomainModelTests+When_constructing_a_domain_model_with_aggregate_extensions_present" fullname="EdFi.Ods.Tests.EdFi.Ods.Common.Models.Domain.DomainModelTests+When_constructing_a_domain_model_with_aggregate_extensions_present" classname="EdFi.Ods.Tests.EdFi.Ods.Common.Models.Domain.DomainModelTests+When_constructing_a_domain_model_with_aggregate_extensions_present" runstate="Runnable" testcasecount="3" result="Passed" duration="0.015479" total="3" passed="0" failed="0" inconclusive="0" skipped="0" asserts="0">
                      <test-case id="6-2798" name="Resulting_model_should_contain_aggregate_extension_entities_as_members_of_edfi_aggregates" fullname="EdFi.Ods.Tests.EdFi.Ods.Common.Models.Domain.DomainModelTests+When_constructing_a_domain_model_with_aggregate_extensions_present.Resulting_model_should_contain_aggregate_extension_entities_as_members_of_edfi_aggregates" methodname="Resulting_model_should_contain_aggregate_extension_entities_as_members_of_edfi_aggregates" classname="EdFi.Ods.Tests.EdFi.Ods.Common.Models.Domain.DomainModelTests+When_constructing_a_domain_model_with_aggregate_extensions_present" runstate="Runnable" result="Passed" duration="0.002463" asserts="1" />
                      <test-case id="6-2797" name="Resulting_model_should_contain_aggregate_extension_entities_with_an_association_back_to_edfi_entity" fullname="EdFi.Ods.Tests.EdFi.Ods.Common.Models.Domain.DomainModelTests+When_constructing_a_domain_model_with_aggregate_extensions_present.Resulting_model_should_contain_aggregate_extension_entities_with_an_association_back_to_edfi_entity" methodname="Resulting_model_should_contain_aggregate_extension_entities_with_an_association_back_to_edfi_entity" classname="EdFi.Ods.Tests.EdFi.Ods.Common.Models.Domain.DomainModelTests+When_constructing_a_domain_model_with_aggregate_extensions_present" runstate="Runnable" result="Passed" duration="0.001952" asserts="1" />
                      <test-case id="6-2796" name="Resulting_model_should_contain_expected_aggregate_extension_entities" fullname="EdFi.Ods.Tests.EdFi.Ods.Common.Models.Domain.DomainModelTests+When_constructing_a_domain_model_with_aggregate_extensions_present.Resulting_model_should_contain_expected_aggregate_extension_entities" methodname="Resulting_model_should_contain_expected_aggregate_extension_entities" classname="EdFi.Ods.Tests.EdFi.Ods.Common.Models.Domain.DomainModelTests+When_constructing_a_domain_model_with_aggregate_extensions_present" runstate="Runnable" result="Passed" duration="0.005818" asserts="1" />
                    </test-suite>
                    <test-suite type="TestFixture" id="6-2785" name="DomainModelTests+When_constructing_a_DomainModel_with_definitions_arguments" fullname="EdFi.Ods.Tests.EdFi.Ods.Common.Models.Domain.DomainModelTests+When_constructing_a_DomainModel_with_definitions_arguments" classname="EdFi.Ods.Tests.EdFi.Ods.Common.Models.Domain.DomainModelTests+When_constructing_a_DomainModel_with_definitions_arguments" runstate="Runnable" testcasecount="9" result="Passed" duration="0.024048" total="9" passed="0" failed="0" inconclusive="0" skipped="0" asserts="0">
                      <test-case id="6-2793" name="Should_be_one_association" fullname="EdFi.Ods.Tests.EdFi.Ods.Common.Models.Domain.DomainModelTests+When_constructing_a_DomainModel_with_definitions_arguments.Should_be_one_association" methodname="Should_be_one_association" classname="EdFi.Ods.Tests.EdFi.Ods.Common.Models.Domain.DomainModelTests+When_constructing_a_DomainModel_with_definitions_arguments" runstate="Runnable" result="Passed" duration="0.001570" asserts="1" />
                      <test-case id="6-2791" name="Should_contain_1_schema" fullname="EdFi.Ods.Tests.EdFi.Ods.Common.Models.Domain.DomainModelTests+When_constructing_a_DomainModel_with_definitions_arguments.Should_contain_1_schema" methodname="Should_contain_1_schema" classname="EdFi.Ods.Tests.EdFi.Ods.Common.Models.Domain.DomainModelTests+When_constructing_a_DomainModel_with_definitions_arguments" runstate="Runnable" result="Passed" duration="0.000576" asserts="1" />
                      <test-case id="6-2788" name="Should_contain_4_entities" fullname="EdFi.Ods.Tests.EdFi.Ods.Common.Models.Domain.DomainModelTests+When_constructing_a_DomainModel_with_definitions_arguments.Should_contain_4_entities" methodname="Should_contain_4_entities" classname="EdFi.Ods.Tests.EdFi.Ods.Common.Models.Domain.DomainModelTests+When_constructing_a_DomainModel_with_definitions_arguments" runstate="Runnable" result="Passed" duration="0.003156" asserts="1" />
                      <test-case id="6-2786" name="Should_contain_one_aggregate" fullname="EdFi.Ods.Tests.EdFi.Ods.Common.Models.Domain.DomainModelTests+When_constructing_a_DomainModel_with_definitions_arguments.Should_contain_one_aggregate" methodname="Should_contain_one_aggregate" classname="EdFi.Ods.Tests.EdFi.Ods.Common.Models.Domain.DomainModelTests+When_constructing_a_DomainModel_with_definitions_arguments" runstate="Runnable" result="Passed" duration="0.000871" asserts="1" />
                      <test-case id="6-2792" name="Should_make_input_schema_value" fullname="EdFi.Ods.Tests.EdFi.Ods.Common.Models.Domain.DomainModelTests+When_constructing_a_DomainModel_with_definitions_arguments.Should_make_input_schema_value" methodname="Should_make_input_schema_value" classname="EdFi.Ods.Tests.EdFi.Ods.Common.Models.Domain.DomainModelTests+When_constructing_a_DomainModel_with_definitions_arguments" runstate="Runnable" result="Passed" duration="0.001070" asserts="2" />
                      <test-case id="6-2789" name="Should_match_elements_in_input_entity1" fullname="EdFi.Ods.Tests.EdFi.Ods.Common.Models.Domain.DomainModelTests+When_constructing_a_DomainModel_with_definitions_arguments.Should_match_elements_in_input_entity1" methodname="Should_match_elements_in_input_entity1" classname="EdFi.Ods.Tests.EdFi.Ods.Common.Models.Domain.DomainModelTests+When_constructing_a_DomainModel_with_definitions_arguments" runstate="Runnable" result="Passed" duration="0.001094" asserts="2" />
                      <test-case id="6-2790" name="Should_match_elements_in_input_entity2" fullname="EdFi.Ods.Tests.EdFi.Ods.Common.Models.Domain.DomainModelTests+When_constructing_a_DomainModel_with_definitions_arguments.Should_match_elements_in_input_entity2" methodname="Should_match_elements_in_input_entity2" classname="EdFi.Ods.Tests.EdFi.Ods.Common.Models.Domain.DomainModelTests+When_constructing_a_DomainModel_with_definitions_arguments" runstate="Runnable" result="Passed" duration="0.000909" asserts="2" />
                      <test-case id="6-2787" name="Should_match_elements_of_the_input_aggregate" fullname="EdFi.Ods.Tests.EdFi.Ods.Common.Models.Domain.DomainModelTests+When_constructing_a_DomainModel_with_definitions_arguments.Should_match_elements_of_the_input_aggregate" methodname="Should_match_elements_of_the_input_aggregate" classname="EdFi.Ods.Tests.EdFi.Ods.Common.Models.Domain.DomainModelTests+When_constructing_a_DomainModel_with_definitions_arguments" runstate="Runnable" result="Passed" duration="0.001757" asserts="2" />
                      <test-case id="6-2794" name="Should_match_input_association_elements" fullname="EdFi.Ods.Tests.EdFi.Ods.Common.Models.Domain.DomainModelTests+When_constructing_a_DomainModel_with_definitions_arguments.Should_match_input_association_elements" methodname="Should_match_input_association_elements" classname="EdFi.Ods.Tests.EdFi.Ods.Common.Models.Domain.DomainModelTests+When_constructing_a_DomainModel_with_definitions_arguments" runstate="Runnable" result="Passed" duration="0.002298" asserts="5" />
                    </test-suite>
                    <test-suite type="TestFixture" id="6-1763" name="When_a_domain_model_has_a_three_level_inheritance_hierarchy" fullname="EdFi.Ods.Tests.EdFi.Ods.Common.Models.Domain.When_a_domain_model_has_a_three_level_inheritance_hierarchy" classname="EdFi.Ods.Tests.EdFi.Ods.Common.Models.Domain.When_a_domain_model_has_a_three_level_inheritance_hierarchy" runstate="Runnable" testcasecount="11" result="Passed" duration="0.037182" total="11" passed="0" failed="0" inconclusive="0" skipped="0" asserts="0">
                      <test-case id="6-1765" name="Should_indicate_none_of_the_base_entitys_collections_are_inherited" fullname="EdFi.Ods.Tests.EdFi.Ods.Common.Models.Domain.When_a_domain_model_has_a_three_level_inheritance_hierarchy.Should_indicate_none_of_the_base_entitys_collections_are_inherited" methodname="Should_indicate_none_of_the_base_entitys_collections_are_inherited" classname="EdFi.Ods.Tests.EdFi.Ods.Common.Models.Domain.When_a_domain_model_has_a_three_level_inheritance_hierarchy" runstate="Runnable" result="Passed" duration="0.001083" asserts="1" />
                      <test-case id="6-1764" name="Should_indicate_none_of_the_base_entitys_properties_are_inherited" fullname="EdFi.Ods.Tests.EdFi.Ods.Common.Models.Domain.When_a_domain_model_has_a_three_level_inheritance_hierarchy.Should_indicate_none_of_the_base_entitys_properties_are_inherited" methodname="Should_indicate_none_of_the_base_entitys_properties_are_inherited" classname="EdFi.Ods.Tests.EdFi.Ods.Common.Models.Domain.When_a_domain_model_has_a_three_level_inheritance_hierarchy" runstate="Runnable" result="Passed" duration="0.001794" asserts="1" />
                      <test-case id="6-1771" name="Should_indicate_that_the_descendant_type_does_not_inherit_concrete_type_named_identifier_properties_from_the_middle_type" fullname="EdFi.Ods.Tests.EdFi.Ods.Common.Models.Domain.When_a_domain_model_has_a_three_level_inheritance_hierarchy.Should_indicate_that_the_descendant_type_does_not_inherit_concrete_type_named_identifier_properties_from_the_middle_type" methodname="Should_indicate_that_the_descendant_type_does_not_inherit_concrete_type_named_identifier_properties_from_the_middle_type" classname="EdFi.Ods.Tests.EdFi.Ods.Common.Models.Domain.When_a_domain_model_has_a_three_level_inheritance_hierarchy" runstate="Runnable" result="Passed" duration="0.002243" asserts="1" />
                      <test-case id="6-1770" name="Should_indicate_that_the_descendant_type_inherits_non_identifying_properties_from_both_the_middle_type_and_the_base_type" fullname="EdFi.Ods.Tests.EdFi.Ods.Common.Models.Domain.When_a_domain_model_has_a_three_level_inheritance_hierarchy.Should_indicate_that_the_descendant_type_inherits_non_identifying_properties_from_both_the_middle_type_and_the_base_type" methodname="Should_indicate_that_the_descendant_type_inherits_non_identifying_properties_from_both_the_middle_type_and_the_base_type" classname="EdFi.Ods.Tests.EdFi.Ods.Common.Models.Domain.When_a_domain_model_has_a_three_level_inheritance_hierarchy" runstate="Runnable" result="Passed" duration="0.002057" asserts="2" />
                      <test-case id="6-1772" name="Should_indicate_that_the_descendant_type_inherits_outgoing_associations_from_both_the_base_type_and_the_middle_type" fullname="EdFi.Ods.Tests.EdFi.Ods.Common.Models.Domain.When_a_domain_model_has_a_three_level_inheritance_hierarchy.Should_indicate_that_the_descendant_type_inherits_outgoing_associations_from_both_the_base_type_and_the_middle_type" methodname="Should_indicate_that_the_descendant_type_inherits_outgoing_associations_from_both_the_base_type_and_the_middle_type" classname="EdFi.Ods.Tests.EdFi.Ods.Common.Models.Domain.When_a_domain_model_has_a_three_level_inheritance_hierarchy" runstate="Runnable" result="Passed" duration="0.001956" asserts="2" />
                      <test-case id="6-1769" name="Should_indicate_that_the_descendant_type_inherits_properties_from_both_the_middle_type_and_the_base_type" fullname="EdFi.Ods.Tests.EdFi.Ods.Common.Models.Domain.When_a_domain_model_has_a_three_level_inheritance_hierarchy.Should_indicate_that_the_descendant_type_inherits_properties_from_both_the_middle_type_and_the_base_type" methodname="Should_indicate_that_the_descendant_type_inherits_properties_from_both_the_middle_type_and_the_base_type" classname="EdFi.Ods.Tests.EdFi.Ods.Common.Models.Domain.When_a_domain_model_has_a_three_level_inheritance_hierarchy" runstate="Runnable" result="Passed" duration="0.001555" asserts="2" />
                      <test-case id="6-1774" name="Should_indicate_that_the_inherited_properties_of_the_resource_based_on_the_descendant_type_are_all_inherited" fullname="EdFi.Ods.Tests.EdFi.Ods.Common.Models.Domain.When_a_domain_model_has_a_three_level_inheritance_hierarchy.Should_indicate_that_the_inherited_properties_of_the_resource_based_on_the_descendant_type_are_all_inherited" methodname="Should_indicate_that_the_inherited_properties_of_the_resource_based_on_the_descendant_type_are_all_inherited" classname="EdFi.Ods.Tests.EdFi.Ods.Common.Models.Domain.When_a_domain_model_has_a_three_level_inheritance_hierarchy" runstate="Runnable" result="Passed" duration="0.001508" asserts="1" />
                      <test-case id="6-1773" name="Should_indicate_that_the_local_properties_of_the_resource_based_on_the_descendant_type_are_not_inherited" fullname="EdFi.Ods.Tests.EdFi.Ods.Common.Models.Domain.When_a_domain_model_has_a_three_level_inheritance_hierarchy.Should_indicate_that_the_local_properties_of_the_resource_based_on_the_descendant_type_are_not_inherited" methodname="Should_indicate_that_the_local_properties_of_the_resource_based_on_the_descendant_type_are_not_inherited" classname="EdFi.Ods.Tests.EdFi.Ods.Common.Models.Domain.When_a_domain_model_has_a_three_level_inheritance_hierarchy" runstate="Runnable" result="Passed" duration="0.000923" asserts="1" />
                      <test-case id="6-1767" name="Should_indicate_that_the_middle_type_does_not_inherit_concrete_type_named_identifier_properties_from_the_base_type" fullname="EdFi.Ods.Tests.EdFi.Ods.Common.Models.Domain.When_a_domain_model_has_a_three_level_inheritance_hierarchy.Should_indicate_that_the_middle_type_does_not_inherit_concrete_type_named_identifier_properties_from_the_base_type" methodname="Should_indicate_that_the_middle_type_does_not_inherit_concrete_type_named_identifier_properties_from_the_base_type" classname="EdFi.Ods.Tests.EdFi.Ods.Common.Models.Domain.When_a_domain_model_has_a_three_level_inheritance_hierarchy" runstate="Runnable" result="Passed" duration="0.001363" asserts="1" />
                      <test-case id="6-1768" name="Should_indicate_that_the_middle_type_inherits_outgoing_associations_from_the_base_type" fullname="EdFi.Ods.Tests.EdFi.Ods.Common.Models.Domain.When_a_domain_model_has_a_three_level_inheritance_hierarchy.Should_indicate_that_the_middle_type_inherits_outgoing_associations_from_the_base_type" methodname="Should_indicate_that_the_middle_type_inherits_outgoing_associations_from_the_base_type" classname="EdFi.Ods.Tests.EdFi.Ods.Common.Models.Domain.When_a_domain_model_has_a_three_level_inheritance_hierarchy" runstate="Runnable" result="Passed" duration="0.001371" asserts="2" />
                      <test-case id="6-1766" name="Should_indicate_that_the_middle_type_inherits_properties_from_the_base_type" fullname="EdFi.Ods.Tests.EdFi.Ods.Common.Models.Domain.When_a_domain_model_has_a_three_level_inheritance_hierarchy.Should_indicate_that_the_middle_type_inherits_properties_from_the_base_type" methodname="Should_indicate_that_the_middle_type_inherits_properties_from_the_base_type" classname="EdFi.Ods.Tests.EdFi.Ods.Common.Models.Domain.When_a_domain_model_has_a_three_level_inheritance_hierarchy" runstate="Runnable" result="Passed" duration="0.001355" asserts="2" />
                    </test-suite>
                    <test-suite type="TestFixture" id="6-1775" name="When_a_domain_model_has_aggregate_extensions" fullname="EdFi.Ods.Tests.EdFi.Ods.Common.Models.Domain.When_a_domain_model_has_aggregate_extensions" classname="EdFi.Ods.Tests.EdFi.Ods.Common.Models.Domain.When_a_domain_model_has_aggregate_extensions" runstate="Runnable" testcasecount="4" result="Passed" duration="0.013630" total="4" passed="0" failed="0" inconclusive="0" skipped="0" asserts="0">
                      <test-case id="6-1776" name="Should_have_aggregate_member_for_implicit_extension_collection" fullname="EdFi.Ods.Tests.EdFi.Ods.Common.Models.Domain.When_a_domain_model_has_aggregate_extensions.Should_have_aggregate_member_for_implicit_extension_collection" methodname="Should_have_aggregate_member_for_implicit_extension_collection" classname="EdFi.Ods.Tests.EdFi.Ods.Common.Models.Domain.When_a_domain_model_has_aggregate_extensions" runstate="Runnable" result="Passed" duration="0.001130" asserts="1" />
                      <test-case id="6-1778" name="Should_have_aggregate_member_for_implicit_extension_embedded_object" fullname="EdFi.Ods.Tests.EdFi.Ods.Common.Models.Domain.When_a_domain_model_has_aggregate_extensions.Should_have_aggregate_member_for_implicit_extension_embedded_object" methodname="Should_have_aggregate_member_for_implicit_extension_embedded_object" classname="EdFi.Ods.Tests.EdFi.Ods.Common.Models.Domain.When_a_domain_model_has_aggregate_extensions" runstate="Runnable" result="Passed" duration="0.000821" asserts="1" />
                      <test-case id="6-1777" name="Should_have_cardinality_of_OneToZeroOrMore_for_implicit_extension_collection" fullname="EdFi.Ods.Tests.EdFi.Ods.Common.Models.Domain.When_a_domain_model_has_aggregate_extensions.Should_have_cardinality_of_OneToZeroOrMore_for_implicit_extension_collection" methodname="Should_have_cardinality_of_OneToZeroOrMore_for_implicit_extension_collection" classname="EdFi.Ods.Tests.EdFi.Ods.Common.Models.Domain.When_a_domain_model_has_aggregate_extensions" runstate="Runnable" result="Passed" duration="0.000905" asserts="1" />
                      <test-case id="6-1779" name="Should_have_cardinality_of_OneToZeroOrMore_for_implicit_extension_embedded_object" fullname="EdFi.Ods.Tests.EdFi.Ods.Common.Models.Domain.When_a_domain_model_has_aggregate_extensions.Should_have_cardinality_of_OneToZeroOrMore_for_implicit_extension_embedded_object" methodname="Should_have_cardinality_of_OneToZeroOrMore_for_implicit_extension_embedded_object" classname="EdFi.Ods.Tests.EdFi.Ods.Common.Models.Domain.When_a_domain_model_has_aggregate_extensions" runstate="Runnable" result="Passed" duration="0.000885" asserts="1" />
                    </test-suite>
                    <test-suite type="TestFixture" id="6-1744" name="When_adding_a_unifying_association_to_an_entity_before_the_parent_association" fullname="EdFi.Ods.Tests.EdFi.Ods.Common.Models.Domain.When_adding_a_unifying_association_to_an_entity_before_the_parent_association" classname="EdFi.Ods.Tests.EdFi.Ods.Common.Models.Domain.When_adding_a_unifying_association_to_an_entity_before_the_parent_association" runstate="Runnable" testcasecount="7" result="Passed" duration="0.024156" total="7" passed="0" failed="0" inconclusive="0" skipped="0" asserts="0">
                      <test-case id="6-1751" name="Should_indicate_all_properties_found_on_the_child_entity_belong_to_that_entity" fullname="EdFi.Ods.Tests.EdFi.Ods.Common.Models.Domain.When_adding_a_unifying_association_to_an_entity_before_the_parent_association.Should_indicate_all_properties_found_on_the_child_entity_belong_to_that_entity" methodname="Should_indicate_all_properties_found_on_the_child_entity_belong_to_that_entity" classname="EdFi.Ods.Tests.EdFi.Ods.Common.Models.Domain.When_adding_a_unifying_association_to_an_entity_before_the_parent_association" runstate="Runnable" result="Passed" duration="0.000680" asserts="1" />
                      <test-case id="6-1747" name="Should_indicate_all_properties_related_to_the_parent_association_and_its_property_mappings_indicate_they_are_from_the_parent" fullname="EdFi.Ods.Tests.EdFi.Ods.Common.Models.Domain.When_adding_a_unifying_association_to_an_entity_before_the_parent_association.Should_indicate_all_properties_related_to_the_parent_association_and_its_property_mappings_indicate_they_are_from_the_parent" methodname="Should_indicate_all_properties_related_to_the_parent_association_and_its_property_mappings_indicate_they_are_from_the_parent" classname="EdFi.Ods.Tests.EdFi.Ods.Common.Models.Domain.When_adding_a_unifying_association_to_an_entity_before_the_parent_association" runstate="Runnable" result="Passed" duration="0.001856" asserts="5" />
                      <test-case id="6-1745" name="Should_indicate_that_all_child_properties_received_from_the_parent_are_from_the_parent" fullname="EdFi.Ods.Tests.EdFi.Ods.Common.Models.Domain.When_adding_a_unifying_association_to_an_entity_before_the_parent_association.Should_indicate_that_all_child_properties_received_from_the_parent_are_from_the_parent" methodname="Should_indicate_that_all_child_properties_received_from_the_parent_are_from_the_parent" classname="EdFi.Ods.Tests.EdFi.Ods.Common.Models.Domain.When_adding_a_unifying_association_to_an_entity_before_the_parent_association" runstate="Runnable" result="Passed" duration="0.001436" asserts="4" />
                      <test-case id="6-1746" name="Should_indicate_that_all_non_unified_child_properties_received_from_the_unifying_association_are_NOT_from_the_parent" fullname="EdFi.Ods.Tests.EdFi.Ods.Common.Models.Domain.When_adding_a_unifying_association_to_an_entity_before_the_parent_association.Should_indicate_that_all_non_unified_child_properties_received_from_the_unifying_association_are_NOT_from_the_parent" methodname="Should_indicate_that_all_non_unified_child_properties_received_from_the_unifying_association_are_NOT_from_the_parent" classname="EdFi.Ods.Tests.EdFi.Ods.Common.Models.Domain.When_adding_a_unifying_association_to_an_entity_before_the_parent_association" runstate="Runnable" result="Passed" duration="0.000745" asserts="2" />
                      <test-case id="6-1748" name="Should_indicate_that_all_secondary_properties_on_the_parent_association_are_from_the_parent" fullname="EdFi.Ods.Tests.EdFi.Ods.Common.Models.Domain.When_adding_a_unifying_association_to_an_entity_before_the_parent_association.Should_indicate_that_all_secondary_properties_on_the_parent_association_are_from_the_parent" methodname="Should_indicate_that_all_secondary_properties_on_the_parent_association_are_from_the_parent" classname="EdFi.Ods.Tests.EdFi.Ods.Common.Models.Domain.When_adding_a_unifying_association_to_an_entity_before_the_parent_association" runstate="Runnable" result="Passed" duration="0.000859" asserts="3" />
                      <test-case id="6-1750" name="Should_indicate_that_NON_UNIFIED_properties_of_incoming_non_parent_association_is_NOT_from_parent" fullname="EdFi.Ods.Tests.EdFi.Ods.Common.Models.Domain.When_adding_a_unifying_association_to_an_entity_before_the_parent_association.Should_indicate_that_NON_UNIFIED_properties_of_incoming_non_parent_association_is_NOT_from_parent" methodname="Should_indicate_that_NON_UNIFIED_properties_of_incoming_non_parent_association_is_NOT_from_parent" classname="EdFi.Ods.Tests.EdFi.Ods.Common.Models.Domain.When_adding_a_unifying_association_to_an_entity_before_the_parent_association" runstate="Runnable" result="Passed" duration="0.000782" asserts="2" />
                      <test-case id="6-1749" name="Should_indicate_that_unified_properties_of_incoming_non_parent_association_is_from_parent" fullname="EdFi.Ods.Tests.EdFi.Ods.Common.Models.Domain.When_adding_a_unifying_association_to_an_entity_before_the_parent_association.Should_indicate_that_unified_properties_of_incoming_non_parent_association_is_from_parent" methodname="Should_indicate_that_unified_properties_of_incoming_non_parent_association_is_from_parent" classname="EdFi.Ods.Tests.EdFi.Ods.Common.Models.Domain.When_adding_a_unifying_association_to_an_entity_before_the_parent_association" runstate="Runnable" result="Passed" duration="0.004501" asserts="2" />
                    </test-suite>
                    <test-suite type="TestFixture" id="6-1739" name="When_building_a_model_with_associations" fullname="EdFi.Ods.Tests.EdFi.Ods.Common.Models.Domain.When_building_a_model_with_associations" classname="EdFi.Ods.Tests.EdFi.Ods.Common.Models.Domain.When_building_a_model_with_associations" runstate="Runnable" testcasecount="1" result="Passed" duration="0.006003" total="1" passed="0" failed="0" inconclusive="0" skipped="0" asserts="0">
                      <test-case id="6-1740" name="Should_assign_entity_references_to_all_primary_and_secondary_properties" fullname="EdFi.Ods.Tests.EdFi.Ods.Common.Models.Domain.When_building_a_model_with_associations.Should_assign_entity_references_to_all_primary_and_secondary_properties" methodname="Should_assign_entity_references_to_all_primary_and_secondary_properties" classname="EdFi.Ods.Tests.EdFi.Ods.Common.Models.Domain.When_building_a_model_with_associations" runstate="Runnable" result="Passed" duration="0.001114" asserts="2" />
                    </test-suite>
                    <test-suite type="TestFixture" id="6-1752" name="When_comparing_FQNs_with_different_casing" fullname="EdFi.Ods.Tests.EdFi.Ods.Common.Models.Domain.When_comparing_FQNs_with_different_casing" classname="EdFi.Ods.Tests.EdFi.Ods.Common.Models.Domain.When_comparing_FQNs_with_different_casing" runstate="Runnable" testcasecount="4" result="Passed" duration="0.004018" total="4" passed="0" failed="0" inconclusive="0" skipped="0" asserts="0">
                      <test-case id="6-1753" name="Should_indicate_they_are_equal_using_the_Equals_method" fullname="EdFi.Ods.Tests.EdFi.Ods.Common.Models.Domain.When_comparing_FQNs_with_different_casing.Should_indicate_they_are_equal_using_the_Equals_method" methodname="Should_indicate_they_are_equal_using_the_Equals_method" classname="EdFi.Ods.Tests.EdFi.Ods.Common.Models.Domain.When_comparing_FQNs_with_different_casing" runstate="Runnable" result="Passed" duration="0.000352" asserts="1" />
                      <test-case id="6-1755" name="Should_indicate_they_are_NOT_the_same_using_inequality_operator" fullname="EdFi.Ods.Tests.EdFi.Ods.Common.Models.Domain.When_comparing_FQNs_with_different_casing.Should_indicate_they_are_NOT_the_same_using_inequality_operator" methodname="Should_indicate_they_are_NOT_the_same_using_inequality_operator" classname="EdFi.Ods.Tests.EdFi.Ods.Common.Models.Domain.When_comparing_FQNs_with_different_casing" runstate="Runnable" result="Passed" duration="0.000337" asserts="1" />
                      <test-case id="6-1754" name="Should_indicate_they_are_the_same_using_equality_operator" fullname="EdFi.Ods.Tests.EdFi.Ods.Common.Models.Domain.When_comparing_FQNs_with_different_casing.Should_indicate_they_are_the_same_using_equality_operator" methodname="Should_indicate_they_are_the_same_using_equality_operator" classname="EdFi.Ods.Tests.EdFi.Ods.Common.Models.Domain.When_comparing_FQNs_with_different_casing" runstate="Runnable" result="Passed" duration="0.000318" asserts="1" />
                      <test-case id="6-1756" name="Should_return_the_same_GetHashCode_result" fullname="EdFi.Ods.Tests.EdFi.Ods.Common.Models.Domain.When_comparing_FQNs_with_different_casing.Should_return_the_same_GetHashCode_result" methodname="Should_return_the_same_GetHashCode_result" classname="EdFi.Ods.Tests.EdFi.Ods.Common.Models.Domain.When_comparing_FQNs_with_different_casing" runstate="Runnable" result="Passed" duration="0.000450" asserts="1" />
                    </test-suite>
                    <test-suite type="TestFixture" id="6-1757" name="When_constructing_an_entity_with_a_single_PK_property_and_a_single_AK_property" fullname="EdFi.Ods.Tests.EdFi.Ods.Common.Models.Domain.When_constructing_an_entity_with_a_single_PK_property_and_a_single_AK_property" classname="EdFi.Ods.Tests.EdFi.Ods.Common.Models.Domain.When_constructing_an_entity_with_a_single_PK_property_and_a_single_AK_property" runstate="Runnable" testcasecount="2" result="Passed" duration="0.007383" total="2" passed="0" failed="0" inconclusive="0" skipped="0" asserts="0">
                      <test-case id="6-1759" name="Should_create_the_alternate_identifier_with_the_AK_properties" fullname="EdFi.Ods.Tests.EdFi.Ods.Common.Models.Domain.When_constructing_an_entity_with_a_single_PK_property_and_a_single_AK_property.Should_create_the_alternate_identifier_with_the_AK_properties" methodname="Should_create_the_alternate_identifier_with_the_AK_properties" classname="EdFi.Ods.Tests.EdFi.Ods.Common.Models.Domain.When_constructing_an_entity_with_a_single_PK_property_and_a_single_AK_property" runstate="Runnable" result="Passed" duration="0.001646" asserts="2" />
                      <test-case id="6-1758" name="Should_create_the_primary_identifier_with_the_PK_properties" fullname="EdFi.Ods.Tests.EdFi.Ods.Common.Models.Domain.When_constructing_an_entity_with_a_single_PK_property_and_a_single_AK_property.Should_create_the_primary_identifier_with_the_PK_properties" methodname="Should_create_the_primary_identifier_with_the_PK_properties" classname="EdFi.Ods.Tests.EdFi.Ods.Common.Models.Domain.When_constructing_an_entity_with_a_single_PK_property_and_a_single_AK_property" runstate="Runnable" result="Passed" duration="0.000667" asserts="2" />
                    </test-suite>
                    <test-suite type="TestFixture" id="6-1760" name="When_constructing_an_entity_with_multiple_PK_properties_and_multiple_AKs_with_multiple_properties" fullname="EdFi.Ods.Tests.EdFi.Ods.Common.Models.Domain.When_constructing_an_entity_with_multiple_PK_properties_and_multiple_AKs_with_multiple_properties" classname="EdFi.Ods.Tests.EdFi.Ods.Common.Models.Domain.When_constructing_an_entity_with_multiple_PK_properties_and_multiple_AKs_with_multiple_properties" runstate="Runnable" testcasecount="2" result="Passed" duration="0.009757" total="2" passed="0" failed="0" inconclusive="0" skipped="0" asserts="0">
                      <test-case id="6-1762" name="Should_create_the_alternate_identifiers_with_the_AK_properties_in_order" fullname="EdFi.Ods.Tests.EdFi.Ods.Common.Models.Domain.When_constructing_an_entity_with_multiple_PK_properties_and_multiple_AKs_with_multiple_properties.Should_create_the_alternate_identifiers_with_the_AK_properties_in_order" methodname="Should_create_the_alternate_identifiers_with_the_AK_properties_in_order" classname="EdFi.Ods.Tests.EdFi.Ods.Common.Models.Domain.When_constructing_an_entity_with_multiple_PK_properties_and_multiple_AKs_with_multiple_properties" runstate="Runnable" result="Passed" duration="0.001578" asserts="3" />
                      <test-case id="6-1761" name="Should_create_the_primary_identifier_with_the_PK_properties_in_order" fullname="EdFi.Ods.Tests.EdFi.Ods.Common.Models.Domain.When_constructing_an_entity_with_multiple_PK_properties_and_multiple_AKs_with_multiple_properties.Should_create_the_primary_identifier_with_the_PK_properties_in_order" methodname="Should_create_the_primary_identifier_with_the_PK_properties_in_order" classname="EdFi.Ods.Tests.EdFi.Ods.Common.Models.Domain.When_constructing_an_entity_with_multiple_PK_properties_and_multiple_AKs_with_multiple_properties" runstate="Runnable" result="Passed" duration="0.000783" asserts="2" />
                    </test-suite>
                    <test-suite type="TestFixture" id="6-1737" name="When_requesting_the_AggregateRoot_entity" fullname="EdFi.Ods.Tests.EdFi.Ods.Common.Models.Domain.When_requesting_the_AggregateRoot_entity" classname="EdFi.Ods.Tests.EdFi.Ods.Common.Models.Domain.When_requesting_the_AggregateRoot_entity" runstate="Runnable" testcasecount="1" result="Passed" duration="0.004603" total="1" passed="0" failed="0" inconclusive="0" skipped="0" asserts="0">
                      <test-case id="6-1738" name="Should_return_the_aggregate_root_entity_as_the_AggregateRoot" fullname="EdFi.Ods.Tests.EdFi.Ods.Common.Models.Domain.When_requesting_the_AggregateRoot_entity.Should_return_the_aggregate_root_entity_as_the_AggregateRoot" methodname="Should_return_the_aggregate_root_entity_as_the_AggregateRoot" classname="EdFi.Ods.Tests.EdFi.Ods.Common.Models.Domain.When_requesting_the_AggregateRoot_entity" runstate="Runnable" result="Passed" duration="0.000775" asserts="1" />
                    </test-suite>
                  </test-suite>
                  <test-suite type="Namespace" id="6-3349" name="Graphs" fullname="EdFi.Ods.Tests.EdFi.Ods.Common.Models.Graphs" runstate="Runnable" testcasecount="8" result="Passed" duration="0.053679" total="8" passed="0" failed="0" inconclusive="0" skipped="0" asserts="0">
                    <test-suite type="TestFixture" id="6-1727" name="When_creating_a_graph_based_on_a_DomainModel" fullname="EdFi.Ods.Tests.EdFi.Ods.Common.Models.Graphs.When_creating_a_graph_based_on_a_DomainModel" classname="EdFi.Ods.Tests.EdFi.Ods.Common.Models.Graphs.When_creating_a_graph_based_on_a_DomainModel" runstate="Runnable" testcasecount="2" result="Passed" duration="0.036539" total="2" passed="0" failed="0" inconclusive="0" skipped="0" asserts="0">
                      <test-case id="6-1729" name="Should_add_all_associations_to_the_graph_as_edges" fullname="EdFi.Ods.Tests.EdFi.Ods.Common.Models.Graphs.When_creating_a_graph_based_on_a_DomainModel.Should_add_all_associations_to_the_graph_as_edges" methodname="Should_add_all_associations_to_the_graph_as_edges" classname="EdFi.Ods.Tests.EdFi.Ods.Common.Models.Graphs.When_creating_a_graph_based_on_a_DomainModel" runstate="Runnable" result="Passed" duration="0.007663" asserts="11" />
                      <test-case id="6-1728" name="Should_add_all_entities_to_the_graph_as_vertices" fullname="EdFi.Ods.Tests.EdFi.Ods.Common.Models.Graphs.When_creating_a_graph_based_on_a_DomainModel.Should_add_all_entities_to_the_graph_as_vertices" methodname="Should_add_all_entities_to_the_graph_as_vertices" classname="EdFi.Ods.Tests.EdFi.Ods.Common.Models.Graphs.When_creating_a_graph_based_on_a_DomainModel" runstate="Runnable" result="Passed" duration="0.003598" asserts="11" />
                    </test-suite>
                    <test-suite type="TestFixture" id="6-1730" name="When_creating_an_aggregate_graph_based_on_a_DomainModel" fullname="EdFi.Ods.Tests.EdFi.Ods.Common.Models.Graphs.When_creating_an_aggregate_graph_based_on_a_DomainModel" classname="EdFi.Ods.Tests.EdFi.Ods.Common.Models.Graphs.When_creating_an_aggregate_graph_based_on_a_DomainModel" runstate="Runnable" testcasecount="6" result="Passed" duration="0.015627" total="6" passed="0" failed="0" inconclusive="0" skipped="0" asserts="0">
                      <test-case id="6-1732" name="Should_add_all_associations_within_aggregates_to_the_graph_as_edges" fullname="EdFi.Ods.Tests.EdFi.Ods.Common.Models.Graphs.When_creating_an_aggregate_graph_based_on_a_DomainModel.Should_add_all_associations_within_aggregates_to_the_graph_as_edges" methodname="Should_add_all_associations_within_aggregates_to_the_graph_as_edges" classname="EdFi.Ods.Tests.EdFi.Ods.Common.Models.Graphs.When_creating_an_aggregate_graph_based_on_a_DomainModel" runstate="Runnable" result="Passed" duration="0.002769" asserts="7" />
                      <test-case id="6-1731" name="Should_add_all_entities_to_the_graph_as_vertices" fullname="EdFi.Ods.Tests.EdFi.Ods.Common.Models.Graphs.When_creating_an_aggregate_graph_based_on_a_DomainModel.Should_add_all_entities_to_the_graph_as_vertices" methodname="Should_add_all_entities_to_the_graph_as_vertices" classname="EdFi.Ods.Tests.EdFi.Ods.Common.Models.Graphs.When_creating_an_aggregate_graph_based_on_a_DomainModel" runstate="Runnable" result="Passed" duration="0.002536" asserts="11" />
                      <test-case id="6-1733" name="Should_add_all_incoming_associations_between_aggregates_to_the_graph_as_edges_with_the_aggregate_root_and_not_the_child" fullname="EdFi.Ods.Tests.EdFi.Ods.Common.Models.Graphs.When_creating_an_aggregate_graph_based_on_a_DomainModel.Should_add_all_incoming_associations_between_aggregates_to_the_graph_as_edges_with_the_aggregate_root_and_not_the_child" methodname="Should_add_all_incoming_associations_between_aggregates_to_the_graph_as_edges_with_the_aggregate_root_and_not_the_child" classname="EdFi.Ods.Tests.EdFi.Ods.Common.Models.Graphs.When_creating_an_aggregate_graph_based_on_a_DomainModel" runstate="Runnable" result="Passed" duration="0.001124" asserts="2" />
                      <test-case id="6-1734" name="Should_include_all_inheritance_associations_from_abstract_base_entities" fullname="EdFi.Ods.Tests.EdFi.Ods.Common.Models.Graphs.When_creating_an_aggregate_graph_based_on_a_DomainModel.Should_include_all_inheritance_associations_from_abstract_base_entities" methodname="Should_include_all_inheritance_associations_from_abstract_base_entities" classname="EdFi.Ods.Tests.EdFi.Ods.Common.Models.Graphs.When_creating_an_aggregate_graph_based_on_a_DomainModel" runstate="Runnable" result="Passed" duration="0.000488" asserts="1" />
                      <test-case id="6-1735" name="Should_retain_all_inheritance_associations_from_concrete_base_entities" fullname="EdFi.Ods.Tests.EdFi.Ods.Common.Models.Graphs.When_creating_an_aggregate_graph_based_on_a_DomainModel.Should_retain_all_inheritance_associations_from_concrete_base_entities" methodname="Should_retain_all_inheritance_associations_from_concrete_base_entities" classname="EdFi.Ods.Tests.EdFi.Ods.Common.Models.Graphs.When_creating_an_aggregate_graph_based_on_a_DomainModel" runstate="Runnable" result="Passed" duration="0.000507" asserts="1" />
                      <test-case id="6-1736" name="Should_retain_all_self_recursive_associations" fullname="EdFi.Ods.Tests.EdFi.Ods.Common.Models.Graphs.When_creating_an_aggregate_graph_based_on_a_DomainModel.Should_retain_all_self_recursive_associations" methodname="Should_retain_all_self_recursive_associations" classname="EdFi.Ods.Tests.EdFi.Ods.Common.Models.Graphs.When_creating_an_aggregate_graph_based_on_a_DomainModel" runstate="Runnable" result="Passed" duration="0.000508" asserts="1" />
                    </test-suite>
                  </test-suite>
                  <test-suite type="Namespace" id="6-3351" name="Resource" fullname="EdFi.Ods.Tests.EdFi.Ods.Common.Models.Resource" runstate="Runnable" testcasecount="129" result="Passed" duration="0.573664" total="129" passed="0" failed="0" inconclusive="0" skipped="0" asserts="0">
                    <test-suite type="TestFixture" id="6-1781" name="CollectionTests" fullname="EdFi.Ods.Tests.EdFi.Ods.Common.Models.Resource.CollectionTests" classname="EdFi.Ods.Tests.EdFi.Ods.Common.Models.Resource.CollectionTests" runstate="Runnable" testcasecount="0" result="Inconclusive" duration="0.000165" total="0" passed="0" failed="0" inconclusive="0" skipped="0" asserts="0" />
                    <test-suite type="TestFixture" id="6-2811" name="CollectionTests+When_getting_ParentFullName_with_different_schemas" fullname="EdFi.Ods.Tests.EdFi.Ods.Common.Models.Resource.CollectionTests+When_getting_ParentFullName_with_different_schemas" classname="EdFi.Ods.Tests.EdFi.Ods.Common.Models.Resource.CollectionTests+When_getting_ParentFullName_with_different_schemas" runstate="Runnable" testcasecount="1" result="Passed" duration="0.003674" total="1" passed="0" failed="0" inconclusive="0" skipped="0" asserts="0">
                      <test-case id="6-2812" name="Should_return_correct_FullName" fullname="EdFi.Ods.Tests.EdFi.Ods.Common.Models.Resource.CollectionTests+When_getting_ParentFullName_with_different_schemas.Should_return_correct_FullName" methodname="Should_return_correct_FullName" classname="EdFi.Ods.Tests.EdFi.Ods.Common.Models.Resource.CollectionTests+When_getting_ParentFullName_with_different_schemas" runstate="Runnable" result="Passed" duration="0.000441" asserts="1" />
                    </test-suite>
                    <test-suite type="TestFixture" id="6-2809" name="CollectionTests+When_getting_ParentFullName_with_matching_schemas" fullname="EdFi.Ods.Tests.EdFi.Ods.Common.Models.Resource.CollectionTests+When_getting_ParentFullName_with_matching_schemas" classname="EdFi.Ods.Tests.EdFi.Ods.Common.Models.Resource.CollectionTests+When_getting_ParentFullName_with_matching_schemas" runstate="Runnable" testcasecount="1" result="Passed" duration="0.003107" total="1" passed="0" failed="0" inconclusive="0" skipped="0" asserts="0">
                      <test-case id="6-2810" name="Should_return_correct_FullName" fullname="EdFi.Ods.Tests.EdFi.Ods.Common.Models.Resource.CollectionTests+When_getting_ParentFullName_with_matching_schemas.Should_return_correct_FullName" methodname="Should_return_correct_FullName" classname="EdFi.Ods.Tests.EdFi.Ods.Common.Models.Resource.CollectionTests+When_getting_ParentFullName_with_matching_schemas" runstate="Runnable" result="Passed" duration="0.000301" asserts="1" />
                    </test-suite>
                    <test-suite type="TestFixture" id="6-1780" name="EmbeddedObjectTests" fullname="EdFi.Ods.Tests.EdFi.Ods.Common.Models.Resource.EmbeddedObjectTests" classname="EdFi.Ods.Tests.EdFi.Ods.Common.Models.Resource.EmbeddedObjectTests" runstate="Runnable" testcasecount="0" result="Inconclusive" duration="0.000134" total="0" passed="0" failed="0" inconclusive="0" skipped="0" asserts="0" />
                    <test-suite type="TestFixture" id="6-2801" name="EmbeddedObjectTests+When_getting_a_composites_embedded_object_parent_full_name" fullname="EdFi.Ods.Tests.EdFi.Ods.Common.Models.Resource.EmbeddedObjectTests+When_getting_a_composites_embedded_object_parent_full_name" classname="EdFi.Ods.Tests.EdFi.Ods.Common.Models.Resource.EmbeddedObjectTests+When_getting_a_composites_embedded_object_parent_full_name" runstate="Runnable" testcasecount="1" result="Passed" duration="0.024126" total="1" passed="0" failed="0" inconclusive="0" skipped="0" asserts="0">
                      <test-case id="6-2802" name="Should_return_expected_parent_full_name" fullname="EdFi.Ods.Tests.EdFi.Ods.Common.Models.Resource.EmbeddedObjectTests+When_getting_a_composites_embedded_object_parent_full_name.Should_return_expected_parent_full_name" methodname="Should_return_expected_parent_full_name" classname="EdFi.Ods.Tests.EdFi.Ods.Common.Models.Resource.EmbeddedObjectTests+When_getting_a_composites_embedded_object_parent_full_name" runstate="Runnable" result="Passed" duration="0.000406" asserts="1" />
                    </test-suite>
                    <test-suite type="TestFixture" id="6-2799" name="EmbeddedObjectTests+When_getting_a_core_embedded_object_parent_full_name" fullname="EdFi.Ods.Tests.EdFi.Ods.Common.Models.Resource.EmbeddedObjectTests+When_getting_a_core_embedded_object_parent_full_name" classname="EdFi.Ods.Tests.EdFi.Ods.Common.Models.Resource.EmbeddedObjectTests+When_getting_a_core_embedded_object_parent_full_name" runstate="Runnable" testcasecount="1" result="Passed" duration="0.002121" total="1" passed="0" failed="0" inconclusive="0" skipped="0" asserts="0">
                      <test-case id="6-2800" name="Should_return_expected_parent_full_name" fullname="EdFi.Ods.Tests.EdFi.Ods.Common.Models.Resource.EmbeddedObjectTests+When_getting_a_core_embedded_object_parent_full_name.Should_return_expected_parent_full_name" methodname="Should_return_expected_parent_full_name" classname="EdFi.Ods.Tests.EdFi.Ods.Common.Models.Resource.EmbeddedObjectTests+When_getting_a_core_embedded_object_parent_full_name" runstate="Runnable" result="Passed" duration="0.000403" asserts="1" />
                    </test-suite>
                    <test-suite type="TestFixture" id="6-2819" name="ExcludeOnlyMemberFilterTests+When_filtering_ExcludeOnlyMemberFilter_and_extensions_are_found" fullname="EdFi.Ods.Tests.EdFi.Ods.Common.Models.Resource.ExcludeOnlyMemberFilterTests+When_filtering_ExcludeOnlyMemberFilter_and_extensions_are_found" classname="EdFi.Ods.Tests.EdFi.Ods.Common.Models.Resource.ExcludeOnlyMemberFilterTests+When_filtering_ExcludeOnlyMemberFilter_and_extensions_are_found" runstate="Runnable" testcasecount="1" result="Passed" duration="0.001286" total="1" passed="0" failed="0" inconclusive="0" skipped="0" asserts="0">
                      <test-case id="6-2820" name="Assert_that_member_should_be_included" fullname="EdFi.Ods.Tests.EdFi.Ods.Common.Models.Resource.ExcludeOnlyMemberFilterTests+When_filtering_ExcludeOnlyMemberFilter_and_extensions_are_found.Assert_that_member_should_be_included" methodname="Assert_that_member_should_be_included" classname="EdFi.Ods.Tests.EdFi.Ods.Common.Models.Resource.ExcludeOnlyMemberFilterTests+When_filtering_ExcludeOnlyMemberFilter_and_extensions_are_found" runstate="Runnable" result="Passed" duration="0.000270" asserts="1" />
                    </test-suite>
                    <test-suite type="TestFixture" id="6-2821" name="ExcludeOnlyMemberFilterTests+When_filtering_ExcludeOnlyMemberFilter_and_extensions_are_not_found" fullname="EdFi.Ods.Tests.EdFi.Ods.Common.Models.Resource.ExcludeOnlyMemberFilterTests+When_filtering_ExcludeOnlyMemberFilter_and_extensions_are_not_found" classname="EdFi.Ods.Tests.EdFi.Ods.Common.Models.Resource.ExcludeOnlyMemberFilterTests+When_filtering_ExcludeOnlyMemberFilter_and_extensions_are_not_found" runstate="Runnable" testcasecount="1" result="Passed" duration="0.000946" total="1" passed="0" failed="0" inconclusive="0" skipped="0" asserts="0">
                      <test-case id="6-2822" name="Assert_that_member_should_not_be_included" fullname="EdFi.Ods.Tests.EdFi.Ods.Common.Models.Resource.ExcludeOnlyMemberFilterTests+When_filtering_ExcludeOnlyMemberFilter_and_extensions_are_not_found.Assert_that_member_should_not_be_included" methodname="Assert_that_member_should_not_be_included" classname="EdFi.Ods.Tests.EdFi.Ods.Common.Models.Resource.ExcludeOnlyMemberFilterTests+When_filtering_ExcludeOnlyMemberFilter_and_extensions_are_not_found" runstate="Runnable" result="Passed" duration="0.000256" asserts="1" />
                    </test-suite>
                    <test-suite type="TestFixture" id="6-2813" name="ExcludeOnlyMemberFilterTests+When_filtering_ExcludeOnlyMemberFilter_and_members_are_found" fullname="EdFi.Ods.Tests.EdFi.Ods.Common.Models.Resource.ExcludeOnlyMemberFilterTests+When_filtering_ExcludeOnlyMemberFilter_and_members_are_found" classname="EdFi.Ods.Tests.EdFi.Ods.Common.Models.Resource.ExcludeOnlyMemberFilterTests+When_filtering_ExcludeOnlyMemberFilter_and_members_are_found" runstate="Runnable" testcasecount="1" result="Passed" duration="0.001149" total="1" passed="0" failed="0" inconclusive="0" skipped="0" asserts="0">
                      <test-case id="6-2814" name="Assert_that_member_should_not_be_included" fullname="EdFi.Ods.Tests.EdFi.Ods.Common.Models.Resource.ExcludeOnlyMemberFilterTests+When_filtering_ExcludeOnlyMemberFilter_and_members_are_found.Assert_that_member_should_not_be_included" methodname="Assert_that_member_should_not_be_included" classname="EdFi.Ods.Tests.EdFi.Ods.Common.Models.Resource.ExcludeOnlyMemberFilterTests+When_filtering_ExcludeOnlyMemberFilter_and_members_are_found" runstate="Runnable" result="Passed" duration="0.000344" asserts="1" />
                    </test-suite>
                    <test-suite type="TestFixture" id="6-2817" name="ExcludeOnlyMemberFilterTests+When_filtering_ExcludeOnlyMemberFilter_and_members_are_not_found" fullname="EdFi.Ods.Tests.EdFi.Ods.Common.Models.Resource.ExcludeOnlyMemberFilterTests+When_filtering_ExcludeOnlyMemberFilter_and_members_are_not_found" classname="EdFi.Ods.Tests.EdFi.Ods.Common.Models.Resource.ExcludeOnlyMemberFilterTests+When_filtering_ExcludeOnlyMemberFilter_and_members_are_not_found" runstate="Runnable" testcasecount="1" result="Passed" duration="0.000996" total="1" passed="0" failed="0" inconclusive="0" skipped="0" asserts="0">
                      <test-case id="6-2818" name="Assert_that_member_should_be_included" fullname="EdFi.Ods.Tests.EdFi.Ods.Common.Models.Resource.ExcludeOnlyMemberFilterTests+When_filtering_ExcludeOnlyMemberFilter_and_members_are_not_found.Assert_that_member_should_be_included" methodname="Assert_that_member_should_be_included" classname="EdFi.Ods.Tests.EdFi.Ods.Common.Models.Resource.ExcludeOnlyMemberFilterTests+When_filtering_ExcludeOnlyMemberFilter_and_members_are_not_found" runstate="Runnable" result="Passed" duration="0.000301" asserts="1" />
                    </test-suite>
                    <test-suite type="TestFixture" id="6-2815" name="ExcludeOnlyMemberFilterTests+When_filtering_ExcludeOnlyMemberFilter_and_passing_Id" fullname="EdFi.Ods.Tests.EdFi.Ods.Common.Models.Resource.ExcludeOnlyMemberFilterTests+When_filtering_ExcludeOnlyMemberFilter_and_passing_Id" classname="EdFi.Ods.Tests.EdFi.Ods.Common.Models.Resource.ExcludeOnlyMemberFilterTests+When_filtering_ExcludeOnlyMemberFilter_and_passing_Id" runstate="Runnable" testcasecount="1" result="Passed" duration="0.000997" total="1" passed="0" failed="0" inconclusive="0" skipped="0" asserts="0">
                      <test-case id="6-2816" name="Assert_that_member_should_be_included" fullname="EdFi.Ods.Tests.EdFi.Ods.Common.Models.Resource.ExcludeOnlyMemberFilterTests+When_filtering_ExcludeOnlyMemberFilter_and_passing_Id.Assert_that_member_should_be_included" methodname="Assert_that_member_should_be_included" classname="EdFi.Ods.Tests.EdFi.Ods.Common.Models.Resource.ExcludeOnlyMemberFilterTests+When_filtering_ExcludeOnlyMemberFilter_and_passing_Id" runstate="Runnable" result="Passed" duration="0.000279" asserts="1" />
                    </test-suite>
                    <test-suite type="TestFixture" id="6-2823" name="FilterContextTests+When_creating_a_child_filter_context_for_a_child_collection_that_includes_only_certain_members" fullname="EdFi.Ods.Tests.EdFi.Ods.Common.Models.Resource.FilterContextTests+When_creating_a_child_filter_context_for_a_child_collection_that_includes_only_certain_members" classname="EdFi.Ods.Tests.EdFi.Ods.Common.Models.Resource.FilterContextTests+When_creating_a_child_filter_context_for_a_child_collection_that_includes_only_certain_members" runstate="Runnable" testcasecount="3" result="Passed" duration="0.056005" total="3" passed="0" failed="0" inconclusive="0" skipped="0" asserts="0">
                      <test-case id="6-2824" name="FilterContext_should_have_a_reference_to_the_named_child_collection_definition_element" fullname="EdFi.Ods.Tests.EdFi.Ods.Common.Models.Resource.FilterContextTests+When_creating_a_child_filter_context_for_a_child_collection_that_includes_only_certain_members.FilterContext_should_have_a_reference_to_the_named_child_collection_definition_element" methodname="FilterContext_should_have_a_reference_to_the_named_child_collection_definition_element" classname="EdFi.Ods.Tests.EdFi.Ods.Common.Models.Resource.FilterContextTests+When_creating_a_child_filter_context_for_a_child_collection_that_includes_only_certain_members" runstate="Runnable" result="Passed" duration="0.000727" asserts="3" />
                      <test-case id="6-2825" name="FilterContext_should_have_a_reference_to_the_named_child_collection_resource_class" fullname="EdFi.Ods.Tests.EdFi.Ods.Common.Models.Resource.FilterContextTests+When_creating_a_child_filter_context_for_a_child_collection_that_includes_only_certain_members.FilterContext_should_have_a_reference_to_the_named_child_collection_resource_class" methodname="FilterContext_should_have_a_reference_to_the_named_child_collection_resource_class" classname="EdFi.Ods.Tests.EdFi.Ods.Common.Models.Resource.FilterContextTests+When_creating_a_child_filter_context_for_a_child_collection_that_includes_only_certain_members" runstate="Runnable" result="Passed" duration="0.000477" asserts="2" />
                      <test-case id="6-2826" name="Should_return_a_FilterContext_that_uses_the_member_filter_returned_by_the_supplied_filter_provider" fullname="EdFi.Ods.Tests.EdFi.Ods.Common.Models.Resource.FilterContextTests+When_creating_a_child_filter_context_for_a_child_collection_that_includes_only_certain_members.Should_return_a_FilterContext_that_uses_the_member_filter_returned_by_the_supplied_filter_provider" methodname="Should_return_a_FilterContext_that_uses_the_member_filter_returned_by_the_supplied_filter_provider" classname="EdFi.Ods.Tests.EdFi.Ods.Common.Models.Resource.FilterContextTests+When_creating_a_child_filter_context_for_a_child_collection_that_includes_only_certain_members" runstate="Runnable" result="Passed" duration="0.000360" asserts="1" />
                    </test-suite>
                    <test-suite type="TestFixture" id="6-2827" name="FilterContextTests+When_creating_a_child_filter_context_for_a_child_embedded_object_that_includes_all_members" fullname="EdFi.Ods.Tests.EdFi.Ods.Common.Models.Resource.FilterContextTests+When_creating_a_child_filter_context_for_a_child_embedded_object_that_includes_all_members" classname="EdFi.Ods.Tests.EdFi.Ods.Common.Models.Resource.FilterContextTests+When_creating_a_child_filter_context_for_a_child_embedded_object_that_includes_all_members" runstate="Runnable" testcasecount="3" result="Passed" duration="0.007764" total="3" passed="0" failed="0" inconclusive="0" skipped="0" asserts="0">
                      <test-case id="6-2828" name="Should_return_a_FilterContext_that_has_a_reference_to_the_named_child_collection_definition_element" fullname="EdFi.Ods.Tests.EdFi.Ods.Common.Models.Resource.FilterContextTests+When_creating_a_child_filter_context_for_a_child_embedded_object_that_includes_all_members.Should_return_a_FilterContext_that_has_a_reference_to_the_named_child_collection_definition_element" methodname="Should_return_a_FilterContext_that_has_a_reference_to_the_named_child_collection_definition_element" classname="EdFi.Ods.Tests.EdFi.Ods.Common.Models.Resource.FilterContextTests+When_creating_a_child_filter_context_for_a_child_embedded_object_that_includes_all_members" runstate="Runnable" result="Passed" duration="0.000694" asserts="3" />
                      <test-case id="6-2829" name="Should_return_a_FilterContext_that_has_a_reference_to_the_named_child_embedded_object_resource_class" fullname="EdFi.Ods.Tests.EdFi.Ods.Common.Models.Resource.FilterContextTests+When_creating_a_child_filter_context_for_a_child_embedded_object_that_includes_all_members.Should_return_a_FilterContext_that_has_a_reference_to_the_named_child_embedded_object_resource_class" methodname="Should_return_a_FilterContext_that_has_a_reference_to_the_named_child_embedded_object_resource_class" classname="EdFi.Ods.Tests.EdFi.Ods.Common.Models.Resource.FilterContextTests+When_creating_a_child_filter_context_for_a_child_embedded_object_that_includes_all_members" runstate="Runnable" result="Passed" duration="0.000443" asserts="2" />
                      <test-case id="6-2830" name="Should_return_a_FilterContext_that_uses_the_member_filter_returned_by_the_supplied_filter_provider" fullname="EdFi.Ods.Tests.EdFi.Ods.Common.Models.Resource.FilterContextTests+When_creating_a_child_filter_context_for_a_child_embedded_object_that_includes_all_members.Should_return_a_FilterContext_that_uses_the_member_filter_returned_by_the_supplied_filter_provider" methodname="Should_return_a_FilterContext_that_uses_the_member_filter_returned_by_the_supplied_filter_provider" classname="EdFi.Ods.Tests.EdFi.Ods.Common.Models.Resource.FilterContextTests+When_creating_a_child_filter_context_for_a_child_embedded_object_that_includes_all_members" runstate="Runnable" result="Passed" duration="0.000311" asserts="1" />
                    </test-suite>
                    <test-suite type="TestFixture" id="6-2831" name="FilterContextTests+When_creating_a_child_filter_context_with_extensions" fullname="EdFi.Ods.Tests.EdFi.Ods.Common.Models.Resource.FilterContextTests+When_creating_a_child_filter_context_with_extensions" classname="EdFi.Ods.Tests.EdFi.Ods.Common.Models.Resource.FilterContextTests+When_creating_a_child_filter_context_with_extensions" runstate="Runnable" testcasecount="1" result="Passed" duration="0.004886" total="1" passed="0" failed="0" inconclusive="0" skipped="0" asserts="0">
                      <properties>
                        <property name="_DESCRIPTION" value="Test to ensure that the Extension node (in the xml) is ignored." />
                      </properties>
                      <test-case id="6-2832" name="Result_filter_context_should_be_null" fullname="EdFi.Ods.Tests.EdFi.Ods.Common.Models.Resource.FilterContextTests+When_creating_a_child_filter_context_with_extensions.Result_filter_context_should_be_null" methodname="Result_filter_context_should_be_null" classname="EdFi.Ods.Tests.EdFi.Ods.Common.Models.Resource.FilterContextTests+When_creating_a_child_filter_context_with_extensions" runstate="Runnable" result="Passed" duration="0.000299" asserts="1" />
                    </test-suite>
                    <test-suite type="TestFixture" id="6-2833" name="FilterContextTests+When_creating_a_extension_filter_context_find_entity_extension" fullname="EdFi.Ods.Tests.EdFi.Ods.Common.Models.Resource.FilterContextTests+When_creating_a_extension_filter_context_find_entity_extension" classname="EdFi.Ods.Tests.EdFi.Ods.Common.Models.Resource.FilterContextTests+When_creating_a_extension_filter_context_find_entity_extension" runstate="Runnable" testcasecount="4" result="Passed" duration="0.011582" total="4" passed="0" failed="0" inconclusive="0" skipped="0" asserts="0">
                      <properties>
                        <property name="_DESCRIPTION" value="Test to extract a filter-context for an entity extension" />
                      </properties>
                      <test-case id="6-2836" name="ResourceClass_should_be_Extension_Entity_type" fullname="EdFi.Ods.Tests.EdFi.Ods.Common.Models.Resource.FilterContextTests+When_creating_a_extension_filter_context_find_entity_extension.ResourceClass_should_be_Extension_Entity_type" methodname="ResourceClass_should_be_Extension_Entity_type" classname="EdFi.Ods.Tests.EdFi.Ods.Common.Models.Resource.FilterContextTests+When_creating_a_extension_filter_context_find_entity_extension" runstate="Runnable" result="Passed" duration="0.000850" asserts="2" />
                      <test-case id="6-2834" name="Result_filter_context_is_not_null" fullname="EdFi.Ods.Tests.EdFi.Ods.Common.Models.Resource.FilterContextTests+When_creating_a_extension_filter_context_find_entity_extension.Result_filter_context_is_not_null" methodname="Result_filter_context_is_not_null" classname="EdFi.Ods.Tests.EdFi.Ods.Common.Models.Resource.FilterContextTests+When_creating_a_extension_filter_context_find_entity_extension" runstate="Runnable" result="Passed" duration="0.000313" asserts="1" />
                      <test-case id="6-2835" name="Result_filter_should_contain_values_from_xelement" fullname="EdFi.Ods.Tests.EdFi.Ods.Common.Models.Resource.FilterContextTests+When_creating_a_extension_filter_context_find_entity_extension.Result_filter_should_contain_values_from_xelement" methodname="Result_filter_should_contain_values_from_xelement" classname="EdFi.Ods.Tests.EdFi.Ods.Common.Models.Resource.FilterContextTests+When_creating_a_extension_filter_context_find_entity_extension" runstate="Runnable" result="Passed" duration="0.003026" asserts="2" />
                      <test-case id="6-2837" name="Should_return_a_FilterContext_that_uses_the_member_filter_returned_by_the_supplied_filter_provider" fullname="EdFi.Ods.Tests.EdFi.Ods.Common.Models.Resource.FilterContextTests+When_creating_a_extension_filter_context_find_entity_extension.Should_return_a_FilterContext_that_uses_the_member_filter_returned_by_the_supplied_filter_provider" methodname="Should_return_a_FilterContext_that_uses_the_member_filter_returned_by_the_supplied_filter_provider" classname="EdFi.Ods.Tests.EdFi.Ods.Common.Models.Resource.FilterContextTests+When_creating_a_extension_filter_context_find_entity_extension" runstate="Runnable" result="Passed" duration="0.000353" asserts="1" />
                    </test-suite>
                    <test-suite type="TestFixture" id="6-2844" name="IncludeOnlyMemberFilterTests+When_filtering_IncludeOnlyMemberFilter_and_extensions_are_found" fullname="EdFi.Ods.Tests.EdFi.Ods.Common.Models.Resource.IncludeOnlyMemberFilterTests+When_filtering_IncludeOnlyMemberFilter_and_extensions_are_found" classname="EdFi.Ods.Tests.EdFi.Ods.Common.Models.Resource.IncludeOnlyMemberFilterTests+When_filtering_IncludeOnlyMemberFilter_and_extensions_are_found" runstate="Runnable" testcasecount="1" result="Passed" duration="0.001430" total="1" passed="0" failed="0" inconclusive="0" skipped="0" asserts="0">
                      <test-case id="6-2845" name="Assert_that_member_should_be_included" fullname="EdFi.Ods.Tests.EdFi.Ods.Common.Models.Resource.IncludeOnlyMemberFilterTests+When_filtering_IncludeOnlyMemberFilter_and_extensions_are_found.Assert_that_member_should_be_included" methodname="Assert_that_member_should_be_included" classname="EdFi.Ods.Tests.EdFi.Ods.Common.Models.Resource.IncludeOnlyMemberFilterTests+When_filtering_IncludeOnlyMemberFilter_and_extensions_are_found" runstate="Runnable" result="Passed" duration="0.000354" asserts="1" />
                    </test-suite>
                    <test-suite type="TestFixture" id="6-2846" name="IncludeOnlyMemberFilterTests+When_filtering_IncludeOnlyMemberFilter_and_extensions_are_not_found" fullname="EdFi.Ods.Tests.EdFi.Ods.Common.Models.Resource.IncludeOnlyMemberFilterTests+When_filtering_IncludeOnlyMemberFilter_and_extensions_are_not_found" classname="EdFi.Ods.Tests.EdFi.Ods.Common.Models.Resource.IncludeOnlyMemberFilterTests+When_filtering_IncludeOnlyMemberFilter_and_extensions_are_not_found" runstate="Runnable" testcasecount="1" result="Passed" duration="0.001104" total="1" passed="0" failed="0" inconclusive="0" skipped="0" asserts="0">
                      <test-case id="6-2847" name="Assert_that_member_should_not_be_included" fullname="EdFi.Ods.Tests.EdFi.Ods.Common.Models.Resource.IncludeOnlyMemberFilterTests+When_filtering_IncludeOnlyMemberFilter_and_extensions_are_not_found.Assert_that_member_should_not_be_included" methodname="Assert_that_member_should_not_be_included" classname="EdFi.Ods.Tests.EdFi.Ods.Common.Models.Resource.IncludeOnlyMemberFilterTests+When_filtering_IncludeOnlyMemberFilter_and_extensions_are_not_found" runstate="Runnable" result="Passed" duration="0.000313" asserts="1" />
                    </test-suite>
                    <test-suite type="TestFixture" id="6-2838" name="IncludeOnlyMemberFilterTests+When_filtering_IncludeOnlyMemberFilter_and_members_are_found" fullname="EdFi.Ods.Tests.EdFi.Ods.Common.Models.Resource.IncludeOnlyMemberFilterTests+When_filtering_IncludeOnlyMemberFilter_and_members_are_found" classname="EdFi.Ods.Tests.EdFi.Ods.Common.Models.Resource.IncludeOnlyMemberFilterTests+When_filtering_IncludeOnlyMemberFilter_and_members_are_found" runstate="Runnable" testcasecount="1" result="Passed" duration="0.001123" total="1" passed="0" failed="0" inconclusive="0" skipped="0" asserts="0">
                      <test-case id="6-2839" name="Assert_that_member_should_be_included" fullname="EdFi.Ods.Tests.EdFi.Ods.Common.Models.Resource.IncludeOnlyMemberFilterTests+When_filtering_IncludeOnlyMemberFilter_and_members_are_found.Assert_that_member_should_be_included" methodname="Assert_that_member_should_be_included" classname="EdFi.Ods.Tests.EdFi.Ods.Common.Models.Resource.IncludeOnlyMemberFilterTests+When_filtering_IncludeOnlyMemberFilter_and_members_are_found" runstate="Runnable" result="Passed" duration="0.000283" asserts="1" />
                    </test-suite>
                    <test-suite type="TestFixture" id="6-2842" name="IncludeOnlyMemberFilterTests+When_filtering_IncludeOnlyMemberFilter_and_members_are_not_found" fullname="EdFi.Ods.Tests.EdFi.Ods.Common.Models.Resource.IncludeOnlyMemberFilterTests+When_filtering_IncludeOnlyMemberFilter_and_members_are_not_found" classname="EdFi.Ods.Tests.EdFi.Ods.Common.Models.Resource.IncludeOnlyMemberFilterTests+When_filtering_IncludeOnlyMemberFilter_and_members_are_not_found" runstate="Runnable" testcasecount="1" result="Passed" duration="0.005721" total="1" passed="0" failed="0" inconclusive="0" skipped="0" asserts="0">
                      <test-case id="6-2843" name="Assert_that_member_should_not_be_included" fullname="EdFi.Ods.Tests.EdFi.Ods.Common.Models.Resource.IncludeOnlyMemberFilterTests+When_filtering_IncludeOnlyMemberFilter_and_members_are_not_found.Assert_that_member_should_not_be_included" methodname="Assert_that_member_should_not_be_included" classname="EdFi.Ods.Tests.EdFi.Ods.Common.Models.Resource.IncludeOnlyMemberFilterTests+When_filtering_IncludeOnlyMemberFilter_and_members_are_not_found" runstate="Runnable" result="Passed" duration="0.000398" asserts="1" />
                    </test-suite>
                    <test-suite type="TestFixture" id="6-2840" name="IncludeOnlyMemberFilterTests+When_filtering_IncludeOnlyMemberFilter_and_passing_Id" fullname="EdFi.Ods.Tests.EdFi.Ods.Common.Models.Resource.IncludeOnlyMemberFilterTests+When_filtering_IncludeOnlyMemberFilter_and_passing_Id" classname="EdFi.Ods.Tests.EdFi.Ods.Common.Models.Resource.IncludeOnlyMemberFilterTests+When_filtering_IncludeOnlyMemberFilter_and_passing_Id" runstate="Runnable" testcasecount="1" result="Passed" duration="0.001146" total="1" passed="0" failed="0" inconclusive="0" skipped="0" asserts="0">
                      <test-case id="6-2841" name="Assert_that_member_should_be_included" fullname="EdFi.Ods.Tests.EdFi.Ods.Common.Models.Resource.IncludeOnlyMemberFilterTests+When_filtering_IncludeOnlyMemberFilter_and_passing_Id.Assert_that_member_should_be_included" methodname="Assert_that_member_should_be_included" classname="EdFi.Ods.Tests.EdFi.Ods.Common.Models.Resource.IncludeOnlyMemberFilterTests+When_filtering_IncludeOnlyMemberFilter_and_passing_Id" runstate="Runnable" result="Passed" duration="0.000388" asserts="1" />
                    </test-suite>
                    <test-suite type="TestFixture" id="6-2869" name="ProfileResourceContentTypesTests+When_creating_the_ProfileResourceContentTypes_for_a_Profile_resource_with_both_read_and_write_content_types" fullname="EdFi.Ods.Tests.EdFi.Ods.Common.Models.Resource.ProfileResourceContentTypesTests+When_creating_the_ProfileResourceContentTypes_for_a_Profile_resource_with_both_read_and_write_content_types" classname="EdFi.Ods.Tests.EdFi.Ods.Common.Models.Resource.ProfileResourceContentTypesTests+When_creating_the_ProfileResourceContentTypes_for_a_Profile_resource_with_both_read_and_write_content_types" runstate="Runnable" testcasecount="2" result="Passed" duration="0.006802" total="2" passed="0" failed="0" inconclusive="0" skipped="0" asserts="0">
                      <test-case id="6-2870" name="Should_create_a_readable_resource_with_members_matching_the_ReadContentType_in_the_definition" fullname="EdFi.Ods.Tests.EdFi.Ods.Common.Models.Resource.ProfileResourceContentTypesTests+When_creating_the_ProfileResourceContentTypes_for_a_Profile_resource_with_both_read_and_write_content_types.Should_create_a_readable_resource_with_members_matching_the_ReadContentType_in_the_definition" methodname="Should_create_a_readable_resource_with_members_matching_the_ReadContentType_in_the_definition" classname="EdFi.Ods.Tests.EdFi.Ods.Common.Models.Resource.ProfileResourceContentTypesTests+When_creating_the_ProfileResourceContentTypes_for_a_Profile_resource_with_both_read_and_write_content_types" runstate="Runnable" result="Passed" duration="0.000896" asserts="2" />
                      <test-case id="6-2871" name="Should_create_a_writable_resource_with_members_matching_the_WriteContentType_in_the_definition" fullname="EdFi.Ods.Tests.EdFi.Ods.Common.Models.Resource.ProfileResourceContentTypesTests+When_creating_the_ProfileResourceContentTypes_for_a_Profile_resource_with_both_read_and_write_content_types.Should_create_a_writable_resource_with_members_matching_the_WriteContentType_in_the_definition" methodname="Should_create_a_writable_resource_with_members_matching_the_WriteContentType_in_the_definition" classname="EdFi.Ods.Tests.EdFi.Ods.Common.Models.Resource.ProfileResourceContentTypesTests+When_creating_the_ProfileResourceContentTypes_for_a_Profile_resource_with_both_read_and_write_content_types" runstate="Runnable" result="Passed" duration="0.000746" asserts="2" />
                    </test-suite>
                    <test-suite type="TestFixture" id="6-2872" name="ProfileResourceContentTypesTests+When_creating_the_ProfileResourceContentTypes_for_a_Profile_resource_with_only_a_read_content_type" fullname="EdFi.Ods.Tests.EdFi.Ods.Common.Models.Resource.ProfileResourceContentTypesTests+When_creating_the_ProfileResourceContentTypes_for_a_Profile_resource_with_only_a_read_content_type" classname="EdFi.Ods.Tests.EdFi.Ods.Common.Models.Resource.ProfileResourceContentTypesTests+When_creating_the_ProfileResourceContentTypes_for_a_Profile_resource_with_only_a_read_content_type" runstate="Runnable" testcasecount="2" result="Passed" duration="0.005533" total="2" passed="0" failed="0" inconclusive="0" skipped="0" asserts="0">
                      <test-case id="6-2873" name="Should_create_a_readable_resource_with_members_matching_the_ReadContentType_in_the_definition" fullname="EdFi.Ods.Tests.EdFi.Ods.Common.Models.Resource.ProfileResourceContentTypesTests+When_creating_the_ProfileResourceContentTypes_for_a_Profile_resource_with_only_a_read_content_type.Should_create_a_readable_resource_with_members_matching_the_ReadContentType_in_the_definition" methodname="Should_create_a_readable_resource_with_members_matching_the_ReadContentType_in_the_definition" classname="EdFi.Ods.Tests.EdFi.Ods.Common.Models.Resource.ProfileResourceContentTypesTests+When_creating_the_ProfileResourceContentTypes_for_a_Profile_resource_with_only_a_read_content_type" runstate="Runnable" result="Passed" duration="0.000657" asserts="2" />
                      <test-case id="6-2874" name="Should_not_create_a_writable_resource" fullname="EdFi.Ods.Tests.EdFi.Ods.Common.Models.Resource.ProfileResourceContentTypesTests+When_creating_the_ProfileResourceContentTypes_for_a_Profile_resource_with_only_a_read_content_type.Should_not_create_a_writable_resource" methodname="Should_not_create_a_writable_resource" classname="EdFi.Ods.Tests.EdFi.Ods.Common.Models.Resource.ProfileResourceContentTypesTests+When_creating_the_ProfileResourceContentTypes_for_a_Profile_resource_with_only_a_read_content_type" runstate="Runnable" result="Passed" duration="0.000290" asserts="1" />
                    </test-suite>
                    <test-suite type="TestFixture" id="6-2875" name="ProfileResourceContentTypesTests+When_creating_the_ProfileResourceContentTypes_for_a_Profile_resource_with_only_a_write_content_type" fullname="EdFi.Ods.Tests.EdFi.Ods.Common.Models.Resource.ProfileResourceContentTypesTests+When_creating_the_ProfileResourceContentTypes_for_a_Profile_resource_with_only_a_write_content_type" classname="EdFi.Ods.Tests.EdFi.Ods.Common.Models.Resource.ProfileResourceContentTypesTests+When_creating_the_ProfileResourceContentTypes_for_a_Profile_resource_with_only_a_write_content_type" runstate="Runnable" testcasecount="2" result="Passed" duration="0.004350" total="2" passed="0" failed="0" inconclusive="0" skipped="0" asserts="0">
                      <test-case id="6-2877" name="Should_create_a_writable_resource_with_members_matching_the_WriteContentType_in_the_definition" fullname="EdFi.Ods.Tests.EdFi.Ods.Common.Models.Resource.ProfileResourceContentTypesTests+When_creating_the_ProfileResourceContentTypes_for_a_Profile_resource_with_only_a_write_content_type.Should_create_a_writable_resource_with_members_matching_the_WriteContentType_in_the_definition" methodname="Should_create_a_writable_resource_with_members_matching_the_WriteContentType_in_the_definition" classname="EdFi.Ods.Tests.EdFi.Ods.Common.Models.Resource.ProfileResourceContentTypesTests+When_creating_the_ProfileResourceContentTypes_for_a_Profile_resource_with_only_a_write_content_type" runstate="Runnable" result="Passed" duration="0.000642" asserts="2" />
                      <test-case id="6-2876" name="Should_not_create_a_readable_resource" fullname="EdFi.Ods.Tests.EdFi.Ods.Common.Models.Resource.ProfileResourceContentTypesTests+When_creating_the_ProfileResourceContentTypes_for_a_Profile_resource_with_only_a_write_content_type.Should_not_create_a_readable_resource" methodname="Should_not_create_a_readable_resource" classname="EdFi.Ods.Tests.EdFi.Ods.Common.Models.Resource.ProfileResourceContentTypesTests+When_creating_the_ProfileResourceContentTypes_for_a_Profile_resource_with_only_a_write_content_type" runstate="Runnable" result="Passed" duration="0.000241" asserts="1" />
                    </test-suite>
                    <test-suite type="TestFixture" id="6-2859" name="ProfileResourceMembersFilterProviderTests+When_filtering_resource_members_based_on_a_profile_definition_using_ExcludeOnly_member_selection" fullname="EdFi.Ods.Tests.EdFi.Ods.Common.Models.Resource.ProfileResourceMembersFilterProviderTests+When_filtering_resource_members_based_on_a_profile_definition_using_ExcludeOnly_member_selection" classname="EdFi.Ods.Tests.EdFi.Ods.Common.Models.Resource.ProfileResourceMembersFilterProviderTests+When_filtering_resource_members_based_on_a_profile_definition_using_ExcludeOnly_member_selection" runstate="Runnable" testcasecount="6" result="Passed" duration="0.012049" total="6" passed="0" failed="0" inconclusive="0" skipped="0" asserts="0">
                      <test-case id="6-2865" name="Filter_type_should_be_ExcludeOnlyMemberFilter" fullname="EdFi.Ods.Tests.EdFi.Ods.Common.Models.Resource.ProfileResourceMembersFilterProviderTests+When_filtering_resource_members_based_on_a_profile_definition_using_ExcludeOnly_member_selection.Filter_type_should_be_ExcludeOnlyMemberFilter" methodname="Filter_type_should_be_ExcludeOnlyMemberFilter" classname="EdFi.Ods.Tests.EdFi.Ods.Common.Models.Resource.ProfileResourceMembersFilterProviderTests+When_filtering_resource_members_based_on_a_profile_definition_using_ExcludeOnly_member_selection" runstate="Runnable" result="Passed" duration="0.000298" asserts="1" />
                      <test-case id="6-2860" name="Should_always_include_the_supplied_identifying_properties" fullname="EdFi.Ods.Tests.EdFi.Ods.Common.Models.Resource.ProfileResourceMembersFilterProviderTests+When_filtering_resource_members_based_on_a_profile_definition_using_ExcludeOnly_member_selection.Should_always_include_the_supplied_identifying_properties" methodname="Should_always_include_the_supplied_identifying_properties" classname="EdFi.Ods.Tests.EdFi.Ods.Common.Models.Resource.ProfileResourceMembersFilterProviderTests+When_filtering_resource_members_based_on_a_profile_definition_using_ExcludeOnly_member_selection" runstate="Runnable" result="Passed" duration="0.000514" asserts="2" />
                      <test-case id="6-2861" name="Should_always_include_the_supplied_identifying_references" fullname="EdFi.Ods.Tests.EdFi.Ods.Common.Models.Resource.ProfileResourceMembersFilterProviderTests+When_filtering_resource_members_based_on_a_profile_definition_using_ExcludeOnly_member_selection.Should_always_include_the_supplied_identifying_references" methodname="Should_always_include_the_supplied_identifying_references" classname="EdFi.Ods.Tests.EdFi.Ods.Common.Models.Resource.ProfileResourceMembersFilterProviderTests+When_filtering_resource_members_based_on_a_profile_definition_using_ExcludeOnly_member_selection" runstate="Runnable" result="Passed" duration="0.001018" asserts="1" />
                      <test-case id="6-2863" name="Should_exclude_the_explicitly_excluded_property_names" fullname="EdFi.Ods.Tests.EdFi.Ods.Common.Models.Resource.ProfileResourceMembersFilterProviderTests+When_filtering_resource_members_based_on_a_profile_definition_using_ExcludeOnly_member_selection.Should_exclude_the_explicitly_excluded_property_names" methodname="Should_exclude_the_explicitly_excluded_property_names" classname="EdFi.Ods.Tests.EdFi.Ods.Common.Models.Resource.ProfileResourceMembersFilterProviderTests+When_filtering_resource_members_based_on_a_profile_definition_using_ExcludeOnly_member_selection" runstate="Runnable" result="Passed" duration="0.000455" asserts="3" />
                      <test-case id="6-2864" name="Should_exclude_UniqueId_property_based_on_USI_name_expansion" fullname="EdFi.Ods.Tests.EdFi.Ods.Common.Models.Resource.ProfileResourceMembersFilterProviderTests+When_filtering_resource_members_based_on_a_profile_definition_using_ExcludeOnly_member_selection.Should_exclude_UniqueId_property_based_on_USI_name_expansion" methodname="Should_exclude_UniqueId_property_based_on_USI_name_expansion" classname="EdFi.Ods.Tests.EdFi.Ods.Common.Models.Resource.ProfileResourceMembersFilterProviderTests+When_filtering_resource_members_based_on_a_profile_definition_using_ExcludeOnly_member_selection" runstate="Runnable" result="Passed" duration="0.000384" asserts="2" />
                      <test-case id="6-2862" name="Should_include_any_arbitrary_property_names_tested" fullname="EdFi.Ods.Tests.EdFi.Ods.Common.Models.Resource.ProfileResourceMembersFilterProviderTests+When_filtering_resource_members_based_on_a_profile_definition_using_ExcludeOnly_member_selection.Should_include_any_arbitrary_property_names_tested" methodname="Should_include_any_arbitrary_property_names_tested" classname="EdFi.Ods.Tests.EdFi.Ods.Common.Models.Resource.ProfileResourceMembersFilterProviderTests+When_filtering_resource_members_based_on_a_profile_definition_using_ExcludeOnly_member_selection" runstate="Runnable" result="Passed" duration="0.000336" asserts="10" />
                    </test-suite>
                    <test-suite type="TestFixture" id="6-2848" name="ProfileResourceMembersFilterProviderTests+When_filtering_resource_members_based_on_a_profile_definition_using_IncludeAll_member_selection" fullname="EdFi.Ods.Tests.EdFi.Ods.Common.Models.Resource.ProfileResourceMembersFilterProviderTests+When_filtering_resource_members_based_on_a_profile_definition_using_IncludeAll_member_selection" classname="EdFi.Ods.Tests.EdFi.Ods.Common.Models.Resource.ProfileResourceMembersFilterProviderTests+When_filtering_resource_members_based_on_a_profile_definition_using_IncludeAll_member_selection" runstate="Runnable" testcasecount="3" result="Passed" duration="0.003015" total="3" passed="0" failed="0" inconclusive="0" skipped="0" asserts="0">
                      <test-case id="6-2851" name="Filter_type_should_be_IncludeAllMemberFilter" fullname="EdFi.Ods.Tests.EdFi.Ods.Common.Models.Resource.ProfileResourceMembersFilterProviderTests+When_filtering_resource_members_based_on_a_profile_definition_using_IncludeAll_member_selection.Filter_type_should_be_IncludeAllMemberFilter" methodname="Filter_type_should_be_IncludeAllMemberFilter" classname="EdFi.Ods.Tests.EdFi.Ods.Common.Models.Resource.ProfileResourceMembersFilterProviderTests+When_filtering_resource_members_based_on_a_profile_definition_using_IncludeAll_member_selection" runstate="Runnable" result="Passed" duration="0.000235" asserts="1" />
                      <test-case id="6-2849" name="Should_always_include_the_supplied_identifying_properties" fullname="EdFi.Ods.Tests.EdFi.Ods.Common.Models.Resource.ProfileResourceMembersFilterProviderTests+When_filtering_resource_members_based_on_a_profile_definition_using_IncludeAll_member_selection.Should_always_include_the_supplied_identifying_properties" methodname="Should_always_include_the_supplied_identifying_properties" classname="EdFi.Ods.Tests.EdFi.Ods.Common.Models.Resource.ProfileResourceMembersFilterProviderTests+When_filtering_resource_members_based_on_a_profile_definition_using_IncludeAll_member_selection" runstate="Runnable" result="Passed" duration="0.000167" asserts="1" />
                      <test-case id="6-2850" name="Should_include_any_property_name_tested" fullname="EdFi.Ods.Tests.EdFi.Ods.Common.Models.Resource.ProfileResourceMembersFilterProviderTests+When_filtering_resource_members_based_on_a_profile_definition_using_IncludeAll_member_selection.Should_include_any_property_name_tested" methodname="Should_include_any_property_name_tested" classname="EdFi.Ods.Tests.EdFi.Ods.Common.Models.Resource.ProfileResourceMembersFilterProviderTests+When_filtering_resource_members_based_on_a_profile_definition_using_IncludeAll_member_selection" runstate="Runnable" result="Passed" duration="0.000299" asserts="10" />
                    </test-suite>
                    <test-suite type="TestFixture" id="6-2852" name="ProfileResourceMembersFilterProviderTests+When_filtering_resource_members_based_on_a_profile_definition_using_IncludeOnly_member_selection" fullname="EdFi.Ods.Tests.EdFi.Ods.Common.Models.Resource.ProfileResourceMembersFilterProviderTests+When_filtering_resource_members_based_on_a_profile_definition_using_IncludeOnly_member_selection" classname="EdFi.Ods.Tests.EdFi.Ods.Common.Models.Resource.ProfileResourceMembersFilterProviderTests+When_filtering_resource_members_based_on_a_profile_definition_using_IncludeOnly_member_selection" runstate="Runnable" testcasecount="6" result="Passed" duration="0.009801" total="6" passed="0" failed="0" inconclusive="0" skipped="0" asserts="0">
                      <test-case id="6-2858" name="Filter_type_should_be_IncludeOnlyMemberFilter" fullname="EdFi.Ods.Tests.EdFi.Ods.Common.Models.Resource.ProfileResourceMembersFilterProviderTests+When_filtering_resource_members_based_on_a_profile_definition_using_IncludeOnly_member_selection.Filter_type_should_be_IncludeOnlyMemberFilter" methodname="Filter_type_should_be_IncludeOnlyMemberFilter" classname="EdFi.Ods.Tests.EdFi.Ods.Common.Models.Resource.ProfileResourceMembersFilterProviderTests+When_filtering_resource_members_based_on_a_profile_definition_using_IncludeOnly_member_selection" runstate="Runnable" result="Passed" duration="0.000283" asserts="1" />
                      <test-case id="6-2853" name="Should_always_include_the_supplied_identifying_properties" fullname="EdFi.Ods.Tests.EdFi.Ods.Common.Models.Resource.ProfileResourceMembersFilterProviderTests+When_filtering_resource_members_based_on_a_profile_definition_using_IncludeOnly_member_selection.Should_always_include_the_supplied_identifying_properties" methodname="Should_always_include_the_supplied_identifying_properties" classname="EdFi.Ods.Tests.EdFi.Ods.Common.Models.Resource.ProfileResourceMembersFilterProviderTests+When_filtering_resource_members_based_on_a_profile_definition_using_IncludeOnly_member_selection" runstate="Runnable" result="Passed" duration="0.000479" asserts="2" />
                      <test-case id="6-2854" name="Should_always_include_the_supplied_identifying_references" fullname="EdFi.Ods.Tests.EdFi.Ods.Common.Models.Resource.ProfileResourceMembersFilterProviderTests+When_filtering_resource_members_based_on_a_profile_definition_using_IncludeOnly_member_selection.Should_always_include_the_supplied_identifying_references" methodname="Should_always_include_the_supplied_identifying_references" classname="EdFi.Ods.Tests.EdFi.Ods.Common.Models.Resource.ProfileResourceMembersFilterProviderTests+When_filtering_resource_members_based_on_a_profile_definition_using_IncludeOnly_member_selection" runstate="Runnable" result="Passed" duration="0.000999" asserts="1" />
                      <test-case id="6-2856" name="Should_include_the_explicitly_included_property_names" fullname="EdFi.Ods.Tests.EdFi.Ods.Common.Models.Resource.ProfileResourceMembersFilterProviderTests+When_filtering_resource_members_based_on_a_profile_definition_using_IncludeOnly_member_selection.Should_include_the_explicitly_included_property_names" methodname="Should_include_the_explicitly_included_property_names" classname="EdFi.Ods.Tests.EdFi.Ods.Common.Models.Resource.ProfileResourceMembersFilterProviderTests+When_filtering_resource_members_based_on_a_profile_definition_using_IncludeOnly_member_selection" runstate="Runnable" result="Passed" duration="0.000221" asserts="3" />
                      <test-case id="6-2857" name="Should_include_UniqueId_property_based_on_USI_name_expansion" fullname="EdFi.Ods.Tests.EdFi.Ods.Common.Models.Resource.ProfileResourceMembersFilterProviderTests+When_filtering_resource_members_based_on_a_profile_definition_using_IncludeOnly_member_selection.Should_include_UniqueId_property_based_on_USI_name_expansion" methodname="Should_include_UniqueId_property_based_on_USI_name_expansion" classname="EdFi.Ods.Tests.EdFi.Ods.Common.Models.Resource.ProfileResourceMembersFilterProviderTests+When_filtering_resource_members_based_on_a_profile_definition_using_IncludeOnly_member_selection" runstate="Runnable" result="Passed" duration="0.000224" asserts="2" />
                      <test-case id="6-2855" name="Should_not_include_any_arbitrary_property_names_tested" fullname="EdFi.Ods.Tests.EdFi.Ods.Common.Models.Resource.ProfileResourceMembersFilterProviderTests+When_filtering_resource_members_based_on_a_profile_definition_using_IncludeOnly_member_selection.Should_not_include_any_arbitrary_property_names_tested" methodname="Should_not_include_any_arbitrary_property_names_tested" classname="EdFi.Ods.Tests.EdFi.Ods.Common.Models.Resource.ProfileResourceMembersFilterProviderTests+When_filtering_resource_members_based_on_a_profile_definition_using_IncludeOnly_member_selection" runstate="Runnable" result="Passed" duration="0.000455" asserts="10" />
                    </test-suite>
                    <test-suite type="TestFixture" id="6-2866" name="ProfileResourceMembersFilterProviderTests+When_filtering_resource_members_based_on_a_profile_definition_using_IncludeOnly_member_selection_for_extensions" fullname="EdFi.Ods.Tests.EdFi.Ods.Common.Models.Resource.ProfileResourceMembersFilterProviderTests+When_filtering_resource_members_based_on_a_profile_definition_using_IncludeOnly_member_selection_for_extensions" classname="EdFi.Ods.Tests.EdFi.Ods.Common.Models.Resource.ProfileResourceMembersFilterProviderTests+When_filtering_resource_members_based_on_a_profile_definition_using_IncludeOnly_member_selection_for_extensions" runstate="Runnable" testcasecount="2" result="Passed" duration="0.013070" total="2" passed="0" failed="0" inconclusive="0" skipped="0" asserts="0">
                      <test-case id="6-2868" name="Should_include_the_explicitly_included_extension_property_names" fullname="EdFi.Ods.Tests.EdFi.Ods.Common.Models.Resource.ProfileResourceMembersFilterProviderTests+When_filtering_resource_members_based_on_a_profile_definition_using_IncludeOnly_member_selection_for_extensions.Should_include_the_explicitly_included_extension_property_names" methodname="Should_include_the_explicitly_included_extension_property_names" classname="EdFi.Ods.Tests.EdFi.Ods.Common.Models.Resource.ProfileResourceMembersFilterProviderTests+When_filtering_resource_members_based_on_a_profile_definition_using_IncludeOnly_member_selection_for_extensions" runstate="Runnable" result="Passed" duration="0.000329" asserts="1" />
                      <test-case id="6-2867" name="Should_not_include_any_arbitrary_extension_property_names_tested" fullname="EdFi.Ods.Tests.EdFi.Ods.Common.Models.Resource.ProfileResourceMembersFilterProviderTests+When_filtering_resource_members_based_on_a_profile_definition_using_IncludeOnly_member_selection_for_extensions.Should_not_include_any_arbitrary_extension_property_names_tested" methodname="Should_not_include_any_arbitrary_extension_property_names_tested" classname="EdFi.Ods.Tests.EdFi.Ods.Common.Models.Resource.ProfileResourceMembersFilterProviderTests+When_filtering_resource_members_based_on_a_profile_definition_using_IncludeOnly_member_selection_for_extensions" runstate="Runnable" result="Passed" duration="0.000428" asserts="10" />
                    </test-suite>
                    <test-suite type="TestFixture" id="6-2878" name="ProfileResourceModelTests+When_creating_a_Profile_resource_model_from_a_Profile_definition_with_3_resources_with_content_types_of_Read_ReadWrite_and_Write" fullname="EdFi.Ods.Tests.EdFi.Ods.Common.Models.Resource.ProfileResourceModelTests+When_creating_a_Profile_resource_model_from_a_Profile_definition_with_3_resources_with_content_types_of_Read_ReadWrite_and_Write" classname="EdFi.Ods.Tests.EdFi.Ods.Common.Models.Resource.ProfileResourceModelTests+When_creating_a_Profile_resource_model_from_a_Profile_definition_with_3_resources_with_content_types_of_Read_ReadWrite_and_Write" runstate="Runnable" testcasecount="5" result="Passed" duration="0.015430" total="5" passed="0" failed="0" inconclusive="0" skipped="0" asserts="0">
                      <test-case id="6-2880" name="Should_create_a_ProfileResourceContentTypes_with_both_Readable_and_Writable_resources_for_the_Resource_definition_with_both_Read_and_Write_content_types" fullname="EdFi.Ods.Tests.EdFi.Ods.Common.Models.Resource.ProfileResourceModelTests+When_creating_a_Profile_resource_model_from_a_Profile_definition_with_3_resources_with_content_types_of_Read_ReadWrite_and_Write.Should_create_a_ProfileResourceContentTypes_with_both_Readable_and_Writable_resources_for_the_Resource_definition_with_both_Read_and_Write_content_types" methodname="Should_create_a_ProfileResourceContentTypes_with_both_Readable_and_Writable_resources_for_the_Resource_definition_with_both_Read_and_Write_content_types" classname="EdFi.Ods.Tests.EdFi.Ods.Common.Models.Resource.ProfileResourceModelTests+When_creating_a_Profile_resource_model_from_a_Profile_definition_with_3_resources_with_content_types_of_Read_ReadWrite_and_Write" runstate="Runnable" result="Passed" duration="0.002086" asserts="4" />
                      <test-case id="6-2881" name="Should_create_a_ProfileResourceContentTypes_with_just_a_Readable_resource_for_the_Resource_definition_with_just_a_Read_content_type" fullname="EdFi.Ods.Tests.EdFi.Ods.Common.Models.Resource.ProfileResourceModelTests+When_creating_a_Profile_resource_model_from_a_Profile_definition_with_3_resources_with_content_types_of_Read_ReadWrite_and_Write.Should_create_a_ProfileResourceContentTypes_with_just_a_Readable_resource_for_the_Resource_definition_with_just_a_Read_content_type" methodname="Should_create_a_ProfileResourceContentTypes_with_just_a_Readable_resource_for_the_Resource_definition_with_just_a_Read_content_type" classname="EdFi.Ods.Tests.EdFi.Ods.Common.Models.Resource.ProfileResourceModelTests+When_creating_a_Profile_resource_model_from_a_Profile_definition_with_3_resources_with_content_types_of_Read_ReadWrite_and_Write" runstate="Runnable" result="Passed" duration="0.000915" asserts="3" />
                      <test-case id="6-2882" name="Should_create_a_ProfileResourceContentTypes_with_just_a_Writable_resource_for_the_Resource_definition_with_just_a_Write_content_type" fullname="EdFi.Ods.Tests.EdFi.Ods.Common.Models.Resource.ProfileResourceModelTests+When_creating_a_Profile_resource_model_from_a_Profile_definition_with_3_resources_with_content_types_of_Read_ReadWrite_and_Write.Should_create_a_ProfileResourceContentTypes_with_just_a_Writable_resource_for_the_Resource_definition_with_just_a_Write_content_type" methodname="Should_create_a_ProfileResourceContentTypes_with_just_a_Writable_resource_for_the_Resource_definition_with_just_a_Write_content_type" classname="EdFi.Ods.Tests.EdFi.Ods.Common.Models.Resource.ProfileResourceModelTests+When_creating_a_Profile_resource_model_from_a_Profile_definition_with_3_resources_with_content_types_of_Read_ReadWrite_and_Write" runstate="Runnable" result="Passed" duration="0.000912" asserts="3" />
                      <test-case id="6-2879" name="Should_create_a_ProfileResourceModel_with_3_resources" fullname="EdFi.Ods.Tests.EdFi.Ods.Common.Models.Resource.ProfileResourceModelTests+When_creating_a_Profile_resource_model_from_a_Profile_definition_with_3_resources_with_content_types_of_Read_ReadWrite_and_Write.Should_create_a_ProfileResourceModel_with_3_resources" methodname="Should_create_a_ProfileResourceModel_with_3_resources" classname="EdFi.Ods.Tests.EdFi.Ods.Common.Models.Resource.ProfileResourceModelTests+When_creating_a_Profile_resource_model_from_a_Profile_definition_with_3_resources_with_content_types_of_Read_ReadWrite_and_Write" runstate="Runnable" result="Passed" duration="0.000417" asserts="1" />
                      <test-case id="6-2883" name="Should_include_Id_in_all_profiles_even_when_it_is_not_in_the_definition" fullname="EdFi.Ods.Tests.EdFi.Ods.Common.Models.Resource.ProfileResourceModelTests+When_creating_a_Profile_resource_model_from_a_Profile_definition_with_3_resources_with_content_types_of_Read_ReadWrite_and_Write.Should_include_Id_in_all_profiles_even_when_it_is_not_in_the_definition" methodname="Should_include_Id_in_all_profiles_even_when_it_is_not_in_the_definition" classname="EdFi.Ods.Tests.EdFi.Ods.Common.Models.Resource.ProfileResourceModelTests+When_creating_a_Profile_resource_model_from_a_Profile_definition_with_3_resources_with_content_types_of_Read_ReadWrite_and_Write" runstate="Runnable" result="Passed" duration="0.001003" asserts="4" />
                    </test-suite>
                    <test-suite type="TestFixture" id="6-2884" name="ProfileResourceModelTests+When_creating_a_Profile_resource_model_from_a_Profile_definition_with_implicit_aggregate_extensions_using_exclude_only_member_selection" fullname="EdFi.Ods.Tests.EdFi.Ods.Common.Models.Resource.ProfileResourceModelTests+When_creating_a_Profile_resource_model_from_a_Profile_definition_with_implicit_aggregate_extensions_using_exclude_only_member_selection" classname="EdFi.Ods.Tests.EdFi.Ods.Common.Models.Resource.ProfileResourceModelTests+When_creating_a_Profile_resource_model_from_a_Profile_definition_with_implicit_aggregate_extensions_using_exclude_only_member_selection" runstate="Runnable" testcasecount="5" result="Passed" duration="0.080869" total="5" passed="0" failed="0" inconclusive="0" skipped="0" asserts="0">
                      <test-case id="6-2885" name="Should_have_a_sample_extension" fullname="EdFi.Ods.Tests.EdFi.Ods.Common.Models.Resource.ProfileResourceModelTests+When_creating_a_Profile_resource_model_from_a_Profile_definition_with_implicit_aggregate_extensions_using_exclude_only_member_selection.Should_have_a_sample_extension" methodname="Should_have_a_sample_extension" classname="EdFi.Ods.Tests.EdFi.Ods.Common.Models.Resource.ProfileResourceModelTests+When_creating_a_Profile_resource_model_from_a_Profile_definition_with_implicit_aggregate_extensions_using_exclude_only_member_selection" runstate="Runnable" result="Passed" duration="0.007088" asserts="1" />
                      <test-case id="6-2888" name="Should_have_a_student_pet_collection" fullname="EdFi.Ods.Tests.EdFi.Ods.Common.Models.Resource.ProfileResourceModelTests+When_creating_a_Profile_resource_model_from_a_Profile_definition_with_implicit_aggregate_extensions_using_exclude_only_member_selection.Should_have_a_student_pet_collection" methodname="Should_have_a_student_pet_collection" classname="EdFi.Ods.Tests.EdFi.Ods.Common.Models.Resource.ProfileResourceModelTests+When_creating_a_Profile_resource_model_from_a_Profile_definition_with_implicit_aggregate_extensions_using_exclude_only_member_selection" runstate="Runnable" result="Passed" duration="0.000829" asserts="1" />
                      <test-case id="6-2889" name="Should_have_a_student_pet_collection_without_an_is_fixed_property" fullname="EdFi.Ods.Tests.EdFi.Ods.Common.Models.Resource.ProfileResourceModelTests+When_creating_a_Profile_resource_model_from_a_Profile_definition_with_implicit_aggregate_extensions_using_exclude_only_member_selection.Should_have_a_student_pet_collection_without_an_is_fixed_property" methodname="Should_have_a_student_pet_collection_without_an_is_fixed_property" classname="EdFi.Ods.Tests.EdFi.Ods.Common.Models.Resource.ProfileResourceModelTests+When_creating_a_Profile_resource_model_from_a_Profile_definition_with_implicit_aggregate_extensions_using_exclude_only_member_selection" runstate="Runnable" result="Passed" duration="0.001284" asserts="1" />
                      <test-case id="6-2886" name="Should_have_a_student_pet_preference_embedded_object" fullname="EdFi.Ods.Tests.EdFi.Ods.Common.Models.Resource.ProfileResourceModelTests+When_creating_a_Profile_resource_model_from_a_Profile_definition_with_implicit_aggregate_extensions_using_exclude_only_member_selection.Should_have_a_student_pet_preference_embedded_object" methodname="Should_have_a_student_pet_preference_embedded_object" classname="EdFi.Ods.Tests.EdFi.Ods.Common.Models.Resource.ProfileResourceModelTests+When_creating_a_Profile_resource_model_from_a_Profile_definition_with_implicit_aggregate_extensions_using_exclude_only_member_selection" runstate="Runnable" result="Passed" duration="0.001100" asserts="1" />
                      <test-case id="6-2887" name="Should_have_a_student_pet_preference_embedded_object_without_a_minimum_weight_property" fullname="EdFi.Ods.Tests.EdFi.Ods.Common.Models.Resource.ProfileResourceModelTests+When_creating_a_Profile_resource_model_from_a_Profile_definition_with_implicit_aggregate_extensions_using_exclude_only_member_selection.Should_have_a_student_pet_preference_embedded_object_without_a_minimum_weight_property" methodname="Should_have_a_student_pet_preference_embedded_object_without_a_minimum_weight_property" classname="EdFi.Ods.Tests.EdFi.Ods.Common.Models.Resource.ProfileResourceModelTests+When_creating_a_Profile_resource_model_from_a_Profile_definition_with_implicit_aggregate_extensions_using_exclude_only_member_selection" runstate="Runnable" result="Passed" duration="0.001344" asserts="1" />
                    </test-suite>
                    <test-suite type="TestFixture" id="6-2890" name="ProfileResourceModelTests+When_creating_a_Profile_resource_model_from_a_Profile_definition_with_implicit_aggregate_extensions_using_include_only_member_selection" fullname="EdFi.Ods.Tests.EdFi.Ods.Common.Models.Resource.ProfileResourceModelTests+When_creating_a_Profile_resource_model_from_a_Profile_definition_with_implicit_aggregate_extensions_using_include_only_member_selection" classname="EdFi.Ods.Tests.EdFi.Ods.Common.Models.Resource.ProfileResourceModelTests+When_creating_a_Profile_resource_model_from_a_Profile_definition_with_implicit_aggregate_extensions_using_include_only_member_selection" runstate="Runnable" testcasecount="6" result="Passed" duration="0.098807" total="6" passed="0" failed="0" inconclusive="0" skipped="0" asserts="0">
                      <test-case id="6-2891" name="Should_have_a_sample_extension" fullname="EdFi.Ods.Tests.EdFi.Ods.Common.Models.Resource.ProfileResourceModelTests+When_creating_a_Profile_resource_model_from_a_Profile_definition_with_implicit_aggregate_extensions_using_include_only_member_selection.Should_have_a_sample_extension" methodname="Should_have_a_sample_extension" classname="EdFi.Ods.Tests.EdFi.Ods.Common.Models.Resource.ProfileResourceModelTests+When_creating_a_Profile_resource_model_from_a_Profile_definition_with_implicit_aggregate_extensions_using_include_only_member_selection" runstate="Runnable" result="Passed" duration="0.006305" asserts="1" />
                      <test-case id="6-2895" name="Should_have_a_student_pet_collection" fullname="EdFi.Ods.Tests.EdFi.Ods.Common.Models.Resource.ProfileResourceModelTests+When_creating_a_Profile_resource_model_from_a_Profile_definition_with_implicit_aggregate_extensions_using_include_only_member_selection.Should_have_a_student_pet_collection" methodname="Should_have_a_student_pet_collection" classname="EdFi.Ods.Tests.EdFi.Ods.Common.Models.Resource.ProfileResourceModelTests+When_creating_a_Profile_resource_model_from_a_Profile_definition_with_implicit_aggregate_extensions_using_include_only_member_selection" runstate="Runnable" result="Passed" duration="0.000637" asserts="1" />
                      <test-case id="6-2896" name="Should_have_a_student_pet_collection_with_2_properties" fullname="EdFi.Ods.Tests.EdFi.Ods.Common.Models.Resource.ProfileResourceModelTests+When_creating_a_Profile_resource_model_from_a_Profile_definition_with_implicit_aggregate_extensions_using_include_only_member_selection.Should_have_a_student_pet_collection_with_2_properties" methodname="Should_have_a_student_pet_collection_with_2_properties" classname="EdFi.Ods.Tests.EdFi.Ods.Common.Models.Resource.ProfileResourceModelTests+When_creating_a_Profile_resource_model_from_a_Profile_definition_with_implicit_aggregate_extensions_using_include_only_member_selection" runstate="Runnable" result="Passed" duration="0.000704" asserts="1" />
                      <test-case id="6-2892" name="Should_have_a_student_pet_preference_embedded_object" fullname="EdFi.Ods.Tests.EdFi.Ods.Common.Models.Resource.ProfileResourceModelTests+When_creating_a_Profile_resource_model_from_a_Profile_definition_with_implicit_aggregate_extensions_using_include_only_member_selection.Should_have_a_student_pet_preference_embedded_object" methodname="Should_have_a_student_pet_preference_embedded_object" classname="EdFi.Ods.Tests.EdFi.Ods.Common.Models.Resource.ProfileResourceModelTests+When_creating_a_Profile_resource_model_from_a_Profile_definition_with_implicit_aggregate_extensions_using_include_only_member_selection" runstate="Runnable" result="Passed" duration="0.000382" asserts="1" />
                      <test-case id="6-2893" name="Should_have_a_student_pet_preference_embedded_object_with_1_property" fullname="EdFi.Ods.Tests.EdFi.Ods.Common.Models.Resource.ProfileResourceModelTests+When_creating_a_Profile_resource_model_from_a_Profile_definition_with_implicit_aggregate_extensions_using_include_only_member_selection.Should_have_a_student_pet_preference_embedded_object_with_1_property" methodname="Should_have_a_student_pet_preference_embedded_object_with_1_property" classname="EdFi.Ods.Tests.EdFi.Ods.Common.Models.Resource.ProfileResourceModelTests+When_creating_a_Profile_resource_model_from_a_Profile_definition_with_implicit_aggregate_extensions_using_include_only_member_selection" runstate="Runnable" result="Passed" duration="0.000592" asserts="1" />
                      <test-case id="6-2894" name="Should_have_a_student_pet_preference_embedded_object_with_a_minimum_weight_property" fullname="EdFi.Ods.Tests.EdFi.Ods.Common.Models.Resource.ProfileResourceModelTests+When_creating_a_Profile_resource_model_from_a_Profile_definition_with_implicit_aggregate_extensions_using_include_only_member_selection.Should_have_a_student_pet_preference_embedded_object_with_a_minimum_weight_property" methodname="Should_have_a_student_pet_preference_embedded_object_with_a_minimum_weight_property" classname="EdFi.Ods.Tests.EdFi.Ods.Common.Models.Resource.ProfileResourceModelTests+When_creating_a_Profile_resource_model_from_a_Profile_definition_with_implicit_aggregate_extensions_using_include_only_member_selection" runstate="Runnable" result="Passed" duration="0.001152" asserts="1" />
                    </test-suite>
                    <test-suite type="TestFixture" id="6-2803" name="ResourceChildItemTests+When_building_a_resource_with_aggregate_extension" fullname="EdFi.Ods.Tests.EdFi.Ods.Common.Models.Resource.ResourceChildItemTests+When_building_a_resource_with_aggregate_extension" classname="EdFi.Ods.Tests.EdFi.Ods.Common.Models.Resource.ResourceChildItemTests+When_building_a_resource_with_aggregate_extension" runstate="Runnable" testcasecount="5" result="Passed" duration="0.011960" total="5" passed="0" failed="0" inconclusive="0" skipped="0" asserts="0">
                      <test-case id="6-2807" name="Should_have_resource_root_set_properly" fullname="EdFi.Ods.Tests.EdFi.Ods.Common.Models.Resource.ResourceChildItemTests+When_building_a_resource_with_aggregate_extension.Should_have_resource_root_set_properly" methodname="Should_have_resource_root_set_properly" classname="EdFi.Ods.Tests.EdFi.Ods.Common.Models.Resource.ResourceChildItemTests+When_building_a_resource_with_aggregate_extension" runstate="Runnable" result="Passed" duration="0.001518" asserts="3" />
                      <test-case id="6-2806" name="Should_have_the_is_inherited_childitem_property_set_properly" fullname="EdFi.Ods.Tests.EdFi.Ods.Common.Models.Resource.ResourceChildItemTests+When_building_a_resource_with_aggregate_extension.Should_have_the_is_inherited_childitem_property_set_properly" methodname="Should_have_the_is_inherited_childitem_property_set_properly" classname="EdFi.Ods.Tests.EdFi.Ods.Common.Models.Resource.ResourceChildItemTests+When_building_a_resource_with_aggregate_extension" runstate="Runnable" result="Passed" duration="0.002952" asserts="4" />
                      <test-case id="6-2808" name="Should_have_the_lineage_set_properly" fullname="EdFi.Ods.Tests.EdFi.Ods.Common.Models.Resource.ResourceChildItemTests+When_building_a_resource_with_aggregate_extension.Should_have_the_lineage_set_properly" methodname="Should_have_the_lineage_set_properly" classname="EdFi.Ods.Tests.EdFi.Ods.Common.Models.Resource.ResourceChildItemTests+When_building_a_resource_with_aggregate_extension" runstate="Runnable" result="Passed" duration="0.001076" asserts="3" />
                      <test-case id="6-2805" name="Should_have_the_resource_extension_class_property_set_properly" fullname="EdFi.Ods.Tests.EdFi.Ods.Common.Models.Resource.ResourceChildItemTests+When_building_a_resource_with_aggregate_extension.Should_have_the_resource_extension_class_property_set_properly" methodname="Should_have_the_resource_extension_class_property_set_properly" classname="EdFi.Ods.Tests.EdFi.Ods.Common.Models.Resource.ResourceChildItemTests+When_building_a_resource_with_aggregate_extension" runstate="Runnable" result="Passed" duration="0.001041" asserts="4" />
                      <test-case id="6-2804" name="Should_have_the_resource_extension_property_set_properly" fullname="EdFi.Ods.Tests.EdFi.Ods.Common.Models.Resource.ResourceChildItemTests+When_building_a_resource_with_aggregate_extension.Should_have_the_resource_extension_property_set_properly" methodname="Should_have_the_resource_extension_property_set_properly" classname="EdFi.Ods.Tests.EdFi.Ods.Common.Models.Resource.ResourceChildItemTests+When_building_a_resource_with_aggregate_extension" runstate="Runnable" result="Passed" duration="0.001570" asserts="4" />
                    </test-suite>
                    <test-suite type="TestFixture" id="6-1789" name="When_build_a_resource_model_with_references" fullname="EdFi.Ods.Tests.EdFi.Ods.Common.Models.Resource.When_build_a_resource_model_with_references" classname="EdFi.Ods.Tests.EdFi.Ods.Common.Models.Resource.When_build_a_resource_model_with_references" runstate="Runnable" testcasecount="5" result="Passed" duration="0.023956" total="5" passed="0" failed="0" inconclusive="0" skipped="0" asserts="0">
                      <test-case id="6-1790" name="Should_have_a_count_of_references_reflecting_all_descendants_and_embedded_objects" fullname="EdFi.Ods.Tests.EdFi.Ods.Common.Models.Resource.When_build_a_resource_model_with_references.Should_have_a_count_of_references_reflecting_all_descendants_and_embedded_objects" methodname="Should_have_a_count_of_references_reflecting_all_descendants_and_embedded_objects" classname="EdFi.Ods.Tests.EdFi.Ods.Common.Models.Resource.When_build_a_resource_model_with_references" runstate="Runnable" result="Passed" duration="0.001188" asserts="1" />
                      <test-case id="6-1793" name="Should_include_references_from_descendants" fullname="EdFi.Ods.Tests.EdFi.Ods.Common.Models.Resource.When_build_a_resource_model_with_references.Should_include_references_from_descendants" methodname="Should_include_references_from_descendants" classname="EdFi.Ods.Tests.EdFi.Ods.Common.Models.Resource.When_build_a_resource_model_with_references" runstate="Runnable" result="Passed" duration="0.000914" asserts="1" />
                      <test-case id="6-1794" name="Should_include_references_from_embedded_objects" fullname="EdFi.Ods.Tests.EdFi.Ods.Common.Models.Resource.When_build_a_resource_model_with_references.Should_include_references_from_embedded_objects" methodname="Should_include_references_from_embedded_objects" classname="EdFi.Ods.Tests.EdFi.Ods.Common.Models.Resource.When_build_a_resource_model_with_references" runstate="Runnable" result="Passed" duration="0.000654" asserts="1" />
                      <test-case id="6-1792" name="Should_include_references_from_immediate_children" fullname="EdFi.Ods.Tests.EdFi.Ods.Common.Models.Resource.When_build_a_resource_model_with_references.Should_include_references_from_immediate_children" methodname="Should_include_references_from_immediate_children" classname="EdFi.Ods.Tests.EdFi.Ods.Common.Models.Resource.When_build_a_resource_model_with_references" runstate="Runnable" result="Passed" duration="0.000624" asserts="1" />
                      <test-case id="6-1791" name="Should_include_references_from_main_resource" fullname="EdFi.Ods.Tests.EdFi.Ods.Common.Models.Resource.When_build_a_resource_model_with_references.Should_include_references_from_main_resource" methodname="Should_include_references_from_main_resource" classname="EdFi.Ods.Tests.EdFi.Ods.Common.Models.Resource.When_build_a_resource_model_with_references" runstate="Runnable" result="Passed" duration="0.000751" asserts="1" />
                    </test-suite>
                    <test-suite type="TestFixture" id="6-1833" name="When_building_a_domain_model_with_an_entity_WITH_an_explicit_entity_extension_and_aggregate_extensions_consisting_of_an_extension_collection_and_embedded_object" fullname="EdFi.Ods.Tests.EdFi.Ods.Common.Models.Resource.When_building_a_domain_model_with_an_entity_WITH_an_explicit_entity_extension_and_aggregate_extensions_consisting_of_an_extension_collection_and_embedded_object" classname="EdFi.Ods.Tests.EdFi.Ods.Common.Models.Resource.When_building_a_domain_model_with_an_entity_WITH_an_explicit_entity_extension_and_aggregate_extensions_consisting_of_an_extension_collection_and_embedded_object" runstate="Runnable" testcasecount="16" result="Passed" duration="0.026269" total="16" passed="0" failed="0" inconclusive="0" skipped="0" asserts="0">
                      <test-case id="6-1842" name="Should_assign_the_entity_extensions_EdFi_Standard_association_to_reference_the_entity_that_is_being_extended" fullname="EdFi.Ods.Tests.EdFi.Ods.Common.Models.Resource.When_building_a_domain_model_with_an_entity_WITH_an_explicit_entity_extension_and_aggregate_extensions_consisting_of_an_extension_collection_and_embedded_object.Should_assign_the_entity_extensions_EdFi_Standard_association_to_reference_the_entity_that_is_being_extended" methodname="Should_assign_the_entity_extensions_EdFi_Standard_association_to_reference_the_entity_that_is_being_extended" classname="EdFi.Ods.Tests.EdFi.Ods.Common.Models.Resource.When_building_a_domain_model_with_an_entity_WITH_an_explicit_entity_extension_and_aggregate_extensions_consisting_of_an_extension_collection_and_embedded_object" runstate="Runnable" result="Passed" duration="0.000734" asserts="2" />
                      <test-case id="6-1836" name="Should_assign_the_object_type_name_for_the_extension_class_using_a_suffix_of_Extension_applied_to_the_containing_entitys_name" fullname="EdFi.Ods.Tests.EdFi.Ods.Common.Models.Resource.When_building_a_domain_model_with_an_entity_WITH_an_explicit_entity_extension_and_aggregate_extensions_consisting_of_an_extension_collection_and_embedded_object.Should_assign_the_object_type_name_for_the_extension_class_using_a_suffix_of_Extension_applied_to_the_containing_entitys_name" methodname="Should_assign_the_object_type_name_for_the_extension_class_using_a_suffix_of_Extension_applied_to_the_containing_entitys_name" classname="EdFi.Ods.Tests.EdFi.Ods.Common.Models.Resource.When_building_a_domain_model_with_an_entity_WITH_an_explicit_entity_extension_and_aggregate_extensions_consisting_of_an_extension_collection_and_embedded_object" runstate="Runnable" result="Passed" duration="0.000281" asserts="1" />
                      <test-case id="6-1835" name="Should_assign_the_property_name_for_the_extension_class_using_ProperCaseName_conventions_based_on_the_physical_schema_name" fullname="EdFi.Ods.Tests.EdFi.Ods.Common.Models.Resource.When_building_a_domain_model_with_an_entity_WITH_an_explicit_entity_extension_and_aggregate_extensions_consisting_of_an_extension_collection_and_embedded_object.Should_assign_the_property_name_for_the_extension_class_using_ProperCaseName_conventions_based_on_the_physical_schema_name" methodname="Should_assign_the_property_name_for_the_extension_class_using_ProperCaseName_conventions_based_on_the_physical_schema_name" classname="EdFi.Ods.Tests.EdFi.Ods.Common.Models.Resource.When_building_a_domain_model_with_an_entity_WITH_an_explicit_entity_extension_and_aggregate_extensions_consisting_of_an_extension_collection_and_embedded_object" runstate="Runnable" result="Passed" duration="0.000207" asserts="1" />
                      <test-case id="6-1834" name="Should_create_a_single_extension_class" fullname="EdFi.Ods.Tests.EdFi.Ods.Common.Models.Resource.When_building_a_domain_model_with_an_entity_WITH_an_explicit_entity_extension_and_aggregate_extensions_consisting_of_an_extension_collection_and_embedded_object.Should_create_a_single_extension_class" methodname="Should_create_a_single_extension_class" classname="EdFi.Ods.Tests.EdFi.Ods.Common.Models.Resource.When_building_a_domain_model_with_an_entity_WITH_an_explicit_entity_extension_and_aggregate_extensions_consisting_of_an_extension_collection_and_embedded_object" runstate="Runnable" result="Passed" duration="0.000264" asserts="1" />
                      <test-case id="6-1838" name="Should_expose_the_extension_collection_on_the_explicit_extension_object" fullname="EdFi.Ods.Tests.EdFi.Ods.Common.Models.Resource.When_building_a_domain_model_with_an_entity_WITH_an_explicit_entity_extension_and_aggregate_extensions_consisting_of_an_extension_collection_and_embedded_object.Should_expose_the_extension_collection_on_the_explicit_extension_object" methodname="Should_expose_the_extension_collection_on_the_explicit_extension_object" classname="EdFi.Ods.Tests.EdFi.Ods.Common.Models.Resource.When_building_a_domain_model_with_an_entity_WITH_an_explicit_entity_extension_and_aggregate_extensions_consisting_of_an_extension_collection_and_embedded_object" runstate="Runnable" result="Passed" duration="0.000335" asserts="1" />
                      <test-case id="6-1839" name="Should_expose_the_extension_embedded_object_on_the_explicit_extension_object" fullname="EdFi.Ods.Tests.EdFi.Ods.Common.Models.Resource.When_building_a_domain_model_with_an_entity_WITH_an_explicit_entity_extension_and_aggregate_extensions_consisting_of_an_extension_collection_and_embedded_object.Should_expose_the_extension_embedded_object_on_the_explicit_extension_object" methodname="Should_expose_the_extension_embedded_object_on_the_explicit_extension_object" classname="EdFi.Ods.Tests.EdFi.Ods.Common.Models.Resource.When_building_a_domain_model_with_an_entity_WITH_an_explicit_entity_extension_and_aggregate_extensions_consisting_of_an_extension_collection_and_embedded_object" runstate="Runnable" result="Passed" duration="0.000263" asserts="1" />
                      <test-case id="6-1837" name="Should_expose_the_extension_properties" fullname="EdFi.Ods.Tests.EdFi.Ods.Common.Models.Resource.When_building_a_domain_model_with_an_entity_WITH_an_explicit_entity_extension_and_aggregate_extensions_consisting_of_an_extension_collection_and_embedded_object.Should_expose_the_extension_properties" methodname="Should_expose_the_extension_properties" classname="EdFi.Ods.Tests.EdFi.Ods.Common.Models.Resource.When_building_a_domain_model_with_an_entity_WITH_an_explicit_entity_extension_and_aggregate_extensions_consisting_of_an_extension_collection_and_embedded_object" runstate="Runnable" result="Passed" duration="0.000689" asserts="3" />
                      <test-case id="6-1845" name="Should_include_the_resource_class_for_the_entity_extension_in_the_resources_contained_item_types" fullname="EdFi.Ods.Tests.EdFi.Ods.Common.Models.Resource.When_building_a_domain_model_with_an_entity_WITH_an_explicit_entity_extension_and_aggregate_extensions_consisting_of_an_extension_collection_and_embedded_object.Should_include_the_resource_class_for_the_entity_extension_in_the_resources_contained_item_types" methodname="Should_include_the_resource_class_for_the_entity_extension_in_the_resources_contained_item_types" classname="EdFi.Ods.Tests.EdFi.Ods.Common.Models.Resource.When_building_a_domain_model_with_an_entity_WITH_an_explicit_entity_extension_and_aggregate_extensions_consisting_of_an_extension_collection_and_embedded_object" runstate="Runnable" result="Passed" duration="0.000705" asserts="1" />
                      <test-case id="6-1846" name="Should_include_the_resource_class_for_the_extension_collection_in_the_resources_contained_item_types" fullname="EdFi.Ods.Tests.EdFi.Ods.Common.Models.Resource.When_building_a_domain_model_with_an_entity_WITH_an_explicit_entity_extension_and_aggregate_extensions_consisting_of_an_extension_collection_and_embedded_object.Should_include_the_resource_class_for_the_extension_collection_in_the_resources_contained_item_types" methodname="Should_include_the_resource_class_for_the_extension_collection_in_the_resources_contained_item_types" classname="EdFi.Ods.Tests.EdFi.Ods.Common.Models.Resource.When_building_a_domain_model_with_an_entity_WITH_an_explicit_entity_extension_and_aggregate_extensions_consisting_of_an_extension_collection_and_embedded_object" runstate="Runnable" result="Passed" duration="0.000544" asserts="1" />
                      <test-case id="6-1847" name="Should_include_the_resource_class_for_the_extension_embedded_object_in_the_resources_contained_item_types" fullname="EdFi.Ods.Tests.EdFi.Ods.Common.Models.Resource.When_building_a_domain_model_with_an_entity_WITH_an_explicit_entity_extension_and_aggregate_extensions_consisting_of_an_extension_collection_and_embedded_object.Should_include_the_resource_class_for_the_extension_embedded_object_in_the_resources_contained_item_types" methodname="Should_include_the_resource_class_for_the_extension_embedded_object_in_the_resources_contained_item_types" classname="EdFi.Ods.Tests.EdFi.Ods.Common.Models.Resource.When_building_a_domain_model_with_an_entity_WITH_an_explicit_entity_extension_and_aggregate_extensions_consisting_of_an_extension_collection_and_embedded_object" runstate="Runnable" result="Passed" duration="0.000543" asserts="1" />
                      <test-case id="6-1843" name="Should_make_the_extension_entity_a_navigable_child_of_the_standard_entity" fullname="EdFi.Ods.Tests.EdFi.Ods.Common.Models.Resource.When_building_a_domain_model_with_an_entity_WITH_an_explicit_entity_extension_and_aggregate_extensions_consisting_of_an_extension_collection_and_embedded_object.Should_make_the_extension_entity_a_navigable_child_of_the_standard_entity" methodname="Should_make_the_extension_entity_a_navigable_child_of_the_standard_entity" classname="EdFi.Ods.Tests.EdFi.Ods.Common.Models.Resource.When_building_a_domain_model_with_an_entity_WITH_an_explicit_entity_extension_and_aggregate_extensions_consisting_of_an_extension_collection_and_embedded_object" runstate="Runnable" result="Passed" duration="0.001348" asserts="1" />
                      <test-case id="6-1841" name="Should_not_expose_the_extension_collection_on_the_main_resource" fullname="EdFi.Ods.Tests.EdFi.Ods.Common.Models.Resource.When_building_a_domain_model_with_an_entity_WITH_an_explicit_entity_extension_and_aggregate_extensions_consisting_of_an_extension_collection_and_embedded_object.Should_not_expose_the_extension_collection_on_the_main_resource" methodname="Should_not_expose_the_extension_collection_on_the_main_resource" classname="EdFi.Ods.Tests.EdFi.Ods.Common.Models.Resource.When_building_a_domain_model_with_an_entity_WITH_an_explicit_entity_extension_and_aggregate_extensions_consisting_of_an_extension_collection_and_embedded_object" runstate="Runnable" result="Passed" duration="0.000340" asserts="1" />
                      <test-case id="6-1840" name="Should_not_expose_the_extension_embedded_object_on_the_main_resource" fullname="EdFi.Ods.Tests.EdFi.Ods.Common.Models.Resource.When_building_a_domain_model_with_an_entity_WITH_an_explicit_entity_extension_and_aggregate_extensions_consisting_of_an_extension_collection_and_embedded_object.Should_not_expose_the_extension_embedded_object_on_the_main_resource" methodname="Should_not_expose_the_extension_embedded_object_on_the_main_resource" classname="EdFi.Ods.Tests.EdFi.Ods.Common.Models.Resource.When_building_a_domain_model_with_an_entity_WITH_an_explicit_entity_extension_and_aggregate_extensions_consisting_of_an_extension_collection_and_embedded_object" runstate="Runnable" result="Passed" duration="0.000294" asserts="1" />
                      <test-case id="6-1848" name="Should_not_include_any_other_item_types_in_the_resources_contained_item_types" fullname="EdFi.Ods.Tests.EdFi.Ods.Common.Models.Resource.When_building_a_domain_model_with_an_entity_WITH_an_explicit_entity_extension_and_aggregate_extensions_consisting_of_an_extension_collection_and_embedded_object.Should_not_include_any_other_item_types_in_the_resources_contained_item_types" methodname="Should_not_include_any_other_item_types_in_the_resources_contained_item_types" classname="EdFi.Ods.Tests.EdFi.Ods.Common.Models.Resource.When_building_a_domain_model_with_an_entity_WITH_an_explicit_entity_extension_and_aggregate_extensions_consisting_of_an_extension_collection_and_embedded_object" runstate="Runnable" result="Passed" duration="0.000838" asserts="1" />
                      <test-case id="6-1844" name="Should_not_include_the_main_resource_itself_in_the_list_of_its_contained_item_types" fullname="EdFi.Ods.Tests.EdFi.Ods.Common.Models.Resource.When_building_a_domain_model_with_an_entity_WITH_an_explicit_entity_extension_and_aggregate_extensions_consisting_of_an_extension_collection_and_embedded_object.Should_not_include_the_main_resource_itself_in_the_list_of_its_contained_item_types" methodname="Should_not_include_the_main_resource_itself_in_the_list_of_its_contained_item_types" classname="EdFi.Ods.Tests.EdFi.Ods.Common.Models.Resource.When_building_a_domain_model_with_an_entity_WITH_an_explicit_entity_extension_and_aggregate_extensions_consisting_of_an_extension_collection_and_embedded_object" runstate="Runnable" result="Passed" duration="0.000516" asserts="1" />
                      <test-case id="6-1849" name="Should_reassign_the_extension_collections_parent_to_be_the_extension_class_rather_than_the_main_resource_being_extended" fullname="EdFi.Ods.Tests.EdFi.Ods.Common.Models.Resource.When_building_a_domain_model_with_an_entity_WITH_an_explicit_entity_extension_and_aggregate_extensions_consisting_of_an_extension_collection_and_embedded_object.Should_reassign_the_extension_collections_parent_to_be_the_extension_class_rather_than_the_main_resource_being_extended" methodname="Should_reassign_the_extension_collections_parent_to_be_the_extension_class_rather_than_the_main_resource_being_extended" classname="EdFi.Ods.Tests.EdFi.Ods.Common.Models.Resource.When_building_a_domain_model_with_an_entity_WITH_an_explicit_entity_extension_and_aggregate_extensions_consisting_of_an_extension_collection_and_embedded_object" runstate="Runnable" result="Passed" duration="0.000588" asserts="2" />
                    </test-suite>
                    <test-suite type="TestFixture" id="6-1810" name="When_building_a_domain_model_with_an_entity_with_an_implicit_entity_collection_extension" fullname="EdFi.Ods.Tests.EdFi.Ods.Common.Models.Resource.When_building_a_domain_model_with_an_entity_with_an_implicit_entity_collection_extension" classname="EdFi.Ods.Tests.EdFi.Ods.Common.Models.Resource.When_building_a_domain_model_with_an_entity_with_an_implicit_entity_collection_extension" runstate="Runnable" testcasecount="11" result="Passed" duration="0.017941" total="11" passed="0" failed="0" inconclusive="0" skipped="0" asserts="0">
                      <test-case id="6-1814" name="Should_assign_the_object_type_name_for_the_implicit_extension_class_using_a_suffix_of_Extension_applied_to_the_containing_entitys_name" fullname="EdFi.Ods.Tests.EdFi.Ods.Common.Models.Resource.When_building_a_domain_model_with_an_entity_with_an_implicit_entity_collection_extension.Should_assign_the_object_type_name_for_the_implicit_extension_class_using_a_suffix_of_Extension_applied_to_the_containing_entitys_name" methodname="Should_assign_the_object_type_name_for_the_implicit_extension_class_using_a_suffix_of_Extension_applied_to_the_containing_entitys_name" classname="EdFi.Ods.Tests.EdFi.Ods.Common.Models.Resource.When_building_a_domain_model_with_an_entity_with_an_implicit_entity_collection_extension" runstate="Runnable" result="Passed" duration="0.000369" asserts="1" />
                      <test-case id="6-1812" name="Should_assign_the_object_type_schema_proper_case_name_for_the_implicit_extension" fullname="EdFi.Ods.Tests.EdFi.Ods.Common.Models.Resource.When_building_a_domain_model_with_an_entity_with_an_implicit_entity_collection_extension.Should_assign_the_object_type_schema_proper_case_name_for_the_implicit_extension" methodname="Should_assign_the_object_type_schema_proper_case_name_for_the_implicit_extension" classname="EdFi.Ods.Tests.EdFi.Ods.Common.Models.Resource.When_building_a_domain_model_with_an_entity_with_an_implicit_entity_collection_extension" runstate="Runnable" result="Passed" duration="0.000402" asserts="1" />
                      <test-case id="6-1813" name="Should_assign_the_property_name_for_the_implicit_extension_class_using_ProperCaseName_conventions_based_on_the_physical_schema_name" fullname="EdFi.Ods.Tests.EdFi.Ods.Common.Models.Resource.When_building_a_domain_model_with_an_entity_with_an_implicit_entity_collection_extension.Should_assign_the_property_name_for_the_implicit_extension_class_using_ProperCaseName_conventions_based_on_the_physical_schema_name" methodname="Should_assign_the_property_name_for_the_implicit_extension_class_using_ProperCaseName_conventions_based_on_the_physical_schema_name" classname="EdFi.Ods.Tests.EdFi.Ods.Common.Models.Resource.When_building_a_domain_model_with_an_entity_with_an_implicit_entity_collection_extension" runstate="Runnable" result="Passed" duration="0.000248" asserts="1" />
                      <test-case id="6-1815" name="Should_assign_the_resource_schema_name_for_the_implicit_extension_class_to_the_physical_schema_of_the_aggregate_extension" fullname="EdFi.Ods.Tests.EdFi.Ods.Common.Models.Resource.When_building_a_domain_model_with_an_entity_with_an_implicit_entity_collection_extension.Should_assign_the_resource_schema_name_for_the_implicit_extension_class_to_the_physical_schema_of_the_aggregate_extension" methodname="Should_assign_the_resource_schema_name_for_the_implicit_extension_class_to_the_physical_schema_of_the_aggregate_extension" classname="EdFi.Ods.Tests.EdFi.Ods.Common.Models.Resource.When_building_a_domain_model_with_an_entity_with_an_implicit_entity_collection_extension" runstate="Runnable" result="Passed" duration="0.000280" asserts="1" />
                      <test-case id="6-1811" name="Should_create_a_single_extension_class_implicitly" fullname="EdFi.Ods.Tests.EdFi.Ods.Common.Models.Resource.When_building_a_domain_model_with_an_entity_with_an_implicit_entity_collection_extension.Should_create_a_single_extension_class_implicitly" methodname="Should_create_a_single_extension_class_implicitly" classname="EdFi.Ods.Tests.EdFi.Ods.Common.Models.Resource.When_building_a_domain_model_with_an_entity_with_an_implicit_entity_collection_extension" runstate="Runnable" result="Passed" duration="0.000400" asserts="1" />
                      <test-case id="6-1817" name="Should_expose_the_extension_collection_on_the_implicitly_created_extension_object" fullname="EdFi.Ods.Tests.EdFi.Ods.Common.Models.Resource.When_building_a_domain_model_with_an_entity_with_an_implicit_entity_collection_extension.Should_expose_the_extension_collection_on_the_implicitly_created_extension_object" methodname="Should_expose_the_extension_collection_on_the_implicitly_created_extension_object" classname="EdFi.Ods.Tests.EdFi.Ods.Common.Models.Resource.When_building_a_domain_model_with_an_entity_with_an_implicit_entity_collection_extension" runstate="Runnable" result="Passed" duration="0.000412" asserts="1" />
                      <test-case id="6-1819" name="Should_not_expose_the_extension_collection_on_the_main_resource" fullname="EdFi.Ods.Tests.EdFi.Ods.Common.Models.Resource.When_building_a_domain_model_with_an_entity_with_an_implicit_entity_collection_extension.Should_not_expose_the_extension_collection_on_the_main_resource" methodname="Should_not_expose_the_extension_collection_on_the_main_resource" classname="EdFi.Ods.Tests.EdFi.Ods.Common.Models.Resource.When_building_a_domain_model_with_an_entity_with_an_implicit_entity_collection_extension" runstate="Runnable" result="Passed" duration="0.000327" asserts="1" />
                      <test-case id="6-1818" name="Should_not_expose_the_extension_embedded_object_on_the_main_resource" fullname="EdFi.Ods.Tests.EdFi.Ods.Common.Models.Resource.When_building_a_domain_model_with_an_entity_with_an_implicit_entity_collection_extension.Should_not_expose_the_extension_embedded_object_on_the_main_resource" methodname="Should_not_expose_the_extension_embedded_object_on_the_main_resource" classname="EdFi.Ods.Tests.EdFi.Ods.Common.Models.Resource.When_building_a_domain_model_with_an_entity_with_an_implicit_entity_collection_extension" runstate="Runnable" result="Passed" duration="0.000315" asserts="1" />
                      <test-case id="6-1816" name="Should_not_have_an_entity_reference_for_the_implicitly_created_extension_class" fullname="EdFi.Ods.Tests.EdFi.Ods.Common.Models.Resource.When_building_a_domain_model_with_an_entity_with_an_implicit_entity_collection_extension.Should_not_have_an_entity_reference_for_the_implicitly_created_extension_class" methodname="Should_not_have_an_entity_reference_for_the_implicitly_created_extension_class" classname="EdFi.Ods.Tests.EdFi.Ods.Common.Models.Resource.When_building_a_domain_model_with_an_entity_with_an_implicit_entity_collection_extension" runstate="Runnable" result="Passed" duration="0.000240" asserts="1" />
                      <test-case id="6-1821" name="Should_preserve_properties_on_extension_collection" fullname="EdFi.Ods.Tests.EdFi.Ods.Common.Models.Resource.When_building_a_domain_model_with_an_entity_with_an_implicit_entity_collection_extension.Should_preserve_properties_on_extension_collection" methodname="Should_preserve_properties_on_extension_collection" classname="EdFi.Ods.Tests.EdFi.Ods.Common.Models.Resource.When_building_a_domain_model_with_an_entity_with_an_implicit_entity_collection_extension" runstate="Runnable" result="Passed" duration="0.000388" asserts="1" />
                      <test-case id="6-1820" name="Should_reassign_the_extension_collections_parent_to_be_the_implicitly_added_extension_class_rather_than_the_main_resource_being_extended" fullname="EdFi.Ods.Tests.EdFi.Ods.Common.Models.Resource.When_building_a_domain_model_with_an_entity_with_an_implicit_entity_collection_extension.Should_reassign_the_extension_collections_parent_to_be_the_implicitly_added_extension_class_rather_than_the_main_resource_being_extended" methodname="Should_reassign_the_extension_collections_parent_to_be_the_implicitly_added_extension_class_rather_than_the_main_resource_being_extended" classname="EdFi.Ods.Tests.EdFi.Ods.Common.Models.Resource.When_building_a_domain_model_with_an_entity_with_an_implicit_entity_collection_extension" runstate="Runnable" result="Passed" duration="0.001512" asserts="3" />
                    </test-suite>
                    <test-suite type="TestFixture" id="6-1799" name="When_building_a_domain_model_with_an_entity_with_an_implicit_entity_embedded_object_extension" fullname="EdFi.Ods.Tests.EdFi.Ods.Common.Models.Resource.When_building_a_domain_model_with_an_entity_with_an_implicit_entity_embedded_object_extension" classname="EdFi.Ods.Tests.EdFi.Ods.Common.Models.Resource.When_building_a_domain_model_with_an_entity_with_an_implicit_entity_embedded_object_extension" runstate="Runnable" testcasecount="10" result="Passed" duration="0.017635" total="10" passed="0" failed="0" inconclusive="0" skipped="0" asserts="0">
                      <test-case id="6-1803" name="Should_assign_the_object_type_name_for_the_implicit_extension_class_using_a_suffix_of_Extension_applied_to_the_containing_entitys_name" fullname="EdFi.Ods.Tests.EdFi.Ods.Common.Models.Resource.When_building_a_domain_model_with_an_entity_with_an_implicit_entity_embedded_object_extension.Should_assign_the_object_type_name_for_the_implicit_extension_class_using_a_suffix_of_Extension_applied_to_the_containing_entitys_name" methodname="Should_assign_the_object_type_name_for_the_implicit_extension_class_using_a_suffix_of_Extension_applied_to_the_containing_entitys_name" classname="EdFi.Ods.Tests.EdFi.Ods.Common.Models.Resource.When_building_a_domain_model_with_an_entity_with_an_implicit_entity_embedded_object_extension" runstate="Runnable" result="Passed" duration="0.000292" asserts="1" />
                      <test-case id="6-1801" name="Should_assign_the_object_type_schema_proper_case_name_for_the_implicit_extension" fullname="EdFi.Ods.Tests.EdFi.Ods.Common.Models.Resource.When_building_a_domain_model_with_an_entity_with_an_implicit_entity_embedded_object_extension.Should_assign_the_object_type_schema_proper_case_name_for_the_implicit_extension" methodname="Should_assign_the_object_type_schema_proper_case_name_for_the_implicit_extension" classname="EdFi.Ods.Tests.EdFi.Ods.Common.Models.Resource.When_building_a_domain_model_with_an_entity_with_an_implicit_entity_embedded_object_extension" runstate="Runnable" result="Passed" duration="0.000222" asserts="1" />
                      <test-case id="6-1802" name="Should_assign_the_property_name_for_the_implicit_extension_class_using_ProperCaseName_conventions_based_on_the_physical_schema_name" fullname="EdFi.Ods.Tests.EdFi.Ods.Common.Models.Resource.When_building_a_domain_model_with_an_entity_with_an_implicit_entity_embedded_object_extension.Should_assign_the_property_name_for_the_implicit_extension_class_using_ProperCaseName_conventions_based_on_the_physical_schema_name" methodname="Should_assign_the_property_name_for_the_implicit_extension_class_using_ProperCaseName_conventions_based_on_the_physical_schema_name" classname="EdFi.Ods.Tests.EdFi.Ods.Common.Models.Resource.When_building_a_domain_model_with_an_entity_with_an_implicit_entity_embedded_object_extension" runstate="Runnable" result="Passed" duration="0.000210" asserts="1" />
                      <test-case id="6-1804" name="Should_assign_the_resource_schema_name_for_the_implicit_extension_class_to_the_physical_schema_of_the_aggregate_extension" fullname="EdFi.Ods.Tests.EdFi.Ods.Common.Models.Resource.When_building_a_domain_model_with_an_entity_with_an_implicit_entity_embedded_object_extension.Should_assign_the_resource_schema_name_for_the_implicit_extension_class_to_the_physical_schema_of_the_aggregate_extension" methodname="Should_assign_the_resource_schema_name_for_the_implicit_extension_class_to_the_physical_schema_of_the_aggregate_extension" classname="EdFi.Ods.Tests.EdFi.Ods.Common.Models.Resource.When_building_a_domain_model_with_an_entity_with_an_implicit_entity_embedded_object_extension" runstate="Runnable" result="Passed" duration="0.000240" asserts="1" />
                      <test-case id="6-1800" name="Should_create_a_single_extension_class_implicitly" fullname="EdFi.Ods.Tests.EdFi.Ods.Common.Models.Resource.When_building_a_domain_model_with_an_entity_with_an_implicit_entity_embedded_object_extension.Should_create_a_single_extension_class_implicitly" methodname="Should_create_a_single_extension_class_implicitly" classname="EdFi.Ods.Tests.EdFi.Ods.Common.Models.Resource.When_building_a_domain_model_with_an_entity_with_an_implicit_entity_embedded_object_extension" runstate="Runnable" result="Passed" duration="0.000249" asserts="1" />
                      <test-case id="6-1806" name="Should_expose_the_extension_collection_on_the_implicitly_created_extension_object" fullname="EdFi.Ods.Tests.EdFi.Ods.Common.Models.Resource.When_building_a_domain_model_with_an_entity_with_an_implicit_entity_embedded_object_extension.Should_expose_the_extension_collection_on_the_implicitly_created_extension_object" methodname="Should_expose_the_extension_collection_on_the_implicitly_created_extension_object" classname="EdFi.Ods.Tests.EdFi.Ods.Common.Models.Resource.When_building_a_domain_model_with_an_entity_with_an_implicit_entity_embedded_object_extension" runstate="Runnable" result="Passed" duration="0.000721" asserts="1" />
                      <test-case id="6-1808" name="Should_not_expose_the_extension_collection_on_the_main_resource" fullname="EdFi.Ods.Tests.EdFi.Ods.Common.Models.Resource.When_building_a_domain_model_with_an_entity_with_an_implicit_entity_embedded_object_extension.Should_not_expose_the_extension_collection_on_the_main_resource" methodname="Should_not_expose_the_extension_collection_on_the_main_resource" classname="EdFi.Ods.Tests.EdFi.Ods.Common.Models.Resource.When_building_a_domain_model_with_an_entity_with_an_implicit_entity_embedded_object_extension" runstate="Runnable" result="Passed" duration="0.000341" asserts="1" />
                      <test-case id="6-1807" name="Should_not_expose_the_extension_embedded_object_on_the_main_resource" fullname="EdFi.Ods.Tests.EdFi.Ods.Common.Models.Resource.When_building_a_domain_model_with_an_entity_with_an_implicit_entity_embedded_object_extension.Should_not_expose_the_extension_embedded_object_on_the_main_resource" methodname="Should_not_expose_the_extension_embedded_object_on_the_main_resource" classname="EdFi.Ods.Tests.EdFi.Ods.Common.Models.Resource.When_building_a_domain_model_with_an_entity_with_an_implicit_entity_embedded_object_extension" runstate="Runnable" result="Passed" duration="0.000307" asserts="1" />
                      <test-case id="6-1805" name="Should_not_have_an_entity_reference_for_the_implicitly_created_extension_class" fullname="EdFi.Ods.Tests.EdFi.Ods.Common.Models.Resource.When_building_a_domain_model_with_an_entity_with_an_implicit_entity_embedded_object_extension.Should_not_have_an_entity_reference_for_the_implicitly_created_extension_class" methodname="Should_not_have_an_entity_reference_for_the_implicitly_created_extension_class" classname="EdFi.Ods.Tests.EdFi.Ods.Common.Models.Resource.When_building_a_domain_model_with_an_entity_with_an_implicit_entity_embedded_object_extension" runstate="Runnable" result="Passed" duration="0.000221" asserts="1" />
                      <test-case id="6-1809" name="Should_preserve_properties_on_embedded_object" fullname="EdFi.Ods.Tests.EdFi.Ods.Common.Models.Resource.When_building_a_domain_model_with_an_entity_with_an_implicit_entity_embedded_object_extension.Should_preserve_properties_on_embedded_object" methodname="Should_preserve_properties_on_embedded_object" classname="EdFi.Ods.Tests.EdFi.Ods.Common.Models.Resource.When_building_a_domain_model_with_an_entity_with_an_implicit_entity_embedded_object_extension" runstate="Runnable" result="Passed" duration="0.000406" asserts="1" />
                    </test-suite>
                    <test-suite type="TestFixture" id="6-1822" name="When_building_a_domain_model_with_an_entity_WITHOUT_an_explicit_entity_extension_and_aggregate_extensions_consisting_of_an_extension_collection_and_embedded_object" fullname="EdFi.Ods.Tests.EdFi.Ods.Common.Models.Resource.When_building_a_domain_model_with_an_entity_WITHOUT_an_explicit_entity_extension_and_aggregate_extensions_consisting_of_an_extension_collection_and_embedded_object" classname="EdFi.Ods.Tests.EdFi.Ods.Common.Models.Resource.When_building_a_domain_model_with_an_entity_WITHOUT_an_explicit_entity_extension_and_aggregate_extensions_consisting_of_an_extension_collection_and_embedded_object" runstate="Runnable" testcasecount="10" result="Passed" duration="0.017232" total="10" passed="0" failed="0" inconclusive="0" skipped="0" asserts="0">
                      <test-case id="6-1825" name="Should_assign_the_object_type_name_for_the_implicit_extension_class_using_a_suffix_of_Extension_applied_to_the_containing_entitys_name" fullname="EdFi.Ods.Tests.EdFi.Ods.Common.Models.Resource.When_building_a_domain_model_with_an_entity_WITHOUT_an_explicit_entity_extension_and_aggregate_extensions_consisting_of_an_extension_collection_and_embedded_object.Should_assign_the_object_type_name_for_the_implicit_extension_class_using_a_suffix_of_Extension_applied_to_the_containing_entitys_name" methodname="Should_assign_the_object_type_name_for_the_implicit_extension_class_using_a_suffix_of_Extension_applied_to_the_containing_entitys_name" classname="EdFi.Ods.Tests.EdFi.Ods.Common.Models.Resource.When_building_a_domain_model_with_an_entity_WITHOUT_an_explicit_entity_extension_and_aggregate_extensions_consisting_of_an_extension_collection_and_embedded_object" runstate="Runnable" result="Passed" duration="0.000423" asserts="1" />
                      <test-case id="6-1824" name="Should_assign_the_property_name_for_the_implicit_extension_class_using_ProperCaseName_conventions_based_on_the_physical_schema_name" fullname="EdFi.Ods.Tests.EdFi.Ods.Common.Models.Resource.When_building_a_domain_model_with_an_entity_WITHOUT_an_explicit_entity_extension_and_aggregate_extensions_consisting_of_an_extension_collection_and_embedded_object.Should_assign_the_property_name_for_the_implicit_extension_class_using_ProperCaseName_conventions_based_on_the_physical_schema_name" methodname="Should_assign_the_property_name_for_the_implicit_extension_class_using_ProperCaseName_conventions_based_on_the_physical_schema_name" classname="EdFi.Ods.Tests.EdFi.Ods.Common.Models.Resource.When_building_a_domain_model_with_an_entity_WITHOUT_an_explicit_entity_extension_and_aggregate_extensions_consisting_of_an_extension_collection_and_embedded_object" runstate="Runnable" result="Passed" duration="0.000288" asserts="1" />
                      <test-case id="6-1826" name="Should_assign_the_resource_schema_name_for_the_implicit_extension_class_to_the_physical_schema_of_the_aggregate_extension" fullname="EdFi.Ods.Tests.EdFi.Ods.Common.Models.Resource.When_building_a_domain_model_with_an_entity_WITHOUT_an_explicit_entity_extension_and_aggregate_extensions_consisting_of_an_extension_collection_and_embedded_object.Should_assign_the_resource_schema_name_for_the_implicit_extension_class_to_the_physical_schema_of_the_aggregate_extension" methodname="Should_assign_the_resource_schema_name_for_the_implicit_extension_class_to_the_physical_schema_of_the_aggregate_extension" classname="EdFi.Ods.Tests.EdFi.Ods.Common.Models.Resource.When_building_a_domain_model_with_an_entity_WITHOUT_an_explicit_entity_extension_and_aggregate_extensions_consisting_of_an_extension_collection_and_embedded_object" runstate="Runnable" result="Passed" duration="0.000450" asserts="1" />
                      <test-case id="6-1823" name="Should_create_a_single_extension_class_implicitly" fullname="EdFi.Ods.Tests.EdFi.Ods.Common.Models.Resource.When_building_a_domain_model_with_an_entity_WITHOUT_an_explicit_entity_extension_and_aggregate_extensions_consisting_of_an_extension_collection_and_embedded_object.Should_create_a_single_extension_class_implicitly" methodname="Should_create_a_single_extension_class_implicitly" classname="EdFi.Ods.Tests.EdFi.Ods.Common.Models.Resource.When_building_a_domain_model_with_an_entity_WITHOUT_an_explicit_entity_extension_and_aggregate_extensions_consisting_of_an_extension_collection_and_embedded_object" runstate="Runnable" result="Passed" duration="0.000282" asserts="1" />
                      <test-case id="6-1828" name="Should_expose_the_extension_collection_on_the_implicitly_created_extension_object" fullname="EdFi.Ods.Tests.EdFi.Ods.Common.Models.Resource.When_building_a_domain_model_with_an_entity_WITHOUT_an_explicit_entity_extension_and_aggregate_extensions_consisting_of_an_extension_collection_and_embedded_object.Should_expose_the_extension_collection_on_the_implicitly_created_extension_object" methodname="Should_expose_the_extension_collection_on_the_implicitly_created_extension_object" classname="EdFi.Ods.Tests.EdFi.Ods.Common.Models.Resource.When_building_a_domain_model_with_an_entity_WITHOUT_an_explicit_entity_extension_and_aggregate_extensions_consisting_of_an_extension_collection_and_embedded_object" runstate="Runnable" result="Passed" duration="0.000330" asserts="1" />
                      <test-case id="6-1829" name="Should_expose_the_extension_embedded_object_on_the_implicitly_created_extension_object" fullname="EdFi.Ods.Tests.EdFi.Ods.Common.Models.Resource.When_building_a_domain_model_with_an_entity_WITHOUT_an_explicit_entity_extension_and_aggregate_extensions_consisting_of_an_extension_collection_and_embedded_object.Should_expose_the_extension_embedded_object_on_the_implicitly_created_extension_object" methodname="Should_expose_the_extension_embedded_object_on_the_implicitly_created_extension_object" classname="EdFi.Ods.Tests.EdFi.Ods.Common.Models.Resource.When_building_a_domain_model_with_an_entity_WITHOUT_an_explicit_entity_extension_and_aggregate_extensions_consisting_of_an_extension_collection_and_embedded_object" runstate="Runnable" result="Passed" duration="0.000267" asserts="1" />
                      <test-case id="6-1831" name="Should_not_expose_the_extension_collection_on_the_main_resource" fullname="EdFi.Ods.Tests.EdFi.Ods.Common.Models.Resource.When_building_a_domain_model_with_an_entity_WITHOUT_an_explicit_entity_extension_and_aggregate_extensions_consisting_of_an_extension_collection_and_embedded_object.Should_not_expose_the_extension_collection_on_the_main_resource" methodname="Should_not_expose_the_extension_collection_on_the_main_resource" classname="EdFi.Ods.Tests.EdFi.Ods.Common.Models.Resource.When_building_a_domain_model_with_an_entity_WITHOUT_an_explicit_entity_extension_and_aggregate_extensions_consisting_of_an_extension_collection_and_embedded_object" runstate="Runnable" result="Passed" duration="0.000381" asserts="1" />
                      <test-case id="6-1830" name="Should_not_expose_the_extension_embedded_object_on_the_main_resource" fullname="EdFi.Ods.Tests.EdFi.Ods.Common.Models.Resource.When_building_a_domain_model_with_an_entity_WITHOUT_an_explicit_entity_extension_and_aggregate_extensions_consisting_of_an_extension_collection_and_embedded_object.Should_not_expose_the_extension_embedded_object_on_the_main_resource" methodname="Should_not_expose_the_extension_embedded_object_on_the_main_resource" classname="EdFi.Ods.Tests.EdFi.Ods.Common.Models.Resource.When_building_a_domain_model_with_an_entity_WITHOUT_an_explicit_entity_extension_and_aggregate_extensions_consisting_of_an_extension_collection_and_embedded_object" runstate="Runnable" result="Passed" duration="0.000309" asserts="1" />
                      <test-case id="6-1827" name="Should_not_have_an_entity_reference_for_the_implicitly_created_extension_class" fullname="EdFi.Ods.Tests.EdFi.Ods.Common.Models.Resource.When_building_a_domain_model_with_an_entity_WITHOUT_an_explicit_entity_extension_and_aggregate_extensions_consisting_of_an_extension_collection_and_embedded_object.Should_not_have_an_entity_reference_for_the_implicitly_created_extension_class" methodname="Should_not_have_an_entity_reference_for_the_implicitly_created_extension_class" classname="EdFi.Ods.Tests.EdFi.Ods.Common.Models.Resource.When_building_a_domain_model_with_an_entity_WITHOUT_an_explicit_entity_extension_and_aggregate_extensions_consisting_of_an_extension_collection_and_embedded_object" runstate="Runnable" result="Passed" duration="0.000217" asserts="1" />
                      <test-case id="6-1832" name="Should_reassign_the_extension_collections_parent_to_be_the_implicitly_added_extension_class_rather_than_the_main_resource_being_extended" fullname="EdFi.Ods.Tests.EdFi.Ods.Common.Models.Resource.When_building_a_domain_model_with_an_entity_WITHOUT_an_explicit_entity_extension_and_aggregate_extensions_consisting_of_an_extension_collection_and_embedded_object.Should_reassign_the_extension_collections_parent_to_be_the_implicitly_added_extension_class_rather_than_the_main_resource_being_extended" methodname="Should_reassign_the_extension_collections_parent_to_be_the_implicitly_added_extension_class_rather_than_the_main_resource_being_extended" classname="EdFi.Ods.Tests.EdFi.Ods.Common.Models.Resource.When_building_a_domain_model_with_an_entity_WITHOUT_an_explicit_entity_extension_and_aggregate_extensions_consisting_of_an_extension_collection_and_embedded_object" runstate="Runnable" result="Passed" duration="0.000548" asserts="3" />
                    </test-suite>
                    <test-suite type="TestFixture" id="6-1782" name="When_building_a_resource_based_on_a_derived_entity_with_conflicting_names" fullname="EdFi.Ods.Tests.EdFi.Ods.Common.Models.Resource.When_building_a_resource_based_on_a_derived_entity_with_conflicting_names" classname="EdFi.Ods.Tests.EdFi.Ods.Common.Models.Resource.When_building_a_resource_based_on_a_derived_entity_with_conflicting_names" runstate="Runnable" testcasecount="6" result="Passed" duration="0.022690" total="6" passed="0" failed="0" inconclusive="0" skipped="0" asserts="0">
                      <test-case id="6-1786" name="Should_apply_the_entity_prefix_removal_convention_to_collections_where_conflict_would_not_result" fullname="EdFi.Ods.Tests.EdFi.Ods.Common.Models.Resource.When_building_a_resource_based_on_a_derived_entity_with_conflicting_names.Should_apply_the_entity_prefix_removal_convention_to_collections_where_conflict_would_not_result" methodname="Should_apply_the_entity_prefix_removal_convention_to_collections_where_conflict_would_not_result" classname="EdFi.Ods.Tests.EdFi.Ods.Common.Models.Resource.When_building_a_resource_based_on_a_derived_entity_with_conflicting_names" runstate="Runnable" result="Passed" duration="0.001738" asserts="2" />
                      <test-case id="6-1784" name="Should_apply_the_entity_prefix_removal_convention_to_properties_where_conflict_would_not_result" fullname="EdFi.Ods.Tests.EdFi.Ods.Common.Models.Resource.When_building_a_resource_based_on_a_derived_entity_with_conflicting_names.Should_apply_the_entity_prefix_removal_convention_to_properties_where_conflict_would_not_result" methodname="Should_apply_the_entity_prefix_removal_convention_to_properties_where_conflict_would_not_result" classname="EdFi.Ods.Tests.EdFi.Ods.Common.Models.Resource.When_building_a_resource_based_on_a_derived_entity_with_conflicting_names" runstate="Runnable" result="Passed" duration="0.000817" asserts="2" />
                      <test-case id="6-1788" name="Should_include_the_derived_entity_inheritance_association_property_in_the_resource" fullname="EdFi.Ods.Tests.EdFi.Ods.Common.Models.Resource.When_building_a_resource_based_on_a_derived_entity_with_conflicting_names.Should_include_the_derived_entity_inheritance_association_property_in_the_resource" methodname="Should_include_the_derived_entity_inheritance_association_property_in_the_resource" classname="EdFi.Ods.Tests.EdFi.Ods.Common.Models.Resource.When_building_a_resource_based_on_a_derived_entity_with_conflicting_names" runstate="Runnable" result="Passed" duration="0.000782" asserts="1" />
                      <test-case id="6-1785" name="Should_not_apply_the_entity_prefix_removal_convention_to_collections_where_conflicts_would_result" fullname="EdFi.Ods.Tests.EdFi.Ods.Common.Models.Resource.When_building_a_resource_based_on_a_derived_entity_with_conflicting_names.Should_not_apply_the_entity_prefix_removal_convention_to_collections_where_conflicts_would_result" methodname="Should_not_apply_the_entity_prefix_removal_convention_to_collections_where_conflicts_would_result" classname="EdFi.Ods.Tests.EdFi.Ods.Common.Models.Resource.When_building_a_resource_based_on_a_derived_entity_with_conflicting_names" runstate="Runnable" result="Passed" duration="0.000861" asserts="2" />
                      <test-case id="6-1783" name="Should_not_apply_the_entity_prefix_removal_convention_to_properties_where_conflicts_would_result" fullname="EdFi.Ods.Tests.EdFi.Ods.Common.Models.Resource.When_building_a_resource_based_on_a_derived_entity_with_conflicting_names.Should_not_apply_the_entity_prefix_removal_convention_to_properties_where_conflicts_would_result" methodname="Should_not_apply_the_entity_prefix_removal_convention_to_properties_where_conflicts_would_result" classname="EdFi.Ods.Tests.EdFi.Ods.Common.Models.Resource.When_building_a_resource_based_on_a_derived_entity_with_conflicting_names" runstate="Runnable" result="Passed" duration="0.001099" asserts="2" />
                      <test-case id="6-1787" name="Should_not_include_the_base_entity_inheritance_association_property_in_the_resource" fullname="EdFi.Ods.Tests.EdFi.Ods.Common.Models.Resource.When_building_a_resource_based_on_a_derived_entity_with_conflicting_names.Should_not_include_the_base_entity_inheritance_association_property_in_the_resource" methodname="Should_not_include_the_base_entity_inheritance_association_property_in_the_resource" classname="EdFi.Ods.Tests.EdFi.Ods.Common.Models.Resource.When_building_a_resource_based_on_a_derived_entity_with_conflicting_names" runstate="Runnable" result="Passed" duration="0.001372" asserts="1" />
                    </test-suite>
                    <test-suite type="TestFixture" id="6-1795" name="When_building_a_resource_model" fullname="EdFi.Ods.Tests.EdFi.Ods.Common.Models.Resource.When_building_a_resource_model" classname="EdFi.Ods.Tests.EdFi.Ods.Common.Models.Resource.When_building_a_resource_model" runstate="Runnable" testcasecount="1" result="Passed" duration="0.005174" total="1" passed="0" failed="0" inconclusive="0" skipped="0" asserts="0">
                      <test-case id="6-1796" name="Should_have_same_fullname_as_entity" fullname="EdFi.Ods.Tests.EdFi.Ods.Common.Models.Resource.When_building_a_resource_model.Should_have_same_fullname_as_entity" methodname="Should_have_same_fullname_as_entity" classname="EdFi.Ods.Tests.EdFi.Ods.Common.Models.Resource.When_building_a_resource_model" runstate="Runnable" result="Passed" duration="0.000390" asserts="1" />
                    </test-suite>
                    <test-suite type="TestFixture" id="6-1797" name="When_building_a_resource_model_with_no_entity" fullname="EdFi.Ods.Tests.EdFi.Ods.Common.Models.Resource.When_building_a_resource_model_with_no_entity" classname="EdFi.Ods.Tests.EdFi.Ods.Common.Models.Resource.When_building_a_resource_model_with_no_entity" runstate="Runnable" testcasecount="1" result="Passed" duration="0.000768" total="1" passed="0" failed="0" inconclusive="0" skipped="0" asserts="0">
                      <test-case id="6-1798" name="Should_have_same_fullname_as_entity" fullname="EdFi.Ods.Tests.EdFi.Ods.Common.Models.Resource.When_building_a_resource_model_with_no_entity.Should_have_same_fullname_as_entity" methodname="Should_have_same_fullname_as_entity" classname="EdFi.Ods.Tests.EdFi.Ods.Common.Models.Resource.When_building_a_resource_model_with_no_entity" runstate="Runnable" result="Passed" duration="0.000252" asserts="1" />
                    </test-suite>
                  </test-suite>
                  <test-suite type="Namespace" id="6-3348" name="Validation" fullname="EdFi.Ods.Tests.EdFi.Ods.Common.Models.Validation" runstate="Runnable" testcasecount="7" result="Passed" duration="0.041314" total="7" passed="0" failed="0" inconclusive="0" skipped="0" asserts="0">
                    <test-suite type="TestFixture" id="6-2680" name="AssociationValidatorTests+When_AssociationValidator_detects_a_faulty_association_schema" fullname="EdFi.Ods.Tests.EdFi.Ods.Common.Models.Validation.AssociationValidatorTests+When_AssociationValidator_detects_a_faulty_association_schema" classname="EdFi.Ods.Tests.EdFi.Ods.Common.Models.Validation.AssociationValidatorTests+When_AssociationValidator_detects_a_faulty_association_schema" runstate="Runnable" testcasecount="1" result="Passed" duration="0.006976" total="1" passed="0" failed="0" inconclusive="0" skipped="0" asserts="0">
                      <test-case id="6-2681" name="Ensure_that_the_ActualException_contains_error_text" fullname="EdFi.Ods.Tests.EdFi.Ods.Common.Models.Validation.AssociationValidatorTests+When_AssociationValidator_detects_a_faulty_association_schema.Ensure_that_the_ActualException_contains_error_text" methodname="Ensure_that_the_ActualException_contains_error_text" classname="EdFi.Ods.Tests.EdFi.Ods.Common.Models.Validation.AssociationValidatorTests+When_AssociationValidator_detects_a_faulty_association_schema" runstate="Runnable" result="Passed" duration="0.000535" asserts="2" />
                    </test-suite>
                    <test-suite type="TestFixture" id="6-2682" name="AssociationValidatorTests+When_AssociationValidator_detects_a_good_association_schema" fullname="EdFi.Ods.Tests.EdFi.Ods.Common.Models.Validation.AssociationValidatorTests+When_AssociationValidator_detects_a_good_association_schema" classname="EdFi.Ods.Tests.EdFi.Ods.Common.Models.Validation.AssociationValidatorTests+When_AssociationValidator_detects_a_good_association_schema" runstate="Runnable" testcasecount="2" result="Passed" duration="0.007104" total="2" passed="0" failed="0" inconclusive="0" skipped="0" asserts="0">
                      <test-case id="6-2683" name="Ensure_that_the_ActualException_should_be_null" fullname="EdFi.Ods.Tests.EdFi.Ods.Common.Models.Validation.AssociationValidatorTests+When_AssociationValidator_detects_a_good_association_schema.Ensure_that_the_ActualException_should_be_null" methodname="Ensure_that_the_ActualException_should_be_null" classname="EdFi.Ods.Tests.EdFi.Ods.Common.Models.Validation.AssociationValidatorTests+When_AssociationValidator_detects_a_good_association_schema" runstate="Runnable" result="Passed" duration="0.000287" asserts="1" />
                      <test-case id="6-2684" name="Ensure_that_the_domain_model_is_not_null" fullname="EdFi.Ods.Tests.EdFi.Ods.Common.Models.Validation.AssociationValidatorTests+When_AssociationValidator_detects_a_good_association_schema.Ensure_that_the_domain_model_is_not_null" methodname="Ensure_that_the_domain_model_is_not_null" classname="EdFi.Ods.Tests.EdFi.Ods.Common.Models.Validation.AssociationValidatorTests+When_AssociationValidator_detects_a_good_association_schema" runstate="Runnable" result="Passed" duration="0.000244" asserts="1" />
                    </test-suite>
                    <test-suite type="TestFixture" id="6-2687" name="EntityValidatorTests+When_building_a_domain_model_with_all_entities_using_defined_schemas" fullname="EdFi.Ods.Tests.EdFi.Ods.Common.Models.Validation.EntityValidatorTests+When_building_a_domain_model_with_all_entities_using_defined_schemas" classname="EdFi.Ods.Tests.EdFi.Ods.Common.Models.Validation.EntityValidatorTests+When_building_a_domain_model_with_all_entities_using_defined_schemas" runstate="Runnable" testcasecount="1" result="Passed" duration="0.005575" total="1" passed="0" failed="0" inconclusive="0" skipped="0" asserts="0">
                      <test-case id="6-2688" name="Should_build_the_domain_model_without_validation_errors" fullname="EdFi.Ods.Tests.EdFi.Ods.Common.Models.Validation.EntityValidatorTests+When_building_a_domain_model_with_all_entities_using_defined_schemas.Should_build_the_domain_model_without_validation_errors" methodname="Should_build_the_domain_model_without_validation_errors" classname="EdFi.Ods.Tests.EdFi.Ods.Common.Models.Validation.EntityValidatorTests+When_building_a_domain_model_with_all_entities_using_defined_schemas" runstate="Runnable" result="Passed" duration="0.000280" asserts="1" />
                    </test-suite>
                    <test-suite type="TestFixture" id="6-2685" name="EntityValidatorTests+When_building_a_domain_model_with_an_entity_using_an_undefined_schema" fullname="EdFi.Ods.Tests.EdFi.Ods.Common.Models.Validation.EntityValidatorTests+When_building_a_domain_model_with_an_entity_using_an_undefined_schema" classname="EdFi.Ods.Tests.EdFi.Ods.Common.Models.Validation.EntityValidatorTests+When_building_a_domain_model_with_an_entity_using_an_undefined_schema" runstate="Runnable" testcasecount="1" result="Passed" duration="0.005695" total="1" passed="0" failed="0" inconclusive="0" skipped="0" asserts="0">
                      <test-case id="6-2686" name="Should_indicate_that_the_entity_uses_an_undefined_schema" fullname="EdFi.Ods.Tests.EdFi.Ods.Common.Models.Validation.EntityValidatorTests+When_building_a_domain_model_with_an_entity_using_an_undefined_schema.Should_indicate_that_the_entity_uses_an_undefined_schema" methodname="Should_indicate_that_the_entity_uses_an_undefined_schema" classname="EdFi.Ods.Tests.EdFi.Ods.Common.Models.Validation.EntityValidatorTests+When_building_a_domain_model_with_an_entity_using_an_undefined_schema" runstate="Runnable" result="Passed" duration="0.000370" asserts="2" />
                    </test-suite>
                    <test-suite type="TestFixture" id="6-1725" name="When_building_a_domain_model_containing_an_aggregate_using_a_defined_schema" fullname="EdFi.Ods.Tests.EdFi.Ods.Common.Models.Validation.When_building_a_domain_model_containing_an_aggregate_using_a_defined_schema" classname="EdFi.Ods.Tests.EdFi.Ods.Common.Models.Validation.When_building_a_domain_model_containing_an_aggregate_using_a_defined_schema" runstate="Runnable" testcasecount="1" result="Passed" duration="0.005320" total="1" passed="0" failed="0" inconclusive="0" skipped="0" asserts="0">
                      <test-case id="6-1726" name="Should_build_the_domain_model_without_validation_errors" fullname="EdFi.Ods.Tests.EdFi.Ods.Common.Models.Validation.When_building_a_domain_model_containing_an_aggregate_using_a_defined_schema.Should_build_the_domain_model_without_validation_errors" methodname="Should_build_the_domain_model_without_validation_errors" classname="EdFi.Ods.Tests.EdFi.Ods.Common.Models.Validation.When_building_a_domain_model_containing_an_aggregate_using_a_defined_schema" runstate="Runnable" result="Passed" duration="0.000308" asserts="1" />
                    </test-suite>
                    <test-suite type="TestFixture" id="6-1723" name="When_building_a_domain_model_containing_an_aggregate_using_an_undefined_schema" fullname="EdFi.Ods.Tests.EdFi.Ods.Common.Models.Validation.When_building_a_domain_model_containing_an_aggregate_using_an_undefined_schema" classname="EdFi.Ods.Tests.EdFi.Ods.Common.Models.Validation.When_building_a_domain_model_containing_an_aggregate_using_an_undefined_schema" runstate="Runnable" testcasecount="1" result="Passed" duration="0.005126" total="1" passed="0" failed="0" inconclusive="0" skipped="0" asserts="0">
                      <test-case id="6-1724" name="Should_indicate_that_the_aggregate_uses_an_undefined_schema" fullname="EdFi.Ods.Tests.EdFi.Ods.Common.Models.Validation.When_building_a_domain_model_containing_an_aggregate_using_an_undefined_schema.Should_indicate_that_the_aggregate_uses_an_undefined_schema" methodname="Should_indicate_that_the_aggregate_uses_an_undefined_schema" classname="EdFi.Ods.Tests.EdFi.Ods.Common.Models.Validation.When_building_a_domain_model_containing_an_aggregate_using_an_undefined_schema" runstate="Runnable" result="Passed" duration="0.000323" asserts="2" />
                    </test-suite>
                  </test-suite>
                </test-suite>
                <test-suite type="TestFixture" id="6-1643" name="SchemaNameMapProviderTests" fullname="EdFi.Ods.Tests.EdFi.Ods.Common.SchemaNameMapProviderTests" classname="EdFi.Ods.Tests.EdFi.Ods.Common.SchemaNameMapProviderTests" runstate="Runnable" testcasecount="0" result="Inconclusive" duration="0.000239" total="0" passed="0" failed="0" inconclusive="0" skipped="0" asserts="0" />
                <test-suite type="TestFixture" id="6-2517" name="SchemaNameMapProviderTests+When_initializing_the_schema_name_map_provider_with_a_null_logical_name" fullname="EdFi.Ods.Tests.EdFi.Ods.Common.SchemaNameMapProviderTests+When_initializing_the_schema_name_map_provider_with_a_null_logical_name" classname="EdFi.Ods.Tests.EdFi.Ods.Common.SchemaNameMapProviderTests+When_initializing_the_schema_name_map_provider_with_a_null_logical_name" runstate="Runnable" testcasecount="1" result="Passed" duration="0.008896" total="1" passed="0" failed="0" inconclusive="0" skipped="0" asserts="0">
                  <test-case id="6-2518" name="Should_throw_an_exception" fullname="EdFi.Ods.Tests.EdFi.Ods.Common.SchemaNameMapProviderTests+When_initializing_the_schema_name_map_provider_with_a_null_logical_name.Should_throw_an_exception" methodname="Should_throw_an_exception" classname="EdFi.Ods.Tests.EdFi.Ods.Common.SchemaNameMapProviderTests+When_initializing_the_schema_name_map_provider_with_a_null_logical_name" runstate="Runnable" result="Passed" duration="0.006276" asserts="1" />
                </test-suite>
                <test-suite type="TestFixture" id="6-2521" name="SchemaNameMapProviderTests+When_initializing_the_schema_name_map_provider_with_a_null_physical_name" fullname="EdFi.Ods.Tests.EdFi.Ods.Common.SchemaNameMapProviderTests+When_initializing_the_schema_name_map_provider_with_a_null_physical_name" classname="EdFi.Ods.Tests.EdFi.Ods.Common.SchemaNameMapProviderTests+When_initializing_the_schema_name_map_provider_with_a_null_physical_name" runstate="Runnable" testcasecount="1" result="Passed" duration="0.001283" total="1" passed="0" failed="0" inconclusive="0" skipped="0" asserts="0">
                  <test-case id="6-2522" name="Should_throw_an_exception" fullname="EdFi.Ods.Tests.EdFi.Ods.Common.SchemaNameMapProviderTests+When_initializing_the_schema_name_map_provider_with_a_null_physical_name.Should_throw_an_exception" methodname="Should_throw_an_exception" classname="EdFi.Ods.Tests.EdFi.Ods.Common.SchemaNameMapProviderTests+When_initializing_the_schema_name_map_provider_with_a_null_physical_name" runstate="Runnable" result="Passed" duration="0.000378" asserts="1" />
                </test-suite>
                <test-suite type="TestFixture" id="6-2519" name="SchemaNameMapProviderTests+When_initializing_the_schema_name_map_provider_with_an_empty_logical_name" fullname="EdFi.Ods.Tests.EdFi.Ods.Common.SchemaNameMapProviderTests+When_initializing_the_schema_name_map_provider_with_an_empty_logical_name" classname="EdFi.Ods.Tests.EdFi.Ods.Common.SchemaNameMapProviderTests+When_initializing_the_schema_name_map_provider_with_an_empty_logical_name" runstate="Runnable" testcasecount="1" result="Passed" duration="0.001154" total="1" passed="0" failed="0" inconclusive="0" skipped="0" asserts="0">
                  <test-case id="6-2520" name="Should_throw_an_exception" fullname="EdFi.Ods.Tests.EdFi.Ods.Common.SchemaNameMapProviderTests+When_initializing_the_schema_name_map_provider_with_an_empty_logical_name.Should_throw_an_exception" methodname="Should_throw_an_exception" classname="EdFi.Ods.Tests.EdFi.Ods.Common.SchemaNameMapProviderTests+When_initializing_the_schema_name_map_provider_with_an_empty_logical_name" runstate="Runnable" result="Passed" duration="0.000351" asserts="1" />
                </test-suite>
                <test-suite type="TestFixture" id="6-2523" name="SchemaNameMapProviderTests+When_initializing_the_schema_name_map_provider_with_an_empty_physical_name" fullname="EdFi.Ods.Tests.EdFi.Ods.Common.SchemaNameMapProviderTests+When_initializing_the_schema_name_map_provider_with_an_empty_physical_name" classname="EdFi.Ods.Tests.EdFi.Ods.Common.SchemaNameMapProviderTests+When_initializing_the_schema_name_map_provider_with_an_empty_physical_name" runstate="Runnable" testcasecount="1" result="Passed" duration="0.001310" total="1" passed="0" failed="0" inconclusive="0" skipped="0" asserts="0">
                  <test-case id="6-2524" name="Should_throw_an_exception" fullname="EdFi.Ods.Tests.EdFi.Ods.Common.SchemaNameMapProviderTests+When_initializing_the_schema_name_map_provider_with_an_empty_physical_name.Should_throw_an_exception" methodname="Should_throw_an_exception" classname="EdFi.Ods.Tests.EdFi.Ods.Common.SchemaNameMapProviderTests+When_initializing_the_schema_name_map_provider_with_an_empty_physical_name" runstate="Runnable" result="Passed" duration="0.000528" asserts="1" />
                </test-suite>
                <test-suite type="TestFixture" id="6-2500" name="SchemaNameMapProviderTests+When_mapping_schema_names" fullname="EdFi.Ods.Tests.EdFi.Ods.Common.SchemaNameMapProviderTests+When_mapping_schema_names" classname="EdFi.Ods.Tests.EdFi.Ods.Common.SchemaNameMapProviderTests+When_mapping_schema_names" runstate="Runnable" testcasecount="1" result="Passed" duration="0.004317" total="1" passed="0" failed="0" inconclusive="0" skipped="0" asserts="0">
                  <test-case id="6-2501" name="Should_map_all_names_to_and_from_each_other" fullname="EdFi.Ods.Tests.EdFi.Ods.Common.SchemaNameMapProviderTests+When_mapping_schema_names.Should_map_all_names_to_and_from_each_other" methodname="Should_map_all_names_to_and_from_each_other" classname="EdFi.Ods.Tests.EdFi.Ods.Common.SchemaNameMapProviderTests+When_mapping_schema_names" runstate="Runnable" result="Passed" duration="0.000836" asserts="3" />
                </test-suite>
                <test-suite type="TestFixture" id="6-2508" name="SchemaNameMapProviderTests+When_mapping_schema_names_based_on_a_logical_name_containing_spaces" fullname="EdFi.Ods.Tests.EdFi.Ods.Common.SchemaNameMapProviderTests+When_mapping_schema_names_based_on_a_logical_name_containing_spaces" classname="EdFi.Ods.Tests.EdFi.Ods.Common.SchemaNameMapProviderTests+When_mapping_schema_names_based_on_a_logical_name_containing_spaces" runstate="Runnable" testcasecount="2" result="Passed" duration="0.003808" total="2" passed="0" failed="0" inconclusive="0" skipped="0" asserts="0">
                  <test-case id="6-2509" name="Should_create_ProperCaseName_by_converting_to_proper_casing_and_removing_spaces" fullname="EdFi.Ods.Tests.EdFi.Ods.Common.SchemaNameMapProviderTests+When_mapping_schema_names_based_on_a_logical_name_containing_spaces.Should_create_ProperCaseName_by_converting_to_proper_casing_and_removing_spaces" methodname="Should_create_ProperCaseName_by_converting_to_proper_casing_and_removing_spaces" classname="EdFi.Ods.Tests.EdFi.Ods.Common.SchemaNameMapProviderTests+When_mapping_schema_names_based_on_a_logical_name_containing_spaces" runstate="Runnable" result="Passed" duration="0.000226" asserts="1" />
                  <test-case id="6-2510" name="Should_create_UriSegment_by_converting_to_lower_case_and_replacing_spaces_with_hyphens" fullname="EdFi.Ods.Tests.EdFi.Ods.Common.SchemaNameMapProviderTests+When_mapping_schema_names_based_on_a_logical_name_containing_spaces.Should_create_UriSegment_by_converting_to_lower_case_and_replacing_spaces_with_hyphens" methodname="Should_create_UriSegment_by_converting_to_lower_case_and_replacing_spaces_with_hyphens" classname="EdFi.Ods.Tests.EdFi.Ods.Common.SchemaNameMapProviderTests+When_mapping_schema_names_based_on_a_logical_name_containing_spaces" runstate="Runnable" result="Passed" duration="0.000214" asserts="1" />
                </test-suite>
                <test-suite type="TestFixture" id="6-2511" name="SchemaNameMapProviderTests+When_mapping_schema_names_based_on_a_logical_name_that_looks_like_a_state_abbreviation" fullname="EdFi.Ods.Tests.EdFi.Ods.Common.SchemaNameMapProviderTests+When_mapping_schema_names_based_on_a_logical_name_that_looks_like_a_state_abbreviation" classname="EdFi.Ods.Tests.EdFi.Ods.Common.SchemaNameMapProviderTests+When_mapping_schema_names_based_on_a_logical_name_that_looks_like_a_state_abbreviation" runstate="Runnable" testcasecount="2" result="Passed" duration="0.003968" total="2" passed="0" failed="0" inconclusive="0" skipped="0" asserts="0">
                  <test-case id="6-2512" name="Should_create_ProperCaseName_using_DotNet_conventions_for_two_letter_abbreviations_of_leaving_them_upper_cased" fullname="EdFi.Ods.Tests.EdFi.Ods.Common.SchemaNameMapProviderTests+When_mapping_schema_names_based_on_a_logical_name_that_looks_like_a_state_abbreviation.Should_create_ProperCaseName_using_DotNet_conventions_for_two_letter_abbreviations_of_leaving_them_upper_cased" methodname="Should_create_ProperCaseName_using_DotNet_conventions_for_two_letter_abbreviations_of_leaving_them_upper_cased" classname="EdFi.Ods.Tests.EdFi.Ods.Common.SchemaNameMapProviderTests+When_mapping_schema_names_based_on_a_logical_name_that_looks_like_a_state_abbreviation" runstate="Runnable" result="Passed" duration="0.000239" asserts="1" />
                  <test-case id="6-2513" name="Should_create_UriSegment_by_retaining_the_original_value" fullname="EdFi.Ods.Tests.EdFi.Ods.Common.SchemaNameMapProviderTests+When_mapping_schema_names_based_on_a_logical_name_that_looks_like_a_state_abbreviation.Should_create_UriSegment_by_retaining_the_original_value" methodname="Should_create_UriSegment_by_retaining_the_original_value" classname="EdFi.Ods.Tests.EdFi.Ods.Common.SchemaNameMapProviderTests+When_mapping_schema_names_based_on_a_logical_name_that_looks_like_a_state_abbreviation" runstate="Runnable" result="Passed" duration="0.000207" asserts="1" />
                </test-suite>
                <test-suite type="TestFixture" id="6-2514" name="SchemaNameMapProviderTests+When_mapping_schema_names_based_on_a_logical_name_with_a_single_character_name" fullname="EdFi.Ods.Tests.EdFi.Ods.Common.SchemaNameMapProviderTests+When_mapping_schema_names_based_on_a_logical_name_with_a_single_character_name" classname="EdFi.Ods.Tests.EdFi.Ods.Common.SchemaNameMapProviderTests+When_mapping_schema_names_based_on_a_logical_name_with_a_single_character_name" runstate="Runnable" testcasecount="2" result="Passed" duration="0.003684" total="2" passed="0" failed="0" inconclusive="0" skipped="0" asserts="0">
                  <test-case id="6-2515" name="Should_create_ProperCaseName_by_converting_to_proper_casing" fullname="EdFi.Ods.Tests.EdFi.Ods.Common.SchemaNameMapProviderTests+When_mapping_schema_names_based_on_a_logical_name_with_a_single_character_name.Should_create_ProperCaseName_by_converting_to_proper_casing" methodname="Should_create_ProperCaseName_by_converting_to_proper_casing" classname="EdFi.Ods.Tests.EdFi.Ods.Common.SchemaNameMapProviderTests+When_mapping_schema_names_based_on_a_logical_name_with_a_single_character_name" runstate="Runnable" result="Passed" duration="0.000224" asserts="1" />
                  <test-case id="6-2516" name="Should_create_UriSegment_by_converting_to_lower_case" fullname="EdFi.Ods.Tests.EdFi.Ods.Common.SchemaNameMapProviderTests+When_mapping_schema_names_based_on_a_logical_name_with_a_single_character_name.Should_create_UriSegment_by_converting_to_lower_case" methodname="Should_create_UriSegment_by_converting_to_lower_case" classname="EdFi.Ods.Tests.EdFi.Ods.Common.SchemaNameMapProviderTests+When_mapping_schema_names_based_on_a_logical_name_with_a_single_character_name" runstate="Runnable" result="Passed" duration="0.000210" asserts="1" />
                </test-suite>
                <test-suite type="TestFixture" id="6-2505" name="SchemaNameMapProviderTests+When_mapping_schema_names_based_on_a_lower_cased_hyphenated_logical_name" fullname="EdFi.Ods.Tests.EdFi.Ods.Common.SchemaNameMapProviderTests+When_mapping_schema_names_based_on_a_lower_cased_hyphenated_logical_name" classname="EdFi.Ods.Tests.EdFi.Ods.Common.SchemaNameMapProviderTests+When_mapping_schema_names_based_on_a_lower_cased_hyphenated_logical_name" runstate="Runnable" testcasecount="2" result="Passed" duration="0.004097" total="2" passed="0" failed="0" inconclusive="0" skipped="0" asserts="0">
                  <test-case id="6-2506" name="Should_create_ProperCaseName_by_converting_to_proper_casing_and_removing_hyphens" fullname="EdFi.Ods.Tests.EdFi.Ods.Common.SchemaNameMapProviderTests+When_mapping_schema_names_based_on_a_lower_cased_hyphenated_logical_name.Should_create_ProperCaseName_by_converting_to_proper_casing_and_removing_hyphens" methodname="Should_create_ProperCaseName_by_converting_to_proper_casing_and_removing_hyphens" classname="EdFi.Ods.Tests.EdFi.Ods.Common.SchemaNameMapProviderTests+When_mapping_schema_names_based_on_a_lower_cased_hyphenated_logical_name" runstate="Runnable" result="Passed" duration="0.000250" asserts="1" />
                  <test-case id="6-2507" name="Should_create_UriSegment_by_converting_to_lower_case_while_retaining_hyphens" fullname="EdFi.Ods.Tests.EdFi.Ods.Common.SchemaNameMapProviderTests+When_mapping_schema_names_based_on_a_lower_cased_hyphenated_logical_name.Should_create_UriSegment_by_converting_to_lower_case_while_retaining_hyphens" methodname="Should_create_UriSegment_by_converting_to_lower_case_while_retaining_hyphens" classname="EdFi.Ods.Tests.EdFi.Ods.Common.SchemaNameMapProviderTests+When_mapping_schema_names_based_on_a_lower_cased_hyphenated_logical_name" runstate="Runnable" result="Passed" duration="0.000224" asserts="1" />
                </test-suite>
                <test-suite type="TestFixture" id="6-2502" name="SchemaNameMapProviderTests+When_mapping_schema_names_based_on_a_mixed_cased_hyphenated_logical_name" fullname="EdFi.Ods.Tests.EdFi.Ods.Common.SchemaNameMapProviderTests+When_mapping_schema_names_based_on_a_mixed_cased_hyphenated_logical_name" classname="EdFi.Ods.Tests.EdFi.Ods.Common.SchemaNameMapProviderTests+When_mapping_schema_names_based_on_a_mixed_cased_hyphenated_logical_name" runstate="Runnable" testcasecount="2" result="Passed" duration="0.004378" total="2" passed="0" failed="0" inconclusive="0" skipped="0" asserts="0">
                  <test-case id="6-2503" name="Should_create_ProperCaseName_by_converting_to_proper_casing_and_removing_hyphens" fullname="EdFi.Ods.Tests.EdFi.Ods.Common.SchemaNameMapProviderTests+When_mapping_schema_names_based_on_a_mixed_cased_hyphenated_logical_name.Should_create_ProperCaseName_by_converting_to_proper_casing_and_removing_hyphens" methodname="Should_create_ProperCaseName_by_converting_to_proper_casing_and_removing_hyphens" classname="EdFi.Ods.Tests.EdFi.Ods.Common.SchemaNameMapProviderTests+When_mapping_schema_names_based_on_a_mixed_cased_hyphenated_logical_name" runstate="Runnable" result="Passed" duration="0.000259" asserts="1" />
                  <test-case id="6-2504" name="Should_create_UriSegment_by_converting_to_lower_case_while_retaining_hyphens" fullname="EdFi.Ods.Tests.EdFi.Ods.Common.SchemaNameMapProviderTests+When_mapping_schema_names_based_on_a_mixed_cased_hyphenated_logical_name.Should_create_UriSegment_by_converting_to_lower_case_while_retaining_hyphens" methodname="Should_create_UriSegment_by_converting_to_lower_case_while_retaining_hyphens" classname="EdFi.Ods.Tests.EdFi.Ods.Common.SchemaNameMapProviderTests+When_mapping_schema_names_based_on_a_mixed_cased_hyphenated_logical_name" runstate="Runnable" result="Passed" duration="0.000230" asserts="1" />
                </test-suite>
                <test-suite type="Namespace" id="6-3394" name="Security" fullname="EdFi.Ods.Tests.EdFi.Ods.Common.Security" runstate="Runnable" testcasecount="1" result="Passed" duration="0.001566" total="1" passed="0" failed="0" inconclusive="0" skipped="0" asserts="0">
                  <test-suite type="TestFixture" id="6-2594" name="ApiKeyContextProviderTests+When_reading_EducationOrganization_type_and_identifiers_from_context_where_no_data_has_been_set" fullname="EdFi.Ods.Tests.EdFi.Ods.Common.Security.ApiKeyContextProviderTests+When_reading_EducationOrganization_type_and_identifiers_from_context_where_no_data_has_been_set" classname="EdFi.Ods.Tests.EdFi.Ods.Common.Security.ApiKeyContextProviderTests+When_reading_EducationOrganization_type_and_identifiers_from_context_where_no_data_has_been_set" runstate="Runnable" testcasecount="1" result="Passed" duration="0.001134" total="1" passed="0" failed="0" inconclusive="0" skipped="0" asserts="0">
                    <test-case id="6-2595" name="Should_return_an_empty_collection_of_Education_organization_identifiers" fullname="EdFi.Ods.Tests.EdFi.Ods.Common.Security.ApiKeyContextProviderTests+When_reading_EducationOrganization_type_and_identifiers_from_context_where_no_data_has_been_set.Should_return_an_empty_collection_of_Education_organization_identifiers" methodname="Should_return_an_empty_collection_of_Education_organization_identifiers" classname="EdFi.Ods.Tests.EdFi.Ods.Common.Security.ApiKeyContextProviderTests+When_reading_EducationOrganization_type_and_identifiers_from_context_where_no_data_has_been_set" runstate="Runnable" result="Passed" duration="0.000414" asserts="0" />
                  </test-suite>
                </test-suite>
                <test-suite type="Namespace" id="6-3344" name="Serialization" fullname="EdFi.Ods.Tests.EdFi.Ods.Common.Serialization" runstate="Runnable" testcasecount="4" result="Passed" duration="0.076751" total="4" passed="0" failed="0" inconclusive="0" skipped="0" asserts="0">
                  <test-suite type="TestFixture" id="6-1719" name="ExtensionConverterTests" fullname="EdFi.Ods.Tests.EdFi.Ods.Common.Serialization.ExtensionConverterTests" classname="EdFi.Ods.Tests.EdFi.Ods.Common.Serialization.ExtensionConverterTests" runstate="Runnable" testcasecount="0" result="Inconclusive" duration="0.000166" total="0" passed="0" failed="0" inconclusive="0" skipped="0" asserts="0" />
                  <test-suite type="TestFixture" id="6-2596" name="ExtensionConverterTests+When_deserializing_a_resource_with_extensions_at_multiple_levels" fullname="EdFi.Ods.Tests.EdFi.Ods.Common.Serialization.ExtensionConverterTests+When_deserializing_a_resource_with_extensions_at_multiple_levels" classname="EdFi.Ods.Tests.EdFi.Ods.Common.Serialization.ExtensionConverterTests+When_deserializing_a_resource_with_extensions_at_multiple_levels" runstate="Runnable" testcasecount="1" result="Passed" duration="0.059274" total="1" passed="0" failed="0" inconclusive="0" skipped="0" asserts="0">
                    <test-case id="6-2597" name="Should_deserialize_the_extensions_in_the_JSON_to_the_corresponding_strongly_typed_extension_classes" fullname="EdFi.Ods.Tests.EdFi.Ods.Common.Serialization.ExtensionConverterTests+When_deserializing_a_resource_with_extensions_at_multiple_levels.Should_deserialize_the_extensions_in_the_JSON_to_the_corresponding_strongly_typed_extension_classes" methodname="Should_deserialize_the_extensions_in_the_JSON_to_the_corresponding_strongly_typed_extension_classes" classname="EdFi.Ods.Tests.EdFi.Ods.Common.Serialization.ExtensionConverterTests+When_deserializing_a_resource_with_extensions_at_multiple_levels" runstate="Runnable" result="Passed" duration="0.011213" asserts="1" />
                  </test-suite>
                  <test-suite type="TestFixture" id="6-2598" name="ExtensionConverterTests+When_deserializing_JSON_with_unknown_extensions_flanking_a_known_extension" fullname="EdFi.Ods.Tests.EdFi.Ods.Common.Serialization.ExtensionConverterTests+When_deserializing_JSON_with_unknown_extensions_flanking_a_known_extension" classname="EdFi.Ods.Tests.EdFi.Ods.Common.Serialization.ExtensionConverterTests+When_deserializing_JSON_with_unknown_extensions_flanking_a_known_extension" runstate="Runnable" testcasecount="3" result="Passed" duration="0.015274" total="3" passed="0" failed="0" inconclusive="0" skipped="0" asserts="0">
                    <test-case id="6-2601" name="Should_deserialize_the_KNOWN_extension_in_the_JSON_to_the_corresponding_strongly_typed_extension_classes" fullname="EdFi.Ods.Tests.EdFi.Ods.Common.Serialization.ExtensionConverterTests+When_deserializing_JSON_with_unknown_extensions_flanking_a_known_extension.Should_deserialize_the_KNOWN_extension_in_the_JSON_to_the_corresponding_strongly_typed_extension_classes" methodname="Should_deserialize_the_KNOWN_extension_in_the_JSON_to_the_corresponding_strongly_typed_extension_classes" classname="EdFi.Ods.Tests.EdFi.Ods.Common.Serialization.ExtensionConverterTests+When_deserializing_JSON_with_unknown_extensions_flanking_a_known_extension" runstate="Runnable" result="Passed" duration="0.000584" asserts="2" />
                    <test-case id="6-2599" name="Should_not_throw_an_exception" fullname="EdFi.Ods.Tests.EdFi.Ods.Common.Serialization.ExtensionConverterTests+When_deserializing_JSON_with_unknown_extensions_flanking_a_known_extension.Should_not_throw_an_exception" methodname="Should_not_throw_an_exception" classname="EdFi.Ods.Tests.EdFi.Ods.Common.Serialization.ExtensionConverterTests+When_deserializing_JSON_with_unknown_extensions_flanking_a_known_extension" runstate="Runnable" result="Passed" duration="0.000215" asserts="1" />
                    <test-case id="6-2600" name="Should_skip_the_unknown_extensions" fullname="EdFi.Ods.Tests.EdFi.Ods.Common.Serialization.ExtensionConverterTests+When_deserializing_JSON_with_unknown_extensions_flanking_a_known_extension.Should_skip_the_unknown_extensions" methodname="Should_skip_the_unknown_extensions" classname="EdFi.Ods.Tests.EdFi.Ods.Common.Serialization.ExtensionConverterTests+When_deserializing_JSON_with_unknown_extensions_flanking_a_known_extension" runstate="Runnable" result="Passed" duration="0.000244" asserts="1" />
                  </test-suite>
                </test-suite>
                <test-suite type="TestFixture" id="6-2550" name="UploadFileSourcingResultsTests+When_result_is_created_with_a_single_failure_message" fullname="EdFi.Ods.Tests.EdFi.Ods.Common.UploadFileSourcingResultsTests+When_result_is_created_with_a_single_failure_message" classname="EdFi.Ods.Tests.EdFi.Ods.Common.UploadFileSourcingResultsTests+When_result_is_created_with_a_single_failure_message" runstate="Runnable" testcasecount="2" result="Passed" duration="0.001709" total="2" passed="0" failed="0" inconclusive="0" skipped="0" asserts="0">
                  <test-case id="6-2551" name="Should_indicate_result_is_a_failure" fullname="EdFi.Ods.Tests.EdFi.Ods.Common.UploadFileSourcingResultsTests+When_result_is_created_with_a_single_failure_message.Should_indicate_result_is_a_failure" methodname="Should_indicate_result_is_a_failure" classname="EdFi.Ods.Tests.EdFi.Ods.Common.UploadFileSourcingResultsTests+When_result_is_created_with_a_single_failure_message" runstate="Runnable" result="Passed" duration="0.000250" asserts="0" />
                  <test-case id="6-2552" name="Should_provide_failure_message" fullname="EdFi.Ods.Tests.EdFi.Ods.Common.UploadFileSourcingResultsTests+When_result_is_created_with_a_single_failure_message.Should_provide_failure_message" methodname="Should_provide_failure_message" classname="EdFi.Ods.Tests.EdFi.Ods.Common.UploadFileSourcingResultsTests+When_result_is_created_with_a_single_failure_message" runstate="Runnable" result="Passed" duration="0.000392" asserts="0" />
                </test-suite>
                <test-suite type="TestFixture" id="6-2547" name="UploadFileSourcingResultsTests+When_result_is_created_with_multiple_failure_messages" fullname="EdFi.Ods.Tests.EdFi.Ods.Common.UploadFileSourcingResultsTests+When_result_is_created_with_multiple_failure_messages" classname="EdFi.Ods.Tests.EdFi.Ods.Common.UploadFileSourcingResultsTests+When_result_is_created_with_multiple_failure_messages" runstate="Runnable" testcasecount="2" result="Passed" duration="0.002097" total="2" passed="0" failed="0" inconclusive="0" skipped="0" asserts="0">
                  <test-case id="6-2548" name="Should_indicate_result_is_a_failure" fullname="EdFi.Ods.Tests.EdFi.Ods.Common.UploadFileSourcingResultsTests+When_result_is_created_with_multiple_failure_messages.Should_indicate_result_is_a_failure" methodname="Should_indicate_result_is_a_failure" classname="EdFi.Ods.Tests.EdFi.Ods.Common.UploadFileSourcingResultsTests+When_result_is_created_with_multiple_failure_messages" runstate="Runnable" result="Passed" duration="0.000207" asserts="0" />
                  <test-case id="6-2549" name="Should_provide_failure_message" fullname="EdFi.Ods.Tests.EdFi.Ods.Common.UploadFileSourcingResultsTests+When_result_is_created_with_multiple_failure_messages.Should_provide_failure_message" methodname="Should_provide_failure_message" classname="EdFi.Ods.Tests.EdFi.Ods.Common.UploadFileSourcingResultsTests+When_result_is_created_with_multiple_failure_messages" runstate="Runnable" result="Passed" duration="0.000410" asserts="0" />
                </test-suite>
                <test-suite type="TestFixture" id="6-2544" name="UploadFileSourcingResultsTests+When_result_is_created_without_failure_messages" fullname="EdFi.Ods.Tests.EdFi.Ods.Common.UploadFileSourcingResultsTests+When_result_is_created_without_failure_messages" classname="EdFi.Ods.Tests.EdFi.Ods.Common.UploadFileSourcingResultsTests+When_result_is_created_without_failure_messages" runstate="Runnable" testcasecount="2" result="Passed" duration="0.001655" total="2" passed="0" failed="0" inconclusive="0" skipped="0" asserts="0">
                  <test-case id="6-2545" name="Should_indicate_result_is_not_a_failure" fullname="EdFi.Ods.Tests.EdFi.Ods.Common.UploadFileSourcingResultsTests+When_result_is_created_without_failure_messages.Should_indicate_result_is_not_a_failure" methodname="Should_indicate_result_is_not_a_failure" classname="EdFi.Ods.Tests.EdFi.Ods.Common.UploadFileSourcingResultsTests+When_result_is_created_without_failure_messages" runstate="Runnable" result="Passed" duration="0.000223" asserts="0" />
                  <test-case id="6-2546" name="Should_provide_file_path" fullname="EdFi.Ods.Tests.EdFi.Ods.Common.UploadFileSourcingResultsTests+When_result_is_created_without_failure_messages.Should_provide_file_path" methodname="Should_provide_file_path" classname="EdFi.Ods.Tests.EdFi.Ods.Common.UploadFileSourcingResultsTests+When_result_is_created_without_failure_messages" runstate="Runnable" result="Passed" duration="0.000247" asserts="0" />
                </test-suite>
                <test-suite type="TestFixture" id="6-2541" name="UtcTimeConverterTests+When_deserializing_null_values_to_nullable_time_value_from_JSON" fullname="EdFi.Ods.Tests.EdFi.Ods.Common.UtcTimeConverterTests+When_deserializing_null_values_to_nullable_time_value_from_JSON" classname="EdFi.Ods.Tests.EdFi.Ods.Common.UtcTimeConverterTests+When_deserializing_null_values_to_nullable_time_value_from_JSON" runstate="Runnable" testcasecount="2" result="Passed" duration="0.010665" total="2" passed="0" failed="0" inconclusive="0" skipped="0" asserts="0">
                  <test-case id="6-2543" name="Should_read_null_values_as_null" fullname="EdFi.Ods.Tests.EdFi.Ods.Common.UtcTimeConverterTests+When_deserializing_null_values_to_nullable_time_value_from_JSON.Should_read_null_values_as_null" methodname="Should_read_null_values_as_null" classname="EdFi.Ods.Tests.EdFi.Ods.Common.UtcTimeConverterTests+When_deserializing_null_values_to_nullable_time_value_from_JSON" runstate="Runnable" result="Passed" duration="0.000735" asserts="0" />
                  <test-case id="6-2542" name="Should_serialize_nullable_times_to_JSON_correctly" fullname="EdFi.Ods.Tests.EdFi.Ods.Common.UtcTimeConverterTests+When_deserializing_null_values_to_nullable_time_value_from_JSON.Should_serialize_nullable_times_to_JSON_correctly" methodname="Should_serialize_nullable_times_to_JSON_correctly" classname="EdFi.Ods.Tests.EdFi.Ods.Common.UtcTimeConverterTests+When_deserializing_null_values_to_nullable_time_value_from_JSON" runstate="Runnable" result="Passed" duration="0.000235" asserts="0" />
                </test-suite>
                <test-suite type="TestFixture" id="6-2530" name="UtcTimeConverterTests+When_serializing_and_deserializing_time_values_from_JSON_to_nullable_or_non_nullable_times" fullname="EdFi.Ods.Tests.EdFi.Ods.Common.UtcTimeConverterTests+When_serializing_and_deserializing_time_values_from_JSON_to_nullable_or_non_nullable_times" classname="EdFi.Ods.Tests.EdFi.Ods.Common.UtcTimeConverterTests+When_serializing_and_deserializing_time_values_from_JSON_to_nullable_or_non_nullable_times" runstate="Runnable" testcasecount="10" result="Passed" duration="0.167788" total="10" passed="0" failed="0" inconclusive="0" skipped="0" asserts="0">
                  <test-case id="6-2536" name="Should_read_and_convert_time_with_negative_UTC_offset_to_GMT" fullname="EdFi.Ods.Tests.EdFi.Ods.Common.UtcTimeConverterTests+When_serializing_and_deserializing_time_values_from_JSON_to_nullable_or_non_nullable_times.Should_read_and_convert_time_with_negative_UTC_offset_to_GMT" methodname="Should_read_and_convert_time_with_negative_UTC_offset_to_GMT" classname="EdFi.Ods.Tests.EdFi.Ods.Common.UtcTimeConverterTests+When_serializing_and_deserializing_time_values_from_JSON_to_nullable_or_non_nullable_times" runstate="Runnable" result="Passed" duration="0.003091" asserts="0" />
                  <test-case id="6-2535" name="Should_read_and_convert_time_with_positive_UTC_offset_to_GMT" fullname="EdFi.Ods.Tests.EdFi.Ods.Common.UtcTimeConverterTests+When_serializing_and_deserializing_time_values_from_JSON_to_nullable_or_non_nullable_times.Should_read_and_convert_time_with_positive_UTC_offset_to_GMT" methodname="Should_read_and_convert_time_with_positive_UTC_offset_to_GMT" classname="EdFi.Ods.Tests.EdFi.Ods.Common.UtcTimeConverterTests+When_serializing_and_deserializing_time_values_from_JSON_to_nullable_or_non_nullable_times" runstate="Runnable" result="Passed" duration="0.000802" asserts="0" />
                  <test-case id="6-2538" name="Should_read_time_with_Z_suffix_and_no_seconds_as_GMT" fullname="EdFi.Ods.Tests.EdFi.Ods.Common.UtcTimeConverterTests+When_serializing_and_deserializing_time_values_from_JSON_to_nullable_or_non_nullable_times.Should_read_time_with_Z_suffix_and_no_seconds_as_GMT" methodname="Should_read_time_with_Z_suffix_and_no_seconds_as_GMT" classname="EdFi.Ods.Tests.EdFi.Ods.Common.UtcTimeConverterTests+When_serializing_and_deserializing_time_values_from_JSON_to_nullable_or_non_nullable_times" runstate="Runnable" result="Passed" duration="0.002195" asserts="0" />
                  <test-case id="6-2537" name="Should_read_time_with_Z_suffix_as_GMT" fullname="EdFi.Ods.Tests.EdFi.Ods.Common.UtcTimeConverterTests+When_serializing_and_deserializing_time_values_from_JSON_to_nullable_or_non_nullable_times.Should_read_time_with_Z_suffix_as_GMT" methodname="Should_read_time_with_Z_suffix_as_GMT" classname="EdFi.Ods.Tests.EdFi.Ods.Common.UtcTimeConverterTests+When_serializing_and_deserializing_time_values_from_JSON_to_nullable_or_non_nullable_times" runstate="Runnable" result="Passed" duration="0.000875" asserts="0" />
                  <test-case id="6-2534" name="Should_read_unspecified_time_with_seconds_as_GMT" fullname="EdFi.Ods.Tests.EdFi.Ods.Common.UtcTimeConverterTests+When_serializing_and_deserializing_time_values_from_JSON_to_nullable_or_non_nullable_times.Should_read_unspecified_time_with_seconds_as_GMT" methodname="Should_read_unspecified_time_with_seconds_as_GMT" classname="EdFi.Ods.Tests.EdFi.Ods.Common.UtcTimeConverterTests+When_serializing_and_deserializing_time_values_from_JSON_to_nullable_or_non_nullable_times" runstate="Runnable" result="Passed" duration="0.000676" asserts="0" />
                  <test-case id="6-2533" name="Should_read_unspecified_time_without_seconds_as_GMT" fullname="EdFi.Ods.Tests.EdFi.Ods.Common.UtcTimeConverterTests+When_serializing_and_deserializing_time_values_from_JSON_to_nullable_or_non_nullable_times.Should_read_unspecified_time_without_seconds_as_GMT" methodname="Should_read_unspecified_time_without_seconds_as_GMT" classname="EdFi.Ods.Tests.EdFi.Ods.Common.UtcTimeConverterTests+When_serializing_and_deserializing_time_values_from_JSON_to_nullable_or_non_nullable_times" runstate="Runnable" result="Passed" duration="0.000587" asserts="0" />
                  <test-case id="6-2540" name="Should_rollover_negative_UTC_offset_times_based_on_24_hour_clock" fullname="EdFi.Ods.Tests.EdFi.Ods.Common.UtcTimeConverterTests+When_serializing_and_deserializing_time_values_from_JSON_to_nullable_or_non_nullable_times.Should_rollover_negative_UTC_offset_times_based_on_24_hour_clock" methodname="Should_rollover_negative_UTC_offset_times_based_on_24_hour_clock" classname="EdFi.Ods.Tests.EdFi.Ods.Common.UtcTimeConverterTests+When_serializing_and_deserializing_time_values_from_JSON_to_nullable_or_non_nullable_times" runstate="Runnable" result="Passed" duration="0.000411" asserts="0" />
                  <test-case id="6-2539" name="Should_rollover_positive_UTC_offset_times_based_on_24_hour_clock" fullname="EdFi.Ods.Tests.EdFi.Ods.Common.UtcTimeConverterTests+When_serializing_and_deserializing_time_values_from_JSON_to_nullable_or_non_nullable_times.Should_rollover_positive_UTC_offset_times_based_on_24_hour_clock" methodname="Should_rollover_positive_UTC_offset_times_based_on_24_hour_clock" classname="EdFi.Ods.Tests.EdFi.Ods.Common.UtcTimeConverterTests+When_serializing_and_deserializing_time_values_from_JSON_to_nullable_or_non_nullable_times" runstate="Runnable" result="Passed" duration="0.000409" asserts="0" />
                  <test-case id="6-2532" name="Should_serialize_nullable_times_to_JSON_correctly" fullname="EdFi.Ods.Tests.EdFi.Ods.Common.UtcTimeConverterTests+When_serializing_and_deserializing_time_values_from_JSON_to_nullable_or_non_nullable_times.Should_serialize_nullable_times_to_JSON_correctly" methodname="Should_serialize_nullable_times_to_JSON_correctly" classname="EdFi.Ods.Tests.EdFi.Ods.Common.UtcTimeConverterTests+When_serializing_and_deserializing_time_values_from_JSON_to_nullable_or_non_nullable_times" runstate="Runnable" result="Passed" duration="0.000237" asserts="0" />
                  <test-case id="6-2531" name="Should_serialize_times_to_JSON_correctly" fullname="EdFi.Ods.Tests.EdFi.Ods.Common.UtcTimeConverterTests+When_serializing_and_deserializing_time_values_from_JSON_to_nullable_or_non_nullable_times.Should_serialize_times_to_JSON_correctly" methodname="Should_serialize_times_to_JSON_correctly" classname="EdFi.Ods.Tests.EdFi.Ods.Common.UtcTimeConverterTests+When_serializing_and_deserializing_time_values_from_JSON_to_nullable_or_non_nullable_times" runstate="Runnable" result="Passed" duration="0.000210" asserts="0" />
                </test-suite>
                <test-suite type="Namespace" id="6-3341" name="Validation" fullname="EdFi.Ods.Tests.EdFi.Ods.Common.Validation" runstate="Runnable" testcasecount="1" result="Passed" duration="0.034182" total="1" passed="0" failed="0" inconclusive="0" skipped="0" asserts="0">
                  <test-suite type="TestFixture" id="6-1688" name="When_validating_an_object_with_a_validated_child_reference_that_is_null" fullname="EdFi.Ods.Tests.EdFi.Ods.Common.Validation.When_validating_an_object_with_a_validated_child_reference_that_is_null" classname="EdFi.Ods.Tests.EdFi.Ods.Common.Validation.When_validating_an_object_with_a_validated_child_reference_that_is_null" runstate="Runnable" testcasecount="1" result="Passed" duration="0.033805" total="1" passed="0" failed="0" inconclusive="0" skipped="0" asserts="0">
                    <test-case id="6-1689" name="Should_indicate_success" fullname="EdFi.Ods.Tests.EdFi.Ods.Common.Validation.When_validating_an_object_with_a_validated_child_reference_that_is_null.Should_indicate_success" methodname="Should_indicate_success" classname="EdFi.Ods.Tests.EdFi.Ods.Common.Validation.When_validating_an_object_with_a_validated_child_reference_that_is_null" runstate="Runnable" result="Passed" duration="0.000831" asserts="0" />
                  </test-suite>
                </test-suite>
                <test-suite type="TestFixture" id="6-1683" name="When_Finding_Multiple_Elements_Containing_the_Same_Structure" fullname="EdFi.Ods.Tests.EdFi.Ods.Common.When_Finding_Multiple_Elements_Containing_the_Same_Structure" classname="EdFi.Ods.Tests.EdFi.Ods.Common.When_Finding_Multiple_Elements_Containing_the_Same_Structure" runstate="Runnable" testcasecount="4" result="Passed" duration="0.007911" total="4" passed="0" failed="0" inconclusive="0" skipped="0" asserts="0">
                  <test-case id="6-1684" name="Given_Element_With_Three_Matching_Elements_Should_Return_All_Three" fullname="EdFi.Ods.Tests.EdFi.Ods.Common.When_Finding_Multiple_Elements_Containing_the_Same_Structure.Given_Element_With_Three_Matching_Elements_Should_Return_All_Three" methodname="Given_Element_With_Three_Matching_Elements_Should_Return_All_Three" classname="EdFi.Ods.Tests.EdFi.Ods.Common.When_Finding_Multiple_Elements_Containing_the_Same_Structure" runstate="Runnable" result="Passed" duration="0.004077" asserts="0" />
                  <test-case id="6-1685" name="Given_Elements_At_Various_Nesting_Depths_Should_Find_Them_All" fullname="EdFi.Ods.Tests.EdFi.Ods.Common.When_Finding_Multiple_Elements_Containing_the_Same_Structure.Given_Elements_At_Various_Nesting_Depths_Should_Find_Them_All" methodname="Given_Elements_At_Various_Nesting_Depths_Should_Find_Them_All" classname="EdFi.Ods.Tests.EdFi.Ods.Common.When_Finding_Multiple_Elements_Containing_the_Same_Structure" runstate="Runnable" result="Passed" duration="0.000444" asserts="0" />
                  <test-case id="6-1687" name="Given_No_Elements_In_Xml_Should_Return_Empty_Collection" fullname="EdFi.Ods.Tests.EdFi.Ods.Common.When_Finding_Multiple_Elements_Containing_the_Same_Structure.Given_No_Elements_In_Xml_Should_Return_Empty_Collection" methodname="Given_No_Elements_In_Xml_Should_Return_Empty_Collection" classname="EdFi.Ods.Tests.EdFi.Ods.Common.When_Finding_Multiple_Elements_Containing_the_Same_Structure" runstate="Runnable" result="Passed" duration="0.000217" asserts="0" />
                  <test-case id="6-1686" name="Given_The_Same_Element_At_Various_Nesting_Depths_Should_Find_All_Elements" fullname="EdFi.Ods.Tests.EdFi.Ods.Common.When_Finding_Multiple_Elements_Containing_the_Same_Structure.Given_The_Same_Element_At_Various_Nesting_Depths_Should_Find_All_Elements" methodname="Given_The_Same_Element_At_Various_Nesting_Depths_Should_Find_All_Elements" classname="EdFi.Ods.Tests.EdFi.Ods.Common.When_Finding_Multiple_Elements_Containing_the_Same_Structure" runstate="Runnable" result="Passed" duration="0.000557" asserts="0" />
                </test-suite>
                <test-suite type="TestFixture" id="6-1679" name="When_Finding_Nested_Elements" fullname="EdFi.Ods.Tests.EdFi.Ods.Common.When_Finding_Nested_Elements" classname="EdFi.Ods.Tests.EdFi.Ods.Common.When_Finding_Nested_Elements" runstate="Runnable" testcasecount="3" result="Passed" duration="0.005813" total="3" passed="0" failed="0" inconclusive="0" skipped="0" asserts="0">
                  <test-case id="6-1680" name="Given_Element_With_Grandchildren_Containing_String_Value_Should_Return_Value" fullname="EdFi.Ods.Tests.EdFi.Ods.Common.When_Finding_Nested_Elements.Given_Element_With_Grandchildren_Containing_String_Value_Should_Return_Value" methodname="Given_Element_With_Grandchildren_Containing_String_Value_Should_Return_Value" classname="EdFi.Ods.Tests.EdFi.Ods.Common.When_Finding_Nested_Elements" runstate="Runnable" result="Passed" duration="0.001407" asserts="0" />
                  <test-case id="6-1681" name="Given_Element_With_Inline_Entity_Grandchildren_Should_Return_All_Elements" fullname="EdFi.Ods.Tests.EdFi.Ods.Common.When_Finding_Nested_Elements.Given_Element_With_Inline_Entity_Grandchildren_Should_Return_All_Elements" methodname="Given_Element_With_Inline_Entity_Grandchildren_Should_Return_All_Elements" classname="EdFi.Ods.Tests.EdFi.Ods.Common.When_Finding_Nested_Elements" runstate="Runnable" result="Passed" duration="0.000757" asserts="0" />
                  <test-case id="6-1682" name="Given_The_Containing_Element_Does_Not_Exist_When_String_Value_Requested_Should_return_Empty_String" fullname="EdFi.Ods.Tests.EdFi.Ods.Common.When_Finding_Nested_Elements.Given_The_Containing_Element_Does_Not_Exist_When_String_Value_Requested_Should_return_Empty_String" methodname="Given_The_Containing_Element_Does_Not_Exist_When_String_Value_Requested_Should_return_Empty_String" classname="EdFi.Ods.Tests.EdFi.Ods.Common.When_Finding_Nested_Elements" runstate="Runnable" result="Passed" duration="0.000392" asserts="0" />
                </test-suite>
                <test-suite type="TestFixture" id="6-1645" name="When_Get_The_Short_Value_Of_An_Element" fullname="EdFi.Ods.Tests.EdFi.Ods.Common.When_Get_The_Short_Value_Of_An_Element" classname="EdFi.Ods.Tests.EdFi.Ods.Common.When_Get_The_Short_Value_Of_An_Element" runstate="Runnable" testcasecount="1" result="Passed" duration="0.002878" total="1" passed="0" failed="0" inconclusive="0" skipped="0" asserts="0">
                  <test-case id="6-1646" name="And_Element_Is_Named_SchoolYear_Should_And_Is_in_MuliYear_Format_Should_Only_Return_Value_Of_Later_Year" fullname="EdFi.Ods.Tests.EdFi.Ods.Common.When_Get_The_Short_Value_Of_An_Element.And_Element_Is_Named_SchoolYear_Should_And_Is_in_MuliYear_Format_Should_Only_Return_Value_Of_Later_Year" methodname="And_Element_Is_Named_SchoolYear_Should_And_Is_in_MuliYear_Format_Should_Only_Return_Value_Of_Later_Year" classname="EdFi.Ods.Tests.EdFi.Ods.Common.When_Get_The_Short_Value_Of_An_Element" runstate="Runnable" result="Passed" duration="0.002414" asserts="0" />
                </test-suite>
                <test-suite type="TestFixture" id="6-1641" name="When_getting_a_namespace_for_an_extension_entity" fullname="EdFi.Ods.Tests.EdFi.Ods.Common.When_getting_a_namespace_for_an_extension_entity" classname="EdFi.Ods.Tests.EdFi.Ods.Common.When_getting_a_namespace_for_an_extension_entity" runstate="Runnable" testcasecount="1" result="Passed" duration="0.006053" total="1" passed="0" failed="0" inconclusive="0" skipped="0" asserts="0">
                  <test-case id="6-1642" name="Should_return_the_correct_namespace_for_an_entity_and_an_extension_of_that_entity" fullname="EdFi.Ods.Tests.EdFi.Ods.Common.When_getting_a_namespace_for_an_extension_entity.Should_return_the_correct_namespace_for_an_entity_and_an_extension_of_that_entity" methodname="Should_return_the_correct_namespace_for_an_entity_and_an_extension_of_that_entity" classname="EdFi.Ods.Tests.EdFi.Ods.Common.When_getting_a_namespace_for_an_extension_entity" runstate="Runnable" result="Passed" duration="0.005587" asserts="2" />
                </test-suite>
                <test-suite type="TestFixture" id="6-1677" name="When_Getting_A_Nullable_TimeSpan_Value" fullname="EdFi.Ods.Tests.EdFi.Ods.Common.When_Getting_A_Nullable_TimeSpan_Value" classname="EdFi.Ods.Tests.EdFi.Ods.Common.When_Getting_A_Nullable_TimeSpan_Value" runstate="Runnable" testcasecount="1" result="Passed" duration="0.001586" total="1" passed="0" failed="0" inconclusive="0" skipped="0" asserts="0">
                  <test-case id="6-1678" name="Of_A_Populated_Object_Should_Return_Value" fullname="EdFi.Ods.Tests.EdFi.Ods.Common.When_Getting_A_Nullable_TimeSpan_Value.Of_A_Populated_Object_Should_Return_Value" methodname="Of_A_Populated_Object_Should_Return_Value" classname="EdFi.Ods.Tests.EdFi.Ods.Common.When_Getting_A_Nullable_TimeSpan_Value" runstate="Runnable" result="Passed" duration="0.001165" asserts="0" />
                </test-suite>
                <test-suite type="TestFixture" id="6-1675" name="When_Getting_A_TimeSpan_Value" fullname="EdFi.Ods.Tests.EdFi.Ods.Common.When_Getting_A_TimeSpan_Value" classname="EdFi.Ods.Tests.EdFi.Ods.Common.When_Getting_A_TimeSpan_Value" runstate="Runnable" testcasecount="1" result="Passed" duration="0.000678" total="1" passed="0" failed="0" inconclusive="0" skipped="0" asserts="0">
                  <test-case id="6-1676" name="Of_A_Populated_Object_Should_Return_Value" fullname="EdFi.Ods.Tests.EdFi.Ods.Common.When_Getting_A_TimeSpan_Value.Of_A_Populated_Object_Should_Return_Value" methodname="Of_A_Populated_Object_Should_Return_Value" classname="EdFi.Ods.Tests.EdFi.Ods.Common.When_Getting_A_TimeSpan_Value" runstate="Runnable" result="Passed" duration="0.000315" asserts="0" />
                </test-suite>
                <test-suite type="TestFixture" id="6-1647" name="When_Getting_The_Decimal_Value_of_An_Element" fullname="EdFi.Ods.Tests.EdFi.Ods.Common.When_Getting_The_Decimal_Value_of_An_Element" classname="EdFi.Ods.Tests.EdFi.Ods.Common.When_Getting_The_Decimal_Value_of_An_Element" runstate="Runnable" testcasecount="2" result="Passed" duration="0.004107" total="2" passed="0" failed="0" inconclusive="0" skipped="0" asserts="0">
                  <test-case id="6-1648" name="And_Element_Is_Null_or_Empty_Should_Return_Default_Value" fullname="EdFi.Ods.Tests.EdFi.Ods.Common.When_Getting_The_Decimal_Value_of_An_Element.And_Element_Is_Null_or_Empty_Should_Return_Default_Value" methodname="And_Element_Is_Null_or_Empty_Should_Return_Default_Value" classname="EdFi.Ods.Tests.EdFi.Ods.Common.When_Getting_The_Decimal_Value_of_An_Element" runstate="Runnable" result="Passed" duration="0.002081" asserts="0" />
                  <test-case id="6-1649" name="And_Element_Is_Parsable_As_Decimal_Should_Return_Value" fullname="EdFi.Ods.Tests.EdFi.Ods.Common.When_Getting_The_Decimal_Value_of_An_Element.And_Element_Is_Parsable_As_Decimal_Should_Return_Value" methodname="And_Element_Is_Parsable_As_Decimal_Should_Return_Value" classname="EdFi.Ods.Tests.EdFi.Ods.Common.When_Getting_The_Decimal_Value_of_An_Element" runstate="Runnable" result="Passed" duration="0.000986" asserts="0" />
                </test-suite>
                <test-suite type="TestFixture" id="6-1650" name="When_Getting_The_Nullable_Decimal_Value_Of_An_Element" fullname="EdFi.Ods.Tests.EdFi.Ods.Common.When_Getting_The_Nullable_Decimal_Value_Of_An_Element" classname="EdFi.Ods.Tests.EdFi.Ods.Common.When_Getting_The_Nullable_Decimal_Value_Of_An_Element" runstate="Runnable" testcasecount="2" result="Passed" duration="0.004077" total="2" passed="0" failed="0" inconclusive="0" skipped="0" asserts="0">
                  <test-case id="6-1652" name="And_Element_has_Value_Should_Return_Value" fullname="EdFi.Ods.Tests.EdFi.Ods.Common.When_Getting_The_Nullable_Decimal_Value_Of_An_Element.And_Element_has_Value_Should_Return_Value" methodname="And_Element_has_Value_Should_Return_Value" classname="EdFi.Ods.Tests.EdFi.Ods.Common.When_Getting_The_Nullable_Decimal_Value_Of_An_Element" runstate="Runnable" result="Passed" duration="0.002464" asserts="0" />
                  <test-case id="6-1651" name="And_Element_is_Null_Should_Return_null" fullname="EdFi.Ods.Tests.EdFi.Ods.Common.When_Getting_The_Nullable_Decimal_Value_Of_An_Element.And_Element_is_Null_Should_Return_null" methodname="And_Element_is_Null_Should_Return_null" classname="EdFi.Ods.Tests.EdFi.Ods.Common.When_Getting_The_Nullable_Decimal_Value_Of_An_Element" runstate="Runnable" result="Passed" duration="0.000438" asserts="0" />
                </test-suite>
                <test-suite type="TestFixture" id="6-1672" name="When_Getting_Value_Or_Default" fullname="EdFi.Ods.Tests.EdFi.Ods.Common.When_Getting_Value_Or_Default" classname="EdFi.Ods.Tests.EdFi.Ods.Common.When_Getting_Value_Or_Default" runstate="Runnable" testcasecount="2" result="Passed" duration="0.001350" total="2" passed="0" failed="0" inconclusive="0" skipped="0" asserts="0">
                  <test-case id="6-1673" name="Of_A_Null_Object_Should_Return_Null" fullname="EdFi.Ods.Tests.EdFi.Ods.Common.When_Getting_Value_Or_Default.Of_A_Null_Object_Should_Return_Null" methodname="Of_A_Null_Object_Should_Return_Null" classname="EdFi.Ods.Tests.EdFi.Ods.Common.When_Getting_Value_Or_Default" runstate="Runnable" result="Passed" duration="0.000203" asserts="0" />
                  <test-case id="6-1674" name="Of_An_Empty_Object_Should_Return_Empty_String" fullname="EdFi.Ods.Tests.EdFi.Ods.Common.When_Getting_Value_Or_Default.Of_An_Empty_Object_Should_Return_Empty_String" methodname="Of_An_Empty_Object_Should_Return_Empty_String" classname="EdFi.Ods.Tests.EdFi.Ods.Common.When_Getting_Value_Or_Default" runstate="Runnable" result="Passed" duration="0.000226" asserts="0" />
                </test-suite>
                <test-suite type="TestFixture" id="6-1661" name="When_testing_attribute_Value" fullname="EdFi.Ods.Tests.EdFi.Ods.Common.When_testing_attribute_Value" classname="EdFi.Ods.Tests.EdFi.Ods.Common.When_testing_attribute_Value" runstate="Runnable" testcasecount="3" result="Passed" duration="0.003039" total="3" passed="0" failed="0" inconclusive="0" skipped="0" asserts="0">
                  <test-case id="6-1664" name="Should_return_attribute_value_when_attribute_exists" fullname="EdFi.Ods.Tests.EdFi.Ods.Common.When_testing_attribute_Value.Should_return_attribute_value_when_attribute_exists" methodname="Should_return_attribute_value_when_attribute_exists" classname="EdFi.Ods.Tests.EdFi.Ods.Common.When_testing_attribute_Value" runstate="Runnable" result="Passed" duration="0.000483" asserts="0" />
                  <test-case id="6-1662" name="Should_return_null_when_attribute_do_not_exist" fullname="EdFi.Ods.Tests.EdFi.Ods.Common.When_testing_attribute_Value.Should_return_null_when_attribute_do_not_exist" methodname="Should_return_null_when_attribute_do_not_exist" classname="EdFi.Ods.Tests.EdFi.Ods.Common.When_testing_attribute_Value" runstate="Runnable" result="Passed" duration="0.000531" asserts="0" />
                  <test-case id="6-1663" name="Should_return_null_when_reading_attribute_of_an_element_that_do_not_exist" fullname="EdFi.Ods.Tests.EdFi.Ods.Common.When_testing_attribute_Value.Should_return_null_when_reading_attribute_of_an_element_that_do_not_exist" methodname="Should_return_null_when_reading_attribute_of_an_element_that_do_not_exist" classname="EdFi.Ods.Tests.EdFi.Ods.Common.When_testing_attribute_Value" runstate="Runnable" result="Passed" duration="0.000400" asserts="0" />
                </test-suite>
                <test-suite type="TestFixture" id="6-1653" name="When_testing_element_or_default" fullname="EdFi.Ods.Tests.EdFi.Ods.Common.When_testing_element_or_default" classname="EdFi.Ods.Tests.EdFi.Ods.Common.When_testing_element_or_default" runstate="Runnable" testcasecount="3" result="Passed" duration="0.002841" total="3" passed="0" failed="0" inconclusive="0" skipped="0" asserts="0">
                  <test-case id="6-1654" name="Should_return_null_when_elements_do_not_exist_in_chained_methods" fullname="EdFi.Ods.Tests.EdFi.Ods.Common.When_testing_element_or_default.Should_return_null_when_elements_do_not_exist_in_chained_methods" methodname="Should_return_null_when_elements_do_not_exist_in_chained_methods" classname="EdFi.Ods.Tests.EdFi.Ods.Common.When_testing_element_or_default" runstate="Runnable" result="Passed" duration="0.000263" asserts="0" />
                  <test-case id="6-1656" name="Should_return_value_when_element_has_namespace" fullname="EdFi.Ods.Tests.EdFi.Ods.Common.When_testing_element_or_default.Should_return_value_when_element_has_namespace" methodname="Should_return_value_when_element_has_namespace" classname="EdFi.Ods.Tests.EdFi.Ods.Common.When_testing_element_or_default" runstate="Runnable" result="Passed" duration="0.000678" asserts="0" />
                  <test-case id="6-1655" name="Should_return_value_when_elements_exist_in_chained_methods" fullname="EdFi.Ods.Tests.EdFi.Ods.Common.When_testing_element_or_default.Should_return_value_when_elements_exist_in_chained_methods" methodname="Should_return_value_when_elements_exist_in_chained_methods" classname="EdFi.Ods.Tests.EdFi.Ods.Common.When_testing_element_or_default" runstate="Runnable" result="Passed" duration="0.000271" asserts="0" />
                </test-suite>
                <test-suite type="TestFixture" id="6-1657" name="When_testing_elements_or_default" fullname="EdFi.Ods.Tests.EdFi.Ods.Common.When_testing_elements_or_default" classname="EdFi.Ods.Tests.EdFi.Ods.Common.When_testing_elements_or_default" runstate="Runnable" testcasecount="3" result="Passed" duration="0.002813" total="3" passed="0" failed="0" inconclusive="0" skipped="0" asserts="0">
                  <test-case id="6-1660" name="Should_find_elements_regardless_of_their_namespace" fullname="EdFi.Ods.Tests.EdFi.Ods.Common.When_testing_elements_or_default.Should_find_elements_regardless_of_their_namespace" methodname="Should_find_elements_regardless_of_their_namespace" classname="EdFi.Ods.Tests.EdFi.Ods.Common.When_testing_elements_or_default" runstate="Runnable" result="Passed" duration="0.000372" asserts="0" />
                  <test-case id="6-1659" name="Should_return_a_list_when_elements_exist_in_chained_methods" fullname="EdFi.Ods.Tests.EdFi.Ods.Common.When_testing_elements_or_default.Should_return_a_list_when_elements_exist_in_chained_methods" methodname="Should_return_a_list_when_elements_exist_in_chained_methods" classname="EdFi.Ods.Tests.EdFi.Ods.Common.When_testing_elements_or_default" runstate="Runnable" result="Passed" duration="0.000260" asserts="0" />
                  <test-case id="6-1658" name="Should_return_an_empty_list_when_elements_do_not_exist_in_chained_methods" fullname="EdFi.Ods.Tests.EdFi.Ods.Common.When_testing_elements_or_default.Should_return_an_empty_list_when_elements_do_not_exist_in_chained_methods" methodname="Should_return_an_empty_list_when_elements_do_not_exist_in_chained_methods" classname="EdFi.Ods.Tests.EdFi.Ods.Common.When_testing_elements_or_default" runstate="Runnable" result="Passed" duration="0.000265" asserts="0" />
                </test-suite>
                <test-suite type="TestFixture" id="6-1668" name="When_testing_int_value_of" fullname="EdFi.Ods.Tests.EdFi.Ods.Common.When_testing_int_value_of" classname="EdFi.Ods.Tests.EdFi.Ods.Common.When_testing_int_value_of" runstate="Runnable" testcasecount="3" result="Passed" duration="0.002807" total="3" passed="0" failed="0" inconclusive="0" skipped="0" asserts="0">
                  <test-case id="6-1671" name="Should_return_value_when_element_exists" fullname="EdFi.Ods.Tests.EdFi.Ods.Common.When_testing_int_value_of.Should_return_value_when_element_exists" methodname="Should_return_value_when_element_exists" classname="EdFi.Ods.Tests.EdFi.Ods.Common.When_testing_int_value_of" runstate="Runnable" result="Passed" duration="0.000443" asserts="0" />
                  <test-case id="6-1670" name="Should_return_zero_when_last_element_not_exist" fullname="EdFi.Ods.Tests.EdFi.Ods.Common.When_testing_int_value_of.Should_return_zero_when_last_element_not_exist" methodname="Should_return_zero_when_last_element_not_exist" classname="EdFi.Ods.Tests.EdFi.Ods.Common.When_testing_int_value_of" runstate="Runnable" result="Passed" duration="0.000433" asserts="0" />
                  <test-case id="6-1669" name="Should_return_zero_when_no_elements_exists_in_chain" fullname="EdFi.Ods.Tests.EdFi.Ods.Common.When_testing_int_value_of.Should_return_zero_when_no_elements_exists_in_chain" methodname="Should_return_zero_when_no_elements_exists_in_chain" classname="EdFi.Ods.Tests.EdFi.Ods.Common.When_testing_int_value_of" runstate="Runnable" result="Passed" duration="0.000403" asserts="0" />
                </test-suite>
                <test-suite type="TestFixture" id="6-1665" name="When_testing_value_of" fullname="EdFi.Ods.Tests.EdFi.Ods.Common.When_testing_value_of" classname="EdFi.Ods.Tests.EdFi.Ods.Common.When_testing_value_of" runstate="Runnable" testcasecount="2" result="Passed" duration="0.001588" total="2" passed="0" failed="0" inconclusive="0" skipped="0" asserts="0">
                  <test-case id="6-1666" name="Should_return_null_when_element_do_not_exist" fullname="EdFi.Ods.Tests.EdFi.Ods.Common.When_testing_value_of.Should_return_null_when_element_do_not_exist" methodname="Should_return_null_when_element_do_not_exist" classname="EdFi.Ods.Tests.EdFi.Ods.Common.When_testing_value_of" runstate="Runnable" result="Passed" duration="0.000320" asserts="0" />
                  <test-case id="6-1667" name="Should_return_value_when_element_exists" fullname="EdFi.Ods.Tests.EdFi.Ods.Common.When_testing_value_of.Should_return_value_when_element_exists" methodname="Should_return_value_when_element_exists" classname="EdFi.Ods.Tests.EdFi.Ods.Common.When_testing_value_of" runstate="Runnable" result="Passed" duration="0.000327" asserts="0" />
                </test-suite>
              </test-suite>
              <test-suite type="Namespace" id="6-3312" name="CommonUtils" fullname="EdFi.Ods.Tests.EdFi.Ods.CommonUtils" runstate="Runnable" testcasecount="60" result="Passed" duration="0.105835" total="60" passed="0" failed="0" inconclusive="0" skipped="0" asserts="0">
                <test-suite type="Namespace" id="6-3384" name="Configuration" fullname="EdFi.Ods.Tests.EdFi.Ods.CommonUtils.Configuration" runstate="Runnable" testcasecount="1" result="Passed" duration="0.001392" total="1" passed="0" failed="0" inconclusive="0" skipped="0" asserts="0">
                  <test-suite type="TestFixture" id="6-2124" name="ConfigurationReaderTests+When_configuration_value_is_not_present" fullname="EdFi.Ods.Tests.EdFi.Ods.CommonUtils.Configuration.ConfigurationReaderTests+When_configuration_value_is_not_present" classname="EdFi.Ods.Tests.EdFi.Ods.CommonUtils.Configuration.ConfigurationReaderTests+When_configuration_value_is_not_present" runstate="Runnable" testcasecount="1" result="Passed" duration="0.000950" total="1" passed="0" failed="0" inconclusive="0" skipped="0" asserts="0">
                    <test-case id="6-2125" name="Should_return_a_null_value" fullname="EdFi.Ods.Tests.EdFi.Ods.CommonUtils.Configuration.ConfigurationReaderTests+When_configuration_value_is_not_present.Should_return_a_null_value" methodname="Should_return_a_null_value" classname="EdFi.Ods.Tests.EdFi.Ods.CommonUtils.Configuration.ConfigurationReaderTests+When_configuration_value_is_not_present" runstate="Runnable" result="Passed" duration="0.000489" asserts="0" />
                  </test-suite>
                </test-suite>
                <test-suite type="Namespace" id="6-3383" name="DataStructures" fullname="EdFi.Ods.Tests.EdFi.Ods.CommonUtils.DataStructures" runstate="Runnable" testcasecount="2" result="Passed" duration="0.005151" total="2" passed="0" failed="0" inconclusive="0" skipped="0" asserts="0">
                  <test-suite type="TestFixture" id="6-2121" name="OrderedCollectionOfSetsTests+When_structure_is_populated_with_3_sets_that_each_contain_3_elements" fullname="EdFi.Ods.Tests.EdFi.Ods.CommonUtils.DataStructures.OrderedCollectionOfSetsTests+When_structure_is_populated_with_3_sets_that_each_contain_3_elements" classname="EdFi.Ods.Tests.EdFi.Ods.CommonUtils.DataStructures.OrderedCollectionOfSetsTests+When_structure_is_populated_with_3_sets_that_each_contain_3_elements" runstate="Runnable" testcasecount="2" result="Passed" duration="0.004737" total="2" passed="0" failed="0" inconclusive="0" skipped="0" asserts="0">
                    <test-case id="6-2122" name="Enumerating_the_structure_should_produce_the_sets_in_order" fullname="EdFi.Ods.Tests.EdFi.Ods.CommonUtils.DataStructures.OrderedCollectionOfSetsTests+When_structure_is_populated_with_3_sets_that_each_contain_3_elements.Enumerating_the_structure_should_produce_the_sets_in_order" methodname="Enumerating_the_structure_should_produce_the_sets_in_order" classname="EdFi.Ods.Tests.EdFi.Ods.CommonUtils.DataStructures.OrderedCollectionOfSetsTests+When_structure_is_populated_with_3_sets_that_each_contain_3_elements" runstate="Runnable" result="Passed" duration="0.000869" asserts="0" />
                    <test-case id="6-2123" name="Should_each_set_should_contain_the_correct_elements" fullname="EdFi.Ods.Tests.EdFi.Ods.CommonUtils.DataStructures.OrderedCollectionOfSetsTests+When_structure_is_populated_with_3_sets_that_each_contain_3_elements.Should_each_set_should_contain_the_correct_elements" methodname="Should_each_set_should_contain_the_correct_elements" classname="EdFi.Ods.Tests.EdFi.Ods.CommonUtils.DataStructures.OrderedCollectionOfSetsTests+When_structure_is_populated_with_3_sets_that_each_contain_3_elements" runstate="Runnable" result="Passed" duration="0.001605" asserts="0" />
                  </test-suite>
                </test-suite>
                <test-suite type="Namespace" id="6-3385" name="Enumerations" fullname="EdFi.Ods.Tests.EdFi.Ods.CommonUtils.Enumerations" runstate="Runnable" testcasecount="10" result="Passed" duration="0.026793" total="10" passed="0" failed="0" inconclusive="0" skipped="0" asserts="0">
                  <test-suite type="TestFixture" id="6-2160" name="EnumerationTests+When_enumeration_has_value_with_null_id" fullname="EdFi.Ods.Tests.EdFi.Ods.CommonUtils.Enumerations.EnumerationTests+When_enumeration_has_value_with_null_id" classname="EdFi.Ods.Tests.EdFi.Ods.CommonUtils.Enumerations.EnumerationTests+When_enumeration_has_value_with_null_id" runstate="Runnable" testcasecount="4" result="Passed" duration="0.008922" total="4" passed="0" failed="0" inconclusive="0" skipped="0" asserts="0">
                    <test-case id="6-2161" name="Should_retrieve_all_values" fullname="EdFi.Ods.Tests.EdFi.Ods.CommonUtils.Enumerations.EnumerationTests+When_enumeration_has_value_with_null_id.Should_retrieve_all_values" methodname="Should_retrieve_all_values" classname="EdFi.Ods.Tests.EdFi.Ods.CommonUtils.Enumerations.EnumerationTests+When_enumeration_has_value_with_null_id" runstate="Runnable" result="Passed" duration="0.000928" asserts="0" />
                    <test-case id="6-2162" name="Should_retrieve_value_by_id" fullname="EdFi.Ods.Tests.EdFi.Ods.CommonUtils.Enumerations.EnumerationTests+When_enumeration_has_value_with_null_id.Should_retrieve_value_by_id" methodname="Should_retrieve_value_by_id" classname="EdFi.Ods.Tests.EdFi.Ods.CommonUtils.Enumerations.EnumerationTests+When_enumeration_has_value_with_null_id" runstate="Runnable" result="Passed" duration="0.001714" asserts="0" />
                    <test-case id="6-2163" name="Should_retrive_value_with_null_id" fullname="EdFi.Ods.Tests.EdFi.Ods.CommonUtils.Enumerations.EnumerationTests+When_enumeration_has_value_with_null_id.Should_retrive_value_with_null_id" methodname="Should_retrive_value_with_null_id" classname="EdFi.Ods.Tests.EdFi.Ods.CommonUtils.Enumerations.EnumerationTests+When_enumeration_has_value_with_null_id" runstate="Runnable" result="Passed" duration="0.000261" asserts="0" />
                    <test-case id="6-2164" name="Should_return_null_when_searching_by_nonexistent_id" fullname="EdFi.Ods.Tests.EdFi.Ods.CommonUtils.Enumerations.EnumerationTests+When_enumeration_has_value_with_null_id.Should_return_null_when_searching_by_nonexistent_id" methodname="Should_return_null_when_searching_by_nonexistent_id" classname="EdFi.Ods.Tests.EdFi.Ods.CommonUtils.Enumerations.EnumerationTests+When_enumeration_has_value_with_null_id" runstate="Runnable" result="Passed" duration="0.000198" asserts="0" />
                  </test-suite>
                  <test-suite type="TestFixture" id="6-2156" name="EnumerationTests+When_enumeration_has_values" fullname="EdFi.Ods.Tests.EdFi.Ods.CommonUtils.Enumerations.EnumerationTests+When_enumeration_has_values" classname="EdFi.Ods.Tests.EdFi.Ods.CommonUtils.Enumerations.EnumerationTests+When_enumeration_has_values" runstate="Runnable" testcasecount="3" result="Passed" duration="0.004425" total="3" passed="0" failed="0" inconclusive="0" skipped="0" asserts="0">
                    <test-case id="6-2157" name="Should_retrieve_all_values" fullname="EdFi.Ods.Tests.EdFi.Ods.CommonUtils.Enumerations.EnumerationTests+When_enumeration_has_values.Should_retrieve_all_values" methodname="Should_retrieve_all_values" classname="EdFi.Ods.Tests.EdFi.Ods.CommonUtils.Enumerations.EnumerationTests+When_enumeration_has_values" runstate="Runnable" result="Passed" duration="0.001274" asserts="0" />
                    <test-case id="6-2158" name="Should_retrieve_value_by_id" fullname="EdFi.Ods.Tests.EdFi.Ods.CommonUtils.Enumerations.EnumerationTests+When_enumeration_has_values.Should_retrieve_value_by_id" methodname="Should_retrieve_value_by_id" classname="EdFi.Ods.Tests.EdFi.Ods.CommonUtils.Enumerations.EnumerationTests+When_enumeration_has_values" runstate="Runnable" result="Passed" duration="0.000552" asserts="0" />
                    <test-case id="6-2159" name="Should_return_null_when_searching_by_nonexistent_id" fullname="EdFi.Ods.Tests.EdFi.Ods.CommonUtils.Enumerations.EnumerationTests+When_enumeration_has_values.Should_return_null_when_searching_by_nonexistent_id" methodname="Should_return_null_when_searching_by_nonexistent_id" classname="EdFi.Ods.Tests.EdFi.Ods.CommonUtils.Enumerations.EnumerationTests+When_enumeration_has_values" runstate="Runnable" result="Passed" duration="0.000224" asserts="0" />
                  </test-suite>
                  <test-suite type="TestFixture" id="6-2165" name="EnumerationTests+When_ids_are_equal" fullname="EdFi.Ods.Tests.EdFi.Ods.CommonUtils.Enumerations.EnumerationTests+When_ids_are_equal" classname="EdFi.Ods.Tests.EdFi.Ods.CommonUtils.Enumerations.EnumerationTests+When_ids_are_equal" runstate="Runnable" testcasecount="2" result="Passed" duration="0.007880" total="2" passed="0" failed="0" inconclusive="0" skipped="0" asserts="0">
                    <test-case id="6-2166" name="Should_be_equal" fullname="EdFi.Ods.Tests.EdFi.Ods.CommonUtils.Enumerations.EnumerationTests+When_ids_are_equal.Should_be_equal" methodname="Should_be_equal" classname="EdFi.Ods.Tests.EdFi.Ods.CommonUtils.Enumerations.EnumerationTests+When_ids_are_equal" runstate="Runnable" result="Passed" duration="0.001220" asserts="0" />
                    <test-case id="6-2167" name="Should_throw_exception_when_searching_by_duplicated_id" fullname="EdFi.Ods.Tests.EdFi.Ods.CommonUtils.Enumerations.EnumerationTests+When_ids_are_equal.Should_throw_exception_when_searching_by_duplicated_id" methodname="Should_throw_exception_when_searching_by_duplicated_id" classname="EdFi.Ods.Tests.EdFi.Ods.CommonUtils.Enumerations.EnumerationTests+When_ids_are_equal" runstate="Runnable" result="Passed" duration="0.005697" asserts="0">
                      <reason>
                        <message><![CDATA[Nothing to see here.... These are not the tests you're looking for.]]></message>
                      </reason>
                    </test-case>
                  </test-suite>
                  <test-suite type="TestFixture" id="6-2168" name="EnumerationTests+When_ids_are_not_equal" fullname="EdFi.Ods.Tests.EdFi.Ods.CommonUtils.Enumerations.EnumerationTests+When_ids_are_not_equal" classname="EdFi.Ods.Tests.EdFi.Ods.CommonUtils.Enumerations.EnumerationTests+When_ids_are_not_equal" runstate="Runnable" testcasecount="1" result="Passed" duration="0.001917" total="1" passed="0" failed="0" inconclusive="0" skipped="0" asserts="0">
                    <test-case id="6-2169" name="Should_not_be_equal" fullname="EdFi.Ods.Tests.EdFi.Ods.CommonUtils.Enumerations.EnumerationTests+When_ids_are_not_equal.Should_not_be_equal" methodname="Should_not_be_equal" classname="EdFi.Ods.Tests.EdFi.Ods.CommonUtils.Enumerations.EnumerationTests+When_ids_are_not_equal" runstate="Runnable" result="Passed" duration="0.001392" asserts="0" />
                  </test-suite>
                </test-suite>
                <test-suite type="Namespace" id="6-3313" name="Extensions" fullname="EdFi.Ods.Tests.EdFi.Ods.CommonUtils.Extensions" runstate="Runnable" testcasecount="43" result="Passed" duration="0.055833" total="43" passed="0" failed="0" inconclusive="0" skipped="0" asserts="0">
                  <test-suite type="TestFixture" id="6-1114" name="EnumExtensionsTest" fullname="EdFi.Ods.Tests.EdFi.Ods.CommonUtils.Extensions.EnumExtensionsTest" classname="EdFi.Ods.Tests.EdFi.Ods.CommonUtils.Extensions.EnumExtensionsTest" runstate="Runnable" testcasecount="18" result="Passed" duration="0.015486" total="18" passed="0" failed="0" inconclusive="0" skipped="0" asserts="0">
                    <test-case id="6-1121" name="InShouldGiveFalseWhen1NotAmong3" fullname="EdFi.Ods.Tests.EdFi.Ods.CommonUtils.Extensions.EnumExtensionsTest.InShouldGiveFalseWhen1NotAmong3" methodname="InShouldGiveFalseWhen1NotAmong3" classname="EdFi.Ods.Tests.EdFi.Ods.CommonUtils.Extensions.EnumExtensionsTest" runstate="Runnable" result="Passed" duration="0.000666" asserts="1" />
                    <test-case id="6-1118" name="InShouldGiveTrueWhen1Among1" fullname="EdFi.Ods.Tests.EdFi.Ods.CommonUtils.Extensions.EnumExtensionsTest.InShouldGiveTrueWhen1Among1" methodname="InShouldGiveTrueWhen1Among1" classname="EdFi.Ods.Tests.EdFi.Ods.CommonUtils.Extensions.EnumExtensionsTest" runstate="Runnable" result="Passed" duration="0.000337" asserts="1" />
                    <test-case id="6-1119" name="InShouldGiveTrueWhen1Among2" fullname="EdFi.Ods.Tests.EdFi.Ods.CommonUtils.Extensions.EnumExtensionsTest.InShouldGiveTrueWhen1Among2" methodname="InShouldGiveTrueWhen1Among2" classname="EdFi.Ods.Tests.EdFi.Ods.CommonUtils.Extensions.EnumExtensionsTest" runstate="Runnable" result="Passed" duration="0.000288" asserts="1" />
                    <test-case id="6-1120" name="InShouldGiveTrueWhen1Among3" fullname="EdFi.Ods.Tests.EdFi.Ods.CommonUtils.Extensions.EnumExtensionsTest.InShouldGiveTrueWhen1Among3" methodname="InShouldGiveTrueWhen1Among3" classname="EdFi.Ods.Tests.EdFi.Ods.CommonUtils.Extensions.EnumExtensionsTest" runstate="Runnable" result="Passed" duration="0.000365" asserts="1" />
                    <test-case id="6-1127" name="InShouldReturnFalseWhenMultipleFlagsPartiallyInSet" fullname="EdFi.Ods.Tests.EdFi.Ods.CommonUtils.Extensions.EnumExtensionsTest.InShouldReturnFalseWhenMultipleFlagsPartiallyInSet" methodname="InShouldReturnFalseWhenMultipleFlagsPartiallyInSet" classname="EdFi.Ods.Tests.EdFi.Ods.CommonUtils.Extensions.EnumExtensionsTest" runstate="Runnable" result="Passed" duration="0.000234" asserts="1" />
                    <test-case id="6-1125" name="InShouldReturnFalseWhenSingleFlagNotInSet" fullname="EdFi.Ods.Tests.EdFi.Ods.CommonUtils.Extensions.EnumExtensionsTest.InShouldReturnFalseWhenSingleFlagNotInSet" methodname="InShouldReturnFalseWhenSingleFlagNotInSet" classname="EdFi.Ods.Tests.EdFi.Ods.CommonUtils.Extensions.EnumExtensionsTest" runstate="Runnable" result="Passed" duration="0.000220" asserts="1" />
                    <test-case id="6-1126" name="InShouldReturnTrueWhenMultipleFlagsInSet" fullname="EdFi.Ods.Tests.EdFi.Ods.CommonUtils.Extensions.EnumExtensionsTest.InShouldReturnTrueWhenMultipleFlagsInSet" methodname="InShouldReturnTrueWhenMultipleFlagsInSet" classname="EdFi.Ods.Tests.EdFi.Ods.CommonUtils.Extensions.EnumExtensionsTest" runstate="Runnable" result="Passed" duration="0.000249" asserts="1" />
                    <test-case id="6-1124" name="InShouldReturnTrueWhenSingleFlagInSet" fullname="EdFi.Ods.Tests.EdFi.Ods.CommonUtils.Extensions.EnumExtensionsTest.InShouldReturnTrueWhenSingleFlagInSet" methodname="InShouldReturnTrueWhenSingleFlagInSet" classname="EdFi.Ods.Tests.EdFi.Ods.CommonUtils.Extensions.EnumExtensionsTest" runstate="Runnable" result="Passed" duration="0.000237" asserts="1" />
                    <test-case id="6-1122" name="InShouldWorkWithInt16Enums" fullname="EdFi.Ods.Tests.EdFi.Ods.CommonUtils.Extensions.EnumExtensionsTest.InShouldWorkWithInt16Enums" methodname="InShouldWorkWithInt16Enums" classname="EdFi.Ods.Tests.EdFi.Ods.CommonUtils.Extensions.EnumExtensionsTest" runstate="Runnable" result="Passed" duration="0.000250" asserts="1" />
                    <test-case id="6-1123" name="InShouldWorkWithInt64Enums" fullname="EdFi.Ods.Tests.EdFi.Ods.CommonUtils.Extensions.EnumExtensionsTest.InShouldWorkWithInt64Enums" methodname="InShouldWorkWithInt64Enums" classname="EdFi.Ods.Tests.EdFi.Ods.CommonUtils.Extensions.EnumExtensionsTest" runstate="Runnable" result="Passed" duration="0.000231" asserts="1" />
                    <test-case id="6-1129" name="IntersectsShouldReturnFalseWhenSingleFlagNotInSet" fullname="EdFi.Ods.Tests.EdFi.Ods.CommonUtils.Extensions.EnumExtensionsTest.IntersectsShouldReturnFalseWhenSingleFlagNotInSet" methodname="IntersectsShouldReturnFalseWhenSingleFlagNotInSet" classname="EdFi.Ods.Tests.EdFi.Ods.CommonUtils.Extensions.EnumExtensionsTest" runstate="Runnable" result="Passed" duration="0.000304" asserts="1" />
                    <test-case id="6-1130" name="IntersectsShouldReturnTrueWhenMultipleFlagsInSet" fullname="EdFi.Ods.Tests.EdFi.Ods.CommonUtils.Extensions.EnumExtensionsTest.IntersectsShouldReturnTrueWhenMultipleFlagsInSet" methodname="IntersectsShouldReturnTrueWhenMultipleFlagsInSet" classname="EdFi.Ods.Tests.EdFi.Ods.CommonUtils.Extensions.EnumExtensionsTest" runstate="Runnable" result="Passed" duration="0.000231" asserts="1" />
                    <test-case id="6-1131" name="IntersectsShouldReturnTrueWhenMultipleFlagsPartiallyInSet" fullname="EdFi.Ods.Tests.EdFi.Ods.CommonUtils.Extensions.EnumExtensionsTest.IntersectsShouldReturnTrueWhenMultipleFlagsPartiallyInSet" methodname="IntersectsShouldReturnTrueWhenMultipleFlagsPartiallyInSet" classname="EdFi.Ods.Tests.EdFi.Ods.CommonUtils.Extensions.EnumExtensionsTest" runstate="Runnable" result="Passed" duration="0.000214" asserts="1" />
                    <test-case id="6-1128" name="IntersectsShouldReturnTrueWhenSingleFlagInSet" fullname="EdFi.Ods.Tests.EdFi.Ods.CommonUtils.Extensions.EnumExtensionsTest.IntersectsShouldReturnTrueWhenSingleFlagInSet" methodname="IntersectsShouldReturnTrueWhenSingleFlagInSet" classname="EdFi.Ods.Tests.EdFi.Ods.CommonUtils.Extensions.EnumExtensionsTest" runstate="Runnable" result="Passed" duration="0.000224" asserts="1" />
                    <test-case id="6-1132" name="Should_return_enum_name_when_calling_GetName" fullname="EdFi.Ods.Tests.EdFi.Ods.CommonUtils.Extensions.EnumExtensionsTest.Should_return_enum_name_when_calling_GetName" methodname="Should_return_enum_name_when_calling_GetName" classname="EdFi.Ods.Tests.EdFi.Ods.CommonUtils.Extensions.EnumExtensionsTest" runstate="Runnable" result="Passed" duration="0.000446" asserts="0" />
                    <test-case id="6-1115" name="ToEnumShouldDoWhatEnumParseDoes" fullname="EdFi.Ods.Tests.EdFi.Ods.CommonUtils.Extensions.EnumExtensionsTest.ToEnumShouldDoWhatEnumParseDoes" methodname="ToEnumShouldDoWhatEnumParseDoes" classname="EdFi.Ods.Tests.EdFi.Ods.CommonUtils.Extensions.EnumExtensionsTest" runstate="Runnable" result="Passed" duration="0.000634" asserts="1" />
                    <test-case id="6-1116" name="ToEnumShouldIgnoreSpaces" fullname="EdFi.Ods.Tests.EdFi.Ods.CommonUtils.Extensions.EnumExtensionsTest.ToEnumShouldIgnoreSpaces" methodname="ToEnumShouldIgnoreSpaces" classname="EdFi.Ods.Tests.EdFi.Ods.CommonUtils.Extensions.EnumExtensionsTest" runstate="Runnable" result="Passed" duration="0.000202" asserts="1" />
                    <test-case id="6-1117" name="ToEnumShouldWorkWithInt16Enums" fullname="EdFi.Ods.Tests.EdFi.Ods.CommonUtils.Extensions.EnumExtensionsTest.ToEnumShouldWorkWithInt16Enums" methodname="ToEnumShouldWorkWithInt16Enums" classname="EdFi.Ods.Tests.EdFi.Ods.CommonUtils.Extensions.EnumExtensionsTest" runstate="Runnable" result="Passed" duration="0.000622" asserts="1" />
                  </test-suite>
                  <test-suite type="TestFixture" id="6-2152" name="ExpressionExtensionsTests+When_getting_the_member_name_of_a_method" fullname="EdFi.Ods.Tests.EdFi.Ods.CommonUtils.Extensions.ExpressionExtensionsTests+When_getting_the_member_name_of_a_method" classname="EdFi.Ods.Tests.EdFi.Ods.CommonUtils.Extensions.ExpressionExtensionsTests+When_getting_the_member_name_of_a_method" runstate="Runnable" testcasecount="1" result="Passed" duration="0.001223" total="1" passed="0" failed="0" inconclusive="0" skipped="0" asserts="0">
                    <test-case id="6-2153" name="Should_get_the_member_name" fullname="EdFi.Ods.Tests.EdFi.Ods.CommonUtils.Extensions.ExpressionExtensionsTests+When_getting_the_member_name_of_a_method.Should_get_the_member_name" methodname="Should_get_the_member_name" classname="EdFi.Ods.Tests.EdFi.Ods.CommonUtils.Extensions.ExpressionExtensionsTests+When_getting_the_member_name_of_a_method" runstate="Runnable" result="Passed" duration="0.000777" asserts="0" />
                  </test-suite>
                  <test-suite type="TestFixture" id="6-2150" name="ExpressionExtensionsTests+When_getting_the_member_name_of_a_property" fullname="EdFi.Ods.Tests.EdFi.Ods.CommonUtils.Extensions.ExpressionExtensionsTests+When_getting_the_member_name_of_a_property" classname="EdFi.Ods.Tests.EdFi.Ods.CommonUtils.Extensions.ExpressionExtensionsTests+When_getting_the_member_name_of_a_property" runstate="Runnable" testcasecount="1" result="Passed" duration="0.001051" total="1" passed="0" failed="0" inconclusive="0" skipped="0" asserts="0">
                    <test-case id="6-2151" name="Should_get_the_member_name" fullname="EdFi.Ods.Tests.EdFi.Ods.CommonUtils.Extensions.ExpressionExtensionsTests+When_getting_the_member_name_of_a_property.Should_get_the_member_name" methodname="Should_get_the_member_name" classname="EdFi.Ods.Tests.EdFi.Ods.CommonUtils.Extensions.ExpressionExtensionsTests+When_getting_the_member_name_of_a_property" runstate="Runnable" result="Passed" duration="0.000577" asserts="0" />
                  </test-suite>
                  <test-suite type="TestFixture" id="6-2154" name="ExpressionExtensionsTests+When_getting_the_member_name_of_a_unary_expression" fullname="EdFi.Ods.Tests.EdFi.Ods.CommonUtils.Extensions.ExpressionExtensionsTests+When_getting_the_member_name_of_a_unary_expression" classname="EdFi.Ods.Tests.EdFi.Ods.CommonUtils.Extensions.ExpressionExtensionsTests+When_getting_the_member_name_of_a_unary_expression" runstate="Runnable" testcasecount="1" result="Passed" duration="0.001198" total="1" passed="0" failed="0" inconclusive="0" skipped="0" asserts="0">
                    <test-case id="6-2155" name="Should_get_the_member_name" fullname="EdFi.Ods.Tests.EdFi.Ods.CommonUtils.Extensions.ExpressionExtensionsTests+When_getting_the_member_name_of_a_unary_expression.Should_get_the_member_name" methodname="Should_get_the_member_name" classname="EdFi.Ods.Tests.EdFi.Ods.CommonUtils.Extensions.ExpressionExtensionsTests+When_getting_the_member_name_of_a_unary_expression" runstate="Runnable" result="Passed" duration="0.000689" asserts="0" />
                  </test-suite>
                  <test-suite type="TestFixture" id="6-2130" name="ObjectExtensionsTests+When_type_is_int" fullname="EdFi.Ods.Tests.EdFi.Ods.CommonUtils.Extensions.ObjectExtensionsTests+When_type_is_int" classname="EdFi.Ods.Tests.EdFi.Ods.CommonUtils.Extensions.ObjectExtensionsTests+When_type_is_int" runstate="Runnable" testcasecount="3" result="Passed" duration="0.002862" total="3" passed="0" failed="0" inconclusive="0" skipped="0" asserts="0">
                    <test-case id="6-2131" name="Should_be_default_for_zero" fullname="EdFi.Ods.Tests.EdFi.Ods.CommonUtils.Extensions.ObjectExtensionsTests+When_type_is_int.Should_be_default_for_zero" methodname="Should_be_default_for_zero" classname="EdFi.Ods.Tests.EdFi.Ods.CommonUtils.Extensions.ObjectExtensionsTests+When_type_is_int" runstate="Runnable" result="Passed" duration="0.000473" asserts="0" />
                    <test-case id="6-2133" name="Should_not_be_default_for_object_value" fullname="EdFi.Ods.Tests.EdFi.Ods.CommonUtils.Extensions.ObjectExtensionsTests+When_type_is_int.Should_not_be_default_for_object_value" methodname="Should_not_be_default_for_object_value" classname="EdFi.Ods.Tests.EdFi.Ods.CommonUtils.Extensions.ObjectExtensionsTests+When_type_is_int" runstate="Runnable" result="Passed" duration="0.000317" asserts="0" />
                    <test-case id="6-2132" name="Should_not_be_default_for_one" fullname="EdFi.Ods.Tests.EdFi.Ods.CommonUtils.Extensions.ObjectExtensionsTests+When_type_is_int.Should_not_be_default_for_one" methodname="Should_not_be_default_for_one" classname="EdFi.Ods.Tests.EdFi.Ods.CommonUtils.Extensions.ObjectExtensionsTests+When_type_is_int" runstate="Runnable" result="Passed" duration="0.000329" asserts="0" />
                  </test-suite>
                  <test-suite type="TestFixture" id="6-2126" name="ObjectExtensionsTests+When_type_is_object" fullname="EdFi.Ods.Tests.EdFi.Ods.CommonUtils.Extensions.ObjectExtensionsTests+When_type_is_object" classname="EdFi.Ods.Tests.EdFi.Ods.CommonUtils.Extensions.ObjectExtensionsTests+When_type_is_object" runstate="Runnable" testcasecount="3" result="Passed" duration="0.002803" total="3" passed="0" failed="0" inconclusive="0" skipped="0" asserts="0">
                    <test-case id="6-2127" name="Should_be_default_for_null" fullname="EdFi.Ods.Tests.EdFi.Ods.CommonUtils.Extensions.ObjectExtensionsTests+When_type_is_object.Should_be_default_for_null" methodname="Should_be_default_for_null" classname="EdFi.Ods.Tests.EdFi.Ods.CommonUtils.Extensions.ObjectExtensionsTests+When_type_is_object" runstate="Runnable" result="Passed" duration="0.000297" asserts="0" />
                    <test-case id="6-2129" name="Should_not_be_default_for_integers" fullname="EdFi.Ods.Tests.EdFi.Ods.CommonUtils.Extensions.ObjectExtensionsTests+When_type_is_object.Should_not_be_default_for_integers" methodname="Should_not_be_default_for_integers" classname="EdFi.Ods.Tests.EdFi.Ods.CommonUtils.Extensions.ObjectExtensionsTests+When_type_is_object" runstate="Runnable" result="Passed" duration="0.000587" asserts="0" />
                    <test-case id="6-2128" name="Should_not_be_default_for_nonnull" fullname="EdFi.Ods.Tests.EdFi.Ods.CommonUtils.Extensions.ObjectExtensionsTests+When_type_is_object.Should_not_be_default_for_nonnull" methodname="Should_not_be_default_for_nonnull" classname="EdFi.Ods.Tests.EdFi.Ods.CommonUtils.Extensions.ObjectExtensionsTests+When_type_is_object" runstate="Runnable" result="Passed" duration="0.000352" asserts="0" />
                  </test-suite>
                  <test-suite type="TestFixture" id="6-3248" name="StringExtensionTests+JoinWithCharacter+When_base_uri_is_has_multiple_trailing_slash_and_path_has_multiple_leading_slash" fullname="EdFi.Ods.Tests.EdFi.Ods.CommonUtils.Extensions.StringExtensionTests+JoinWithCharacter+When_base_uri_is_has_multiple_trailing_slash_and_path_has_multiple_leading_slash" classname="EdFi.Ods.Tests.EdFi.Ods.CommonUtils.Extensions.StringExtensionTests+JoinWithCharacter+When_base_uri_is_has_multiple_trailing_slash_and_path_has_multiple_leading_slash" runstate="Runnable" testcasecount="1" result="Passed" duration="0.001050" total="1" passed="0" failed="0" inconclusive="0" skipped="0" asserts="0">
                    <test-case id="6-3249" name="Should_combine_paths_with_a_single_slash" fullname="EdFi.Ods.Tests.EdFi.Ods.CommonUtils.Extensions.StringExtensionTests+JoinWithCharacter+When_base_uri_is_has_multiple_trailing_slash_and_path_has_multiple_leading_slash.Should_combine_paths_with_a_single_slash" methodname="Should_combine_paths_with_a_single_slash" classname="EdFi.Ods.Tests.EdFi.Ods.CommonUtils.Extensions.StringExtensionTests+JoinWithCharacter+When_base_uri_is_has_multiple_trailing_slash_and_path_has_multiple_leading_slash" runstate="Runnable" result="Passed" duration="0.000276" asserts="0" />
                  </test-suite>
                  <test-suite type="TestFixture" id="6-3246" name="StringExtensionTests+JoinWithCharacter+When_base_uri_is_has_trailing_slash_and_path_is__leading_slash" fullname="EdFi.Ods.Tests.EdFi.Ods.CommonUtils.Extensions.StringExtensionTests+JoinWithCharacter+When_base_uri_is_has_trailing_slash_and_path_is__leading_slash" classname="EdFi.Ods.Tests.EdFi.Ods.CommonUtils.Extensions.StringExtensionTests+JoinWithCharacter+When_base_uri_is_has_trailing_slash_and_path_is__leading_slash" runstate="Runnable" testcasecount="1" result="Passed" duration="0.000702" total="1" passed="0" failed="0" inconclusive="0" skipped="0" asserts="0">
                    <test-case id="6-3247" name="Should_combine_paths_with_a_single_slash" fullname="EdFi.Ods.Tests.EdFi.Ods.CommonUtils.Extensions.StringExtensionTests+JoinWithCharacter+When_base_uri_is_has_trailing_slash_and_path_is__leading_slash.Should_combine_paths_with_a_single_slash" methodname="Should_combine_paths_with_a_single_slash" classname="EdFi.Ods.Tests.EdFi.Ods.CommonUtils.Extensions.StringExtensionTests+JoinWithCharacter+When_base_uri_is_has_trailing_slash_and_path_is__leading_slash" runstate="Runnable" result="Passed" duration="0.000234" asserts="0" />
                  </test-suite>
                  <test-suite type="TestFixture" id="6-3244" name="StringExtensionTests+JoinWithCharacter+When_base_uri_is_missing_trailing_slash_and_path_has_leading_slash" fullname="EdFi.Ods.Tests.EdFi.Ods.CommonUtils.Extensions.StringExtensionTests+JoinWithCharacter+When_base_uri_is_missing_trailing_slash_and_path_has_leading_slash" classname="EdFi.Ods.Tests.EdFi.Ods.CommonUtils.Extensions.StringExtensionTests+JoinWithCharacter+When_base_uri_is_missing_trailing_slash_and_path_has_leading_slash" runstate="Runnable" testcasecount="1" result="Passed" duration="0.000659" total="1" passed="0" failed="0" inconclusive="0" skipped="0" asserts="0">
                    <test-case id="6-3245" name="Should_combine_paths_with_a_single_slash" fullname="EdFi.Ods.Tests.EdFi.Ods.CommonUtils.Extensions.StringExtensionTests+JoinWithCharacter+When_base_uri_is_missing_trailing_slash_and_path_has_leading_slash.Should_combine_paths_with_a_single_slash" methodname="Should_combine_paths_with_a_single_slash" classname="EdFi.Ods.Tests.EdFi.Ods.CommonUtils.Extensions.StringExtensionTests+JoinWithCharacter+When_base_uri_is_missing_trailing_slash_and_path_has_leading_slash" runstate="Runnable" result="Passed" duration="0.000245" asserts="0" />
                  </test-suite>
                  <test-suite type="TestFixture" id="6-3242" name="StringExtensionTests+JoinWithCharacter+When_base_uri_is_missing_trailing_slash_and_path_is_missing_leading_slash" fullname="EdFi.Ods.Tests.EdFi.Ods.CommonUtils.Extensions.StringExtensionTests+JoinWithCharacter+When_base_uri_is_missing_trailing_slash_and_path_is_missing_leading_slash" classname="EdFi.Ods.Tests.EdFi.Ods.CommonUtils.Extensions.StringExtensionTests+JoinWithCharacter+When_base_uri_is_missing_trailing_slash_and_path_is_missing_leading_slash" runstate="Runnable" testcasecount="1" result="Passed" duration="0.000716" total="1" passed="0" failed="0" inconclusive="0" skipped="0" asserts="0">
                    <test-case id="6-3243" name="Should_combine_paths_with_a_single_slash" fullname="EdFi.Ods.Tests.EdFi.Ods.CommonUtils.Extensions.StringExtensionTests+JoinWithCharacter+When_base_uri_is_missing_trailing_slash_and_path_is_missing_leading_slash.Should_combine_paths_with_a_single_slash" methodname="Should_combine_paths_with_a_single_slash" classname="EdFi.Ods.Tests.EdFi.Ods.CommonUtils.Extensions.StringExtensionTests+JoinWithCharacter+When_base_uri_is_missing_trailing_slash_and_path_is_missing_leading_slash" runstate="Runnable" result="Passed" duration="0.000205" asserts="0" />
                  </test-suite>
                  <test-suite type="TestFixture" id="6-2134" name="StringExtensionTests+When_converting_string_to_option_bool" fullname="EdFi.Ods.Tests.EdFi.Ods.CommonUtils.Extensions.StringExtensionTests+When_converting_string_to_option_bool" classname="EdFi.Ods.Tests.EdFi.Ods.CommonUtils.Extensions.StringExtensionTests+When_converting_string_to_option_bool" runstate="Runnable" testcasecount="4" result="Passed" duration="0.002737" total="4" passed="0" failed="0" inconclusive="0" skipped="0" asserts="0">
                    <test-case id="6-2135" name="Should_convert_false_to_false" fullname="EdFi.Ods.Tests.EdFi.Ods.CommonUtils.Extensions.StringExtensionTests+When_converting_string_to_option_bool.Should_convert_false_to_false" methodname="Should_convert_false_to_false" classname="EdFi.Ods.Tests.EdFi.Ods.CommonUtils.Extensions.StringExtensionTests+When_converting_string_to_option_bool" runstate="Runnable" result="Passed" duration="0.000253" asserts="0" />
                    <test-case id="6-2137" name="Should_convert_null_to_false" fullname="EdFi.Ods.Tests.EdFi.Ods.CommonUtils.Extensions.StringExtensionTests+When_converting_string_to_option_bool.Should_convert_null_to_false" methodname="Should_convert_null_to_false" classname="EdFi.Ods.Tests.EdFi.Ods.CommonUtils.Extensions.StringExtensionTests+When_converting_string_to_option_bool" runstate="Runnable" result="Passed" duration="0.000201" asserts="0" />
                    <test-case id="6-2136" name="Should_convert_true_to_true" fullname="EdFi.Ods.Tests.EdFi.Ods.CommonUtils.Extensions.StringExtensionTests+When_converting_string_to_option_bool.Should_convert_true_to_true" methodname="Should_convert_true_to_true" classname="EdFi.Ods.Tests.EdFi.Ods.CommonUtils.Extensions.StringExtensionTests+When_converting_string_to_option_bool" runstate="Runnable" result="Passed" duration="0.000207" asserts="0" />
                    <test-case id="6-2138" name="Should_convert_unparseable_to_false" fullname="EdFi.Ods.Tests.EdFi.Ods.CommonUtils.Extensions.StringExtensionTests+When_converting_string_to_option_bool.Should_convert_unparseable_to_false" methodname="Should_convert_unparseable_to_false" classname="EdFi.Ods.Tests.EdFi.Ods.CommonUtils.Extensions.StringExtensionTests+When_converting_string_to_option_bool" runstate="Runnable" result="Passed" duration="0.000207" asserts="0" />
                  </test-suite>
                  <test-suite type="TestFixture" id="6-2139" name="StringExtensionTests+When_replacing_last_occurance" fullname="EdFi.Ods.Tests.EdFi.Ods.CommonUtils.Extensions.StringExtensionTests+When_replacing_last_occurance" classname="EdFi.Ods.Tests.EdFi.Ods.CommonUtils.Extensions.StringExtensionTests+When_replacing_last_occurance" runstate="Runnable" testcasecount="4" result="Passed" duration="0.003822" total="4" passed="0" failed="0" inconclusive="0" skipped="0" asserts="0">
                    <test-case id="6-2140" name="Should_not_replace_anything_if_zero_occurances" fullname="EdFi.Ods.Tests.EdFi.Ods.CommonUtils.Extensions.StringExtensionTests+When_replacing_last_occurance.Should_not_replace_anything_if_zero_occurances" methodname="Should_not_replace_anything_if_zero_occurances" classname="EdFi.Ods.Tests.EdFi.Ods.CommonUtils.Extensions.StringExtensionTests+When_replacing_last_occurance" runstate="Runnable" result="Passed" duration="0.000433" asserts="0" />
                    <test-case id="6-2141" name="Should_replace_a_single_occurance_at_the_start" fullname="EdFi.Ods.Tests.EdFi.Ods.CommonUtils.Extensions.StringExtensionTests+When_replacing_last_occurance.Should_replace_a_single_occurance_at_the_start" methodname="Should_replace_a_single_occurance_at_the_start" classname="EdFi.Ods.Tests.EdFi.Ods.CommonUtils.Extensions.StringExtensionTests+When_replacing_last_occurance" runstate="Runnable" result="Passed" duration="0.000435" asserts="0" />
                    <test-case id="6-2143" name="Should_replace_last_occurance_when_it_is_the_end" fullname="EdFi.Ods.Tests.EdFi.Ods.CommonUtils.Extensions.StringExtensionTests+When_replacing_last_occurance.Should_replace_last_occurance_when_it_is_the_end" methodname="Should_replace_last_occurance_when_it_is_the_end" classname="EdFi.Ods.Tests.EdFi.Ods.CommonUtils.Extensions.StringExtensionTests+When_replacing_last_occurance" runstate="Runnable" result="Passed" duration="0.000369" asserts="0" />
                    <test-case id="6-2142" name="Should_replace_last_occurance_when_that_occurance_is_not_the_ending" fullname="EdFi.Ods.Tests.EdFi.Ods.CommonUtils.Extensions.StringExtensionTests+When_replacing_last_occurance.Should_replace_last_occurance_when_that_occurance_is_not_the_ending" methodname="Should_replace_last_occurance_when_that_occurance_is_not_the_ending" classname="EdFi.Ods.Tests.EdFi.Ods.CommonUtils.Extensions.StringExtensionTests+When_replacing_last_occurance" runstate="Runnable" result="Passed" duration="0.000391" asserts="0" />
                  </test-suite>
                  <test-suite type="TestFixture" id="6-2144" name="TypeExtensionsTests+When_type_can_be_cast_to_another_type" fullname="EdFi.Ods.Tests.EdFi.Ods.CommonUtils.Extensions.TypeExtensionsTests+When_type_can_be_cast_to_another_type" classname="EdFi.Ods.Tests.EdFi.Ods.CommonUtils.Extensions.TypeExtensionsTests+When_type_can_be_cast_to_another_type" runstate="Runnable" testcasecount="2" result="Passed" duration="0.001835" total="2" passed="0" failed="0" inconclusive="0" skipped="0" asserts="0">
                    <test-case id="6-2146" name="Should_not_report_that_the_type_cannot_be_cast_to_the_other_type" fullname="EdFi.Ods.Tests.EdFi.Ods.CommonUtils.Extensions.TypeExtensionsTests+When_type_can_be_cast_to_another_type.Should_not_report_that_the_type_cannot_be_cast_to_the_other_type" methodname="Should_not_report_that_the_type_cannot_be_cast_to_the_other_type" classname="EdFi.Ods.Tests.EdFi.Ods.CommonUtils.Extensions.TypeExtensionsTests+When_type_can_be_cast_to_another_type" runstate="Runnable" result="Passed" duration="0.000581" asserts="0" />
                    <test-case id="6-2145" name="Should_report_that_it_can_be_cast" fullname="EdFi.Ods.Tests.EdFi.Ods.CommonUtils.Extensions.TypeExtensionsTests+When_type_can_be_cast_to_another_type.Should_report_that_it_can_be_cast" methodname="Should_report_that_it_can_be_cast" classname="EdFi.Ods.Tests.EdFi.Ods.CommonUtils.Extensions.TypeExtensionsTests+When_type_can_be_cast_to_another_type" runstate="Runnable" result="Passed" duration="0.000267" asserts="0" />
                  </test-suite>
                  <test-suite type="TestFixture" id="6-2147" name="TypeExtensionsTests+When_type_cannot_be_cast_to_another_type" fullname="EdFi.Ods.Tests.EdFi.Ods.CommonUtils.Extensions.TypeExtensionsTests+When_type_cannot_be_cast_to_another_type" classname="EdFi.Ods.Tests.EdFi.Ods.CommonUtils.Extensions.TypeExtensionsTests+When_type_cannot_be_cast_to_another_type" runstate="Runnable" testcasecount="2" result="Passed" duration="0.001544" total="2" passed="0" failed="0" inconclusive="0" skipped="0" asserts="0">
                    <test-case id="6-2149" name="Should_not_report_that_the_type_can_be_cast_to_the_other_type" fullname="EdFi.Ods.Tests.EdFi.Ods.CommonUtils.Extensions.TypeExtensionsTests+When_type_cannot_be_cast_to_another_type.Should_not_report_that_the_type_can_be_cast_to_the_other_type" methodname="Should_not_report_that_the_type_can_be_cast_to_the_other_type" classname="EdFi.Ods.Tests.EdFi.Ods.CommonUtils.Extensions.TypeExtensionsTests+When_type_cannot_be_cast_to_another_type" runstate="Runnable" result="Passed" duration="0.000339" asserts="0" />
                    <test-case id="6-2148" name="Should_report_that_it_cannot_be_cast" fullname="EdFi.Ods.Tests.EdFi.Ods.CommonUtils.Extensions.TypeExtensionsTests+When_type_cannot_be_cast_to_another_type.Should_report_that_it_cannot_be_cast" methodname="Should_report_that_it_cannot_be_cast" classname="EdFi.Ods.Tests.EdFi.Ods.CommonUtils.Extensions.TypeExtensionsTests+When_type_cannot_be_cast_to_another_type" runstate="Runnable" result="Passed" duration="0.000274" asserts="0" />
                  </test-suite>
                </test-suite>
                <test-suite type="TestFixture" id="6-2114" name="RandomUtilTests+When_generating_a_random_string" fullname="EdFi.Ods.Tests.EdFi.Ods.CommonUtils.RandomUtilTests+When_generating_a_random_string" classname="EdFi.Ods.Tests.EdFi.Ods.CommonUtils.RandomUtilTests+When_generating_a_random_string" runstate="Runnable" testcasecount="2" result="Passed" duration="0.002436" total="2" passed="0" failed="0" inconclusive="0" skipped="0" asserts="0">
                  <test-case id="6-2115" name="Should_generate_a_string_of_the_correct_length" fullname="EdFi.Ods.Tests.EdFi.Ods.CommonUtils.RandomUtilTests+When_generating_a_random_string.Should_generate_a_string_of_the_correct_length" methodname="Should_generate_a_string_of_the_correct_length" classname="EdFi.Ods.Tests.EdFi.Ods.CommonUtils.RandomUtilTests+When_generating_a_random_string" runstate="Runnable" result="Passed" duration="0.000834" asserts="0" />
                  <test-case id="6-2116" name="Should_not_ever_include_the_equal_sign_since_it_isnt_random" fullname="EdFi.Ods.Tests.EdFi.Ods.CommonUtils.RandomUtilTests+When_generating_a_random_string.Should_not_ever_include_the_equal_sign_since_it_isnt_random" methodname="Should_not_ever_include_the_equal_sign_since_it_isnt_random" classname="EdFi.Ods.Tests.EdFi.Ods.CommonUtils.RandomUtilTests+When_generating_a_random_string" runstate="Runnable" result="Passed" duration="0.000357" asserts="0" />
                </test-suite>
                <test-suite type="Namespace" id="6-3382" name="Resources" fullname="EdFi.Ods.Tests.EdFi.Ods.CommonUtils.Resources" runstate="Runnable" testcasecount="2" result="Passed" duration="0.003910" total="2" passed="0" failed="0" inconclusive="0" skipped="0" asserts="0">
                  <test-suite type="TestFixture" id="6-2119" name="EmbeddedResourceReaderTests+When_resource_exists_and_we_retrieve_the_stream" fullname="EdFi.Ods.Tests.EdFi.Ods.CommonUtils.Resources.EmbeddedResourceReaderTests+When_resource_exists_and_we_retrieve_the_stream" classname="EdFi.Ods.Tests.EdFi.Ods.CommonUtils.Resources.EmbeddedResourceReaderTests+When_resource_exists_and_we_retrieve_the_stream" runstate="Runnable" testcasecount="1" result="Passed" duration="0.001286" total="1" passed="0" failed="0" inconclusive="0" skipped="0" asserts="0">
                    <test-case id="6-2120" name="Should_read_entire_resource_content" fullname="EdFi.Ods.Tests.EdFi.Ods.CommonUtils.Resources.EmbeddedResourceReaderTests+When_resource_exists_and_we_retrieve_the_stream.Should_read_entire_resource_content" methodname="Should_read_entire_resource_content" classname="EdFi.Ods.Tests.EdFi.Ods.CommonUtils.Resources.EmbeddedResourceReaderTests+When_resource_exists_and_we_retrieve_the_stream" runstate="Runnable" result="Passed" duration="0.000861" asserts="0" />
                  </test-suite>
                  <test-suite type="TestFixture" id="6-2117" name="EmbeddedResourceReaderTests+When_resource_exists_and_we_retrieve_the_string" fullname="EdFi.Ods.Tests.EdFi.Ods.CommonUtils.Resources.EmbeddedResourceReaderTests+When_resource_exists_and_we_retrieve_the_string" classname="EdFi.Ods.Tests.EdFi.Ods.CommonUtils.Resources.EmbeddedResourceReaderTests+When_resource_exists_and_we_retrieve_the_string" runstate="Runnable" testcasecount="1" result="Passed" duration="0.001252" total="1" passed="0" failed="0" inconclusive="0" skipped="0" asserts="0">
                    <test-case id="6-2118" name="Should_read_entire_resource_content" fullname="EdFi.Ods.Tests.EdFi.Ods.CommonUtils.Resources.EmbeddedResourceReaderTests+When_resource_exists_and_we_retrieve_the_string.Should_read_entire_resource_content" methodname="Should_read_entire_resource_content" classname="EdFi.Ods.Tests.EdFi.Ods.CommonUtils.Resources.EmbeddedResourceReaderTests+When_resource_exists_and_we_retrieve_the_string" runstate="Runnable" result="Passed" duration="0.000813" asserts="0" />
                  </test-suite>
                </test-suite>
              </test-suite>
              <test-suite type="Namespace" id="6-3322" name="Entities" fullname="EdFi.Ods.Tests.EdFi.Ods.Entities" runstate="Runnable" testcasecount="119" result="Passed" duration="0.969983" total="119" passed="0" failed="0" inconclusive="0" skipped="0" asserts="0">
                <test-suite type="Namespace" id="6-3324" name="Common" fullname="EdFi.Ods.Tests.EdFi.Ods.Entities.Common" runstate="Runnable" testcasecount="111" result="Passed" duration="0.827191" total="111" passed="0" failed="0" inconclusive="0" skipped="0" asserts="0">
                  <test-suite type="TestFixture" id="6-1197" name="DataAnnotationsEntityValidatorTests" fullname="EdFi.Ods.Tests.EdFi.Ods.Entities.Common.DataAnnotationsEntityValidatorTests" classname="EdFi.Ods.Tests.EdFi.Ods.Entities.Common.DataAnnotationsEntityValidatorTests" runstate="Runnable" testcasecount="3" result="Passed" duration="0.014870" total="3" passed="0" failed="0" inconclusive="0" skipped="0" asserts="0">
                    <test-case id="6-1198" name="When_validating_object_with_data_annotation_should_validate_and_raise_error" fullname="EdFi.Ods.Tests.EdFi.Ods.Entities.Common.DataAnnotationsEntityValidatorTests.When_validating_object_with_data_annotation_should_validate_and_raise_error" methodname="When_validating_object_with_data_annotation_should_validate_and_raise_error" classname="EdFi.Ods.Tests.EdFi.Ods.Entities.Common.DataAnnotationsEntityValidatorTests" runstate="Runnable" result="Passed" duration="0.007225" asserts="0" />
                    <test-case id="6-1200" name="When_validating_object_with_validateEnumerableAttribute_should_validate_items_in_enumeration_and_raise_error" fullname="EdFi.Ods.Tests.EdFi.Ods.Entities.Common.DataAnnotationsEntityValidatorTests.When_validating_object_with_validateEnumerableAttribute_should_validate_items_in_enumeration_and_raise_error" methodname="When_validating_object_with_validateEnumerableAttribute_should_validate_items_in_enumeration_and_raise_error" classname="EdFi.Ods.Tests.EdFi.Ods.Entities.Common.DataAnnotationsEntityValidatorTests" runstate="Runnable" result="Passed" duration="0.004946" asserts="0" />
                    <test-case id="6-1199" name="When_validating_object_with_validationObjectAttribute_should_validate_recursively_and_raise_error" fullname="EdFi.Ods.Tests.EdFi.Ods.Entities.Common.DataAnnotationsEntityValidatorTests.When_validating_object_with_validationObjectAttribute_should_validate_recursively_and_raise_error" methodname="When_validating_object_with_validationObjectAttribute_should_validate_recursively_and_raise_error" classname="EdFi.Ods.Tests.EdFi.Ods.Entities.Common.DataAnnotationsEntityValidatorTests" runstate="Runnable" result="Passed" duration="0.000476" asserts="0" />
                  </test-suite>
                  <test-suite type="TestFixture" id="6-2418" name="Feature_Ensuring_a_uniqueId_already_exists+When_validating_a_entity_that_is_not_a_Person_entity" fullname="EdFi.Ods.Tests.EdFi.Ods.Entities.Common.Feature_Ensuring_a_uniqueId_already_exists+When_validating_a_entity_that_is_not_a_Person_entity" classname="EdFi.Ods.Tests.EdFi.Ods.Entities.Common.Feature_Ensuring_a_uniqueId_already_exists+When_validating_a_entity_that_is_not_a_Person_entity" runstate="Runnable" testcasecount="1" result="Passed" duration="0.002530" total="1" passed="0" failed="0" inconclusive="0" skipped="0" asserts="0">
                    <test-case id="6-2419" name="Should_not_generate_any_validation_errors" fullname="EdFi.Ods.Tests.EdFi.Ods.Entities.Common.Feature_Ensuring_a_uniqueId_already_exists+When_validating_a_entity_that_is_not_a_Person_entity.Should_not_generate_any_validation_errors" methodname="Should_not_generate_any_validation_errors" classname="EdFi.Ods.Tests.EdFi.Ods.Entities.Common.Feature_Ensuring_a_uniqueId_already_exists+When_validating_a_entity_that_is_not_a_Person_entity" runstate="Runnable" result="Passed" duration="0.000194" asserts="0" />
                  </test-suite>
                  <test-suite type="TestFixture" id="6-2420" name="Feature_Ensuring_a_uniqueId_already_exists+When_validating_a_entity_that_looks_like_a_Person_entity_but_does_not_implement_the_Id_interface" fullname="EdFi.Ods.Tests.EdFi.Ods.Entities.Common.Feature_Ensuring_a_uniqueId_already_exists+When_validating_a_entity_that_looks_like_a_Person_entity_but_does_not_implement_the_Id_interface" classname="EdFi.Ods.Tests.EdFi.Ods.Entities.Common.Feature_Ensuring_a_uniqueId_already_exists+When_validating_a_entity_that_looks_like_a_Person_entity_but_does_not_implement_the_Id_interface" runstate="Runnable" testcasecount="1" result="Passed" duration="0.005657" total="1" passed="0" failed="0" inconclusive="0" skipped="0" asserts="0">
                    <test-case id="6-2421" name="Should_throw_a_NotImplementedException_indicating_the_interface_was_not_implemented" fullname="EdFi.Ods.Tests.EdFi.Ods.Entities.Common.Feature_Ensuring_a_uniqueId_already_exists+When_validating_a_entity_that_looks_like_a_Person_entity_but_does_not_implement_the_Id_interface.Should_throw_a_NotImplementedException_indicating_the_interface_was_not_implemented" methodname="Should_throw_a_NotImplementedException_indicating_the_interface_was_not_implemented" classname="EdFi.Ods.Tests.EdFi.Ods.Entities.Common.Feature_Ensuring_a_uniqueId_already_exists+When_validating_a_entity_that_looks_like_a_Person_entity_but_does_not_implement_the_Id_interface" runstate="Runnable" result="Passed" duration="0.004527" asserts="1" />
                  </test-suite>
                  <test-suite type="TestFixture" id="6-2422" name="Feature_Ensuring_a_uniqueId_already_exists+When_validating_a_entity_that_looks_like_a_Person_entity_but_does_not_implement_the_UniqueId_interface" fullname="EdFi.Ods.Tests.EdFi.Ods.Entities.Common.Feature_Ensuring_a_uniqueId_already_exists+When_validating_a_entity_that_looks_like_a_Person_entity_but_does_not_implement_the_UniqueId_interface" classname="EdFi.Ods.Tests.EdFi.Ods.Entities.Common.Feature_Ensuring_a_uniqueId_already_exists+When_validating_a_entity_that_looks_like_a_Person_entity_but_does_not_implement_the_UniqueId_interface" runstate="Runnable" testcasecount="1" result="Passed" duration="0.001250" total="1" passed="0" failed="0" inconclusive="0" skipped="0" asserts="0">
                    <test-case id="6-2423" name="Should_throw_a_NotImplementedException_indicating_the_interface_was_not_implemented" fullname="EdFi.Ods.Tests.EdFi.Ods.Entities.Common.Feature_Ensuring_a_uniqueId_already_exists+When_validating_a_entity_that_looks_like_a_Person_entity_but_does_not_implement_the_UniqueId_interface.Should_throw_a_NotImplementedException_indicating_the_interface_was_not_implemented" methodname="Should_throw_a_NotImplementedException_indicating_the_interface_was_not_implemented" classname="EdFi.Ods.Tests.EdFi.Ods.Entities.Common.Feature_Ensuring_a_uniqueId_already_exists+When_validating_a_entity_that_looks_like_a_Person_entity_but_does_not_implement_the_UniqueId_interface" runstate="Runnable" result="Passed" duration="0.000476" asserts="1" />
                  </test-suite>
                  <test-suite type="TestFixture" id="6-2414" name="Feature_Ensuring_a_uniqueId_already_exists+When_validating_a_person_entity_that_has_both_the_UniqueId_and_Id_assigned" fullname="EdFi.Ods.Tests.EdFi.Ods.Entities.Common.Feature_Ensuring_a_uniqueId_already_exists+When_validating_a_person_entity_that_has_both_the_UniqueId_and_Id_assigned" classname="EdFi.Ods.Tests.EdFi.Ods.Entities.Common.Feature_Ensuring_a_uniqueId_already_exists+When_validating_a_person_entity_that_has_both_the_UniqueId_and_Id_assigned" runstate="Runnable" testcasecount="1" result="Passed" duration="0.000883" total="1" passed="0" failed="0" inconclusive="0" skipped="0" asserts="0">
                    <test-case id="6-2415" name="Should_not_generate_any_validation_errors" fullname="EdFi.Ods.Tests.EdFi.Ods.Entities.Common.Feature_Ensuring_a_uniqueId_already_exists+When_validating_a_person_entity_that_has_both_the_UniqueId_and_Id_assigned.Should_not_generate_any_validation_errors" methodname="Should_not_generate_any_validation_errors" classname="EdFi.Ods.Tests.EdFi.Ods.Entities.Common.Feature_Ensuring_a_uniqueId_already_exists+When_validating_a_person_entity_that_has_both_the_UniqueId_and_Id_assigned" runstate="Runnable" result="Passed" duration="0.000163" asserts="0" />
                  </test-suite>
                  <test-suite type="TestFixture" id="6-2416" name="Feature_Ensuring_a_uniqueId_already_exists+When_validating_a_person_entity_that_has_just_the_UniqueId_assigned" fullname="EdFi.Ods.Tests.EdFi.Ods.Entities.Common.Feature_Ensuring_a_uniqueId_already_exists+When_validating_a_person_entity_that_has_just_the_UniqueId_assigned" classname="EdFi.Ods.Tests.EdFi.Ods.Entities.Common.Feature_Ensuring_a_uniqueId_already_exists+When_validating_a_person_entity_that_has_just_the_UniqueId_assigned" runstate="Runnable" testcasecount="1" result="Passed" duration="0.001238" total="1" passed="0" failed="0" inconclusive="0" skipped="0" asserts="0">
                    <test-case id="6-2417" name="Should_generate_a_validation_error_about_the_UniqueId_value_not_being_resolved" fullname="EdFi.Ods.Tests.EdFi.Ods.Entities.Common.Feature_Ensuring_a_uniqueId_already_exists+When_validating_a_person_entity_that_has_just_the_UniqueId_assigned.Should_generate_a_validation_error_about_the_UniqueId_value_not_being_resolved" methodname="Should_generate_a_validation_error_about_the_UniqueId_value_not_being_resolved" classname="EdFi.Ods.Tests.EdFi.Ods.Entities.Common.Feature_Ensuring_a_uniqueId_already_exists+When_validating_a_person_entity_that_has_just_the_UniqueId_assigned" runstate="Runnable" result="Passed" duration="0.000466" asserts="0" />
                  </test-suite>
                  <test-suite type="TestFixture" id="6-1196" name="Feature_Mapping_extensions" fullname="EdFi.Ods.Tests.EdFi.Ods.Entities.Common.Feature_Mapping_extensions" classname="EdFi.Ods.Tests.EdFi.Ods.Entities.Common.Feature_Mapping_extensions" runstate="Runnable" testcasecount="0" result="Inconclusive" duration="0.000132" total="0" passed="0" failed="0" inconclusive="0" skipped="0" asserts="0" />
                  <test-suite type="TestFixture" id="6-2394" name="Feature_Mapping_extensions+When_mapping_an_entity_without_extensions_to_a_resource" fullname="EdFi.Ods.Tests.EdFi.Ods.Entities.Common.Feature_Mapping_extensions+When_mapping_an_entity_without_extensions_to_a_resource" classname="EdFi.Ods.Tests.EdFi.Ods.Entities.Common.Feature_Mapping_extensions+When_mapping_an_entity_without_extensions_to_a_resource" runstate="Runnable" testcasecount="1" result="Passed" duration="0.003625" total="1" passed="0" failed="0" inconclusive="0" skipped="0" asserts="0">
                    <test-case id="6-2395" name="Should_not_initialize_the_extensions_dictionary_on_the_target_resource" fullname="EdFi.Ods.Tests.EdFi.Ods.Entities.Common.Feature_Mapping_extensions+When_mapping_an_entity_without_extensions_to_a_resource.Should_not_initialize_the_extensions_dictionary_on_the_target_resource" methodname="Should_not_initialize_the_extensions_dictionary_on_the_target_resource" classname="EdFi.Ods.Tests.EdFi.Ods.Entities.Common.Feature_Mapping_extensions+When_mapping_an_entity_without_extensions_to_a_resource" runstate="Runnable" result="Passed" duration="0.000224" asserts="1" />
                  </test-suite>
                  <test-suite type="TestFixture" id="6-2376" name="Feature_Mapping_extensions+When_mapping_extensions_between_entities" fullname="EdFi.Ods.Tests.EdFi.Ods.Entities.Common.Feature_Mapping_extensions+When_mapping_extensions_between_entities" classname="EdFi.Ods.Tests.EdFi.Ods.Entities.Common.Feature_Mapping_extensions+When_mapping_extensions_between_entities" runstate="Runnable" testcasecount="3" result="Passed" duration="0.037346" total="3" passed="0" failed="0" inconclusive="0" skipped="0" asserts="0">
                    <test-case id="6-2377" name="Should_map_each_source_extension_entity_to_a_newly_created_target_extension_entity" fullname="EdFi.Ods.Tests.EdFi.Ods.Entities.Common.Feature_Mapping_extensions+When_mapping_extensions_between_entities.Should_map_each_source_extension_entity_to_a_newly_created_target_extension_entity" methodname="Should_map_each_source_extension_entity_to_a_newly_created_target_extension_entity" classname="EdFi.Ods.Tests.EdFi.Ods.Entities.Common.Feature_Mapping_extensions+When_mapping_extensions_between_entities" runstate="Runnable" result="Passed" duration="0.003845" asserts="0" />
                    <test-case id="6-2378" name="Should_set_the_target_extension_entity_back_references_to_the_supplied_target_entity" fullname="EdFi.Ods.Tests.EdFi.Ods.Entities.Common.Feature_Mapping_extensions+When_mapping_extensions_between_entities.Should_set_the_target_extension_entity_back_references_to_the_supplied_target_entity" methodname="Should_set_the_target_extension_entity_back_references_to_the_supplied_target_entity" classname="EdFi.Ods.Tests.EdFi.Ods.Entities.Common.Feature_Mapping_extensions+When_mapping_extensions_between_entities" runstate="Runnable" result="Passed" duration="0.002153" asserts="1" />
                    <test-case id="6-2379" name="Should_wrap_the_newly_created_target_extension_objects_inside_a_collection_in_the_extensions_dictionary" fullname="EdFi.Ods.Tests.EdFi.Ods.Entities.Common.Feature_Mapping_extensions+When_mapping_extensions_between_entities.Should_wrap_the_newly_created_target_extension_objects_inside_a_collection_in_the_extensions_dictionary" methodname="Should_wrap_the_newly_created_target_extension_objects_inside_a_collection_in_the_extensions_dictionary" classname="EdFi.Ods.Tests.EdFi.Ods.Entities.Common.Feature_Mapping_extensions+When_mapping_extensions_between_entities" runstate="Runnable" result="Passed" duration="0.001912" asserts="6" />
                  </test-suite>
                  <test-suite type="TestFixture" id="6-2383" name="Feature_Mapping_extensions+When_mapping_extensions_from_a_resource_to_an_entity" fullname="EdFi.Ods.Tests.EdFi.Ods.Entities.Common.Feature_Mapping_extensions+When_mapping_extensions_from_a_resource_to_an_entity" classname="EdFi.Ods.Tests.EdFi.Ods.Entities.Common.Feature_Mapping_extensions+When_mapping_extensions_from_a_resource_to_an_entity" runstate="Runnable" testcasecount="3" result="Passed" duration="0.034658" total="3" passed="0" failed="0" inconclusive="0" skipped="0" asserts="0">
                    <test-case id="6-2384" name="Should_map_each_source_extension_resource_to_a_newly_created_target_extension_entity" fullname="EdFi.Ods.Tests.EdFi.Ods.Entities.Common.Feature_Mapping_extensions+When_mapping_extensions_from_a_resource_to_an_entity.Should_map_each_source_extension_resource_to_a_newly_created_target_extension_entity" methodname="Should_map_each_source_extension_resource_to_a_newly_created_target_extension_entity" classname="EdFi.Ods.Tests.EdFi.Ods.Entities.Common.Feature_Mapping_extensions+When_mapping_extensions_from_a_resource_to_an_entity" runstate="Runnable" result="Passed" duration="0.004898" asserts="0" />
                    <test-case id="6-2385" name="Should_set_the_target_extension_entity_back_references_to_the_supplied_target_entity" fullname="EdFi.Ods.Tests.EdFi.Ods.Entities.Common.Feature_Mapping_extensions+When_mapping_extensions_from_a_resource_to_an_entity.Should_set_the_target_extension_entity_back_references_to_the_supplied_target_entity" methodname="Should_set_the_target_extension_entity_back_references_to_the_supplied_target_entity" classname="EdFi.Ods.Tests.EdFi.Ods.Entities.Common.Feature_Mapping_extensions+When_mapping_extensions_from_a_resource_to_an_entity" runstate="Runnable" result="Passed" duration="0.001305" asserts="1" />
                    <test-case id="6-2386" name="Should_wrap_the_newly_created_target_extension_objects_inside_a_collection_in_the_extensions_dictionary" fullname="EdFi.Ods.Tests.EdFi.Ods.Entities.Common.Feature_Mapping_extensions+When_mapping_extensions_from_a_resource_to_an_entity.Should_wrap_the_newly_created_target_extension_objects_inside_a_collection_in_the_extensions_dictionary" methodname="Should_wrap_the_newly_created_target_extension_objects_inside_a_collection_in_the_extensions_dictionary" classname="EdFi.Ods.Tests.EdFi.Ods.Entities.Common.Feature_Mapping_extensions+When_mapping_extensions_from_a_resource_to_an_entity" runstate="Runnable" result="Passed" duration="0.001811" asserts="6" />
                  </test-suite>
                  <test-suite type="TestFixture" id="6-2387" name="Feature_Mapping_extensions+When_mapping_extensions_from_a_resource_to_an_entity_where_one_extension_is_not_supported_as_a_synchronization_source" fullname="EdFi.Ods.Tests.EdFi.Ods.Entities.Common.Feature_Mapping_extensions+When_mapping_extensions_from_a_resource_to_an_entity_where_one_extension_is_not_supported_as_a_synchronization_source" classname="EdFi.Ods.Tests.EdFi.Ods.Entities.Common.Feature_Mapping_extensions+When_mapping_extensions_from_a_resource_to_an_entity_where_one_extension_is_not_supported_as_a_synchronization_source" runstate="Runnable" testcasecount="6" result="Passed" duration="0.009261" total="6" passed="0" failed="0" inconclusive="0" skipped="0" asserts="0">
                    <test-case id="6-2388" name="Should_map_the_SUPPORTED_source_extension_resource_to_a_newly_created_target_extension_entity" fullname="EdFi.Ods.Tests.EdFi.Ods.Entities.Common.Feature_Mapping_extensions+When_mapping_extensions_from_a_resource_to_an_entity_where_one_extension_is_not_supported_as_a_synchronization_source.Should_map_the_SUPPORTED_source_extension_resource_to_a_newly_created_target_extension_entity" methodname="Should_map_the_SUPPORTED_source_extension_resource_to_a_newly_created_target_extension_entity" classname="EdFi.Ods.Tests.EdFi.Ods.Entities.Common.Feature_Mapping_extensions+When_mapping_extensions_from_a_resource_to_an_entity_where_one_extension_is_not_supported_as_a_synchronization_source" runstate="Runnable" result="Passed" duration="0.001334" asserts="0" />
                    <test-case id="6-2390" name="Should_not_attempt_to_map_the_unsupported_source_extension_object" fullname="EdFi.Ods.Tests.EdFi.Ods.Entities.Common.Feature_Mapping_extensions+When_mapping_extensions_from_a_resource_to_an_entity_where_one_extension_is_not_supported_as_a_synchronization_source.Should_not_attempt_to_map_the_unsupported_source_extension_object" methodname="Should_not_attempt_to_map_the_unsupported_source_extension_object" classname="EdFi.Ods.Tests.EdFi.Ods.Entities.Common.Feature_Mapping_extensions+When_mapping_extensions_from_a_resource_to_an_entity_where_one_extension_is_not_supported_as_a_synchronization_source" runstate="Runnable" result="Passed" duration="0.000927" asserts="0" />
                    <test-case id="6-2389" name="Should_not_create_a_new_entity_extension_object_for_the_unsupported_extension" fullname="EdFi.Ods.Tests.EdFi.Ods.Entities.Common.Feature_Mapping_extensions+When_mapping_extensions_from_a_resource_to_an_entity_where_one_extension_is_not_supported_as_a_synchronization_source.Should_not_create_a_new_entity_extension_object_for_the_unsupported_extension" methodname="Should_not_create_a_new_entity_extension_object_for_the_unsupported_extension" classname="EdFi.Ods.Tests.EdFi.Ods.Entities.Common.Feature_Mapping_extensions+When_mapping_extensions_from_a_resource_to_an_entity_where_one_extension_is_not_supported_as_a_synchronization_source" runstate="Runnable" result="Passed" duration="0.000320" asserts="1" />
                    <test-case id="6-2391" name="Should_only_add_the_supported_extension_to_the_target_entitys_extensions" fullname="EdFi.Ods.Tests.EdFi.Ods.Entities.Common.Feature_Mapping_extensions+When_mapping_extensions_from_a_resource_to_an_entity_where_one_extension_is_not_supported_as_a_synchronization_source.Should_only_add_the_supported_extension_to_the_target_entitys_extensions" methodname="Should_only_add_the_supported_extension_to_the_target_entitys_extensions" classname="EdFi.Ods.Tests.EdFi.Ods.Entities.Common.Feature_Mapping_extensions+When_mapping_extensions_from_a_resource_to_an_entity_where_one_extension_is_not_supported_as_a_synchronization_source" runstate="Runnable" result="Passed" duration="0.000486" asserts="2" />
                    <test-case id="6-2392" name="Should_propagate_the_lack_of_support_for_the_unsupported_extension_to_the_entity" fullname="EdFi.Ods.Tests.EdFi.Ods.Entities.Common.Feature_Mapping_extensions+When_mapping_extensions_from_a_resource_to_an_entity_where_one_extension_is_not_supported_as_a_synchronization_source.Should_propagate_the_lack_of_support_for_the_unsupported_extension_to_the_entity" methodname="Should_propagate_the_lack_of_support_for_the_unsupported_extension_to_the_entity" classname="EdFi.Ods.Tests.EdFi.Ods.Entities.Common.Feature_Mapping_extensions+When_mapping_extensions_from_a_resource_to_an_entity_where_one_extension_is_not_supported_as_a_synchronization_source" runstate="Runnable" result="Passed" duration="0.000376" asserts="1" />
                    <test-case id="6-2393" name="Should_propagate_the_support_for_the_supported_extension_to_the_entity" fullname="EdFi.Ods.Tests.EdFi.Ods.Entities.Common.Feature_Mapping_extensions+When_mapping_extensions_from_a_resource_to_an_entity_where_one_extension_is_not_supported_as_a_synchronization_source.Should_propagate_the_support_for_the_supported_extension_to_the_entity" methodname="Should_propagate_the_support_for_the_supported_extension_to_the_entity" classname="EdFi.Ods.Tests.EdFi.Ods.Entities.Common.Feature_Mapping_extensions+When_mapping_extensions_from_a_resource_to_an_entity_where_one_extension_is_not_supported_as_a_synchronization_source" runstate="Runnable" result="Passed" duration="0.000357" asserts="1" />
                  </test-suite>
                  <test-suite type="TestFixture" id="6-2380" name="Feature_Mapping_extensions+When_mapping_extensions_from_an_entity_to_a_resource" fullname="EdFi.Ods.Tests.EdFi.Ods.Entities.Common.Feature_Mapping_extensions+When_mapping_extensions_from_an_entity_to_a_resource" classname="EdFi.Ods.Tests.EdFi.Ods.Entities.Common.Feature_Mapping_extensions+When_mapping_extensions_from_an_entity_to_a_resource" runstate="Runnable" testcasecount="2" result="Passed" duration="0.006547" total="2" passed="0" failed="0" inconclusive="0" skipped="0" asserts="0">
                    <test-case id="6-2381" name="Should_map_each_source_extension_entity_to_a_newly_created_target_extension_resource" fullname="EdFi.Ods.Tests.EdFi.Ods.Entities.Common.Feature_Mapping_extensions+When_mapping_extensions_from_an_entity_to_a_resource.Should_map_each_source_extension_entity_to_a_newly_created_target_extension_resource" methodname="Should_map_each_source_extension_entity_to_a_newly_created_target_extension_resource" classname="EdFi.Ods.Tests.EdFi.Ods.Entities.Common.Feature_Mapping_extensions+When_mapping_extensions_from_an_entity_to_a_resource" runstate="Runnable" result="Passed" duration="0.002008" asserts="0" />
                    <test-case id="6-2382" name="Should_NOT_wrap_the_newly_created_target_extension_resources_inside_a_collection_in_the_extensions_dictionary" fullname="EdFi.Ods.Tests.EdFi.Ods.Entities.Common.Feature_Mapping_extensions+When_mapping_extensions_from_an_entity_to_a_resource.Should_NOT_wrap_the_newly_created_target_extension_resources_inside_a_collection_in_the_extensions_dictionary" methodname="Should_NOT_wrap_the_newly_created_target_extension_resources_inside_a_collection_in_the_extensions_dictionary" classname="EdFi.Ods.Tests.EdFi.Ods.Entities.Common.Feature_Mapping_extensions+When_mapping_extensions_from_an_entity_to_a_resource" runstate="Runnable" result="Passed" duration="0.001952" asserts="4" />
                  </test-suite>
                  <test-suite type="TestFixture" id="6-1195" name="Feature_Synchronizing_extensions" fullname="EdFi.Ods.Tests.EdFi.Ods.Entities.Common.Feature_Synchronizing_extensions" classname="EdFi.Ods.Tests.EdFi.Ods.Entities.Common.Feature_Synchronizing_extensions" runstate="Runnable" testcasecount="0" result="Inconclusive" duration="0.000192" total="0" passed="0" failed="0" inconclusive="0" skipped="0" asserts="0" />
                  <test-suite type="TestFixture" id="6-2360" name="Feature_Synchronizing_extensions+When_synchronizing_entity_extensions_where_modifications_have_been_made" fullname="EdFi.Ods.Tests.EdFi.Ods.Entities.Common.Feature_Synchronizing_extensions+When_synchronizing_entity_extensions_where_modifications_have_been_made" classname="EdFi.Ods.Tests.EdFi.Ods.Entities.Common.Feature_Synchronizing_extensions+When_synchronizing_entity_extensions_where_modifications_have_been_made" runstate="Runnable" testcasecount="2" result="Passed" duration="0.032332" total="2" passed="0" failed="0" inconclusive="0" skipped="0" asserts="0">
                    <test-case id="6-2362" name="Should_indicate_modifications_were_made" fullname="EdFi.Ods.Tests.EdFi.Ods.Entities.Common.Feature_Synchronizing_extensions+When_synchronizing_entity_extensions_where_modifications_have_been_made.Should_indicate_modifications_were_made" methodname="Should_indicate_modifications_were_made" classname="EdFi.Ods.Tests.EdFi.Ods.Entities.Common.Feature_Synchronizing_extensions+When_synchronizing_entity_extensions_where_modifications_have_been_made" runstate="Runnable" result="Passed" duration="0.000234" asserts="1" />
                    <test-case id="6-2361" name="Should_obtain_the_target_entity_extension_from_the_list_and_use_it_as_the_synchronization_target_for_the_source_entity_extension" fullname="EdFi.Ods.Tests.EdFi.Ods.Entities.Common.Feature_Synchronizing_extensions+When_synchronizing_entity_extensions_where_modifications_have_been_made.Should_obtain_the_target_entity_extension_from_the_list_and_use_it_as_the_synchronization_target_for_the_source_entity_extension" methodname="Should_obtain_the_target_entity_extension_from_the_list_and_use_it_as_the_synchronization_target_for_the_source_entity_extension" classname="EdFi.Ods.Tests.EdFi.Ods.Entities.Common.Feature_Synchronizing_extensions+When_synchronizing_entity_extensions_where_modifications_have_been_made" runstate="Runnable" result="Passed" duration="0.002283" asserts="0" />
                  </test-suite>
                  <test-suite type="TestFixture" id="6-2363" name="Feature_Synchronizing_extensions+When_synchronizing_entity_extensions_where_no_modifications_have_been_made" fullname="EdFi.Ods.Tests.EdFi.Ods.Entities.Common.Feature_Synchronizing_extensions+When_synchronizing_entity_extensions_where_no_modifications_have_been_made" classname="EdFi.Ods.Tests.EdFi.Ods.Entities.Common.Feature_Synchronizing_extensions+When_synchronizing_entity_extensions_where_no_modifications_have_been_made" runstate="Runnable" testcasecount="2" result="Passed" duration="0.003857" total="2" passed="0" failed="0" inconclusive="0" skipped="0" asserts="0">
                    <test-case id="6-2365" name="Should_indicate_no_modifications_were_made" fullname="EdFi.Ods.Tests.EdFi.Ods.Entities.Common.Feature_Synchronizing_extensions+When_synchronizing_entity_extensions_where_no_modifications_have_been_made.Should_indicate_no_modifications_were_made" methodname="Should_indicate_no_modifications_were_made" classname="EdFi.Ods.Tests.EdFi.Ods.Entities.Common.Feature_Synchronizing_extensions+When_synchronizing_entity_extensions_where_no_modifications_have_been_made" runstate="Runnable" result="Passed" duration="0.000228" asserts="1" />
                    <test-case id="6-2364" name="Should_obtain_the_target_entity_extension_from_the_list_and_use_it_as_the_synchronization_target_for_the_source_entity_extension" fullname="EdFi.Ods.Tests.EdFi.Ods.Entities.Common.Feature_Synchronizing_extensions+When_synchronizing_entity_extensions_where_no_modifications_have_been_made.Should_obtain_the_target_entity_extension_from_the_list_and_use_it_as_the_synchronization_target_for_the_source_entity_extension" methodname="Should_obtain_the_target_entity_extension_from_the_list_and_use_it_as_the_synchronization_target_for_the_source_entity_extension" classname="EdFi.Ods.Tests.EdFi.Ods.Entities.Common.Feature_Synchronizing_extensions+When_synchronizing_entity_extensions_where_no_modifications_have_been_made" runstate="Runnable" result="Passed" duration="0.001016" asserts="0" />
                  </test-suite>
                  <test-suite type="TestFixture" id="6-2371" name="Feature_Synchronizing_extensions+When_synchronizing_entity_extensions_where_the_source_entity_is_a_synchronization_source_for_the_extensions_but_it_is_not_present" fullname="EdFi.Ods.Tests.EdFi.Ods.Entities.Common.Feature_Synchronizing_extensions+When_synchronizing_entity_extensions_where_the_source_entity_is_a_synchronization_source_for_the_extensions_but_it_is_not_present" classname="EdFi.Ods.Tests.EdFi.Ods.Entities.Common.Feature_Synchronizing_extensions+When_synchronizing_entity_extensions_where_the_source_entity_is_a_synchronization_source_for_the_extensions_but_it_is_not_present" runstate="Runnable" testcasecount="1" result="Passed" duration="0.002159" total="1" passed="0" failed="0" inconclusive="0" skipped="0" asserts="0">
                    <test-case id="6-2372" name="Should_throw_an_exception_indicating_that_an_entity_extension_that_was_supported_by_the_source_was_not_present" fullname="EdFi.Ods.Tests.EdFi.Ods.Entities.Common.Feature_Synchronizing_extensions+When_synchronizing_entity_extensions_where_the_source_entity_is_a_synchronization_source_for_the_extensions_but_it_is_not_present.Should_throw_an_exception_indicating_that_an_entity_extension_that_was_supported_by_the_source_was_not_present" methodname="Should_throw_an_exception_indicating_that_an_entity_extension_that_was_supported_by_the_source_was_not_present" classname="EdFi.Ods.Tests.EdFi.Ods.Entities.Common.Feature_Synchronizing_extensions+When_synchronizing_entity_extensions_where_the_source_entity_is_a_synchronization_source_for_the_extensions_but_it_is_not_present" runstate="Runnable" result="Passed" duration="0.000176" asserts="1" />
                  </test-suite>
                  <test-suite type="TestFixture" id="6-2368" name="Feature_Synchronizing_extensions+When_synchronizing_entity_extensions_where_the_source_entity_is_not_a_synchronization_source_for_some_of_the_extensions" fullname="EdFi.Ods.Tests.EdFi.Ods.Entities.Common.Feature_Synchronizing_extensions+When_synchronizing_entity_extensions_where_the_source_entity_is_not_a_synchronization_source_for_some_of_the_extensions" classname="EdFi.Ods.Tests.EdFi.Ods.Entities.Common.Feature_Synchronizing_extensions+When_synchronizing_entity_extensions_where_the_source_entity_is_not_a_synchronization_source_for_some_of_the_extensions" runstate="Runnable" testcasecount="2" result="Passed" duration="0.005137" total="2" passed="0" failed="0" inconclusive="0" skipped="0" asserts="0">
                    <test-case id="6-2369" name="Should_attempt_to_synchronize_extensions_that_are_supported_as_a_synchronization_source" fullname="EdFi.Ods.Tests.EdFi.Ods.Entities.Common.Feature_Synchronizing_extensions+When_synchronizing_entity_extensions_where_the_source_entity_is_not_a_synchronization_source_for_some_of_the_extensions.Should_attempt_to_synchronize_extensions_that_are_supported_as_a_synchronization_source" methodname="Should_attempt_to_synchronize_extensions_that_are_supported_as_a_synchronization_source" classname="EdFi.Ods.Tests.EdFi.Ods.Entities.Common.Feature_Synchronizing_extensions+When_synchronizing_entity_extensions_where_the_source_entity_is_not_a_synchronization_source_for_some_of_the_extensions" runstate="Runnable" result="Passed" duration="0.000897" asserts="0" />
                    <test-case id="6-2370" name="Should_not_attempt_to_synchronize_extensions_that_are_not_supported_as_a_synchronization_source" fullname="EdFi.Ods.Tests.EdFi.Ods.Entities.Common.Feature_Synchronizing_extensions+When_synchronizing_entity_extensions_where_the_source_entity_is_not_a_synchronization_source_for_some_of_the_extensions.Should_not_attempt_to_synchronize_extensions_that_are_not_supported_as_a_synchronization_source" methodname="Should_not_attempt_to_synchronize_extensions_that_are_not_supported_as_a_synchronization_source" classname="EdFi.Ods.Tests.EdFi.Ods.Entities.Common.Feature_Synchronizing_extensions+When_synchronizing_entity_extensions_where_the_source_entity_is_not_a_synchronization_source_for_some_of_the_extensions" runstate="Runnable" result="Passed" duration="0.001088" asserts="0" />
                  </test-suite>
                  <test-suite type="TestFixture" id="6-2373" name="Feature_Synchronizing_extensions+When_synchronizing_entity_extensions_where_the_target_entity_does_not_have_the_extension_present" fullname="EdFi.Ods.Tests.EdFi.Ods.Entities.Common.Feature_Synchronizing_extensions+When_synchronizing_entity_extensions_where_the_target_entity_does_not_have_the_extension_present" classname="EdFi.Ods.Tests.EdFi.Ods.Entities.Common.Feature_Synchronizing_extensions+When_synchronizing_entity_extensions_where_the_target_entity_does_not_have_the_extension_present" runstate="Runnable" testcasecount="2" result="Passed" duration="0.005685" total="2" passed="0" failed="0" inconclusive="0" skipped="0" asserts="0">
                    <test-case id="6-2374" name="Should_attempt_to_synchronize_extensions_that_are_present_on_the_target" fullname="EdFi.Ods.Tests.EdFi.Ods.Entities.Common.Feature_Synchronizing_extensions+When_synchronizing_entity_extensions_where_the_target_entity_does_not_have_the_extension_present.Should_attempt_to_synchronize_extensions_that_are_present_on_the_target" methodname="Should_attempt_to_synchronize_extensions_that_are_present_on_the_target" classname="EdFi.Ods.Tests.EdFi.Ods.Entities.Common.Feature_Synchronizing_extensions+When_synchronizing_entity_extensions_where_the_target_entity_does_not_have_the_extension_present" runstate="Runnable" result="Passed" duration="0.000875" asserts="0" />
                    <test-case id="6-2375" name="Should_not_attempt_to_synchronize_extensions_that_are_not_present_on_the_target" fullname="EdFi.Ods.Tests.EdFi.Ods.Entities.Common.Feature_Synchronizing_extensions+When_synchronizing_entity_extensions_where_the_target_entity_does_not_have_the_extension_present.Should_not_attempt_to_synchronize_extensions_that_are_not_present_on_the_target" methodname="Should_not_attempt_to_synchronize_extensions_that_are_not_present_on_the_target" classname="EdFi.Ods.Tests.EdFi.Ods.Entities.Common.Feature_Synchronizing_extensions+When_synchronizing_entity_extensions_where_the_target_entity_does_not_have_the_extension_present" runstate="Runnable" result="Passed" duration="0.001318" asserts="0" />
                  </test-suite>
                  <test-suite type="TestFixture" id="6-2366" name="Feature_Synchronizing_extensions+When_synchronizing_two_entity_extensions_where_only_the_first_extension_has_modifications" fullname="EdFi.Ods.Tests.EdFi.Ods.Entities.Common.Feature_Synchronizing_extensions+When_synchronizing_two_entity_extensions_where_only_the_first_extension_has_modifications" classname="EdFi.Ods.Tests.EdFi.Ods.Entities.Common.Feature_Synchronizing_extensions+When_synchronizing_two_entity_extensions_where_only_the_first_extension_has_modifications" runstate="Runnable" testcasecount="1" result="Passed" duration="0.003111" total="1" passed="0" failed="0" inconclusive="0" skipped="0" asserts="0">
                    <test-case id="6-2367" name="Should_indicate_that_modifications_were_made" fullname="EdFi.Ods.Tests.EdFi.Ods.Entities.Common.Feature_Synchronizing_extensions+When_synchronizing_two_entity_extensions_where_only_the_first_extension_has_modifications.Should_indicate_that_modifications_were_made" methodname="Should_indicate_that_modifications_were_made" classname="EdFi.Ods.Tests.EdFi.Ods.Entities.Common.Feature_Synchronizing_extensions+When_synchronizing_two_entity_extensions_where_only_the_first_extension_has_modifications" runstate="Runnable" result="Passed" duration="0.000245" asserts="1" />
                  </test-suite>
                  <test-suite type="TestFixture" id="6-2396" name="IListExtensionsTests+When_synchronizing_empty_source_list_to_empty_target_list" fullname="EdFi.Ods.Tests.EdFi.Ods.Entities.Common.IListExtensionsTests+When_synchronizing_empty_source_list_to_empty_target_list" classname="EdFi.Ods.Tests.EdFi.Ods.Entities.Common.IListExtensionsTests+When_synchronizing_empty_source_list_to_empty_target_list" runstate="Runnable" testcasecount="2" result="Passed" duration="0.010145" total="2" passed="0" failed="0" inconclusive="0" skipped="0" asserts="0">
                    <test-case id="6-2397" name="Should_return_is_not_modified" fullname="EdFi.Ods.Tests.EdFi.Ods.Entities.Common.IListExtensionsTests+When_synchronizing_empty_source_list_to_empty_target_list.Should_return_is_not_modified" methodname="Should_return_is_not_modified" classname="EdFi.Ods.Tests.EdFi.Ods.Entities.Common.IListExtensionsTests+When_synchronizing_empty_source_list_to_empty_target_list" runstate="Runnable" result="Passed" duration="0.008539" asserts="0" />
                    <test-case id="6-2398" name="Should_return_valid_target_list" fullname="EdFi.Ods.Tests.EdFi.Ods.Entities.Common.IListExtensionsTests+When_synchronizing_empty_source_list_to_empty_target_list.Should_return_valid_target_list" methodname="Should_return_valid_target_list" classname="EdFi.Ods.Tests.EdFi.Ods.Entities.Common.IListExtensionsTests+When_synchronizing_empty_source_list_to_empty_target_list" runstate="Runnable" result="Passed" duration="0.000200" asserts="0" />
                  </test-suite>
                  <test-suite type="TestFixture" id="6-2399" name="IListExtensionsTests+When_synchronizing_empty_source_list_to_existing_target_list" fullname="EdFi.Ods.Tests.EdFi.Ods.Entities.Common.IListExtensionsTests+When_synchronizing_empty_source_list_to_existing_target_list" classname="EdFi.Ods.Tests.EdFi.Ods.Entities.Common.IListExtensionsTests+When_synchronizing_empty_source_list_to_existing_target_list" runstate="Runnable" testcasecount="2" result="Passed" duration="0.003430" total="2" passed="0" failed="0" inconclusive="0" skipped="0" asserts="0">
                    <test-case id="6-2400" name="Should_return_is_modified" fullname="EdFi.Ods.Tests.EdFi.Ods.Entities.Common.IListExtensionsTests+When_synchronizing_empty_source_list_to_existing_target_list.Should_return_is_modified" methodname="Should_return_is_modified" classname="EdFi.Ods.Tests.EdFi.Ods.Entities.Common.IListExtensionsTests+When_synchronizing_empty_source_list_to_existing_target_list" runstate="Runnable" result="Passed" duration="0.001903" asserts="0" />
                    <test-case id="6-2401" name="Should_return_valid_target_list" fullname="EdFi.Ods.Tests.EdFi.Ods.Entities.Common.IListExtensionsTests+When_synchronizing_empty_source_list_to_existing_target_list.Should_return_valid_target_list" methodname="Should_return_valid_target_list" classname="EdFi.Ods.Tests.EdFi.Ods.Entities.Common.IListExtensionsTests+When_synchronizing_empty_source_list_to_existing_target_list" runstate="Runnable" result="Passed" duration="0.000176" asserts="0" />
                  </test-suite>
                  <test-suite type="TestFixture" id="6-2402" name="IListExtensionsTests+When_synchronizing_new_source_list_to_empty_target_list" fullname="EdFi.Ods.Tests.EdFi.Ods.Entities.Common.IListExtensionsTests+When_synchronizing_new_source_list_to_empty_target_list" classname="EdFi.Ods.Tests.EdFi.Ods.Entities.Common.IListExtensionsTests+When_synchronizing_new_source_list_to_empty_target_list" runstate="Runnable" testcasecount="2" result="Passed" duration="0.003099" total="2" passed="0" failed="0" inconclusive="0" skipped="0" asserts="0">
                    <test-case id="6-2403" name="Should_return_is_modified" fullname="EdFi.Ods.Tests.EdFi.Ods.Entities.Common.IListExtensionsTests+When_synchronizing_new_source_list_to_empty_target_list.Should_return_is_modified" methodname="Should_return_is_modified" classname="EdFi.Ods.Tests.EdFi.Ods.Entities.Common.IListExtensionsTests+When_synchronizing_new_source_list_to_empty_target_list" runstate="Runnable" result="Passed" duration="0.000828" asserts="0" />
                    <test-case id="6-2404" name="Should_return_valid_target_list" fullname="EdFi.Ods.Tests.EdFi.Ods.Entities.Common.IListExtensionsTests+When_synchronizing_new_source_list_to_empty_target_list.Should_return_valid_target_list" methodname="Should_return_valid_target_list" classname="EdFi.Ods.Tests.EdFi.Ods.Entities.Common.IListExtensionsTests+When_synchronizing_new_source_list_to_empty_target_list" runstate="Runnable" result="Passed" duration="0.001120" asserts="0" />
                  </test-suite>
                  <test-suite type="TestFixture" id="6-2405" name="IListExtensionsTests+When_synchronizing_new_source_list_to_existing_target_list" fullname="EdFi.Ods.Tests.EdFi.Ods.Entities.Common.IListExtensionsTests+When_synchronizing_new_source_list_to_existing_target_list" classname="EdFi.Ods.Tests.EdFi.Ods.Entities.Common.IListExtensionsTests+When_synchronizing_new_source_list_to_existing_target_list" runstate="Runnable" testcasecount="2" result="Passed" duration="0.002910" total="2" passed="0" failed="0" inconclusive="0" skipped="0" asserts="0">
                    <test-case id="6-2406" name="Should_return_is_modified" fullname="EdFi.Ods.Tests.EdFi.Ods.Entities.Common.IListExtensionsTests+When_synchronizing_new_source_list_to_existing_target_list.Should_return_is_modified" methodname="Should_return_is_modified" classname="EdFi.Ods.Tests.EdFi.Ods.Entities.Common.IListExtensionsTests+When_synchronizing_new_source_list_to_existing_target_list" runstate="Runnable" result="Passed" duration="0.001159" asserts="0" />
                    <test-case id="6-2407" name="Should_return_valid_target_list" fullname="EdFi.Ods.Tests.EdFi.Ods.Entities.Common.IListExtensionsTests+When_synchronizing_new_source_list_to_existing_target_list.Should_return_valid_target_list" methodname="Should_return_valid_target_list" classname="EdFi.Ods.Tests.EdFi.Ods.Entities.Common.IListExtensionsTests+When_synchronizing_new_source_list_to_existing_target_list" runstate="Runnable" result="Passed" duration="0.000493" asserts="0" />
                  </test-suite>
                  <test-suite type="TestFixture" id="6-2411" name="IListExtensionsTests+When_synchronizing_new_source_list_to_existing_target_list_with_duplicates" fullname="EdFi.Ods.Tests.EdFi.Ods.Entities.Common.IListExtensionsTests+When_synchronizing_new_source_list_to_existing_target_list_with_duplicates" classname="EdFi.Ods.Tests.EdFi.Ods.Entities.Common.IListExtensionsTests+When_synchronizing_new_source_list_to_existing_target_list_with_duplicates" runstate="Runnable" testcasecount="2" result="Passed" duration="0.002317" total="2" passed="0" failed="0" inconclusive="0" skipped="0" asserts="0">
                    <test-case id="6-2412" name="Should_return_is_modified" fullname="EdFi.Ods.Tests.EdFi.Ods.Entities.Common.IListExtensionsTests+When_synchronizing_new_source_list_to_existing_target_list_with_duplicates.Should_return_is_modified" methodname="Should_return_is_modified" classname="EdFi.Ods.Tests.EdFi.Ods.Entities.Common.IListExtensionsTests+When_synchronizing_new_source_list_to_existing_target_list_with_duplicates" runstate="Runnable" result="Passed" duration="0.000600" asserts="0" />
                    <test-case id="6-2413" name="Should_return_valid_target_list" fullname="EdFi.Ods.Tests.EdFi.Ods.Entities.Common.IListExtensionsTests+When_synchronizing_new_source_list_to_existing_target_list_with_duplicates.Should_return_valid_target_list" methodname="Should_return_valid_target_list" classname="EdFi.Ods.Tests.EdFi.Ods.Entities.Common.IListExtensionsTests+When_synchronizing_new_source_list_to_existing_target_list_with_duplicates" runstate="Runnable" result="Passed" duration="0.000487" asserts="0" />
                  </test-suite>
                  <test-suite type="TestFixture" id="6-2408" name="IListExtensionsTests+When_synchronizing_new_source_list_with_duplicates_to_empty_target_list" fullname="EdFi.Ods.Tests.EdFi.Ods.Entities.Common.IListExtensionsTests+When_synchronizing_new_source_list_with_duplicates_to_empty_target_list" classname="EdFi.Ods.Tests.EdFi.Ods.Entities.Common.IListExtensionsTests+When_synchronizing_new_source_list_with_duplicates_to_empty_target_list" runstate="Runnable" testcasecount="2" result="Passed" duration="0.002749" total="2" passed="0" failed="0" inconclusive="0" skipped="0" asserts="0">
                    <test-case id="6-2409" name="Should_return_is_modified" fullname="EdFi.Ods.Tests.EdFi.Ods.Entities.Common.IListExtensionsTests+When_synchronizing_new_source_list_with_duplicates_to_empty_target_list.Should_return_is_modified" methodname="Should_return_is_modified" classname="EdFi.Ods.Tests.EdFi.Ods.Entities.Common.IListExtensionsTests+When_synchronizing_new_source_list_with_duplicates_to_empty_target_list" runstate="Runnable" result="Passed" duration="0.000837" asserts="0" />
                    <test-case id="6-2410" name="Should_return_valid_target_list" fullname="EdFi.Ods.Tests.EdFi.Ods.Entities.Common.IListExtensionsTests+When_synchronizing_new_source_list_with_duplicates_to_empty_target_list.Should_return_valid_target_list" methodname="Should_return_valid_target_list" classname="EdFi.Ods.Tests.EdFi.Ods.Entities.Common.IListExtensionsTests+When_synchronizing_new_source_list_with_duplicates_to_empty_target_list" runstate="Runnable" result="Passed" duration="0.000707" asserts="0" />
                  </test-suite>
                  <test-suite type="Namespace" id="6-3391" name="Models" fullname="EdFi.Ods.Tests.EdFi.Ods.Entities.Common.Models" runstate="Runnable" testcasecount="2" result="Passed" duration="0.102257" total="2" passed="0" failed="0" inconclusive="0" skipped="0" asserts="0">
                    <test-suite type="TestFixture" id="6-2446" name="ProfileResourceModelProviderTests+When_building_ProfileResourceModels_for_Profiles_by_name" fullname="EdFi.Ods.Tests.EdFi.Ods.Entities.Common.Models.ProfileResourceModelProviderTests+When_building_ProfileResourceModels_for_Profiles_by_name" classname="EdFi.Ods.Tests.EdFi.Ods.Entities.Common.Models.ProfileResourceModelProviderTests+When_building_ProfileResourceModels_for_Profiles_by_name" runstate="Runnable" testcasecount="2" result="Passed" duration="0.101830" total="2" passed="0" failed="0" inconclusive="0" skipped="0" asserts="0">
                      <test-case id="6-2447" name="Should_create_ProfileResourceModels_with_the_same_number_of_resources_as_is_included_in_the_Profile_definition" fullname="EdFi.Ods.Tests.EdFi.Ods.Entities.Common.Models.ProfileResourceModelProviderTests+When_building_ProfileResourceModels_for_Profiles_by_name.Should_create_ProfileResourceModels_with_the_same_number_of_resources_as_is_included_in_the_Profile_definition" methodname="Should_create_ProfileResourceModels_with_the_same_number_of_resources_as_is_included_in_the_Profile_definition" classname="EdFi.Ods.Tests.EdFi.Ods.Entities.Common.Models.ProfileResourceModelProviderTests+When_building_ProfileResourceModels_for_Profiles_by_name" runstate="Runnable" result="Passed" duration="0.000415" asserts="2" />
                      <test-case id="6-2448" name="Should_throw_an_exception_for_Profiles_that_dont_exist" fullname="EdFi.Ods.Tests.EdFi.Ods.Entities.Common.Models.ProfileResourceModelProviderTests+When_building_ProfileResourceModels_for_Profiles_by_name.Should_throw_an_exception_for_Profiles_that_dont_exist" methodname="Should_throw_an_exception_for_Profiles_that_dont_exist" classname="EdFi.Ods.Tests.EdFi.Ods.Entities.Common.Models.ProfileResourceModelProviderTests+When_building_ProfileResourceModels_for_Profiles_by_name" runstate="Runnable" result="Passed" duration="0.016301" asserts="2" />
                    </test-suite>
                  </test-suite>
                  <test-suite type="TestFixture" id="6-2426" name="RequiredCollectionAttributeTests+When_validating_collection_with_more_than_one_item_for_RequiredCollection" fullname="EdFi.Ods.Tests.EdFi.Ods.Entities.Common.RequiredCollectionAttributeTests+When_validating_collection_with_more_than_one_item_for_RequiredCollection" classname="EdFi.Ods.Tests.EdFi.Ods.Entities.Common.RequiredCollectionAttributeTests+When_validating_collection_with_more_than_one_item_for_RequiredCollection" runstate="Runnable" testcasecount="1" result="Passed" duration="0.002745" total="1" passed="0" failed="0" inconclusive="0" skipped="0" asserts="0">
                    <test-case id="6-2427" name="Should_not_have_any_validation_errors" fullname="EdFi.Ods.Tests.EdFi.Ods.Entities.Common.RequiredCollectionAttributeTests+When_validating_collection_with_more_than_one_item_for_RequiredCollection.Should_not_have_any_validation_errors" methodname="Should_not_have_any_validation_errors" classname="EdFi.Ods.Tests.EdFi.Ods.Entities.Common.RequiredCollectionAttributeTests+When_validating_collection_with_more_than_one_item_for_RequiredCollection" runstate="Runnable" result="Passed" duration="0.000231" asserts="1" />
                  </test-suite>
                  <test-suite type="TestFixture" id="6-2424" name="RequiredCollectionAttributeTests+When_validating_collection_with_one_item_for_RequiredCollection" fullname="EdFi.Ods.Tests.EdFi.Ods.Entities.Common.RequiredCollectionAttributeTests+When_validating_collection_with_one_item_for_RequiredCollection" classname="EdFi.Ods.Tests.EdFi.Ods.Entities.Common.RequiredCollectionAttributeTests+When_validating_collection_with_one_item_for_RequiredCollection" runstate="Runnable" testcasecount="1" result="Passed" duration="0.000933" total="1" passed="0" failed="0" inconclusive="0" skipped="0" asserts="0">
                    <test-case id="6-2425" name="Should_not_have_any_validation_errors" fullname="EdFi.Ods.Tests.EdFi.Ods.Entities.Common.RequiredCollectionAttributeTests+When_validating_collection_with_one_item_for_RequiredCollection.Should_not_have_any_validation_errors" methodname="Should_not_have_any_validation_errors" classname="EdFi.Ods.Tests.EdFi.Ods.Entities.Common.RequiredCollectionAttributeTests+When_validating_collection_with_one_item_for_RequiredCollection" runstate="Runnable" result="Passed" duration="0.000211" asserts="1" />
                  </test-suite>
                  <test-suite type="TestFixture" id="6-2430" name="RequiredCollectionAttributeTests+When_validating_empty_collection_for_RequiredCollection" fullname="EdFi.Ods.Tests.EdFi.Ods.Entities.Common.RequiredCollectionAttributeTests+When_validating_empty_collection_for_RequiredCollection" classname="EdFi.Ods.Tests.EdFi.Ods.Entities.Common.RequiredCollectionAttributeTests+When_validating_empty_collection_for_RequiredCollection" runstate="Runnable" testcasecount="1" result="Passed" duration="0.001627" total="1" passed="0" failed="0" inconclusive="0" skipped="0" asserts="0">
                    <test-case id="6-2431" name="Should_have_a_validation_error_regarding_a_required_collection" fullname="EdFi.Ods.Tests.EdFi.Ods.Entities.Common.RequiredCollectionAttributeTests+When_validating_empty_collection_for_RequiredCollection.Should_have_a_validation_error_regarding_a_required_collection" methodname="Should_have_a_validation_error_regarding_a_required_collection" classname="EdFi.Ods.Tests.EdFi.Ods.Entities.Common.RequiredCollectionAttributeTests+When_validating_empty_collection_for_RequiredCollection" runstate="Runnable" result="Passed" duration="0.000637" asserts="2" />
                  </test-suite>
                  <test-suite type="TestFixture" id="6-2428" name="RequiredCollectionAttributeTests+When_validating_null_collection_for_RequiredCollection" fullname="EdFi.Ods.Tests.EdFi.Ods.Entities.Common.RequiredCollectionAttributeTests+When_validating_null_collection_for_RequiredCollection" classname="EdFi.Ods.Tests.EdFi.Ods.Entities.Common.RequiredCollectionAttributeTests+When_validating_null_collection_for_RequiredCollection" runstate="Runnable" testcasecount="1" result="Passed" duration="0.001282" total="1" passed="0" failed="0" inconclusive="0" skipped="0" asserts="0">
                    <test-case id="6-2429" name="Should_have_a_validation_error_regarding_a_required_collection" fullname="EdFi.Ods.Tests.EdFi.Ods.Entities.Common.RequiredCollectionAttributeTests+When_validating_null_collection_for_RequiredCollection.Should_have_a_validation_error_regarding_a_required_collection" methodname="Should_have_a_validation_error_regarding_a_required_collection" classname="EdFi.Ods.Tests.EdFi.Ods.Entities.Common.RequiredCollectionAttributeTests+When_validating_null_collection_for_RequiredCollection" runstate="Runnable" result="Passed" duration="0.000530" asserts="2" />
                  </test-suite>
                  <test-suite type="TestFixture" id="6-2438" name="SqlServerDateTimeRangeAttributeTests+When_validating_a_non_datetime_type" fullname="EdFi.Ods.Tests.EdFi.Ods.Entities.Common.SqlServerDateTimeRangeAttributeTests+When_validating_a_non_datetime_type" classname="EdFi.Ods.Tests.EdFi.Ods.Entities.Common.SqlServerDateTimeRangeAttributeTests+When_validating_a_non_datetime_type" runstate="Runnable" testcasecount="1" result="Passed" duration="0.003112" total="1" passed="0" failed="0" inconclusive="0" skipped="0" asserts="0">
                    <test-case id="6-2439" name="Should_throw_argument_exception" fullname="EdFi.Ods.Tests.EdFi.Ods.Entities.Common.SqlServerDateTimeRangeAttributeTests+When_validating_a_non_datetime_type.Should_throw_argument_exception" methodname="Should_throw_argument_exception" classname="EdFi.Ods.Tests.EdFi.Ods.Entities.Common.SqlServerDateTimeRangeAttributeTests+When_validating_a_non_datetime_type" runstate="Runnable" result="Passed" duration="0.002671" asserts="0" />
                  </test-suite>
                  <test-suite type="TestFixture" id="6-2434" name="SqlServerDateTimeRangeAttributeTests+When_validating_a_null_sql_date" fullname="EdFi.Ods.Tests.EdFi.Ods.Entities.Common.SqlServerDateTimeRangeAttributeTests+When_validating_a_null_sql_date" classname="EdFi.Ods.Tests.EdFi.Ods.Entities.Common.SqlServerDateTimeRangeAttributeTests+When_validating_a_null_sql_date" runstate="Runnable" testcasecount="1" result="Passed" duration="0.000746" total="1" passed="0" failed="0" inconclusive="0" skipped="0" asserts="0">
                    <test-case id="6-2435" name="Should_return_succes" fullname="EdFi.Ods.Tests.EdFi.Ods.Entities.Common.SqlServerDateTimeRangeAttributeTests+When_validating_a_null_sql_date.Should_return_succes" methodname="Should_return_succes" classname="EdFi.Ods.Tests.EdFi.Ods.Entities.Common.SqlServerDateTimeRangeAttributeTests+When_validating_a_null_sql_date" runstate="Runnable" result="Passed" duration="0.000327" asserts="0" />
                  </test-suite>
                  <test-suite type="TestFixture" id="6-2436" name="SqlServerDateTimeRangeAttributeTests+When_validating_a_sql_date_outside_of_sql_server_range" fullname="EdFi.Ods.Tests.EdFi.Ods.Entities.Common.SqlServerDateTimeRangeAttributeTests+When_validating_a_sql_date_outside_of_sql_server_range" classname="EdFi.Ods.Tests.EdFi.Ods.Entities.Common.SqlServerDateTimeRangeAttributeTests+When_validating_a_sql_date_outside_of_sql_server_range" runstate="Runnable" testcasecount="1" result="Passed" duration="0.003642" total="1" passed="0" failed="0" inconclusive="0" skipped="0" asserts="0">
                    <test-case id="6-2437" name="Should_return_failure" fullname="EdFi.Ods.Tests.EdFi.Ods.Entities.Common.SqlServerDateTimeRangeAttributeTests+When_validating_a_sql_date_outside_of_sql_server_range.Should_return_failure" methodname="Should_return_failure" classname="EdFi.Ods.Tests.EdFi.Ods.Entities.Common.SqlServerDateTimeRangeAttributeTests+When_validating_a_sql_date_outside_of_sql_server_range" runstate="Runnable" result="Passed" duration="0.003163" asserts="0" />
                  </test-suite>
                  <test-suite type="TestFixture" id="6-2432" name="SqlServerDateTimeRangeAttributeTests+When_validating_a_sql_date_within_sql_server_range" fullname="EdFi.Ods.Tests.EdFi.Ods.Entities.Common.SqlServerDateTimeRangeAttributeTests+When_validating_a_sql_date_within_sql_server_range" classname="EdFi.Ods.Tests.EdFi.Ods.Entities.Common.SqlServerDateTimeRangeAttributeTests+When_validating_a_sql_date_within_sql_server_range" runstate="Runnable" testcasecount="1" result="Passed" duration="0.001003" total="1" passed="0" failed="0" inconclusive="0" skipped="0" asserts="0">
                    <test-case id="6-2433" name="Should_return_success" fullname="EdFi.Ods.Tests.EdFi.Ods.Entities.Common.SqlServerDateTimeRangeAttributeTests+When_validating_a_sql_date_within_sql_server_range.Should_return_success" methodname="Should_return_success" classname="EdFi.Ods.Tests.EdFi.Ods.Entities.Common.SqlServerDateTimeRangeAttributeTests+When_validating_a_sql_date_within_sql_server_range" runstate="Runnable" result="Passed" duration="0.000511" asserts="0" />
                  </test-suite>
                  <test-suite type="Namespace" id="6-3390" name="Validation" fullname="EdFi.Ods.Tests.EdFi.Ods.Entities.Common.Validation" runstate="Runnable" testcasecount="3" result="Passed" duration="0.025910" total="3" passed="0" failed="0" inconclusive="0" skipped="0" asserts="0">
                    <test-suite type="TestFixture" id="6-2440" name="Feature_Fluent_Validation_can_be_used_to_explicitly_validate_objects+When_explicitly_validating_an_object" fullname="EdFi.Ods.Tests.EdFi.Ods.Entities.Common.Validation.Feature_Fluent_Validation_can_be_used_to_explicitly_validate_objects+When_explicitly_validating_an_object" classname="EdFi.Ods.Tests.EdFi.Ods.Entities.Common.Validation.Feature_Fluent_Validation_can_be_used_to_explicitly_validate_objects+When_explicitly_validating_an_object" runstate="Runnable" testcasecount="1" result="Passed" duration="0.019710" total="1" passed="0" failed="0" inconclusive="0" skipped="0" asserts="0">
                      <test-case id="6-2441" name="Should_only_generate_validation_errors_for_the_specific_ruleset" fullname="EdFi.Ods.Tests.EdFi.Ods.Entities.Common.Validation.Feature_Fluent_Validation_can_be_used_to_explicitly_validate_objects+When_explicitly_validating_an_object.Should_only_generate_validation_errors_for_the_specific_ruleset" methodname="Should_only_generate_validation_errors_for_the_specific_ruleset" classname="EdFi.Ods.Tests.EdFi.Ods.Entities.Common.Validation.Feature_Fluent_Validation_can_be_used_to_explicitly_validate_objects+When_explicitly_validating_an_object" runstate="Runnable" result="Passed" duration="0.001591" asserts="1" />
                    </test-suite>
                    <test-suite type="TestFixture" id="6-2442" name="Feature_Fluent_Validation_can_be_used_to_explicitly_validate_objects+When_explicitly_validating_an_object_that_does_not_have_any_ruleset_validations_defined_for_the_object_type" fullname="EdFi.Ods.Tests.EdFi.Ods.Entities.Common.Validation.Feature_Fluent_Validation_can_be_used_to_explicitly_validate_objects+When_explicitly_validating_an_object_that_does_not_have_any_ruleset_validations_defined_for_the_object_type" classname="EdFi.Ods.Tests.EdFi.Ods.Entities.Common.Validation.Feature_Fluent_Validation_can_be_used_to_explicitly_validate_objects+When_explicitly_validating_an_object_that_does_not_have_any_ruleset_validations_defined_for_the_object_type" runstate="Runnable" testcasecount="1" result="Passed" duration="0.002117" total="1" passed="0" failed="0" inconclusive="0" skipped="0" asserts="0">
                      <test-case id="6-2443" name="Should_not_generate_any_validation_errors" fullname="EdFi.Ods.Tests.EdFi.Ods.Entities.Common.Validation.Feature_Fluent_Validation_can_be_used_to_explicitly_validate_objects+When_explicitly_validating_an_object_that_does_not_have_any_ruleset_validations_defined_for_the_object_type.Should_not_generate_any_validation_errors" methodname="Should_not_generate_any_validation_errors" classname="EdFi.Ods.Tests.EdFi.Ods.Entities.Common.Validation.Feature_Fluent_Validation_can_be_used_to_explicitly_validate_objects+When_explicitly_validating_an_object_that_does_not_have_any_ruleset_validations_defined_for_the_object_type" runstate="Runnable" result="Passed" duration="0.000281" asserts="1" />
                    </test-suite>
                    <test-suite type="TestFixture" id="6-2444" name="Feature_Fluent_Validation_can_be_used_to_explicitly_validate_objects+When_validating_an_object" fullname="EdFi.Ods.Tests.EdFi.Ods.Entities.Common.Validation.Feature_Fluent_Validation_can_be_used_to_explicitly_validate_objects+When_validating_an_object" classname="EdFi.Ods.Tests.EdFi.Ods.Entities.Common.Validation.Feature_Fluent_Validation_can_be_used_to_explicitly_validate_objects+When_validating_an_object" runstate="Runnable" testcasecount="1" result="Passed" duration="0.001831" total="1" passed="0" failed="0" inconclusive="0" skipped="0" asserts="0">
                      <test-case id="6-2445" name="Should_only_generate_validation_errors_for_validators_of_the_object_type_being_validated" fullname="EdFi.Ods.Tests.EdFi.Ods.Entities.Common.Validation.Feature_Fluent_Validation_can_be_used_to_explicitly_validate_objects+When_validating_an_object.Should_only_generate_validation_errors_for_validators_of_the_object_type_being_validated" methodname="Should_only_generate_validation_errors_for_validators_of_the_object_type_being_validated" classname="EdFi.Ods.Tests.EdFi.Ods.Entities.Common.Validation.Feature_Fluent_Validation_can_be_used_to_explicitly_validate_objects+When_validating_an_object" runstate="Runnable" result="Passed" duration="0.000237" asserts="1" />
                    </test-suite>
                  </test-suite>
                  <test-suite type="TestFixture" id="6-1217" name="When_getting_id_and_usi_for_non_cached_unique_id_and_both_values_are_returned_by_id_value_mapper" fullname="EdFi.Ods.Tests.EdFi.Ods.Entities.Common.When_getting_id_and_usi_for_non_cached_unique_id_and_both_values_are_returned_by_id_value_mapper" classname="EdFi.Ods.Tests.EdFi.Ods.Entities.Common.When_getting_id_and_usi_for_non_cached_unique_id_and_both_values_are_returned_by_id_value_mapper" runstate="Ignored" testcasecount="4" result="Skipped" label="Ignored" duration="0.002046" total="4" passed="0" failed="0" inconclusive="0" skipped="0" asserts="0">
                    <properties>
                      <property name="_IGNOREREASON" value="With the removal of the shared cache from the PersonUniqueIdToUsiCache implementation, there is no longer an opportunity for opportunistic caching." />
                    </properties>
                    <reason>
                      <message><![CDATA[With the removal of the shared cache from the PersonUniqueIdToUsiCache implementation, there is no longer an opportunity for opportunistic caching.]]></message>
                    </reason>
                    <test-case id="6-1218" name="Should_call_id_value_mapper_for_the_id" fullname="EdFi.Ods.Tests.EdFi.Ods.Entities.Common.When_getting_id_and_usi_for_non_cached_unique_id_and_both_values_are_returned_by_id_value_mapper.Should_call_id_value_mapper_for_the_id" methodname="Should_call_id_value_mapper_for_the_id" classname="EdFi.Ods.Tests.EdFi.Ods.Entities.Common.When_getting_id_and_usi_for_non_cached_unique_id_and_both_values_are_returned_by_id_value_mapper" runstate="Ignored" result="Skipped" label="Ignored" duration="0.000000" asserts="0">
                      <properties>
                        <property name="_IGNOREREASON" value="With the removal of the shared cache from the PersonUniqueIdToUsiCache implementation, there is no longer an opportunity for opportunistic caching." />
                      </properties>
                      <reason>
                        <message><![CDATA[With the removal of the shared cache from the PersonUniqueIdToUsiCache implementation, there is no longer an opportunity for opportunistic caching.]]></message>
                      </reason>
                    </test-case>
                    <test-case id="6-1219" name="Should_have_opportunistically_cached_the_usi_from_the_id_value_mapper" fullname="EdFi.Ods.Tests.EdFi.Ods.Entities.Common.When_getting_id_and_usi_for_non_cached_unique_id_and_both_values_are_returned_by_id_value_mapper.Should_have_opportunistically_cached_the_usi_from_the_id_value_mapper" methodname="Should_have_opportunistically_cached_the_usi_from_the_id_value_mapper" classname="EdFi.Ods.Tests.EdFi.Ods.Entities.Common.When_getting_id_and_usi_for_non_cached_unique_id_and_both_values_are_returned_by_id_value_mapper" runstate="Ignored" result="Skipped" label="Ignored" duration="0.000000" asserts="0">
                      <properties>
                        <property name="_IGNOREREASON" value="With the removal of the shared cache from the PersonUniqueIdToUsiCache implementation, there is no longer an opportunity for opportunistic caching." />
                      </properties>
                      <reason>
                        <message><![CDATA[With the removal of the shared cache from the PersonUniqueIdToUsiCache implementation, there is no longer an opportunity for opportunistic caching.]]></message>
                      </reason>
                    </test-case>
                    <test-case id="6-1221" name="Should_return_correct_value_from_cache_for_second_ODS" fullname="EdFi.Ods.Tests.EdFi.Ods.Entities.Common.When_getting_id_and_usi_for_non_cached_unique_id_and_both_values_are_returned_by_id_value_mapper.Should_return_correct_value_from_cache_for_second_ODS" methodname="Should_return_correct_value_from_cache_for_second_ODS" classname="EdFi.Ods.Tests.EdFi.Ods.Entities.Common.When_getting_id_and_usi_for_non_cached_unique_id_and_both_values_are_returned_by_id_value_mapper" runstate="Ignored" result="Skipped" label="Ignored" duration="0.000000" asserts="0">
                      <properties>
                        <property name="_IGNOREREASON" value="With the removal of the shared cache from the PersonUniqueIdToUsiCache implementation, there is no longer an opportunity for opportunistic caching." />
                      </properties>
                      <reason>
                        <message><![CDATA[With the removal of the shared cache from the PersonUniqueIdToUsiCache implementation, there is no longer an opportunity for opportunistic caching.]]></message>
                      </reason>
                    </test-case>
                    <test-case id="6-1220" name="Should_return_correct_values_from_cache_for_first_ODS" fullname="EdFi.Ods.Tests.EdFi.Ods.Entities.Common.When_getting_id_and_usi_for_non_cached_unique_id_and_both_values_are_returned_by_id_value_mapper.Should_return_correct_values_from_cache_for_first_ODS" methodname="Should_return_correct_values_from_cache_for_first_ODS" classname="EdFi.Ods.Tests.EdFi.Ods.Entities.Common.When_getting_id_and_usi_for_non_cached_unique_id_and_both_values_are_returned_by_id_value_mapper" runstate="Ignored" result="Skipped" label="Ignored" duration="0.000000" asserts="0">
                      <properties>
                        <property name="_IGNOREREASON" value="With the removal of the shared cache from the PersonUniqueIdToUsiCache implementation, there is no longer an opportunity for opportunistic caching." />
                      </properties>
                      <reason>
                        <message><![CDATA[With the removal of the shared cache from the PersonUniqueIdToUsiCache implementation, there is no longer an opportunity for opportunistic caching.]]></message>
                      </reason>
                    </test-case>
                  </test-suite>
                  <test-suite type="TestFixture" id="6-1242" name="When_getting_unique_id_for_non_cached_unique_id_usi_is_added_to_the_cache_for_subsequent_calls" fullname="EdFi.Ods.Tests.EdFi.Ods.Entities.Common.When_getting_unique_id_for_non_cached_unique_id_usi_is_added_to_the_cache_for_subsequent_calls" classname="EdFi.Ods.Tests.EdFi.Ods.Entities.Common.When_getting_unique_id_for_non_cached_unique_id_usi_is_added_to_the_cache_for_subsequent_calls" runstate="Runnable" testcasecount="3" result="Passed" duration="0.183912" total="3" passed="0" failed="0" inconclusive="0" skipped="0" asserts="0">
                    <test-case id="6-1243" name="Should_call_value_mapper_for_the_unique_id" fullname="EdFi.Ods.Tests.EdFi.Ods.Entities.Common.When_getting_unique_id_for_non_cached_unique_id_usi_is_added_to_the_cache_for_subsequent_calls.Should_call_value_mapper_for_the_unique_id" methodname="Should_call_value_mapper_for_the_unique_id" classname="EdFi.Ods.Tests.EdFi.Ods.Entities.Common.When_getting_unique_id_for_non_cached_unique_id_usi_is_added_to_the_cache_for_subsequent_calls" runstate="Runnable" result="Passed" duration="0.001691" asserts="0" />
                    <test-case id="6-1244" name="Should_have_opportunistically_cached_the_usi_from_the_value_mapper" fullname="EdFi.Ods.Tests.EdFi.Ods.Entities.Common.When_getting_unique_id_for_non_cached_unique_id_usi_is_added_to_the_cache_for_subsequent_calls.Should_have_opportunistically_cached_the_usi_from_the_value_mapper" methodname="Should_have_opportunistically_cached_the_usi_from_the_value_mapper" classname="EdFi.Ods.Tests.EdFi.Ods.Entities.Common.When_getting_unique_id_for_non_cached_unique_id_usi_is_added_to_the_cache_for_subsequent_calls" runstate="Runnable" result="Passed" duration="0.001181" asserts="0" />
                    <test-case id="6-1245" name="Should_return_correct_values_from_cache" fullname="EdFi.Ods.Tests.EdFi.Ods.Entities.Common.When_getting_unique_id_for_non_cached_unique_id_usi_is_added_to_the_cache_for_subsequent_calls.Should_return_correct_values_from_cache" methodname="Should_return_correct_values_from_cache" classname="EdFi.Ods.Tests.EdFi.Ods.Entities.Common.When_getting_unique_id_for_non_cached_unique_id_usi_is_added_to_the_cache_for_subsequent_calls" runstate="Runnable" result="Passed" duration="0.000474" asserts="0" />
                  </test-suite>
                  <test-suite type="TestFixture" id="6-1257" name="When_getting_UniqueId_by_id" fullname="EdFi.Ods.Tests.EdFi.Ods.Entities.Common.When_getting_UniqueId_by_id" classname="EdFi.Ods.Tests.EdFi.Ods.Entities.Common.When_getting_UniqueId_by_id" runstate="Runnable" testcasecount="2" result="Passed" duration="0.023338" total="2" passed="0" failed="0" inconclusive="0" skipped="0" asserts="0">
                    <test-case id="6-1259" name="Should_not_call_value_mapper_a_second_time_for_same_value" fullname="EdFi.Ods.Tests.EdFi.Ods.Entities.Common.When_getting_UniqueId_by_id.Should_not_call_value_mapper_a_second_time_for_same_value" methodname="Should_not_call_value_mapper_a_second_time_for_same_value" classname="EdFi.Ods.Tests.EdFi.Ods.Entities.Common.When_getting_UniqueId_by_id" runstate="Runnable" result="Passed" duration="0.000226" asserts="0" />
                    <test-case id="6-1258" name="Should_return_uniqueId_value" fullname="EdFi.Ods.Tests.EdFi.Ods.Entities.Common.When_getting_UniqueId_by_id.Should_return_uniqueId_value" methodname="Should_return_uniqueId_value" classname="EdFi.Ods.Tests.EdFi.Ods.Entities.Common.When_getting_UniqueId_by_id" runstate="Runnable" result="Passed" duration="0.000311" asserts="0" />
                  </test-suite>
                  <test-suite type="TestFixture" id="6-1248" name="When_getting_uniqueId_by_usis_that_are_initialized_in_the_cache_from_different_ODS_instances" fullname="EdFi.Ods.Tests.EdFi.Ods.Entities.Common.When_getting_uniqueId_by_usis_that_are_initialized_in_the_cache_from_different_ODS_instances" classname="EdFi.Ods.Tests.EdFi.Ods.Entities.Common.When_getting_uniqueId_by_usis_that_are_initialized_in_the_cache_from_different_ODS_instances" runstate="Runnable" testcasecount="1" result="Passed" duration="0.004154" total="1" passed="0" failed="0" inconclusive="0" skipped="0" asserts="0">
                    <test-case id="6-1249" name="Should_retrieve_uniqueIds_from_cache_based_on_the_ODS_context" fullname="EdFi.Ods.Tests.EdFi.Ods.Entities.Common.When_getting_uniqueId_by_usis_that_are_initialized_in_the_cache_from_different_ODS_instances.Should_retrieve_uniqueIds_from_cache_based_on_the_ODS_context" methodname="Should_retrieve_uniqueIds_from_cache_based_on_the_ODS_context" classname="EdFi.Ods.Tests.EdFi.Ods.Entities.Common.When_getting_uniqueId_by_usis_that_are_initialized_in_the_cache_from_different_ODS_instances" runstate="Runnable" result="Passed" duration="0.000335" asserts="0" />
                  </test-suite>
                  <test-suite type="TestFixture" id="6-1246" name="When_getting_uniqueId_by_usis_that_are_not_in_the_cache_from_different_ODS_instances" fullname="EdFi.Ods.Tests.EdFi.Ods.Entities.Common.When_getting_uniqueId_by_usis_that_are_not_in_the_cache_from_different_ODS_instances" classname="EdFi.Ods.Tests.EdFi.Ods.Entities.Common.When_getting_uniqueId_by_usis_that_are_not_in_the_cache_from_different_ODS_instances" runstate="Runnable" testcasecount="1" result="Passed" duration="0.005325" total="1" passed="0" failed="0" inconclusive="0" skipped="0" asserts="0">
                    <test-case id="6-1247" name="Should_retrieve_uniqueIds_from_cache_based_on_the_ODS_context" fullname="EdFi.Ods.Tests.EdFi.Ods.Entities.Common.When_getting_uniqueId_by_usis_that_are_not_in_the_cache_from_different_ODS_instances.Should_retrieve_uniqueIds_from_cache_based_on_the_ODS_context" methodname="Should_retrieve_uniqueIds_from_cache_based_on_the_ODS_context" classname="EdFi.Ods.Tests.EdFi.Ods.Entities.Common.When_getting_uniqueId_by_usis_that_are_not_in_the_cache_from_different_ODS_instances" runstate="Runnable" result="Passed" duration="0.000364" asserts="0" />
                  </test-suite>
                  <test-suite type="TestFixture" id="6-1211" name="When_getting_usi_and_id_for_non_cached_unique_id_and_both_values_are_returned_by_usi_value_mapper" fullname="EdFi.Ods.Tests.EdFi.Ods.Entities.Common.When_getting_usi_and_id_for_non_cached_unique_id_and_both_values_are_returned_by_usi_value_mapper" classname="EdFi.Ods.Tests.EdFi.Ods.Entities.Common.When_getting_usi_and_id_for_non_cached_unique_id_and_both_values_are_returned_by_usi_value_mapper" runstate="Runnable" testcasecount="5" result="Passed" duration="0.015026" total="5" passed="0" failed="0" inconclusive="0" skipped="0" asserts="0">
                    <test-case id="6-1212" name="Should_call_person_identifiers_provider_once_to_warm_the_cache" fullname="EdFi.Ods.Tests.EdFi.Ods.Entities.Common.When_getting_usi_and_id_for_non_cached_unique_id_and_both_values_are_returned_by_usi_value_mapper.Should_call_person_identifiers_provider_once_to_warm_the_cache" methodname="Should_call_person_identifiers_provider_once_to_warm_the_cache" classname="EdFi.Ods.Tests.EdFi.Ods.Entities.Common.When_getting_usi_and_id_for_non_cached_unique_id_and_both_values_are_returned_by_usi_value_mapper" runstate="Runnable" result="Passed" duration="0.002079" asserts="0" />
                    <test-case id="6-1213" name="Should_call_usi_value_mapper_for_the_usi_not_initially_loaded_into_the_cache" fullname="EdFi.Ods.Tests.EdFi.Ods.Entities.Common.When_getting_usi_and_id_for_non_cached_unique_id_and_both_values_are_returned_by_usi_value_mapper.Should_call_usi_value_mapper_for_the_usi_not_initially_loaded_into_the_cache" methodname="Should_call_usi_value_mapper_for_the_usi_not_initially_loaded_into_the_cache" classname="EdFi.Ods.Tests.EdFi.Ods.Entities.Common.When_getting_usi_and_id_for_non_cached_unique_id_and_both_values_are_returned_by_usi_value_mapper" runstate="Runnable" result="Passed" duration="0.000504" asserts="0" />
                    <test-case id="6-1214" name="Should_have_opportunistically_cached_the_id_from_the_usi_value_mapper" fullname="EdFi.Ods.Tests.EdFi.Ods.Entities.Common.When_getting_usi_and_id_for_non_cached_unique_id_and_both_values_are_returned_by_usi_value_mapper.Should_have_opportunistically_cached_the_id_from_the_usi_value_mapper" methodname="Should_have_opportunistically_cached_the_id_from_the_usi_value_mapper" classname="EdFi.Ods.Tests.EdFi.Ods.Entities.Common.When_getting_usi_and_id_for_non_cached_unique_id_and_both_values_are_returned_by_usi_value_mapper" runstate="Ignored" result="Skipped" label="Ignored" duration="0.000008" asserts="0">
                      <properties>
                        <property name="_IGNOREREASON" value="With the removal of the shared cache from the PersonUniqueIdToUsiCache implementation, there is no longer an opportunity for opportunistic caching." />
                      </properties>
                      <reason>
                        <message><![CDATA[With the removal of the shared cache from the PersonUniqueIdToUsiCache implementation, there is no longer an opportunity for opportunistic caching.]]></message>
                      </reason>
                    </test-case>
                    <test-case id="6-1216" name="Should_opportunistically_cache_the_id" fullname="EdFi.Ods.Tests.EdFi.Ods.Entities.Common.When_getting_usi_and_id_for_non_cached_unique_id_and_both_values_are_returned_by_usi_value_mapper.Should_opportunistically_cache_the_id" methodname="Should_opportunistically_cache_the_id" classname="EdFi.Ods.Tests.EdFi.Ods.Entities.Common.When_getting_usi_and_id_for_non_cached_unique_id_and_both_values_are_returned_by_usi_value_mapper" runstate="Ignored" result="Skipped" label="Ignored" duration="0.000008" asserts="0">
                      <properties>
                        <property name="_IGNOREREASON" value="With the removal of the shared cache from the PersonUniqueIdToUsiCache implementation, there is no longer an opportunity for opportunistic caching." />
                      </properties>
                      <reason>
                        <message><![CDATA[With the removal of the shared cache from the PersonUniqueIdToUsiCache implementation, there is no longer an opportunity for opportunistic caching.]]></message>
                      </reason>
                    </test-case>
                    <test-case id="6-1215" name="Should_return_correct_values_from_cache" fullname="EdFi.Ods.Tests.EdFi.Ods.Entities.Common.When_getting_usi_and_id_for_non_cached_unique_id_and_both_values_are_returned_by_usi_value_mapper.Should_return_correct_values_from_cache" methodname="Should_return_correct_values_from_cache" classname="EdFi.Ods.Tests.EdFi.Ods.Entities.Common.When_getting_usi_and_id_for_non_cached_unique_id_and_both_values_are_returned_by_usi_value_mapper" runstate="Runnable" result="Passed" duration="0.000454" asserts="0" />
                  </test-suite>
                  <test-suite type="TestFixture" id="6-1222" name="When_getting_usi_and_id_for_non_cached_unique_id_in_a_synchronously_loaded_cache_and_each_value_mapper_only_returns_the_requested_value" fullname="EdFi.Ods.Tests.EdFi.Ods.Entities.Common.When_getting_usi_and_id_for_non_cached_unique_id_in_a_synchronously_loaded_cache_and_each_value_mapper_only_returns_the_requested_value" classname="EdFi.Ods.Tests.EdFi.Ods.Entities.Common.When_getting_usi_and_id_for_non_cached_unique_id_in_a_synchronously_loaded_cache_and_each_value_mapper_only_returns_the_requested_value" runstate="Runnable" testcasecount="5" result="Passed" duration="0.026842" total="5" passed="0" failed="0" inconclusive="0" skipped="0" asserts="0">
                    <test-case id="6-1223" name="Should_call_person_identifiers_provider_once_to_warm_the_cache" fullname="EdFi.Ods.Tests.EdFi.Ods.Entities.Common.When_getting_usi_and_id_for_non_cached_unique_id_in_a_synchronously_loaded_cache_and_each_value_mapper_only_returns_the_requested_value.Should_call_person_identifiers_provider_once_to_warm_the_cache" methodname="Should_call_person_identifiers_provider_once_to_warm_the_cache" classname="EdFi.Ods.Tests.EdFi.Ods.Entities.Common.When_getting_usi_and_id_for_non_cached_unique_id_in_a_synchronously_loaded_cache_and_each_value_mapper_only_returns_the_requested_value" runstate="Runnable" result="Passed" duration="0.001028" asserts="0" />
                    <test-case id="6-1225" name="Should_call_the_id_value_mapper_for_the_id" fullname="EdFi.Ods.Tests.EdFi.Ods.Entities.Common.When_getting_usi_and_id_for_non_cached_unique_id_in_a_synchronously_loaded_cache_and_each_value_mapper_only_returns_the_requested_value.Should_call_the_id_value_mapper_for_the_id" methodname="Should_call_the_id_value_mapper_for_the_id" classname="EdFi.Ods.Tests.EdFi.Ods.Entities.Common.When_getting_usi_and_id_for_non_cached_unique_id_in_a_synchronously_loaded_cache_and_each_value_mapper_only_returns_the_requested_value" runstate="Runnable" result="Passed" duration="0.001802" asserts="0" />
                    <test-case id="6-1224" name="Should_NOT_call_usi_value_mapper_for_the_usi" fullname="EdFi.Ods.Tests.EdFi.Ods.Entities.Common.When_getting_usi_and_id_for_non_cached_unique_id_in_a_synchronously_loaded_cache_and_each_value_mapper_only_returns_the_requested_value.Should_NOT_call_usi_value_mapper_for_the_usi" methodname="Should_NOT_call_usi_value_mapper_for_the_usi" classname="EdFi.Ods.Tests.EdFi.Ods.Entities.Common.When_getting_usi_and_id_for_non_cached_unique_id_in_a_synchronously_loaded_cache_and_each_value_mapper_only_returns_the_requested_value" runstate="Runnable" result="Passed" duration="0.000725" asserts="0" />
                    <test-case id="6-1227" name="Should_return_id_value_supplied_by_the_id_value_mapper" fullname="EdFi.Ods.Tests.EdFi.Ods.Entities.Common.When_getting_usi_and_id_for_non_cached_unique_id_in_a_synchronously_loaded_cache_and_each_value_mapper_only_returns_the_requested_value.Should_return_id_value_supplied_by_the_id_value_mapper" methodname="Should_return_id_value_supplied_by_the_id_value_mapper" classname="EdFi.Ods.Tests.EdFi.Ods.Entities.Common.When_getting_usi_and_id_for_non_cached_unique_id_in_a_synchronously_loaded_cache_and_each_value_mapper_only_returns_the_requested_value" runstate="Runnable" result="Passed" duration="0.000511" asserts="0" />
                    <test-case id="6-1226" name="Should_return_usi_value_supplied_by_person_identifiers_provider" fullname="EdFi.Ods.Tests.EdFi.Ods.Entities.Common.When_getting_usi_and_id_for_non_cached_unique_id_in_a_synchronously_loaded_cache_and_each_value_mapper_only_returns_the_requested_value.Should_return_usi_value_supplied_by_person_identifiers_provider" methodname="Should_return_usi_value_supplied_by_person_identifiers_provider" classname="EdFi.Ods.Tests.EdFi.Ods.Entities.Common.When_getting_usi_and_id_for_non_cached_unique_id_in_a_synchronously_loaded_cache_and_each_value_mapper_only_returns_the_requested_value" runstate="Runnable" result="Passed" duration="0.003854" asserts="1" />
                  </test-suite>
                  <test-suite type="TestFixture" id="6-1228" name="When_getting_usi_and_id_for_non_cached_unique_id_in_an_asynchronously_loaded_cache_and_each_value_mapper_only_returns_the_requested_value" fullname="EdFi.Ods.Tests.EdFi.Ods.Entities.Common.When_getting_usi_and_id_for_non_cached_unique_id_in_an_asynchronously_loaded_cache_and_each_value_mapper_only_returns_the_requested_value" classname="EdFi.Ods.Tests.EdFi.Ods.Entities.Common.When_getting_usi_and_id_for_non_cached_unique_id_in_an_asynchronously_loaded_cache_and_each_value_mapper_only_returns_the_requested_value" runstate="Runnable" testcasecount="5" result="Passed" duration="0.013811" total="5" passed="0" failed="0" inconclusive="0" skipped="0" asserts="0">
                    <test-case id="6-1229" name="Should_call_person_identifiers_provider_once_to_warm_the_cache" fullname="EdFi.Ods.Tests.EdFi.Ods.Entities.Common.When_getting_usi_and_id_for_non_cached_unique_id_in_an_asynchronously_loaded_cache_and_each_value_mapper_only_returns_the_requested_value.Should_call_person_identifiers_provider_once_to_warm_the_cache" methodname="Should_call_person_identifiers_provider_once_to_warm_the_cache" classname="EdFi.Ods.Tests.EdFi.Ods.Entities.Common.When_getting_usi_and_id_for_non_cached_unique_id_in_an_asynchronously_loaded_cache_and_each_value_mapper_only_returns_the_requested_value" runstate="Runnable" result="Passed" duration="0.001098" asserts="0" />
                    <test-case id="6-1231" name="Should_call_the_id_value_mapper_for_the_id" fullname="EdFi.Ods.Tests.EdFi.Ods.Entities.Common.When_getting_usi_and_id_for_non_cached_unique_id_in_an_asynchronously_loaded_cache_and_each_value_mapper_only_returns_the_requested_value.Should_call_the_id_value_mapper_for_the_id" methodname="Should_call_the_id_value_mapper_for_the_id" classname="EdFi.Ods.Tests.EdFi.Ods.Entities.Common.When_getting_usi_and_id_for_non_cached_unique_id_in_an_asynchronously_loaded_cache_and_each_value_mapper_only_returns_the_requested_value" runstate="Runnable" result="Passed" duration="0.000677" asserts="0" />
                    <test-case id="6-1230" name="Should_call_usi_value_mapper_for_the_usi" fullname="EdFi.Ods.Tests.EdFi.Ods.Entities.Common.When_getting_usi_and_id_for_non_cached_unique_id_in_an_asynchronously_loaded_cache_and_each_value_mapper_only_returns_the_requested_value.Should_call_usi_value_mapper_for_the_usi" methodname="Should_call_usi_value_mapper_for_the_usi" classname="EdFi.Ods.Tests.EdFi.Ods.Entities.Common.When_getting_usi_and_id_for_non_cached_unique_id_in_an_asynchronously_loaded_cache_and_each_value_mapper_only_returns_the_requested_value" runstate="Runnable" result="Passed" duration="0.000607" asserts="0" />
                    <test-case id="6-1233" name="Should_return_id_value_supplied_by_the_id_value_mapper" fullname="EdFi.Ods.Tests.EdFi.Ods.Entities.Common.When_getting_usi_and_id_for_non_cached_unique_id_in_an_asynchronously_loaded_cache_and_each_value_mapper_only_returns_the_requested_value.Should_return_id_value_supplied_by_the_id_value_mapper" methodname="Should_return_id_value_supplied_by_the_id_value_mapper" classname="EdFi.Ods.Tests.EdFi.Ods.Entities.Common.When_getting_usi_and_id_for_non_cached_unique_id_in_an_asynchronously_loaded_cache_and_each_value_mapper_only_returns_the_requested_value" runstate="Runnable" result="Passed" duration="0.000353" asserts="0" />
                    <test-case id="6-1232" name="Should_return_usi_value_supplied_by_the_usi_value_mapper" fullname="EdFi.Ods.Tests.EdFi.Ods.Entities.Common.When_getting_usi_and_id_for_non_cached_unique_id_in_an_asynchronously_loaded_cache_and_each_value_mapper_only_returns_the_requested_value.Should_return_usi_value_supplied_by_the_usi_value_mapper" methodname="Should_return_usi_value_supplied_by_the_usi_value_mapper" classname="EdFi.Ods.Tests.EdFi.Ods.Entities.Common.When_getting_usi_and_id_for_non_cached_unique_id_in_an_asynchronously_loaded_cache_and_each_value_mapper_only_returns_the_requested_value" runstate="Runnable" result="Passed" duration="0.000399" asserts="1" />
                  </test-suite>
                  <test-suite type="TestFixture" id="6-1238" name="When_getting_usi_for_non_cached_unique_id_unique_id_is_added_to_the_cache_for_subsequent_calls" fullname="EdFi.Ods.Tests.EdFi.Ods.Entities.Common.When_getting_usi_for_non_cached_unique_id_unique_id_is_added_to_the_cache_for_subsequent_calls" classname="EdFi.Ods.Tests.EdFi.Ods.Entities.Common.When_getting_usi_for_non_cached_unique_id_unique_id_is_added_to_the_cache_for_subsequent_calls" runstate="Runnable" testcasecount="3" result="Passed" duration="0.007757" total="3" passed="0" failed="0" inconclusive="0" skipped="0" asserts="0">
                    <test-case id="6-1239" name="Should_call_usi_value_mapper_for_the_usi" fullname="EdFi.Ods.Tests.EdFi.Ods.Entities.Common.When_getting_usi_for_non_cached_unique_id_unique_id_is_added_to_the_cache_for_subsequent_calls.Should_call_usi_value_mapper_for_the_usi" methodname="Should_call_usi_value_mapper_for_the_usi" classname="EdFi.Ods.Tests.EdFi.Ods.Entities.Common.When_getting_usi_for_non_cached_unique_id_unique_id_is_added_to_the_cache_for_subsequent_calls" runstate="Runnable" result="Passed" duration="0.000690" asserts="0" />
                    <test-case id="6-1240" name="Should_have_opportunistically_cached_the_unique_id_from_the_usi_value_mapper" fullname="EdFi.Ods.Tests.EdFi.Ods.Entities.Common.When_getting_usi_for_non_cached_unique_id_unique_id_is_added_to_the_cache_for_subsequent_calls.Should_have_opportunistically_cached_the_unique_id_from_the_usi_value_mapper" methodname="Should_have_opportunistically_cached_the_unique_id_from_the_usi_value_mapper" classname="EdFi.Ods.Tests.EdFi.Ods.Entities.Common.When_getting_usi_for_non_cached_unique_id_unique_id_is_added_to_the_cache_for_subsequent_calls" runstate="Runnable" result="Passed" duration="0.000697" asserts="0" />
                    <test-case id="6-1241" name="Should_return_correct_values_from_cache" fullname="EdFi.Ods.Tests.EdFi.Ods.Entities.Common.When_getting_usi_for_non_cached_unique_id_unique_id_is_added_to_the_cache_for_subsequent_calls.Should_return_correct_values_from_cache" methodname="Should_return_correct_values_from_cache" classname="EdFi.Ods.Tests.EdFi.Ods.Entities.Common.When_getting_usi_for_non_cached_unique_id_unique_id_is_added_to_the_cache_for_subsequent_calls" runstate="Runnable" result="Passed" duration="0.000449" asserts="0" />
                  </test-suite>
                  <test-suite type="TestFixture" id="6-1236" name="When_getting_usi_for_non_nullable_property_with_empty_or_null_or_non_existing_uniqueids" fullname="EdFi.Ods.Tests.EdFi.Ods.Entities.Common.When_getting_usi_for_non_nullable_property_with_empty_or_null_or_non_existing_uniqueids" classname="EdFi.Ods.Tests.EdFi.Ods.Entities.Common.When_getting_usi_for_non_nullable_property_with_empty_or_null_or_non_existing_uniqueids" runstate="Runnable" testcasecount="1" result="Passed" duration="0.007182" total="1" passed="0" failed="0" inconclusive="0" skipped="0" asserts="0">
                    <test-case id="6-1237" name="Should_return_zeros_instead_of_nulls" fullname="EdFi.Ods.Tests.EdFi.Ods.Entities.Common.When_getting_usi_for_non_nullable_property_with_empty_or_null_or_non_existing_uniqueids.Should_return_zeros_instead_of_nulls" methodname="Should_return_zeros_instead_of_nulls" classname="EdFi.Ods.Tests.EdFi.Ods.Entities.Common.When_getting_usi_for_non_nullable_property_with_empty_or_null_or_non_existing_uniqueids" runstate="Runnable" result="Passed" duration="0.002369" asserts="0" />
                  </test-suite>
                  <test-suite type="TestFixture" id="6-1234" name="When_getting_usi_for_nullable_property_with_empty_or_null_or_non_existing_uniqueids" fullname="EdFi.Ods.Tests.EdFi.Ods.Entities.Common.When_getting_usi_for_nullable_property_with_empty_or_null_or_non_existing_uniqueids" classname="EdFi.Ods.Tests.EdFi.Ods.Entities.Common.When_getting_usi_for_nullable_property_with_empty_or_null_or_non_existing_uniqueids" runstate="Runnable" testcasecount="1" result="Passed" duration="0.004946" total="1" passed="0" failed="0" inconclusive="0" skipped="0" asserts="0">
                    <test-case id="6-1235" name="Should_return_nulls_instead_of_zeros" fullname="EdFi.Ods.Tests.EdFi.Ods.Entities.Common.When_getting_usi_for_nullable_property_with_empty_or_null_or_non_existing_uniqueids.Should_return_nulls_instead_of_zeros" methodname="Should_return_nulls_instead_of_zeros" classname="EdFi.Ods.Tests.EdFi.Ods.Entities.Common.When_getting_usi_for_nullable_property_with_empty_or_null_or_non_existing_uniqueids" runstate="Runnable" result="Passed" duration="0.000367" asserts="0" />
                  </test-suite>
                  <test-suite type="TestFixture" id="6-1254" name="When_getting_usis_from_different_ODS_instances_and_id_value_mapper_does_not_provide_the_id" fullname="EdFi.Ods.Tests.EdFi.Ods.Entities.Common.When_getting_usis_from_different_ODS_instances_and_id_value_mapper_does_not_provide_the_id" classname="EdFi.Ods.Tests.EdFi.Ods.Entities.Common.When_getting_usis_from_different_ODS_instances_and_id_value_mapper_does_not_provide_the_id" runstate="Runnable" testcasecount="2" result="Passed" duration="0.006618" total="2" passed="0" failed="0" inconclusive="0" skipped="0" asserts="0">
                    <test-case id="6-1255" name="Should_retrieve_USI_value_from_cache_based_on_ODS_instances_in_context" fullname="EdFi.Ods.Tests.EdFi.Ods.Entities.Common.When_getting_usis_from_different_ODS_instances_and_id_value_mapper_does_not_provide_the_id.Should_retrieve_USI_value_from_cache_based_on_ODS_instances_in_context" methodname="Should_retrieve_USI_value_from_cache_based_on_ODS_instances_in_context" classname="EdFi.Ods.Tests.EdFi.Ods.Entities.Common.When_getting_usis_from_different_ODS_instances_and_id_value_mapper_does_not_provide_the_id" runstate="Runnable" result="Passed" duration="0.000320" asserts="0" />
                    <test-case id="6-1256" name="Should_return_the_same_Id_independent_of_ODS_instance" fullname="EdFi.Ods.Tests.EdFi.Ods.Entities.Common.When_getting_usis_from_different_ODS_instances_and_id_value_mapper_does_not_provide_the_id.Should_return_the_same_Id_independent_of_ODS_instance" methodname="Should_return_the_same_Id_independent_of_ODS_instance" classname="EdFi.Ods.Tests.EdFi.Ods.Entities.Common.When_getting_usis_from_different_ODS_instances_and_id_value_mapper_does_not_provide_the_id" runstate="Runnable" result="Passed" duration="0.000432" asserts="0" />
                  </test-suite>
                  <test-suite type="TestFixture" id="6-1250" name="When_getting_usis_from_different_ODS_instances_and_id_value_mapper_returns_all_3_identifiers" fullname="EdFi.Ods.Tests.EdFi.Ods.Entities.Common.When_getting_usis_from_different_ODS_instances_and_id_value_mapper_returns_all_3_identifiers" classname="EdFi.Ods.Tests.EdFi.Ods.Entities.Common.When_getting_usis_from_different_ODS_instances_and_id_value_mapper_returns_all_3_identifiers" runstate="Ignored" testcasecount="3" result="Skipped" label="Ignored" duration="0.001388" total="3" passed="0" failed="0" inconclusive="0" skipped="0" asserts="0">
                    <properties>
                      <property name="_IGNOREREASON" value="With the removal of the shared cache from the PersonUniqueIdToUsiCache implementation, there is no longer an opportunity for opportunistic caching." />
                    </properties>
                    <reason>
                      <message><![CDATA[With the removal of the shared cache from the PersonUniqueIdToUsiCache implementation, there is no longer an opportunity for opportunistic caching.]]></message>
                    </reason>
                    <test-case id="6-1252" name="Should_opportunistically_cache_the_Id_after_the_first_call" fullname="EdFi.Ods.Tests.EdFi.Ods.Entities.Common.When_getting_usis_from_different_ODS_instances_and_id_value_mapper_returns_all_3_identifiers.Should_opportunistically_cache_the_Id_after_the_first_call" methodname="Should_opportunistically_cache_the_Id_after_the_first_call" classname="EdFi.Ods.Tests.EdFi.Ods.Entities.Common.When_getting_usis_from_different_ODS_instances_and_id_value_mapper_returns_all_3_identifiers" runstate="Ignored" result="Skipped" label="Ignored" duration="0.000000" asserts="0">
                      <properties>
                        <property name="_IGNOREREASON" value="With the removal of the shared cache from the PersonUniqueIdToUsiCache implementation, there is no longer an opportunity for opportunistic caching." />
                      </properties>
                      <reason>
                        <message><![CDATA[With the removal of the shared cache from the PersonUniqueIdToUsiCache implementation, there is no longer an opportunity for opportunistic caching.]]></message>
                      </reason>
                    </test-case>
                    <test-case id="6-1251" name="Should_retrieve_USI_value_from_cache_based_on_ODS_instances_in_context" fullname="EdFi.Ods.Tests.EdFi.Ods.Entities.Common.When_getting_usis_from_different_ODS_instances_and_id_value_mapper_returns_all_3_identifiers.Should_retrieve_USI_value_from_cache_based_on_ODS_instances_in_context" methodname="Should_retrieve_USI_value_from_cache_based_on_ODS_instances_in_context" classname="EdFi.Ods.Tests.EdFi.Ods.Entities.Common.When_getting_usis_from_different_ODS_instances_and_id_value_mapper_returns_all_3_identifiers" runstate="Ignored" result="Skipped" label="Ignored" duration="0.000000" asserts="0">
                      <properties>
                        <property name="_IGNOREREASON" value="With the removal of the shared cache from the PersonUniqueIdToUsiCache implementation, there is no longer an opportunity for opportunistic caching." />
                      </properties>
                      <reason>
                        <message><![CDATA[With the removal of the shared cache from the PersonUniqueIdToUsiCache implementation, there is no longer an opportunity for opportunistic caching.]]></message>
                      </reason>
                    </test-case>
                    <test-case id="6-1253" name="Should_return_the_same_Id_independent_of_ODS_instance" fullname="EdFi.Ods.Tests.EdFi.Ods.Entities.Common.When_getting_usis_from_different_ODS_instances_and_id_value_mapper_returns_all_3_identifiers.Should_return_the_same_Id_independent_of_ODS_instance" methodname="Should_return_the_same_Id_independent_of_ODS_instance" classname="EdFi.Ods.Tests.EdFi.Ods.Entities.Common.When_getting_usis_from_different_ODS_instances_and_id_value_mapper_returns_all_3_identifiers" runstate="Ignored" result="Skipped" label="Ignored" duration="0.000000" asserts="0">
                      <properties>
                        <property name="_IGNOREREASON" value="With the removal of the shared cache from the PersonUniqueIdToUsiCache implementation, there is no longer an opportunity for opportunistic caching." />
                      </properties>
                      <reason>
                        <message><![CDATA[With the removal of the shared cache from the PersonUniqueIdToUsiCache implementation, there is no longer an opportunity for opportunistic caching.]]></message>
                      </reason>
                    </test-case>
                  </test-suite>
                  <test-suite type="TestFixture" id="6-1209" name="When_validating_a_sample_dangerous_string_from_Arizona_API_security_assessment_report_for_NoDangerousText" fullname="EdFi.Ods.Tests.EdFi.Ods.Entities.Common.When_validating_a_sample_dangerous_string_from_Arizona_API_security_assessment_report_for_NoDangerousText" classname="EdFi.Ods.Tests.EdFi.Ods.Entities.Common.When_validating_a_sample_dangerous_string_from_Arizona_API_security_assessment_report_for_NoDangerousText" runstate="Runnable" testcasecount="1" result="Passed" duration="0.004015" total="1" passed="0" failed="0" inconclusive="0" skipped="0" asserts="0">
                    <test-case id="6-1210" name="Should_have_a_validation_error_regarding_a_potentially_dangerous_value" fullname="EdFi.Ods.Tests.EdFi.Ods.Entities.Common.When_validating_a_sample_dangerous_string_from_Arizona_API_security_assessment_report_for_NoDangerousText.Should_have_a_validation_error_regarding_a_potentially_dangerous_value" methodname="Should_have_a_validation_error_regarding_a_potentially_dangerous_value" classname="EdFi.Ods.Tests.EdFi.Ods.Entities.Common.When_validating_a_sample_dangerous_string_from_Arizona_API_security_assessment_report_for_NoDangerousText" runstate="Runnable" result="Passed" duration="0.000423" asserts="2" />
                  </test-suite>
                  <test-suite type="TestFixture" id="6-1201" name="When_validating_empty_string_for_NoDangerousText" fullname="EdFi.Ods.Tests.EdFi.Ods.Entities.Common.When_validating_empty_string_for_NoDangerousText" classname="EdFi.Ods.Tests.EdFi.Ods.Entities.Common.When_validating_empty_string_for_NoDangerousText" runstate="Runnable" testcasecount="1" result="Passed" duration="0.000798" total="1" passed="0" failed="0" inconclusive="0" skipped="0" asserts="0">
                    <test-case id="6-1202" name="Should_not_have_any_validation_errors" fullname="EdFi.Ods.Tests.EdFi.Ods.Entities.Common.When_validating_empty_string_for_NoDangerousText.Should_not_have_any_validation_errors" methodname="Should_not_have_any_validation_errors" classname="EdFi.Ods.Tests.EdFi.Ods.Entities.Common.When_validating_empty_string_for_NoDangerousText" runstate="Runnable" result="Passed" duration="0.000185" asserts="1" />
                  </test-suite>
                  <test-suite type="TestFixture" id="6-1207" name="When_validating_innocuous_string_that_contains_an_embedded_Javascript_event_name_for_NoDangerousText" fullname="EdFi.Ods.Tests.EdFi.Ods.Entities.Common.When_validating_innocuous_string_that_contains_an_embedded_Javascript_event_name_for_NoDangerousText" classname="EdFi.Ods.Tests.EdFi.Ods.Entities.Common.When_validating_innocuous_string_that_contains_an_embedded_Javascript_event_name_for_NoDangerousText" runstate="Runnable" testcasecount="1" result="Passed" duration="0.000886" total="1" passed="0" failed="0" inconclusive="0" skipped="0" asserts="0">
                    <test-case id="6-1208" name="Should_not_fail_validation" fullname="EdFi.Ods.Tests.EdFi.Ods.Entities.Common.When_validating_innocuous_string_that_contains_an_embedded_Javascript_event_name_for_NoDangerousText.Should_not_fail_validation" methodname="Should_not_fail_validation" classname="EdFi.Ods.Tests.EdFi.Ods.Entities.Common.When_validating_innocuous_string_that_contains_an_embedded_Javascript_event_name_for_NoDangerousText" runstate="Runnable" result="Passed" duration="0.000290" asserts="1" />
                  </test-suite>
                  <test-suite type="TestFixture" id="6-1270" name="When_validating_parent_entity_with_changed_unique_id" fullname="EdFi.Ods.Tests.EdFi.Ods.Entities.Common.When_validating_parent_entity_with_changed_unique_id" classname="EdFi.Ods.Tests.EdFi.Ods.Entities.Common.When_validating_parent_entity_with_changed_unique_id" runstate="Runnable" testcasecount="1" result="Passed" duration="0.029871" total="1" passed="0" failed="0" inconclusive="0" skipped="0" asserts="0">
                    <test-case id="6-1271" name="Should_return_validation_error" fullname="EdFi.Ods.Tests.EdFi.Ods.Entities.Common.When_validating_parent_entity_with_changed_unique_id.Should_return_validation_error" methodname="Should_return_validation_error" classname="EdFi.Ods.Tests.EdFi.Ods.Entities.Common.When_validating_parent_entity_with_changed_unique_id" runstate="Runnable" result="Passed" duration="0.029440" asserts="0" />
                  </test-suite>
                  <test-suite type="TestFixture" id="6-1282" name="When_validating_parent_entity_with_unchanged_unique_id" fullname="EdFi.Ods.Tests.EdFi.Ods.Entities.Common.When_validating_parent_entity_with_unchanged_unique_id" classname="EdFi.Ods.Tests.EdFi.Ods.Entities.Common.When_validating_parent_entity_with_unchanged_unique_id" runstate="Runnable" testcasecount="1" result="Passed" duration="0.001769" total="1" passed="0" failed="0" inconclusive="0" skipped="0" asserts="0">
                    <test-case id="6-1283" name="Should_pass_validation" fullname="EdFi.Ods.Tests.EdFi.Ods.Entities.Common.When_validating_parent_entity_with_unchanged_unique_id.Should_pass_validation" methodname="Should_pass_validation" classname="EdFi.Ods.Tests.EdFi.Ods.Entities.Common.When_validating_parent_entity_with_unchanged_unique_id" runstate="Runnable" result="Passed" duration="0.001409" asserts="0" />
                  </test-suite>
                  <test-suite type="TestFixture" id="6-1264" name="When_validating_parent_resource_with_changed_unique_id" fullname="EdFi.Ods.Tests.EdFi.Ods.Entities.Common.When_validating_parent_resource_with_changed_unique_id" classname="EdFi.Ods.Tests.EdFi.Ods.Entities.Common.When_validating_parent_resource_with_changed_unique_id" runstate="Runnable" testcasecount="1" result="Passed" duration="0.009616" total="1" passed="0" failed="0" inconclusive="0" skipped="0" asserts="0">
                    <test-case id="6-1265" name="Should_return_validation_error" fullname="EdFi.Ods.Tests.EdFi.Ods.Entities.Common.When_validating_parent_resource_with_changed_unique_id.Should_return_validation_error" methodname="Should_return_validation_error" classname="EdFi.Ods.Tests.EdFi.Ods.Entities.Common.When_validating_parent_resource_with_changed_unique_id" runstate="Runnable" result="Passed" duration="0.009240" asserts="0" />
                  </test-suite>
                  <test-suite type="TestFixture" id="6-1276" name="When_validating_parent_resource_with_unchanged_unique_id" fullname="EdFi.Ods.Tests.EdFi.Ods.Entities.Common.When_validating_parent_resource_with_unchanged_unique_id" classname="EdFi.Ods.Tests.EdFi.Ods.Entities.Common.When_validating_parent_resource_with_unchanged_unique_id" runstate="Runnable" testcasecount="1" result="Passed" duration="0.002471" total="1" passed="0" failed="0" inconclusive="0" skipped="0" asserts="0">
                    <test-case id="6-1277" name="Should_pass_validation" fullname="EdFi.Ods.Tests.EdFi.Ods.Entities.Common.When_validating_parent_resource_with_unchanged_unique_id.Should_pass_validation" methodname="Should_pass_validation" classname="EdFi.Ods.Tests.EdFi.Ods.Entities.Common.When_validating_parent_resource_with_unchanged_unique_id" runstate="Runnable" result="Passed" duration="0.001969" asserts="0" />
                  </test-suite>
                  <test-suite type="TestFixture" id="6-1268" name="When_validating_staff_entity_with_changed_unique_id" fullname="EdFi.Ods.Tests.EdFi.Ods.Entities.Common.When_validating_staff_entity_with_changed_unique_id" classname="EdFi.Ods.Tests.EdFi.Ods.Entities.Common.When_validating_staff_entity_with_changed_unique_id" runstate="Runnable" testcasecount="1" result="Passed" duration="0.009902" total="1" passed="0" failed="0" inconclusive="0" skipped="0" asserts="0">
                    <test-case id="6-1269" name="Should_return_validation_error" fullname="EdFi.Ods.Tests.EdFi.Ods.Entities.Common.When_validating_staff_entity_with_changed_unique_id.Should_return_validation_error" methodname="Should_return_validation_error" classname="EdFi.Ods.Tests.EdFi.Ods.Entities.Common.When_validating_staff_entity_with_changed_unique_id" runstate="Runnable" result="Passed" duration="0.009417" asserts="0" />
                  </test-suite>
                  <test-suite type="TestFixture" id="6-1280" name="When_validating_staff_entity_with_unchanged_unique_id" fullname="EdFi.Ods.Tests.EdFi.Ods.Entities.Common.When_validating_staff_entity_with_unchanged_unique_id" classname="EdFi.Ods.Tests.EdFi.Ods.Entities.Common.When_validating_staff_entity_with_unchanged_unique_id" runstate="Runnable" testcasecount="1" result="Passed" duration="0.001872" total="1" passed="0" failed="0" inconclusive="0" skipped="0" asserts="0">
                    <test-case id="6-1281" name="Should_pass_validation" fullname="EdFi.Ods.Tests.EdFi.Ods.Entities.Common.When_validating_staff_entity_with_unchanged_unique_id.Should_pass_validation" methodname="Should_pass_validation" classname="EdFi.Ods.Tests.EdFi.Ods.Entities.Common.When_validating_staff_entity_with_unchanged_unique_id" runstate="Runnable" result="Passed" duration="0.001415" asserts="0" />
                  </test-suite>
                  <test-suite type="TestFixture" id="6-1262" name="When_validating_staff_resource_with_changed_unique_id" fullname="EdFi.Ods.Tests.EdFi.Ods.Entities.Common.When_validating_staff_resource_with_changed_unique_id" classname="EdFi.Ods.Tests.EdFi.Ods.Entities.Common.When_validating_staff_resource_with_changed_unique_id" runstate="Runnable" testcasecount="1" result="Passed" duration="0.015663" total="1" passed="0" failed="0" inconclusive="0" skipped="0" asserts="0">
                    <test-case id="6-1263" name="Should_return_validation_error" fullname="EdFi.Ods.Tests.EdFi.Ods.Entities.Common.When_validating_staff_resource_with_changed_unique_id.Should_return_validation_error" methodname="Should_return_validation_error" classname="EdFi.Ods.Tests.EdFi.Ods.Entities.Common.When_validating_staff_resource_with_changed_unique_id" runstate="Runnable" result="Passed" duration="0.015185" asserts="0" />
                  </test-suite>
                  <test-suite type="TestFixture" id="6-1274" name="When_validating_staff_resource_with_unchanged_unique_id" fullname="EdFi.Ods.Tests.EdFi.Ods.Entities.Common.When_validating_staff_resource_with_unchanged_unique_id" classname="EdFi.Ods.Tests.EdFi.Ods.Entities.Common.When_validating_staff_resource_with_unchanged_unique_id" runstate="Runnable" testcasecount="1" result="Passed" duration="0.001842" total="1" passed="0" failed="0" inconclusive="0" skipped="0" asserts="0">
                    <test-case id="6-1275" name="Should_pass_validation" fullname="EdFi.Ods.Tests.EdFi.Ods.Entities.Common.When_validating_staff_resource_with_unchanged_unique_id.Should_pass_validation" methodname="Should_pass_validation" classname="EdFi.Ods.Tests.EdFi.Ods.Entities.Common.When_validating_staff_resource_with_unchanged_unique_id" runstate="Runnable" result="Passed" duration="0.001372" asserts="0" />
                  </test-suite>
                  <test-suite type="TestFixture" id="6-1205" name="When_validating_string_with_dangerous_content_for_NoDangerousText" fullname="EdFi.Ods.Tests.EdFi.Ods.Entities.Common.When_validating_string_with_dangerous_content_for_NoDangerousText" classname="EdFi.Ods.Tests.EdFi.Ods.Entities.Common.When_validating_string_with_dangerous_content_for_NoDangerousText" runstate="Runnable" testcasecount="1" result="Passed" duration="0.001062" total="1" passed="0" failed="0" inconclusive="0" skipped="0" asserts="0">
                    <test-case id="6-1206" name="Should_have_a_validation_error_regarding_a_potentially_dangerous_value" fullname="EdFi.Ods.Tests.EdFi.Ods.Entities.Common.When_validating_string_with_dangerous_content_for_NoDangerousText.Should_have_a_validation_error_regarding_a_potentially_dangerous_value" methodname="Should_have_a_validation_error_regarding_a_potentially_dangerous_value" classname="EdFi.Ods.Tests.EdFi.Ods.Entities.Common.When_validating_string_with_dangerous_content_for_NoDangerousText" runstate="Runnable" result="Passed" duration="0.000390" asserts="2" />
                  </test-suite>
                  <test-suite type="TestFixture" id="6-1203" name="When_validating_string_with_safe_content_for_NoDangerousText" fullname="EdFi.Ods.Tests.EdFi.Ods.Entities.Common.When_validating_string_with_safe_content_for_NoDangerousText" classname="EdFi.Ods.Tests.EdFi.Ods.Entities.Common.When_validating_string_with_safe_content_for_NoDangerousText" runstate="Runnable" testcasecount="1" result="Passed" duration="0.000791" total="1" passed="0" failed="0" inconclusive="0" skipped="0" asserts="0">
                    <test-case id="6-1204" name="Should_not_have_any_validation_errors" fullname="EdFi.Ods.Tests.EdFi.Ods.Entities.Common.When_validating_string_with_safe_content_for_NoDangerousText.Should_not_have_any_validation_errors" methodname="Should_not_have_any_validation_errors" classname="EdFi.Ods.Tests.EdFi.Ods.Entities.Common.When_validating_string_with_safe_content_for_NoDangerousText" runstate="Runnable" result="Passed" duration="0.000222" asserts="1" />
                  </test-suite>
                  <test-suite type="TestFixture" id="6-1266" name="When_validating_student_entity_with_changed_unique_id" fullname="EdFi.Ods.Tests.EdFi.Ods.Entities.Common.When_validating_student_entity_with_changed_unique_id" classname="EdFi.Ods.Tests.EdFi.Ods.Entities.Common.When_validating_student_entity_with_changed_unique_id" runstate="Runnable" testcasecount="1" result="Passed" duration="0.012763" total="1" passed="0" failed="0" inconclusive="0" skipped="0" asserts="0">
                    <test-case id="6-1267" name="Should_return_validation_error" fullname="EdFi.Ods.Tests.EdFi.Ods.Entities.Common.When_validating_student_entity_with_changed_unique_id.Should_return_validation_error" methodname="Should_return_validation_error" classname="EdFi.Ods.Tests.EdFi.Ods.Entities.Common.When_validating_student_entity_with_changed_unique_id" runstate="Runnable" result="Passed" duration="0.012308" asserts="0" />
                  </test-suite>
                  <test-suite type="TestFixture" id="6-1278" name="When_validating_student_entity_with_unchanged_unique_id" fullname="EdFi.Ods.Tests.EdFi.Ods.Entities.Common.When_validating_student_entity_with_unchanged_unique_id" classname="EdFi.Ods.Tests.EdFi.Ods.Entities.Common.When_validating_student_entity_with_unchanged_unique_id" runstate="Runnable" testcasecount="1" result="Passed" duration="0.001834" total="1" passed="0" failed="0" inconclusive="0" skipped="0" asserts="0">
                    <test-case id="6-1279" name="Should_pass_validation" fullname="EdFi.Ods.Tests.EdFi.Ods.Entities.Common.When_validating_student_entity_with_unchanged_unique_id.Should_pass_validation" methodname="Should_pass_validation" classname="EdFi.Ods.Tests.EdFi.Ods.Entities.Common.When_validating_student_entity_with_unchanged_unique_id" runstate="Runnable" result="Passed" duration="0.001346" asserts="0" />
                  </test-suite>
                  <test-suite type="TestFixture" id="6-1260" name="When_validating_student_resource_with_changed_unique_id" fullname="EdFi.Ods.Tests.EdFi.Ods.Entities.Common.When_validating_student_resource_with_changed_unique_id" classname="EdFi.Ods.Tests.EdFi.Ods.Entities.Common.When_validating_student_resource_with_changed_unique_id" runstate="Runnable" testcasecount="1" result="Passed" duration="0.017715" total="1" passed="0" failed="0" inconclusive="0" skipped="0" asserts="0">
                    <test-case id="6-1261" name="Should_return_validation_error" fullname="EdFi.Ods.Tests.EdFi.Ods.Entities.Common.When_validating_student_resource_with_changed_unique_id.Should_return_validation_error" methodname="Should_return_validation_error" classname="EdFi.Ods.Tests.EdFi.Ods.Entities.Common.When_validating_student_resource_with_changed_unique_id" runstate="Runnable" result="Passed" duration="0.017284" asserts="0" />
                  </test-suite>
                  <test-suite type="TestFixture" id="6-1272" name="When_validating_student_resource_with_unchanged_unique_id" fullname="EdFi.Ods.Tests.EdFi.Ods.Entities.Common.When_validating_student_resource_with_unchanged_unique_id" classname="EdFi.Ods.Tests.EdFi.Ods.Entities.Common.When_validating_student_resource_with_unchanged_unique_id" runstate="Runnable" testcasecount="1" result="Passed" duration="0.001727" total="1" passed="0" failed="0" inconclusive="0" skipped="0" asserts="0">
                    <test-case id="6-1273" name="Should_pass_validation" fullname="EdFi.Ods.Tests.EdFi.Ods.Entities.Common.When_validating_student_resource_with_unchanged_unique_id.Should_pass_validation" methodname="Should_pass_validation" classname="EdFi.Ods.Tests.EdFi.Ods.Entities.Common.When_validating_student_resource_with_unchanged_unique_id" runstate="Runnable" result="Passed" duration="0.001350" asserts="0" />
                  </test-suite>
                </test-suite>
                <test-suite type="Namespace" id="6-3323" name="NHibernate" fullname="EdFi.Ods.Tests.EdFi.Ods.Entities.NHibernate" runstate="Runnable" testcasecount="8" result="Passed" duration="0.130731" total="8" passed="0" failed="0" inconclusive="0" skipped="0" asserts="0">
                  <test-suite type="TestFixture" id="6-1186" name="DescriptorsCacheTests" fullname="EdFi.Ods.Tests.EdFi.Ods.Entities.NHibernate.DescriptorsCacheTests" classname="EdFi.Ods.Tests.EdFi.Ods.Entities.NHibernate.DescriptorsCacheTests" runstate="Runnable" testcasecount="8" result="Passed" duration="0.130371" total="8" passed="0" failed="0" inconclusive="0" skipped="0" asserts="0">
                    <test-case id="6-1187" name="GetId_ForDescriptor_ByFullyQualifiedValue_FindsCorrectId" fullname="EdFi.Ods.Tests.EdFi.Ods.Entities.NHibernate.DescriptorsCacheTests.GetId_ForDescriptor_ByFullyQualifiedValue_FindsCorrectId" methodname="GetId_ForDescriptor_ByFullyQualifiedValue_FindsCorrectId" classname="EdFi.Ods.Tests.EdFi.Ods.Entities.NHibernate.DescriptorsCacheTests" runstate="Runnable" result="Passed" duration="0.075024" asserts="1" />
                    <test-case id="6-1188" name="GetId_ForDescriptor_ByFullyQualifiedValue_IncorrectFormatting_DoesNotFindCorrectId" fullname="EdFi.Ods.Tests.EdFi.Ods.Entities.NHibernate.DescriptorsCacheTests.GetId_ForDescriptor_ByFullyQualifiedValue_IncorrectFormatting_DoesNotFindCorrectId" methodname="GetId_ForDescriptor_ByFullyQualifiedValue_IncorrectFormatting_DoesNotFindCorrectId" classname="EdFi.Ods.Tests.EdFi.Ods.Entities.NHibernate.DescriptorsCacheTests" runstate="Runnable" result="Passed" duration="0.002243" asserts="0" />
                    <test-case id="6-1189" name="GetId_ForDescriptor_ByFullyQualifiedValue_IncorrectFormatting2_DoesNotFindCorrectId" fullname="EdFi.Ods.Tests.EdFi.Ods.Entities.NHibernate.DescriptorsCacheTests.GetId_ForDescriptor_ByFullyQualifiedValue_IncorrectFormatting2_DoesNotFindCorrectId" methodname="GetId_ForDescriptor_ByFullyQualifiedValue_IncorrectFormatting2_DoesNotFindCorrectId" classname="EdFi.Ods.Tests.EdFi.Ods.Entities.NHibernate.DescriptorsCacheTests" runstate="Runnable" result="Passed" duration="0.000959" asserts="0" />
                    <test-case id="6-1190" name="GetId_ForDescriptor_ByUnQualifiedValue_FindsCorrectId_IfExistsUnderDefaultNamespace" fullname="EdFi.Ods.Tests.EdFi.Ods.Entities.NHibernate.DescriptorsCacheTests.GetId_ForDescriptor_ByUnQualifiedValue_FindsCorrectId_IfExistsUnderDefaultNamespace" methodname="GetId_ForDescriptor_ByUnQualifiedValue_FindsCorrectId_IfExistsUnderDefaultNamespace" classname="EdFi.Ods.Tests.EdFi.Ods.Entities.NHibernate.DescriptorsCacheTests" runstate="Runnable" result="Passed" duration="0.000679" asserts="1" />
                    <test-case id="6-1191" name="GetId_ForDescriptor_ForMissingValue_Forces_DatabaseFetch_And_Cache_Update" fullname="EdFi.Ods.Tests.EdFi.Ods.Entities.NHibernate.DescriptorsCacheTests.GetId_ForDescriptor_ForMissingValue_Forces_DatabaseFetch_And_Cache_Update" methodname="GetId_ForDescriptor_ForMissingValue_Forces_DatabaseFetch_And_Cache_Update" classname="EdFi.Ods.Tests.EdFi.Ods.Entities.NHibernate.DescriptorsCacheTests" runstate="Runnable" result="Passed" duration="0.041366" asserts="1" />
                    <test-case id="6-1192" name="GetId_ForDescriptor_ForMissingValue_Throws_Exception_If_DatabaseSynchronization_Also_Did_Not_Find_It" fullname="EdFi.Ods.Tests.EdFi.Ods.Entities.NHibernate.DescriptorsCacheTests.GetId_ForDescriptor_ForMissingValue_Throws_Exception_If_DatabaseSynchronization_Also_Did_Not_Find_It" methodname="GetId_ForDescriptor_ForMissingValue_Throws_Exception_If_DatabaseSynchronization_Also_Did_Not_Find_It" classname="EdFi.Ods.Tests.EdFi.Ods.Entities.NHibernate.DescriptorsCacheTests" runstate="Runnable" result="Passed" duration="0.001290" asserts="0" />
                    <test-case id="6-1193" name="GetValue_ForDescriptor_CustomNamespaceValue_ReturnsFullyQualifiedValue" fullname="EdFi.Ods.Tests.EdFi.Ods.Entities.NHibernate.DescriptorsCacheTests.GetValue_ForDescriptor_CustomNamespaceValue_ReturnsFullyQualifiedValue" methodname="GetValue_ForDescriptor_CustomNamespaceValue_ReturnsFullyQualifiedValue" classname="EdFi.Ods.Tests.EdFi.Ods.Entities.NHibernate.DescriptorsCacheTests" runstate="Runnable" result="Passed" duration="0.002054" asserts="1" />
                    <test-case id="6-1194" name="GetValue_ForDescriptor_DefaultDomainValue_ReturnsNonFullyQualifiedValue" fullname="EdFi.Ods.Tests.EdFi.Ods.Entities.NHibernate.DescriptorsCacheTests.GetValue_ForDescriptor_DefaultDomainValue_ReturnsNonFullyQualifiedValue" methodname="GetValue_ForDescriptor_DefaultDomainValue_ReturnsNonFullyQualifiedValue" classname="EdFi.Ods.Tests.EdFi.Ods.Entities.NHibernate.DescriptorsCacheTests" runstate="Runnable" result="Passed" duration="0.000716" asserts="1" />
                  </test-suite>
                </test-suite>
              </test-suite>
              <test-suite type="Namespace" id="6-3311" name="Messaging" fullname="EdFi.Ods.Tests.EdFi.Ods.Messaging" runstate="Runnable" testcasecount="13" result="Passed" duration="0.542394" total="13" passed="0" failed="0" inconclusive="0" skipped="0" asserts="0">
                <test-suite type="TestFixture" id="6-2095" name="CommandLisenerTests+When_command_listener_failes_to_handle_message" fullname="EdFi.Ods.Tests.EdFi.Ods.Messaging.CommandLisenerTests+When_command_listener_failes_to_handle_message" classname="EdFi.Ods.Tests.EdFi.Ods.Messaging.CommandLisenerTests+When_command_listener_failes_to_handle_message" runstate="Runnable" testcasecount="1" result="Passed" duration="0.108081" total="1" passed="0" failed="0" inconclusive="0" skipped="0" asserts="0">
                  <test-case id="6-2096" name="Should_move_message_to_dead_queue" fullname="EdFi.Ods.Tests.EdFi.Ods.Messaging.CommandLisenerTests+When_command_listener_failes_to_handle_message.Should_move_message_to_dead_queue" methodname="Should_move_message_to_dead_queue" classname="EdFi.Ods.Tests.EdFi.Ods.Messaging.CommandLisenerTests+When_command_listener_failes_to_handle_message" runstate="Runnable" result="Passed" duration="0.107632" asserts="0" />
                </test-suite>
                <test-suite type="TestFixture" id="6-2092" name="CommandLisenerTests+When_command_listener_handles_message_successfully" fullname="EdFi.Ods.Tests.EdFi.Ods.Messaging.CommandLisenerTests+When_command_listener_handles_message_successfully" classname="EdFi.Ods.Tests.EdFi.Ods.Messaging.CommandLisenerTests+When_command_listener_handles_message_successfully" runstate="Runnable" testcasecount="2" result="Passed" duration="0.016985" total="2" passed="0" failed="0" inconclusive="0" skipped="0" asserts="0">
                  <test-case id="6-2094" name="Should_complete_command" fullname="EdFi.Ods.Tests.EdFi.Ods.Messaging.CommandLisenerTests+When_command_listener_handles_message_successfully.Should_complete_command" methodname="Should_complete_command" classname="EdFi.Ods.Tests.EdFi.Ods.Messaging.CommandLisenerTests+When_command_listener_handles_message_successfully" runstate="Runnable" result="Passed" duration="0.004964" asserts="0" />
                  <test-case id="6-2093" name="Should_process_command" fullname="EdFi.Ods.Tests.EdFi.Ods.Messaging.CommandLisenerTests+When_command_listener_handles_message_successfully.Should_process_command" methodname="Should_process_command" classname="EdFi.Ods.Tests.EdFi.Ods.Messaging.CommandLisenerTests+When_command_listener_handles_message_successfully" runstate="Runnable" result="Passed" duration="0.004228" asserts="0" />
                </test-suite>
                <test-suite type="TestFixture" id="6-2088" name="CommandLisenerTests+When_command_listener_starts_listening" fullname="EdFi.Ods.Tests.EdFi.Ods.Messaging.CommandLisenerTests+When_command_listener_starts_listening" classname="EdFi.Ods.Tests.EdFi.Ods.Messaging.CommandLisenerTests+When_command_listener_starts_listening" runstate="Runnable" testcasecount="1" result="Passed" duration="0.001831" total="1" passed="0" failed="0" inconclusive="0" skipped="0" asserts="0">
                  <test-case id="6-2089" name="Should_delegate_register_callback_with_queue_listener" fullname="EdFi.Ods.Tests.EdFi.Ods.Messaging.CommandLisenerTests+When_command_listener_starts_listening.Should_delegate_register_callback_with_queue_listener" methodname="Should_delegate_register_callback_with_queue_listener" classname="EdFi.Ods.Tests.EdFi.Ods.Messaging.CommandLisenerTests+When_command_listener_starts_listening" runstate="Runnable" result="Passed" duration="0.001346" asserts="0" />
                </test-suite>
                <test-suite type="TestFixture" id="6-2090" name="CommandLisenerTests+When_command_listener_stops_listening" fullname="EdFi.Ods.Tests.EdFi.Ods.Messaging.CommandLisenerTests+When_command_listener_stops_listening" classname="EdFi.Ods.Tests.EdFi.Ods.Messaging.CommandLisenerTests+When_command_listener_stops_listening" runstate="Runnable" testcasecount="1" result="Passed" duration="0.002784" total="1" passed="0" failed="0" inconclusive="0" skipped="0" asserts="0">
                  <test-case id="6-2091" name="Should_ask_queue_listener_to_stop" fullname="EdFi.Ods.Tests.EdFi.Ods.Messaging.CommandLisenerTests+When_command_listener_stops_listening.Should_ask_queue_listener_to_stop" methodname="Should_ask_queue_listener_to_stop" classname="EdFi.Ods.Tests.EdFi.Ods.Messaging.CommandLisenerTests+When_command_listener_stops_listening" runstate="Runnable" result="Passed" duration="0.002241" asserts="0" />
                </test-suite>
                <test-suite type="TestFixture" id="6-1103" name="When_processing_a_message_for_which_no_matching_handler_can_be_found" fullname="EdFi.Ods.Tests.EdFi.Ods.Messaging.When_processing_a_message_for_which_no_matching_handler_can_be_found" classname="EdFi.Ods.Tests.EdFi.Ods.Messaging.When_processing_a_message_for_which_no_matching_handler_can_be_found" runstate="Runnable" testcasecount="1" result="Passed" duration="0.045185" total="1" passed="0" failed="0" inconclusive="0" skipped="0" asserts="0">
                  <test-case id="6-1104" name="Should_indicate_message_was_not_handled" fullname="EdFi.Ods.Tests.EdFi.Ods.Messaging.When_processing_a_message_for_which_no_matching_handler_can_be_found.Should_indicate_message_was_not_handled" methodname="Should_indicate_message_was_not_handled" classname="EdFi.Ods.Tests.EdFi.Ods.Messaging.When_processing_a_message_for_which_no_matching_handler_can_be_found" runstate="Runnable" result="Passed" duration="0.000228" asserts="0" />
                </test-suite>
                <test-suite type="TestFixture" id="6-1105" name="When_processing_a_message_with_a_multiple_matching_handlers" fullname="EdFi.Ods.Tests.EdFi.Ods.Messaging.When_processing_a_message_with_a_multiple_matching_handlers" classname="EdFi.Ods.Tests.EdFi.Ods.Messaging.When_processing_a_message_with_a_multiple_matching_handlers" runstate="Runnable" testcasecount="4" result="Passed" duration="0.019674" total="4" passed="0" failed="0" inconclusive="0" skipped="0" asserts="0">
                  <test-case id="6-1106" name="Should_handle_the_message" fullname="EdFi.Ods.Tests.EdFi.Ods.Messaging.When_processing_a_message_with_a_multiple_matching_handlers.Should_handle_the_message" methodname="Should_handle_the_message" classname="EdFi.Ods.Tests.EdFi.Ods.Messaging.When_processing_a_message_with_a_multiple_matching_handlers" runstate="Runnable" result="Passed" duration="0.000395" asserts="0" />
                  <test-case id="6-1108" name="Should_handle_the_message_with_each_matching_handler" fullname="EdFi.Ods.Tests.EdFi.Ods.Messaging.When_processing_a_message_with_a_multiple_matching_handlers.Should_handle_the_message_with_each_matching_handler" methodname="Should_handle_the_message_with_each_matching_handler" classname="EdFi.Ods.Tests.EdFi.Ods.Messaging.When_processing_a_message_with_a_multiple_matching_handlers" runstate="Runnable" result="Passed" duration="0.000447" asserts="0" />
                  <test-case id="6-1107" name="Should_indicate_that_message_was_handled" fullname="EdFi.Ods.Tests.EdFi.Ods.Messaging.When_processing_a_message_with_a_multiple_matching_handlers.Should_indicate_that_message_was_handled" methodname="Should_indicate_that_message_was_handled" classname="EdFi.Ods.Tests.EdFi.Ods.Messaging.When_processing_a_message_with_a_multiple_matching_handlers" runstate="Runnable" result="Passed" duration="0.000319" asserts="0" />
                  <test-case id="6-1109" name="Should_not_be_processed_by_non_matching_handler" fullname="EdFi.Ods.Tests.EdFi.Ods.Messaging.When_processing_a_message_with_a_multiple_matching_handlers.Should_not_be_processed_by_non_matching_handler" methodname="Should_not_be_processed_by_non_matching_handler" classname="EdFi.Ods.Tests.EdFi.Ods.Messaging.When_processing_a_message_with_a_multiple_matching_handlers" runstate="Runnable" result="Passed" duration="0.000383" asserts="0" />
                </test-suite>
                <test-suite type="TestFixture" id="6-1110" name="When_processing_a_message_with_multiple_matching_handlers_where_an_exception_occurs" fullname="EdFi.Ods.Tests.EdFi.Ods.Messaging.When_processing_a_message_with_multiple_matching_handlers_where_an_exception_occurs" classname="EdFi.Ods.Tests.EdFi.Ods.Messaging.When_processing_a_message_with_multiple_matching_handlers_where_an_exception_occurs" runstate="Runnable" testcasecount="3" result="Passed" duration="0.206290" total="3" passed="0" failed="0" inconclusive="0" skipped="0" asserts="0">
                  <test-case id="6-1111" name="Should_handle_the_message" fullname="EdFi.Ods.Tests.EdFi.Ods.Messaging.When_processing_a_message_with_multiple_matching_handlers_where_an_exception_occurs.Should_handle_the_message" methodname="Should_handle_the_message" classname="EdFi.Ods.Tests.EdFi.Ods.Messaging.When_processing_a_message_with_multiple_matching_handlers_where_an_exception_occurs" runstate="Runnable" result="Passed" duration="0.000427" asserts="0" />
                  <test-case id="6-1113" name="Should_handle_the_message_with_all_matching_handler" fullname="EdFi.Ods.Tests.EdFi.Ods.Messaging.When_processing_a_message_with_multiple_matching_handlers_where_an_exception_occurs.Should_handle_the_message_with_all_matching_handler" methodname="Should_handle_the_message_with_all_matching_handler" classname="EdFi.Ods.Tests.EdFi.Ods.Messaging.When_processing_a_message_with_multiple_matching_handlers_where_an_exception_occurs" runstate="Runnable" result="Passed" duration="0.000746" asserts="0" />
                  <test-case id="6-1112" name="Should_throw_an_aggregate_exception" fullname="EdFi.Ods.Tests.EdFi.Ods.Messaging.When_processing_a_message_with_multiple_matching_handlers_where_an_exception_occurs.Should_throw_an_aggregate_exception" methodname="Should_throw_an_aggregate_exception" classname="EdFi.Ods.Tests.EdFi.Ods.Messaging.When_processing_a_message_with_multiple_matching_handlers_where_an_exception_occurs" runstate="Runnable" result="Passed" duration="0.003135" asserts="1" />
                </test-suite>
              </test-suite>
              <test-suite type="Namespace" id="6-3380" name="Pipelines" fullname="EdFi.Ods.Tests.EdFi.Ods.Pipelines" runstate="Runnable" testcasecount="12" result="Passed" duration="0.044653" total="12" passed="0" failed="0" inconclusive="0" skipped="0" asserts="0">
                <test-suite type="Namespace" id="6-3381" name="Steps" fullname="EdFi.Ods.Tests.EdFi.Ods.Pipelines.Steps" runstate="Runnable" testcasecount="12" result="Passed" duration="0.044332" total="12" passed="0" failed="0" inconclusive="0" skipped="0" asserts="0">
                  <test-suite type="TestFixture" id="6-2111" name="PersistModelTests+When_etag_provider_throws_an_exception" fullname="EdFi.Ods.Tests.EdFi.Ods.Pipelines.Steps.PersistModelTests+When_etag_provider_throws_an_exception" classname="EdFi.Ods.Tests.EdFi.Ods.Pipelines.Steps.PersistModelTests+When_etag_provider_throws_an_exception" runstate="Runnable" testcasecount="2" result="Passed" duration="0.026478" total="2" passed="0" failed="0" inconclusive="0" skipped="0" asserts="0">
                    <test-case id="6-2112" name="Should_include_exception_in_result" fullname="EdFi.Ods.Tests.EdFi.Ods.Pipelines.Steps.PersistModelTests+When_etag_provider_throws_an_exception.Should_include_exception_in_result" methodname="Should_include_exception_in_result" classname="EdFi.Ods.Tests.EdFi.Ods.Pipelines.Steps.PersistModelTests+When_etag_provider_throws_an_exception" runstate="Runnable" result="Passed" duration="0.000490" asserts="0" />
                    <test-case id="6-2113" name="Should_indicate_resource_was_persisted" fullname="EdFi.Ods.Tests.EdFi.Ods.Pipelines.Steps.PersistModelTests+When_etag_provider_throws_an_exception.Should_indicate_resource_was_persisted" methodname="Should_indicate_resource_was_persisted" classname="EdFi.Ods.Tests.EdFi.Ods.Pipelines.Steps.PersistModelTests+When_etag_provider_throws_an_exception" runstate="Runnable" result="Passed" duration="0.000421" asserts="0" />
                  </test-suite>
                  <test-suite type="TestFixture" id="6-2101" name="PersistModelTests+When_resource_is_created" fullname="EdFi.Ods.Tests.EdFi.Ods.Pipelines.Steps.PersistModelTests+When_resource_is_created" classname="EdFi.Ods.Tests.EdFi.Ods.Pipelines.Steps.PersistModelTests+When_resource_is_created" runstate="Runnable" testcasecount="3" result="Passed" duration="0.004076" total="3" passed="0" failed="0" inconclusive="0" skipped="0" asserts="0">
                    <test-case id="6-2103" name="Should_indicate_resource_was_created" fullname="EdFi.Ods.Tests.EdFi.Ods.Pipelines.Steps.PersistModelTests+When_resource_is_created.Should_indicate_resource_was_created" methodname="Should_indicate_resource_was_created" classname="EdFi.Ods.Tests.EdFi.Ods.Pipelines.Steps.PersistModelTests+When_resource_is_created" runstate="Runnable" result="Passed" duration="0.000292" asserts="0" />
                    <test-case id="6-2104" name="Should_indicate_resource_was_not_updated" fullname="EdFi.Ods.Tests.EdFi.Ods.Pipelines.Steps.PersistModelTests+When_resource_is_created.Should_indicate_resource_was_not_updated" methodname="Should_indicate_resource_was_not_updated" classname="EdFi.Ods.Tests.EdFi.Ods.Pipelines.Steps.PersistModelTests+When_resource_is_created" runstate="Runnable" result="Passed" duration="0.000283" asserts="0" />
                    <test-case id="6-2102" name="Should_still_indicate_resource_was_persisted" fullname="EdFi.Ods.Tests.EdFi.Ods.Pipelines.Steps.PersistModelTests+When_resource_is_created.Should_still_indicate_resource_was_persisted" methodname="Should_still_indicate_resource_was_persisted" classname="EdFi.Ods.Tests.EdFi.Ods.Pipelines.Steps.PersistModelTests+When_resource_is_created" runstate="Runnable" result="Passed" duration="0.000269" asserts="0" />
                  </test-suite>
                  <test-suite type="TestFixture" id="6-2105" name="PersistModelTests+When_resource_is_modified" fullname="EdFi.Ods.Tests.EdFi.Ods.Pipelines.Steps.PersistModelTests+When_resource_is_modified" classname="EdFi.Ods.Tests.EdFi.Ods.Pipelines.Steps.PersistModelTests+When_resource_is_modified" runstate="Runnable" testcasecount="3" result="Passed" duration="0.003342" total="3" passed="0" failed="0" inconclusive="0" skipped="0" asserts="0">
                    <test-case id="6-2107" name="Should_indicate_resource_was_not_created" fullname="EdFi.Ods.Tests.EdFi.Ods.Pipelines.Steps.PersistModelTests+When_resource_is_modified.Should_indicate_resource_was_not_created" methodname="Should_indicate_resource_was_not_created" classname="EdFi.Ods.Tests.EdFi.Ods.Pipelines.Steps.PersistModelTests+When_resource_is_modified" runstate="Runnable" result="Passed" duration="0.000234" asserts="0" />
                    <test-case id="6-2108" name="Should_indicate_resource_was_updated" fullname="EdFi.Ods.Tests.EdFi.Ods.Pipelines.Steps.PersistModelTests+When_resource_is_modified.Should_indicate_resource_was_updated" methodname="Should_indicate_resource_was_updated" classname="EdFi.Ods.Tests.EdFi.Ods.Pipelines.Steps.PersistModelTests+When_resource_is_modified" runstate="Runnable" result="Passed" duration="0.000247" asserts="0" />
                    <test-case id="6-2106" name="Should_still_indicate_resource_was_persisted" fullname="EdFi.Ods.Tests.EdFi.Ods.Pipelines.Steps.PersistModelTests+When_resource_is_modified.Should_still_indicate_resource_was_persisted" methodname="Should_still_indicate_resource_was_persisted" classname="EdFi.Ods.Tests.EdFi.Ods.Pipelines.Steps.PersistModelTests+When_resource_is_modified" runstate="Runnable" result="Passed" duration="0.000244" asserts="0" />
                  </test-suite>
                  <test-suite type="TestFixture" id="6-2097" name="PersistModelTests+When_resource_is_neither_updated_nor_created" fullname="EdFi.Ods.Tests.EdFi.Ods.Pipelines.Steps.PersistModelTests+When_resource_is_neither_updated_nor_created" classname="EdFi.Ods.Tests.EdFi.Ods.Pipelines.Steps.PersistModelTests+When_resource_is_neither_updated_nor_created" runstate="Runnable" testcasecount="3" result="Passed" duration="0.003514" total="3" passed="0" failed="0" inconclusive="0" skipped="0" asserts="0">
                    <test-case id="6-2099" name="Should_indicate_resource_was_not_created" fullname="EdFi.Ods.Tests.EdFi.Ods.Pipelines.Steps.PersistModelTests+When_resource_is_neither_updated_nor_created.Should_indicate_resource_was_not_created" methodname="Should_indicate_resource_was_not_created" classname="EdFi.Ods.Tests.EdFi.Ods.Pipelines.Steps.PersistModelTests+When_resource_is_neither_updated_nor_created" runstate="Runnable" result="Passed" duration="0.000247" asserts="0" />
                    <test-case id="6-2100" name="Should_indicate_resource_was_not_updated" fullname="EdFi.Ods.Tests.EdFi.Ods.Pipelines.Steps.PersistModelTests+When_resource_is_neither_updated_nor_created.Should_indicate_resource_was_not_updated" methodname="Should_indicate_resource_was_not_updated" classname="EdFi.Ods.Tests.EdFi.Ods.Pipelines.Steps.PersistModelTests+When_resource_is_neither_updated_nor_created" runstate="Runnable" result="Passed" duration="0.000358" asserts="0" />
                    <test-case id="6-2098" name="Should_still_indicate_resource_was_persisted" fullname="EdFi.Ods.Tests.EdFi.Ods.Pipelines.Steps.PersistModelTests+When_resource_is_neither_updated_nor_created.Should_still_indicate_resource_was_persisted" methodname="Should_still_indicate_resource_was_persisted" classname="EdFi.Ods.Tests.EdFi.Ods.Pipelines.Steps.PersistModelTests+When_resource_is_neither_updated_nor_created" runstate="Runnable" result="Passed" duration="0.000344" asserts="0" />
                  </test-suite>
                  <test-suite type="TestFixture" id="6-2109" name="PersistModelTests+When_the_respository_throws_an_exception" fullname="EdFi.Ods.Tests.EdFi.Ods.Pipelines.Steps.PersistModelTests+When_the_respository_throws_an_exception" classname="EdFi.Ods.Tests.EdFi.Ods.Pipelines.Steps.PersistModelTests+When_the_respository_throws_an_exception" runstate="Runnable" testcasecount="1" result="Passed" duration="0.002165" total="1" passed="0" failed="0" inconclusive="0" skipped="0" asserts="0">
                    <test-case id="6-2110" name="Should_not_indicate_resource_was_persisted" fullname="EdFi.Ods.Tests.EdFi.Ods.Pipelines.Steps.PersistModelTests+When_the_respository_throws_an_exception.Should_not_indicate_resource_was_persisted" methodname="Should_not_indicate_resource_was_persisted" classname="EdFi.Ods.Tests.EdFi.Ods.Pipelines.Steps.PersistModelTests+When_the_respository_throws_an_exception" runstate="Runnable" result="Passed" duration="0.000263" asserts="0" />
                  </test-suite>
                </test-suite>
              </test-suite>
              <test-suite type="Namespace" id="6-3318" name="Repositories" fullname="EdFi.Ods.Tests.EdFi.Ods.Repositories" runstate="Runnable" testcasecount="30" result="Passed" duration="0.190010" total="30" passed="0" failed="0" inconclusive="0" skipped="0" asserts="0">
                <test-suite type="Namespace" id="6-3319" name="Common" fullname="EdFi.Ods.Tests.EdFi.Ods.Repositories.Common" runstate="Runnable" testcasecount="13" result="Passed" duration="0.154935" total="13" passed="0" failed="0" inconclusive="0" skipped="0" asserts="0">
                  <test-suite type="TestFixture" id="6-1164" name="When_Validating_A_Chunk_Post_Request" fullname="EdFi.Ods.Tests.EdFi.Ods.Repositories.Common.When_Validating_A_Chunk_Post_Request" classname="EdFi.Ods.Tests.EdFi.Ods.Repositories.Common.When_Validating_A_Chunk_Post_Request" runstate="Runnable" testcasecount="3" result="Passed" duration="0.055472" total="3" passed="0" failed="0" inconclusive="0" skipped="0" asserts="0">
                    <test-case id="6-1167" name="And_The_Upload_Does_Not_Exist_Should_Return_Errors" fullname="EdFi.Ods.Tests.EdFi.Ods.Repositories.Common.When_Validating_A_Chunk_Post_Request.And_The_Upload_Does_Not_Exist_Should_Return_Errors" methodname="And_The_Upload_Does_Not_Exist_Should_Return_Errors" classname="EdFi.Ods.Tests.EdFi.Ods.Repositories.Common.When_Validating_A_Chunk_Post_Request" runstate="Runnable" result="Passed" duration="0.048430" asserts="0" />
                    <test-case id="6-1166" name="And_The_Upload_Exists_And_Offset_Plus_Size_Exceeds_Total_File_Size_Should_Return_Errors" fullname="EdFi.Ods.Tests.EdFi.Ods.Repositories.Common.When_Validating_A_Chunk_Post_Request.And_The_Upload_Exists_And_Offset_Plus_Size_Exceeds_Total_File_Size_Should_Return_Errors" methodname="And_The_Upload_Exists_And_Offset_Plus_Size_Exceeds_Total_File_Size_Should_Return_Errors" classname="EdFi.Ods.Tests.EdFi.Ods.Repositories.Common.When_Validating_A_Chunk_Post_Request" runstate="Runnable" result="Passed" duration="0.002413" asserts="0" />
                    <test-case id="6-1165" name="And_The_Upload_Exists_And_The_Offset_Plus_Size_Is_Less_Than_Total_File_Size_Should_Return_Valid" fullname="EdFi.Ods.Tests.EdFi.Ods.Repositories.Common.When_Validating_A_Chunk_Post_Request.And_The_Upload_Exists_And_The_Offset_Plus_Size_Is_Less_Than_Total_File_Size_Should_Return_Valid" methodname="And_The_Upload_Exists_And_The_Offset_Plus_Size_Is_Less_Than_Total_File_Size_Should_Return_Valid" classname="EdFi.Ods.Tests.EdFi.Ods.Repositories.Common.When_Validating_A_Chunk_Post_Request" runstate="Runnable" result="Passed" duration="0.002694" asserts="0" />
                  </test-suite>
                  <test-suite type="TestFixture" id="6-1159" name="When_Validating_A_Completed_Upload" fullname="EdFi.Ods.Tests.EdFi.Ods.Repositories.Common.When_Validating_A_Completed_Upload" classname="EdFi.Ods.Tests.EdFi.Ods.Repositories.Common.When_Validating_A_Completed_Upload" runstate="Runnable" testcasecount="2" result="Passed" duration="0.005527" total="2" passed="0" failed="0" inconclusive="0" skipped="0" asserts="0">
                    <test-case id="6-1161" name="And_the_File_Exists" fullname="EdFi.Ods.Tests.EdFi.Ods.Repositories.Common.When_Validating_A_Completed_Upload.And_the_File_Exists" methodname="And_the_File_Exists" classname="EdFi.Ods.Tests.EdFi.Ods.Repositories.Common.When_Validating_A_Completed_Upload" runstate="Runnable" result="Passed" duration="0.002900" asserts="0" />
                    <test-case id="6-1160" name="And_the_File_Has_Expired_Or_Completed_Processing" fullname="EdFi.Ods.Tests.EdFi.Ods.Repositories.Common.When_Validating_A_Completed_Upload.And_the_File_Has_Expired_Or_Completed_Processing" methodname="And_the_File_Has_Expired_Or_Completed_Processing" classname="EdFi.Ods.Tests.EdFi.Ods.Repositories.Common.When_Validating_A_Completed_Upload" runstate="Runnable" result="Passed" duration="0.001498" asserts="0" />
                  </test-suite>
                  <test-suite type="TestFixture" id="6-1162" name="When_validating_a_post_chunk_with_non_matching_school_year" fullname="EdFi.Ods.Tests.EdFi.Ods.Repositories.Common.When_validating_a_post_chunk_with_non_matching_school_year" classname="EdFi.Ods.Tests.EdFi.Ods.Repositories.Common.When_validating_a_post_chunk_with_non_matching_school_year" runstate="Runnable" testcasecount="1" result="Passed" duration="0.003041" total="1" passed="0" failed="0" inconclusive="0" skipped="0" asserts="0">
                    <test-case id="6-1163" name="Should_return_year_mismatch_error" fullname="EdFi.Ods.Tests.EdFi.Ods.Repositories.Common.When_validating_a_post_chunk_with_non_matching_school_year.Should_return_year_mismatch_error" methodname="Should_return_year_mismatch_error" classname="EdFi.Ods.Tests.EdFi.Ods.Repositories.Common.When_validating_a_post_chunk_with_non_matching_school_year" runstate="Runnable" result="Passed" duration="0.002603" asserts="0" />
                  </test-suite>
                  <test-suite type="TestFixture" id="6-1151" name="When_validating_BulkOperationCreateRequest_object" fullname="EdFi.Ods.Tests.EdFi.Ods.Repositories.Common.When_validating_BulkOperationCreateRequest_object" classname="EdFi.Ods.Tests.EdFi.Ods.Repositories.Common.When_validating_BulkOperationCreateRequest_object" runstate="Runnable" testcasecount="7" result="Passed" duration="0.087127" total="7" passed="0" failed="0" inconclusive="0" skipped="0" asserts="0">
                    <test-case id="6-1156" name="Should_return_error_when_file_format_is_invalid" fullname="EdFi.Ods.Tests.EdFi.Ods.Repositories.Common.When_validating_BulkOperationCreateRequest_object.Should_return_error_when_file_format_is_invalid" methodname="Should_return_error_when_file_format_is_invalid" classname="EdFi.Ods.Tests.EdFi.Ods.Repositories.Common.When_validating_BulkOperationCreateRequest_object" runstate="Runnable" result="Passed" duration="0.069793" asserts="0" />
                    <test-case id="6-1155" name="Should_return_error_when_file_format_is_not_provided" fullname="EdFi.Ods.Tests.EdFi.Ods.Repositories.Common.When_validating_BulkOperationCreateRequest_object.Should_return_error_when_file_format_is_not_provided" methodname="Should_return_error_when_file_format_is_not_provided" classname="EdFi.Ods.Tests.EdFi.Ods.Repositories.Common.When_validating_BulkOperationCreateRequest_object" runstate="Runnable" result="Passed" duration="0.002181" asserts="0" />
                    <test-case id="6-1158" name="Should_return_error_when_interchange_type_is_invalid" fullname="EdFi.Ods.Tests.EdFi.Ods.Repositories.Common.When_validating_BulkOperationCreateRequest_object.Should_return_error_when_interchange_type_is_invalid" methodname="Should_return_error_when_interchange_type_is_invalid" classname="EdFi.Ods.Tests.EdFi.Ods.Repositories.Common.When_validating_BulkOperationCreateRequest_object" runstate="Runnable" result="Passed" duration="0.002478" asserts="0" />
                    <test-case id="6-1157" name="Should_return_error_when_interchange_type_is_not_provided" fullname="EdFi.Ods.Tests.EdFi.Ods.Repositories.Common.When_validating_BulkOperationCreateRequest_object.Should_return_error_when_interchange_type_is_not_provided" methodname="Should_return_error_when_interchange_type_is_not_provided" classname="EdFi.Ods.Tests.EdFi.Ods.Repositories.Common.When_validating_BulkOperationCreateRequest_object" runstate="Runnable" result="Passed" duration="0.002101" asserts="0" />
                    <test-case id="6-1153" name="Should_return_error_when_UploadFiles_is_empty" fullname="EdFi.Ods.Tests.EdFi.Ods.Repositories.Common.When_validating_BulkOperationCreateRequest_object.Should_return_error_when_UploadFiles_is_empty" methodname="Should_return_error_when_UploadFiles_is_empty" classname="EdFi.Ods.Tests.EdFi.Ods.Repositories.Common.When_validating_BulkOperationCreateRequest_object" runstate="Runnable" result="Passed" duration="0.002120" asserts="0" />
                    <test-case id="6-1154" name="Should_return_error_when_UploadFiles_is_null" fullname="EdFi.Ods.Tests.EdFi.Ods.Repositories.Common.When_validating_BulkOperationCreateRequest_object.Should_return_error_when_UploadFiles_is_null" methodname="Should_return_error_when_UploadFiles_is_null" classname="EdFi.Ods.Tests.EdFi.Ods.Repositories.Common.When_validating_BulkOperationCreateRequest_object" runstate="Runnable" result="Passed" duration="0.001621" asserts="0" />
                    <test-case id="6-1152" name="Should_return_no_errors_given_a_valid_object" fullname="EdFi.Ods.Tests.EdFi.Ods.Repositories.Common.When_validating_BulkOperationCreateRequest_object.Should_return_no_errors_given_a_valid_object" methodname="Should_return_no_errors_given_a_valid_object" classname="EdFi.Ods.Tests.EdFi.Ods.Repositories.Common.When_validating_BulkOperationCreateRequest_object" runstate="Runnable" result="Passed" duration="0.001506" asserts="0" />
                  </test-suite>
                </test-suite>
                <test-suite type="Namespace" id="6-3320" name="NHibernate" fullname="EdFi.Ods.Tests.EdFi.Ods.Repositories.NHibernate" runstate="Runnable" testcasecount="17" result="Passed" duration="0.032478" total="17" passed="0" failed="0" inconclusive="0" skipped="0" asserts="0">
                  <test-suite type="Namespace" id="6-3321" name="Composites" fullname="EdFi.Ods.Tests.EdFi.Ods.Repositories.NHibernate.Composites" runstate="Runnable" testcasecount="17" result="Passed" duration="0.032230" total="17" passed="0" failed="0" inconclusive="0" skipped="0" asserts="0">
                    <test-suite type="TestFixture" id="6-1168" name="When_parsing_an_expression_that_includes_one_member_with_children" fullname="EdFi.Ods.Tests.EdFi.Ods.Repositories.NHibernate.Composites.When_parsing_an_expression_that_includes_one_member_with_children" classname="EdFi.Ods.Tests.EdFi.Ods.Repositories.NHibernate.Composites.When_parsing_an_expression_that_includes_one_member_with_children" runstate="Runnable" testcasecount="17" result="Passed" duration="0.031871" total="17" passed="0" failed="0" inconclusive="0" skipped="0" asserts="0">
                      <test-case id="6-1180" name="Should_allow_use_of_alpha_numeric_characters_and_underscores_in_property_names" fullname="EdFi.Ods.Tests.EdFi.Ods.Repositories.NHibernate.Composites.When_parsing_an_expression_that_includes_one_member_with_children.Should_allow_use_of_alpha_numeric_characters_and_underscores_in_property_names" methodname="Should_allow_use_of_alpha_numeric_characters_and_underscores_in_property_names" classname="EdFi.Ods.Tests.EdFi.Ods.Repositories.NHibernate.Composites.When_parsing_an_expression_that_includes_one_member_with_children" runstate="Runnable" result="Passed" duration="0.004225" asserts="1" />
                      <test-case id="6-1185" name="Should_be_tolerant_of_spaces_around_field_names" fullname="EdFi.Ods.Tests.EdFi.Ods.Repositories.NHibernate.Composites.When_parsing_an_expression_that_includes_one_member_with_children.Should_be_tolerant_of_spaces_around_field_names" methodname="Should_be_tolerant_of_spaces_around_field_names" classname="EdFi.Ods.Tests.EdFi.Ods.Repositories.NHibernate.Composites.When_parsing_an_expression_that_includes_one_member_with_children" runstate="Runnable" result="Passed" duration="0.000763" asserts="1" />
                      <test-case id="6-1171" name="Should_parse_expressions_that_select_members_with_all_children_included" fullname="EdFi.Ods.Tests.EdFi.Ods.Repositories.NHibernate.Composites.When_parsing_an_expression_that_includes_one_member_with_children.Should_parse_expressions_that_select_members_with_all_children_included" methodname="Should_parse_expressions_that_select_members_with_all_children_included" classname="EdFi.Ods.Tests.EdFi.Ods.Repositories.NHibernate.Composites.When_parsing_an_expression_that_includes_one_member_with_children" runstate="Runnable" result="Passed" duration="0.001000" asserts="5" />
                      <test-case id="6-1172" name="Should_parse_expressions_that_select_members_with_specific_children_included" fullname="EdFi.Ods.Tests.EdFi.Ods.Repositories.NHibernate.Composites.When_parsing_an_expression_that_includes_one_member_with_children.Should_parse_expressions_that_select_members_with_specific_children_included" methodname="Should_parse_expressions_that_select_members_with_specific_children_included" classname="EdFi.Ods.Tests.EdFi.Ods.Repositories.NHibernate.Composites.When_parsing_an_expression_that_includes_one_member_with_children" runstate="Runnable" result="Passed" duration="0.001576" asserts="5" />
                      <test-case id="6-1173" name="Should_parse_expressions_that_select_members_with_specific_children_included_without_being_sensitive_to_leading_spaces" fullname="EdFi.Ods.Tests.EdFi.Ods.Repositories.NHibernate.Composites.When_parsing_an_expression_that_includes_one_member_with_children.Should_parse_expressions_that_select_members_with_specific_children_included_without_being_sensitive_to_leading_spaces" methodname="Should_parse_expressions_that_select_members_with_specific_children_included_without_being_sensitive_to_leading_spaces" classname="EdFi.Ods.Tests.EdFi.Ods.Repositories.NHibernate.Composites.When_parsing_an_expression_that_includes_one_member_with_children" runstate="Runnable" result="Passed" duration="0.001162" asserts="5" />
                      <test-case id="6-1174" name="Should_parse_expressions_that_select_members_with_specific_descendants_included" fullname="EdFi.Ods.Tests.EdFi.Ods.Repositories.NHibernate.Composites.When_parsing_an_expression_that_includes_one_member_with_children.Should_parse_expressions_that_select_members_with_specific_descendants_included" methodname="Should_parse_expressions_that_select_members_with_specific_descendants_included" classname="EdFi.Ods.Tests.EdFi.Ods.Repositories.NHibernate.Composites.When_parsing_an_expression_that_includes_one_member_with_children" runstate="Runnable" result="Passed" duration="0.002238" asserts="8" />
                      <test-case id="6-1169" name="Should_parse_expressions_that_select_top_level_properties" fullname="EdFi.Ods.Tests.EdFi.Ods.Repositories.NHibernate.Composites.When_parsing_an_expression_that_includes_one_member_with_children.Should_parse_expressions_that_select_top_level_properties" methodname="Should_parse_expressions_that_select_top_level_properties" classname="EdFi.Ods.Tests.EdFi.Ods.Repositories.NHibernate.Composites.When_parsing_an_expression_that_includes_one_member_with_children" runstate="Runnable" result="Passed" duration="0.000700" asserts="5" />
                      <test-case id="6-1170" name="Should_parse_expressions_that_select_top_level_properties_even_with_trailing_spaces_in_the_expression" fullname="EdFi.Ods.Tests.EdFi.Ods.Repositories.NHibernate.Composites.When_parsing_an_expression_that_includes_one_member_with_children.Should_parse_expressions_that_select_top_level_properties_even_with_trailing_spaces_in_the_expression" methodname="Should_parse_expressions_that_select_top_level_properties_even_with_trailing_spaces_in_the_expression" classname="EdFi.Ods.Tests.EdFi.Ods.Repositories.NHibernate.Composites.When_parsing_an_expression_that_includes_one_member_with_children" runstate="Runnable" result="Passed" duration="0.000977" asserts="5" />
                      <test-case id="6-1181" name="Should_skip_empty_property_names" fullname="EdFi.Ods.Tests.EdFi.Ods.Repositories.NHibernate.Composites.When_parsing_an_expression_that_includes_one_member_with_children.Should_skip_empty_property_names" methodname="Should_skip_empty_property_names" classname="EdFi.Ods.Tests.EdFi.Ods.Repositories.NHibernate.Composites.When_parsing_an_expression_that_includes_one_member_with_children" runstate="Runnable" result="Passed" duration="0.000835" asserts="3" />
                      <test-case id="6-1184" name="Should_skip_trailing_empty_property_names" fullname="EdFi.Ods.Tests.EdFi.Ods.Repositories.NHibernate.Composites.When_parsing_an_expression_that_includes_one_member_with_children.Should_skip_trailing_empty_property_names" methodname="Should_skip_trailing_empty_property_names" classname="EdFi.Ods.Tests.EdFi.Ods.Repositories.NHibernate.Composites.When_parsing_an_expression_that_includes_one_member_with_children" runstate="Runnable" result="Passed" duration="0.000408" asserts="1" />
                      <test-case id="6-1176" name="Should_throw_exception_for_too_many_close_parenthesis" fullname="EdFi.Ods.Tests.EdFi.Ods.Repositories.NHibernate.Composites.When_parsing_an_expression_that_includes_one_member_with_children.Should_throw_exception_for_too_many_close_parenthesis" methodname="Should_throw_exception_for_too_many_close_parenthesis" classname="EdFi.Ods.Tests.EdFi.Ods.Repositories.NHibernate.Composites.When_parsing_an_expression_that_includes_one_member_with_children" runstate="Runnable" result="Passed" duration="0.000662" asserts="0" />
                      <test-case id="6-1175" name="Should_throw_exception_for_unclosed_parenthesis" fullname="EdFi.Ods.Tests.EdFi.Ods.Repositories.NHibernate.Composites.When_parsing_an_expression_that_includes_one_member_with_children.Should_throw_exception_for_unclosed_parenthesis" methodname="Should_throw_exception_for_unclosed_parenthesis" classname="EdFi.Ods.Tests.EdFi.Ods.Repositories.NHibernate.Composites.When_parsing_an_expression_that_includes_one_member_with_children" runstate="Runnable" result="Passed" duration="0.000542" asserts="0" />
                      <test-case id="6-1177" name="Should_throw_exception_for_use_of_non_alpha_numeric_characters_in_a_property_names" fullname="EdFi.Ods.Tests.EdFi.Ods.Repositories.NHibernate.Composites.When_parsing_an_expression_that_includes_one_member_with_children.Should_throw_exception_for_use_of_non_alpha_numeric_characters_in_a_property_names" methodname="Should_throw_exception_for_use_of_non_alpha_numeric_characters_in_a_property_names" classname="EdFi.Ods.Tests.EdFi.Ods.Repositories.NHibernate.Composites.When_parsing_an_expression_that_includes_one_member_with_children" runstate="Runnable" result="Passed" duration="0.000587" asserts="0" />
                      <test-case id="6-1182" name="Should_throw_exception_if_child_fields_expression_is_empty" fullname="EdFi.Ods.Tests.EdFi.Ods.Repositories.NHibernate.Composites.When_parsing_an_expression_that_includes_one_member_with_children.Should_throw_exception_if_child_fields_expression_is_empty" methodname="Should_throw_exception_if_child_fields_expression_is_empty" classname="EdFi.Ods.Tests.EdFi.Ods.Repositories.NHibernate.Composites.When_parsing_an_expression_that_includes_one_member_with_children" runstate="Runnable" result="Passed" duration="0.000606" asserts="0" />
                      <test-case id="6-1183" name="Should_throw_exception_if_grandchild_fields_expression_is_empty" fullname="EdFi.Ods.Tests.EdFi.Ods.Repositories.NHibernate.Composites.When_parsing_an_expression_that_includes_one_member_with_children.Should_throw_exception_if_grandchild_fields_expression_is_empty" methodname="Should_throw_exception_if_grandchild_fields_expression_is_empty" classname="EdFi.Ods.Tests.EdFi.Ods.Repositories.NHibernate.Composites.When_parsing_an_expression_that_includes_one_member_with_children" runstate="Runnable" result="Passed" duration="0.000584" asserts="0" />
                      <test-case id="6-1178" name="Should_throw_exception_if_the_fields_expression_is_empty" fullname="EdFi.Ods.Tests.EdFi.Ods.Repositories.NHibernate.Composites.When_parsing_an_expression_that_includes_one_member_with_children.Should_throw_exception_if_the_fields_expression_is_empty" methodname="Should_throw_exception_if_the_fields_expression_is_empty" classname="EdFi.Ods.Tests.EdFi.Ods.Repositories.NHibernate.Composites.When_parsing_an_expression_that_includes_one_member_with_children" runstate="Runnable" result="Passed" duration="0.000528" asserts="0" />
                      <test-case id="6-1179" name="Should_throw_exception_if_the_fields_expression_is_null" fullname="EdFi.Ods.Tests.EdFi.Ods.Repositories.NHibernate.Composites.When_parsing_an_expression_that_includes_one_member_with_children.Should_throw_exception_if_the_fields_expression_is_null" methodname="Should_throw_exception_if_the_fields_expression_is_null" classname="EdFi.Ods.Tests.EdFi.Ods.Repositories.NHibernate.Composites.When_parsing_an_expression_that_includes_one_member_with_children" runstate="Runnable" result="Passed" duration="0.000701" asserts="0" />
                    </test-suite>
                  </test-suite>
                </test-suite>
              </test-suite>
              <test-suite type="Namespace" id="6-3314" name="Security" fullname="EdFi.Ods.Tests.EdFi.Ods.Security" runstate="Runnable" testcasecount="135" result="Passed" duration="1.595700" total="135" passed="0" failed="0" inconclusive="0" skipped="0" asserts="0">
                <test-suite type="Namespace" id="6-3315" name="Authorization" fullname="EdFi.Ods.Tests.EdFi.Ods.Security.Authorization" runstate="Runnable" testcasecount="106" result="Passed" duration="1.031036" total="106" passed="0" failed="0" inconclusive="0" skipped="0" asserts="0">
                  <test-suite type="TestFixture" id="6-1133" name="AssessmentMetadataAuthorizationTests" fullname="EdFi.Ods.Tests.EdFi.Ods.Security.Authorization.AssessmentMetadataAuthorizationTests" classname="EdFi.Ods.Tests.EdFi.Ods.Security.Authorization.AssessmentMetadataAuthorizationTests" runstate="Runnable" testcasecount="3" result="Passed" duration="0.036750" total="3" passed="0" failed="0" inconclusive="0" skipped="0" asserts="0">
                    <test-case id="6-1134" name="AssessmentMetadataAuthorization_EmptyNamespaceClaim" fullname="EdFi.Ods.Tests.EdFi.Ods.Security.Authorization.AssessmentMetadataAuthorizationTests.AssessmentMetadataAuthorization_EmptyNamespaceClaim" methodname="AssessmentMetadataAuthorization_EmptyNamespaceClaim" classname="EdFi.Ods.Tests.EdFi.Ods.Security.Authorization.AssessmentMetadataAuthorizationTests" runstate="Runnable" result="Passed" duration="0.023353" asserts="0" />
                    <test-case id="6-1135" name="AssessmentMetadataAuthorization_EmptyResourceNamespace" fullname="EdFi.Ods.Tests.EdFi.Ods.Security.Authorization.AssessmentMetadataAuthorizationTests.AssessmentMetadataAuthorization_EmptyResourceNamespace" methodname="AssessmentMetadataAuthorization_EmptyResourceNamespace" classname="EdFi.Ods.Tests.EdFi.Ods.Security.Authorization.AssessmentMetadataAuthorizationTests" runstate="Runnable" result="Passed" duration="0.009381" asserts="0" />
                    <test-case id="6-1136" name="AssessmentMetadataAuthorization_MismatchedNamespaces" fullname="EdFi.Ods.Tests.EdFi.Ods.Security.Authorization.AssessmentMetadataAuthorizationTests.AssessmentMetadataAuthorization_MismatchedNamespaces" methodname="AssessmentMetadataAuthorization_MismatchedNamespaces" classname="EdFi.Ods.Tests.EdFi.Ods.Security.Authorization.AssessmentMetadataAuthorizationTests" runstate="Runnable" result="Passed" duration="0.001867" asserts="0" />
                  </test-suite>
                  <test-suite type="TestFixture" id="6-2185" name="AssessmentMetadataAuthorizationTests+When_authorizing_assessment_metadata_using_assessment_title" fullname="EdFi.Ods.Tests.EdFi.Ods.Security.Authorization.AssessmentMetadataAuthorizationTests+When_authorizing_assessment_metadata_using_assessment_title" classname="EdFi.Ods.Tests.EdFi.Ods.Security.Authorization.AssessmentMetadataAuthorizationTests+When_authorizing_assessment_metadata_using_assessment_title" runstate="Runnable" testcasecount="1" result="Passed" duration="0.004959" total="1" passed="0" failed="0" inconclusive="0" skipped="0" asserts="0">
                    <test-case id="6-2186" name="Should_not_throw_an_exception" fullname="EdFi.Ods.Tests.EdFi.Ods.Security.Authorization.AssessmentMetadataAuthorizationTests+When_authorizing_assessment_metadata_using_assessment_title.Should_not_throw_an_exception" methodname="Should_not_throw_an_exception" classname="EdFi.Ods.Tests.EdFi.Ods.Security.Authorization.AssessmentMetadataAuthorizationTests+When_authorizing_assessment_metadata_using_assessment_title" runstate="Runnable" result="Passed" duration="0.000397" asserts="1" />
                  </test-suite>
                  <test-suite type="TestFixture" id="6-2187" name="AssessmentMetadataAuthorizationTests+When_authorizing_assessment_metadata_without_an_issued_NamespacePrefix_claim" fullname="EdFi.Ods.Tests.EdFi.Ods.Security.Authorization.AssessmentMetadataAuthorizationTests+When_authorizing_assessment_metadata_without_an_issued_NamespacePrefix_claim" classname="EdFi.Ods.Tests.EdFi.Ods.Security.Authorization.AssessmentMetadataAuthorizationTests+When_authorizing_assessment_metadata_without_an_issued_NamespacePrefix_claim" runstate="Runnable" testcasecount="1" result="Passed" duration="0.009579" total="1" passed="0" failed="0" inconclusive="0" skipped="0" asserts="0">
                    <test-case id="6-2188" name="Should_throw_an_EdFiSecurityException_indicating_access_could_not_be_authorized_due_to_missing_claim" fullname="EdFi.Ods.Tests.EdFi.Ods.Security.Authorization.AssessmentMetadataAuthorizationTests+When_authorizing_assessment_metadata_without_an_issued_NamespacePrefix_claim.Should_throw_an_EdFiSecurityException_indicating_access_could_not_be_authorized_due_to_missing_claim" methodname="Should_throw_an_EdFiSecurityException_indicating_access_could_not_be_authorized_due_to_missing_claim" classname="EdFi.Ods.Tests.EdFi.Ods.Security.Authorization.AssessmentMetadataAuthorizationTests+When_authorizing_assessment_metadata_without_an_issued_NamespacePrefix_claim" runstate="Runnable" result="Passed" duration="0.008079" asserts="2" />
                  </test-suite>
                  <test-suite type="TestFixture" id="6-2305" name="EducationOrganizationCacheTests+When_getting_ed_org_identifiers_for_non_cached_ed_org_id_in_an_asynchronously_loaded_cache_and_each_value_mapper_only_returns_the_requested_value" fullname="EdFi.Ods.Tests.EdFi.Ods.Security.Authorization.EducationOrganizationCacheTests+When_getting_ed_org_identifiers_for_non_cached_ed_org_id_in_an_asynchronously_loaded_cache_and_each_value_mapper_only_returns_the_requested_value" classname="EdFi.Ods.Tests.EdFi.Ods.Security.Authorization.EducationOrganizationCacheTests+When_getting_ed_org_identifiers_for_non_cached_ed_org_id_in_an_asynchronously_loaded_cache_and_each_value_mapper_only_returns_the_requested_value" runstate="Runnable" testcasecount="3" result="Passed" duration="0.099278" total="3" passed="0" failed="0" inconclusive="0" skipped="0" asserts="0">
                    <test-case id="6-2307" name="Should_call_ed_org_value_mapper_for_the_ed_org" fullname="EdFi.Ods.Tests.EdFi.Ods.Security.Authorization.EducationOrganizationCacheTests+When_getting_ed_org_identifiers_for_non_cached_ed_org_id_in_an_asynchronously_loaded_cache_and_each_value_mapper_only_returns_the_requested_value.Should_call_ed_org_value_mapper_for_the_ed_org" methodname="Should_call_ed_org_value_mapper_for_the_ed_org" classname="EdFi.Ods.Tests.EdFi.Ods.Security.Authorization.EducationOrganizationCacheTests+When_getting_ed_org_identifiers_for_non_cached_ed_org_id_in_an_asynchronously_loaded_cache_and_each_value_mapper_only_returns_the_requested_value" runstate="Runnable" result="Passed" duration="0.002353" asserts="0" />
                    <test-case id="6-2306" name="Should_call_edorg_data_provider_once_to_warm_the_cache" fullname="EdFi.Ods.Tests.EdFi.Ods.Security.Authorization.EducationOrganizationCacheTests+When_getting_ed_org_identifiers_for_non_cached_ed_org_id_in_an_asynchronously_loaded_cache_and_each_value_mapper_only_returns_the_requested_value.Should_call_edorg_data_provider_once_to_warm_the_cache" methodname="Should_call_edorg_data_provider_once_to_warm_the_cache" classname="EdFi.Ods.Tests.EdFi.Ods.Security.Authorization.EducationOrganizationCacheTests+When_getting_ed_org_identifiers_for_non_cached_ed_org_id_in_an_asynchronously_loaded_cache_and_each_value_mapper_only_returns_the_requested_value" runstate="Runnable" result="Passed" duration="0.003268" asserts="0" />
                    <test-case id="6-2308" name="Should_return_education_organization_values_supplied_by_edorg_data_provider" fullname="EdFi.Ods.Tests.EdFi.Ods.Security.Authorization.EducationOrganizationCacheTests+When_getting_ed_org_identifiers_for_non_cached_ed_org_id_in_an_asynchronously_loaded_cache_and_each_value_mapper_only_returns_the_requested_value.Should_return_education_organization_values_supplied_by_edorg_data_provider" methodname="Should_return_education_organization_values_supplied_by_edorg_data_provider" classname="EdFi.Ods.Tests.EdFi.Ods.Security.Authorization.EducationOrganizationCacheTests+When_getting_ed_org_identifiers_for_non_cached_ed_org_id_in_an_asynchronously_loaded_cache_and_each_value_mapper_only_returns_the_requested_value" runstate="Runnable" result="Passed" duration="0.005320" asserts="1" />
                  </test-suite>
                  <test-suite type="TestFixture" id="6-2311" name="EducationOrganizationCacheTests+When_getting_ed_org_values_for_non_cached_ed_org_ed_org_is_added_to_the_cache_for_subsequent_calls" fullname="EdFi.Ods.Tests.EdFi.Ods.Security.Authorization.EducationOrganizationCacheTests+When_getting_ed_org_values_for_non_cached_ed_org_ed_org_is_added_to_the_cache_for_subsequent_calls" classname="EdFi.Ods.Tests.EdFi.Ods.Security.Authorization.EducationOrganizationCacheTests+When_getting_ed_org_values_for_non_cached_ed_org_ed_org_is_added_to_the_cache_for_subsequent_calls" runstate="Runnable" testcasecount="2" result="Passed" duration="0.008386" total="2" passed="0" failed="0" inconclusive="0" skipped="0" asserts="0">
                    <test-case id="6-2312" name="Should_call_ed_org_value_mapper_for_the_ed_org_ids_once" fullname="EdFi.Ods.Tests.EdFi.Ods.Security.Authorization.EducationOrganizationCacheTests+When_getting_ed_org_values_for_non_cached_ed_org_ed_org_is_added_to_the_cache_for_subsequent_calls.Should_call_ed_org_value_mapper_for_the_ed_org_ids_once" methodname="Should_call_ed_org_value_mapper_for_the_ed_org_ids_once" classname="EdFi.Ods.Tests.EdFi.Ods.Security.Authorization.EducationOrganizationCacheTests+When_getting_ed_org_values_for_non_cached_ed_org_ed_org_is_added_to_the_cache_for_subsequent_calls" runstate="Runnable" result="Passed" duration="0.001425" asserts="0" />
                    <test-case id="6-2313" name="Should_return_correct_values_from_cache" fullname="EdFi.Ods.Tests.EdFi.Ods.Security.Authorization.EducationOrganizationCacheTests+When_getting_ed_org_values_for_non_cached_ed_org_ed_org_is_added_to_the_cache_for_subsequent_calls.Should_return_correct_values_from_cache" methodname="Should_return_correct_values_from_cache" classname="EdFi.Ods.Tests.EdFi.Ods.Security.Authorization.EducationOrganizationCacheTests+When_getting_ed_org_values_for_non_cached_ed_org_ed_org_is_added_to_the_cache_for_subsequent_calls" runstate="Runnable" result="Passed" duration="0.000860" asserts="0" />
                  </test-suite>
                  <test-suite type="TestFixture" id="6-2301" name="EducationOrganizationCacheTests+When_getting_education_organization_values_for_non_cached_edorg_id_in_a_synchronously_loaded_cache_and_each_value_mapper_only_returns_the_requested_value" fullname="EdFi.Ods.Tests.EdFi.Ods.Security.Authorization.EducationOrganizationCacheTests+When_getting_education_organization_values_for_non_cached_edorg_id_in_a_synchronously_loaded_cache_and_each_value_mapper_only_returns_the_requested_value" classname="EdFi.Ods.Tests.EdFi.Ods.Security.Authorization.EducationOrganizationCacheTests+When_getting_education_organization_values_for_non_cached_edorg_id_in_a_synchronously_loaded_cache_and_each_value_mapper_only_returns_the_requested_value" runstate="Runnable" testcasecount="3" result="Passed" duration="0.021152" total="3" passed="0" failed="0" inconclusive="0" skipped="0" asserts="0">
                    <test-case id="6-2302" name="Should_call_edorg_data_provider_once_to_warm_the_cache" fullname="EdFi.Ods.Tests.EdFi.Ods.Security.Authorization.EducationOrganizationCacheTests+When_getting_education_organization_values_for_non_cached_edorg_id_in_a_synchronously_loaded_cache_and_each_value_mapper_only_returns_the_requested_value.Should_call_edorg_data_provider_once_to_warm_the_cache" methodname="Should_call_edorg_data_provider_once_to_warm_the_cache" classname="EdFi.Ods.Tests.EdFi.Ods.Security.Authorization.EducationOrganizationCacheTests+When_getting_education_organization_values_for_non_cached_edorg_id_in_a_synchronously_loaded_cache_and_each_value_mapper_only_returns_the_requested_value" runstate="Runnable" result="Passed" duration="0.001385" asserts="0" />
                    <test-case id="6-2303" name="Should_NOT_call_edorg_value_mapper_for_the_values" fullname="EdFi.Ods.Tests.EdFi.Ods.Security.Authorization.EducationOrganizationCacheTests+When_getting_education_organization_values_for_non_cached_edorg_id_in_a_synchronously_loaded_cache_and_each_value_mapper_only_returns_the_requested_value.Should_NOT_call_edorg_value_mapper_for_the_values" methodname="Should_NOT_call_edorg_value_mapper_for_the_values" classname="EdFi.Ods.Tests.EdFi.Ods.Security.Authorization.EducationOrganizationCacheTests+When_getting_education_organization_values_for_non_cached_edorg_id_in_a_synchronously_loaded_cache_and_each_value_mapper_only_returns_the_requested_value" runstate="Runnable" result="Passed" duration="0.001052" asserts="0" />
                    <test-case id="6-2304" name="Should_return_education_organization_values_supplied_by_edorg_data_provider" fullname="EdFi.Ods.Tests.EdFi.Ods.Security.Authorization.EducationOrganizationCacheTests+When_getting_education_organization_values_for_non_cached_edorg_id_in_a_synchronously_loaded_cache_and_each_value_mapper_only_returns_the_requested_value.Should_return_education_organization_values_supplied_by_edorg_data_provider" methodname="Should_return_education_organization_values_supplied_by_edorg_data_provider" classname="EdFi.Ods.Tests.EdFi.Ods.Security.Authorization.EducationOrganizationCacheTests+When_getting_education_organization_values_for_non_cached_edorg_id_in_a_synchronously_loaded_cache_and_each_value_mapper_only_returns_the_requested_value" runstate="Runnable" result="Passed" duration="0.000946" asserts="1" />
                  </test-suite>
                  <test-suite type="TestFixture" id="6-2309" name="EducationOrganizationCacheTests+When_getting_values_for_nullable_property_with_default_or_non_existant_ed_org_id" fullname="EdFi.Ods.Tests.EdFi.Ods.Security.Authorization.EducationOrganizationCacheTests+When_getting_values_for_nullable_property_with_default_or_non_existant_ed_org_id" classname="EdFi.Ods.Tests.EdFi.Ods.Security.Authorization.EducationOrganizationCacheTests+When_getting_values_for_nullable_property_with_default_or_non_existant_ed_org_id" runstate="Runnable" testcasecount="1" result="Passed" duration="0.004333" total="1" passed="0" failed="0" inconclusive="0" skipped="0" asserts="0">
                    <test-case id="6-2310" name="Should_return_nulls_instead_of_zeros" fullname="EdFi.Ods.Tests.EdFi.Ods.Security.Authorization.EducationOrganizationCacheTests+When_getting_values_for_nullable_property_with_default_or_non_existant_ed_org_id.Should_return_nulls_instead_of_zeros" methodname="Should_return_nulls_instead_of_zeros" classname="EdFi.Ods.Tests.EdFi.Ods.Security.Authorization.EducationOrganizationCacheTests+When_getting_values_for_nullable_property_with_default_or_non_existant_ed_org_id" runstate="Runnable" result="Passed" duration="0.000601" asserts="0" />
                  </test-suite>
                  <test-suite type="TestFixture" id="6-2298" name="EducationOrganizationCacheTests+When_retrieving_education_organization_cache_data_using_different_ODS_connection_strings" fullname="EdFi.Ods.Tests.EdFi.Ods.Security.Authorization.EducationOrganizationCacheTests+When_retrieving_education_organization_cache_data_using_different_ODS_connection_strings" classname="EdFi.Ods.Tests.EdFi.Ods.Security.Authorization.EducationOrganizationCacheTests+When_retrieving_education_organization_cache_data_using_different_ODS_connection_strings" runstate="Runnable" testcasecount="2" result="Passed" duration="0.011756" total="2" passed="0" failed="0" inconclusive="0" skipped="0" asserts="0">
                    <test-case id="6-2299" name="Should_return_cached_data_retrieved_when_the_current_connection_matches_the_connection_where_the_requested_data_is_defined" fullname="EdFi.Ods.Tests.EdFi.Ods.Security.Authorization.EducationOrganizationCacheTests+When_retrieving_education_organization_cache_data_using_different_ODS_connection_strings.Should_return_cached_data_retrieved_when_the_current_connection_matches_the_connection_where_the_requested_data_is_defined" methodname="Should_return_cached_data_retrieved_when_the_current_connection_matches_the_connection_where_the_requested_data_is_defined" classname="EdFi.Ods.Tests.EdFi.Ods.Security.Authorization.EducationOrganizationCacheTests+When_retrieving_education_organization_cache_data_using_different_ODS_connection_strings" runstate="Runnable" result="Passed" duration="0.000708" asserts="0" />
                    <test-case id="6-2300" name="Should_return_no_data_when_the_current_connection_does_not_match_the_connection_where_the_requested_data_is_defined" fullname="EdFi.Ods.Tests.EdFi.Ods.Security.Authorization.EducationOrganizationCacheTests+When_retrieving_education_organization_cache_data_using_different_ODS_connection_strings.Should_return_no_data_when_the_current_connection_does_not_match_the_connection_where_the_requested_data_is_defined" methodname="Should_return_no_data_when_the_current_connection_does_not_match_the_connection_where_the_requested_data_is_defined" classname="EdFi.Ods.Tests.EdFi.Ods.Security.Authorization.EducationOrganizationCacheTests+When_retrieving_education_organization_cache_data_using_different_ODS_connection_strings" runstate="Runnable" result="Passed" duration="0.001371" asserts="0" />
                  </test-suite>
                  <test-suite type="TestFixture" id="6-2234" name="Feature_Authorization_strategy_selection+When_authorizing_a_request_for_a_resource_with_an_explicit_authorization_strategy_defined" fullname="EdFi.Ods.Tests.EdFi.Ods.Security.Authorization.Feature_Authorization_strategy_selection+When_authorizing_a_request_for_a_resource_with_an_explicit_authorization_strategy_defined" classname="EdFi.Ods.Tests.EdFi.Ods.Security.Authorization.Feature_Authorization_strategy_selection+When_authorizing_a_request_for_a_resource_with_an_explicit_authorization_strategy_defined" runstate="Runnable" testcasecount="2" result="Passed" duration="0.126139" total="2" passed="0" failed="0" inconclusive="0" skipped="0" asserts="0">
                    <test-case id="6-2235" name="Should_attempt_to_authorize_using_the_authorization_strategy_assigned_to_the_requested_resource_claim" fullname="EdFi.Ods.Tests.EdFi.Ods.Security.Authorization.Feature_Authorization_strategy_selection+When_authorizing_a_request_for_a_resource_with_an_explicit_authorization_strategy_defined.Should_attempt_to_authorize_using_the_authorization_strategy_assigned_to_the_requested_resource_claim" methodname="Should_attempt_to_authorize_using_the_authorization_strategy_assigned_to_the_requested_resource_claim" classname="EdFi.Ods.Tests.EdFi.Ods.Security.Authorization.Feature_Authorization_strategy_selection+When_authorizing_a_request_for_a_resource_with_an_explicit_authorization_strategy_defined" runstate="Runnable" result="Passed" duration="0.000265" asserts="0" />
                    <test-case id="6-2236" name="Should_not_attempt_to_authorize_using_any_other_authorization_strategies" fullname="EdFi.Ods.Tests.EdFi.Ods.Security.Authorization.Feature_Authorization_strategy_selection+When_authorizing_a_request_for_a_resource_with_an_explicit_authorization_strategy_defined.Should_not_attempt_to_authorize_using_any_other_authorization_strategies" methodname="Should_not_attempt_to_authorize_using_any_other_authorization_strategies" classname="EdFi.Ods.Tests.EdFi.Ods.Security.Authorization.Feature_Authorization_strategy_selection+When_authorizing_a_request_for_a_resource_with_an_explicit_authorization_strategy_defined" runstate="Runnable" result="Passed" duration="0.000225" asserts="0" />
                  </test-suite>
                  <test-suite type="TestFixture" id="6-2240" name="Feature_Authorization_strategy_selection+When_authorizing_a_request_for_a_resource_with_an_explicit_authorization_strategy_defined_that_is_ABOVE_one_of_the_callers_claim_with_an_authorization_override_defined" fullname="EdFi.Ods.Tests.EdFi.Ods.Security.Authorization.Feature_Authorization_strategy_selection+When_authorizing_a_request_for_a_resource_with_an_explicit_authorization_strategy_defined_that_is_ABOVE_one_of_the_callers_claim_with_an_authorization_override_defined" classname="EdFi.Ods.Tests.EdFi.Ods.Security.Authorization.Feature_Authorization_strategy_selection+When_authorizing_a_request_for_a_resource_with_an_explicit_authorization_strategy_defined_that_is_ABOVE_one_of_the_callers_claim_with_an_authorization_override_defined" runstate="Runnable" testcasecount="2" result="Passed" duration="0.003882" total="2" passed="0" failed="0" inconclusive="0" skipped="0" asserts="0">
                    <test-case id="6-2241" name="Should_attempt_to_authorize_using_the_strategy_obtained_from_the_next_lowest_level_resource_claim_with_an_assigned_authorization_strategy" fullname="EdFi.Ods.Tests.EdFi.Ods.Security.Authorization.Feature_Authorization_strategy_selection+When_authorizing_a_request_for_a_resource_with_an_explicit_authorization_strategy_defined_that_is_ABOVE_one_of_the_callers_claim_with_an_authorization_override_defined.Should_attempt_to_authorize_using_the_strategy_obtained_from_the_next_lowest_level_resource_claim_with_an_assigned_authorization_strategy" methodname="Should_attempt_to_authorize_using_the_strategy_obtained_from_the_next_lowest_level_resource_claim_with_an_assigned_authorization_strategy" classname="EdFi.Ods.Tests.EdFi.Ods.Security.Authorization.Feature_Authorization_strategy_selection+When_authorizing_a_request_for_a_resource_with_an_explicit_authorization_strategy_defined_that_is_ABOVE_one_of_the_callers_claim_with_an_authorization_override_defined" runstate="Runnable" result="Passed" duration="0.000281" asserts="0" />
                    <test-case id="6-2242" name="Should_not_attempt_to_authorize_using_any_other_authorization_strategies" fullname="EdFi.Ods.Tests.EdFi.Ods.Security.Authorization.Feature_Authorization_strategy_selection+When_authorizing_a_request_for_a_resource_with_an_explicit_authorization_strategy_defined_that_is_ABOVE_one_of_the_callers_claim_with_an_authorization_override_defined.Should_not_attempt_to_authorize_using_any_other_authorization_strategies" methodname="Should_not_attempt_to_authorize_using_any_other_authorization_strategies" classname="EdFi.Ods.Tests.EdFi.Ods.Security.Authorization.Feature_Authorization_strategy_selection+When_authorizing_a_request_for_a_resource_with_an_explicit_authorization_strategy_defined_that_is_ABOVE_one_of_the_callers_claim_with_an_authorization_override_defined" runstate="Runnable" result="Passed" duration="0.000300" asserts="0" />
                  </test-suite>
                  <test-suite type="TestFixture" id="6-2237" name="Feature_Authorization_strategy_selection+When_authorizing_a_request_for_a_resource_with_an_explicit_authorization_strategy_defined_that_is_BELOW_the_callers_claim_with_an_authorization_override_defined" fullname="EdFi.Ods.Tests.EdFi.Ods.Security.Authorization.Feature_Authorization_strategy_selection+When_authorizing_a_request_for_a_resource_with_an_explicit_authorization_strategy_defined_that_is_BELOW_the_callers_claim_with_an_authorization_override_defined" classname="EdFi.Ods.Tests.EdFi.Ods.Security.Authorization.Feature_Authorization_strategy_selection+When_authorizing_a_request_for_a_resource_with_an_explicit_authorization_strategy_defined_that_is_BELOW_the_callers_claim_with_an_authorization_override_defined" runstate="Runnable" testcasecount="2" result="Passed" duration="0.003878" total="2" passed="0" failed="0" inconclusive="0" skipped="0" asserts="0">
                    <test-case id="6-2238" name="Should_attempt_to_authorize_using_the_override_authorization_strategy" fullname="EdFi.Ods.Tests.EdFi.Ods.Security.Authorization.Feature_Authorization_strategy_selection+When_authorizing_a_request_for_a_resource_with_an_explicit_authorization_strategy_defined_that_is_BELOW_the_callers_claim_with_an_authorization_override_defined.Should_attempt_to_authorize_using_the_override_authorization_strategy" methodname="Should_attempt_to_authorize_using_the_override_authorization_strategy" classname="EdFi.Ods.Tests.EdFi.Ods.Security.Authorization.Feature_Authorization_strategy_selection+When_authorizing_a_request_for_a_resource_with_an_explicit_authorization_strategy_defined_that_is_BELOW_the_callers_claim_with_an_authorization_override_defined" runstate="Runnable" result="Passed" duration="0.000256" asserts="0" />
                    <test-case id="6-2239" name="Should_not_attempt_to_authorize_using_any_other_authorization_strategies" fullname="EdFi.Ods.Tests.EdFi.Ods.Security.Authorization.Feature_Authorization_strategy_selection+When_authorizing_a_request_for_a_resource_with_an_explicit_authorization_strategy_defined_that_is_BELOW_the_callers_claim_with_an_authorization_override_defined.Should_not_attempt_to_authorize_using_any_other_authorization_strategies" methodname="Should_not_attempt_to_authorize_using_any_other_authorization_strategies" classname="EdFi.Ods.Tests.EdFi.Ods.Security.Authorization.Feature_Authorization_strategy_selection+When_authorizing_a_request_for_a_resource_with_an_explicit_authorization_strategy_defined_that_is_BELOW_the_callers_claim_with_an_authorization_override_defined" runstate="Runnable" result="Passed" duration="0.000285" asserts="0" />
                  </test-suite>
                  <test-suite type="TestFixture" id="6-2257" name="Feature_Authorization_strategy_selection+When_authorizing_a_request_for_a_resource_with_an_explicit_validation_rule_set_defined" fullname="EdFi.Ods.Tests.EdFi.Ods.Security.Authorization.Feature_Authorization_strategy_selection+When_authorizing_a_request_for_a_resource_with_an_explicit_validation_rule_set_defined" classname="EdFi.Ods.Tests.EdFi.Ods.Security.Authorization.Feature_Authorization_strategy_selection+When_authorizing_a_request_for_a_resource_with_an_explicit_validation_rule_set_defined" runstate="Runnable" testcasecount="3" result="Passed" duration="0.008639" total="3" passed="0" failed="0" inconclusive="0" skipped="0" asserts="0">
                    <test-case id="6-2258" name="Should_attempt_to_authorize_using_the_validation_rule_set_assigned_to_the_requested_resource_claim_executing_all_the_supplied_validators" fullname="EdFi.Ods.Tests.EdFi.Ods.Security.Authorization.Feature_Authorization_strategy_selection+When_authorizing_a_request_for_a_resource_with_an_explicit_validation_rule_set_defined.Should_attempt_to_authorize_using_the_validation_rule_set_assigned_to_the_requested_resource_claim_executing_all_the_supplied_validators" methodname="Should_attempt_to_authorize_using_the_validation_rule_set_assigned_to_the_requested_resource_claim_executing_all_the_supplied_validators" classname="EdFi.Ods.Tests.EdFi.Ods.Security.Authorization.Feature_Authorization_strategy_selection+When_authorizing_a_request_for_a_resource_with_an_explicit_validation_rule_set_defined" runstate="Runnable" result="Passed" duration="0.001472" asserts="2" />
                    <test-case id="6-2259" name="Should_not_attempt_to_authorize_using_any_other_validation_rule_sets" fullname="EdFi.Ods.Tests.EdFi.Ods.Security.Authorization.Feature_Authorization_strategy_selection+When_authorizing_a_request_for_a_resource_with_an_explicit_validation_rule_set_defined.Should_not_attempt_to_authorize_using_any_other_validation_rule_sets" methodname="Should_not_attempt_to_authorize_using_any_other_validation_rule_sets" classname="EdFi.Ods.Tests.EdFi.Ods.Security.Authorization.Feature_Authorization_strategy_selection+When_authorizing_a_request_for_a_resource_with_an_explicit_validation_rule_set_defined" runstate="Runnable" result="Passed" duration="0.000406" asserts="1" />
                    <test-case id="6-2260" name="Should_only_attempt_to_authorize_using_the_sole_authorization_strategy_defined_on_the_top_level_claim_in_the_lineage" fullname="EdFi.Ods.Tests.EdFi.Ods.Security.Authorization.Feature_Authorization_strategy_selection+When_authorizing_a_request_for_a_resource_with_an_explicit_validation_rule_set_defined.Should_only_attempt_to_authorize_using_the_sole_authorization_strategy_defined_on_the_top_level_claim_in_the_lineage" methodname="Should_only_attempt_to_authorize_using_the_sole_authorization_strategy_defined_on_the_top_level_claim_in_the_lineage" classname="EdFi.Ods.Tests.EdFi.Ods.Security.Authorization.Feature_Authorization_strategy_selection+When_authorizing_a_request_for_a_resource_with_an_explicit_validation_rule_set_defined" runstate="Runnable" result="Passed" duration="0.000448" asserts="0" />
                  </test-suite>
                  <test-suite type="TestFixture" id="6-2265" name="Feature_Authorization_strategy_selection+When_authorizing_a_request_for_a_resource_with_an_explicit_validation_rule_set_defined_that_is_ABOVE_one_of_the_callers_claim_with_an_authorization_override_defined" fullname="EdFi.Ods.Tests.EdFi.Ods.Security.Authorization.Feature_Authorization_strategy_selection+When_authorizing_a_request_for_a_resource_with_an_explicit_validation_rule_set_defined_that_is_ABOVE_one_of_the_callers_claim_with_an_authorization_override_defined" classname="EdFi.Ods.Tests.EdFi.Ods.Security.Authorization.Feature_Authorization_strategy_selection+When_authorizing_a_request_for_a_resource_with_an_explicit_validation_rule_set_defined_that_is_ABOVE_one_of_the_callers_claim_with_an_authorization_override_defined" runstate="Runnable" testcasecount="3" result="Passed" duration="0.004876" total="3" passed="0" failed="0" inconclusive="0" skipped="0" asserts="0">
                    <test-case id="6-2266" name="Should_attempt_to_authorize_using_the_validation_rule_set_obtained_from_the_next_lowest_level_resource_claim_with_an_assigned_validation_rule_set_executing_all_the_supplied_validators" fullname="EdFi.Ods.Tests.EdFi.Ods.Security.Authorization.Feature_Authorization_strategy_selection+When_authorizing_a_request_for_a_resource_with_an_explicit_validation_rule_set_defined_that_is_ABOVE_one_of_the_callers_claim_with_an_authorization_override_defined.Should_attempt_to_authorize_using_the_validation_rule_set_obtained_from_the_next_lowest_level_resource_claim_with_an_assigned_validation_rule_set_executing_all_the_supplied_validators" methodname="Should_attempt_to_authorize_using_the_validation_rule_set_obtained_from_the_next_lowest_level_resource_claim_with_an_assigned_validation_rule_set_executing_all_the_supplied_validators" classname="EdFi.Ods.Tests.EdFi.Ods.Security.Authorization.Feature_Authorization_strategy_selection+When_authorizing_a_request_for_a_resource_with_an_explicit_validation_rule_set_defined_that_is_ABOVE_one_of_the_callers_claim_with_an_authorization_override_defined" runstate="Runnable" result="Passed" duration="0.000372" asserts="2" />
                    <test-case id="6-2267" name="Should_not_attempt_to_authorize_using_any_other_validation_rule_sets" fullname="EdFi.Ods.Tests.EdFi.Ods.Security.Authorization.Feature_Authorization_strategy_selection+When_authorizing_a_request_for_a_resource_with_an_explicit_validation_rule_set_defined_that_is_ABOVE_one_of_the_callers_claim_with_an_authorization_override_defined.Should_not_attempt_to_authorize_using_any_other_validation_rule_sets" methodname="Should_not_attempt_to_authorize_using_any_other_validation_rule_sets" classname="EdFi.Ods.Tests.EdFi.Ods.Security.Authorization.Feature_Authorization_strategy_selection+When_authorizing_a_request_for_a_resource_with_an_explicit_validation_rule_set_defined_that_is_ABOVE_one_of_the_callers_claim_with_an_authorization_override_defined" runstate="Runnable" result="Passed" duration="0.000367" asserts="1" />
                    <test-case id="6-2268" name="Should_only_attempt_to_authorize_using_the_sole_authorization_strategy_defined_on_the_top_level_claim_in_the_lineage" fullname="EdFi.Ods.Tests.EdFi.Ods.Security.Authorization.Feature_Authorization_strategy_selection+When_authorizing_a_request_for_a_resource_with_an_explicit_validation_rule_set_defined_that_is_ABOVE_one_of_the_callers_claim_with_an_authorization_override_defined.Should_only_attempt_to_authorize_using_the_sole_authorization_strategy_defined_on_the_top_level_claim_in_the_lineage" methodname="Should_only_attempt_to_authorize_using_the_sole_authorization_strategy_defined_on_the_top_level_claim_in_the_lineage" classname="EdFi.Ods.Tests.EdFi.Ods.Security.Authorization.Feature_Authorization_strategy_selection+When_authorizing_a_request_for_a_resource_with_an_explicit_validation_rule_set_defined_that_is_ABOVE_one_of_the_callers_claim_with_an_authorization_override_defined" runstate="Runnable" result="Passed" duration="0.000368" asserts="0" />
                  </test-suite>
                  <test-suite type="TestFixture" id="6-2261" name="Feature_Authorization_strategy_selection+When_authorizing_a_request_for_a_resource_with_an_explicit_validation_rule_set_defined_that_is_BELOW_the_callers_claim_with_an_authorization_override_defined" fullname="EdFi.Ods.Tests.EdFi.Ods.Security.Authorization.Feature_Authorization_strategy_selection+When_authorizing_a_request_for_a_resource_with_an_explicit_validation_rule_set_defined_that_is_BELOW_the_callers_claim_with_an_authorization_override_defined" classname="EdFi.Ods.Tests.EdFi.Ods.Security.Authorization.Feature_Authorization_strategy_selection+When_authorizing_a_request_for_a_resource_with_an_explicit_validation_rule_set_defined_that_is_BELOW_the_callers_claim_with_an_authorization_override_defined" runstate="Runnable" testcasecount="3" result="Passed" duration="0.005177" total="3" passed="0" failed="0" inconclusive="0" skipped="0" asserts="0">
                    <test-case id="6-2262" name="Should_attempt_to_authorize_using_the_override_validation_rule_set_executing_all_the_supplied_validators" fullname="EdFi.Ods.Tests.EdFi.Ods.Security.Authorization.Feature_Authorization_strategy_selection+When_authorizing_a_request_for_a_resource_with_an_explicit_validation_rule_set_defined_that_is_BELOW_the_callers_claim_with_an_authorization_override_defined.Should_attempt_to_authorize_using_the_override_validation_rule_set_executing_all_the_supplied_validators" methodname="Should_attempt_to_authorize_using_the_override_validation_rule_set_executing_all_the_supplied_validators" classname="EdFi.Ods.Tests.EdFi.Ods.Security.Authorization.Feature_Authorization_strategy_selection+When_authorizing_a_request_for_a_resource_with_an_explicit_validation_rule_set_defined_that_is_BELOW_the_callers_claim_with_an_authorization_override_defined" runstate="Runnable" result="Passed" duration="0.000435" asserts="2" />
                    <test-case id="6-2263" name="Should_not_attempt_to_authorize_using_any_other_validation_rule_sets" fullname="EdFi.Ods.Tests.EdFi.Ods.Security.Authorization.Feature_Authorization_strategy_selection+When_authorizing_a_request_for_a_resource_with_an_explicit_validation_rule_set_defined_that_is_BELOW_the_callers_claim_with_an_authorization_override_defined.Should_not_attempt_to_authorize_using_any_other_validation_rule_sets" methodname="Should_not_attempt_to_authorize_using_any_other_validation_rule_sets" classname="EdFi.Ods.Tests.EdFi.Ods.Security.Authorization.Feature_Authorization_strategy_selection+When_authorizing_a_request_for_a_resource_with_an_explicit_validation_rule_set_defined_that_is_BELOW_the_callers_claim_with_an_authorization_override_defined" runstate="Runnable" result="Passed" duration="0.000405" asserts="1" />
                    <test-case id="6-2264" name="Should_only_attempt_to_authorize_using_the_sole_authorization_strategy_defined_on_the_top_level_claim_in_the_lineage" fullname="EdFi.Ods.Tests.EdFi.Ods.Security.Authorization.Feature_Authorization_strategy_selection+When_authorizing_a_request_for_a_resource_with_an_explicit_validation_rule_set_defined_that_is_BELOW_the_callers_claim_with_an_authorization_override_defined.Should_only_attempt_to_authorize_using_the_sole_authorization_strategy_defined_on_the_top_level_claim_in_the_lineage" methodname="Should_only_attempt_to_authorize_using_the_sole_authorization_strategy_defined_on_the_top_level_claim_in_the_lineage" classname="EdFi.Ods.Tests.EdFi.Ods.Security.Authorization.Feature_Authorization_strategy_selection+When_authorizing_a_request_for_a_resource_with_an_explicit_validation_rule_set_defined_that_is_BELOW_the_callers_claim_with_an_authorization_override_defined" runstate="Runnable" result="Passed" duration="0.000352" asserts="0" />
                  </test-suite>
                  <test-suite type="TestFixture" id="6-2246" name="Feature_Authorization_strategy_selection+When_authorizing_a_request_for_a_resource_without_an_explicit_authorization_strategy_defined_but_with_a_parent_resource_claim_with_one_defined_that_is_ABOVE_the_callers_assigned_claim_in_the_taxonomy" fullname="EdFi.Ods.Tests.EdFi.Ods.Security.Authorization.Feature_Authorization_strategy_selection+When_authorizing_a_request_for_a_resource_without_an_explicit_authorization_strategy_defined_but_with_a_parent_resource_claim_with_one_defined_that_is_ABOVE_the_callers_assigned_claim_in_the_taxonomy" classname="EdFi.Ods.Tests.EdFi.Ods.Security.Authorization.Feature_Authorization_strategy_selection+When_authorizing_a_request_for_a_resource_without_an_explicit_authorization_strategy_defined_but_with_a_parent_resource_claim_with_one_defined_that_is_ABOVE_the_callers_assigned_claim_in_the_taxonomy" runstate="Runnable" testcasecount="2" result="Passed" duration="0.003412" total="2" passed="0" failed="0" inconclusive="0" skipped="0" asserts="0">
                    <test-case id="6-2247" name="Should_attempt_to_authorize_using_the_strategy_obtained_from_the_next_lowest_level_resource_claim_with_an_assigned_authorization_strategy" fullname="EdFi.Ods.Tests.EdFi.Ods.Security.Authorization.Feature_Authorization_strategy_selection+When_authorizing_a_request_for_a_resource_without_an_explicit_authorization_strategy_defined_but_with_a_parent_resource_claim_with_one_defined_that_is_ABOVE_the_callers_assigned_claim_in_the_taxonomy.Should_attempt_to_authorize_using_the_strategy_obtained_from_the_next_lowest_level_resource_claim_with_an_assigned_authorization_strategy" methodname="Should_attempt_to_authorize_using_the_strategy_obtained_from_the_next_lowest_level_resource_claim_with_an_assigned_authorization_strategy" classname="EdFi.Ods.Tests.EdFi.Ods.Security.Authorization.Feature_Authorization_strategy_selection+When_authorizing_a_request_for_a_resource_without_an_explicit_authorization_strategy_defined_but_with_a_parent_resource_claim_with_one_defined_that_is_ABOVE_the_callers_assigned_claim_in_the_taxonomy" runstate="Runnable" result="Passed" duration="0.000331" asserts="0" />
                    <test-case id="6-2248" name="Should_not_attempt_to_authorize_using_any_other_authorization_strategies" fullname="EdFi.Ods.Tests.EdFi.Ods.Security.Authorization.Feature_Authorization_strategy_selection+When_authorizing_a_request_for_a_resource_without_an_explicit_authorization_strategy_defined_but_with_a_parent_resource_claim_with_one_defined_that_is_ABOVE_the_callers_assigned_claim_in_the_taxonomy.Should_not_attempt_to_authorize_using_any_other_authorization_strategies" methodname="Should_not_attempt_to_authorize_using_any_other_authorization_strategies" classname="EdFi.Ods.Tests.EdFi.Ods.Security.Authorization.Feature_Authorization_strategy_selection+When_authorizing_a_request_for_a_resource_without_an_explicit_authorization_strategy_defined_but_with_a_parent_resource_claim_with_one_defined_that_is_ABOVE_the_callers_assigned_claim_in_the_taxonomy" runstate="Runnable" result="Passed" duration="0.000232" asserts="0" />
                  </test-suite>
                  <test-suite type="TestFixture" id="6-2252" name="Feature_Authorization_strategy_selection+When_authorizing_a_request_for_a_resource_without_an_explicit_authorization_strategy_defined_but_with_a_parent_resource_claim_with_one_defined_that_is_ABOVE_the_callers_assigned_claim_with_an_authorization_strategy_override_in_the_taxonomy" fullname="EdFi.Ods.Tests.EdFi.Ods.Security.Authorization.Feature_Authorization_strategy_selection+When_authorizing_a_request_for_a_resource_without_an_explicit_authorization_strategy_defined_but_with_a_parent_resource_claim_with_one_defined_that_is_ABOVE_the_callers_assigned_claim_with_an_authorization_strategy_override_in_the_taxonomy" classname="EdFi.Ods.Tests.EdFi.Ods.Security.Authorization.Feature_Authorization_strategy_selection+When_authorizing_a_request_for_a_resource_without_an_explicit_authorization_strategy_defined_but_with_a_parent_resource_claim_with_one_defined_that_is_ABOVE_the_callers_assigned_claim_with_an_authorization_strategy_override_in_the_taxonomy" runstate="Runnable" testcasecount="2" result="Passed" duration="0.003357" total="2" passed="0" failed="0" inconclusive="0" skipped="0" asserts="0">
                    <test-case id="6-2253" name="Should_attempt_to_authorize_using_the_override_authorization_strategy" fullname="EdFi.Ods.Tests.EdFi.Ods.Security.Authorization.Feature_Authorization_strategy_selection+When_authorizing_a_request_for_a_resource_without_an_explicit_authorization_strategy_defined_but_with_a_parent_resource_claim_with_one_defined_that_is_ABOVE_the_callers_assigned_claim_with_an_authorization_strategy_override_in_the_taxonomy.Should_attempt_to_authorize_using_the_override_authorization_strategy" methodname="Should_attempt_to_authorize_using_the_override_authorization_strategy" classname="EdFi.Ods.Tests.EdFi.Ods.Security.Authorization.Feature_Authorization_strategy_selection+When_authorizing_a_request_for_a_resource_without_an_explicit_authorization_strategy_defined_but_with_a_parent_resource_claim_with_one_defined_that_is_ABOVE_the_callers_assigned_claim_with_an_authorization_strategy_override_in_the_taxonomy" runstate="Runnable" result="Passed" duration="0.000345" asserts="0" />
                    <test-case id="6-2254" name="Should_not_attempt_to_authorize_using_any_other_authorization_strategies" fullname="EdFi.Ods.Tests.EdFi.Ods.Security.Authorization.Feature_Authorization_strategy_selection+When_authorizing_a_request_for_a_resource_without_an_explicit_authorization_strategy_defined_but_with_a_parent_resource_claim_with_one_defined_that_is_ABOVE_the_callers_assigned_claim_with_an_authorization_strategy_override_in_the_taxonomy.Should_not_attempt_to_authorize_using_any_other_authorization_strategies" methodname="Should_not_attempt_to_authorize_using_any_other_authorization_strategies" classname="EdFi.Ods.Tests.EdFi.Ods.Security.Authorization.Feature_Authorization_strategy_selection+When_authorizing_a_request_for_a_resource_without_an_explicit_authorization_strategy_defined_but_with_a_parent_resource_claim_with_one_defined_that_is_ABOVE_the_callers_assigned_claim_with_an_authorization_strategy_override_in_the_taxonomy" runstate="Runnable" result="Passed" duration="0.000355" asserts="0" />
                  </test-suite>
                  <test-suite type="TestFixture" id="6-2243" name="Feature_Authorization_strategy_selection+When_authorizing_a_request_for_a_resource_without_an_explicit_authorization_strategy_defined_but_with_a_parent_resource_claim_with_one_defined_that_is_BELOW_the_callers_assigned_claim_in_the_taxonomy" fullname="EdFi.Ods.Tests.EdFi.Ods.Security.Authorization.Feature_Authorization_strategy_selection+When_authorizing_a_request_for_a_resource_without_an_explicit_authorization_strategy_defined_but_with_a_parent_resource_claim_with_one_defined_that_is_BELOW_the_callers_assigned_claim_in_the_taxonomy" classname="EdFi.Ods.Tests.EdFi.Ods.Security.Authorization.Feature_Authorization_strategy_selection+When_authorizing_a_request_for_a_resource_without_an_explicit_authorization_strategy_defined_but_with_a_parent_resource_claim_with_one_defined_that_is_BELOW_the_callers_assigned_claim_in_the_taxonomy" runstate="Runnable" testcasecount="2" result="Passed" duration="0.003034" total="2" passed="0" failed="0" inconclusive="0" skipped="0" asserts="0">
                    <test-case id="6-2244" name="Should_attempt_to_authorize_using_the_strategy_obtained_from_the_next_lowest_level_resource_claim_with_an_assigned_authorization_strategy" fullname="EdFi.Ods.Tests.EdFi.Ods.Security.Authorization.Feature_Authorization_strategy_selection+When_authorizing_a_request_for_a_resource_without_an_explicit_authorization_strategy_defined_but_with_a_parent_resource_claim_with_one_defined_that_is_BELOW_the_callers_assigned_claim_in_the_taxonomy.Should_attempt_to_authorize_using_the_strategy_obtained_from_the_next_lowest_level_resource_claim_with_an_assigned_authorization_strategy" methodname="Should_attempt_to_authorize_using_the_strategy_obtained_from_the_next_lowest_level_resource_claim_with_an_assigned_authorization_strategy" classname="EdFi.Ods.Tests.EdFi.Ods.Security.Authorization.Feature_Authorization_strategy_selection+When_authorizing_a_request_for_a_resource_without_an_explicit_authorization_strategy_defined_but_with_a_parent_resource_claim_with_one_defined_that_is_BELOW_the_callers_assigned_claim_in_the_taxonomy" runstate="Runnable" result="Passed" duration="0.000235" asserts="0" />
                    <test-case id="6-2245" name="Should_not_attempt_to_authorize_using_any_other_authorization_strategies" fullname="EdFi.Ods.Tests.EdFi.Ods.Security.Authorization.Feature_Authorization_strategy_selection+When_authorizing_a_request_for_a_resource_without_an_explicit_authorization_strategy_defined_but_with_a_parent_resource_claim_with_one_defined_that_is_BELOW_the_callers_assigned_claim_in_the_taxonomy.Should_not_attempt_to_authorize_using_any_other_authorization_strategies" methodname="Should_not_attempt_to_authorize_using_any_other_authorization_strategies" classname="EdFi.Ods.Tests.EdFi.Ods.Security.Authorization.Feature_Authorization_strategy_selection+When_authorizing_a_request_for_a_resource_without_an_explicit_authorization_strategy_defined_but_with_a_parent_resource_claim_with_one_defined_that_is_BELOW_the_callers_assigned_claim_in_the_taxonomy" runstate="Runnable" result="Passed" duration="0.000238" asserts="0" />
                  </test-suite>
                  <test-suite type="TestFixture" id="6-2249" name="Feature_Authorization_strategy_selection+When_authorizing_a_request_for_a_resource_without_an_explicit_authorization_strategy_defined_but_with_a_parent_resource_claim_with_one_defined_that_is_BELOW_the_callers_assigned_claim_with_an_authorization_strategy_override_in_the_taxonomy" fullname="EdFi.Ods.Tests.EdFi.Ods.Security.Authorization.Feature_Authorization_strategy_selection+When_authorizing_a_request_for_a_resource_without_an_explicit_authorization_strategy_defined_but_with_a_parent_resource_claim_with_one_defined_that_is_BELOW_the_callers_assigned_claim_with_an_authorization_strategy_override_in_the_taxonomy" classname="EdFi.Ods.Tests.EdFi.Ods.Security.Authorization.Feature_Authorization_strategy_selection+When_authorizing_a_request_for_a_resource_without_an_explicit_authorization_strategy_defined_but_with_a_parent_resource_claim_with_one_defined_that_is_BELOW_the_callers_assigned_claim_with_an_authorization_strategy_override_in_the_taxonomy" runstate="Runnable" testcasecount="2" result="Passed" duration="0.003306" total="2" passed="0" failed="0" inconclusive="0" skipped="0" asserts="0">
                    <test-case id="6-2250" name="Should_attempt_to_authorize_using_the_override_authorization_strategy" fullname="EdFi.Ods.Tests.EdFi.Ods.Security.Authorization.Feature_Authorization_strategy_selection+When_authorizing_a_request_for_a_resource_without_an_explicit_authorization_strategy_defined_but_with_a_parent_resource_claim_with_one_defined_that_is_BELOW_the_callers_assigned_claim_with_an_authorization_strategy_override_in_the_taxonomy.Should_attempt_to_authorize_using_the_override_authorization_strategy" methodname="Should_attempt_to_authorize_using_the_override_authorization_strategy" classname="EdFi.Ods.Tests.EdFi.Ods.Security.Authorization.Feature_Authorization_strategy_selection+When_authorizing_a_request_for_a_resource_without_an_explicit_authorization_strategy_defined_but_with_a_parent_resource_claim_with_one_defined_that_is_BELOW_the_callers_assigned_claim_with_an_authorization_strategy_override_in_the_taxonomy" runstate="Runnable" result="Passed" duration="0.000262" asserts="0" />
                    <test-case id="6-2251" name="Should_not_attempt_to_authorize_using_any_other_authorization_strategies" fullname="EdFi.Ods.Tests.EdFi.Ods.Security.Authorization.Feature_Authorization_strategy_selection+When_authorizing_a_request_for_a_resource_without_an_explicit_authorization_strategy_defined_but_with_a_parent_resource_claim_with_one_defined_that_is_BELOW_the_callers_assigned_claim_with_an_authorization_strategy_override_in_the_taxonomy.Should_not_attempt_to_authorize_using_any_other_authorization_strategies" methodname="Should_not_attempt_to_authorize_using_any_other_authorization_strategies" classname="EdFi.Ods.Tests.EdFi.Ods.Security.Authorization.Feature_Authorization_strategy_selection+When_authorizing_a_request_for_a_resource_without_an_explicit_authorization_strategy_defined_but_with_a_parent_resource_claim_with_one_defined_that_is_BELOW_the_callers_assigned_claim_with_an_authorization_strategy_override_in_the_taxonomy" runstate="Runnable" result="Passed" duration="0.000322" asserts="0" />
                  </test-suite>
                  <test-suite type="TestFixture" id="6-2273" name="Feature_Authorization_strategy_selection+When_authorizing_a_request_for_a_resource_without_an_explicit_validation_rule_set_defined_but_with_a_parent_resource_claim_with_one_defined_that_is_ABOVE_the_callers_assigned_claim_in_the_taxonomy" fullname="EdFi.Ods.Tests.EdFi.Ods.Security.Authorization.Feature_Authorization_strategy_selection+When_authorizing_a_request_for_a_resource_without_an_explicit_validation_rule_set_defined_but_with_a_parent_resource_claim_with_one_defined_that_is_ABOVE_the_callers_assigned_claim_in_the_taxonomy" classname="EdFi.Ods.Tests.EdFi.Ods.Security.Authorization.Feature_Authorization_strategy_selection+When_authorizing_a_request_for_a_resource_without_an_explicit_validation_rule_set_defined_but_with_a_parent_resource_claim_with_one_defined_that_is_ABOVE_the_callers_assigned_claim_in_the_taxonomy" runstate="Runnable" testcasecount="3" result="Passed" duration="0.004568" total="3" passed="0" failed="0" inconclusive="0" skipped="0" asserts="0">
                    <test-case id="6-2274" name="Should_attempt_to_authorize_using_the_validation_rule_set_obtained_from_the_next_lowest_level_resource_claim_with_an_assigned_validation_rule_set" fullname="EdFi.Ods.Tests.EdFi.Ods.Security.Authorization.Feature_Authorization_strategy_selection+When_authorizing_a_request_for_a_resource_without_an_explicit_validation_rule_set_defined_but_with_a_parent_resource_claim_with_one_defined_that_is_ABOVE_the_callers_assigned_claim_in_the_taxonomy.Should_attempt_to_authorize_using_the_validation_rule_set_obtained_from_the_next_lowest_level_resource_claim_with_an_assigned_validation_rule_set" methodname="Should_attempt_to_authorize_using_the_validation_rule_set_obtained_from_the_next_lowest_level_resource_claim_with_an_assigned_validation_rule_set" classname="EdFi.Ods.Tests.EdFi.Ods.Security.Authorization.Feature_Authorization_strategy_selection+When_authorizing_a_request_for_a_resource_without_an_explicit_validation_rule_set_defined_but_with_a_parent_resource_claim_with_one_defined_that_is_ABOVE_the_callers_assigned_claim_in_the_taxonomy" runstate="Runnable" result="Passed" duration="0.000398" asserts="2" />
                    <test-case id="6-2275" name="Should_not_attempt_to_authorize_using_any_other_validation_rule_sets" fullname="EdFi.Ods.Tests.EdFi.Ods.Security.Authorization.Feature_Authorization_strategy_selection+When_authorizing_a_request_for_a_resource_without_an_explicit_validation_rule_set_defined_but_with_a_parent_resource_claim_with_one_defined_that_is_ABOVE_the_callers_assigned_claim_in_the_taxonomy.Should_not_attempt_to_authorize_using_any_other_validation_rule_sets" methodname="Should_not_attempt_to_authorize_using_any_other_validation_rule_sets" classname="EdFi.Ods.Tests.EdFi.Ods.Security.Authorization.Feature_Authorization_strategy_selection+When_authorizing_a_request_for_a_resource_without_an_explicit_validation_rule_set_defined_but_with_a_parent_resource_claim_with_one_defined_that_is_ABOVE_the_callers_assigned_claim_in_the_taxonomy" runstate="Runnable" result="Passed" duration="0.000411" asserts="1" />
                    <test-case id="6-2276" name="Should_only_attempt_to_authorize_using_the_sole_authorization_strategy_defined_on_the_top_level_claim_in_the_lineage" fullname="EdFi.Ods.Tests.EdFi.Ods.Security.Authorization.Feature_Authorization_strategy_selection+When_authorizing_a_request_for_a_resource_without_an_explicit_validation_rule_set_defined_but_with_a_parent_resource_claim_with_one_defined_that_is_ABOVE_the_callers_assigned_claim_in_the_taxonomy.Should_only_attempt_to_authorize_using_the_sole_authorization_strategy_defined_on_the_top_level_claim_in_the_lineage" methodname="Should_only_attempt_to_authorize_using_the_sole_authorization_strategy_defined_on_the_top_level_claim_in_the_lineage" classname="EdFi.Ods.Tests.EdFi.Ods.Security.Authorization.Feature_Authorization_strategy_selection+When_authorizing_a_request_for_a_resource_without_an_explicit_validation_rule_set_defined_but_with_a_parent_resource_claim_with_one_defined_that_is_ABOVE_the_callers_assigned_claim_in_the_taxonomy" runstate="Runnable" result="Passed" duration="0.000401" asserts="0" />
                  </test-suite>
                  <test-suite type="TestFixture" id="6-2281" name="Feature_Authorization_strategy_selection+When_authorizing_a_request_for_a_resource_without_an_explicit_validation_rule_set_defined_but_with_a_parent_resource_claim_with_one_defined_that_is_ABOVE_the_callers_assigned_claim_with_a_validation_rule_set_override_in_the_taxonomy" fullname="EdFi.Ods.Tests.EdFi.Ods.Security.Authorization.Feature_Authorization_strategy_selection+When_authorizing_a_request_for_a_resource_without_an_explicit_validation_rule_set_defined_but_with_a_parent_resource_claim_with_one_defined_that_is_ABOVE_the_callers_assigned_claim_with_a_validation_rule_set_override_in_the_taxonomy" classname="EdFi.Ods.Tests.EdFi.Ods.Security.Authorization.Feature_Authorization_strategy_selection+When_authorizing_a_request_for_a_resource_without_an_explicit_validation_rule_set_defined_but_with_a_parent_resource_claim_with_one_defined_that_is_ABOVE_the_callers_assigned_claim_with_a_validation_rule_set_override_in_the_taxonomy" runstate="Runnable" testcasecount="3" result="Passed" duration="0.004910" total="3" passed="0" failed="0" inconclusive="0" skipped="0" asserts="0">
                    <test-case id="6-2282" name="Should_attempt_to_authorize_using_the_override_validation_rule_set_executing_all_the_supplied_validators" fullname="EdFi.Ods.Tests.EdFi.Ods.Security.Authorization.Feature_Authorization_strategy_selection+When_authorizing_a_request_for_a_resource_without_an_explicit_validation_rule_set_defined_but_with_a_parent_resource_claim_with_one_defined_that_is_ABOVE_the_callers_assigned_claim_with_a_validation_rule_set_override_in_the_taxonomy.Should_attempt_to_authorize_using_the_override_validation_rule_set_executing_all_the_supplied_validators" methodname="Should_attempt_to_authorize_using_the_override_validation_rule_set_executing_all_the_supplied_validators" classname="EdFi.Ods.Tests.EdFi.Ods.Security.Authorization.Feature_Authorization_strategy_selection+When_authorizing_a_request_for_a_resource_without_an_explicit_validation_rule_set_defined_but_with_a_parent_resource_claim_with_one_defined_that_is_ABOVE_the_callers_assigned_claim_with_a_validation_rule_set_override_in_the_taxonomy" runstate="Runnable" result="Passed" duration="0.000411" asserts="2" />
                    <test-case id="6-2283" name="Should_not_attempt_to_authorize_using_any_other_validation_rule_sets" fullname="EdFi.Ods.Tests.EdFi.Ods.Security.Authorization.Feature_Authorization_strategy_selection+When_authorizing_a_request_for_a_resource_without_an_explicit_validation_rule_set_defined_but_with_a_parent_resource_claim_with_one_defined_that_is_ABOVE_the_callers_assigned_claim_with_a_validation_rule_set_override_in_the_taxonomy.Should_not_attempt_to_authorize_using_any_other_validation_rule_sets" methodname="Should_not_attempt_to_authorize_using_any_other_validation_rule_sets" classname="EdFi.Ods.Tests.EdFi.Ods.Security.Authorization.Feature_Authorization_strategy_selection+When_authorizing_a_request_for_a_resource_without_an_explicit_validation_rule_set_defined_but_with_a_parent_resource_claim_with_one_defined_that_is_ABOVE_the_callers_assigned_claim_with_a_validation_rule_set_override_in_the_taxonomy" runstate="Runnable" result="Passed" duration="0.000443" asserts="1" />
                    <test-case id="6-2284" name="Should_only_attempt_to_authorize_using_the_sole_authorization_strategy_defined_on_the_top_level_claim_in_the_lineage" fullname="EdFi.Ods.Tests.EdFi.Ods.Security.Authorization.Feature_Authorization_strategy_selection+When_authorizing_a_request_for_a_resource_without_an_explicit_validation_rule_set_defined_but_with_a_parent_resource_claim_with_one_defined_that_is_ABOVE_the_callers_assigned_claim_with_a_validation_rule_set_override_in_the_taxonomy.Should_only_attempt_to_authorize_using_the_sole_authorization_strategy_defined_on_the_top_level_claim_in_the_lineage" methodname="Should_only_attempt_to_authorize_using_the_sole_authorization_strategy_defined_on_the_top_level_claim_in_the_lineage" classname="EdFi.Ods.Tests.EdFi.Ods.Security.Authorization.Feature_Authorization_strategy_selection+When_authorizing_a_request_for_a_resource_without_an_explicit_validation_rule_set_defined_but_with_a_parent_resource_claim_with_one_defined_that_is_ABOVE_the_callers_assigned_claim_with_a_validation_rule_set_override_in_the_taxonomy" runstate="Runnable" result="Passed" duration="0.000405" asserts="0" />
                  </test-suite>
                  <test-suite type="TestFixture" id="6-2269" name="Feature_Authorization_strategy_selection+When_authorizing_a_request_for_a_resource_without_an_explicit_validation_rule_set_defined_but_with_a_parent_resource_claim_with_one_defined_that_is_BELOW_the_callers_assigned_claim_in_the_taxonomy" fullname="EdFi.Ods.Tests.EdFi.Ods.Security.Authorization.Feature_Authorization_strategy_selection+When_authorizing_a_request_for_a_resource_without_an_explicit_validation_rule_set_defined_but_with_a_parent_resource_claim_with_one_defined_that_is_BELOW_the_callers_assigned_claim_in_the_taxonomy" classname="EdFi.Ods.Tests.EdFi.Ods.Security.Authorization.Feature_Authorization_strategy_selection+When_authorizing_a_request_for_a_resource_without_an_explicit_validation_rule_set_defined_but_with_a_parent_resource_claim_with_one_defined_that_is_BELOW_the_callers_assigned_claim_in_the_taxonomy" runstate="Runnable" testcasecount="3" result="Passed" duration="0.005610" total="3" passed="0" failed="0" inconclusive="0" skipped="0" asserts="0">
                    <test-case id="6-2270" name="Should_attempt_to_authorize_using_the_validation_rule_set_obtained_from_the_next_lowest_level_resource_claim_with_an_assigned_validation_rule_set" fullname="EdFi.Ods.Tests.EdFi.Ods.Security.Authorization.Feature_Authorization_strategy_selection+When_authorizing_a_request_for_a_resource_without_an_explicit_validation_rule_set_defined_but_with_a_parent_resource_claim_with_one_defined_that_is_BELOW_the_callers_assigned_claim_in_the_taxonomy.Should_attempt_to_authorize_using_the_validation_rule_set_obtained_from_the_next_lowest_level_resource_claim_with_an_assigned_validation_rule_set" methodname="Should_attempt_to_authorize_using_the_validation_rule_set_obtained_from_the_next_lowest_level_resource_claim_with_an_assigned_validation_rule_set" classname="EdFi.Ods.Tests.EdFi.Ods.Security.Authorization.Feature_Authorization_strategy_selection+When_authorizing_a_request_for_a_resource_without_an_explicit_validation_rule_set_defined_but_with_a_parent_resource_claim_with_one_defined_that_is_BELOW_the_callers_assigned_claim_in_the_taxonomy" runstate="Runnable" result="Passed" duration="0.000444" asserts="2" />
                    <test-case id="6-2271" name="Should_not_attempt_to_authorize_using_any_other_validation_rule_sets" fullname="EdFi.Ods.Tests.EdFi.Ods.Security.Authorization.Feature_Authorization_strategy_selection+When_authorizing_a_request_for_a_resource_without_an_explicit_validation_rule_set_defined_but_with_a_parent_resource_claim_with_one_defined_that_is_BELOW_the_callers_assigned_claim_in_the_taxonomy.Should_not_attempt_to_authorize_using_any_other_validation_rule_sets" methodname="Should_not_attempt_to_authorize_using_any_other_validation_rule_sets" classname="EdFi.Ods.Tests.EdFi.Ods.Security.Authorization.Feature_Authorization_strategy_selection+When_authorizing_a_request_for_a_resource_without_an_explicit_validation_rule_set_defined_but_with_a_parent_resource_claim_with_one_defined_that_is_BELOW_the_callers_assigned_claim_in_the_taxonomy" runstate="Runnable" result="Passed" duration="0.000454" asserts="1" />
                    <test-case id="6-2272" name="Should_only_attempt_to_authorize_using_the_sole_authorization_strategy_defined_on_the_top_level_claim_in_the_lineage" fullname="EdFi.Ods.Tests.EdFi.Ods.Security.Authorization.Feature_Authorization_strategy_selection+When_authorizing_a_request_for_a_resource_without_an_explicit_validation_rule_set_defined_but_with_a_parent_resource_claim_with_one_defined_that_is_BELOW_the_callers_assigned_claim_in_the_taxonomy.Should_only_attempt_to_authorize_using_the_sole_authorization_strategy_defined_on_the_top_level_claim_in_the_lineage" methodname="Should_only_attempt_to_authorize_using_the_sole_authorization_strategy_defined_on_the_top_level_claim_in_the_lineage" classname="EdFi.Ods.Tests.EdFi.Ods.Security.Authorization.Feature_Authorization_strategy_selection+When_authorizing_a_request_for_a_resource_without_an_explicit_validation_rule_set_defined_but_with_a_parent_resource_claim_with_one_defined_that_is_BELOW_the_callers_assigned_claim_in_the_taxonomy" runstate="Runnable" result="Passed" duration="0.000472" asserts="0" />
                  </test-suite>
                  <test-suite type="TestFixture" id="6-2277" name="Feature_Authorization_strategy_selection+When_authorizing_a_request_for_a_resource_without_an_explicit_validation_rule_set_defined_but_with_a_parent_resource_claim_with_one_defined_that_is_BELOW_the_callers_assigned_claim_with_a_validation_rule_set_override_in_the_taxonomy" fullname="EdFi.Ods.Tests.EdFi.Ods.Security.Authorization.Feature_Authorization_strategy_selection+When_authorizing_a_request_for_a_resource_without_an_explicit_validation_rule_set_defined_but_with_a_parent_resource_claim_with_one_defined_that_is_BELOW_the_callers_assigned_claim_with_a_validation_rule_set_override_in_the_taxonomy" classname="EdFi.Ods.Tests.EdFi.Ods.Security.Authorization.Feature_Authorization_strategy_selection+When_authorizing_a_request_for_a_resource_without_an_explicit_validation_rule_set_defined_but_with_a_parent_resource_claim_with_one_defined_that_is_BELOW_the_callers_assigned_claim_with_a_validation_rule_set_override_in_the_taxonomy" runstate="Runnable" testcasecount="3" result="Passed" duration="0.004905" total="3" passed="0" failed="0" inconclusive="0" skipped="0" asserts="0">
                    <test-case id="6-2278" name="Should_attempt_to_authorize_using_the_override_validation_rule_set_executing_all_the_supplied_validators" fullname="EdFi.Ods.Tests.EdFi.Ods.Security.Authorization.Feature_Authorization_strategy_selection+When_authorizing_a_request_for_a_resource_without_an_explicit_validation_rule_set_defined_but_with_a_parent_resource_claim_with_one_defined_that_is_BELOW_the_callers_assigned_claim_with_a_validation_rule_set_override_in_the_taxonomy.Should_attempt_to_authorize_using_the_override_validation_rule_set_executing_all_the_supplied_validators" methodname="Should_attempt_to_authorize_using_the_override_validation_rule_set_executing_all_the_supplied_validators" classname="EdFi.Ods.Tests.EdFi.Ods.Security.Authorization.Feature_Authorization_strategy_selection+When_authorizing_a_request_for_a_resource_without_an_explicit_validation_rule_set_defined_but_with_a_parent_resource_claim_with_one_defined_that_is_BELOW_the_callers_assigned_claim_with_a_validation_rule_set_override_in_the_taxonomy" runstate="Runnable" result="Passed" duration="0.000368" asserts="2" />
                    <test-case id="6-2279" name="Should_not_attempt_to_authorize_using_any_other_validation_rule_sets" fullname="EdFi.Ods.Tests.EdFi.Ods.Security.Authorization.Feature_Authorization_strategy_selection+When_authorizing_a_request_for_a_resource_without_an_explicit_validation_rule_set_defined_but_with_a_parent_resource_claim_with_one_defined_that_is_BELOW_the_callers_assigned_claim_with_a_validation_rule_set_override_in_the_taxonomy.Should_not_attempt_to_authorize_using_any_other_validation_rule_sets" methodname="Should_not_attempt_to_authorize_using_any_other_validation_rule_sets" classname="EdFi.Ods.Tests.EdFi.Ods.Security.Authorization.Feature_Authorization_strategy_selection+When_authorizing_a_request_for_a_resource_without_an_explicit_validation_rule_set_defined_but_with_a_parent_resource_claim_with_one_defined_that_is_BELOW_the_callers_assigned_claim_with_a_validation_rule_set_override_in_the_taxonomy" runstate="Runnable" result="Passed" duration="0.000401" asserts="1" />
                    <test-case id="6-2280" name="Should_only_attempt_to_authorize_using_the_sole_authorization_strategy_defined_on_the_top_level_claim_in_the_lineage" fullname="EdFi.Ods.Tests.EdFi.Ods.Security.Authorization.Feature_Authorization_strategy_selection+When_authorizing_a_request_for_a_resource_without_an_explicit_validation_rule_set_defined_but_with_a_parent_resource_claim_with_one_defined_that_is_BELOW_the_callers_assigned_claim_with_a_validation_rule_set_override_in_the_taxonomy.Should_only_attempt_to_authorize_using_the_sole_authorization_strategy_defined_on_the_top_level_claim_in_the_lineage" methodname="Should_only_attempt_to_authorize_using_the_sole_authorization_strategy_defined_on_the_top_level_claim_in_the_lineage" classname="EdFi.Ods.Tests.EdFi.Ods.Security.Authorization.Feature_Authorization_strategy_selection+When_authorizing_a_request_for_a_resource_without_an_explicit_validation_rule_set_defined_but_with_a_parent_resource_claim_with_one_defined_that_is_BELOW_the_callers_assigned_claim_with_a_validation_rule_set_override_in_the_taxonomy" runstate="Runnable" result="Passed" duration="0.000352" asserts="0" />
                  </test-suite>
                  <test-suite type="TestFixture" id="6-2285" name="Feature_Authorization_strategy_selection+When_authorizing_a_request_for_which_the_principal_has_multiple_matching_claims_with_a_validation_rule_set_override_defined" fullname="EdFi.Ods.Tests.EdFi.Ods.Security.Authorization.Feature_Authorization_strategy_selection+When_authorizing_a_request_for_which_the_principal_has_multiple_matching_claims_with_a_validation_rule_set_override_defined" classname="EdFi.Ods.Tests.EdFi.Ods.Security.Authorization.Feature_Authorization_strategy_selection+When_authorizing_a_request_for_which_the_principal_has_multiple_matching_claims_with_a_validation_rule_set_override_defined" runstate="Runnable" testcasecount="2" result="Passed" duration="0.003992" total="2" passed="0" failed="0" inconclusive="0" skipped="0" asserts="0">
                    <test-case id="6-2287" name="Should_only_attempt_to_authorize_using_the_sole_authorization_strategy_defined_on_the_top_level_claim_in_the_lineage" fullname="EdFi.Ods.Tests.EdFi.Ods.Security.Authorization.Feature_Authorization_strategy_selection+When_authorizing_a_request_for_which_the_principal_has_multiple_matching_claims_with_a_validation_rule_set_override_defined.Should_only_attempt_to_authorize_using_the_sole_authorization_strategy_defined_on_the_top_level_claim_in_the_lineage" methodname="Should_only_attempt_to_authorize_using_the_sole_authorization_strategy_defined_on_the_top_level_claim_in_the_lineage" classname="EdFi.Ods.Tests.EdFi.Ods.Security.Authorization.Feature_Authorization_strategy_selection+When_authorizing_a_request_for_which_the_principal_has_multiple_matching_claims_with_a_validation_rule_set_override_defined" runstate="Runnable" result="Passed" duration="0.000390" asserts="0" />
                    <test-case id="6-2286" name="Should_resolve_claims_using_authorization_metadata_order_rather_than_callers_claims_order_and_invoke_only_the_lowest_matching_claims_validation_rule_set" fullname="EdFi.Ods.Tests.EdFi.Ods.Security.Authorization.Feature_Authorization_strategy_selection+When_authorizing_a_request_for_which_the_principal_has_multiple_matching_claims_with_a_validation_rule_set_override_defined.Should_resolve_claims_using_authorization_metadata_order_rather_than_callers_claims_order_and_invoke_only_the_lowest_matching_claims_validation_rule_set" methodname="Should_resolve_claims_using_authorization_metadata_order_rather_than_callers_claims_order_and_invoke_only_the_lowest_matching_claims_validation_rule_set" classname="EdFi.Ods.Tests.EdFi.Ods.Security.Authorization.Feature_Authorization_strategy_selection+When_authorizing_a_request_for_which_the_principal_has_multiple_matching_claims_with_a_validation_rule_set_override_defined" runstate="Runnable" result="Passed" duration="0.000673" asserts="3" />
                  </test-suite>
                  <test-suite type="TestFixture" id="6-2255" name="Feature_Authorization_strategy_selection+When_authorizing_a_request_for_which_the_principal_has_multiple_matching_claims_with_an_authorization_strategy_override_defined" fullname="EdFi.Ods.Tests.EdFi.Ods.Security.Authorization.Feature_Authorization_strategy_selection+When_authorizing_a_request_for_which_the_principal_has_multiple_matching_claims_with_an_authorization_strategy_override_defined" classname="EdFi.Ods.Tests.EdFi.Ods.Security.Authorization.Feature_Authorization_strategy_selection+When_authorizing_a_request_for_which_the_principal_has_multiple_matching_claims_with_an_authorization_strategy_override_defined" runstate="Runnable" testcasecount="1" result="Passed" duration="0.002502" total="1" passed="0" failed="0" inconclusive="0" skipped="0" asserts="0">
                    <test-case id="6-2256" name="Should_resolve_claims_using_authorization_metadata_order_rather_than_callers_claims_order_and_invoke_lowest_matching_claims_authorization_strategy" fullname="EdFi.Ods.Tests.EdFi.Ods.Security.Authorization.Feature_Authorization_strategy_selection+When_authorizing_a_request_for_which_the_principal_has_multiple_matching_claims_with_an_authorization_strategy_override_defined.Should_resolve_claims_using_authorization_metadata_order_rather_than_callers_claims_order_and_invoke_lowest_matching_claims_authorization_strategy" methodname="Should_resolve_claims_using_authorization_metadata_order_rather_than_callers_claims_order_and_invoke_lowest_matching_claims_authorization_strategy" classname="EdFi.Ods.Tests.EdFi.Ods.Security.Authorization.Feature_Authorization_strategy_selection+When_authorizing_a_request_for_which_the_principal_has_multiple_matching_claims_with_an_authorization_strategy_override_defined" runstate="Runnable" result="Passed" duration="0.000314" asserts="0" />
                  </test-suite>
                  <test-suite type="TestFixture" id="6-2292" name="Feature_Authorizing_requests_focusing_on_actions+When_authorizing_with_a_matching_claim_but_without_a_matching_action" fullname="EdFi.Ods.Tests.EdFi.Ods.Security.Authorization.Feature_Authorizing_requests_focusing_on_actions+When_authorizing_with_a_matching_claim_but_without_a_matching_action" classname="EdFi.Ods.Tests.EdFi.Ods.Security.Authorization.Feature_Authorizing_requests_focusing_on_actions+When_authorizing_with_a_matching_claim_but_without_a_matching_action" runstate="Runnable" testcasecount="1" result="Passed" duration="0.213105" total="1" passed="0" failed="0" inconclusive="0" skipped="0" asserts="0">
                    <test-case id="6-2293" name="Should_throw_exception_indicating_authorization_failed_for_the_requested_action" fullname="EdFi.Ods.Tests.EdFi.Ods.Security.Authorization.Feature_Authorizing_requests_focusing_on_actions+When_authorizing_with_a_matching_claim_but_without_a_matching_action.Should_throw_exception_indicating_authorization_failed_for_the_requested_action" methodname="Should_throw_exception_indicating_authorization_failed_for_the_requested_action" classname="EdFi.Ods.Tests.EdFi.Ods.Security.Authorization.Feature_Authorizing_requests_focusing_on_actions+When_authorizing_with_a_matching_claim_but_without_a_matching_action" runstate="Runnable" result="Passed" duration="0.000788" asserts="0" />
                  </test-suite>
                  <test-suite type="TestFixture" id="6-2288" name="Feature_Authorizing_requests_focusing_on_actions+When_authorizing_with_a_matching_resource_claim_and_action" fullname="EdFi.Ods.Tests.EdFi.Ods.Security.Authorization.Feature_Authorizing_requests_focusing_on_actions+When_authorizing_with_a_matching_resource_claim_and_action" classname="EdFi.Ods.Tests.EdFi.Ods.Security.Authorization.Feature_Authorizing_requests_focusing_on_actions+When_authorizing_with_a_matching_resource_claim_and_action" runstate="Runnable" testcasecount="1" result="Passed" duration="0.002494" total="1" passed="0" failed="0" inconclusive="0" skipped="0" asserts="0">
                    <test-case id="6-2289" name="Should_NOT_throw_exception" fullname="EdFi.Ods.Tests.EdFi.Ods.Security.Authorization.Feature_Authorizing_requests_focusing_on_actions+When_authorizing_with_a_matching_resource_claim_and_action.Should_NOT_throw_exception" methodname="Should_NOT_throw_exception" classname="EdFi.Ods.Tests.EdFi.Ods.Security.Authorization.Feature_Authorizing_requests_focusing_on_actions+When_authorizing_with_a_matching_resource_claim_and_action" runstate="Runnable" result="Passed" duration="0.000213" asserts="1" />
                  </test-suite>
                  <test-suite type="TestFixture" id="6-2290" name="Feature_Authorizing_requests_focusing_on_actions+When_authorizing_WITHOUT_a_matching_resource_claim" fullname="EdFi.Ods.Tests.EdFi.Ods.Security.Authorization.Feature_Authorizing_requests_focusing_on_actions+When_authorizing_WITHOUT_a_matching_resource_claim" classname="EdFi.Ods.Tests.EdFi.Ods.Security.Authorization.Feature_Authorizing_requests_focusing_on_actions+When_authorizing_WITHOUT_a_matching_resource_claim" runstate="Runnable" testcasecount="1" result="Passed" duration="0.002448" total="1" passed="0" failed="0" inconclusive="0" skipped="0" asserts="0">
                    <test-case id="6-2291" name="Should_throw_exception" fullname="EdFi.Ods.Tests.EdFi.Ods.Security.Authorization.Feature_Authorizing_requests_focusing_on_actions+When_authorizing_WITHOUT_a_matching_resource_claim.Should_throw_exception" methodname="Should_throw_exception" classname="EdFi.Ods.Tests.EdFi.Ods.Security.Authorization.Feature_Authorizing_requests_focusing_on_actions+When_authorizing_WITHOUT_a_matching_resource_claim" runstate="Runnable" result="Passed" duration="0.000482" asserts="0" />
                  </test-suite>
                  <test-suite type="TestFixture" id="6-1137" name="Feature_Converting_EducationOrganizationId_to_appropriate_concrete_type" fullname="EdFi.Ods.Tests.EdFi.Ods.Security.Authorization.Feature_Converting_EducationOrganizationId_to_appropriate_concrete_type" classname="EdFi.Ods.Tests.EdFi.Ods.Security.Authorization.Feature_Converting_EducationOrganizationId_to_appropriate_concrete_type" runstate="Runnable" testcasecount="0" result="Inconclusive" duration="0.000231" total="0" passed="0" failed="0" inconclusive="0" skipped="0" asserts="0" />
                  <test-suite type="TestFixture" id="6-2189" name="Feature_Converting_EducationOrganizationId_to_appropriate_concrete_type+When_attempting_to_convert_a_context_with_a_null_education_organization_identifier" fullname="EdFi.Ods.Tests.EdFi.Ods.Security.Authorization.Feature_Converting_EducationOrganizationId_to_appropriate_concrete_type+When_attempting_to_convert_a_context_with_a_null_education_organization_identifier" classname="EdFi.Ods.Tests.EdFi.Ods.Security.Authorization.Feature_Converting_EducationOrganizationId_to_appropriate_concrete_type+When_attempting_to_convert_a_context_with_a_null_education_organization_identifier" runstate="Runnable" testcasecount="2" result="Passed" duration="0.005549" total="2" passed="0" failed="0" inconclusive="0" skipped="0" asserts="0">
                    <test-case id="6-2191" name="Should_not_try_to_look_the_identifier_up_in_the_cache" fullname="EdFi.Ods.Tests.EdFi.Ods.Security.Authorization.Feature_Converting_EducationOrganizationId_to_appropriate_concrete_type+When_attempting_to_convert_a_context_with_a_null_education_organization_identifier.Should_not_try_to_look_the_identifier_up_in_the_cache" methodname="Should_not_try_to_look_the_identifier_up_in_the_cache" classname="EdFi.Ods.Tests.EdFi.Ods.Security.Authorization.Feature_Converting_EducationOrganizationId_to_appropriate_concrete_type+When_attempting_to_convert_a_context_with_a_null_education_organization_identifier" runstate="Runnable" result="Passed" duration="0.002275" asserts="0" />
                    <test-case id="6-2190" name="Should_return_same_instance" fullname="EdFi.Ods.Tests.EdFi.Ods.Security.Authorization.Feature_Converting_EducationOrganizationId_to_appropriate_concrete_type+When_attempting_to_convert_a_context_with_a_null_education_organization_identifier.Should_return_same_instance" methodname="Should_return_same_instance" classname="EdFi.Ods.Tests.EdFi.Ods.Security.Authorization.Feature_Converting_EducationOrganizationId_to_appropriate_concrete_type+When_attempting_to_convert_a_context_with_a_null_education_organization_identifier" runstate="Runnable" result="Passed" duration="0.000166" asserts="0" />
                  </test-suite>
                  <test-suite type="TestFixture" id="6-2192" name="Feature_Converting_EducationOrganizationId_to_appropriate_concrete_type+When_converting_a_known_identifier_that_is_an_unhandled_type" fullname="EdFi.Ods.Tests.EdFi.Ods.Security.Authorization.Feature_Converting_EducationOrganizationId_to_appropriate_concrete_type+When_converting_a_known_identifier_that_is_an_unhandled_type" classname="EdFi.Ods.Tests.EdFi.Ods.Security.Authorization.Feature_Converting_EducationOrganizationId_to_appropriate_concrete_type+When_converting_a_known_identifier_that_is_an_unhandled_type" runstate="Runnable" testcasecount="1" result="Passed" duration="0.007311" total="1" passed="0" failed="0" inconclusive="0" skipped="0" asserts="0">
                    <test-case id="6-2193" name="Should_throw_a_NotSupportedException_indicating_the_type_is_not_handled" fullname="EdFi.Ods.Tests.EdFi.Ods.Security.Authorization.Feature_Converting_EducationOrganizationId_to_appropriate_concrete_type+When_converting_a_known_identifier_that_is_an_unhandled_type.Should_throw_a_NotSupportedException_indicating_the_type_is_not_handled" methodname="Should_throw_a_NotSupportedException_indicating_the_type_is_not_handled" classname="EdFi.Ods.Tests.EdFi.Ods.Security.Authorization.Feature_Converting_EducationOrganizationId_to_appropriate_concrete_type+When_converting_a_known_identifier_that_is_an_unhandled_type" runstate="Runnable" result="Passed" duration="0.002830" asserts="1" />
                  </test-suite>
                  <test-suite type="TestFixture" id="6-2194" name="Feature_Converting_EducationOrganizationId_to_appropriate_concrete_type+When_converting_an_unknown_identifier" fullname="EdFi.Ods.Tests.EdFi.Ods.Security.Authorization.Feature_Converting_EducationOrganizationId_to_appropriate_concrete_type+When_converting_an_unknown_identifier" classname="EdFi.Ods.Tests.EdFi.Ods.Security.Authorization.Feature_Converting_EducationOrganizationId_to_appropriate_concrete_type+When_converting_an_unknown_identifier" runstate="Runnable" testcasecount="1" result="Passed" duration="0.002751" total="1" passed="0" failed="0" inconclusive="0" skipped="0" asserts="0">
                    <test-case id="6-2195" name="Should_throw_a_NotFoundException_indicating_the_identifer_could_not_be_found" fullname="EdFi.Ods.Tests.EdFi.Ods.Security.Authorization.Feature_Converting_EducationOrganizationId_to_appropriate_concrete_type+When_converting_an_unknown_identifier.Should_throw_a_NotFoundException_indicating_the_identifer_could_not_be_found" methodname="Should_throw_a_NotFoundException_indicating_the_identifer_could_not_be_found" classname="EdFi.Ods.Tests.EdFi.Ods.Security.Authorization.Feature_Converting_EducationOrganizationId_to_appropriate_concrete_type+When_converting_an_unknown_identifier" runstate="Runnable" result="Passed" duration="0.001698" asserts="1" />
                  </test-suite>
                  <test-suite type="TestFixture" id="6-2204" name="Feature_Converting_EducationOrganizationId_to_appropriate_concrete_type+WhenConvertingAKnownIdentifierOfAKnownTypeThatIsALocalEducationAgency" fullname="EdFi.Ods.Tests.EdFi.Ods.Security.Authorization.Feature_Converting_EducationOrganizationId_to_appropriate_concrete_type+WhenConvertingAKnownIdentifierOfAKnownTypeThatIsALocalEducationAgency" classname="EdFi.Ods.Tests.EdFi.Ods.Security.Authorization.Feature_Converting_EducationOrganizationId_to_appropriate_concrete_type+WhenConvertingAKnownIdentifierOfAKnownTypeThatIsALocalEducationAgency" runstate="Runnable" testcasecount="3" result="Passed" duration="0.006490" total="3" passed="0" failed="0" inconclusive="0" skipped="0" asserts="0">
                    <test-case id="6-2205" name="When_converting_a_known_identifier_of_a_known_type.Should_clear_the_EducationOrganizationId_on_the_context" fullname="EdFi.Ods.Tests.EdFi.Ods.Security.Authorization.Feature_Converting_EducationOrganizationId_to_appropriate_concrete_type+WhenConvertingAKnownIdentifierOfAKnownTypeThatIsALocalEducationAgency.When_converting_a_known_identifier_of_a_known_type.Should_clear_the_EducationOrganizationId_on_the_context" methodname="Should_clear_the_EducationOrganizationId_on_the_context" classname="EdFi.Ods.Tests.EdFi.Ods.Security.Authorization.Feature_Converting_EducationOrganizationId_to_appropriate_concrete_type+WhenConvertingAKnownIdentifierOfAKnownTypeThatIsALocalEducationAgency" runstate="Runnable" result="Passed" duration="0.000280" asserts="0" />
                    <test-case id="6-2207" name="When_converting_a_known_identifier_of_a_known_type.Should_not_set_any_other_values_on_the_context" fullname="EdFi.Ods.Tests.EdFi.Ods.Security.Authorization.Feature_Converting_EducationOrganizationId_to_appropriate_concrete_type+WhenConvertingAKnownIdentifierOfAKnownTypeThatIsALocalEducationAgency.When_converting_a_known_identifier_of_a_known_type.Should_not_set_any_other_values_on_the_context" methodname="Should_not_set_any_other_values_on_the_context" classname="EdFi.Ods.Tests.EdFi.Ods.Security.Authorization.Feature_Converting_EducationOrganizationId_to_appropriate_concrete_type+WhenConvertingAKnownIdentifierOfAKnownTypeThatIsALocalEducationAgency" runstate="Runnable" result="Passed" duration="0.001933" asserts="0" />
                    <test-case id="6-2206" name="When_converting_a_known_identifier_of_a_known_type.Should_set_the_concrete_identifier_value_on_the_context_data" fullname="EdFi.Ods.Tests.EdFi.Ods.Security.Authorization.Feature_Converting_EducationOrganizationId_to_appropriate_concrete_type+WhenConvertingAKnownIdentifierOfAKnownTypeThatIsALocalEducationAgency.When_converting_a_known_identifier_of_a_known_type.Should_set_the_concrete_identifier_value_on_the_context_data" methodname="Should_set_the_concrete_identifier_value_on_the_context_data" classname="EdFi.Ods.Tests.EdFi.Ods.Security.Authorization.Feature_Converting_EducationOrganizationId_to_appropriate_concrete_type+WhenConvertingAKnownIdentifierOfAKnownTypeThatIsALocalEducationAgency" runstate="Runnable" result="Passed" duration="0.001884" asserts="0" />
                  </test-suite>
                  <test-suite type="TestFixture" id="6-2212" name="Feature_Converting_EducationOrganizationId_to_appropriate_concrete_type+WhenConvertingAKnownIdentifierOfAKnownTypeThatIsAnEducationOrganizationNetwork" fullname="EdFi.Ods.Tests.EdFi.Ods.Security.Authorization.Feature_Converting_EducationOrganizationId_to_appropriate_concrete_type+WhenConvertingAKnownIdentifierOfAKnownTypeThatIsAnEducationOrganizationNetwork" classname="EdFi.Ods.Tests.EdFi.Ods.Security.Authorization.Feature_Converting_EducationOrganizationId_to_appropriate_concrete_type+WhenConvertingAKnownIdentifierOfAKnownTypeThatIsAnEducationOrganizationNetwork" runstate="Runnable" testcasecount="3" result="Passed" duration="0.002219" total="3" passed="0" failed="0" inconclusive="0" skipped="0" asserts="0">
                    <test-case id="6-2213" name="When_converting_a_known_identifier_of_a_known_type.Should_clear_the_EducationOrganizationId_on_the_context" fullname="EdFi.Ods.Tests.EdFi.Ods.Security.Authorization.Feature_Converting_EducationOrganizationId_to_appropriate_concrete_type+WhenConvertingAKnownIdentifierOfAKnownTypeThatIsAnEducationOrganizationNetwork.When_converting_a_known_identifier_of_a_known_type.Should_clear_the_EducationOrganizationId_on_the_context" methodname="Should_clear_the_EducationOrganizationId_on_the_context" classname="EdFi.Ods.Tests.EdFi.Ods.Security.Authorization.Feature_Converting_EducationOrganizationId_to_appropriate_concrete_type+WhenConvertingAKnownIdentifierOfAKnownTypeThatIsAnEducationOrganizationNetwork" runstate="Runnable" result="Passed" duration="0.000053" asserts="0" />
                    <test-case id="6-2215" name="When_converting_a_known_identifier_of_a_known_type.Should_not_set_any_other_values_on_the_context" fullname="EdFi.Ods.Tests.EdFi.Ods.Security.Authorization.Feature_Converting_EducationOrganizationId_to_appropriate_concrete_type+WhenConvertingAKnownIdentifierOfAKnownTypeThatIsAnEducationOrganizationNetwork.When_converting_a_known_identifier_of_a_known_type.Should_not_set_any_other_values_on_the_context" methodname="Should_not_set_any_other_values_on_the_context" classname="EdFi.Ods.Tests.EdFi.Ods.Security.Authorization.Feature_Converting_EducationOrganizationId_to_appropriate_concrete_type+WhenConvertingAKnownIdentifierOfAKnownTypeThatIsAnEducationOrganizationNetwork" runstate="Runnable" result="Passed" duration="0.000054" asserts="0" />
                    <test-case id="6-2214" name="When_converting_a_known_identifier_of_a_known_type.Should_set_the_concrete_identifier_value_on_the_context_data" fullname="EdFi.Ods.Tests.EdFi.Ods.Security.Authorization.Feature_Converting_EducationOrganizationId_to_appropriate_concrete_type+WhenConvertingAKnownIdentifierOfAKnownTypeThatIsAnEducationOrganizationNetwork.When_converting_a_known_identifier_of_a_known_type.Should_set_the_concrete_identifier_value_on_the_context_data" methodname="Should_set_the_concrete_identifier_value_on_the_context_data" classname="EdFi.Ods.Tests.EdFi.Ods.Security.Authorization.Feature_Converting_EducationOrganizationId_to_appropriate_concrete_type+WhenConvertingAKnownIdentifierOfAKnownTypeThatIsAnEducationOrganizationNetwork" runstate="Runnable" result="Passed" duration="0.000092" asserts="0" />
                  </test-suite>
                  <test-suite type="TestFixture" id="6-2200" name="Feature_Converting_EducationOrganizationId_to_appropriate_concrete_type+WhenConvertingAKnownIdentifierOfAKnownTypeThatIsAnEducationServiceCenter" fullname="EdFi.Ods.Tests.EdFi.Ods.Security.Authorization.Feature_Converting_EducationOrganizationId_to_appropriate_concrete_type+WhenConvertingAKnownIdentifierOfAKnownTypeThatIsAnEducationServiceCenter" classname="EdFi.Ods.Tests.EdFi.Ods.Security.Authorization.Feature_Converting_EducationOrganizationId_to_appropriate_concrete_type+WhenConvertingAKnownIdentifierOfAKnownTypeThatIsAnEducationServiceCenter" runstate="Runnable" testcasecount="3" result="Passed" duration="0.002190" total="3" passed="0" failed="0" inconclusive="0" skipped="0" asserts="0">
                    <test-case id="6-2201" name="When_converting_a_known_identifier_of_a_known_type.Should_clear_the_EducationOrganizationId_on_the_context" fullname="EdFi.Ods.Tests.EdFi.Ods.Security.Authorization.Feature_Converting_EducationOrganizationId_to_appropriate_concrete_type+WhenConvertingAKnownIdentifierOfAKnownTypeThatIsAnEducationServiceCenter.When_converting_a_known_identifier_of_a_known_type.Should_clear_the_EducationOrganizationId_on_the_context" methodname="Should_clear_the_EducationOrganizationId_on_the_context" classname="EdFi.Ods.Tests.EdFi.Ods.Security.Authorization.Feature_Converting_EducationOrganizationId_to_appropriate_concrete_type+WhenConvertingAKnownIdentifierOfAKnownTypeThatIsAnEducationServiceCenter" runstate="Runnable" result="Passed" duration="0.000053" asserts="0" />
                    <test-case id="6-2203" name="When_converting_a_known_identifier_of_a_known_type.Should_not_set_any_other_values_on_the_context" fullname="EdFi.Ods.Tests.EdFi.Ods.Security.Authorization.Feature_Converting_EducationOrganizationId_to_appropriate_concrete_type+WhenConvertingAKnownIdentifierOfAKnownTypeThatIsAnEducationServiceCenter.When_converting_a_known_identifier_of_a_known_type.Should_not_set_any_other_values_on_the_context" methodname="Should_not_set_any_other_values_on_the_context" classname="EdFi.Ods.Tests.EdFi.Ods.Security.Authorization.Feature_Converting_EducationOrganizationId_to_appropriate_concrete_type+WhenConvertingAKnownIdentifierOfAKnownTypeThatIsAnEducationServiceCenter" runstate="Runnable" result="Passed" duration="0.000056" asserts="0" />
                    <test-case id="6-2202" name="When_converting_a_known_identifier_of_a_known_type.Should_set_the_concrete_identifier_value_on_the_context_data" fullname="EdFi.Ods.Tests.EdFi.Ods.Security.Authorization.Feature_Converting_EducationOrganizationId_to_appropriate_concrete_type+WhenConvertingAKnownIdentifierOfAKnownTypeThatIsAnEducationServiceCenter.When_converting_a_known_identifier_of_a_known_type.Should_set_the_concrete_identifier_value_on_the_context_data" methodname="Should_set_the_concrete_identifier_value_on_the_context_data" classname="EdFi.Ods.Tests.EdFi.Ods.Security.Authorization.Feature_Converting_EducationOrganizationId_to_appropriate_concrete_type+WhenConvertingAKnownIdentifierOfAKnownTypeThatIsAnEducationServiceCenter" runstate="Runnable" result="Passed" duration="0.000081" asserts="0" />
                  </test-suite>
                  <test-suite type="TestFixture" id="6-2208" name="Feature_Converting_EducationOrganizationId_to_appropriate_concrete_type+WhenConvertingAKnownIdentifierOfAKnownTypeThatIsASchool" fullname="EdFi.Ods.Tests.EdFi.Ods.Security.Authorization.Feature_Converting_EducationOrganizationId_to_appropriate_concrete_type+WhenConvertingAKnownIdentifierOfAKnownTypeThatIsASchool" classname="EdFi.Ods.Tests.EdFi.Ods.Security.Authorization.Feature_Converting_EducationOrganizationId_to_appropriate_concrete_type+WhenConvertingAKnownIdentifierOfAKnownTypeThatIsASchool" runstate="Runnable" testcasecount="3" result="Passed" duration="0.002074" total="3" passed="0" failed="0" inconclusive="0" skipped="0" asserts="0">
                    <test-case id="6-2209" name="When_converting_a_known_identifier_of_a_known_type.Should_clear_the_EducationOrganizationId_on_the_context" fullname="EdFi.Ods.Tests.EdFi.Ods.Security.Authorization.Feature_Converting_EducationOrganizationId_to_appropriate_concrete_type+WhenConvertingAKnownIdentifierOfAKnownTypeThatIsASchool.When_converting_a_known_identifier_of_a_known_type.Should_clear_the_EducationOrganizationId_on_the_context" methodname="Should_clear_the_EducationOrganizationId_on_the_context" classname="EdFi.Ods.Tests.EdFi.Ods.Security.Authorization.Feature_Converting_EducationOrganizationId_to_appropriate_concrete_type+WhenConvertingAKnownIdentifierOfAKnownTypeThatIsASchool" runstate="Runnable" result="Passed" duration="0.000050" asserts="0" />
                    <test-case id="6-2211" name="When_converting_a_known_identifier_of_a_known_type.Should_not_set_any_other_values_on_the_context" fullname="EdFi.Ods.Tests.EdFi.Ods.Security.Authorization.Feature_Converting_EducationOrganizationId_to_appropriate_concrete_type+WhenConvertingAKnownIdentifierOfAKnownTypeThatIsASchool.When_converting_a_known_identifier_of_a_known_type.Should_not_set_any_other_values_on_the_context" methodname="Should_not_set_any_other_values_on_the_context" classname="EdFi.Ods.Tests.EdFi.Ods.Security.Authorization.Feature_Converting_EducationOrganizationId_to_appropriate_concrete_type+WhenConvertingAKnownIdentifierOfAKnownTypeThatIsASchool" runstate="Runnable" result="Passed" duration="0.000048" asserts="0" />
                    <test-case id="6-2210" name="When_converting_a_known_identifier_of_a_known_type.Should_set_the_concrete_identifier_value_on_the_context_data" fullname="EdFi.Ods.Tests.EdFi.Ods.Security.Authorization.Feature_Converting_EducationOrganizationId_to_appropriate_concrete_type+WhenConvertingAKnownIdentifierOfAKnownTypeThatIsASchool.When_converting_a_known_identifier_of_a_known_type.Should_set_the_concrete_identifier_value_on_the_context_data" methodname="Should_set_the_concrete_identifier_value_on_the_context_data" classname="EdFi.Ods.Tests.EdFi.Ods.Security.Authorization.Feature_Converting_EducationOrganizationId_to_appropriate_concrete_type+WhenConvertingAKnownIdentifierOfAKnownTypeThatIsASchool" runstate="Runnable" result="Passed" duration="0.000070" asserts="0" />
                  </test-suite>
                  <test-suite type="TestFixture" id="6-2196" name="Feature_Converting_EducationOrganizationId_to_appropriate_concrete_type+WhenConvertingAKnownIdentifierOfAKnownTypeThatIsAStateEducationAgency" fullname="EdFi.Ods.Tests.EdFi.Ods.Security.Authorization.Feature_Converting_EducationOrganizationId_to_appropriate_concrete_type+WhenConvertingAKnownIdentifierOfAKnownTypeThatIsAStateEducationAgency" classname="EdFi.Ods.Tests.EdFi.Ods.Security.Authorization.Feature_Converting_EducationOrganizationId_to_appropriate_concrete_type+WhenConvertingAKnownIdentifierOfAKnownTypeThatIsAStateEducationAgency" runstate="Runnable" testcasecount="3" result="Passed" duration="0.001946" total="3" passed="0" failed="0" inconclusive="0" skipped="0" asserts="0">
                    <test-case id="6-2197" name="When_converting_a_known_identifier_of_a_known_type.Should_clear_the_EducationOrganizationId_on_the_context" fullname="EdFi.Ods.Tests.EdFi.Ods.Security.Authorization.Feature_Converting_EducationOrganizationId_to_appropriate_concrete_type+WhenConvertingAKnownIdentifierOfAKnownTypeThatIsAStateEducationAgency.When_converting_a_known_identifier_of_a_known_type.Should_clear_the_EducationOrganizationId_on_the_context" methodname="Should_clear_the_EducationOrganizationId_on_the_context" classname="EdFi.Ods.Tests.EdFi.Ods.Security.Authorization.Feature_Converting_EducationOrganizationId_to_appropriate_concrete_type+WhenConvertingAKnownIdentifierOfAKnownTypeThatIsAStateEducationAgency" runstate="Runnable" result="Passed" duration="0.000043" asserts="0" />
                    <test-case id="6-2199" name="When_converting_a_known_identifier_of_a_known_type.Should_not_set_any_other_values_on_the_context" fullname="EdFi.Ods.Tests.EdFi.Ods.Security.Authorization.Feature_Converting_EducationOrganizationId_to_appropriate_concrete_type+WhenConvertingAKnownIdentifierOfAKnownTypeThatIsAStateEducationAgency.When_converting_a_known_identifier_of_a_known_type.Should_not_set_any_other_values_on_the_context" methodname="Should_not_set_any_other_values_on_the_context" classname="EdFi.Ods.Tests.EdFi.Ods.Security.Authorization.Feature_Converting_EducationOrganizationId_to_appropriate_concrete_type+WhenConvertingAKnownIdentifierOfAKnownTypeThatIsAStateEducationAgency" runstate="Runnable" result="Passed" duration="0.000046" asserts="0" />
                    <test-case id="6-2198" name="When_converting_a_known_identifier_of_a_known_type.Should_set_the_concrete_identifier_value_on_the_context_data" fullname="EdFi.Ods.Tests.EdFi.Ods.Security.Authorization.Feature_Converting_EducationOrganizationId_to_appropriate_concrete_type+WhenConvertingAKnownIdentifierOfAKnownTypeThatIsAStateEducationAgency.When_converting_a_known_identifier_of_a_known_type.Should_set_the_concrete_identifier_value_on_the_context_data" methodname="Should_set_the_concrete_identifier_value_on_the_context_data" classname="EdFi.Ods.Tests.EdFi.Ods.Security.Authorization.Feature_Converting_EducationOrganizationId_to_appropriate_concrete_type+WhenConvertingAKnownIdentifierOfAKnownTypeThatIsAStateEducationAgency" runstate="Runnable" result="Passed" duration="0.000069" asserts="0" />
                  </test-suite>
                  <test-suite type="TestFixture" id="6-2294" name="Feature_Detecting_missing_or_undefined_authorization_strategies+When_no_matching_authorization_strategy_implementation_can_be_found" fullname="EdFi.Ods.Tests.EdFi.Ods.Security.Authorization.Feature_Detecting_missing_or_undefined_authorization_strategies+When_no_matching_authorization_strategy_implementation_can_be_found" classname="EdFi.Ods.Tests.EdFi.Ods.Security.Authorization.Feature_Detecting_missing_or_undefined_authorization_strategies+When_no_matching_authorization_strategy_implementation_can_be_found" runstate="Runnable" testcasecount="1" result="Passed" duration="0.006161" total="1" passed="0" failed="0" inconclusive="0" skipped="0" asserts="0">
                    <test-case id="6-2295" name="Should_throw_exception_indicating_that_the_authorization_strategy_could_not_be_found" fullname="EdFi.Ods.Tests.EdFi.Ods.Security.Authorization.Feature_Detecting_missing_or_undefined_authorization_strategies+When_no_matching_authorization_strategy_implementation_can_be_found.Should_throw_exception_indicating_that_the_authorization_strategy_could_not_be_found" methodname="Should_throw_exception_indicating_that_the_authorization_strategy_could_not_be_found" classname="EdFi.Ods.Tests.EdFi.Ods.Security.Authorization.Feature_Detecting_missing_or_undefined_authorization_strategies+When_no_matching_authorization_strategy_implementation_can_be_found" runstate="Runnable" result="Passed" duration="0.001810" asserts="1" />
                  </test-suite>
                  <test-suite type="TestFixture" id="6-2296" name="Feature_Detecting_missing_or_undefined_authorization_strategies+When_there_is_no_authorization_strategy_defined_in_the_metadata_for_the_matched_claim" fullname="EdFi.Ods.Tests.EdFi.Ods.Security.Authorization.Feature_Detecting_missing_or_undefined_authorization_strategies+When_there_is_no_authorization_strategy_defined_in_the_metadata_for_the_matched_claim" classname="EdFi.Ods.Tests.EdFi.Ods.Security.Authorization.Feature_Detecting_missing_or_undefined_authorization_strategies+When_there_is_no_authorization_strategy_defined_in_the_metadata_for_the_matched_claim" runstate="Runnable" testcasecount="1" result="Passed" duration="0.002152" total="1" passed="0" failed="0" inconclusive="0" skipped="0" asserts="0">
                    <test-case id="6-2297" name="Should_throw_exception_indicating_that_no_authorization_strategy_was_defined_in_the_metadata" fullname="EdFi.Ods.Tests.EdFi.Ods.Security.Authorization.Feature_Detecting_missing_or_undefined_authorization_strategies+When_there_is_no_authorization_strategy_defined_in_the_metadata_for_the_matched_claim.Should_throw_exception_indicating_that_no_authorization_strategy_was_defined_in_the_metadata" methodname="Should_throw_exception_indicating_that_no_authorization_strategy_was_defined_in_the_metadata" classname="EdFi.Ods.Tests.EdFi.Ods.Security.Authorization.Feature_Detecting_missing_or_undefined_authorization_strategies+When_there_is_no_authorization_strategy_defined_in_the_metadata_for_the_matched_claim" runstate="Runnable" result="Passed" duration="0.000677" asserts="1" />
                  </test-suite>
                  <test-suite type="TestFixture" id="6-2230" name="Feature_Validating_authorization_strategy_naming_conventions+When_creating_the_authorization_provider_with_all_authorization_strategy_types_whose_names_end_with_AuthorizationStrategy" fullname="EdFi.Ods.Tests.EdFi.Ods.Security.Authorization.Feature_Validating_authorization_strategy_naming_conventions+When_creating_the_authorization_provider_with_all_authorization_strategy_types_whose_names_end_with_AuthorizationStrategy" classname="EdFi.Ods.Tests.EdFi.Ods.Security.Authorization.Feature_Validating_authorization_strategy_naming_conventions+When_creating_the_authorization_provider_with_all_authorization_strategy_types_whose_names_end_with_AuthorizationStrategy" runstate="Runnable" testcasecount="1" result="Passed" duration="0.001365" total="1" passed="0" failed="0" inconclusive="0" skipped="0" asserts="0">
                    <test-case id="6-2231" name="Should_not_throw_an_exception" fullname="EdFi.Ods.Tests.EdFi.Ods.Security.Authorization.Feature_Validating_authorization_strategy_naming_conventions+When_creating_the_authorization_provider_with_all_authorization_strategy_types_whose_names_end_with_AuthorizationStrategy.Should_not_throw_an_exception" methodname="Should_not_throw_an_exception" classname="EdFi.Ods.Tests.EdFi.Ods.Security.Authorization.Feature_Validating_authorization_strategy_naming_conventions+When_creating_the_authorization_provider_with_all_authorization_strategy_types_whose_names_end_with_AuthorizationStrategy" runstate="Runnable" result="Passed" duration="0.000218" asserts="1" />
                  </test-suite>
                  <test-suite type="TestFixture" id="6-2232" name="Feature_Validating_authorization_strategy_naming_conventions+When_creating_the_authorization_provider_with_an_authorization_strategy_type_whose_name_does_not_end_with_AuthorizationStrategy" fullname="EdFi.Ods.Tests.EdFi.Ods.Security.Authorization.Feature_Validating_authorization_strategy_naming_conventions+When_creating_the_authorization_provider_with_an_authorization_strategy_type_whose_name_does_not_end_with_AuthorizationStrategy" classname="EdFi.Ods.Tests.EdFi.Ods.Security.Authorization.Feature_Validating_authorization_strategy_naming_conventions+When_creating_the_authorization_provider_with_an_authorization_strategy_type_whose_name_does_not_end_with_AuthorizationStrategy" runstate="Runnable" testcasecount="1" result="Passed" duration="0.003291" total="1" passed="0" failed="0" inconclusive="0" skipped="0" asserts="0">
                    <test-case id="6-2233" name="Should_throw_an_ArgumentException_indicating_that_the_authorization_strategy_doesnt_follow_proper_naming_conventions" fullname="EdFi.Ods.Tests.EdFi.Ods.Security.Authorization.Feature_Validating_authorization_strategy_naming_conventions+When_creating_the_authorization_provider_with_an_authorization_strategy_type_whose_name_does_not_end_with_AuthorizationStrategy.Should_throw_an_ArgumentException_indicating_that_the_authorization_strategy_doesnt_follow_proper_naming_conventions" methodname="Should_throw_an_ArgumentException_indicating_that_the_authorization_strategy_doesnt_follow_proper_naming_conventions" classname="EdFi.Ods.Tests.EdFi.Ods.Security.Authorization.Feature_Validating_authorization_strategy_naming_conventions+When_creating_the_authorization_provider_with_an_authorization_strategy_type_whose_name_does_not_end_with_AuthorizationStrategy" runstate="Runnable" result="Passed" duration="0.002248" asserts="1" />
                  </test-suite>
                  <test-suite type="TestFixture" id="6-2224" name="Feature_Validating_the_incoming_AuthorizationContext+When_attempting_to_authorize_with_a_null_action" fullname="EdFi.Ods.Tests.EdFi.Ods.Security.Authorization.Feature_Validating_the_incoming_AuthorizationContext+When_attempting_to_authorize_with_a_null_action" classname="EdFi.Ods.Tests.EdFi.Ods.Security.Authorization.Feature_Validating_the_incoming_AuthorizationContext+When_attempting_to_authorize_with_a_null_action" runstate="Runnable" testcasecount="1" result="Passed" duration="0.001991" total="1" passed="0" failed="0" inconclusive="0" skipped="0" asserts="0">
                    <test-case id="6-2225" name="Should_throw_an_AuthorizationContextException" fullname="EdFi.Ods.Tests.EdFi.Ods.Security.Authorization.Feature_Validating_the_incoming_AuthorizationContext+When_attempting_to_authorize_with_a_null_action.Should_throw_an_AuthorizationContextException" methodname="Should_throw_an_AuthorizationContextException" classname="EdFi.Ods.Tests.EdFi.Ods.Security.Authorization.Feature_Validating_the_incoming_AuthorizationContext+When_attempting_to_authorize_with_a_null_action" runstate="Runnable" result="Passed" duration="0.000825" asserts="1" />
                  </test-suite>
                  <test-suite type="TestFixture" id="6-2216" name="Feature_Validating_the_incoming_AuthorizationContext+When_attempting_to_authorize_with_a_null_authorization_context" fullname="EdFi.Ods.Tests.EdFi.Ods.Security.Authorization.Feature_Validating_the_incoming_AuthorizationContext+When_attempting_to_authorize_with_a_null_authorization_context" classname="EdFi.Ods.Tests.EdFi.Ods.Security.Authorization.Feature_Validating_the_incoming_AuthorizationContext+When_attempting_to_authorize_with_a_null_authorization_context" runstate="Runnable" testcasecount="1" result="Passed" duration="0.001546" total="1" passed="0" failed="0" inconclusive="0" skipped="0" asserts="0">
                    <test-case id="6-2217" name="Should_throw_an_ArgumentNullException" fullname="EdFi.Ods.Tests.EdFi.Ods.Security.Authorization.Feature_Validating_the_incoming_AuthorizationContext+When_attempting_to_authorize_with_a_null_authorization_context.Should_throw_an_ArgumentNullException" methodname="Should_throw_an_ArgumentNullException" classname="EdFi.Ods.Tests.EdFi.Ods.Security.Authorization.Feature_Validating_the_incoming_AuthorizationContext+When_attempting_to_authorize_with_a_null_authorization_context" runstate="Runnable" result="Passed" duration="0.000443" asserts="1" />
                  </test-suite>
                  <test-suite type="TestFixture" id="6-2220" name="Feature_Validating_the_incoming_AuthorizationContext+When_attempting_to_authorize_with_a_null_resource" fullname="EdFi.Ods.Tests.EdFi.Ods.Security.Authorization.Feature_Validating_the_incoming_AuthorizationContext+When_attempting_to_authorize_with_a_null_resource" classname="EdFi.Ods.Tests.EdFi.Ods.Security.Authorization.Feature_Validating_the_incoming_AuthorizationContext+When_attempting_to_authorize_with_a_null_resource" runstate="Runnable" testcasecount="1" result="Passed" duration="0.013555" total="1" passed="0" failed="0" inconclusive="0" skipped="0" asserts="0">
                    <test-case id="6-2221" name="Should_throw_an_AuthorizationContextException" fullname="EdFi.Ods.Tests.EdFi.Ods.Security.Authorization.Feature_Validating_the_incoming_AuthorizationContext+When_attempting_to_authorize_with_a_null_resource.Should_throw_an_AuthorizationContextException" methodname="Should_throw_an_AuthorizationContextException" classname="EdFi.Ods.Tests.EdFi.Ods.Security.Authorization.Feature_Validating_the_incoming_AuthorizationContext+When_attempting_to_authorize_with_a_null_resource" runstate="Runnable" result="Passed" duration="0.004313" asserts="1" />
                  </test-suite>
                  <test-suite type="TestFixture" id="6-2228" name="Feature_Validating_the_incoming_AuthorizationContext+When_attempting_to_authorize_with_multiple_actions" fullname="EdFi.Ods.Tests.EdFi.Ods.Security.Authorization.Feature_Validating_the_incoming_AuthorizationContext+When_attempting_to_authorize_with_multiple_actions" classname="EdFi.Ods.Tests.EdFi.Ods.Security.Authorization.Feature_Validating_the_incoming_AuthorizationContext+When_attempting_to_authorize_with_multiple_actions" runstate="Runnable" testcasecount="1" result="Passed" duration="0.004208" total="1" passed="0" failed="0" inconclusive="0" skipped="0" asserts="0">
                    <test-case id="6-2229" name="Should_throw_an_AuthorizationContextException" fullname="EdFi.Ods.Tests.EdFi.Ods.Security.Authorization.Feature_Validating_the_incoming_AuthorizationContext+When_attempting_to_authorize_with_multiple_actions.Should_throw_an_AuthorizationContextException" methodname="Should_throw_an_AuthorizationContextException" classname="EdFi.Ods.Tests.EdFi.Ods.Security.Authorization.Feature_Validating_the_incoming_AuthorizationContext+When_attempting_to_authorize_with_multiple_actions" runstate="Runnable" result="Passed" duration="0.000763" asserts="1" />
                  </test-suite>
                  <test-suite type="TestFixture" id="6-2226" name="Feature_Validating_the_incoming_AuthorizationContext+When_attempting_to_authorize_with_multiple_resources" fullname="EdFi.Ods.Tests.EdFi.Ods.Security.Authorization.Feature_Validating_the_incoming_AuthorizationContext+When_attempting_to_authorize_with_multiple_resources" classname="EdFi.Ods.Tests.EdFi.Ods.Security.Authorization.Feature_Validating_the_incoming_AuthorizationContext+When_attempting_to_authorize_with_multiple_resources" runstate="Runnable" testcasecount="1" result="Passed" duration="0.002844" total="1" passed="0" failed="0" inconclusive="0" skipped="0" asserts="0">
                    <test-case id="6-2227" name="Should_throw_an_AuthorizationContextException" fullname="EdFi.Ods.Tests.EdFi.Ods.Security.Authorization.Feature_Validating_the_incoming_AuthorizationContext+When_attempting_to_authorize_with_multiple_resources.Should_throw_an_AuthorizationContextException" methodname="Should_throw_an_AuthorizationContextException" classname="EdFi.Ods.Tests.EdFi.Ods.Security.Authorization.Feature_Validating_the_incoming_AuthorizationContext+When_attempting_to_authorize_with_multiple_resources" runstate="Runnable" result="Passed" duration="0.001164" asserts="0" />
                  </test-suite>
                  <test-suite type="TestFixture" id="6-2218" name="Feature_Validating_the_incoming_AuthorizationContext+When_attempting_to_authorize_without_a_resource_value" fullname="EdFi.Ods.Tests.EdFi.Ods.Security.Authorization.Feature_Validating_the_incoming_AuthorizationContext+When_attempting_to_authorize_without_a_resource_value" classname="EdFi.Ods.Tests.EdFi.Ods.Security.Authorization.Feature_Validating_the_incoming_AuthorizationContext+When_attempting_to_authorize_without_a_resource_value" runstate="Runnable" testcasecount="1" result="Passed" duration="0.002658" total="1" passed="0" failed="0" inconclusive="0" skipped="0" asserts="0">
                    <test-case id="6-2219" name="Should_throw_an_AuthorizationContextException" fullname="EdFi.Ods.Tests.EdFi.Ods.Security.Authorization.Feature_Validating_the_incoming_AuthorizationContext+When_attempting_to_authorize_without_a_resource_value.Should_throw_an_AuthorizationContextException" methodname="Should_throw_an_AuthorizationContextException" classname="EdFi.Ods.Tests.EdFi.Ods.Security.Authorization.Feature_Validating_the_incoming_AuthorizationContext+When_attempting_to_authorize_without_a_resource_value" runstate="Runnable" result="Passed" duration="0.000907" asserts="1" />
                  </test-suite>
                  <test-suite type="TestFixture" id="6-2222" name="Feature_Validating_the_incoming_AuthorizationContext+When_attempting_to_authorize_without_an_action_value" fullname="EdFi.Ods.Tests.EdFi.Ods.Security.Authorization.Feature_Validating_the_incoming_AuthorizationContext+When_attempting_to_authorize_without_an_action_value" classname="EdFi.Ods.Tests.EdFi.Ods.Security.Authorization.Feature_Validating_the_incoming_AuthorizationContext+When_attempting_to_authorize_without_an_action_value" runstate="Runnable" testcasecount="1" result="Passed" duration="0.001581" total="1" passed="0" failed="0" inconclusive="0" skipped="0" asserts="0">
                    <test-case id="6-2223" name="Should_throw_an_AuthorizationContextException" fullname="EdFi.Ods.Tests.EdFi.Ods.Security.Authorization.Feature_Validating_the_incoming_AuthorizationContext+When_attempting_to_authorize_without_an_action_value.Should_throw_an_AuthorizationContextException" methodname="Should_throw_an_AuthorizationContextException" classname="EdFi.Ods.Tests.EdFi.Ods.Security.Authorization.Feature_Validating_the_incoming_AuthorizationContext+When_attempting_to_authorize_without_an_action_value" runstate="Runnable" result="Passed" duration="0.000407" asserts="0" />
                  </test-suite>
                  <test-suite type="TestFixture" id="6-1138" name="NamespaceBasedAuthorizationStrategyTests" fullname="EdFi.Ods.Tests.EdFi.Ods.Security.Authorization.NamespaceBasedAuthorizationStrategyTests" classname="EdFi.Ods.Tests.EdFi.Ods.Security.Authorization.NamespaceBasedAuthorizationStrategyTests" runstate="Runnable" testcasecount="5" result="Passed" duration="0.011952" total="5" passed="0" failed="0" inconclusive="0" skipped="0" asserts="0">
                    <test-case id="6-1141" name="NamespaceBasedAuthorization_EmptyNamespaceClaim" fullname="EdFi.Ods.Tests.EdFi.Ods.Security.Authorization.NamespaceBasedAuthorizationStrategyTests.NamespaceBasedAuthorization_EmptyNamespaceClaim" methodname="NamespaceBasedAuthorization_EmptyNamespaceClaim" classname="EdFi.Ods.Tests.EdFi.Ods.Security.Authorization.NamespaceBasedAuthorizationStrategyTests" runstate="Runnable" result="Passed" duration="0.002830" asserts="0" />
                    <test-case id="6-1142" name="NamespaceBasedAuthorization_EmptyResourceNamespace" fullname="EdFi.Ods.Tests.EdFi.Ods.Security.Authorization.NamespaceBasedAuthorizationStrategyTests.NamespaceBasedAuthorization_EmptyResourceNamespace" methodname="NamespaceBasedAuthorization_EmptyResourceNamespace" classname="EdFi.Ods.Tests.EdFi.Ods.Security.Authorization.NamespaceBasedAuthorizationStrategyTests" runstate="Runnable" result="Passed" duration="0.001781" asserts="0" />
                    <test-case id="6-1139" name="NamespaceBasedAuthorization_MatchOnNamespace_ShouldThrowNoExceptions" fullname="EdFi.Ods.Tests.EdFi.Ods.Security.Authorization.NamespaceBasedAuthorizationStrategyTests.NamespaceBasedAuthorization_MatchOnNamespace_ShouldThrowNoExceptions" methodname="NamespaceBasedAuthorization_MatchOnNamespace_ShouldThrowNoExceptions" classname="EdFi.Ods.Tests.EdFi.Ods.Security.Authorization.NamespaceBasedAuthorizationStrategyTests" runstate="Runnable" result="Passed" duration="0.000878" asserts="0" />
                    <test-case id="6-1143" name="NamespaceBasedAuthorization_MismatchedNamespaces" fullname="EdFi.Ods.Tests.EdFi.Ods.Security.Authorization.NamespaceBasedAuthorizationStrategyTests.NamespaceBasedAuthorization_MismatchedNamespaces" methodname="NamespaceBasedAuthorization_MismatchedNamespaces" classname="EdFi.Ods.Tests.EdFi.Ods.Security.Authorization.NamespaceBasedAuthorizationStrategyTests" runstate="Runnable" result="Passed" duration="0.001106" asserts="0" />
                    <test-case id="6-1140" name="NamespaceBasedAuthorization_NoNamespaceClaim" fullname="EdFi.Ods.Tests.EdFi.Ods.Security.Authorization.NamespaceBasedAuthorizationStrategyTests.NamespaceBasedAuthorization_NoNamespaceClaim" methodname="NamespaceBasedAuthorization_NoNamespaceClaim" classname="EdFi.Ods.Tests.EdFi.Ods.Security.Authorization.NamespaceBasedAuthorizationStrategyTests" runstate="Runnable" result="Passed" duration="0.001020" asserts="0" />
                  </test-suite>
                  <test-suite type="Namespace" id="6-3316" name="Repositories" fullname="EdFi.Ods.Tests.EdFi.Ods.Security.Authorization.Repositories" runstate="Runnable" testcasecount="14" result="Passed" duration="0.275798" total="14" passed="0" failed="0" inconclusive="0" skipped="0" asserts="0">
                    <test-suite type="TestFixture" id="6-2327" name="Feature_Authorizing_a_Composite_Resource_request+When_authorizing_a_request_that_fails_authorization" fullname="EdFi.Ods.Tests.EdFi.Ods.Security.Authorization.Repositories.Feature_Authorizing_a_Composite_Resource_request+When_authorizing_a_request_that_fails_authorization" classname="EdFi.Ods.Tests.EdFi.Ods.Security.Authorization.Repositories.Feature_Authorizing_a_Composite_Resource_request+When_authorizing_a_request_that_fails_authorization" runstate="Runnable" testcasecount="1" result="Passed" duration="0.075825" total="1" passed="0" failed="0" inconclusive="0" skipped="0" asserts="0">
                      <test-case id="6-2328" name="Should_indicate_resource_should_NOT_be_included" fullname="EdFi.Ods.Tests.EdFi.Ods.Security.Authorization.Repositories.Feature_Authorizing_a_Composite_Resource_request+When_authorizing_a_request_that_fails_authorization.Should_indicate_resource_should_NOT_be_included" methodname="Should_indicate_resource_should_NOT_be_included" classname="EdFi.Ods.Tests.EdFi.Ods.Security.Authorization.Repositories.Feature_Authorizing_a_Composite_Resource_request+When_authorizing_a_request_that_fails_authorization" runstate="Runnable" result="Passed" duration="0.000331" asserts="1" />
                    </test-suite>
                    <test-suite type="TestFixture" id="6-2320" name="Feature_Authorizing_a_Composite_Resource_request+When_authorizing_a_request_that_passes_authorization" fullname="EdFi.Ods.Tests.EdFi.Ods.Security.Authorization.Repositories.Feature_Authorizing_a_Composite_Resource_request+When_authorizing_a_request_that_passes_authorization" classname="EdFi.Ods.Tests.EdFi.Ods.Security.Authorization.Repositories.Feature_Authorizing_a_Composite_Resource_request+When_authorizing_a_request_that_passes_authorization" runstate="Runnable" testcasecount="6" result="Passed" duration="0.026949" total="6" passed="0" failed="0" inconclusive="0" skipped="0" asserts="0">
                      <test-case id="6-2326" name="Should_apply_the_supplied_filter_and_parameter_values_to_the_builder_context_for_subsequent_inclusion_at_execution_of_the_query" fullname="EdFi.Ods.Tests.EdFi.Ods.Security.Authorization.Repositories.Feature_Authorizing_a_Composite_Resource_request+When_authorizing_a_request_that_passes_authorization.Should_apply_the_supplied_filter_and_parameter_values_to_the_builder_context_for_subsequent_inclusion_at_execution_of_the_query" methodname="Should_apply_the_supplied_filter_and_parameter_values_to_the_builder_context_for_subsequent_inclusion_at_execution_of_the_query" classname="EdFi.Ods.Tests.EdFi.Ods.Security.Authorization.Repositories.Feature_Authorizing_a_Composite_Resource_request+When_authorizing_a_request_that_passes_authorization" runstate="Runnable" result="Passed" duration="0.000705" asserts="2" />
                      <test-case id="6-2322" name="Should_attempt_to_authorize_the_request_with_the_authorization_context_referencing_the_corresponding_NHibernate_entity_type" fullname="EdFi.Ods.Tests.EdFi.Ods.Security.Authorization.Repositories.Feature_Authorizing_a_Composite_Resource_request+When_authorizing_a_request_that_passes_authorization.Should_attempt_to_authorize_the_request_with_the_authorization_context_referencing_the_corresponding_NHibernate_entity_type" methodname="Should_attempt_to_authorize_the_request_with_the_authorization_context_referencing_the_corresponding_NHibernate_entity_type" classname="EdFi.Ods.Tests.EdFi.Ods.Security.Authorization.Repositories.Feature_Authorizing_a_Composite_Resource_request+When_authorizing_a_request_that_passes_authorization" runstate="Runnable" result="Passed" duration="0.000360" asserts="1" />
                      <test-case id="6-2323" name="Should_attempt_to_authorize_the_request_with_the_authorization_context_referencing_the_current_claims_principal" fullname="EdFi.Ods.Tests.EdFi.Ods.Security.Authorization.Repositories.Feature_Authorizing_a_Composite_Resource_request+When_authorizing_a_request_that_passes_authorization.Should_attempt_to_authorize_the_request_with_the_authorization_context_referencing_the_current_claims_principal" methodname="Should_attempt_to_authorize_the_request_with_the_authorization_context_referencing_the_current_claims_principal" classname="EdFi.Ods.Tests.EdFi.Ods.Security.Authorization.Repositories.Feature_Authorizing_a_Composite_Resource_request+When_authorizing_a_request_that_passes_authorization" runstate="Runnable" result="Passed" duration="0.000552" asserts="1" />
                      <test-case id="6-2324" name="Should_attempt_to_authorize_the_request_with_the_authorization_context_with_the_corresonding_resource_URI" fullname="EdFi.Ods.Tests.EdFi.Ods.Security.Authorization.Repositories.Feature_Authorizing_a_Composite_Resource_request+When_authorizing_a_request_that_passes_authorization.Should_attempt_to_authorize_the_request_with_the_authorization_context_with_the_corresonding_resource_URI" methodname="Should_attempt_to_authorize_the_request_with_the_authorization_context_with_the_corresonding_resource_URI" classname="EdFi.Ods.Tests.EdFi.Ods.Security.Authorization.Repositories.Feature_Authorizing_a_Composite_Resource_request+When_authorizing_a_request_that_passes_authorization" runstate="Runnable" result="Passed" duration="0.000405" asserts="1" />
                      <test-case id="6-2325" name="Should_attempt_to_authorize_the_request_with_the_authorization_context_with_the_Read_action_URI" fullname="EdFi.Ods.Tests.EdFi.Ods.Security.Authorization.Repositories.Feature_Authorizing_a_Composite_Resource_request+When_authorizing_a_request_that_passes_authorization.Should_attempt_to_authorize_the_request_with_the_authorization_context_with_the_Read_action_URI" methodname="Should_attempt_to_authorize_the_request_with_the_authorization_context_with_the_Read_action_URI" classname="EdFi.Ods.Tests.EdFi.Ods.Security.Authorization.Repositories.Feature_Authorizing_a_Composite_Resource_request+When_authorizing_a_request_that_passes_authorization" runstate="Runnable" result="Passed" duration="0.000347" asserts="1" />
                      <test-case id="6-2321" name="Should_indicate_resource_should_be_included" fullname="EdFi.Ods.Tests.EdFi.Ods.Security.Authorization.Repositories.Feature_Authorizing_a_Composite_Resource_request+When_authorizing_a_request_that_passes_authorization.Should_indicate_resource_should_be_included" methodname="Should_indicate_resource_should_be_included" classname="EdFi.Ods.Tests.EdFi.Ods.Security.Authorization.Repositories.Feature_Authorizing_a_Composite_Resource_request+When_authorizing_a_request_that_passes_authorization" runstate="Runnable" result="Passed" duration="0.000313" asserts="1" />
                    </test-suite>
                    <test-suite type="TestFixture" id="6-2317" name="Feature_Authorizing_a_GetById_operation+When_authorizaing_the_operation_on_an_existing_entity" fullname="EdFi.Ods.Tests.EdFi.Ods.Security.Authorization.Repositories.Feature_Authorizing_a_GetById_operation+When_authorizaing_the_operation_on_an_existing_entity" classname="EdFi.Ods.Tests.EdFi.Ods.Security.Authorization.Repositories.Feature_Authorizing_a_GetById_operation+When_authorizaing_the_operation_on_an_existing_entity" runstate="Runnable" testcasecount="2" result="Passed" duration="0.162630" total="2" passed="0" failed="0" inconclusive="0" skipped="0" asserts="0">
                      <test-case id="6-2318" name="Should_invoke_authorization_on_the_item" fullname="EdFi.Ods.Tests.EdFi.Ods.Security.Authorization.Repositories.Feature_Authorizing_a_GetById_operation+When_authorizaing_the_operation_on_an_existing_entity.Should_invoke_authorization_on_the_item" methodname="Should_invoke_authorization_on_the_item" classname="EdFi.Ods.Tests.EdFi.Ods.Security.Authorization.Repositories.Feature_Authorizing_a_GetById_operation+When_authorizaing_the_operation_on_an_existing_entity" runstate="Runnable" result="Passed" duration="0.004031" asserts="0" />
                      <test-case id="6-2319" name="Should_return_the_supplied_student" fullname="EdFi.Ods.Tests.EdFi.Ods.Security.Authorization.Repositories.Feature_Authorizing_a_GetById_operation+When_authorizaing_the_operation_on_an_existing_entity.Should_return_the_supplied_student" methodname="Should_return_the_supplied_student" classname="EdFi.Ods.Tests.EdFi.Ods.Security.Authorization.Repositories.Feature_Authorizing_a_GetById_operation+When_authorizaing_the_operation_on_an_existing_entity" runstate="Runnable" result="Passed" duration="0.000364" asserts="0" />
                    </test-suite>
                    <test-suite type="TestFixture" id="6-2314" name="Feature_Authorizing_a_GetById_operation+When_authorizing_the_operation_on_a_non_existing_entity" fullname="EdFi.Ods.Tests.EdFi.Ods.Security.Authorization.Repositories.Feature_Authorizing_a_GetById_operation+When_authorizing_the_operation_on_a_non_existing_entity" classname="EdFi.Ods.Tests.EdFi.Ods.Security.Authorization.Repositories.Feature_Authorizing_a_GetById_operation+When_authorizing_the_operation_on_a_non_existing_entity" runstate="Runnable" testcasecount="2" result="Passed" duration="0.002159" total="2" passed="0" failed="0" inconclusive="0" skipped="0" asserts="0">
                      <test-case id="6-2315" name="Should_not_throw_an_exception" fullname="EdFi.Ods.Tests.EdFi.Ods.Security.Authorization.Repositories.Feature_Authorizing_a_GetById_operation+When_authorizing_the_operation_on_a_non_existing_entity.Should_not_throw_an_exception" methodname="Should_not_throw_an_exception" classname="EdFi.Ods.Tests.EdFi.Ods.Security.Authorization.Repositories.Feature_Authorizing_a_GetById_operation+When_authorizing_the_operation_on_a_non_existing_entity" runstate="Runnable" result="Passed" duration="0.000180" asserts="1" />
                      <test-case id="6-2316" name="Should_return_the_Student_as_null" fullname="EdFi.Ods.Tests.EdFi.Ods.Security.Authorization.Repositories.Feature_Authorizing_a_GetById_operation+When_authorizing_the_operation_on_a_non_existing_entity.Should_return_the_Student_as_null" methodname="Should_return_the_Student_as_null" classname="EdFi.Ods.Tests.EdFi.Ods.Security.Authorization.Repositories.Feature_Authorizing_a_GetById_operation+When_authorizing_the_operation_on_a_non_existing_entity" runstate="Runnable" result="Passed" duration="0.000293" asserts="0" />
                    </test-suite>
                    <test-suite type="TestFixture" id="6-1144" name="SecurityComponentsInstallerTest" fullname="EdFi.Ods.Tests.EdFi.Ods.Security.Authorization.Repositories.SecurityComponentsInstallerTest" classname="EdFi.Ods.Tests.EdFi.Ods.Security.Authorization.Repositories.SecurityComponentsInstallerTest" runstate="Runnable" testcasecount="0" result="Inconclusive" duration="0.000237" total="0" passed="0" failed="0" inconclusive="0" skipped="0" asserts="0" />
                    <test-suite type="TestFixture" id="6-2332" name="SecurityComponentsInstallerTest+When_installing_authorization_decorators" fullname="EdFi.Ods.Tests.EdFi.Ods.Security.Authorization.Repositories.SecurityComponentsInstallerTest+When_installing_authorization_decorators" classname="EdFi.Ods.Tests.EdFi.Ods.Security.Authorization.Repositories.SecurityComponentsInstallerTest+When_installing_authorization_decorators" runstate="Ignored" testcasecount="1" result="Skipped" label="Ignored" duration="0.000259" total="1" passed="0" failed="0" inconclusive="0" skipped="0" asserts="0">
                      <properties>
                        <property name="_IGNOREREASON" value="Cannot be executed since SecurityComponentsInstaller doesn't install the decorators right now." />
                      </properties>
                      <reason>
                        <message><![CDATA[Cannot be executed since SecurityComponentsInstaller doesn't install the decorators right now.]]></message>
                      </reason>
                      <test-case id="6-2333" name="Should_throw_exception_if_authorization_decoratos_not_being_registed_first" fullname="EdFi.Ods.Tests.EdFi.Ods.Security.Authorization.Repositories.SecurityComponentsInstallerTest+When_installing_authorization_decorators.Should_throw_exception_if_authorization_decoratos_not_being_registed_first" methodname="Should_throw_exception_if_authorization_decoratos_not_being_registed_first" classname="EdFi.Ods.Tests.EdFi.Ods.Security.Authorization.Repositories.SecurityComponentsInstallerTest+When_installing_authorization_decorators" runstate="Ignored" result="Skipped" label="Ignored" duration="0.000000" asserts="0">
                        <properties>
                          <property name="_IGNOREREASON" value="Cannot be executed since SecurityComponentsInstaller doesn't install the decorators right now." />
                        </properties>
                        <reason>
                          <message><![CDATA[Cannot be executed since SecurityComponentsInstaller doesn't install the decorators right now.]]></message>
                        </reason>
                      </test-case>
                    </test-suite>
                    <test-suite type="TestFixture" id="6-2329" name="SecurityComponentsInstallerTest+When_resolving_authorization_decorators" fullname="EdFi.Ods.Tests.EdFi.Ods.Security.Authorization.Repositories.SecurityComponentsInstallerTest+When_resolving_authorization_decorators" classname="EdFi.Ods.Tests.EdFi.Ods.Security.Authorization.Repositories.SecurityComponentsInstallerTest+When_resolving_authorization_decorators" runstate="Ignored" testcasecount="2" result="Skipped" label="Ignored" duration="0.000962" total="2" passed="0" failed="0" inconclusive="0" skipped="0" asserts="0">
                      <properties>
                        <property name="_IGNOREREASON" value="Cannot be executed since SecurityComponentsInstaller doesn't install the decorators right now." />
                      </properties>
                      <reason>
                        <message><![CDATA[Cannot be executed since SecurityComponentsInstaller doesn't install the decorators right now.]]></message>
                      </reason>
                      <test-case id="6-2330" name="Resolved_object_should_be_the_decorator_" fullname="EdFi.Ods.Tests.EdFi.Ods.Security.Authorization.Repositories.SecurityComponentsInstallerTest+When_resolving_authorization_decorators.Resolved_object_should_be_the_decorator_" methodname="Resolved_object_should_be_the_decorator_" classname="EdFi.Ods.Tests.EdFi.Ods.Security.Authorization.Repositories.SecurityComponentsInstallerTest+When_resolving_authorization_decorators" runstate="Ignored" result="Skipped" label="Ignored" duration="0.000000" asserts="0">
                        <properties>
                          <property name="_IGNOREREASON" value="Cannot be executed since SecurityComponentsInstaller doesn't install the decorators right now." />
                        </properties>
                        <reason>
                          <message><![CDATA[Cannot be executed since SecurityComponentsInstaller doesn't install the decorators right now.]]></message>
                        </reason>
                      </test-case>
                      <test-case id="6-2331" name="When_invoking_the_service_the_decorator_should_pass_control_to_the_decorated_object" fullname="EdFi.Ods.Tests.EdFi.Ods.Security.Authorization.Repositories.SecurityComponentsInstallerTest+When_resolving_authorization_decorators.When_invoking_the_service_the_decorator_should_pass_control_to_the_decorated_object" methodname="When_invoking_the_service_the_decorator_should_pass_control_to_the_decorated_object" classname="EdFi.Ods.Tests.EdFi.Ods.Security.Authorization.Repositories.SecurityComponentsInstallerTest+When_resolving_authorization_decorators" runstate="Ignored" result="Skipped" label="Ignored" duration="0.000000" asserts="0">
                        <properties>
                          <property name="_IGNOREREASON" value="Cannot be executed since SecurityComponentsInstaller doesn't install the decorators right now." />
                        </properties>
                        <reason>
                          <message><![CDATA[Cannot be executed since SecurityComponentsInstaller doesn't install the decorators right now.]]></message>
                        </reason>
                      </test-case>
                    </test-suite>
                  </test-suite>
                </test-suite>
                <test-suite type="Namespace" id="6-3317" name="AuthorizationStrategies" fullname="EdFi.Ods.Tests.EdFi.Ods.Security.AuthorizationStrategies" runstate="Runnable" testcasecount="17" result="Passed" duration="0.313614" total="17" passed="0" failed="0" inconclusive="0" skipped="0" asserts="0">
                  <test-suite type="Namespace" id="6-3389" name="Relationships" fullname="EdFi.Ods.Tests.EdFi.Ods.Security.AuthorizationStrategies.Relationships" runstate="Runnable" testcasecount="14" result="Passed" duration="0.277738" total="14" passed="0" failed="0" inconclusive="0" skipped="0" asserts="0">
                    <test-suite type="TestFixture" id="6-2334" name="Feature_Authorizing_a_request+When_authorizing_a_multiple_item_request" fullname="EdFi.Ods.Tests.EdFi.Ods.Security.AuthorizationStrategies.Relationships.Feature_Authorizing_a_request+When_authorizing_a_multiple_item_request" classname="EdFi.Ods.Tests.EdFi.Ods.Security.AuthorizationStrategies.Relationships.Feature_Authorizing_a_request+When_authorizing_a_multiple_item_request" runstate="Runnable" testcasecount="1" result="Passed" duration="0.076278" total="1" passed="0" failed="0" inconclusive="0" skipped="0" asserts="0">
                      <test-case id="6-2335" name="Should_call_segments_converter_to_convert_segments_built_based_on_the_supplied_claims_with_the_supplied_entity_type_and_filter_builder" fullname="EdFi.Ods.Tests.EdFi.Ods.Security.AuthorizationStrategies.Relationships.Feature_Authorizing_a_request+When_authorizing_a_multiple_item_request.Should_call_segments_converter_to_convert_segments_built_based_on_the_supplied_claims_with_the_supplied_entity_type_and_filter_builder" methodname="Should_call_segments_converter_to_convert_segments_built_based_on_the_supplied_claims_with_the_supplied_entity_type_and_filter_builder" classname="EdFi.Ods.Tests.EdFi.Ods.Security.AuthorizationStrategies.Relationships.Feature_Authorizing_a_request+When_authorizing_a_multiple_item_request" runstate="Runnable" result="Passed" duration="0.004416" asserts="0" />
                    </test-suite>
                    <test-suite type="TestFixture" id="6-2336" name="Feature_Authorizing_a_request+When_authorizing_a_multiple_item_request_with_multiple_edorg_types" fullname="EdFi.Ods.Tests.EdFi.Ods.Security.AuthorizationStrategies.Relationships.Feature_Authorizing_a_request+When_authorizing_a_multiple_item_request_with_multiple_edorg_types" classname="EdFi.Ods.Tests.EdFi.Ods.Security.AuthorizationStrategies.Relationships.Feature_Authorizing_a_request+When_authorizing_a_multiple_item_request_with_multiple_edorg_types" runstate="Runnable" testcasecount="1" result="Passed" duration="0.007144" total="1" passed="0" failed="0" inconclusive="0" skipped="0" asserts="0">
                      <test-case id="6-2337" name="Should_throw_a_NotSupportedException_with_a_message_related_to_multiple_education_organization_types" fullname="EdFi.Ods.Tests.EdFi.Ods.Security.AuthorizationStrategies.Relationships.Feature_Authorizing_a_request+When_authorizing_a_multiple_item_request_with_multiple_edorg_types.Should_throw_a_NotSupportedException_with_a_message_related_to_multiple_education_organization_types" methodname="Should_throw_a_NotSupportedException_with_a_message_related_to_multiple_education_organization_types" classname="EdFi.Ods.Tests.EdFi.Ods.Security.AuthorizationStrategies.Relationships.Feature_Authorizing_a_request+When_authorizing_a_multiple_item_request_with_multiple_edorg_types" runstate="Runnable" result="Passed" duration="0.001493" asserts="1" />
                    </test-suite>
                    <test-suite type="TestFixture" id="6-2340" name="Feature_Authorizing_a_request+When_authorizing_a_single_item_request_with_all_claim_values_needed_for_local_request_authorization" fullname="EdFi.Ods.Tests.EdFi.Ods.Security.AuthorizationStrategies.Relationships.Feature_Authorizing_a_request+When_authorizing_a_single_item_request_with_all_claim_values_needed_for_local_request_authorization" classname="EdFi.Ods.Tests.EdFi.Ods.Security.AuthorizationStrategies.Relationships.Feature_Authorizing_a_request+When_authorizing_a_single_item_request_with_all_claim_values_needed_for_local_request_authorization" runstate="Runnable" testcasecount="1" result="Passed" duration="0.037027" total="1" passed="0" failed="0" inconclusive="0" skipped="0" asserts="0">
                      <test-case id="6-2341" name="Should_not_call_through_to_verify_the_segments" fullname="EdFi.Ods.Tests.EdFi.Ods.Security.AuthorizationStrategies.Relationships.Feature_Authorizing_a_request+When_authorizing_a_single_item_request_with_all_claim_values_needed_for_local_request_authorization.Should_not_call_through_to_verify_the_segments" methodname="Should_not_call_through_to_verify_the_segments" classname="EdFi.Ods.Tests.EdFi.Ods.Security.AuthorizationStrategies.Relationships.Feature_Authorizing_a_request+When_authorizing_a_single_item_request_with_all_claim_values_needed_for_local_request_authorization" runstate="Runnable" result="Passed" duration="0.003108" asserts="0" />
                    </test-suite>
                    <test-suite type="TestFixture" id="6-2342" name="Feature_Authorizing_a_request+When_authorizing_a_single_item_request_with_claim_needed_for_local_request_authorization_but_EdOrg_values_dont_match" fullname="EdFi.Ods.Tests.EdFi.Ods.Security.AuthorizationStrategies.Relationships.Feature_Authorizing_a_request+When_authorizing_a_single_item_request_with_claim_needed_for_local_request_authorization_but_EdOrg_values_dont_match" classname="EdFi.Ods.Tests.EdFi.Ods.Security.AuthorizationStrategies.Relationships.Feature_Authorizing_a_request+When_authorizing_a_single_item_request_with_claim_needed_for_local_request_authorization_but_EdOrg_values_dont_match" runstate="Runnable" testcasecount="1" result="Passed" duration="0.004174" total="1" passed="0" failed="0" inconclusive="0" skipped="0" asserts="0">
                      <test-case id="6-2343" name="Should_throw_an_EdFiSecurityException_indicating_the_claims_did_not_provide_authorization_for_the_request" fullname="EdFi.Ods.Tests.EdFi.Ods.Security.AuthorizationStrategies.Relationships.Feature_Authorizing_a_request+When_authorizing_a_single_item_request_with_claim_needed_for_local_request_authorization_but_EdOrg_values_dont_match.Should_throw_an_EdFiSecurityException_indicating_the_claims_did_not_provide_authorization_for_the_request" methodname="Should_throw_an_EdFiSecurityException_indicating_the_claims_did_not_provide_authorization_for_the_request" classname="EdFi.Ods.Tests.EdFi.Ods.Security.AuthorizationStrategies.Relationships.Feature_Authorizing_a_request+When_authorizing_a_single_item_request_with_claim_needed_for_local_request_authorization_but_EdOrg_values_dont_match" runstate="Runnable" result="Passed" duration="0.000505" asserts="2" />
                    </test-suite>
                    <test-suite type="TestFixture" id="6-2338" name="Feature_Authorizing_a_request+When_authorizing_a_single_item_request_with_correct_claims_for_request" fullname="EdFi.Ods.Tests.EdFi.Ods.Security.AuthorizationStrategies.Relationships.Feature_Authorizing_a_request+When_authorizing_a_single_item_request_with_correct_claims_for_request" classname="EdFi.Ods.Tests.EdFi.Ods.Security.AuthorizationStrategies.Relationships.Feature_Authorizing_a_request+When_authorizing_a_single_item_request_with_correct_claims_for_request" runstate="Runnable" testcasecount="1" result="Passed" duration="0.003987" total="1" passed="0" failed="0" inconclusive="0" skipped="0" asserts="0">
                      <test-case id="6-2339" name="Should_not_throw_an_exception" fullname="EdFi.Ods.Tests.EdFi.Ods.Security.AuthorizationStrategies.Relationships.Feature_Authorizing_a_request+When_authorizing_a_single_item_request_with_correct_claims_for_request.Should_not_throw_an_exception" methodname="Should_not_throw_an_exception" classname="EdFi.Ods.Tests.EdFi.Ods.Security.AuthorizationStrategies.Relationships.Feature_Authorizing_a_request+When_authorizing_a_single_item_request_with_correct_claims_for_request" runstate="Runnable" result="Passed" duration="0.000191" asserts="1" />
                    </test-suite>
                    <test-suite type="TestFixture" id="6-2354" name="Feature_Converting_segments_to_filters+When_converting_to_filters_from_a_segment_that_have_the_same_endpoint_types" fullname="EdFi.Ods.Tests.EdFi.Ods.Security.AuthorizationStrategies.Relationships.Feature_Converting_segments_to_filters+When_converting_to_filters_from_a_segment_that_have_the_same_endpoint_types" classname="EdFi.Ods.Tests.EdFi.Ods.Security.AuthorizationStrategies.Relationships.Feature_Converting_segments_to_filters+When_converting_to_filters_from_a_segment_that_have_the_same_endpoint_types" runstate="Runnable" testcasecount="1" result="Passed" duration="0.108787" total="1" passed="0" failed="0" inconclusive="0" skipped="0" asserts="0">
                      <test-case id="6-2355" name="Should_return_an_empty_filters_collection" fullname="EdFi.Ods.Tests.EdFi.Ods.Security.AuthorizationStrategies.Relationships.Feature_Converting_segments_to_filters+When_converting_to_filters_from_a_segment_that_have_the_same_endpoint_types.Should_return_an_empty_filters_collection" methodname="Should_return_an_empty_filters_collection" classname="EdFi.Ods.Tests.EdFi.Ods.Security.AuthorizationStrategies.Relationships.Feature_Converting_segments_to_filters+When_converting_to_filters_from_a_segment_that_have_the_same_endpoint_types" runstate="Runnable" result="Passed" duration="0.000277" asserts="0" />
                    </test-suite>
                    <test-suite type="TestFixture" id="6-2358" name="Feature_Converting_segments_to_filters+When_converting_to_filters_from_a_segment_with_a_target_endpoint_that_is_a_uniqueId_for_an_entity_WITHOUT_a_uniqueId_property" fullname="EdFi.Ods.Tests.EdFi.Ods.Security.AuthorizationStrategies.Relationships.Feature_Converting_segments_to_filters+When_converting_to_filters_from_a_segment_with_a_target_endpoint_that_is_a_uniqueId_for_an_entity_WITHOUT_a_uniqueId_property" classname="EdFi.Ods.Tests.EdFi.Ods.Security.AuthorizationStrategies.Relationships.Feature_Converting_segments_to_filters+When_converting_to_filters_from_a_segment_with_a_target_endpoint_that_is_a_uniqueId_for_an_entity_WITHOUT_a_uniqueId_property" runstate="Runnable" testcasecount="1" result="Passed" duration="0.006238" total="1" passed="0" failed="0" inconclusive="0" skipped="0" asserts="0">
                      <test-case id="6-2359" name="Should_convert_UniqueId_properties_to_USI_in_the_constructed_view_name_when_the_property_DOES_NOT_exist_on_the_targeted_entity" fullname="EdFi.Ods.Tests.EdFi.Ods.Security.AuthorizationStrategies.Relationships.Feature_Converting_segments_to_filters+When_converting_to_filters_from_a_segment_with_a_target_endpoint_that_is_a_uniqueId_for_an_entity_WITHOUT_a_uniqueId_property.Should_convert_UniqueId_properties_to_USI_in_the_constructed_view_name_when_the_property_DOES_NOT_exist_on_the_targeted_entity" methodname="Should_convert_UniqueId_properties_to_USI_in_the_constructed_view_name_when_the_property_DOES_NOT_exist_on_the_targeted_entity" classname="EdFi.Ods.Tests.EdFi.Ods.Security.AuthorizationStrategies.Relationships.Feature_Converting_segments_to_filters+When_converting_to_filters_from_a_segment_with_a_target_endpoint_that_is_a_uniqueId_for_an_entity_WITHOUT_a_uniqueId_property" runstate="Runnable" result="Passed" duration="0.000704" asserts="0" />
                    </test-suite>
                    <test-suite type="TestFixture" id="6-2349" name="Feature_Converting_segments_to_filters+When_converting_to_filters_from_a_single_segment_for_a_LocalEducationAgency_claim_to_a_StudentUSI_using_an_authorization_path_modifier" fullname="EdFi.Ods.Tests.EdFi.Ods.Security.AuthorizationStrategies.Relationships.Feature_Converting_segments_to_filters+When_converting_to_filters_from_a_single_segment_for_a_LocalEducationAgency_claim_to_a_StudentUSI_using_an_authorization_path_modifier" classname="EdFi.Ods.Tests.EdFi.Ods.Security.AuthorizationStrategies.Relationships.Feature_Converting_segments_to_filters+When_converting_to_filters_from_a_single_segment_for_a_LocalEducationAgency_claim_to_a_StudentUSI_using_an_authorization_path_modifier" runstate="Runnable" testcasecount="2" result="Passed" duration="0.006197" total="2" passed="0" failed="0" inconclusive="0" skipped="0" asserts="0">
                      <test-case id="6-2351" name="Should_assign_parameter_value_matching_the_claim_education_organization_type_and_value" fullname="EdFi.Ods.Tests.EdFi.Ods.Security.AuthorizationStrategies.Relationships.Feature_Converting_segments_to_filters+When_converting_to_filters_from_a_single_segment_for_a_LocalEducationAgency_claim_to_a_StudentUSI_using_an_authorization_path_modifier.Should_assign_parameter_value_matching_the_claim_education_organization_type_and_value" methodname="Should_assign_parameter_value_matching_the_claim_education_organization_type_and_value" classname="EdFi.Ods.Tests.EdFi.Ods.Security.AuthorizationStrategies.Relationships.Feature_Converting_segments_to_filters+When_converting_to_filters_from_a_single_segment_for_a_LocalEducationAgency_claim_to_a_StudentUSI_using_an_authorization_path_modifier" runstate="Runnable" result="Passed" duration="0.001592" asserts="0" />
                      <test-case id="6-2350" name="Should_create_a_single_filter_named_for_the_segment_endpoint_values_applying_the_authorization_path_modifier_as_a_suffix" fullname="EdFi.Ods.Tests.EdFi.Ods.Security.AuthorizationStrategies.Relationships.Feature_Converting_segments_to_filters+When_converting_to_filters_from_a_single_segment_for_a_LocalEducationAgency_claim_to_a_StudentUSI_using_an_authorization_path_modifier.Should_create_a_single_filter_named_for_the_segment_endpoint_values_applying_the_authorization_path_modifier_as_a_suffix" methodname="Should_create_a_single_filter_named_for_the_segment_endpoint_values_applying_the_authorization_path_modifier_as_a_suffix" classname="EdFi.Ods.Tests.EdFi.Ods.Security.AuthorizationStrategies.Relationships.Feature_Converting_segments_to_filters+When_converting_to_filters_from_a_single_segment_for_a_LocalEducationAgency_claim_to_a_StudentUSI_using_an_authorization_path_modifier" runstate="Runnable" result="Passed" duration="0.000576" asserts="0" />
                    </test-suite>
                    <test-suite type="TestFixture" id="6-2346" name="Feature_Converting_segments_to_filters+When_converting_to_filters_from_a_single_segment_for_a_LocalEducationAgency_claim_to_SchoolId" fullname="EdFi.Ods.Tests.EdFi.Ods.Security.AuthorizationStrategies.Relationships.Feature_Converting_segments_to_filters+When_converting_to_filters_from_a_single_segment_for_a_LocalEducationAgency_claim_to_SchoolId" classname="EdFi.Ods.Tests.EdFi.Ods.Security.AuthorizationStrategies.Relationships.Feature_Converting_segments_to_filters+When_converting_to_filters_from_a_single_segment_for_a_LocalEducationAgency_claim_to_SchoolId" runstate="Runnable" testcasecount="2" result="Passed" duration="0.004046" total="2" passed="0" failed="0" inconclusive="0" skipped="0" asserts="0">
                      <test-case id="6-2348" name="Should_assign_parameter_value_matching_the_claim_education_organization_type_and_value" fullname="EdFi.Ods.Tests.EdFi.Ods.Security.AuthorizationStrategies.Relationships.Feature_Converting_segments_to_filters+When_converting_to_filters_from_a_single_segment_for_a_LocalEducationAgency_claim_to_SchoolId.Should_assign_parameter_value_matching_the_claim_education_organization_type_and_value" methodname="Should_assign_parameter_value_matching_the_claim_education_organization_type_and_value" classname="EdFi.Ods.Tests.EdFi.Ods.Security.AuthorizationStrategies.Relationships.Feature_Converting_segments_to_filters+When_converting_to_filters_from_a_single_segment_for_a_LocalEducationAgency_claim_to_SchoolId" runstate="Runnable" result="Passed" duration="0.000498" asserts="0" />
                      <test-case id="6-2347" name="Should_create_a_single_filter_named_for_the_segment_endpoint_values" fullname="EdFi.Ods.Tests.EdFi.Ods.Security.AuthorizationStrategies.Relationships.Feature_Converting_segments_to_filters+When_converting_to_filters_from_a_single_segment_for_a_LocalEducationAgency_claim_to_SchoolId.Should_create_a_single_filter_named_for_the_segment_endpoint_values" methodname="Should_create_a_single_filter_named_for_the_segment_endpoint_values" classname="EdFi.Ods.Tests.EdFi.Ods.Security.AuthorizationStrategies.Relationships.Feature_Converting_segments_to_filters+When_converting_to_filters_from_a_single_segment_for_a_LocalEducationAgency_claim_to_SchoolId" runstate="Runnable" result="Passed" duration="0.000416" asserts="0" />
                    </test-suite>
                    <test-suite type="TestFixture" id="6-2344" name="Feature_Converting_segments_to_filters+When_converting_to_filters_from_an_empty_segments_collection" fullname="EdFi.Ods.Tests.EdFi.Ods.Security.AuthorizationStrategies.Relationships.Feature_Converting_segments_to_filters+When_converting_to_filters_from_an_empty_segments_collection" classname="EdFi.Ods.Tests.EdFi.Ods.Security.AuthorizationStrategies.Relationships.Feature_Converting_segments_to_filters+When_converting_to_filters_from_an_empty_segments_collection" runstate="Runnable" testcasecount="1" result="Passed" duration="0.001254" total="1" passed="0" failed="0" inconclusive="0" skipped="0" asserts="0">
                      <test-case id="6-2345" name="Should_return_a_null_filters_dictionary" fullname="EdFi.Ods.Tests.EdFi.Ods.Security.AuthorizationStrategies.Relationships.Feature_Converting_segments_to_filters+When_converting_to_filters_from_an_empty_segments_collection.Should_return_a_null_filters_dictionary" methodname="Should_return_a_null_filters_dictionary" classname="EdFi.Ods.Tests.EdFi.Ods.Security.AuthorizationStrategies.Relationships.Feature_Converting_segments_to_filters+When_converting_to_filters_from_an_empty_segments_collection" runstate="Runnable" result="Passed" duration="0.000339" asserts="0" />
                    </test-suite>
                    <test-suite type="TestFixture" id="6-2356" name="Feature_Converting_segments_to_filters+When_converting_to_filters_from_multiple_segments_with_the_same_target_types" fullname="EdFi.Ods.Tests.EdFi.Ods.Security.AuthorizationStrategies.Relationships.Feature_Converting_segments_to_filters+When_converting_to_filters_from_multiple_segments_with_the_same_target_types" classname="EdFi.Ods.Tests.EdFi.Ods.Security.AuthorizationStrategies.Relationships.Feature_Converting_segments_to_filters+When_converting_to_filters_from_multiple_segments_with_the_same_target_types" runstate="Runnable" testcasecount="1" result="Passed" duration="0.003840" total="1" passed="0" failed="0" inconclusive="0" skipped="0" asserts="0">
                      <test-case id="6-2357" name="Should_not_include_redundant_values_in_the_filter_values" fullname="EdFi.Ods.Tests.EdFi.Ods.Security.AuthorizationStrategies.Relationships.Feature_Converting_segments_to_filters+When_converting_to_filters_from_multiple_segments_with_the_same_target_types.Should_not_include_redundant_values_in_the_filter_values" methodname="Should_not_include_redundant_values_in_the_filter_values" classname="EdFi.Ods.Tests.EdFi.Ods.Security.AuthorizationStrategies.Relationships.Feature_Converting_segments_to_filters+When_converting_to_filters_from_multiple_segments_with_the_same_target_types" runstate="Runnable" result="Passed" duration="0.000529" asserts="0" />
                    </test-suite>
                    <test-suite type="TestFixture" id="6-2352" name="Feature_Converting_segments_to_filters+When_converting_to_filters_from_segments_that_have_multiple_education_organization_types" fullname="EdFi.Ods.Tests.EdFi.Ods.Security.AuthorizationStrategies.Relationships.Feature_Converting_segments_to_filters+When_converting_to_filters_from_segments_that_have_multiple_education_organization_types" classname="EdFi.Ods.Tests.EdFi.Ods.Security.AuthorizationStrategies.Relationships.Feature_Converting_segments_to_filters+When_converting_to_filters_from_segments_that_have_multiple_education_organization_types" runstate="Runnable" testcasecount="1" result="Passed" duration="0.006780" total="1" passed="0" failed="0" inconclusive="0" skipped="0" asserts="0">
                      <test-case id="6-2353" name="Should_throw_a_NotSupportedException_stating_that_multiple_endpoint_types_were_found_and_are_not_supported" fullname="EdFi.Ods.Tests.EdFi.Ods.Security.AuthorizationStrategies.Relationships.Feature_Converting_segments_to_filters+When_converting_to_filters_from_segments_that_have_multiple_education_organization_types.Should_throw_a_NotSupportedException_stating_that_multiple_endpoint_types_were_found_and_are_not_supported" methodname="Should_throw_a_NotSupportedException_stating_that_multiple_endpoint_types_were_found_and_are_not_supported" classname="EdFi.Ods.Tests.EdFi.Ods.Security.AuthorizationStrategies.Relationships.Feature_Converting_segments_to_filters+When_converting_to_filters_from_segments_that_have_multiple_education_organization_types" runstate="Runnable" result="Passed" duration="0.003004" asserts="1" />
                    </test-suite>
                  </test-suite>
                  <test-suite type="TestFixture" id="6-1145" name="When_generating_aliases_using_instance_state" fullname="EdFi.Ods.Tests.EdFi.Ods.Security.AuthorizationStrategies.When_generating_aliases_using_instance_state" classname="EdFi.Ods.Tests.EdFi.Ods.Security.AuthorizationStrategies.When_generating_aliases_using_instance_state" runstate="Runnable" testcasecount="1" result="Passed" duration="0.014937" total="1" passed="0" failed="0" inconclusive="0" skipped="0" asserts="0">
                    <test-case id="6-1146" name="Should_generate_17576_unique_aliases_before_throwing_an_InvalidOperationException" fullname="EdFi.Ods.Tests.EdFi.Ods.Security.AuthorizationStrategies.When_generating_aliases_using_instance_state.Should_generate_17576_unique_aliases_before_throwing_an_InvalidOperationException" methodname="Should_generate_17576_unique_aliases_before_throwing_an_InvalidOperationException" classname="EdFi.Ods.Tests.EdFi.Ods.Security.AuthorizationStrategies.When_generating_aliases_using_instance_state" runstate="Runnable" result="Passed" duration="0.003278" asserts="1" />
                  </test-suite>
                  <test-suite type="TestFixture" id="6-1149" name="When_generating_aliases_using_multiple_generators_using_shared_state" fullname="EdFi.Ods.Tests.EdFi.Ods.Security.AuthorizationStrategies.When_generating_aliases_using_multiple_generators_using_shared_state" classname="EdFi.Ods.Tests.EdFi.Ods.Security.AuthorizationStrategies.When_generating_aliases_using_multiple_generators_using_shared_state" runstate="Runnable" testcasecount="1" result="Passed" duration="0.002167" total="1" passed="0" failed="0" inconclusive="0" skipped="0" asserts="0">
                    <test-case id="6-1150" name="Should_generate_incremented_aliases_across_multiple_generators" fullname="EdFi.Ods.Tests.EdFi.Ods.Security.AuthorizationStrategies.When_generating_aliases_using_multiple_generators_using_shared_state.Should_generate_incremented_aliases_across_multiple_generators" methodname="Should_generate_incremented_aliases_across_multiple_generators" classname="EdFi.Ods.Tests.EdFi.Ods.Security.AuthorizationStrategies.When_generating_aliases_using_multiple_generators_using_shared_state" runstate="Runnable" result="Passed" duration="0.000926" asserts="9" />
                  </test-suite>
                  <test-suite type="TestFixture" id="6-1147" name="When_generating_aliases_using_shared_state" fullname="EdFi.Ods.Tests.EdFi.Ods.Security.AuthorizationStrategies.When_generating_aliases_using_shared_state" classname="EdFi.Ods.Tests.EdFi.Ods.Security.AuthorizationStrategies.When_generating_aliases_using_shared_state" runstate="Runnable" testcasecount="1" result="Passed" duration="0.013426" total="1" passed="0" failed="0" inconclusive="0" skipped="0" asserts="0">
                    <test-case id="6-1148" name="Should_not_generate_an_exception" fullname="EdFi.Ods.Tests.EdFi.Ods.Security.AuthorizationStrategies.When_generating_aliases_using_shared_state.Should_not_generate_an_exception" methodname="Should_not_generate_an_exception" classname="EdFi.Ods.Tests.EdFi.Ods.Security.AuthorizationStrategies.When_generating_aliases_using_shared_state" runstate="Runnable" result="Passed" duration="0.000280" asserts="1" />
                  </test-suite>
                </test-suite>
                <test-suite type="Namespace" id="6-3388" name="Claims" fullname="EdFi.Ods.Tests.EdFi.Ods.Security.Claims" runstate="Runnable" testcasecount="9" result="Passed" duration="0.053738" total="9" passed="0" failed="0" inconclusive="0" skipped="0" asserts="0">
                  <test-suite type="TestFixture" id="6-2176" name="ClaimsIdentityProviderTests+When_creating_a_ClaimsIdentity_for_a_caller_with_associated_education_organizations" fullname="EdFi.Ods.Tests.EdFi.Ods.Security.Claims.ClaimsIdentityProviderTests+When_creating_a_ClaimsIdentity_for_a_caller_with_associated_education_organizations" classname="EdFi.Ods.Tests.EdFi.Ods.Security.Claims.ClaimsIdentityProviderTests+When_creating_a_ClaimsIdentity_for_a_caller_with_associated_education_organizations" runstate="Runnable" testcasecount="8" result="Passed" duration="0.049878" total="8" passed="0" failed="0" inconclusive="0" skipped="0" asserts="0">
                    <test-case id="6-2184" name="Should_add_claims_for_assigned_profiles" fullname="EdFi.Ods.Tests.EdFi.Ods.Security.Claims.ClaimsIdentityProviderTests+When_creating_a_ClaimsIdentity_for_a_caller_with_associated_education_organizations.Should_add_claims_for_assigned_profiles" methodname="Should_add_claims_for_assigned_profiles" classname="EdFi.Ods.Tests.EdFi.Ods.Security.Claims.ClaimsIdentityProviderTests+When_creating_a_ClaimsIdentity_for_a_caller_with_associated_education_organizations" runstate="Runnable" result="Passed" duration="0.001248" asserts="3" />
                    <test-case id="6-2183" name="Should_associate_the_callers_education_organizations_with_each_resource_claim" fullname="EdFi.Ods.Tests.EdFi.Ods.Security.Claims.ClaimsIdentityProviderTests+When_creating_a_ClaimsIdentity_for_a_caller_with_associated_education_organizations.Should_associate_the_callers_education_organizations_with_each_resource_claim" methodname="Should_associate_the_callers_education_organizations_with_each_resource_claim" classname="EdFi.Ods.Tests.EdFi.Ods.Security.Claims.ClaimsIdentityProviderTests+When_creating_a_ClaimsIdentity_for_a_caller_with_associated_education_organizations" runstate="Runnable" result="Passed" duration="0.002069" asserts="0" />
                    <test-case id="6-2180" name="Should_capture_assigned_authorization_strategy_overrides_to_associated_actions" fullname="EdFi.Ods.Tests.EdFi.Ods.Security.Claims.ClaimsIdentityProviderTests+When_creating_a_ClaimsIdentity_for_a_caller_with_associated_education_organizations.Should_capture_assigned_authorization_strategy_overrides_to_associated_actions" methodname="Should_capture_assigned_authorization_strategy_overrides_to_associated_actions" classname="EdFi.Ods.Tests.EdFi.Ods.Security.Claims.ClaimsIdentityProviderTests+When_creating_a_ClaimsIdentity_for_a_caller_with_associated_education_organizations" runstate="Runnable" result="Passed" duration="0.002334" asserts="1" />
                    <test-case id="6-2182" name="Should_capture_assigned_validation_rule_set_name_overrides_to_associated_actions_leaving_them_null_on_actions_without_an_override_assigned" fullname="EdFi.Ods.Tests.EdFi.Ods.Security.Claims.ClaimsIdentityProviderTests+When_creating_a_ClaimsIdentity_for_a_caller_with_associated_education_organizations.Should_capture_assigned_validation_rule_set_name_overrides_to_associated_actions_leaving_them_null_on_actions_without_an_override_assigned" methodname="Should_capture_assigned_validation_rule_set_name_overrides_to_associated_actions_leaving_them_null_on_actions_without_an_override_assigned" classname="EdFi.Ods.Tests.EdFi.Ods.Security.Claims.ClaimsIdentityProviderTests+When_creating_a_ClaimsIdentity_for_a_caller_with_associated_education_organizations" runstate="Runnable" result="Passed" duration="0.003253" asserts="2" />
                    <test-case id="6-2179" name="Should_combine_multiple_actions_for_the_same_resource_claim_into_an_array_under_a_single_issued_claim" fullname="EdFi.Ods.Tests.EdFi.Ods.Security.Claims.ClaimsIdentityProviderTests+When_creating_a_ClaimsIdentity_for_a_caller_with_associated_education_organizations.Should_combine_multiple_actions_for_the_same_resource_claim_into_an_array_under_a_single_issued_claim" methodname="Should_combine_multiple_actions_for_the_same_resource_claim_into_an_array_under_a_single_issued_claim" classname="EdFi.Ods.Tests.EdFi.Ods.Security.Claims.ClaimsIdentityProviderTests+When_creating_a_ClaimsIdentity_for_a_caller_with_associated_education_organizations" runstate="Runnable" result="Passed" duration="0.001235" asserts="0" />
                    <test-case id="6-2177" name="Should_issue_a_namespace_prefix_claim_using_the_supplied_value" fullname="EdFi.Ods.Tests.EdFi.Ods.Security.Claims.ClaimsIdentityProviderTests+When_creating_a_ClaimsIdentity_for_a_caller_with_associated_education_organizations.Should_issue_a_namespace_prefix_claim_using_the_supplied_value" methodname="Should_issue_a_namespace_prefix_claim_using_the_supplied_value" classname="EdFi.Ods.Tests.EdFi.Ods.Security.Claims.ClaimsIdentityProviderTests+When_creating_a_ClaimsIdentity_for_a_caller_with_associated_education_organizations" runstate="Runnable" result="Passed" duration="0.000543" asserts="0" />
                    <test-case id="6-2178" name="Should_issue_one_claim_for_each_distinct_resource_claim_defined_in_the_callers_claim_set" fullname="EdFi.Ods.Tests.EdFi.Ods.Security.Claims.ClaimsIdentityProviderTests+When_creating_a_ClaimsIdentity_for_a_caller_with_associated_education_organizations.Should_issue_one_claim_for_each_distinct_resource_claim_defined_in_the_callers_claim_set" methodname="Should_issue_one_claim_for_each_distinct_resource_claim_defined_in_the_callers_claim_set" classname="EdFi.Ods.Tests.EdFi.Ods.Security.Claims.ClaimsIdentityProviderTests+When_creating_a_ClaimsIdentity_for_a_caller_with_associated_education_organizations" runstate="Runnable" result="Passed" duration="0.001792" asserts="0" />
                    <test-case id="6-2181" name="Should_leave_authorization_strategy_override_null_on_actions_without_an_override_assigned" fullname="EdFi.Ods.Tests.EdFi.Ods.Security.Claims.ClaimsIdentityProviderTests+When_creating_a_ClaimsIdentity_for_a_caller_with_associated_education_organizations.Should_leave_authorization_strategy_override_null_on_actions_without_an_override_assigned" methodname="Should_leave_authorization_strategy_override_null_on_actions_without_an_override_assigned" classname="EdFi.Ods.Tests.EdFi.Ods.Security.Claims.ClaimsIdentityProviderTests+When_creating_a_ClaimsIdentity_for_a_caller_with_associated_education_organizations" runstate="Runnable" result="Passed" duration="0.001117" asserts="1" />
                  </test-suite>
                  <test-suite type="TestFixture" id="6-2174" name="ClaimsIdentityProviderTests+When_creating_a_ClaimsIdentity_with_no_API_key_context_available" fullname="EdFi.Ods.Tests.EdFi.Ods.Security.Claims.ClaimsIdentityProviderTests+When_creating_a_ClaimsIdentity_with_no_API_key_context_available" classname="EdFi.Ods.Tests.EdFi.Ods.Security.Claims.ClaimsIdentityProviderTests+When_creating_a_ClaimsIdentity_with_no_API_key_context_available" runstate="Runnable" testcasecount="1" result="Passed" duration="0.002275" total="1" passed="0" failed="0" inconclusive="0" skipped="0" asserts="0">
                    <test-case id="6-2175" name="Should_throw_an_EdFiSecurityException_related_to_the_missing_API_key_context" fullname="EdFi.Ods.Tests.EdFi.Ods.Security.Claims.ClaimsIdentityProviderTests+When_creating_a_ClaimsIdentity_with_no_API_key_context_available.Should_throw_an_EdFiSecurityException_related_to_the_missing_API_key_context" methodname="Should_throw_an_EdFiSecurityException_related_to_the_missing_API_key_context" classname="EdFi.Ods.Tests.EdFi.Ods.Security.Claims.ClaimsIdentityProviderTests+When_creating_a_ClaimsIdentity_with_no_API_key_context_available" runstate="Runnable" result="Passed" duration="0.000825" asserts="2" />
                  </test-suite>
                </test-suite>
                <test-suite type="Namespace" id="6-3386" name="Utilities" fullname="EdFi.Ods.Tests.EdFi.Ods.Security.Utilities" runstate="Runnable" testcasecount="3" result="Passed" duration="0.176721" total="3" passed="0" failed="0" inconclusive="0" skipped="0" asserts="0">
                  <test-suite type="Namespace" id="6-3387" name="CastleWindsor" fullname="EdFi.Ods.Tests.EdFi.Ods.Security.Utilities.CastleWindsor" runstate="Runnable" testcasecount="3" result="Passed" duration="0.176441" total="3" passed="0" failed="0" inconclusive="0" skipped="0" asserts="0">
                    <test-suite type="TestFixture" id="6-2170" name="SecurityComponentsInstallerTests+When_registering_in_the_container" fullname="EdFi.Ods.Tests.EdFi.Ods.Security.Utilities.CastleWindsor.SecurityComponentsInstallerTests+When_registering_in_the_container" classname="EdFi.Ods.Tests.EdFi.Ods.Security.Utilities.CastleWindsor.SecurityComponentsInstallerTests+When_registering_in_the_container" runstate="Runnable" testcasecount="3" result="Passed" duration="0.176046" total="3" passed="0" failed="0" inconclusive="0" skipped="0" asserts="0">
                      <test-case id="6-2172" name="Should_resolve_the_EdFi_authorization_provider_and_all_of_its_dependencies" fullname="EdFi.Ods.Tests.EdFi.Ods.Security.Utilities.CastleWindsor.SecurityComponentsInstallerTests+When_registering_in_the_container.Should_resolve_the_EdFi_authorization_provider_and_all_of_its_dependencies" methodname="Should_resolve_the_EdFi_authorization_provider_and_all_of_its_dependencies" classname="EdFi.Ods.Tests.EdFi.Ods.Security.Utilities.CastleWindsor.SecurityComponentsInstallerTests+When_registering_in_the_container" runstate="Runnable" result="Passed" duration="0.021227" asserts="0" />
                      <test-case id="6-2173" name="Should_resolve_the_EdFi_authorization_strategies_and_all_of_its_dependencies" fullname="EdFi.Ods.Tests.EdFi.Ods.Security.Utilities.CastleWindsor.SecurityComponentsInstallerTests+When_registering_in_the_container.Should_resolve_the_EdFi_authorization_strategies_and_all_of_its_dependencies" methodname="Should_resolve_the_EdFi_authorization_strategies_and_all_of_its_dependencies" classname="EdFi.Ods.Tests.EdFi.Ods.Security.Utilities.CastleWindsor.SecurityComponentsInstallerTests+When_registering_in_the_container" runstate="Runnable" result="Passed" duration="0.003019" asserts="1" />
                      <test-case id="6-2171" name="Should_resolve_the_relationship_based_authorization_context_providers_for_the_corresponding_entity_types" fullname="EdFi.Ods.Tests.EdFi.Ods.Security.Utilities.CastleWindsor.SecurityComponentsInstallerTests+When_registering_in_the_container.Should_resolve_the_relationship_based_authorization_context_providers_for_the_corresponding_entity_types" methodname="Should_resolve_the_relationship_based_authorization_context_providers_for_the_corresponding_entity_types" classname="EdFi.Ods.Tests.EdFi.Ods.Security.Utilities.CastleWindsor.SecurityComponentsInstallerTests+When_registering_in_the_container" runstate="Runnable" result="Passed" duration="0.000570" asserts="0" />
                    </test-suite>
                  </test-suite>
                </test-suite>
              </test-suite>
              <test-suite type="Namespace" id="6-3308" name="WebApi" fullname="EdFi.Ods.Tests.EdFi.Ods.WebApi" runstate="Runnable" testcasecount="113" result="Passed" duration="4.364963" total="113" passed="0" failed="0" inconclusive="0" skipped="0" asserts="0">
                <test-suite type="Namespace" id="6-3310" name="Common" fullname="EdFi.Ods.Tests.EdFi.Ods.WebApi.Common" runstate="Runnable" testcasecount="13" result="Passed" duration="0.138492" total="13" passed="0" failed="0" inconclusive="0" skipped="0" asserts="0">
                  <test-suite type="TestFixture" id="6-1098" name="HttpContextCacheHelpersTests" fullname="EdFi.Ods.Tests.EdFi.Ods.WebApi.Common.HttpContextCacheHelpersTests" classname="EdFi.Ods.Tests.EdFi.Ods.WebApi.Common.HttpContextCacheHelpersTests" runstate="Runnable" testcasecount="4" result="Passed" duration="0.010484" total="4" passed="0" failed="0" inconclusive="0" skipped="0" asserts="0">
                    <test-case id="6-1099" name="Should_Cache_item_in_HttpContext_Items" fullname="EdFi.Ods.Tests.EdFi.Ods.WebApi.Common.HttpContextCacheHelpersTests.Should_Cache_item_in_HttpContext_Items" methodname="Should_Cache_item_in_HttpContext_Items" classname="EdFi.Ods.Tests.EdFi.Ods.WebApi.Common.HttpContextCacheHelpersTests" runstate="Runnable" result="Passed" duration="0.001729" asserts="0" />
                    <test-case id="6-1100" name="Should_Not_Try_To_Add_Item_If_Already_In_Cache" fullname="EdFi.Ods.Tests.EdFi.Ods.WebApi.Common.HttpContextCacheHelpersTests.Should_Not_Try_To_Add_Item_If_Already_In_Cache" methodname="Should_Not_Try_To_Add_Item_If_Already_In_Cache" classname="EdFi.Ods.Tests.EdFi.Ods.WebApi.Common.HttpContextCacheHelpersTests" runstate="Runnable" result="Passed" duration="0.001073" asserts="0" />
                    <test-case id="6-1101" name="Should_Retrieve_Item_from_Cache" fullname="EdFi.Ods.Tests.EdFi.Ods.WebApi.Common.HttpContextCacheHelpersTests.Should_Retrieve_Item_from_Cache" methodname="Should_Retrieve_Item_from_Cache" classname="EdFi.Ods.Tests.EdFi.Ods.WebApi.Common.HttpContextCacheHelpersTests" runstate="Runnable" result="Passed" duration="0.001687" asserts="0" />
                    <test-case id="6-1102" name="Should_Throw____Exception_When_Key_Is_Not_In_Cache" fullname="EdFi.Ods.Tests.EdFi.Ods.WebApi.Common.HttpContextCacheHelpersTests.Should_Throw____Exception_When_Key_Is_Not_In_Cache" methodname="Should_Throw____Exception_When_Key_Is_Not_In_Cache" classname="EdFi.Ods.Tests.EdFi.Ods.WebApi.Common.HttpContextCacheHelpersTests" runstate="Runnable" result="Passed" duration="0.001467" asserts="0" />
                  </test-suite>
                  <test-suite type="TestFixture" id="6-1088" name="OAuthAuthenticationFilterTests" fullname="EdFi.Ods.Tests.EdFi.Ods.WebApi.Common.OAuthAuthenticationFilterTests" classname="EdFi.Ods.Tests.EdFi.Ods.WebApi.Common.OAuthAuthenticationFilterTests" runstate="Runnable" testcasecount="9" result="Passed" duration="0.125952" total="9" passed="0" failed="0" inconclusive="0" skipped="0" asserts="0">
                    <test-case id="6-1092" name="OAuthAuthenticationFilter_InvalidOauthToken" fullname="EdFi.Ods.Tests.EdFi.Ods.WebApi.Common.OAuthAuthenticationFilterTests.OAuthAuthenticationFilter_InvalidOauthToken" methodname="OAuthAuthenticationFilter_InvalidOauthToken" classname="EdFi.Ods.Tests.EdFi.Ods.WebApi.Common.OAuthAuthenticationFilterTests" runstate="Runnable" result="Passed" duration="0.027301" asserts="3" />
                    <test-case id="6-1090" name="OAuthAuthenticationFilter_InvalidScheme" fullname="EdFi.Ods.Tests.EdFi.Ods.WebApi.Common.OAuthAuthenticationFilterTests.OAuthAuthenticationFilter_InvalidScheme" methodname="OAuthAuthenticationFilter_InvalidScheme" classname="EdFi.Ods.Tests.EdFi.Ods.WebApi.Common.OAuthAuthenticationFilterTests" runstate="Runnable" result="Passed" duration="0.002423" asserts="2" />
                    <test-case id="6-1091" name="OAuthAuthenticationFilter_MissingParameter" fullname="EdFi.Ods.Tests.EdFi.Ods.WebApi.Common.OAuthAuthenticationFilterTests.OAuthAuthenticationFilter_MissingParameter" methodname="OAuthAuthenticationFilter_MissingParameter" classname="EdFi.Ods.Tests.EdFi.Ods.WebApi.Common.OAuthAuthenticationFilterTests" runstate="Runnable" result="Passed" duration="0.002200" asserts="3" />
                    <test-case id="6-1089" name="OAuthAuthenticationFilter_NoCredentials" fullname="EdFi.Ods.Tests.EdFi.Ods.WebApi.Common.OAuthAuthenticationFilterTests.OAuthAuthenticationFilter_NoCredentials" methodname="OAuthAuthenticationFilter_NoCredentials" classname="EdFi.Ods.Tests.EdFi.Ods.WebApi.Common.OAuthAuthenticationFilterTests" runstate="Runnable" result="Passed" duration="0.003079" asserts="2" />
                    <test-case id="6-1094" name="OAuthAuthenticationFilter_UsingProductionCredentialsInSandbox" fullname="EdFi.Ods.Tests.EdFi.Ods.WebApi.Common.OAuthAuthenticationFilterTests.OAuthAuthenticationFilter_UsingProductionCredentialsInSandbox" methodname="OAuthAuthenticationFilter_UsingProductionCredentialsInSandbox" classname="EdFi.Ods.Tests.EdFi.Ods.WebApi.Common.OAuthAuthenticationFilterTests" runstate="Runnable" result="Passed" duration="0.049181" asserts="3" />
                    <test-case id="6-1093" name="OAuthAuthenticationFilter_UsingSandboxCredentialsInProduction" fullname="EdFi.Ods.Tests.EdFi.Ods.WebApi.Common.OAuthAuthenticationFilterTests.OAuthAuthenticationFilter_UsingSandboxCredentialsInProduction" methodname="OAuthAuthenticationFilter_UsingSandboxCredentialsInProduction" classname="EdFi.Ods.Tests.EdFi.Ods.WebApi.Common.OAuthAuthenticationFilterTests" runstate="Runnable" result="Passed" duration="0.005992" asserts="3" />
                    <test-case id="6-1095" name="OAuthAuthenticationFilter_ValidCredentials" fullname="EdFi.Ods.Tests.EdFi.Ods.WebApi.Common.OAuthAuthenticationFilterTests.OAuthAuthenticationFilter_ValidCredentials" methodname="OAuthAuthenticationFilter_ValidCredentials" classname="EdFi.Ods.Tests.EdFi.Ods.WebApi.Common.OAuthAuthenticationFilterTests" runstate="Runnable" result="Passed" duration="0.005196" asserts="3" />
                    <test-case id="6-1097" name="OAuthAuthenticationFilter_ValidCredentials_ProductionClient" fullname="EdFi.Ods.Tests.EdFi.Ods.WebApi.Common.OAuthAuthenticationFilterTests.OAuthAuthenticationFilter_ValidCredentials_ProductionClient" methodname="OAuthAuthenticationFilter_ValidCredentials_ProductionClient" classname="EdFi.Ods.Tests.EdFi.Ods.WebApi.Common.OAuthAuthenticationFilterTests" runstate="Runnable" result="Passed" duration="0.004876" asserts="3" />
                    <test-case id="6-1096" name="OAuthAuthenticationFilter_ValidCredentials_SandboxClient" fullname="EdFi.Ods.Tests.EdFi.Ods.WebApi.Common.OAuthAuthenticationFilterTests.OAuthAuthenticationFilter_ValidCredentials_SandboxClient" methodname="OAuthAuthenticationFilter_ValidCredentials_SandboxClient" classname="EdFi.Ods.Tests.EdFi.Ods.WebApi.Common.OAuthAuthenticationFilterTests" runstate="Runnable" result="Passed" duration="0.005809" asserts="3" />
                  </test-suite>
                </test-suite>
                <test-suite type="Namespace" id="6-3378" name="Controllers" fullname="EdFi.Ods.Tests.EdFi.Ods.WebApi.Controllers" runstate="Runnable" testcasecount="53" result="Passed" duration="0.806118" total="53" passed="0" failed="0" inconclusive="0" skipped="0" asserts="0">
                  <test-suite type="TestFixture" id="6-1991" name="StudentDeleteTests+When_deleting_a_student_causes_referencial_exception" fullname="EdFi.Ods.Tests.EdFi.Ods.WebApi.Controllers.StudentDeleteTests+When_deleting_a_student_causes_referencial_exception" classname="EdFi.Ods.Tests.EdFi.Ods.WebApi.Controllers.StudentDeleteTests+When_deleting_a_student_causes_referencial_exception" runstate="Runnable" testcasecount="2" result="Passed" duration="0.031958" total="2" passed="0" failed="0" inconclusive="0" skipped="0" asserts="0">
                    <test-case id="6-1992" name="Should_return_conflict" fullname="EdFi.Ods.Tests.EdFi.Ods.WebApi.Controllers.StudentDeleteTests+When_deleting_a_student_causes_referencial_exception.Should_return_conflict" methodname="Should_return_conflict" classname="EdFi.Ods.Tests.EdFi.Ods.WebApi.Controllers.StudentDeleteTests+When_deleting_a_student_causes_referencial_exception" runstate="Runnable" result="Passed" duration="0.000275" asserts="0" />
                    <test-case id="6-1993" name="Should_return_message" fullname="EdFi.Ods.Tests.EdFi.Ods.WebApi.Controllers.StudentDeleteTests+When_deleting_a_student_causes_referencial_exception.Should_return_message" methodname="Should_return_message" classname="EdFi.Ods.Tests.EdFi.Ods.WebApi.Controllers.StudentDeleteTests+When_deleting_a_student_causes_referencial_exception" runstate="Runnable" result="Passed" duration="0.002261" asserts="0" />
                  </test-suite>
                  <test-suite type="TestFixture" id="6-1999" name="StudentDeleteTests+When_deleting_a_student_that_has_been_modified" fullname="EdFi.Ods.Tests.EdFi.Ods.WebApi.Controllers.StudentDeleteTests+When_deleting_a_student_that_has_been_modified" classname="EdFi.Ods.Tests.EdFi.Ods.WebApi.Controllers.StudentDeleteTests+When_deleting_a_student_that_has_been_modified" runstate="Runnable" testcasecount="2" result="Passed" duration="0.013236" total="2" passed="0" failed="0" inconclusive="0" skipped="0" asserts="0">
                    <test-case id="6-2001" name="Should_return_message" fullname="EdFi.Ods.Tests.EdFi.Ods.WebApi.Controllers.StudentDeleteTests+When_deleting_a_student_that_has_been_modified.Should_return_message" methodname="Should_return_message" classname="EdFi.Ods.Tests.EdFi.Ods.WebApi.Controllers.StudentDeleteTests+When_deleting_a_student_that_has_been_modified" runstate="Runnable" result="Passed" duration="0.001345" asserts="0" />
                    <test-case id="6-2000" name="Should_return_precondition_failed" fullname="EdFi.Ods.Tests.EdFi.Ods.WebApi.Controllers.StudentDeleteTests+When_deleting_a_student_that_has_been_modified.Should_return_precondition_failed" methodname="Should_return_precondition_failed" classname="EdFi.Ods.Tests.EdFi.Ods.WebApi.Controllers.StudentDeleteTests+When_deleting_a_student_that_has_been_modified" runstate="Runnable" result="Passed" duration="0.000285" asserts="0" />
                  </test-suite>
                  <test-suite type="TestFixture" id="6-1986" name="StudentDeleteTests+When_deleting_existing_student" fullname="EdFi.Ods.Tests.EdFi.Ods.WebApi.Controllers.StudentDeleteTests+When_deleting_existing_student" classname="EdFi.Ods.Tests.EdFi.Ods.WebApi.Controllers.StudentDeleteTests+When_deleting_existing_student" runstate="Runnable" testcasecount="2" result="Passed" duration="0.013063" total="2" passed="0" failed="0" inconclusive="0" skipped="0" asserts="0">
                    <test-case id="6-1988" name="Should_return_empty_content" fullname="EdFi.Ods.Tests.EdFi.Ods.WebApi.Controllers.StudentDeleteTests+When_deleting_existing_student.Should_return_empty_content" methodname="Should_return_empty_content" classname="EdFi.Ods.Tests.EdFi.Ods.WebApi.Controllers.StudentDeleteTests+When_deleting_existing_student" runstate="Runnable" result="Passed" duration="0.000214" asserts="0" />
                    <test-case id="6-1987" name="Should_return_no_content" fullname="EdFi.Ods.Tests.EdFi.Ods.WebApi.Controllers.StudentDeleteTests+When_deleting_existing_student.Should_return_no_content" methodname="Should_return_no_content" classname="EdFi.Ods.Tests.EdFi.Ods.WebApi.Controllers.StudentDeleteTests+When_deleting_existing_student" runstate="Runnable" result="Passed" duration="0.000221" asserts="0" />
                  </test-suite>
                  <test-suite type="TestFixture" id="6-1989" name="StudentDeleteTests+When_deleting_student_not_found" fullname="EdFi.Ods.Tests.EdFi.Ods.WebApi.Controllers.StudentDeleteTests+When_deleting_student_not_found" classname="EdFi.Ods.Tests.EdFi.Ods.WebApi.Controllers.StudentDeleteTests+When_deleting_student_not_found" runstate="Runnable" testcasecount="1" result="Passed" duration="0.010588" total="1" passed="0" failed="0" inconclusive="0" skipped="0" asserts="0">
                    <test-case id="6-1990" name="Should_return_not_found" fullname="EdFi.Ods.Tests.EdFi.Ods.WebApi.Controllers.StudentDeleteTests+When_deleting_student_not_found.Should_return_not_found" methodname="Should_return_not_found" classname="EdFi.Ods.Tests.EdFi.Ods.WebApi.Controllers.StudentDeleteTests+When_deleting_student_not_found" runstate="Runnable" result="Passed" duration="0.000404" asserts="0" />
                  </test-suite>
                  <test-suite type="TestFixture" id="6-1996" name="StudentDeleteTests+When_deleting_student_throws_unhandled_exception" fullname="EdFi.Ods.Tests.EdFi.Ods.WebApi.Controllers.StudentDeleteTests+When_deleting_student_throws_unhandled_exception" classname="EdFi.Ods.Tests.EdFi.Ods.WebApi.Controllers.StudentDeleteTests+When_deleting_student_throws_unhandled_exception" runstate="Runnable" testcasecount="2" result="Passed" duration="0.010679" total="2" passed="0" failed="0" inconclusive="0" skipped="0" asserts="0">
                    <test-case id="6-1997" name="Should_return_internal_server_error" fullname="EdFi.Ods.Tests.EdFi.Ods.WebApi.Controllers.StudentDeleteTests+When_deleting_student_throws_unhandled_exception.Should_return_internal_server_error" methodname="Should_return_internal_server_error" classname="EdFi.Ods.Tests.EdFi.Ods.WebApi.Controllers.StudentDeleteTests+When_deleting_student_throws_unhandled_exception" runstate="Runnable" result="Passed" duration="0.000323" asserts="0" />
                    <test-case id="6-1998" name="Should_return_message" fullname="EdFi.Ods.Tests.EdFi.Ods.WebApi.Controllers.StudentDeleteTests+When_deleting_student_throws_unhandled_exception.Should_return_message" methodname="Should_return_message" classname="EdFi.Ods.Tests.EdFi.Ods.WebApi.Controllers.StudentDeleteTests+When_deleting_student_throws_unhandled_exception" runstate="Runnable" result="Passed" duration="0.001374" asserts="0" />
                  </test-suite>
                  <test-suite type="TestFixture" id="6-1994" name="StudentDeleteTests+When_deleting_student_unauthorized" fullname="EdFi.Ods.Tests.EdFi.Ods.WebApi.Controllers.StudentDeleteTests+When_deleting_student_unauthorized" classname="EdFi.Ods.Tests.EdFi.Ods.WebApi.Controllers.StudentDeleteTests+When_deleting_student_unauthorized" runstate="Runnable" testcasecount="1" result="Passed" duration="0.014021" total="1" passed="0" failed="0" inconclusive="0" skipped="0" asserts="0">
                    <test-case id="6-1995" name="Should_return_forbidden" fullname="EdFi.Ods.Tests.EdFi.Ods.WebApi.Controllers.StudentDeleteTests+When_deleting_student_unauthorized.Should_return_forbidden" methodname="Should_return_forbidden" classname="EdFi.Ods.Tests.EdFi.Ods.WebApi.Controllers.StudentDeleteTests+When_deleting_student_unauthorized" runstate="Runnable" result="Passed" duration="0.013519" asserts="0" />
                  </test-suite>
                  <test-suite type="TestFixture" id="6-2002" name="StudentGetByIdTests+When_getting_student_by_id" fullname="EdFi.Ods.Tests.EdFi.Ods.WebApi.Controllers.StudentGetByIdTests+When_getting_student_by_id" classname="EdFi.Ods.Tests.EdFi.Ods.WebApi.Controllers.StudentGetByIdTests+When_getting_student_by_id" runstate="Runnable" testcasecount="1" result="Passed" duration="0.221029" total="1" passed="0" failed="0" inconclusive="0" skipped="0" asserts="0">
                    <test-case id="6-2003" name="Should_return_student" fullname="EdFi.Ods.Tests.EdFi.Ods.WebApi.Controllers.StudentGetByIdTests+When_getting_student_by_id.Should_return_student" methodname="Should_return_student" classname="EdFi.Ods.Tests.EdFi.Ods.WebApi.Controllers.StudentGetByIdTests+When_getting_student_by_id" runstate="Runnable" result="Passed" duration="0.190018" asserts="0" />
                  </test-suite>
                  <test-suite type="TestFixture" id="6-2004" name="StudentGetByIdTests+When_getting_student_by_id_not_found" fullname="EdFi.Ods.Tests.EdFi.Ods.WebApi.Controllers.StudentGetByIdTests+When_getting_student_by_id_not_found" classname="EdFi.Ods.Tests.EdFi.Ods.WebApi.Controllers.StudentGetByIdTests+When_getting_student_by_id_not_found" runstate="Runnable" testcasecount="2" result="Passed" duration="0.012605" total="2" passed="0" failed="0" inconclusive="0" skipped="0" asserts="0">
                    <test-case id="6-2006" name="Should_contain_error_message_in_content" fullname="EdFi.Ods.Tests.EdFi.Ods.WebApi.Controllers.StudentGetByIdTests+When_getting_student_by_id_not_found.Should_contain_error_message_in_content" methodname="Should_contain_error_message_in_content" classname="EdFi.Ods.Tests.EdFi.Ods.WebApi.Controllers.StudentGetByIdTests+When_getting_student_by_id_not_found" runstate="Runnable" result="Passed" duration="0.001410" asserts="0" />
                    <test-case id="6-2005" name="Should_return_not_found" fullname="EdFi.Ods.Tests.EdFi.Ods.WebApi.Controllers.StudentGetByIdTests+When_getting_student_by_id_not_found.Should_return_not_found" methodname="Should_return_not_found" classname="EdFi.Ods.Tests.EdFi.Ods.WebApi.Controllers.StudentGetByIdTests+When_getting_student_by_id_not_found" runstate="Runnable" result="Passed" duration="0.000323" asserts="0" />
                  </test-suite>
                  <test-suite type="TestFixture" id="6-2007" name="StudentGetByIdTests+When_getting_student_by_id_not_modified" fullname="EdFi.Ods.Tests.EdFi.Ods.WebApi.Controllers.StudentGetByIdTests+When_getting_student_by_id_not_modified" classname="EdFi.Ods.Tests.EdFi.Ods.WebApi.Controllers.StudentGetByIdTests+When_getting_student_by_id_not_modified" runstate="Runnable" testcasecount="1" result="Passed" duration="0.007912" total="1" passed="0" failed="0" inconclusive="0" skipped="0" asserts="0">
                    <test-case id="6-2008" name="Should_return_not_modified" fullname="EdFi.Ods.Tests.EdFi.Ods.WebApi.Controllers.StudentGetByIdTests+When_getting_student_by_id_not_modified.Should_return_not_modified" methodname="Should_return_not_modified" classname="EdFi.Ods.Tests.EdFi.Ods.WebApi.Controllers.StudentGetByIdTests+When_getting_student_by_id_not_modified" runstate="Runnable" result="Passed" duration="0.000308" asserts="0" />
                  </test-suite>
                  <test-suite type="TestFixture" id="6-2009" name="StudentGetByIdTests+When_getting_student_by_id_unauthorized" fullname="EdFi.Ods.Tests.EdFi.Ods.WebApi.Controllers.StudentGetByIdTests+When_getting_student_by_id_unauthorized" classname="EdFi.Ods.Tests.EdFi.Ods.WebApi.Controllers.StudentGetByIdTests+When_getting_student_by_id_unauthorized" runstate="Runnable" testcasecount="1" result="Passed" duration="0.011447" total="1" passed="0" failed="0" inconclusive="0" skipped="0" asserts="0">
                    <test-case id="6-2010" name="Should_return_forbidden" fullname="EdFi.Ods.Tests.EdFi.Ods.WebApi.Controllers.StudentGetByIdTests+When_getting_student_by_id_unauthorized.Should_return_forbidden" methodname="Should_return_forbidden" classname="EdFi.Ods.Tests.EdFi.Ods.WebApi.Controllers.StudentGetByIdTests+When_getting_student_by_id_unauthorized" runstate="Runnable" result="Passed" duration="0.000344" asserts="0" />
                  </test-suite>
                  <test-suite type="TestFixture" id="6-2011" name="StudentGetByIdTests+When_unhandled_exception_getting_student_by_id" fullname="EdFi.Ods.Tests.EdFi.Ods.WebApi.Controllers.StudentGetByIdTests+When_unhandled_exception_getting_student_by_id" classname="EdFi.Ods.Tests.EdFi.Ods.WebApi.Controllers.StudentGetByIdTests+When_unhandled_exception_getting_student_by_id" runstate="Runnable" testcasecount="1" result="Passed" duration="0.008817" total="1" passed="0" failed="0" inconclusive="0" skipped="0" asserts="0">
                    <test-case id="6-2012" name="Should_return_internal_server_error" fullname="EdFi.Ods.Tests.EdFi.Ods.WebApi.Controllers.StudentGetByIdTests+When_unhandled_exception_getting_student_by_id.Should_return_internal_server_error" methodname="Should_return_internal_server_error" classname="EdFi.Ods.Tests.EdFi.Ods.WebApi.Controllers.StudentGetByIdTests+When_unhandled_exception_getting_student_by_id" runstate="Runnable" result="Passed" duration="0.000352" asserts="0" />
                  </test-suite>
                  <test-suite type="TestFixture" id="6-2013" name="StudentGetManyTests+When_getting_students" fullname="EdFi.Ods.Tests.EdFi.Ods.WebApi.Controllers.StudentGetManyTests+When_getting_students" classname="EdFi.Ods.Tests.EdFi.Ods.WebApi.Controllers.StudentGetManyTests+When_getting_students" runstate="Runnable" testcasecount="1" result="Passed" duration="0.093322" total="1" passed="0" failed="0" inconclusive="0" skipped="0" asserts="0">
                    <test-case id="6-2014" name="Should_return_student" fullname="EdFi.Ods.Tests.EdFi.Ods.WebApi.Controllers.StudentGetManyTests+When_getting_students.Should_return_student" methodname="Should_return_student" classname="EdFi.Ods.Tests.EdFi.Ods.WebApi.Controllers.StudentGetManyTests+When_getting_students" runstate="Runnable" result="Passed" duration="0.068390" asserts="0" />
                  </test-suite>
                  <test-suite type="TestFixture" id="6-2019" name="StudentGetManyTests+When_getting_students_unauthorized" fullname="EdFi.Ods.Tests.EdFi.Ods.WebApi.Controllers.StudentGetManyTests+When_getting_students_unauthorized" classname="EdFi.Ods.Tests.EdFi.Ods.WebApi.Controllers.StudentGetManyTests+When_getting_students_unauthorized" runstate="Runnable" testcasecount="1" result="Passed" duration="0.008948" total="1" passed="0" failed="0" inconclusive="0" skipped="0" asserts="0">
                    <test-case id="6-2020" name="Should_return_forbidden" fullname="EdFi.Ods.Tests.EdFi.Ods.WebApi.Controllers.StudentGetManyTests+When_getting_students_unauthorized.Should_return_forbidden" methodname="Should_return_forbidden" classname="EdFi.Ods.Tests.EdFi.Ods.WebApi.Controllers.StudentGetManyTests+When_getting_students_unauthorized" runstate="Runnable" result="Passed" duration="0.000314" asserts="0" />
                  </test-suite>
                  <test-suite type="TestFixture" id="6-2015" name="StudentGetManyTests+When_getting_students_with_upper_limit" fullname="EdFi.Ods.Tests.EdFi.Ods.WebApi.Controllers.StudentGetManyTests+When_getting_students_with_upper_limit" classname="EdFi.Ods.Tests.EdFi.Ods.WebApi.Controllers.StudentGetManyTests+When_getting_students_with_upper_limit" runstate="Runnable" testcasecount="1" result="Passed" duration="0.071178" total="1" passed="0" failed="0" inconclusive="0" skipped="0" asserts="0">
                    <test-case id="6-2016" name="Should_return_student" fullname="EdFi.Ods.Tests.EdFi.Ods.WebApi.Controllers.StudentGetManyTests+When_getting_students_with_upper_limit.Should_return_student" methodname="Should_return_student" classname="EdFi.Ods.Tests.EdFi.Ods.WebApi.Controllers.StudentGetManyTests+When_getting_students_with_upper_limit" runstate="Runnable" result="Passed" duration="0.063353" asserts="0" />
                  </test-suite>
                  <test-suite type="TestFixture" id="6-2017" name="StudentGetManyTests+When_getting_students_with_upper_limit_past_max" fullname="EdFi.Ods.Tests.EdFi.Ods.WebApi.Controllers.StudentGetManyTests+When_getting_students_with_upper_limit_past_max" classname="EdFi.Ods.Tests.EdFi.Ods.WebApi.Controllers.StudentGetManyTests+When_getting_students_with_upper_limit_past_max" runstate="Runnable" testcasecount="1" result="Passed" duration="0.009838" total="1" passed="0" failed="0" inconclusive="0" skipped="0" asserts="0">
                    <test-case id="6-2018" name="Should_return_student" fullname="EdFi.Ods.Tests.EdFi.Ods.WebApi.Controllers.StudentGetManyTests+When_getting_students_with_upper_limit_past_max.Should_return_student" methodname="Should_return_student" classname="EdFi.Ods.Tests.EdFi.Ods.WebApi.Controllers.StudentGetManyTests+When_getting_students_with_upper_limit_past_max" runstate="Runnable" result="Passed" duration="0.000285" asserts="0" />
                  </test-suite>
                  <test-suite type="TestFixture" id="6-2021" name="StudentGetManyTests+When_unhandled_exception_getting_students" fullname="EdFi.Ods.Tests.EdFi.Ods.WebApi.Controllers.StudentGetManyTests+When_unhandled_exception_getting_students" classname="EdFi.Ods.Tests.EdFi.Ods.WebApi.Controllers.StudentGetManyTests+When_unhandled_exception_getting_students" runstate="Runnable" testcasecount="1" result="Passed" duration="0.011255" total="1" passed="0" failed="0" inconclusive="0" skipped="0" asserts="0">
                    <test-case id="6-2022" name="Should_return_internal_server_error" fullname="EdFi.Ods.Tests.EdFi.Ods.WebApi.Controllers.StudentGetManyTests+When_unhandled_exception_getting_students.Should_return_internal_server_error" methodname="Should_return_internal_server_error" classname="EdFi.Ods.Tests.EdFi.Ods.WebApi.Controllers.StudentGetManyTests+When_unhandled_exception_getting_students" runstate="Runnable" result="Passed" duration="0.000350" asserts="0" />
                  </test-suite>
                  <test-suite type="TestFixture" id="6-2023" name="StudentPostTests+When_posting_a_non_existing_student" fullname="EdFi.Ods.Tests.EdFi.Ods.WebApi.Controllers.StudentPostTests+When_posting_a_non_existing_student" classname="EdFi.Ods.Tests.EdFi.Ods.WebApi.Controllers.StudentPostTests+When_posting_a_non_existing_student" runstate="Runnable" testcasecount="3" result="Passed" duration="0.051115" total="3" passed="0" failed="0" inconclusive="0" skipped="0" asserts="0">
                    <test-case id="6-2025" name="Should_contain_location_header_in_response" fullname="EdFi.Ods.Tests.EdFi.Ods.WebApi.Controllers.StudentPostTests+When_posting_a_non_existing_student.Should_contain_location_header_in_response" methodname="Should_contain_location_header_in_response" classname="EdFi.Ods.Tests.EdFi.Ods.WebApi.Controllers.StudentPostTests+When_posting_a_non_existing_student" runstate="Runnable" result="Passed" duration="0.000564" asserts="0" />
                    <test-case id="6-2026" name="Should_contain_updated_etag_in_response" fullname="EdFi.Ods.Tests.EdFi.Ods.WebApi.Controllers.StudentPostTests+When_posting_a_non_existing_student.Should_contain_updated_etag_in_response" methodname="Should_contain_updated_etag_in_response" classname="EdFi.Ods.Tests.EdFi.Ods.WebApi.Controllers.StudentPostTests+When_posting_a_non_existing_student" runstate="Runnable" result="Passed" duration="0.001754" asserts="0" />
                    <test-case id="6-2024" name="Should_return_created_result" fullname="EdFi.Ods.Tests.EdFi.Ods.WebApi.Controllers.StudentPostTests+When_posting_a_non_existing_student.Should_return_created_result" methodname="Should_return_created_result" classname="EdFi.Ods.Tests.EdFi.Ods.WebApi.Controllers.StudentPostTests+When_posting_a_non_existing_student" runstate="Runnable" result="Passed" duration="0.000316" asserts="0" />
                  </test-suite>
                  <test-suite type="TestFixture" id="6-2037" name="StudentPostTests+When_posting_a_student_causes_referencial_exception" fullname="EdFi.Ods.Tests.EdFi.Ods.WebApi.Controllers.StudentPostTests+When_posting_a_student_causes_referencial_exception" classname="EdFi.Ods.Tests.EdFi.Ods.WebApi.Controllers.StudentPostTests+When_posting_a_student_causes_referencial_exception" runstate="Runnable" testcasecount="2" result="Passed" duration="0.010844" total="2" passed="0" failed="0" inconclusive="0" skipped="0" asserts="0">
                    <test-case id="6-2038" name="Should_return_conflict" fullname="EdFi.Ods.Tests.EdFi.Ods.WebApi.Controllers.StudentPostTests+When_posting_a_student_causes_referencial_exception.Should_return_conflict" methodname="Should_return_conflict" classname="EdFi.Ods.Tests.EdFi.Ods.WebApi.Controllers.StudentPostTests+When_posting_a_student_causes_referencial_exception" runstate="Runnable" result="Passed" duration="0.000237" asserts="0" />
                    <test-case id="6-2039" name="Should_return_message" fullname="EdFi.Ods.Tests.EdFi.Ods.WebApi.Controllers.StudentPostTests+When_posting_a_student_causes_referencial_exception.Should_return_message" methodname="Should_return_message" classname="EdFi.Ods.Tests.EdFi.Ods.WebApi.Controllers.StudentPostTests+When_posting_a_student_causes_referencial_exception" runstate="Runnable" result="Passed" duration="0.001420" asserts="0" />
                  </test-suite>
                  <test-suite type="TestFixture" id="6-2034" name="StudentPostTests+When_posting_a_student_causes_unique_id_exception" fullname="EdFi.Ods.Tests.EdFi.Ods.WebApi.Controllers.StudentPostTests+When_posting_a_student_causes_unique_id_exception" classname="EdFi.Ods.Tests.EdFi.Ods.WebApi.Controllers.StudentPostTests+When_posting_a_student_causes_unique_id_exception" runstate="Runnable" testcasecount="2" result="Passed" duration="0.012785" total="2" passed="0" failed="0" inconclusive="0" skipped="0" asserts="0">
                    <test-case id="6-2035" name="Should_return_conflict" fullname="EdFi.Ods.Tests.EdFi.Ods.WebApi.Controllers.StudentPostTests+When_posting_a_student_causes_unique_id_exception.Should_return_conflict" methodname="Should_return_conflict" classname="EdFi.Ods.Tests.EdFi.Ods.WebApi.Controllers.StudentPostTests+When_posting_a_student_causes_unique_id_exception" runstate="Runnable" result="Passed" duration="0.000239" asserts="0" />
                    <test-case id="6-2036" name="Should_return_message" fullname="EdFi.Ods.Tests.EdFi.Ods.WebApi.Controllers.StudentPostTests+When_posting_a_student_causes_unique_id_exception.Should_return_message" methodname="Should_return_message" classname="EdFi.Ods.Tests.EdFi.Ods.WebApi.Controllers.StudentPostTests+When_posting_a_student_causes_unique_id_exception" runstate="Runnable" result="Passed" duration="0.001348" asserts="0" />
                  </test-suite>
                  <test-suite type="TestFixture" id="6-2040" name="StudentPostTests+When_posting_a_student_causes_validation_exception" fullname="EdFi.Ods.Tests.EdFi.Ods.WebApi.Controllers.StudentPostTests+When_posting_a_student_causes_validation_exception" classname="EdFi.Ods.Tests.EdFi.Ods.WebApi.Controllers.StudentPostTests+When_posting_a_student_causes_validation_exception" runstate="Runnable" testcasecount="2" result="Passed" duration="0.010447" total="2" passed="0" failed="0" inconclusive="0" skipped="0" asserts="0">
                    <test-case id="6-2041" name="Should_return_bad_request" fullname="EdFi.Ods.Tests.EdFi.Ods.WebApi.Controllers.StudentPostTests+When_posting_a_student_causes_validation_exception.Should_return_bad_request" methodname="Should_return_bad_request" classname="EdFi.Ods.Tests.EdFi.Ods.WebApi.Controllers.StudentPostTests+When_posting_a_student_causes_validation_exception" runstate="Runnable" result="Passed" duration="0.000323" asserts="0" />
                    <test-case id="6-2042" name="Should_return_message" fullname="EdFi.Ods.Tests.EdFi.Ods.WebApi.Controllers.StudentPostTests+When_posting_a_student_causes_validation_exception.Should_return_message" methodname="Should_return_message" classname="EdFi.Ods.Tests.EdFi.Ods.WebApi.Controllers.StudentPostTests+When_posting_a_student_causes_validation_exception" runstate="Runnable" result="Passed" duration="0.001380" asserts="0" />
                  </test-suite>
                  <test-suite type="TestFixture" id="6-2031" name="StudentPostTests+When_posting_a_student_with_id_set" fullname="EdFi.Ods.Tests.EdFi.Ods.WebApi.Controllers.StudentPostTests+When_posting_a_student_with_id_set" classname="EdFi.Ods.Tests.EdFi.Ods.WebApi.Controllers.StudentPostTests+When_posting_a_student_with_id_set" runstate="Runnable" testcasecount="2" result="Passed" duration="0.012542" total="2" passed="0" failed="0" inconclusive="0" skipped="0" asserts="0">
                    <test-case id="6-2032" name="Should_return_bad_request" fullname="EdFi.Ods.Tests.EdFi.Ods.WebApi.Controllers.StudentPostTests+When_posting_a_student_with_id_set.Should_return_bad_request" methodname="Should_return_bad_request" classname="EdFi.Ods.Tests.EdFi.Ods.WebApi.Controllers.StudentPostTests+When_posting_a_student_with_id_set" runstate="Runnable" result="Passed" duration="0.000334" asserts="0" />
                    <test-case id="6-2033" name="Should_return_message" fullname="EdFi.Ods.Tests.EdFi.Ods.WebApi.Controllers.StudentPostTests+When_posting_a_student_with_id_set.Should_return_message" methodname="Should_return_message" classname="EdFi.Ods.Tests.EdFi.Ods.WebApi.Controllers.StudentPostTests+When_posting_a_student_with_id_set" runstate="Runnable" result="Passed" duration="0.001524" asserts="0" />
                  </test-suite>
                  <test-suite type="TestFixture" id="6-2027" name="StudentPostTests+When_posting_an_existing_student" fullname="EdFi.Ods.Tests.EdFi.Ods.WebApi.Controllers.StudentPostTests+When_posting_an_existing_student" classname="EdFi.Ods.Tests.EdFi.Ods.WebApi.Controllers.StudentPostTests+When_posting_an_existing_student" runstate="Runnable" testcasecount="3" result="Passed" duration="0.011424" total="3" passed="0" failed="0" inconclusive="0" skipped="0" asserts="0">
                    <test-case id="6-2029" name="Should_contain_location_header_in_response" fullname="EdFi.Ods.Tests.EdFi.Ods.WebApi.Controllers.StudentPostTests+When_posting_an_existing_student.Should_contain_location_header_in_response" methodname="Should_contain_location_header_in_response" classname="EdFi.Ods.Tests.EdFi.Ods.WebApi.Controllers.StudentPostTests+When_posting_an_existing_student" runstate="Runnable" result="Passed" duration="0.000573" asserts="0" />
                    <test-case id="6-2030" name="Should_contain_updated_etag_in_response" fullname="EdFi.Ods.Tests.EdFi.Ods.WebApi.Controllers.StudentPostTests+When_posting_an_existing_student.Should_contain_updated_etag_in_response" methodname="Should_contain_updated_etag_in_response" classname="EdFi.Ods.Tests.EdFi.Ods.WebApi.Controllers.StudentPostTests+When_posting_an_existing_student" runstate="Runnable" result="Passed" duration="0.000630" asserts="0" />
                    <test-case id="6-2028" name="Should_return_ok" fullname="EdFi.Ods.Tests.EdFi.Ods.WebApi.Controllers.StudentPostTests+When_posting_an_existing_student.Should_return_ok" methodname="Should_return_ok" classname="EdFi.Ods.Tests.EdFi.Ods.WebApi.Controllers.StudentPostTests+When_posting_an_existing_student" runstate="Runnable" result="Passed" duration="0.000296" asserts="0" />
                  </test-suite>
                  <test-suite type="TestFixture" id="6-2045" name="StudentPostTests+When_posting_student_throws_unhandled_exception" fullname="EdFi.Ods.Tests.EdFi.Ods.WebApi.Controllers.StudentPostTests+When_posting_student_throws_unhandled_exception" classname="EdFi.Ods.Tests.EdFi.Ods.WebApi.Controllers.StudentPostTests+When_posting_student_throws_unhandled_exception" runstate="Runnable" testcasecount="2" result="Passed" duration="0.010846" total="2" passed="0" failed="0" inconclusive="0" skipped="0" asserts="0">
                    <test-case id="6-2046" name="Should_return_internal_server_error" fullname="EdFi.Ods.Tests.EdFi.Ods.WebApi.Controllers.StudentPostTests+When_posting_student_throws_unhandled_exception.Should_return_internal_server_error" methodname="Should_return_internal_server_error" classname="EdFi.Ods.Tests.EdFi.Ods.WebApi.Controllers.StudentPostTests+When_posting_student_throws_unhandled_exception" runstate="Runnable" result="Passed" duration="0.000322" asserts="0" />
                    <test-case id="6-2047" name="Should_return_message" fullname="EdFi.Ods.Tests.EdFi.Ods.WebApi.Controllers.StudentPostTests+When_posting_student_throws_unhandled_exception.Should_return_message" methodname="Should_return_message" classname="EdFi.Ods.Tests.EdFi.Ods.WebApi.Controllers.StudentPostTests+When_posting_student_throws_unhandled_exception" runstate="Runnable" result="Passed" duration="0.001328" asserts="0" />
                  </test-suite>
                  <test-suite type="TestFixture" id="6-2043" name="StudentPostTests+When_posting_student_unauthorized" fullname="EdFi.Ods.Tests.EdFi.Ods.WebApi.Controllers.StudentPostTests+When_posting_student_unauthorized" classname="EdFi.Ods.Tests.EdFi.Ods.WebApi.Controllers.StudentPostTests+When_posting_student_unauthorized" runstate="Runnable" testcasecount="1" result="Passed" duration="0.007770" total="1" passed="0" failed="0" inconclusive="0" skipped="0" asserts="0">
                    <test-case id="6-2044" name="Should_return_forbidden" fullname="EdFi.Ods.Tests.EdFi.Ods.WebApi.Controllers.StudentPostTests+When_posting_student_unauthorized.Should_return_forbidden" methodname="Should_return_forbidden" classname="EdFi.Ods.Tests.EdFi.Ods.WebApi.Controllers.StudentPostTests+When_posting_student_unauthorized" runstate="Runnable" result="Passed" duration="0.007297" asserts="0" />
                  </test-suite>
                  <test-suite type="TestFixture" id="6-2048" name="StudentPutTests+When_putting_a_non_existing_student" fullname="EdFi.Ods.Tests.EdFi.Ods.WebApi.Controllers.StudentPutTests+When_putting_a_non_existing_student" classname="EdFi.Ods.Tests.EdFi.Ods.WebApi.Controllers.StudentPutTests+When_putting_a_non_existing_student" runstate="Runnable" testcasecount="3" result="Passed" duration="0.018689" total="3" passed="0" failed="0" inconclusive="0" skipped="0" asserts="0">
                    <test-case id="6-2050" name="Should_contain_location_header_in_response" fullname="EdFi.Ods.Tests.EdFi.Ods.WebApi.Controllers.StudentPutTests+When_putting_a_non_existing_student.Should_contain_location_header_in_response" methodname="Should_contain_location_header_in_response" classname="EdFi.Ods.Tests.EdFi.Ods.WebApi.Controllers.StudentPutTests+When_putting_a_non_existing_student" runstate="Runnable" result="Passed" duration="0.000694" asserts="0" />
                    <test-case id="6-2051" name="Should_contain_updated_etag_in_response" fullname="EdFi.Ods.Tests.EdFi.Ods.WebApi.Controllers.StudentPutTests+When_putting_a_non_existing_student.Should_contain_updated_etag_in_response" methodname="Should_contain_updated_etag_in_response" classname="EdFi.Ods.Tests.EdFi.Ods.WebApi.Controllers.StudentPutTests+When_putting_a_non_existing_student" runstate="Runnable" result="Passed" duration="0.000665" asserts="0" />
                    <test-case id="6-2049" name="Should_return_created_result" fullname="EdFi.Ods.Tests.EdFi.Ods.WebApi.Controllers.StudentPutTests+When_putting_a_non_existing_student.Should_return_created_result" methodname="Should_return_created_result" classname="EdFi.Ods.Tests.EdFi.Ods.WebApi.Controllers.StudentPutTests+When_putting_a_non_existing_student" runstate="Runnable" result="Passed" duration="0.000412" asserts="0" />
                  </test-suite>
                  <test-suite type="TestFixture" id="6-2059" name="StudentPutTests+When_putting_a_student_causes_referencial_exception" fullname="EdFi.Ods.Tests.EdFi.Ods.WebApi.Controllers.StudentPutTests+When_putting_a_student_causes_referencial_exception" classname="EdFi.Ods.Tests.EdFi.Ods.WebApi.Controllers.StudentPutTests+When_putting_a_student_causes_referencial_exception" runstate="Runnable" testcasecount="2" result="Passed" duration="0.016515" total="2" passed="0" failed="0" inconclusive="0" skipped="0" asserts="0">
                    <test-case id="6-2060" name="Should_return_conflict" fullname="EdFi.Ods.Tests.EdFi.Ods.WebApi.Controllers.StudentPutTests+When_putting_a_student_causes_referencial_exception.Should_return_conflict" methodname="Should_return_conflict" classname="EdFi.Ods.Tests.EdFi.Ods.WebApi.Controllers.StudentPutTests+When_putting_a_student_causes_referencial_exception" runstate="Runnable" result="Passed" duration="0.000413" asserts="0" />
                    <test-case id="6-2061" name="Should_return_message" fullname="EdFi.Ods.Tests.EdFi.Ods.WebApi.Controllers.StudentPutTests+When_putting_a_student_causes_referencial_exception.Should_return_message" methodname="Should_return_message" classname="EdFi.Ods.Tests.EdFi.Ods.WebApi.Controllers.StudentPutTests+When_putting_a_student_causes_referencial_exception" runstate="Runnable" result="Passed" duration="0.002727" asserts="0" />
                  </test-suite>
                  <test-suite type="TestFixture" id="6-2062" name="StudentPutTests+When_putting_a_student_causes_validation_exception" fullname="EdFi.Ods.Tests.EdFi.Ods.WebApi.Controllers.StudentPutTests+When_putting_a_student_causes_validation_exception" classname="EdFi.Ods.Tests.EdFi.Ods.WebApi.Controllers.StudentPutTests+When_putting_a_student_causes_validation_exception" runstate="Runnable" testcasecount="2" result="Passed" duration="0.012583" total="2" passed="0" failed="0" inconclusive="0" skipped="0" asserts="0">
                    <test-case id="6-2063" name="Should_return_bad_request" fullname="EdFi.Ods.Tests.EdFi.Ods.WebApi.Controllers.StudentPutTests+When_putting_a_student_causes_validation_exception.Should_return_bad_request" methodname="Should_return_bad_request" classname="EdFi.Ods.Tests.EdFi.Ods.WebApi.Controllers.StudentPutTests+When_putting_a_student_causes_validation_exception" runstate="Runnable" result="Passed" duration="0.000360" asserts="0" />
                    <test-case id="6-2064" name="Should_return_message" fullname="EdFi.Ods.Tests.EdFi.Ods.WebApi.Controllers.StudentPutTests+When_putting_a_student_causes_validation_exception.Should_return_message" methodname="Should_return_message" classname="EdFi.Ods.Tests.EdFi.Ods.WebApi.Controllers.StudentPutTests+When_putting_a_student_causes_validation_exception" runstate="Runnable" result="Passed" duration="0.001424" asserts="0" />
                  </test-suite>
                  <test-suite type="TestFixture" id="6-2056" name="StudentPutTests+When_putting_a_student_that_has_been_modified" fullname="EdFi.Ods.Tests.EdFi.Ods.WebApi.Controllers.StudentPutTests+When_putting_a_student_that_has_been_modified" classname="EdFi.Ods.Tests.EdFi.Ods.WebApi.Controllers.StudentPutTests+When_putting_a_student_that_has_been_modified" runstate="Runnable" testcasecount="2" result="Passed" duration="0.014050" total="2" passed="0" failed="0" inconclusive="0" skipped="0" asserts="0">
                    <test-case id="6-2057" name="Should_return_conflict" fullname="EdFi.Ods.Tests.EdFi.Ods.WebApi.Controllers.StudentPutTests+When_putting_a_student_that_has_been_modified.Should_return_conflict" methodname="Should_return_conflict" classname="EdFi.Ods.Tests.EdFi.Ods.WebApi.Controllers.StudentPutTests+When_putting_a_student_that_has_been_modified" runstate="Runnable" result="Passed" duration="0.000328" asserts="0" />
                    <test-case id="6-2058" name="Should_return_message" fullname="EdFi.Ods.Tests.EdFi.Ods.WebApi.Controllers.StudentPutTests+When_putting_a_student_that_has_been_modified.Should_return_message" methodname="Should_return_message" classname="EdFi.Ods.Tests.EdFi.Ods.WebApi.Controllers.StudentPutTests+When_putting_a_student_that_has_been_modified" runstate="Runnable" result="Passed" duration="0.001364" asserts="0" />
                  </test-suite>
                  <test-suite type="TestFixture" id="6-2052" name="StudentPutTests+When_putting_an_existing_student" fullname="EdFi.Ods.Tests.EdFi.Ods.WebApi.Controllers.StudentPutTests+When_putting_an_existing_student" classname="EdFi.Ods.Tests.EdFi.Ods.WebApi.Controllers.StudentPutTests+When_putting_an_existing_student" runstate="Runnable" testcasecount="3" result="Passed" duration="0.010665" total="3" passed="0" failed="0" inconclusive="0" skipped="0" asserts="0">
                    <test-case id="6-2053" name="Should_contain_location_header_in_response" fullname="EdFi.Ods.Tests.EdFi.Ods.WebApi.Controllers.StudentPutTests+When_putting_an_existing_student.Should_contain_location_header_in_response" methodname="Should_contain_location_header_in_response" classname="EdFi.Ods.Tests.EdFi.Ods.WebApi.Controllers.StudentPutTests+When_putting_an_existing_student" runstate="Runnable" result="Passed" duration="0.000621" asserts="0" />
                    <test-case id="6-2055" name="Should_contain_updated_etag_in_response" fullname="EdFi.Ods.Tests.EdFi.Ods.WebApi.Controllers.StudentPutTests+When_putting_an_existing_student.Should_contain_updated_etag_in_response" methodname="Should_contain_updated_etag_in_response" classname="EdFi.Ods.Tests.EdFi.Ods.WebApi.Controllers.StudentPutTests+When_putting_an_existing_student" runstate="Runnable" result="Passed" duration="0.000449" asserts="0" />
                    <test-case id="6-2054" name="Should_return_no_content" fullname="EdFi.Ods.Tests.EdFi.Ods.WebApi.Controllers.StudentPutTests+When_putting_an_existing_student.Should_return_no_content" methodname="Should_return_no_content" classname="EdFi.Ods.Tests.EdFi.Ods.WebApi.Controllers.StudentPutTests+When_putting_an_existing_student" runstate="Runnable" result="Passed" duration="0.000199" asserts="0" />
                  </test-suite>
                  <test-suite type="TestFixture" id="6-2067" name="StudentPutTests+When_putting_student_throws_unhandled_exception" fullname="EdFi.Ods.Tests.EdFi.Ods.WebApi.Controllers.StudentPutTests+When_putting_student_throws_unhandled_exception" classname="EdFi.Ods.Tests.EdFi.Ods.WebApi.Controllers.StudentPutTests+When_putting_student_throws_unhandled_exception" runstate="Runnable" testcasecount="2" result="Passed" duration="0.014067" total="2" passed="0" failed="0" inconclusive="0" skipped="0" asserts="0">
                    <test-case id="6-2068" name="Should_return_internal_server_error" fullname="EdFi.Ods.Tests.EdFi.Ods.WebApi.Controllers.StudentPutTests+When_putting_student_throws_unhandled_exception.Should_return_internal_server_error" methodname="Should_return_internal_server_error" classname="EdFi.Ods.Tests.EdFi.Ods.WebApi.Controllers.StudentPutTests+When_putting_student_throws_unhandled_exception" runstate="Runnable" result="Passed" duration="0.001060" asserts="0" />
                    <test-case id="6-2069" name="Should_return_message" fullname="EdFi.Ods.Tests.EdFi.Ods.WebApi.Controllers.StudentPutTests+When_putting_student_throws_unhandled_exception.Should_return_message" methodname="Should_return_message" classname="EdFi.Ods.Tests.EdFi.Ods.WebApi.Controllers.StudentPutTests+When_putting_student_throws_unhandled_exception" runstate="Runnable" result="Passed" duration="0.001333" asserts="0" />
                  </test-suite>
                  <test-suite type="TestFixture" id="6-2065" name="StudentPutTests+When_putting_student_unauthorized" fullname="EdFi.Ods.Tests.EdFi.Ods.WebApi.Controllers.StudentPutTests+When_putting_student_unauthorized" classname="EdFi.Ods.Tests.EdFi.Ods.WebApi.Controllers.StudentPutTests+When_putting_student_unauthorized" runstate="Runnable" testcasecount="1" result="Passed" duration="0.008341" total="1" passed="0" failed="0" inconclusive="0" skipped="0" asserts="0">
                    <test-case id="6-2066" name="Should_return_forbidden" fullname="EdFi.Ods.Tests.EdFi.Ods.WebApi.Controllers.StudentPutTests+When_putting_student_unauthorized.Should_return_forbidden" methodname="Should_return_forbidden" classname="EdFi.Ods.Tests.EdFi.Ods.WebApi.Controllers.StudentPutTests+When_putting_student_unauthorized" runstate="Runnable" result="Passed" duration="0.007865" asserts="0" />
                  </test-suite>
                </test-suite>
                <test-suite type="TestFixture" id="6-1079" name="CustomMultipartStreamProviderTests" fullname="EdFi.Ods.Tests.EdFi.Ods.WebApi.CustomMultipartStreamProviderTests" classname="EdFi.Ods.Tests.EdFi.Ods.WebApi.CustomMultipartStreamProviderTests" runstate="Runnable" testcasecount="2" result="Passed" duration="0.014334" total="2" passed="0" failed="0" inconclusive="0" skipped="0" asserts="0">
                  <test-case id="6-1081" name="When_size_of_contents_does_not_match_size_sent_in_Should_return_false" fullname="EdFi.Ods.Tests.EdFi.Ods.WebApi.CustomMultipartStreamProviderTests.When_size_of_contents_does_not_match_size_sent_in_Should_return_false" methodname="When_size_of_contents_does_not_match_size_sent_in_Should_return_false" classname="EdFi.Ods.Tests.EdFi.Ods.WebApi.CustomMultipartStreamProviderTests" runstate="Runnable" result="Passed" duration="0.008637" asserts="0" />
                  <test-case id="6-1080" name="When_size_of_contents_matches_size_sent_in_Should_return_true" fullname="EdFi.Ods.Tests.EdFi.Ods.WebApi.CustomMultipartStreamProviderTests.When_size_of_contents_matches_size_sent_in_Should_return_true" methodname="When_size_of_contents_matches_size_sent_in_Should_return_true" classname="EdFi.Ods.Tests.EdFi.Ods.WebApi.CustomMultipartStreamProviderTests" runstate="Runnable" result="Passed" duration="0.003649" asserts="0" />
                </test-suite>
                <test-suite type="Namespace" id="6-3375" name="Data" fullname="EdFi.Ods.Tests.EdFi.Ods.WebApi.Data" runstate="Runnable" testcasecount="1" result="Passed" duration="0.004591" total="1" passed="0" failed="0" inconclusive="0" skipped="0" asserts="0">
                  <test-suite type="TestFixture" id="6-1979" name="DbExecutorTests+When_applying_changes_with_new_entity" fullname="EdFi.Ods.Tests.EdFi.Ods.WebApi.Data.DbExecutorTests+When_applying_changes_with_new_entity" classname="EdFi.Ods.Tests.EdFi.Ods.WebApi.Data.DbExecutorTests+When_applying_changes_with_new_entity" runstate="Runnable" testcasecount="1" result="Passed" duration="0.004214" total="1" passed="0" failed="0" inconclusive="0" skipped="0" asserts="0">
                    <test-case id="6-1980" name="Should_persist_new_entity" fullname="EdFi.Ods.Tests.EdFi.Ods.WebApi.Data.DbExecutorTests+When_applying_changes_with_new_entity.Should_persist_new_entity" methodname="Should_persist_new_entity" classname="EdFi.Ods.Tests.EdFi.Ods.WebApi.Data.DbExecutorTests+When_applying_changes_with_new_entity" runstate="Runnable" result="Passed" duration="0.003787" asserts="0" />
                  </test-suite>
                </test-suite>
                <test-suite type="Namespace" id="6-3309" name="Entities" fullname="EdFi.Ods.Tests.EdFi.Ods.WebApi.Entities" runstate="Runnable" testcasecount="1" result="Passed" duration="0.007008" total="1" passed="0" failed="0" inconclusive="0" skipped="0" asserts="0">
                  <test-suite type="TestFixture" id="6-1086" name="When_mapping_a_bulk_operation" fullname="EdFi.Ods.Tests.EdFi.Ods.WebApi.Entities.When_mapping_a_bulk_operation" classname="EdFi.Ods.Tests.EdFi.Ods.WebApi.Entities.When_mapping_a_bulk_operation" runstate="Runnable" testcasecount="1" result="Passed" duration="0.006689" total="1" passed="0" failed="0" inconclusive="0" skipped="0" asserts="0">
                    <test-case id="6-1087" name="Should_map_all_values" fullname="EdFi.Ods.Tests.EdFi.Ods.WebApi.Entities.When_mapping_a_bulk_operation.Should_map_all_values" methodname="Should_map_all_values" classname="EdFi.Ods.Tests.EdFi.Ods.WebApi.Entities.When_mapping_a_bulk_operation" runstate="Runnable" result="Passed" duration="0.006307" asserts="0" />
                  </test-suite>
                </test-suite>
                <test-suite type="TestFixture" id="6-1952" name="ExceptionHandlingFilterTests+When_uncaught_error_is_handled_by_error_filter_with_custom_errors" fullname="EdFi.Ods.Tests.EdFi.Ods.WebApi.ExceptionHandlingFilterTests+When_uncaught_error_is_handled_by_error_filter_with_custom_errors" classname="EdFi.Ods.Tests.EdFi.Ods.WebApi.ExceptionHandlingFilterTests+When_uncaught_error_is_handled_by_error_filter_with_custom_errors" runstate="Runnable" testcasecount="2" result="Passed" duration="0.014171" total="2" passed="0" failed="0" inconclusive="0" skipped="0" asserts="0">
                  <test-case id="6-1954" name="generic_message_should_not_include_stack_trace" fullname="EdFi.Ods.Tests.EdFi.Ods.WebApi.ExceptionHandlingFilterTests+When_uncaught_error_is_handled_by_error_filter_with_custom_errors.generic_message_should_not_include_stack_trace" methodname="generic_message_should_not_include_stack_trace" classname="EdFi.Ods.Tests.EdFi.Ods.WebApi.ExceptionHandlingFilterTests+When_uncaught_error_is_handled_by_error_filter_with_custom_errors" runstate="Runnable" result="Passed" duration="0.001474" asserts="0" />
                  <test-case id="6-1953" name="Should_create_response_with_internal_server_error_status_code" fullname="EdFi.Ods.Tests.EdFi.Ods.WebApi.ExceptionHandlingFilterTests+When_uncaught_error_is_handled_by_error_filter_with_custom_errors.Should_create_response_with_internal_server_error_status_code" methodname="Should_create_response_with_internal_server_error_status_code" classname="EdFi.Ods.Tests.EdFi.Ods.WebApi.ExceptionHandlingFilterTests+When_uncaught_error_is_handled_by_error_filter_with_custom_errors" runstate="Runnable" result="Passed" duration="0.000372" asserts="0" />
                </test-suite>
                <test-suite type="TestFixture" id="6-1082" name="IdsModelBinderTests" fullname="EdFi.Ods.Tests.EdFi.Ods.WebApi.IdsModelBinderTests" classname="EdFi.Ods.Tests.EdFi.Ods.WebApi.IdsModelBinderTests" runstate="Runnable" testcasecount="2" result="Passed" duration="0.007732" total="2" passed="0" failed="0" inconclusive="0" skipped="0" asserts="0">
                  <test-case id="6-1083" name="Should_Ignore_Trailing_Commas_In_Input_Guid_String" fullname="EdFi.Ods.Tests.EdFi.Ods.WebApi.IdsModelBinderTests.Should_Ignore_Trailing_Commas_In_Input_Guid_String" methodname="Should_Ignore_Trailing_Commas_In_Input_Guid_String" classname="EdFi.Ods.Tests.EdFi.Ods.WebApi.IdsModelBinderTests" runstate="Runnable" result="Passed" duration="0.004776" asserts="0" />
                  <test-case id="6-1084" name="Should_Return_False_If_Id_Value_not_Set_in_Route" fullname="EdFi.Ods.Tests.EdFi.Ods.WebApi.IdsModelBinderTests.Should_Return_False_If_Id_Value_not_Set_in_Route" methodname="Should_Return_False_If_Id_Value_not_Set_in_Route" classname="EdFi.Ods.Tests.EdFi.Ods.WebApi.IdsModelBinderTests" runstate="Runnable" result="Passed" duration="0.001238" asserts="0" />
                </test-suite>
                <test-suite type="Namespace" id="6-3376" name="NHibernate" fullname="EdFi.Ods.Tests.EdFi.Ods.WebApi.NHibernate" runstate="Runnable" testcasecount="4" result="Passed" duration="1.514272" total="4" passed="0" failed="0" inconclusive="0" skipped="0" asserts="0">
                  <test-suite type="Namespace" id="6-3377" name="Architecture" fullname="EdFi.Ods.Tests.EdFi.Ods.WebApi.NHibernate.Architecture" runstate="Runnable" testcasecount="4" result="Passed" duration="1.514071" total="4" passed="0" failed="0" inconclusive="0" skipped="0" asserts="0">
                    <test-suite type="TestFixture" id="6-1981" name="NHibernateConfiguratorTests+When_configurating_nHibernate_extensions" fullname="EdFi.Ods.Tests.EdFi.Ods.WebApi.NHibernate.Architecture.NHibernateConfiguratorTests+When_configurating_nHibernate_extensions" classname="EdFi.Ods.Tests.EdFi.Ods.WebApi.NHibernate.Architecture.NHibernateConfiguratorTests+When_configurating_nHibernate_extensions" runstate="Runnable" testcasecount="4" result="Passed" duration="1.513756" total="4" passed="0" failed="0" inconclusive="0" skipped="0" asserts="0">
                      <test-case id="6-1982" name="Should_contain_the_core_entity" fullname="EdFi.Ods.Tests.EdFi.Ods.WebApi.NHibernate.Architecture.NHibernateConfiguratorTests+When_configurating_nHibernate_extensions.Should_contain_the_core_entity" methodname="Should_contain_the_core_entity" classname="EdFi.Ods.Tests.EdFi.Ods.WebApi.NHibernate.Architecture.NHibernateConfiguratorTests+When_configurating_nHibernate_extensions" runstate="Runnable" result="Passed" duration="0.000438" asserts="1" />
                      <test-case id="6-1983" name="Should_have_class_mappings_in_the_nHibernate_configuration" fullname="EdFi.Ods.Tests.EdFi.Ods.WebApi.NHibernate.Architecture.NHibernateConfiguratorTests+When_configurating_nHibernate_extensions.Should_have_class_mappings_in_the_nHibernate_configuration" methodname="Should_have_class_mappings_in_the_nHibernate_configuration" classname="EdFi.Ods.Tests.EdFi.Ods.WebApi.NHibernate.Architecture.NHibernateConfiguratorTests+When_configurating_nHibernate_extensions" runstate="Runnable" result="Passed" duration="0.000289" asserts="1" />
                      <test-case id="6-1985" name="Should_have_the_aggregate_extension_mapped_to_the_core_entity" fullname="EdFi.Ods.Tests.EdFi.Ods.WebApi.NHibernate.Architecture.NHibernateConfiguratorTests+When_configurating_nHibernate_extensions.Should_have_the_aggregate_extension_mapped_to_the_core_entity" methodname="Should_have_the_aggregate_extension_mapped_to_the_core_entity" classname="EdFi.Ods.Tests.EdFi.Ods.WebApi.NHibernate.Architecture.NHibernateConfiguratorTests+When_configurating_nHibernate_extensions" runstate="Runnable" result="Passed" duration="0.001313" asserts="1" />
                      <test-case id="6-1984" name="Should_have_the_extension_property_mapped_to_the_core_entity" fullname="EdFi.Ods.Tests.EdFi.Ods.WebApi.NHibernate.Architecture.NHibernateConfiguratorTests+When_configurating_nHibernate_extensions.Should_have_the_extension_property_mapped_to_the_core_entity" methodname="Should_have_the_extension_property_mapped_to_the_core_entity" classname="EdFi.Ods.Tests.EdFi.Ods.WebApi.NHibernate.Architecture.NHibernateConfiguratorTests+When_configurating_nHibernate_extensions" runstate="Runnable" result="Passed" duration="0.000869" asserts="1" />
                    </test-suite>
                  </test-suite>
                </test-suite>
                <test-suite type="TestFixture" id="6-1958" name="OwinTests+When_test_controller_throws_uncaught_error_and_custom_errors_is_off" fullname="EdFi.Ods.Tests.EdFi.Ods.WebApi.OwinTests+When_test_controller_throws_uncaught_error_and_custom_errors_is_off" classname="EdFi.Ods.Tests.EdFi.Ods.WebApi.OwinTests+When_test_controller_throws_uncaught_error_and_custom_errors_is_off" runstate="Runnable" testcasecount="2" result="Passed" duration="0.265114" total="2" passed="0" failed="0" inconclusive="0" skipped="0" asserts="0">
                  <test-case id="6-1959" name="Should_have_error_status_code" fullname="EdFi.Ods.Tests.EdFi.Ods.WebApi.OwinTests+When_test_controller_throws_uncaught_error_and_custom_errors_is_off.Should_have_error_status_code" methodname="Should_have_error_status_code" classname="EdFi.Ods.Tests.EdFi.Ods.WebApi.OwinTests+When_test_controller_throws_uncaught_error_and_custom_errors_is_off" runstate="Runnable" result="Passed" duration="0.000307" asserts="0" />
                  <test-case id="6-1960" name="Should_not_be_generic_error_message" fullname="EdFi.Ods.Tests.EdFi.Ods.WebApi.OwinTests+When_test_controller_throws_uncaught_error_and_custom_errors_is_off.Should_not_be_generic_error_message" methodname="Should_not_be_generic_error_message" classname="EdFi.Ods.Tests.EdFi.Ods.WebApi.OwinTests+When_test_controller_throws_uncaught_error_and_custom_errors_is_off" runstate="Runnable" result="Passed" duration="0.000493" asserts="0" />
                </test-suite>
                <test-suite type="TestFixture" id="6-1955" name="OwinTests+When_test_controller_throws_uncaught_error_and_custom_errors_is_on" fullname="EdFi.Ods.Tests.EdFi.Ods.WebApi.OwinTests+When_test_controller_throws_uncaught_error_and_custom_errors_is_on" classname="EdFi.Ods.Tests.EdFi.Ods.WebApi.OwinTests+When_test_controller_throws_uncaught_error_and_custom_errors_is_on" runstate="Runnable" testcasecount="2" result="Passed" duration="0.038564" total="2" passed="0" failed="0" inconclusive="0" skipped="0" asserts="0">
                  <test-case id="6-1957" name="Should_be_generic_error_message" fullname="EdFi.Ods.Tests.EdFi.Ods.WebApi.OwinTests+When_test_controller_throws_uncaught_error_and_custom_errors_is_on.Should_be_generic_error_message" methodname="Should_be_generic_error_message" classname="EdFi.Ods.Tests.EdFi.Ods.WebApi.OwinTests+When_test_controller_throws_uncaught_error_and_custom_errors_is_on" runstate="Runnable" result="Passed" duration="0.000380" asserts="0" />
                  <test-case id="6-1956" name="Should_have_error_status_code" fullname="EdFi.Ods.Tests.EdFi.Ods.WebApi.OwinTests+When_test_controller_throws_uncaught_error_and_custom_errors_is_on.Should_have_error_status_code" methodname="Should_have_error_status_code" classname="EdFi.Ods.Tests.EdFi.Ods.WebApi.OwinTests+When_test_controller_throws_uncaught_error_and_custom_errors_is_on" runstate="Runnable" result="Passed" duration="0.000272" asserts="0" />
                </test-suite>
                <test-suite type="Namespace" id="6-3379" name="Resources" fullname="EdFi.Ods.Tests.EdFi.Ods.WebApi.Resources" runstate="Runnable" testcasecount="13" result="Passed" duration="0.085846" total="13" passed="0" failed="0" inconclusive="0" skipped="0" asserts="0">
                  <test-suite type="TestFixture" id="6-2082" name="ResourceModelReferenceTests+When_deserializing_a_model_with_a_reference_based_on_a_composite_key" fullname="EdFi.Ods.Tests.EdFi.Ods.WebApi.Resources.ResourceModelReferenceTests+When_deserializing_a_model_with_a_reference_based_on_a_composite_key" classname="EdFi.Ods.Tests.EdFi.Ods.WebApi.Resources.ResourceModelReferenceTests+When_deserializing_a_model_with_a_reference_based_on_a_composite_key" runstate="Runnable" testcasecount="2" result="Passed" duration="0.022665" total="2" passed="0" failed="0" inconclusive="0" skipped="0" asserts="0">
                    <test-case id="6-2084" name="Reference_should_return_the_non_default_values" fullname="EdFi.Ods.Tests.EdFi.Ods.WebApi.Resources.ResourceModelReferenceTests+When_deserializing_a_model_with_a_reference_based_on_a_composite_key.Reference_should_return_the_non_default_values" methodname="Reference_should_return_the_non_default_values" classname="EdFi.Ods.Tests.EdFi.Ods.WebApi.Resources.ResourceModelReferenceTests+When_deserializing_a_model_with_a_reference_based_on_a_composite_key" runstate="Runnable" result="Passed" duration="0.000583" asserts="0" />
                    <test-case id="6-2083" name="Should_return_a_reference" fullname="EdFi.Ods.Tests.EdFi.Ods.WebApi.Resources.ResourceModelReferenceTests+When_deserializing_a_model_with_a_reference_based_on_a_composite_key.Should_return_a_reference" methodname="Should_return_a_reference" classname="EdFi.Ods.Tests.EdFi.Ods.WebApi.Resources.ResourceModelReferenceTests+When_deserializing_a_model_with_a_reference_based_on_a_composite_key" runstate="Runnable" result="Passed" duration="0.000458" asserts="0" />
                  </test-suite>
                  <test-suite type="TestFixture" id="6-2085" name="ResourceModelReferenceTests+When_deserializing_a_model_with_a_reference_based_on_a_composite_key_with_backReference_presence" fullname="EdFi.Ods.Tests.EdFi.Ods.WebApi.Resources.ResourceModelReferenceTests+When_deserializing_a_model_with_a_reference_based_on_a_composite_key_with_backReference_presence" classname="EdFi.Ods.Tests.EdFi.Ods.WebApi.Resources.ResourceModelReferenceTests+When_deserializing_a_model_with_a_reference_based_on_a_composite_key_with_backReference_presence" runstate="Runnable" testcasecount="2" result="Passed" duration="0.023240" total="2" passed="0" failed="0" inconclusive="0" skipped="0" asserts="0">
                    <test-case id="6-2087" name="Reference_should_return_the_non_default_values" fullname="EdFi.Ods.Tests.EdFi.Ods.WebApi.Resources.ResourceModelReferenceTests+When_deserializing_a_model_with_a_reference_based_on_a_composite_key_with_backReference_presence.Reference_should_return_the_non_default_values" methodname="Reference_should_return_the_non_default_values" classname="EdFi.Ods.Tests.EdFi.Ods.WebApi.Resources.ResourceModelReferenceTests+When_deserializing_a_model_with_a_reference_based_on_a_composite_key_with_backReference_presence" runstate="Runnable" result="Passed" duration="0.000550" asserts="0" />
                    <test-case id="6-2086" name="Should_return_a_reference" fullname="EdFi.Ods.Tests.EdFi.Ods.WebApi.Resources.ResourceModelReferenceTests+When_deserializing_a_model_with_a_reference_based_on_a_composite_key_with_backReference_presence.Should_return_a_reference" methodname="Should_return_a_reference" classname="EdFi.Ods.Tests.EdFi.Ods.WebApi.Resources.ResourceModelReferenceTests+When_deserializing_a_model_with_a_reference_based_on_a_composite_key_with_backReference_presence" runstate="Runnable" result="Passed" duration="0.000400" asserts="0" />
                  </test-suite>
                  <test-suite type="TestFixture" id="6-2070" name="ResourceModelReferenceTests+When_initalizing_a_model_with_an_optional_reference_where_none_of_the_optional_references_properties_are_explicitly_set" fullname="EdFi.Ods.Tests.EdFi.Ods.WebApi.Resources.ResourceModelReferenceTests+When_initalizing_a_model_with_an_optional_reference_where_none_of_the_optional_references_properties_are_explicitly_set" classname="EdFi.Ods.Tests.EdFi.Ods.WebApi.Resources.ResourceModelReferenceTests+When_initalizing_a_model_with_an_optional_reference_where_none_of_the_optional_references_properties_are_explicitly_set" runstate="Runnable" testcasecount="3" result="Passed" duration="0.025592" total="3" passed="0" failed="0" inconclusive="0" skipped="0" asserts="0">
                    <test-case id="6-2072" name="Should_not_include_the_partially_defined_reference_in_JSON_output" fullname="EdFi.Ods.Tests.EdFi.Ods.WebApi.Resources.ResourceModelReferenceTests+When_initalizing_a_model_with_an_optional_reference_where_none_of_the_optional_references_properties_are_explicitly_set.Should_not_include_the_partially_defined_reference_in_JSON_output" methodname="Should_not_include_the_partially_defined_reference_in_JSON_output" classname="EdFi.Ods.Tests.EdFi.Ods.WebApi.Resources.ResourceModelReferenceTests+When_initalizing_a_model_with_an_optional_reference_where_none_of_the_optional_references_properties_are_explicitly_set" runstate="Runnable" result="Passed" duration="0.000293" asserts="0" />
                    <test-case id="6-2073" name="Should_not_introduce_a_partially_defined_reference_on_JSON_deserialization" fullname="EdFi.Ods.Tests.EdFi.Ods.WebApi.Resources.ResourceModelReferenceTests+When_initalizing_a_model_with_an_optional_reference_where_none_of_the_optional_references_properties_are_explicitly_set.Should_not_introduce_a_partially_defined_reference_on_JSON_deserialization" methodname="Should_not_introduce_a_partially_defined_reference_on_JSON_deserialization" classname="EdFi.Ods.Tests.EdFi.Ods.WebApi.Resources.ResourceModelReferenceTests+When_initalizing_a_model_with_an_optional_reference_where_none_of_the_optional_references_properties_are_explicitly_set" runstate="Runnable" result="Passed" duration="0.003814" asserts="0" />
                    <test-case id="6-2071" name="Should_not_return_default_values_for_nullable_properties_from_optional_reference" fullname="EdFi.Ods.Tests.EdFi.Ods.WebApi.Resources.ResourceModelReferenceTests+When_initalizing_a_model_with_an_optional_reference_where_none_of_the_optional_references_properties_are_explicitly_set.Should_not_return_default_values_for_nullable_properties_from_optional_reference" methodname="Should_not_return_default_values_for_nullable_properties_from_optional_reference" classname="EdFi.Ods.Tests.EdFi.Ods.WebApi.Resources.ResourceModelReferenceTests+When_initalizing_a_model_with_an_optional_reference_where_none_of_the_optional_references_properties_are_explicitly_set" runstate="Runnable" result="Passed" duration="0.001100" asserts="0" />
                  </test-suite>
                  <test-suite type="TestFixture" id="6-2076" name="ResourceModelReferenceTests+When_setting_and_getting_properties_for_a_required_reference_on_a_model" fullname="EdFi.Ods.Tests.EdFi.Ods.WebApi.Resources.ResourceModelReferenceTests+When_setting_and_getting_properties_for_a_required_reference_on_a_model" classname="EdFi.Ods.Tests.EdFi.Ods.WebApi.Resources.ResourceModelReferenceTests+When_setting_and_getting_properties_for_a_required_reference_on_a_model" runstate="Runnable" testcasecount="5" result="Passed" duration="0.004994" total="5" passed="0" failed="0" inconclusive="0" skipped="0" asserts="0">
                    <test-case id="6-2080" name="Property_should_be_cleared_by_explicitly_setting_reference_to_null" fullname="EdFi.Ods.Tests.EdFi.Ods.WebApi.Resources.ResourceModelReferenceTests+When_setting_and_getting_properties_for_a_required_reference_on_a_model.Property_should_be_cleared_by_explicitly_setting_reference_to_null" methodname="Property_should_be_cleared_by_explicitly_setting_reference_to_null" classname="EdFi.Ods.Tests.EdFi.Ods.WebApi.Resources.ResourceModelReferenceTests+When_setting_and_getting_properties_for_a_required_reference_on_a_model" runstate="Runnable" result="Passed" duration="0.000595" asserts="0" />
                    <test-case id="6-2081" name="Reference_should_be_implicitly_restored_by_setting_the_property_value" fullname="EdFi.Ods.Tests.EdFi.Ods.WebApi.Resources.ResourceModelReferenceTests+When_setting_and_getting_properties_for_a_required_reference_on_a_model.Reference_should_be_implicitly_restored_by_setting_the_property_value" methodname="Reference_should_be_implicitly_restored_by_setting_the_property_value" classname="EdFi.Ods.Tests.EdFi.Ods.WebApi.Resources.ResourceModelReferenceTests+When_setting_and_getting_properties_for_a_required_reference_on_a_model" runstate="Runnable" result="Passed" duration="0.000546" asserts="0" />
                    <test-case id="6-2079" name="Reference_should_be_null_again_after_property_value_is_returned_to_its_default_value" fullname="EdFi.Ods.Tests.EdFi.Ods.WebApi.Resources.ResourceModelReferenceTests+When_setting_and_getting_properties_for_a_required_reference_on_a_model.Reference_should_be_null_again_after_property_value_is_returned_to_its_default_value" methodname="Reference_should_be_null_again_after_property_value_is_returned_to_its_default_value" classname="EdFi.Ods.Tests.EdFi.Ods.WebApi.Resources.ResourceModelReferenceTests+When_setting_and_getting_properties_for_a_required_reference_on_a_model" runstate="Runnable" result="Passed" duration="0.000272" asserts="0" />
                    <test-case id="6-2077" name="Reference_should_be_null_before_property_value_is_set" fullname="EdFi.Ods.Tests.EdFi.Ods.WebApi.Resources.ResourceModelReferenceTests+When_setting_and_getting_properties_for_a_required_reference_on_a_model.Reference_should_be_null_before_property_value_is_set" methodname="Reference_should_be_null_before_property_value_is_set" classname="EdFi.Ods.Tests.EdFi.Ods.WebApi.Resources.ResourceModelReferenceTests+When_setting_and_getting_properties_for_a_required_reference_on_a_model" runstate="Runnable" result="Passed" duration="0.000204" asserts="0" />
                    <test-case id="6-2078" name="Reference_should_NOT_be_null_after_property_value_is_set" fullname="EdFi.Ods.Tests.EdFi.Ods.WebApi.Resources.ResourceModelReferenceTests+When_setting_and_getting_properties_for_a_required_reference_on_a_model.Reference_should_NOT_be_null_after_property_value_is_set" methodname="Reference_should_NOT_be_null_after_property_value_is_set" classname="EdFi.Ods.Tests.EdFi.Ods.WebApi.Resources.ResourceModelReferenceTests+When_setting_and_getting_properties_for_a_required_reference_on_a_model" runstate="Runnable" result="Passed" duration="0.000265" asserts="0" />
                  </test-suite>
                  <test-suite type="TestFixture" id="6-2074" name="ResourceModelReferenceTests+When_setting_and_getting_properties_for_an_optional_reference_on_a_model" fullname="EdFi.Ods.Tests.EdFi.Ods.WebApi.Resources.ResourceModelReferenceTests+When_setting_and_getting_properties_for_an_optional_reference_on_a_model" classname="EdFi.Ods.Tests.EdFi.Ods.WebApi.Resources.ResourceModelReferenceTests+When_setting_and_getting_properties_for_an_optional_reference_on_a_model" runstate="Runnable" testcasecount="1" result="Passed" duration="0.004562" total="1" passed="0" failed="0" inconclusive="0" skipped="0" asserts="0">
                    <test-case id="6-2075" name="Should_not_return_values_from_optional_reference_until_all_of_the_references_properties_have_been_set" fullname="EdFi.Ods.Tests.EdFi.Ods.WebApi.Resources.ResourceModelReferenceTests+When_setting_and_getting_properties_for_an_optional_reference_on_a_model.Should_not_return_values_from_optional_reference_until_all_of_the_references_properties_have_been_set" methodname="Should_not_return_values_from_optional_reference_until_all_of_the_references_properties_have_been_set" classname="EdFi.Ods.Tests.EdFi.Ods.WebApi.Resources.ResourceModelReferenceTests+When_setting_and_getting_properties_for_an_optional_reference_on_a_model" runstate="Runnable" result="Passed" duration="0.004089" asserts="0" />
                  </test-suite>
                </test-suite>
                <test-suite type="TestFixture" id="6-1085" name="UploadsControllerTests" fullname="EdFi.Ods.Tests.EdFi.Ods.WebApi.UploadsControllerTests" classname="EdFi.Ods.Tests.EdFi.Ods.WebApi.UploadsControllerTests" runstate="Runnable" testcasecount="0" result="Inconclusive" duration="0.000234" total="0" passed="0" failed="0" inconclusive="0" skipped="0" asserts="0" />
                <test-suite type="TestFixture" id="6-1973" name="UploadsControllerTests+When_Commiting_An_Upload" fullname="EdFi.Ods.Tests.EdFi.Ods.WebApi.UploadsControllerTests+When_Commiting_An_Upload" classname="EdFi.Ods.Tests.EdFi.Ods.WebApi.UploadsControllerTests+When_Commiting_An_Upload" runstate="Runnable" testcasecount="5" result="Passed" duration="0.124099" total="5" passed="0" failed="0" inconclusive="0" skipped="0" asserts="0">
                  <test-case id="6-1978" name="And_Internal_Server_Error_Occurrs_Then_Should_Log_To_Bulk_Operations_Exceptions" fullname="EdFi.Ods.Tests.EdFi.Ods.WebApi.UploadsControllerTests+When_Commiting_An_Upload.And_Internal_Server_Error_Occurrs_Then_Should_Log_To_Bulk_Operations_Exceptions" methodname="And_Internal_Server_Error_Occurrs_Then_Should_Log_To_Bulk_Operations_Exceptions" classname="EdFi.Ods.Tests.EdFi.Ods.WebApi.UploadsControllerTests+When_Commiting_An_Upload" runstate="Runnable" result="Passed" duration="0.042517" asserts="0" />
                  <test-case id="6-1974" name="And_the_Chunks_Add_Up_To_The_Expected_Size_And_The_Offsets_Match_Then_Should_Accept_Commit" fullname="EdFi.Ods.Tests.EdFi.Ods.WebApi.UploadsControllerTests+When_Commiting_An_Upload.And_the_Chunks_Add_Up_To_The_Expected_Size_And_The_Offsets_Match_Then_Should_Accept_Commit" methodname="And_the_Chunks_Add_Up_To_The_Expected_Size_And_The_Offsets_Match_Then_Should_Accept_Commit" classname="EdFi.Ods.Tests.EdFi.Ods.WebApi.UploadsControllerTests+When_Commiting_An_Upload" runstate="Runnable" result="Passed" duration="0.010965" asserts="0" />
                  <test-case id="6-1975" name="And_The_Chunks_Do_Not_Add_Up_to_The_Expected_Size_Or_the_Offsets_Do_Not_Match_Then_Should_Reject_Commit" fullname="EdFi.Ods.Tests.EdFi.Ods.WebApi.UploadsControllerTests+When_Commiting_An_Upload.And_The_Chunks_Do_Not_Add_Up_to_The_Expected_Size_Or_the_Offsets_Do_Not_Match_Then_Should_Reject_Commit" methodname="And_The_Chunks_Do_Not_Add_Up_to_The_Expected_Size_Or_the_Offsets_Do_Not_Match_Then_Should_Reject_Commit" classname="EdFi.Ods.Tests.EdFi.Ods.WebApi.UploadsControllerTests+When_Commiting_An_Upload" runstate="Runnable" result="Passed" duration="0.001383" asserts="0" />
                  <test-case id="6-1976" name="And_Upload_Request_is_Invalid_Then_Should_Log_To_Bulk_Operations_Exceptions" fullname="EdFi.Ods.Tests.EdFi.Ods.WebApi.UploadsControllerTests+When_Commiting_An_Upload.And_Upload_Request_is_Invalid_Then_Should_Log_To_Bulk_Operations_Exceptions" methodname="And_Upload_Request_is_Invalid_Then_Should_Log_To_Bulk_Operations_Exceptions" classname="EdFi.Ods.Tests.EdFi.Ods.WebApi.UploadsControllerTests+When_Commiting_An_Upload" runstate="Runnable" result="Passed" duration="0.000823" asserts="0" />
                  <test-case id="6-1977" name="And_Uploaded_Files_Are_Invalid_Then_Should_Log_To_Bulk_Operations_Exceptions" fullname="EdFi.Ods.Tests.EdFi.Ods.WebApi.UploadsControllerTests+When_Commiting_An_Upload.And_Uploaded_Files_Are_Invalid_Then_Should_Log_To_Bulk_Operations_Exceptions" methodname="And_Uploaded_Files_Are_Invalid_Then_Should_Log_To_Bulk_Operations_Exceptions" classname="EdFi.Ods.Tests.EdFi.Ods.WebApi.UploadsControllerTests+When_Commiting_An_Upload" runstate="Ignored" result="Skipped" label="Ignored" duration="0.000007" asserts="0">
                    <properties>
                      <property name="_IGNOREREASON" value="Needs to be reimplemented using Web Api 2.1 approach" />
                    </properties>
                    <reason>
                      <message><![CDATA[Needs to be reimplemented using Web Api 2.1 approach]]></message>
                    </reason>
                  </test-case>
                </test-suite>
                <test-suite type="TestFixture" id="6-1069" name="UrlRoutingTests" fullname="EdFi.Ods.Tests.EdFi.Ods.WebApi.UrlRoutingTests" classname="EdFi.Ods.Tests.EdFi.Ods.WebApi.UrlRoutingTests" runstate="Runnable" testcasecount="0" result="Inconclusive" duration="0.000180" total="0" passed="0" failed="0" inconclusive="0" skipped="0" asserts="0" />
                <test-suite type="TestFixture" id="6-1971" name="UrlRoutingTests+When_the_API_is_configured_with_school_year_in_the_routes_and_school_year_agnostic_routes_are_requested_with_school_year" fullname="EdFi.Ods.Tests.EdFi.Ods.WebApi.UrlRoutingTests+When_the_API_is_configured_with_school_year_in_the_routes_and_school_year_agnostic_routes_are_requested_with_school_year" classname="EdFi.Ods.Tests.EdFi.Ods.WebApi.UrlRoutingTests+When_the_API_is_configured_with_school_year_in_the_routes_and_school_year_agnostic_routes_are_requested_with_school_year" runstate="Runnable" testcasecount="1" result="Passed" duration="0.154366" total="1" passed="0" failed="0" inconclusive="0" skipped="0" asserts="0">
                  <test-case id="6-1972" name="Should_Resolve_To_Appropriate_Controller_Action_For_Urls" fullname="EdFi.Ods.Tests.EdFi.Ods.WebApi.UrlRoutingTests+When_the_API_is_configured_with_school_year_in_the_routes_and_school_year_agnostic_routes_are_requested_with_school_year.Should_Resolve_To_Appropriate_Controller_Action_For_Urls" methodname="Should_Resolve_To_Appropriate_Controller_Action_For_Urls" classname="EdFi.Ods.Tests.EdFi.Ods.WebApi.UrlRoutingTests+When_the_API_is_configured_with_school_year_in_the_routes_and_school_year_agnostic_routes_are_requested_with_school_year" runstate="Runnable" result="Passed" duration="0.008881" asserts="0" />
                </test-suite>
                <test-suite type="TestFixture" id="6-1963" name="UrlRoutingTests+When_the_API_is_configured_with_school_year_in_the_routes_and_school_years_are_not_provided_in_the_requests" fullname="EdFi.Ods.Tests.EdFi.Ods.WebApi.UrlRoutingTests+When_the_API_is_configured_with_school_year_in_the_routes_and_school_years_are_not_provided_in_the_requests" classname="EdFi.Ods.Tests.EdFi.Ods.WebApi.UrlRoutingTests+When_the_API_is_configured_with_school_year_in_the_routes_and_school_years_are_not_provided_in_the_requests" runstate="Runnable" testcasecount="1" result="Passed" duration="0.098035" total="1" passed="0" failed="0" inconclusive="0" skipped="0" asserts="0">
                  <test-case id="6-1964" name="Should_Not_Resolve_To_Appropriate_Controller_Action_For_Urls_not_containing_school_year" fullname="EdFi.Ods.Tests.EdFi.Ods.WebApi.UrlRoutingTests+When_the_API_is_configured_with_school_year_in_the_routes_and_school_years_are_not_provided_in_the_requests.Should_Not_Resolve_To_Appropriate_Controller_Action_For_Urls_not_containing_school_year" methodname="Should_Not_Resolve_To_Appropriate_Controller_Action_For_Urls_not_containing_school_year" classname="EdFi.Ods.Tests.EdFi.Ods.WebApi.UrlRoutingTests+When_the_API_is_configured_with_school_year_in_the_routes_and_school_years_are_not_provided_in_the_requests" runstate="Runnable" result="Passed" duration="0.003827" asserts="0" />
                </test-suite>
                <test-suite type="TestFixture" id="6-1961" name="UrlRoutingTests+When_the_API_is_configured_with_school_year_in_the_routes_and_school_years_are_provided_in_the_requests" fullname="EdFi.Ods.Tests.EdFi.Ods.WebApi.UrlRoutingTests+When_the_API_is_configured_with_school_year_in_the_routes_and_school_years_are_provided_in_the_requests" classname="EdFi.Ods.Tests.EdFi.Ods.WebApi.UrlRoutingTests+When_the_API_is_configured_with_school_year_in_the_routes_and_school_years_are_provided_in_the_requests" runstate="Runnable" testcasecount="1" result="Passed" duration="0.319340" total="1" passed="0" failed="0" inconclusive="0" skipped="0" asserts="0">
                  <test-case id="6-1962" name="Should_Resolve_To_Appropriate_Controller_Action_For_Urls_containing_school_year" fullname="EdFi.Ods.Tests.EdFi.Ods.WebApi.UrlRoutingTests+When_the_API_is_configured_with_school_year_in_the_routes_and_school_years_are_provided_in_the_requests.Should_Resolve_To_Appropriate_Controller_Action_For_Urls_containing_school_year" methodname="Should_Resolve_To_Appropriate_Controller_Action_For_Urls_containing_school_year" classname="EdFi.Ods.Tests.EdFi.Ods.WebApi.UrlRoutingTests+When_the_API_is_configured_with_school_year_in_the_routes_and_school_years_are_provided_in_the_requests" runstate="Runnable" result="Passed" duration="0.216967" asserts="0" />
                </test-suite>
                <test-suite type="TestFixture" id="6-1967" name="UrlRoutingTests+When_the_API_is_configured_without_school_year_in_the_routes_and_school_years_are_not_provided_in_the_requests" fullname="EdFi.Ods.Tests.EdFi.Ods.WebApi.UrlRoutingTests+When_the_API_is_configured_without_school_year_in_the_routes_and_school_years_are_not_provided_in_the_requests" classname="EdFi.Ods.Tests.EdFi.Ods.WebApi.UrlRoutingTests+When_the_API_is_configured_without_school_year_in_the_routes_and_school_years_are_not_provided_in_the_requests" runstate="Runnable" testcasecount="1" result="Passed" duration="0.302248" total="1" passed="0" failed="0" inconclusive="0" skipped="0" asserts="0">
                  <test-case id="6-1968" name="Should_Resolve_To_Appropriate_Controller_Action_For_Urls_not_containing_school_year" fullname="EdFi.Ods.Tests.EdFi.Ods.WebApi.UrlRoutingTests+When_the_API_is_configured_without_school_year_in_the_routes_and_school_years_are_not_provided_in_the_requests.Should_Resolve_To_Appropriate_Controller_Action_For_Urls_not_containing_school_year" methodname="Should_Resolve_To_Appropriate_Controller_Action_For_Urls_not_containing_school_year" classname="EdFi.Ods.Tests.EdFi.Ods.WebApi.UrlRoutingTests+When_the_API_is_configured_without_school_year_in_the_routes_and_school_years_are_not_provided_in_the_requests" runstate="Runnable" result="Passed" duration="0.214921" asserts="0" />
                </test-suite>
                <test-suite type="TestFixture" id="6-1965" name="UrlRoutingTests+When_the_API_is_configured_without_school_year_in_the_routes_and_school_years_are_provided_in_the_requests" fullname="EdFi.Ods.Tests.EdFi.Ods.WebApi.UrlRoutingTests+When_the_API_is_configured_without_school_year_in_the_routes_and_school_years_are_provided_in_the_requests" classname="EdFi.Ods.Tests.EdFi.Ods.WebApi.UrlRoutingTests+When_the_API_is_configured_without_school_year_in_the_routes_and_school_years_are_provided_in_the_requests" runstate="Runnable" testcasecount="1" result="Passed" duration="0.148624" total="1" passed="0" failed="0" inconclusive="0" skipped="0" asserts="0">
                  <test-case id="6-1966" name="Should_Not_Resolve_To_Appropriate_Controller_Action_For_Urls_containing_school_year" fullname="EdFi.Ods.Tests.EdFi.Ods.WebApi.UrlRoutingTests+When_the_API_is_configured_without_school_year_in_the_routes_and_school_years_are_provided_in_the_requests.Should_Not_Resolve_To_Appropriate_Controller_Action_For_Urls_containing_school_year" methodname="Should_Not_Resolve_To_Appropriate_Controller_Action_For_Urls_containing_school_year" classname="EdFi.Ods.Tests.EdFi.Ods.WebApi.UrlRoutingTests+When_the_API_is_configured_without_school_year_in_the_routes_and_school_years_are_provided_in_the_requests" runstate="Runnable" result="Passed" duration="0.061126" asserts="0" />
                </test-suite>
                <test-suite type="TestFixture" id="6-1969" name="UrlRoutingTests+When_the_API_is_configured_without_school_year_in_the_routes_and_valid_school_year_agnostic_routes_are_requested" fullname="EdFi.Ods.Tests.EdFi.Ods.WebApi.UrlRoutingTests+When_the_API_is_configured_without_school_year_in_the_routes_and_valid_school_year_agnostic_routes_are_requested" classname="EdFi.Ods.Tests.EdFi.Ods.WebApi.UrlRoutingTests+When_the_API_is_configured_without_school_year_in_the_routes_and_valid_school_year_agnostic_routes_are_requested" runstate="Runnable" testcasecount="1" result="Passed" duration="0.188823" total="1" passed="0" failed="0" inconclusive="0" skipped="0" asserts="0">
                  <test-case id="6-1970" name="Should_Resolve_To_Appropriate_Controller_Action_For_Urls" fullname="EdFi.Ods.Tests.EdFi.Ods.WebApi.UrlRoutingTests+When_the_API_is_configured_without_school_year_in_the_routes_and_valid_school_year_agnostic_routes_are_requested.Should_Resolve_To_Appropriate_Controller_Action_For_Urls" methodname="Should_Resolve_To_Appropriate_Controller_Action_For_Urls" classname="EdFi.Ods.Tests.EdFi.Ods.WebApi.UrlRoutingTests+When_the_API_is_configured_without_school_year_in_the_routes_and_valid_school_year_agnostic_routes_are_requested" runstate="Runnable" result="Passed" duration="0.012731" asserts="0" />
                </test-suite>
                <test-suite type="TestFixture" id="6-1070" name="When_calling_get_by_id_of_bulk_operations_controller" fullname="EdFi.Ods.Tests.EdFi.Ods.WebApi.When_calling_get_by_id_of_bulk_operations_controller" classname="EdFi.Ods.Tests.EdFi.Ods.WebApi.When_calling_get_by_id_of_bulk_operations_controller" runstate="Runnable" testcasecount="4" result="Passed" duration="0.056246" total="4" passed="0" failed="0" inconclusive="0" skipped="0" asserts="0">
                  <test-case id="6-1071" name="Should_return_bad_request_when_id_is_not_provided" fullname="EdFi.Ods.Tests.EdFi.Ods.WebApi.When_calling_get_by_id_of_bulk_operations_controller.Should_return_bad_request_when_id_is_not_provided" methodname="Should_return_bad_request_when_id_is_not_provided" classname="EdFi.Ods.Tests.EdFi.Ods.WebApi.When_calling_get_by_id_of_bulk_operations_controller" runstate="Runnable" result="Passed" duration="0.001057" asserts="0" />
                  <test-case id="6-1072" name="Should_return_not_found_when_id_is_not_valid" fullname="EdFi.Ods.Tests.EdFi.Ods.WebApi.When_calling_get_by_id_of_bulk_operations_controller.Should_return_not_found_when_id_is_not_valid" methodname="Should_return_not_found_when_id_is_not_valid" classname="EdFi.Ods.Tests.EdFi.Ods.WebApi.When_calling_get_by_id_of_bulk_operations_controller" runstate="Runnable" result="Passed" duration="0.042303" asserts="0" />
                  <test-case id="6-1073" name="Should_return_not_found_when_year_does_not_match_id" fullname="EdFi.Ods.Tests.EdFi.Ods.WebApi.When_calling_get_by_id_of_bulk_operations_controller.Should_return_not_found_when_year_does_not_match_id" methodname="Should_return_not_found_when_year_does_not_match_id" classname="EdFi.Ods.Tests.EdFi.Ods.WebApi.When_calling_get_by_id_of_bulk_operations_controller" runstate="Runnable" result="Passed" duration="0.007063" asserts="0" />
                  <test-case id="6-1074" name="Should_return_resourse_when_id_and_year_are_valid" fullname="EdFi.Ods.Tests.EdFi.Ods.WebApi.When_calling_get_by_id_of_bulk_operations_controller.Should_return_resourse_when_id_and_year_are_valid" methodname="Should_return_resourse_when_id_and_year_are_valid" classname="EdFi.Ods.Tests.EdFi.Ods.WebApi.When_calling_get_by_id_of_bulk_operations_controller" runstate="Runnable" result="Passed" duration="0.003156" asserts="0" />
                </test-suite>
                <test-suite type="TestFixture" id="6-1075" name="When_calling_post_on_bulk_operations_controller" fullname="EdFi.Ods.Tests.EdFi.Ods.WebApi.When_calling_post_on_bulk_operations_controller" classname="EdFi.Ods.Tests.EdFi.Ods.WebApi.When_calling_post_on_bulk_operations_controller" runstate="Runnable" testcasecount="3" result="Passed" duration="0.042868" total="3" passed="0" failed="0" inconclusive="0" skipped="0" asserts="0">
                  <test-case id="6-1077" name="Should_return_bad_request_when_request_is_invalid" fullname="EdFi.Ods.Tests.EdFi.Ods.WebApi.When_calling_post_on_bulk_operations_controller.Should_return_bad_request_when_request_is_invalid" methodname="Should_return_bad_request_when_request_is_invalid" classname="EdFi.Ods.Tests.EdFi.Ods.WebApi.When_calling_post_on_bulk_operations_controller" runstate="Runnable" result="Passed" duration="0.034330" asserts="0" />
                  <test-case id="6-1076" name="Should_return_bad_request_when_request_is_null" fullname="EdFi.Ods.Tests.EdFi.Ods.WebApi.When_calling_post_on_bulk_operations_controller.Should_return_bad_request_when_request_is_null" methodname="Should_return_bad_request_when_request_is_null" classname="EdFi.Ods.Tests.EdFi.Ods.WebApi.When_calling_post_on_bulk_operations_controller" runstate="Runnable" result="Passed" duration="0.001922" asserts="0" />
                  <test-case id="6-1078" name="Should_return_resource_when_request_is_valid" fullname="EdFi.Ods.Tests.EdFi.Ods.WebApi.When_calling_post_on_bulk_operations_controller.Should_return_resource_when_request_is_valid" methodname="Should_return_resource_when_request_is_valid" classname="EdFi.Ods.Tests.EdFi.Ods.WebApi.When_calling_post_on_bulk_operations_controller" runstate="Runnable" result="Passed" duration="0.004343" asserts="0" />
                </test-suite>
              </test-suite>
              <test-suite type="Namespace" id="6-3339" name="Xml" fullname="EdFi.Ods.Tests.EdFi.Ods.Xml" runstate="Runnable" testcasecount="9" result="Passed" duration="0.007632" total="9" passed="0" failed="0" inconclusive="0" skipped="0" asserts="0">
                <test-suite type="TestFixture" id="6-1631" name="StringExtensionsTests" fullname="EdFi.Ods.Tests.EdFi.Ods.Xml.StringExtensionsTests" classname="EdFi.Ods.Tests.EdFi.Ods.Xml.StringExtensionsTests" runstate="Runnable" testcasecount="9" result="Passed" duration="0.007165" total="9" passed="0" failed="0" inconclusive="0" skipped="0" asserts="0">
                  <test-case id="6-1632" name="Should_append_normally_if_no_overlap" fullname="EdFi.Ods.Tests.EdFi.Ods.Xml.StringExtensionsTests.Should_append_normally_if_no_overlap" methodname="Should_append_normally_if_no_overlap" classname="EdFi.Ods.Tests.EdFi.Ods.Xml.StringExtensionsTests" runstate="Runnable" result="Passed" duration="0.000269" asserts="0" />
                  <test-case id="6-1635" name="Should_collapse_single_word_overlap" fullname="EdFi.Ods.Tests.EdFi.Ods.Xml.StringExtensionsTests.Should_collapse_single_word_overlap" methodname="Should_collapse_single_word_overlap" classname="EdFi.Ods.Tests.EdFi.Ods.Xml.StringExtensionsTests" runstate="Runnable" result="Passed" duration="0.000214" asserts="0" />
                  <test-case id="6-1637" name="Should_collapse_three_word_overlap" fullname="EdFi.Ods.Tests.EdFi.Ods.Xml.StringExtensionsTests.Should_collapse_three_word_overlap" methodname="Should_collapse_three_word_overlap" classname="EdFi.Ods.Tests.EdFi.Ods.Xml.StringExtensionsTests" runstate="Runnable" result="Passed" duration="0.000204" asserts="0" />
                  <test-case id="6-1636" name="Should_collapse_two_word_overlap" fullname="EdFi.Ods.Tests.EdFi.Ods.Xml.StringExtensionsTests.Should_collapse_two_word_overlap" methodname="Should_collapse_two_word_overlap" classname="EdFi.Ods.Tests.EdFi.Ods.Xml.StringExtensionsTests" runstate="Runnable" result="Passed" duration="0.000197" asserts="0" />
                  <test-case id="6-1638" name="Should_collapse_with_left_side_longer" fullname="EdFi.Ods.Tests.EdFi.Ods.Xml.StringExtensionsTests.Should_collapse_with_left_side_longer" methodname="Should_collapse_with_left_side_longer" classname="EdFi.Ods.Tests.EdFi.Ods.Xml.StringExtensionsTests" runstate="Runnable" result="Passed" duration="0.000204" asserts="0" />
                  <test-case id="6-1639" name="Should_collapse_with_right_side_longer" fullname="EdFi.Ods.Tests.EdFi.Ods.Xml.StringExtensionsTests.Should_collapse_with_right_side_longer" methodname="Should_collapse_with_right_side_longer" classname="EdFi.Ods.Tests.EdFi.Ods.Xml.StringExtensionsTests" runstate="Runnable" result="Passed" duration="0.000208" asserts="0" />
                  <test-case id="6-1633" name="Should_fully_collapse_if_a_prefix" fullname="EdFi.Ods.Tests.EdFi.Ods.Xml.StringExtensionsTests.Should_fully_collapse_if_a_prefix" methodname="Should_fully_collapse_if_a_prefix" classname="EdFi.Ods.Tests.EdFi.Ods.Xml.StringExtensionsTests" runstate="Runnable" result="Passed" duration="0.000197" asserts="0" />
                  <test-case id="6-1634" name="Should_fully_collapse_if_a_suffix" fullname="EdFi.Ods.Tests.EdFi.Ods.Xml.StringExtensionsTests.Should_fully_collapse_if_a_suffix" methodname="Should_fully_collapse_if_a_suffix" classname="EdFi.Ods.Tests.EdFi.Ods.Xml.StringExtensionsTests" runstate="Runnable" result="Passed" duration="0.000223" asserts="0" />
                  <test-case id="6-1640" name="Should_not_remove_words_not_in_overlap" fullname="EdFi.Ods.Tests.EdFi.Ods.Xml.StringExtensionsTests.Should_not_remove_words_not_in_overlap" methodname="Should_not_remove_words_not_in_overlap" classname="EdFi.Ods.Tests.EdFi.Ods.Xml.StringExtensionsTests" runstate="Runnable" result="Passed" duration="0.000201" asserts="0" />
                </test-suite>
              </test-suite>
              <test-suite type="Namespace" id="6-3306" name="XmlShredding" fullname="EdFi.Ods.Tests.EdFi.Ods.XmlShredding" runstate="Runnable" testcasecount="29" result="Passed" duration="1.867251" total="29" passed="0" failed="0" inconclusive="0" skipped="0" asserts="0">
                <test-suite type="Namespace" id="6-3307" name="ResourceFactories" fullname="EdFi.Ods.Tests.EdFi.Ods.XmlShredding.ResourceFactories" runstate="Runnable" testcasecount="25" result="Passed" duration="1.776196" total="25" passed="0" failed="0" inconclusive="0" skipped="0" asserts="0">
                  <test-suite type="TestFixture" id="6-1034" name="DescriptorsCoveringTests" fullname="EdFi.Ods.Tests.EdFi.Ods.XmlShredding.ResourceFactories.DescriptorsCoveringTests" classname="EdFi.Ods.Tests.EdFi.Ods.XmlShredding.ResourceFactories.DescriptorsCoveringTests" runstate="Runnable" testcasecount="2" result="Passed" duration="1.754439" total="2" passed="0" failed="0" inconclusive="0" skipped="0" asserts="0">
                    <test-case id="6-1035" name="Factories_Should_Produce_For_Each_Aggregate_In_Xml" fullname="EdFi.Ods.Tests.EdFi.Ods.XmlShredding.ResourceFactories.DescriptorsCoveringTests.Factories_Should_Produce_For_Each_Aggregate_In_Xml" methodname="Factories_Should_Produce_For_Each_Aggregate_In_Xml" classname="EdFi.Ods.Tests.EdFi.Ods.XmlShredding.ResourceFactories.DescriptorsCoveringTests" runstate="Runnable" result="Passed" duration="1.752383" asserts="0" />
                    <test-case id="6-1036" name="ResourceFactoryTestBase.DummyTest" fullname="EdFi.Ods.Tests.EdFi.Ods.XmlShredding.ResourceFactories.DescriptorsCoveringTests.ResourceFactoryTestBase.DummyTest" methodname="DummyTest" classname="EdFi.Ods.Tests.EdFi.Ods.XmlShredding.ResourceFactories.DescriptorsCoveringTests" runstate="Runnable" result="Passed" duration="0.000758" asserts="0">
                      <reason>
                        <message><![CDATA[]]></message>
                      </reason>
                    </test-case>
                  </test-suite>
                  <test-suite type="TestFixture" id="6-1037" name="EdOrgCalendarCoveringTest" fullname="EdFi.Ods.Tests.EdFi.Ods.XmlShredding.ResourceFactories.EdOrgCalendarCoveringTest" classname="EdFi.Ods.Tests.EdFi.Ods.XmlShredding.ResourceFactories.EdOrgCalendarCoveringTest" runstate="Ignored" testcasecount="4" result="Skipped" label="Ignored" duration="0.001989" total="4" passed="0" failed="0" inconclusive="0" skipped="0" asserts="0">
                    <properties>
                      <property name="_IGNOREREASON" value="Test data is location specific" />
                    </properties>
                    <reason>
                      <message><![CDATA[Test data is location specific]]></message>
                    </reason>
                    <test-case id="6-1040" name="Given_Acceptance_Xml_Should_Produce_Valid_Resources_For_All_Valid_Elements" fullname="EdFi.Ods.Tests.EdFi.Ods.XmlShredding.ResourceFactories.EdOrgCalendarCoveringTest.Given_Acceptance_Xml_Should_Produce_Valid_Resources_For_All_Valid_Elements" methodname="Given_Acceptance_Xml_Should_Produce_Valid_Resources_For_All_Valid_Elements" classname="EdFi.Ods.Tests.EdFi.Ods.XmlShredding.ResourceFactories.EdOrgCalendarCoveringTest" runstate="Ignored" result="Skipped" label="Ignored" duration="0.000000" asserts="0">
                      <properties>
                        <property name="_IGNOREREASON" value="Test data is location specific" />
                      </properties>
                      <reason>
                        <message><![CDATA[Test data is location specific]]></message>
                      </reason>
                    </test-case>
                    <test-case id="6-1039" name="Given_STI_Xml_Should_Produce_Valid_Resources_for_All_Valid_Elements" fullname="EdFi.Ods.Tests.EdFi.Ods.XmlShredding.ResourceFactories.EdOrgCalendarCoveringTest.Given_STI_Xml_Should_Produce_Valid_Resources_for_All_Valid_Elements" methodname="Given_STI_Xml_Should_Produce_Valid_Resources_for_All_Valid_Elements" classname="EdFi.Ods.Tests.EdFi.Ods.XmlShredding.ResourceFactories.EdOrgCalendarCoveringTest" runstate="Ignored" result="Skipped" label="Ignored" duration="0.000000" asserts="0">
                      <properties>
                        <property name="_IGNOREREASON" value="Test data is location specific" />
                      </properties>
                      <reason>
                        <message><![CDATA[Test data is location specific]]></message>
                      </reason>
                    </test-case>
                    <test-case id="6-1038" name="Given_Valid_Xml_Should_Produce_Valid_Resources" fullname="EdFi.Ods.Tests.EdFi.Ods.XmlShredding.ResourceFactories.EdOrgCalendarCoveringTest.Given_Valid_Xml_Should_Produce_Valid_Resources" methodname="Given_Valid_Xml_Should_Produce_Valid_Resources" classname="EdFi.Ods.Tests.EdFi.Ods.XmlShredding.ResourceFactories.EdOrgCalendarCoveringTest" runstate="Ignored" result="Skipped" label="Ignored" duration="0.000000" asserts="0">
                      <properties>
                        <property name="_IGNOREREASON" value="Test data is location specific" />
                      </properties>
                      <reason>
                        <message><![CDATA[Test data is location specific]]></message>
                      </reason>
                    </test-case>
                    <test-case id="6-1041" name="ResourceFactoryTestBase.DummyTest" fullname="EdFi.Ods.Tests.EdFi.Ods.XmlShredding.ResourceFactories.EdOrgCalendarCoveringTest.ResourceFactoryTestBase.DummyTest" methodname="DummyTest" classname="EdFi.Ods.Tests.EdFi.Ods.XmlShredding.ResourceFactories.EdOrgCalendarCoveringTest" runstate="Ignored" result="Skipped" label="Ignored" duration="0.000000" asserts="0">
                      <properties>
                        <property name="_IGNOREREASON" value="Test data is location specific" />
                      </properties>
                      <reason>
                        <message><![CDATA[Test data is location specific]]></message>
                      </reason>
                    </test-case>
                  </test-suite>
                  <test-suite type="TestFixture" id="6-1042" name="EdOrgCoveringTests" fullname="EdFi.Ods.Tests.EdFi.Ods.XmlShredding.ResourceFactories.EdOrgCoveringTests" classname="EdFi.Ods.Tests.EdFi.Ods.XmlShredding.ResourceFactories.EdOrgCoveringTests" runstate="Ignored" testcasecount="4" result="Skipped" label="Ignored" duration="0.002996" total="4" passed="0" failed="0" inconclusive="0" skipped="0" asserts="0">
                    <properties>
                      <property name="_IGNOREREASON" value="Test data is location specific" />
                    </properties>
                    <reason>
                      <message><![CDATA[Test data is location specific]]></message>
                    </reason>
                    <test-case id="6-1044" name="Given_Skyward_TN_EdOrg_Xml_Should_Produce_Valid_Resources_For_All_Valid_Elements" fullname="EdFi.Ods.Tests.EdFi.Ods.XmlShredding.ResourceFactories.EdOrgCoveringTests.Given_Skyward_TN_EdOrg_Xml_Should_Produce_Valid_Resources_For_All_Valid_Elements" methodname="Given_Skyward_TN_EdOrg_Xml_Should_Produce_Valid_Resources_For_All_Valid_Elements" classname="EdFi.Ods.Tests.EdFi.Ods.XmlShredding.ResourceFactories.EdOrgCoveringTests" runstate="Ignored" result="Skipped" label="Ignored" duration="0.000000" asserts="0">
                      <properties>
                        <property name="_IGNOREREASON" value="Test data is location specific" />
                      </properties>
                      <reason>
                        <message><![CDATA[Test data is location specific]]></message>
                      </reason>
                    </test-case>
                    <test-case id="6-1045" name="Given_STI_TN_EdOrg_Xml_Should_Produce_Valid_Resources_For_All_Valid_Elements" fullname="EdFi.Ods.Tests.EdFi.Ods.XmlShredding.ResourceFactories.EdOrgCoveringTests.Given_STI_TN_EdOrg_Xml_Should_Produce_Valid_Resources_For_All_Valid_Elements" methodname="Given_STI_TN_EdOrg_Xml_Should_Produce_Valid_Resources_For_All_Valid_Elements" classname="EdFi.Ods.Tests.EdFi.Ods.XmlShredding.ResourceFactories.EdOrgCoveringTests" runstate="Ignored" result="Skipped" label="Ignored" duration="0.000000" asserts="0">
                      <properties>
                        <property name="_IGNOREREASON" value="Test data is location specific" />
                      </properties>
                      <reason>
                        <message><![CDATA[Test data is location specific]]></message>
                      </reason>
                    </test-case>
                    <test-case id="6-1046" name="ResourceFactoryTestBase.DummyTest" fullname="EdFi.Ods.Tests.EdFi.Ods.XmlShredding.ResourceFactories.EdOrgCoveringTests.ResourceFactoryTestBase.DummyTest" methodname="DummyTest" classname="EdFi.Ods.Tests.EdFi.Ods.XmlShredding.ResourceFactories.EdOrgCoveringTests" runstate="Ignored" result="Skipped" label="Ignored" duration="0.000000" asserts="0">
                      <properties>
                        <property name="_IGNOREREASON" value="Test data is location specific" />
                      </properties>
                      <reason>
                        <message><![CDATA[Test data is location specific]]></message>
                      </reason>
                    </test-case>
                    <test-case id="6-1043" name="Should_Produce_Resource_For_All_Valid_Xml" fullname="EdFi.Ods.Tests.EdFi.Ods.XmlShredding.ResourceFactories.EdOrgCoveringTests.Should_Produce_Resource_For_All_Valid_Xml" methodname="Should_Produce_Resource_For_All_Valid_Xml" classname="EdFi.Ods.Tests.EdFi.Ods.XmlShredding.ResourceFactories.EdOrgCoveringTests" runstate="Ignored" result="Skipped" label="Ignored" duration="0.000000" asserts="0">
                      <properties>
                        <property name="_IGNOREREASON" value="Test data is location specific" />
                      </properties>
                      <reason>
                        <message><![CDATA[Test data is location specific]]></message>
                      </reason>
                    </test-case>
                  </test-suite>
                  <test-suite type="TestFixture" id="6-1047" name="MasterScheduleCoveringTests" fullname="EdFi.Ods.Tests.EdFi.Ods.XmlShredding.ResourceFactories.MasterScheduleCoveringTests" classname="EdFi.Ods.Tests.EdFi.Ods.XmlShredding.ResourceFactories.MasterScheduleCoveringTests" runstate="Ignored" testcasecount="3" result="Skipped" label="Ignored" duration="0.001474" total="3" passed="0" failed="0" inconclusive="0" skipped="0" asserts="0">
                    <properties>
                      <property name="_IGNOREREASON" value="Test data is location specific" />
                    </properties>
                    <reason>
                      <message><![CDATA[Test data is location specific]]></message>
                    </reason>
                    <test-case id="6-1049" name="Given_Skyward_Xml_Should_Generate_Valid_Resources_For_All_Valid_Elements" fullname="EdFi.Ods.Tests.EdFi.Ods.XmlShredding.ResourceFactories.MasterScheduleCoveringTests.Given_Skyward_Xml_Should_Generate_Valid_Resources_For_All_Valid_Elements" methodname="Given_Skyward_Xml_Should_Generate_Valid_Resources_For_All_Valid_Elements" classname="EdFi.Ods.Tests.EdFi.Ods.XmlShredding.ResourceFactories.MasterScheduleCoveringTests" runstate="Ignored" result="Skipped" label="Ignored" duration="0.000000" asserts="0">
                      <properties>
                        <property name="_IGNOREREASON" value="Test data is location specific" />
                      </properties>
                      <reason>
                        <message><![CDATA[Test data is location specific]]></message>
                      </reason>
                    </test-case>
                    <test-case id="6-1050" name="ResourceFactoryTestBase.DummyTest" fullname="EdFi.Ods.Tests.EdFi.Ods.XmlShredding.ResourceFactories.MasterScheduleCoveringTests.ResourceFactoryTestBase.DummyTest" methodname="DummyTest" classname="EdFi.Ods.Tests.EdFi.Ods.XmlShredding.ResourceFactories.MasterScheduleCoveringTests" runstate="Ignored" result="Skipped" label="Ignored" duration="0.000000" asserts="0">
                      <properties>
                        <property name="_IGNOREREASON" value="Test data is location specific" />
                      </properties>
                      <reason>
                        <message><![CDATA[Test data is location specific]]></message>
                      </reason>
                    </test-case>
                    <test-case id="6-1048" name="When_Loading_EdFi_GrandBend_Sample_XML_Should_Produce_Valid_Resources" fullname="EdFi.Ods.Tests.EdFi.Ods.XmlShredding.ResourceFactories.MasterScheduleCoveringTests.When_Loading_EdFi_GrandBend_Sample_XML_Should_Produce_Valid_Resources" methodname="When_Loading_EdFi_GrandBend_Sample_XML_Should_Produce_Valid_Resources" classname="EdFi.Ods.Tests.EdFi.Ods.XmlShredding.ResourceFactories.MasterScheduleCoveringTests" runstate="Ignored" result="Skipped" label="Ignored" duration="0.000000" asserts="0">
                      <properties>
                        <property name="_IGNOREREASON" value="Test data is location specific" />
                      </properties>
                      <reason>
                        <message><![CDATA[Test data is location specific]]></message>
                      </reason>
                    </test-case>
                  </test-suite>
                  <test-suite type="TestFixture" id="6-1051" name="StaffAssociationCoveringTests" fullname="EdFi.Ods.Tests.EdFi.Ods.XmlShredding.ResourceFactories.StaffAssociationCoveringTests" classname="EdFi.Ods.Tests.EdFi.Ods.XmlShredding.ResourceFactories.StaffAssociationCoveringTests" runstate="Ignored" testcasecount="2" result="Skipped" label="Ignored" duration="0.000810" total="2" passed="0" failed="0" inconclusive="0" skipped="0" asserts="0">
                    <properties>
                      <property name="_IGNOREREASON" value="Test data is location specific" />
                    </properties>
                    <reason>
                      <message><![CDATA[Test data is location specific]]></message>
                    </reason>
                    <test-case id="6-1053" name="ResourceFactoryTestBase.DummyTest" fullname="EdFi.Ods.Tests.EdFi.Ods.XmlShredding.ResourceFactories.StaffAssociationCoveringTests.ResourceFactoryTestBase.DummyTest" methodname="DummyTest" classname="EdFi.Ods.Tests.EdFi.Ods.XmlShredding.ResourceFactories.StaffAssociationCoveringTests" runstate="Ignored" result="Skipped" label="Ignored" duration="0.000000" asserts="0">
                      <properties>
                        <property name="_IGNOREREASON" value="Test data is location specific" />
                      </properties>
                      <reason>
                        <message><![CDATA[Test data is location specific]]></message>
                      </reason>
                    </test-case>
                    <test-case id="6-1052" name="Should_Generate_Valid_Resources_from_GrandBend_Sample" fullname="EdFi.Ods.Tests.EdFi.Ods.XmlShredding.ResourceFactories.StaffAssociationCoveringTests.Should_Generate_Valid_Resources_from_GrandBend_Sample" methodname="Should_Generate_Valid_Resources_from_GrandBend_Sample" classname="EdFi.Ods.Tests.EdFi.Ods.XmlShredding.ResourceFactories.StaffAssociationCoveringTests" runstate="Ignored" result="Skipped" label="Ignored" duration="0.000000" asserts="0">
                      <properties>
                        <property name="_IGNOREREASON" value="Test data is location specific" />
                      </properties>
                      <reason>
                        <message><![CDATA[Test data is location specific]]></message>
                      </reason>
                    </test-case>
                  </test-suite>
                  <test-suite type="TestFixture" id="6-1054" name="StandardsCoveringTests" fullname="EdFi.Ods.Tests.EdFi.Ods.XmlShredding.ResourceFactories.StandardsCoveringTests" classname="EdFi.Ods.Tests.EdFi.Ods.XmlShredding.ResourceFactories.StandardsCoveringTests" runstate="Ignored" testcasecount="2" result="Skipped" label="Ignored" duration="0.000761" total="2" passed="0" failed="0" inconclusive="0" skipped="0" asserts="0">
                    <properties>
                      <property name="_IGNOREREASON" value="Test data is location specific" />
                    </properties>
                    <reason>
                      <message><![CDATA[Test data is location specific]]></message>
                    </reason>
                    <test-case id="6-1055" name="Given_Valid_Grand_Bend_Xml_Should_Produce_Valid_Resources" fullname="EdFi.Ods.Tests.EdFi.Ods.XmlShredding.ResourceFactories.StandardsCoveringTests.Given_Valid_Grand_Bend_Xml_Should_Produce_Valid_Resources" methodname="Given_Valid_Grand_Bend_Xml_Should_Produce_Valid_Resources" classname="EdFi.Ods.Tests.EdFi.Ods.XmlShredding.ResourceFactories.StandardsCoveringTests" runstate="Ignored" result="Skipped" label="Ignored" duration="0.000000" asserts="0">
                      <properties>
                        <property name="_IGNOREREASON" value="Test data is location specific" />
                      </properties>
                      <reason>
                        <message><![CDATA[Test data is location specific]]></message>
                      </reason>
                    </test-case>
                    <test-case id="6-1056" name="ResourceFactoryTestBase.DummyTest" fullname="EdFi.Ods.Tests.EdFi.Ods.XmlShredding.ResourceFactories.StandardsCoveringTests.ResourceFactoryTestBase.DummyTest" methodname="DummyTest" classname="EdFi.Ods.Tests.EdFi.Ods.XmlShredding.ResourceFactories.StandardsCoveringTests" runstate="Ignored" result="Skipped" label="Ignored" duration="0.000000" asserts="0">
                      <properties>
                        <property name="_IGNOREREASON" value="Test data is location specific" />
                      </properties>
                      <reason>
                        <message><![CDATA[Test data is location specific]]></message>
                      </reason>
                    </test-case>
                  </test-suite>
                  <test-suite type="TestFixture" id="6-1057" name="StudentDisciplineCoveringTests" fullname="EdFi.Ods.Tests.EdFi.Ods.XmlShredding.ResourceFactories.StudentDisciplineCoveringTests" classname="EdFi.Ods.Tests.EdFi.Ods.XmlShredding.ResourceFactories.StudentDisciplineCoveringTests" runstate="Runnable" testcasecount="2" result="Passed" duration="0.001717" total="2" passed="0" failed="0" inconclusive="0" skipped="0" asserts="0">
                    <test-case id="6-1058" name="Given_GrandBend_Sample_Xml_Should_Generate_All_Resources" fullname="EdFi.Ods.Tests.EdFi.Ods.XmlShredding.ResourceFactories.StudentDisciplineCoveringTests.Given_GrandBend_Sample_Xml_Should_Generate_All_Resources" methodname="Given_GrandBend_Sample_Xml_Should_Generate_All_Resources" classname="EdFi.Ods.Tests.EdFi.Ods.XmlShredding.ResourceFactories.StudentDisciplineCoveringTests" runstate="Ignored" result="Skipped" label="Ignored" duration="0.000009" asserts="0">
                      <properties>
                        <property name="_IGNOREREASON" value="Need to move Core and Extension into seperate assemblies . . . " />
                      </properties>
                      <reason>
                        <message><![CDATA[Need to move Core and Extension into seperate assemblies . . . ]]></message>
                      </reason>
                    </test-case>
                    <test-case id="6-1059" name="ResourceFactoryTestBase.DummyTest" fullname="EdFi.Ods.Tests.EdFi.Ods.XmlShredding.ResourceFactories.StudentDisciplineCoveringTests.ResourceFactoryTestBase.DummyTest" methodname="DummyTest" classname="EdFi.Ods.Tests.EdFi.Ods.XmlShredding.ResourceFactories.StudentDisciplineCoveringTests" runstate="Runnable" result="Passed" duration="0.000745" asserts="0">
                      <reason>
                        <message><![CDATA[]]></message>
                      </reason>
                    </test-case>
                  </test-suite>
                  <test-suite type="TestFixture" id="6-1060" name="StudentEnrollmentCoveringTests" fullname="EdFi.Ods.Tests.EdFi.Ods.XmlShredding.ResourceFactories.StudentEnrollmentCoveringTests" classname="EdFi.Ods.Tests.EdFi.Ods.XmlShredding.ResourceFactories.StudentEnrollmentCoveringTests" runstate="Ignored" testcasecount="2" result="Skipped" label="Ignored" duration="0.000737" total="2" passed="0" failed="0" inconclusive="0" skipped="0" asserts="0">
                    <properties>
                      <property name="_IGNOREREASON" value="Test data is location specific" />
                    </properties>
                    <reason>
                      <message><![CDATA[Test data is location specific]]></message>
                    </reason>
                    <test-case id="6-1061" name="Given_GrandBend_Sample_Xml_Should_Generate_All_Resources" fullname="EdFi.Ods.Tests.EdFi.Ods.XmlShredding.ResourceFactories.StudentEnrollmentCoveringTests.Given_GrandBend_Sample_Xml_Should_Generate_All_Resources" methodname="Given_GrandBend_Sample_Xml_Should_Generate_All_Resources" classname="EdFi.Ods.Tests.EdFi.Ods.XmlShredding.ResourceFactories.StudentEnrollmentCoveringTests" runstate="Ignored" result="Skipped" label="Ignored" duration="0.000000" asserts="0">
                      <properties>
                        <property name="_IGNOREREASON" value="Test data is location specific" />
                      </properties>
                      <reason>
                        <message><![CDATA[Test data is location specific]]></message>
                      </reason>
                    </test-case>
                    <test-case id="6-1062" name="ResourceFactoryTestBase.DummyTest" fullname="EdFi.Ods.Tests.EdFi.Ods.XmlShredding.ResourceFactories.StudentEnrollmentCoveringTests.ResourceFactoryTestBase.DummyTest" methodname="DummyTest" classname="EdFi.Ods.Tests.EdFi.Ods.XmlShredding.ResourceFactories.StudentEnrollmentCoveringTests" runstate="Ignored" result="Skipped" label="Ignored" duration="0.000000" asserts="0">
                      <properties>
                        <property name="_IGNOREREASON" value="Test data is location specific" />
                      </properties>
                      <reason>
                        <message><![CDATA[Test data is location specific]]></message>
                      </reason>
                    </test-case>
                  </test-suite>
                  <test-suite type="TestFixture" id="6-1063" name="StudentParentCoveringTests" fullname="EdFi.Ods.Tests.EdFi.Ods.XmlShredding.ResourceFactories.StudentParentCoveringTests" classname="EdFi.Ods.Tests.EdFi.Ods.XmlShredding.ResourceFactories.StudentParentCoveringTests" runstate="Ignored" testcasecount="2" result="Skipped" label="Ignored" duration="0.000767" total="2" passed="0" failed="0" inconclusive="0" skipped="0" asserts="0">
                    <properties>
                      <property name="_IGNOREREASON" value="Test data is location specific" />
                    </properties>
                    <reason>
                      <message><![CDATA[Test data is location specific]]></message>
                    </reason>
                    <test-case id="6-1064" name="Given_Valid_Grand_Bend_Xml_Should_Produce_Valid_Resources_For_Each_Element" fullname="EdFi.Ods.Tests.EdFi.Ods.XmlShredding.ResourceFactories.StudentParentCoveringTests.Given_Valid_Grand_Bend_Xml_Should_Produce_Valid_Resources_For_Each_Element" methodname="Given_Valid_Grand_Bend_Xml_Should_Produce_Valid_Resources_For_Each_Element" classname="EdFi.Ods.Tests.EdFi.Ods.XmlShredding.ResourceFactories.StudentParentCoveringTests" runstate="Ignored" result="Skipped" label="Ignored" duration="0.000000" asserts="0">
                      <properties>
                        <property name="_IGNOREREASON" value="Test data is location specific" />
                      </properties>
                      <reason>
                        <message><![CDATA[Test data is location specific]]></message>
                      </reason>
                    </test-case>
                    <test-case id="6-1065" name="ResourceFactoryTestBase.DummyTest" fullname="EdFi.Ods.Tests.EdFi.Ods.XmlShredding.ResourceFactories.StudentParentCoveringTests.ResourceFactoryTestBase.DummyTest" methodname="DummyTest" classname="EdFi.Ods.Tests.EdFi.Ods.XmlShredding.ResourceFactories.StudentParentCoveringTests" runstate="Ignored" result="Skipped" label="Ignored" duration="0.000000" asserts="0">
                      <properties>
                        <property name="_IGNOREREASON" value="Test data is location specific" />
                      </properties>
                      <reason>
                        <message><![CDATA[Test data is location specific]]></message>
                      </reason>
                    </test-case>
                  </test-suite>
                  <test-suite type="TestFixture" id="6-1066" name="StudentProgramCoveringTests" fullname="EdFi.Ods.Tests.EdFi.Ods.XmlShredding.ResourceFactories.StudentProgramCoveringTests" classname="EdFi.Ods.Tests.EdFi.Ods.XmlShredding.ResourceFactories.StudentProgramCoveringTests" runstate="Ignored" testcasecount="2" result="Skipped" label="Ignored" duration="0.000726" total="2" passed="0" failed="0" inconclusive="0" skipped="0" asserts="0">
                    <properties>
                      <property name="_IGNOREREASON" value="Test data is location specific" />
                    </properties>
                    <reason>
                      <message><![CDATA[Test data is location specific]]></message>
                    </reason>
                    <test-case id="6-1067" name="Given_GrandBend_Sample_Should_Generate_Resources_For_All" fullname="EdFi.Ods.Tests.EdFi.Ods.XmlShredding.ResourceFactories.StudentProgramCoveringTests.Given_GrandBend_Sample_Should_Generate_Resources_For_All" methodname="Given_GrandBend_Sample_Should_Generate_Resources_For_All" classname="EdFi.Ods.Tests.EdFi.Ods.XmlShredding.ResourceFactories.StudentProgramCoveringTests" runstate="Ignored" result="Skipped" label="Ignored" duration="0.000000" asserts="0">
                      <properties>
                        <property name="_IGNOREREASON" value="Test data is location specific" />
                      </properties>
                      <reason>
                        <message><![CDATA[Test data is location specific]]></message>
                      </reason>
                    </test-case>
                    <test-case id="6-1068" name="ResourceFactoryTestBase.DummyTest" fullname="EdFi.Ods.Tests.EdFi.Ods.XmlShredding.ResourceFactories.StudentProgramCoveringTests.ResourceFactoryTestBase.DummyTest" methodname="DummyTest" classname="EdFi.Ods.Tests.EdFi.Ods.XmlShredding.ResourceFactories.StudentProgramCoveringTests" runstate="Ignored" result="Skipped" label="Ignored" duration="0.000000" asserts="0">
                      <properties>
                        <property name="_IGNOREREASON" value="Test data is location specific" />
                      </properties>
                      <reason>
                        <message><![CDATA[Test data is location specific]]></message>
                      </reason>
                    </test-case>
                  </test-suite>
                </test-suite>
                <test-suite type="TestFixture" id="6-1029" name="When_shredding_descriptors_xml_file" fullname="EdFi.Ods.Tests.EdFi.Ods.XmlShredding.When_shredding_descriptors_xml_file" classname="EdFi.Ods.Tests.EdFi.Ods.XmlShredding.When_shredding_descriptors_xml_file" runstate="Runnable" testcasecount="4" result="Passed" duration="0.086865" total="4" passed="0" failed="0" inconclusive="0" skipped="0" asserts="0">
                  <test-case id="6-1031" name="Should_generate_12_discipline_descriptors" fullname="EdFi.Ods.Tests.EdFi.Ods.XmlShredding.When_shredding_descriptors_xml_file.Should_generate_12_discipline_descriptors" methodname="Should_generate_12_discipline_descriptors" classname="EdFi.Ods.Tests.EdFi.Ods.XmlShredding.When_shredding_descriptors_xml_file" runstate="Runnable" result="Passed" duration="0.000783" asserts="0" />
                  <test-case id="6-1030" name="Should_generate_9_course_identification_system_descriptors" fullname="EdFi.Ods.Tests.EdFi.Ods.XmlShredding.When_shredding_descriptors_xml_file.Should_generate_9_course_identification_system_descriptors" methodname="Should_generate_9_course_identification_system_descriptors" classname="EdFi.Ods.Tests.EdFi.Ods.XmlShredding.When_shredding_descriptors_xml_file" runstate="Runnable" result="Passed" duration="0.000662" asserts="0" />
                  <test-case id="6-1032" name="Verify_course_identification_system_descriptor_code04_is_fully_populated" fullname="EdFi.Ods.Tests.EdFi.Ods.XmlShredding.When_shredding_descriptors_xml_file.Verify_course_identification_system_descriptor_code04_is_fully_populated" methodname="Verify_course_identification_system_descriptor_code04_is_fully_populated" classname="EdFi.Ods.Tests.EdFi.Ods.XmlShredding.When_shredding_descriptors_xml_file" runstate="Runnable" result="Passed" duration="0.003672" asserts="0" />
                  <test-case id="6-1033" name="Verify_discipline_descriptor_code01_is_fully_populated" fullname="EdFi.Ods.Tests.EdFi.Ods.XmlShredding.When_shredding_descriptors_xml_file.Verify_discipline_descriptor_code01_is_fully_populated" methodname="Verify_discipline_descriptor_code01_is_fully_populated" classname="EdFi.Ods.Tests.EdFi.Ods.XmlShredding.When_shredding_descriptors_xml_file" runstate="Runnable" result="Passed" duration="0.001744" asserts="0" />
                </test-suite>
              </test-suite>
            </test-suite>
            <test-suite type="Namespace" id="6-3300" name="Security" fullname="EdFi.Ods.Tests.EdFi.Security" runstate="Runnable" testcasecount="34" result="Passed" duration="0.090665" total="34" passed="0" failed="0" inconclusive="0" skipped="0" asserts="0">
              <test-suite type="Namespace" id="6-3301" name="Authorization" fullname="EdFi.Ods.Tests.EdFi.Security.Authorization" runstate="Runnable" testcasecount="24" result="Passed" duration="0.066982" total="24" passed="0" failed="0" inconclusive="0" skipped="0" asserts="0">
                <test-suite type="TestFixture" id="6-1934" name="Feature_building_claims_authorization_segments+When_building_a_single_segment_for_a_claimset_that_has_no_education_organization_identifiers" fullname="EdFi.Ods.Tests.EdFi.Security.Authorization.Feature_building_claims_authorization_segments+When_building_a_single_segment_for_a_claimset_that_has_no_education_organization_identifiers" classname="EdFi.Ods.Tests.EdFi.Security.Authorization.Feature_building_claims_authorization_segments+When_building_a_single_segment_for_a_claimset_that_has_no_education_organization_identifiers" runstate="Runnable" testcasecount="1" result="Passed" duration="0.005442" total="1" passed="0" failed="0" inconclusive="0" skipped="0" asserts="0">
                  <test-case id="6-1935" name="Should_throw_a_security_exception_indicating_there_were_no_claim_values_available" fullname="EdFi.Ods.Tests.EdFi.Security.Authorization.Feature_building_claims_authorization_segments+When_building_a_single_segment_for_a_claimset_that_has_no_education_organization_identifiers.Should_throw_a_security_exception_indicating_there_were_no_claim_values_available" methodname="Should_throw_a_security_exception_indicating_there_were_no_claim_values_available" classname="EdFi.Ods.Tests.EdFi.Security.Authorization.Feature_building_claims_authorization_segments+When_building_a_single_segment_for_a_claimset_that_has_no_education_organization_identifiers" runstate="Runnable" result="Passed" duration="0.000915" asserts="1" />
                </test-suite>
                <test-suite type="TestFixture" id="6-1936" name="Feature_building_claims_authorization_segments+When_building_a_single_segment_for_a_Local_Education_Agency_that_does_not_exist" fullname="EdFi.Ods.Tests.EdFi.Security.Authorization.Feature_building_claims_authorization_segments+When_building_a_single_segment_for_a_Local_Education_Agency_that_does_not_exist" classname="EdFi.Ods.Tests.EdFi.Security.Authorization.Feature_building_claims_authorization_segments+When_building_a_single_segment_for_a_Local_Education_Agency_that_does_not_exist" runstate="Runnable" testcasecount="1" result="Passed" duration="0.002809" total="1" passed="0" failed="0" inconclusive="0" skipped="0" asserts="0">
                  <test-case id="6-1937" name="Should_throw_a_security_exception_indicating_there_were_no_claim_values_available" fullname="EdFi.Ods.Tests.EdFi.Security.Authorization.Feature_building_claims_authorization_segments+When_building_a_single_segment_for_a_Local_Education_Agency_that_does_not_exist.Should_throw_a_security_exception_indicating_there_were_no_claim_values_available" methodname="Should_throw_a_security_exception_indicating_there_were_no_claim_values_available" classname="EdFi.Ods.Tests.EdFi.Security.Authorization.Feature_building_claims_authorization_segments+When_building_a_single_segment_for_a_Local_Education_Agency_that_does_not_exist" runstate="Runnable" result="Passed" duration="0.000319" asserts="1" />
                </test-suite>
                <test-suite type="TestFixture" id="6-1938" name="Feature_building_claims_authorization_segments+When_building_a_single_segment_for_two_Local_Education_Agencies_where_one_exists_and_one_does_not" fullname="EdFi.Ods.Tests.EdFi.Security.Authorization.Feature_building_claims_authorization_segments+When_building_a_single_segment_for_two_Local_Education_Agencies_where_one_exists_and_one_does_not" classname="EdFi.Ods.Tests.EdFi.Security.Authorization.Feature_building_claims_authorization_segments+When_building_a_single_segment_for_two_Local_Education_Agencies_where_one_exists_and_one_does_not" runstate="Runnable" testcasecount="1" result="Passed" duration="0.003822" total="1" passed="0" failed="0" inconclusive="0" skipped="0" asserts="0">
                  <test-case id="6-1939" name="Should_return_a_segment_with_the_existing_LocalEducationAgencyId_as_the_value" fullname="EdFi.Ods.Tests.EdFi.Security.Authorization.Feature_building_claims_authorization_segments+When_building_a_single_segment_for_two_Local_Education_Agencies_where_one_exists_and_one_does_not.Should_return_a_segment_with_the_existing_LocalEducationAgencyId_as_the_value" methodname="Should_return_a_segment_with_the_existing_LocalEducationAgencyId_as_the_value" classname="EdFi.Ods.Tests.EdFi.Security.Authorization.Feature_building_claims_authorization_segments+When_building_a_single_segment_for_two_Local_Education_Agencies_where_one_exists_and_one_does_not" runstate="Runnable" result="Passed" duration="0.001038" asserts="0" />
                </test-suite>
                <test-suite type="TestFixture" id="6-1944" name="Feature_building_claims_authorization_segments+When_building_segments_using_2_calls_with_individual_property_names" fullname="EdFi.Ods.Tests.EdFi.Security.Authorization.Feature_building_claims_authorization_segments+When_building_segments_using_2_calls_with_individual_property_names" classname="EdFi.Ods.Tests.EdFi.Security.Authorization.Feature_building_claims_authorization_segments+When_building_segments_using_2_calls_with_individual_property_names" runstate="Runnable" testcasecount="3" result="Passed" duration="0.006808" total="3" passed="0" failed="0" inconclusive="0" skipped="0" asserts="0">
                  <test-case id="6-1945" name="Should_create_a_segment_for_each_supplied_property_name" fullname="EdFi.Ods.Tests.EdFi.Security.Authorization.Feature_building_claims_authorization_segments+When_building_segments_using_2_calls_with_individual_property_names.Should_create_a_segment_for_each_supplied_property_name" methodname="Should_create_a_segment_for_each_supplied_property_name" classname="EdFi.Ods.Tests.EdFi.Security.Authorization.Feature_building_claims_authorization_segments+When_building_segments_using_2_calls_with_individual_property_names" runstate="Runnable" result="Passed" duration="0.000345" asserts="0" />
                  <test-case id="6-1946" name="Should_create_first_segment_as_a_school_to_the_first_supplied_property_name" fullname="EdFi.Ods.Tests.EdFi.Security.Authorization.Feature_building_claims_authorization_segments+When_building_segments_using_2_calls_with_individual_property_names.Should_create_first_segment_as_a_school_to_the_first_supplied_property_name" methodname="Should_create_first_segment_as_a_school_to_the_first_supplied_property_name" classname="EdFi.Ods.Tests.EdFi.Security.Authorization.Feature_building_claims_authorization_segments+When_building_segments_using_2_calls_with_individual_property_names" runstate="Runnable" result="Passed" duration="0.001165" asserts="0" />
                  <test-case id="6-1947" name="Should_create_second_segment_as_a_school_to_the_second_supplied_property_name" fullname="EdFi.Ods.Tests.EdFi.Security.Authorization.Feature_building_claims_authorization_segments+When_building_segments_using_2_calls_with_individual_property_names.Should_create_second_segment_as_a_school_to_the_second_supplied_property_name" methodname="Should_create_second_segment_as_a_school_to_the_second_supplied_property_name" classname="EdFi.Ods.Tests.EdFi.Security.Authorization.Feature_building_claims_authorization_segments+When_building_segments_using_2_calls_with_individual_property_names" runstate="Runnable" result="Passed" duration="0.000791" asserts="0" />
                </test-suite>
                <test-suite type="TestFixture" id="6-1948" name="Feature_building_claims_authorization_segments+When_building_segments_using_2_calls_with_individual_property_names_and_one_with_an_authorization_path_modifier" fullname="EdFi.Ods.Tests.EdFi.Security.Authorization.Feature_building_claims_authorization_segments+When_building_segments_using_2_calls_with_individual_property_names_and_one_with_an_authorization_path_modifier" classname="EdFi.Ods.Tests.EdFi.Security.Authorization.Feature_building_claims_authorization_segments+When_building_segments_using_2_calls_with_individual_property_names_and_one_with_an_authorization_path_modifier" runstate="Runnable" testcasecount="3" result="Passed" duration="0.005441" total="3" passed="0" failed="0" inconclusive="0" skipped="0" asserts="0">
                  <test-case id="6-1949" name="Should_create_a_segment_for_each_supplied_property_name" fullname="EdFi.Ods.Tests.EdFi.Security.Authorization.Feature_building_claims_authorization_segments+When_building_segments_using_2_calls_with_individual_property_names_and_one_with_an_authorization_path_modifier.Should_create_a_segment_for_each_supplied_property_name" methodname="Should_create_a_segment_for_each_supplied_property_name" classname="EdFi.Ods.Tests.EdFi.Security.Authorization.Feature_building_claims_authorization_segments+When_building_segments_using_2_calls_with_individual_property_names_and_one_with_an_authorization_path_modifier" runstate="Runnable" result="Passed" duration="0.000359" asserts="0" />
                  <test-case id="6-1950" name="Should_create_first_segment_as_a_school_to_the_first_supplied_property_name_with_the_supplied_authorization_path_modifer_intact" fullname="EdFi.Ods.Tests.EdFi.Security.Authorization.Feature_building_claims_authorization_segments+When_building_segments_using_2_calls_with_individual_property_names_and_one_with_an_authorization_path_modifier.Should_create_first_segment_as_a_school_to_the_first_supplied_property_name_with_the_supplied_authorization_path_modifer_intact" methodname="Should_create_first_segment_as_a_school_to_the_first_supplied_property_name_with_the_supplied_authorization_path_modifer_intact" classname="EdFi.Ods.Tests.EdFi.Security.Authorization.Feature_building_claims_authorization_segments+When_building_segments_using_2_calls_with_individual_property_names_and_one_with_an_authorization_path_modifier" runstate="Runnable" result="Passed" duration="0.001520" asserts="0" />
                  <test-case id="6-1951" name="Should_create_second_segment_as_a_school_to_the_second_supplied_property_name_with_no_authorization_path_modifier" fullname="EdFi.Ods.Tests.EdFi.Security.Authorization.Feature_building_claims_authorization_segments+When_building_segments_using_2_calls_with_individual_property_names_and_one_with_an_authorization_path_modifier.Should_create_second_segment_as_a_school_to_the_second_supplied_property_name_with_no_authorization_path_modifier" methodname="Should_create_second_segment_as_a_school_to_the_second_supplied_property_name_with_no_authorization_path_modifier" classname="EdFi.Ods.Tests.EdFi.Security.Authorization.Feature_building_claims_authorization_segments+When_building_segments_using_2_calls_with_individual_property_names_and_one_with_an_authorization_path_modifier" runstate="Runnable" result="Passed" duration="0.000870" asserts="0" />
                </test-suite>
                <test-suite type="TestFixture" id="6-1940" name="Feature_building_claims_authorization_segments+When_building_segments_using_a_string_array_of_2_property_names" fullname="EdFi.Ods.Tests.EdFi.Security.Authorization.Feature_building_claims_authorization_segments+When_building_segments_using_a_string_array_of_2_property_names" classname="EdFi.Ods.Tests.EdFi.Security.Authorization.Feature_building_claims_authorization_segments+When_building_segments_using_a_string_array_of_2_property_names" runstate="Runnable" testcasecount="3" result="Passed" duration="0.004463" total="3" passed="0" failed="0" inconclusive="0" skipped="0" asserts="0">
                  <test-case id="6-1941" name="Should_create_a_segment_for_each_supplied_property_name" fullname="EdFi.Ods.Tests.EdFi.Security.Authorization.Feature_building_claims_authorization_segments+When_building_segments_using_a_string_array_of_2_property_names.Should_create_a_segment_for_each_supplied_property_name" methodname="Should_create_a_segment_for_each_supplied_property_name" classname="EdFi.Ods.Tests.EdFi.Security.Authorization.Feature_building_claims_authorization_segments+When_building_segments_using_a_string_array_of_2_property_names" runstate="Runnable" result="Passed" duration="0.000302" asserts="0" />
                  <test-case id="6-1942" name="Should_create_first_segment_as_a_school_to_the_first_supplied_property_name" fullname="EdFi.Ods.Tests.EdFi.Security.Authorization.Feature_building_claims_authorization_segments+When_building_segments_using_a_string_array_of_2_property_names.Should_create_first_segment_as_a_school_to_the_first_supplied_property_name" methodname="Should_create_first_segment_as_a_school_to_the_first_supplied_property_name" classname="EdFi.Ods.Tests.EdFi.Security.Authorization.Feature_building_claims_authorization_segments+When_building_segments_using_a_string_array_of_2_property_names" runstate="Runnable" result="Passed" duration="0.000883" asserts="0" />
                  <test-case id="6-1943" name="Should_create_second_segment_as_a_school_to_the_second_supplied_property_name" fullname="EdFi.Ods.Tests.EdFi.Security.Authorization.Feature_building_claims_authorization_segments+When_building_segments_using_a_string_array_of_2_property_names.Should_create_second_segment_as_a_school_to_the_second_supplied_property_name" methodname="Should_create_second_segment_as_a_school_to_the_second_supplied_property_name" classname="EdFi.Ods.Tests.EdFi.Security.Authorization.Feature_building_claims_authorization_segments+When_building_segments_using_a_string_array_of_2_property_names" runstate="Runnable" result="Passed" duration="0.000821" asserts="0" />
                </test-suite>
                <test-suite type="TestFixture" id="6-1004" name="When_building_authorization_segments_for_LocalEducationAgency_claims_to_be_associated_with_a_StaffUniqueId_and_a_simple_value_association_rule_for_the_contextual_School_to_be_associated_with_the_StaffUniqueId" fullname="EdFi.Ods.Tests.EdFi.Security.Authorization.When_building_authorization_segments_for_LocalEducationAgency_claims_to_be_associated_with_a_StaffUniqueId_and_a_simple_value_association_rule_for_the_contextual_School_to_be_associated_with_the_StaffUniqueId" classname="EdFi.Ods.Tests.EdFi.Security.Authorization.When_building_authorization_segments_for_LocalEducationAgency_claims_to_be_associated_with_a_StaffUniqueId_and_a_simple_value_association_rule_for_the_contextual_School_to_be_associated_with_the_StaffUniqueId" runstate="Runnable" testcasecount="7" result="Passed" duration="0.018242" total="7" passed="0" failed="0" inconclusive="0" skipped="0" asserts="0">
                  <test-case id="6-1005" name="Should_create_1_claims_authorization_segment" fullname="EdFi.Ods.Tests.EdFi.Security.Authorization.When_building_authorization_segments_for_LocalEducationAgency_claims_to_be_associated_with_a_StaffUniqueId_and_a_simple_value_association_rule_for_the_contextual_School_to_be_associated_with_the_StaffUniqueId.Should_create_1_claims_authorization_segment" methodname="Should_create_1_claims_authorization_segment" classname="EdFi.Ods.Tests.EdFi.Security.Authorization.When_building_authorization_segments_for_LocalEducationAgency_claims_to_be_associated_with_a_StaffUniqueId_and_a_simple_value_association_rule_for_the_contextual_School_to_be_associated_with_the_StaffUniqueId" runstate="Runnable" result="Passed" duration="0.000481" asserts="0" />
                  <test-case id="6-1006" name="Should_create_1_existing_values_authorization_segment" fullname="EdFi.Ods.Tests.EdFi.Security.Authorization.When_building_authorization_segments_for_LocalEducationAgency_claims_to_be_associated_with_a_StaffUniqueId_and_a_simple_value_association_rule_for_the_contextual_School_to_be_associated_with_the_StaffUniqueId.Should_create_1_existing_values_authorization_segment" methodname="Should_create_1_existing_values_authorization_segment" classname="EdFi.Ods.Tests.EdFi.Security.Authorization.When_building_authorization_segments_for_LocalEducationAgency_claims_to_be_associated_with_a_StaffUniqueId_and_a_simple_value_association_rule_for_the_contextual_School_to_be_associated_with_the_StaffUniqueId" runstate="Runnable" result="Passed" duration="0.000418" asserts="0" />
                  <test-case id="6-1011" name="Should_require_the_contextual_SchoolId_to_be_associated_with_the_contextual_StaffUSI" fullname="EdFi.Ods.Tests.EdFi.Security.Authorization.When_building_authorization_segments_for_LocalEducationAgency_claims_to_be_associated_with_a_StaffUniqueId_and_a_simple_value_association_rule_for_the_contextual_School_to_be_associated_with_the_StaffUniqueId.Should_require_the_contextual_SchoolId_to_be_associated_with_the_contextual_StaffUSI" methodname="Should_require_the_contextual_SchoolId_to_be_associated_with_the_contextual_StaffUSI" classname="EdFi.Ods.Tests.EdFi.Security.Authorization.When_building_authorization_segments_for_LocalEducationAgency_claims_to_be_associated_with_a_StaffUniqueId_and_a_simple_value_association_rule_for_the_contextual_School_to_be_associated_with_the_StaffUniqueId" runstate="Runnable" result="Passed" duration="0.001737" asserts="0" />
                  <test-case id="6-1008" name="Should_require_the_StaffUSI_to_be_associated_with_one_of_the_claims_LocalEducationAgencyIds" fullname="EdFi.Ods.Tests.EdFi.Security.Authorization.When_building_authorization_segments_for_LocalEducationAgency_claims_to_be_associated_with_a_StaffUniqueId_and_a_simple_value_association_rule_for_the_contextual_School_to_be_associated_with_the_StaffUniqueId.Should_require_the_StaffUSI_to_be_associated_with_one_of_the_claims_LocalEducationAgencyIds" methodname="Should_require_the_StaffUSI_to_be_associated_with_one_of_the_claims_LocalEducationAgencyIds" classname="EdFi.Ods.Tests.EdFi.Security.Authorization.When_building_authorization_segments_for_LocalEducationAgency_claims_to_be_associated_with_a_StaffUniqueId_and_a_simple_value_association_rule_for_the_contextual_School_to_be_associated_with_the_StaffUniqueId" runstate="Runnable" result="Passed" duration="0.002972" asserts="0" />
                  <test-case id="6-1007" name="Should_return_a_LocalEducationAgency_segment" fullname="EdFi.Ods.Tests.EdFi.Security.Authorization.When_building_authorization_segments_for_LocalEducationAgency_claims_to_be_associated_with_a_StaffUniqueId_and_a_simple_value_association_rule_for_the_contextual_School_to_be_associated_with_the_StaffUniqueId.Should_return_a_LocalEducationAgency_segment" methodname="Should_return_a_LocalEducationAgency_segment" classname="EdFi.Ods.Tests.EdFi.Security.Authorization.When_building_authorization_segments_for_LocalEducationAgency_claims_to_be_associated_with_a_StaffUniqueId_and_a_simple_value_association_rule_for_the_contextual_School_to_be_associated_with_the_StaffUniqueId" runstate="Runnable" result="Passed" duration="0.000255" asserts="0" />
                  <test-case id="6-1010" name="Should_return_a_School_segment" fullname="EdFi.Ods.Tests.EdFi.Security.Authorization.When_building_authorization_segments_for_LocalEducationAgency_claims_to_be_associated_with_a_StaffUniqueId_and_a_simple_value_association_rule_for_the_contextual_School_to_be_associated_with_the_StaffUniqueId.Should_return_a_School_segment" methodname="Should_return_a_School_segment" classname="EdFi.Ods.Tests.EdFi.Security.Authorization.When_building_authorization_segments_for_LocalEducationAgency_claims_to_be_associated_with_a_StaffUniqueId_and_a_simple_value_association_rule_for_the_contextual_School_to_be_associated_with_the_StaffUniqueId" runstate="Runnable" result="Passed" duration="0.000231" asserts="0" />
                  <test-case id="6-1009" name="Should_target_the_StaffUniqueId_by_name_and_contextual_value_in_the_LocalEducationAgency_segment" fullname="EdFi.Ods.Tests.EdFi.Security.Authorization.When_building_authorization_segments_for_LocalEducationAgency_claims_to_be_associated_with_a_StaffUniqueId_and_a_simple_value_association_rule_for_the_contextual_School_to_be_associated_with_the_StaffUniqueId.Should_target_the_StaffUniqueId_by_name_and_contextual_value_in_the_LocalEducationAgency_segment" methodname="Should_target_the_StaffUniqueId_by_name_and_contextual_value_in_the_LocalEducationAgency_segment" classname="EdFi.Ods.Tests.EdFi.Security.Authorization.When_building_authorization_segments_for_LocalEducationAgency_claims_to_be_associated_with_a_StaffUniqueId_and_a_simple_value_association_rule_for_the_contextual_School_to_be_associated_with_the_StaffUniqueId" runstate="Runnable" result="Passed" duration="0.000565" asserts="0" />
                </test-suite>
                <test-suite type="TestFixture" id="6-1012" name="When_building_authorization_segments_for_LocalEducationAgency_claims_to_be_associated_with_a_Student_with_an_alternative_authorization_path" fullname="EdFi.Ods.Tests.EdFi.Security.Authorization.When_building_authorization_segments_for_LocalEducationAgency_claims_to_be_associated_with_a_Student_with_an_alternative_authorization_path" classname="EdFi.Ods.Tests.EdFi.Security.Authorization.When_building_authorization_segments_for_LocalEducationAgency_claims_to_be_associated_with_a_Student_with_an_alternative_authorization_path" runstate="Runnable" testcasecount="5" result="Passed" duration="0.010524" total="5" passed="0" failed="0" inconclusive="0" skipped="0" asserts="0">
                  <test-case id="6-1013" name="Should_create_a_single_claims_authorization_segment" fullname="EdFi.Ods.Tests.EdFi.Security.Authorization.When_building_authorization_segments_for_LocalEducationAgency_claims_to_be_associated_with_a_Student_with_an_alternative_authorization_path.Should_create_a_single_claims_authorization_segment" methodname="Should_create_a_single_claims_authorization_segment" classname="EdFi.Ods.Tests.EdFi.Security.Authorization.When_building_authorization_segments_for_LocalEducationAgency_claims_to_be_associated_with_a_Student_with_an_alternative_authorization_path" runstate="Runnable" result="Passed" duration="0.000286" asserts="0" />
                  <test-case id="6-1015" name="Should_require_the_StudentUSI_to_be_associated_with_one_of_the_claims_LocalEducationAgencyIds" fullname="EdFi.Ods.Tests.EdFi.Security.Authorization.When_building_authorization_segments_for_LocalEducationAgency_claims_to_be_associated_with_a_Student_with_an_alternative_authorization_path.Should_require_the_StudentUSI_to_be_associated_with_one_of_the_claims_LocalEducationAgencyIds" methodname="Should_require_the_StudentUSI_to_be_associated_with_one_of_the_claims_LocalEducationAgencyIds" classname="EdFi.Ods.Tests.EdFi.Security.Authorization.When_building_authorization_segments_for_LocalEducationAgency_claims_to_be_associated_with_a_Student_with_an_alternative_authorization_path" runstate="Runnable" result="Passed" duration="0.001840" asserts="0" />
                  <test-case id="6-1014" name="Should_return_a_LocalEducationAgency_segment" fullname="EdFi.Ods.Tests.EdFi.Security.Authorization.When_building_authorization_segments_for_LocalEducationAgency_claims_to_be_associated_with_a_Student_with_an_alternative_authorization_path.Should_return_a_LocalEducationAgency_segment" methodname="Should_return_a_LocalEducationAgency_segment" classname="EdFi.Ods.Tests.EdFi.Security.Authorization.When_building_authorization_segments_for_LocalEducationAgency_claims_to_be_associated_with_a_Student_with_an_alternative_authorization_path" runstate="Runnable" result="Passed" duration="0.000223" asserts="0" />
                  <test-case id="6-1016" name="Should_target_the_StaffUniqueId_by_name_and_contextual_value_in_the_LocalEducationAgency_segment" fullname="EdFi.Ods.Tests.EdFi.Security.Authorization.When_building_authorization_segments_for_LocalEducationAgency_claims_to_be_associated_with_a_Student_with_an_alternative_authorization_path.Should_target_the_StaffUniqueId_by_name_and_contextual_value_in_the_LocalEducationAgency_segment" methodname="Should_target_the_StaffUniqueId_by_name_and_contextual_value_in_the_LocalEducationAgency_segment" classname="EdFi.Ods.Tests.EdFi.Security.Authorization.When_building_authorization_segments_for_LocalEducationAgency_claims_to_be_associated_with_a_Student_with_an_alternative_authorization_path" runstate="Runnable" result="Passed" duration="0.000585" asserts="0" />
                  <test-case id="6-1017" name="Should_use_authorization_path_modifier_for_authorizing_the_segment" fullname="EdFi.Ods.Tests.EdFi.Security.Authorization.When_building_authorization_segments_for_LocalEducationAgency_claims_to_be_associated_with_a_Student_with_an_alternative_authorization_path.Should_use_authorization_path_modifier_for_authorizing_the_segment" methodname="Should_use_authorization_path_modifier_for_authorizing_the_segment" classname="EdFi.Ods.Tests.EdFi.Security.Authorization.When_building_authorization_segments_for_LocalEducationAgency_claims_to_be_associated_with_a_Student_with_an_alternative_authorization_path" runstate="Runnable" result="Passed" duration="0.000256" asserts="1" />
                </test-suite>
              </test-suite>
              <test-suite type="TestFixture" id="6-1923" name="AuthorizationContextStorageTests+When_calling_the_VerifyContextSet_method_with_a_valid_context" fullname="EdFi.Ods.Tests.EdFi.Security.AuthorizationContextStorageTests+When_calling_the_VerifyContextSet_method_with_a_valid_context" classname="EdFi.Ods.Tests.EdFi.Security.AuthorizationContextStorageTests+When_calling_the_VerifyContextSet_method_with_a_valid_context" runstate="Runnable" testcasecount="1" result="Passed" duration="0.001434" total="1" passed="0" failed="0" inconclusive="0" skipped="0" asserts="0">
                <test-case id="6-1924" name="Should_not_throw_an_AuthorizationContextException" fullname="EdFi.Ods.Tests.EdFi.Security.AuthorizationContextStorageTests+When_calling_the_VerifyContextSet_method_with_a_valid_context.Should_not_throw_an_AuthorizationContextException" methodname="Should_not_throw_an_AuthorizationContextException" classname="EdFi.Ods.Tests.EdFi.Security.AuthorizationContextStorageTests+When_calling_the_VerifyContextSet_method_with_a_valid_context" runstate="Runnable" result="Passed" duration="0.000933" asserts="0" />
              </test-suite>
              <test-suite type="TestFixture" id="6-1919" name="AuthorizationContextStorageTests+When_calling_the_VerifyContextSet_method_with_no_action_stored_in_the_current_context" fullname="EdFi.Ods.Tests.EdFi.Security.AuthorizationContextStorageTests+When_calling_the_VerifyContextSet_method_with_no_action_stored_in_the_current_context" classname="EdFi.Ods.Tests.EdFi.Security.AuthorizationContextStorageTests+When_calling_the_VerifyContextSet_method_with_no_action_stored_in_the_current_context" runstate="Runnable" testcasecount="1" result="Passed" duration="0.002835" total="1" passed="0" failed="0" inconclusive="0" skipped="0" asserts="0">
                <test-case id="6-1920" name="Should_throw_an_AuthorizationContextException_with_action_in_the_message" fullname="EdFi.Ods.Tests.EdFi.Security.AuthorizationContextStorageTests+When_calling_the_VerifyContextSet_method_with_no_action_stored_in_the_current_context.Should_throw_an_AuthorizationContextException_with_action_in_the_message" methodname="Should_throw_an_AuthorizationContextException_with_action_in_the_message" classname="EdFi.Ods.Tests.EdFi.Security.AuthorizationContextStorageTests+When_calling_the_VerifyContextSet_method_with_no_action_stored_in_the_current_context" runstate="Runnable" result="Passed" duration="0.002388" asserts="1" />
              </test-suite>
              <test-suite type="TestFixture" id="6-1921" name="AuthorizationContextStorageTests+When_calling_the_VerifyContextSet_method_with_no_resource_stored_in_the_current_context" fullname="EdFi.Ods.Tests.EdFi.Security.AuthorizationContextStorageTests+When_calling_the_VerifyContextSet_method_with_no_resource_stored_in_the_current_context" classname="EdFi.Ods.Tests.EdFi.Security.AuthorizationContextStorageTests+When_calling_the_VerifyContextSet_method_with_no_resource_stored_in_the_current_context" runstate="Runnable" testcasecount="1" result="Passed" duration="0.002123" total="1" passed="0" failed="0" inconclusive="0" skipped="0" asserts="0">
                <test-case id="6-1922" name="Should_throw_an_AuthorizationContextException_with_action_in_the_message" fullname="EdFi.Ods.Tests.EdFi.Security.AuthorizationContextStorageTests+When_calling_the_VerifyContextSet_method_with_no_resource_stored_in_the_current_context.Should_throw_an_AuthorizationContextException_with_action_in_the_message" methodname="Should_throw_an_AuthorizationContextException_with_action_in_the_message" classname="EdFi.Ods.Tests.EdFi.Security.AuthorizationContextStorageTests+When_calling_the_VerifyContextSet_method_with_no_resource_stored_in_the_current_context" runstate="Runnable" result="Passed" duration="0.001633" asserts="1" />
              </test-suite>
              <test-suite type="Namespace" id="6-3374" name="Claims" fullname="EdFi.Ods.Tests.EdFi.Security.Claims" runstate="Runnable" testcasecount="7" result="Passed" duration="0.010833" total="7" passed="0" failed="0" inconclusive="0" skipped="0" asserts="0">
                <test-suite type="TestFixture" id="6-1930" name="JsonClaimHelperTests+When_deserializing_from_a_Json_claim_to_EdFiClaimValue" fullname="EdFi.Ods.Tests.EdFi.Security.Claims.JsonClaimHelperTests+When_deserializing_from_a_Json_claim_to_EdFiClaimValue" classname="EdFi.Ods.Tests.EdFi.Security.Claims.JsonClaimHelperTests+When_deserializing_from_a_Json_claim_to_EdFiClaimValue" runstate="Runnable" testcasecount="3" result="Passed" duration="0.004581" total="3" passed="0" failed="0" inconclusive="0" skipped="0" asserts="0">
                  <test-case id="6-1933" name="Should_create_a_EdFiClaimValue" fullname="EdFi.Ods.Tests.EdFi.Security.Claims.JsonClaimHelperTests+When_deserializing_from_a_Json_claim_to_EdFiClaimValue.Should_create_a_EdFiClaimValue" methodname="Should_create_a_EdFiClaimValue" classname="EdFi.Ods.Tests.EdFi.Security.Claims.JsonClaimHelperTests+When_deserializing_from_a_Json_claim_to_EdFiClaimValue" runstate="Runnable" result="Passed" duration="0.001170" asserts="0" />
                  <test-case id="6-1932" name="Should_create_a_EdFiClaimValue_when_only_action_is_supplied" fullname="EdFi.Ods.Tests.EdFi.Security.Claims.JsonClaimHelperTests+When_deserializing_from_a_Json_claim_to_EdFiClaimValue.Should_create_a_EdFiClaimValue_when_only_action_is_supplied" methodname="Should_create_a_EdFiClaimValue_when_only_action_is_supplied" classname="EdFi.Ods.Tests.EdFi.Security.Claims.JsonClaimHelperTests+When_deserializing_from_a_Json_claim_to_EdFiClaimValue" runstate="Runnable" result="Passed" duration="0.000723" asserts="0" />
                  <test-case id="6-1931" name="Should_have_no_errors" fullname="EdFi.Ods.Tests.EdFi.Security.Claims.JsonClaimHelperTests+When_deserializing_from_a_Json_claim_to_EdFiClaimValue.Should_have_no_errors" methodname="Should_have_no_errors" classname="EdFi.Ods.Tests.EdFi.Security.Claims.JsonClaimHelperTests+When_deserializing_from_a_Json_claim_to_EdFiClaimValue" runstate="Runnable" result="Passed" duration="0.000621" asserts="0" />
                </test-suite>
                <test-suite type="TestFixture" id="6-1925" name="JsonClaimHelperTests+When_serializing_from_EdFiClaimValue_to_Json_claim" fullname="EdFi.Ods.Tests.EdFi.Security.Claims.JsonClaimHelperTests+When_serializing_from_EdFiClaimValue_to_Json_claim" classname="EdFi.Ods.Tests.EdFi.Security.Claims.JsonClaimHelperTests+When_serializing_from_EdFiClaimValue_to_Json_claim" runstate="Runnable" testcasecount="4" result="Passed" duration="0.004940" total="4" passed="0" failed="0" inconclusive="0" skipped="0" asserts="0">
                  <test-case id="6-1929" name="Should_create_claim_when_suppling_all_parameters" fullname="EdFi.Ods.Tests.EdFi.Security.Claims.JsonClaimHelperTests+When_serializing_from_EdFiClaimValue_to_Json_claim.Should_create_claim_when_suppling_all_parameters" methodname="Should_create_claim_when_suppling_all_parameters" classname="EdFi.Ods.Tests.EdFi.Security.Claims.JsonClaimHelperTests+When_serializing_from_EdFiClaimValue_to_Json_claim" runstate="Runnable" result="Passed" duration="0.000819" asserts="0" />
                  <test-case id="6-1927" name="Should_create_claim_when_suppling_only_the_action" fullname="EdFi.Ods.Tests.EdFi.Security.Claims.JsonClaimHelperTests+When_serializing_from_EdFiClaimValue_to_Json_claim.Should_create_claim_when_suppling_only_the_action" methodname="Should_create_claim_when_suppling_only_the_action" classname="EdFi.Ods.Tests.EdFi.Security.Claims.JsonClaimHelperTests+When_serializing_from_EdFiClaimValue_to_Json_claim" runstate="Runnable" result="Passed" duration="0.000614" asserts="0" />
                  <test-case id="6-1928" name="Should_have_no_errors" fullname="EdFi.Ods.Tests.EdFi.Security.Claims.JsonClaimHelperTests+When_serializing_from_EdFiClaimValue_to_Json_claim.Should_have_no_errors" methodname="Should_have_no_errors" classname="EdFi.Ods.Tests.EdFi.Security.Claims.JsonClaimHelperTests+When_serializing_from_EdFiClaimValue_to_Json_claim" runstate="Runnable" result="Passed" duration="0.000671" asserts="0" />
                  <test-case id="6-1926" name="Should_have_no_errors_when_suppling_only_the_action" fullname="EdFi.Ods.Tests.EdFi.Security.Claims.JsonClaimHelperTests+When_serializing_from_EdFiClaimValue_to_Json_claim.Should_have_no_errors_when_suppling_only_the_action" methodname="Should_have_no_errors_when_suppling_only_the_action" classname="EdFi.Ods.Tests.EdFi.Security.Claims.JsonClaimHelperTests+When_serializing_from_EdFiClaimValue_to_Json_claim" runstate="Runnable" result="Passed" duration="0.000508" asserts="0" />
                </test-suite>
              </test-suite>
            </test-suite>
          </test-suite>
          <test-suite type="TestFixture" id="6-1000" name="UtilityTest" fullname="EdFi.Ods.Tests.UtilityTest" classname="EdFi.Ods.Tests.UtilityTest" runstate="Runnable" testcasecount="1" result="Inconclusive" duration="0.000535" total="1" passed="0" failed="0" inconclusive="0" skipped="0" asserts="0">
            <test-case id="6-1001" name="FindConflictingReferences" fullname="EdFi.Ods.Tests.UtilityTest.FindConflictingReferences" methodname="FindConflictingReferences" classname="EdFi.Ods.Tests.UtilityTest" runstate="Ignored" result="Skipped" label="Ignored" duration="0.000015" asserts="0">
              <properties>
                <property name="_IGNOREREASON" value="" />
              </properties>
              <reason>
                <message><![CDATA[]]></message>
              </reason>
            </test-case>
          </test-suite>
        </test-suite>
      </test-suite>
    </test-suite>
  </test-suite>
  <test-suite type="Assembly" id="7-1426" name="D:\Projects\Ed-Fi-Alliance\Ed-Fi-ODS\Application\EdFi.Ods.WebService.Tests\bin\Release\EdFi.Ods.WebService.Tests.dll" fullname="D:\Projects\Ed-Fi-Alliance\Ed-Fi-ODS\Application\EdFi.Ods.WebService.Tests\bin\Release\EdFi.Ods.WebService.Tests.dll" runstate="Runnable" testcasecount="332" result="Failed" duration="1451.784300" total="332" passed="0" failed="0" inconclusive="0" skipped="0" asserts="0" site="Child">
    <properties>
      <property name="_PID" value="25284" />
      <property name="_APPDOMAIN" value="domain-749b492-EdFi.Ods.WebService.Tests.dll" />
    </properties>
    <failure>
      <message><![CDATA[One or more child tests had errors]]></message>
    </failure>
    <test-suite type="Namespace" id="7-1427" name="EdFi" fullname="EdFi" runstate="Runnable" testcasecount="332" result="Failed" duration="1451.773322" total="332" passed="0" failed="0" inconclusive="0" skipped="0" asserts="0" site="Child">
      <failure>
        <message><![CDATA[One or more child tests had errors]]></message>
      </failure>
      <test-suite type="Namespace" id="7-1428" name="Ods" fullname="EdFi.Ods" runstate="Runnable" testcasecount="332" result="Failed" duration="1451.772959" total="332" passed="0" failed="0" inconclusive="0" skipped="0" asserts="0" site="Child">
        <failure>
          <message><![CDATA[One or more child tests had errors]]></message>
        </failure>
        <test-suite type="Namespace" id="7-1429" name="WebService" fullname="EdFi.Ods.WebService" runstate="Runnable" testcasecount="332" result="Failed" duration="1451.772598" total="332" passed="0" failed="0" inconclusive="0" skipped="0" asserts="0" site="TearDown">
          <failure>
            <message><![CDATA[One or more child tests had errors]]></message>
          </failure>
          <test-suite type="SetUpFixture" id="7-1000" name="Tests" fullname="EdFi.Ods.WebService.Tests.GlobalDatabaseSetupFixture" classname="EdFi.Ods.WebService.Tests.GlobalDatabaseSetupFixture" runstate="Runnable" testcasecount="332" result="Failed" duration="1451.771750" total="332" passed="0" failed="0" inconclusive="0" skipped="0" asserts="0">
            <failure>
              <message><![CDATA[ALTER DATABASE is not permitted while a database is in the Restoring state.
ALTER DATABASE statement failed.]]></message>
              <stack-trace><![CDATA[   at System.Data.SqlClient.SqlConnection.OnError(SqlException exception, Boolean breakConnection, Action`1 wrapCloseInAction)
   at System.Data.SqlClient.TdsParser.ThrowExceptionAndWarning(TdsParserStateObject stateObj, Boolean callerHasConnectionLock, Boolean asyncClose)
   at System.Data.SqlClient.TdsParser.TryRun(RunBehavior runBehavior, SqlCommand cmdHandler, SqlDataReader dataStream, BulkCopySimpleResultSet bulkCopyHandler, TdsParserStateObject stateObj, Boolean& dataReady)
   at System.Data.SqlClient.SqlCommand.RunExecuteNonQueryTds(String methodName, Boolean async, Int32 timeout, Boolean asyncWrite)
   at System.Data.SqlClient.SqlCommand.InternalExecuteNonQuery(TaskCompletionSource`1 completion, String methodName, Boolean sendToPipe, Int32 timeout, Boolean& usedCache, Boolean asyncWrite, Boolean inRetry)
   at System.Data.SqlClient.SqlCommand.ExecuteNonQuery()
   at Test.Common.DatabaseHelper.DropDatabase(String databaseName) in D:\Projects\Ed-Fi-Alliance\Ed-Fi-ODS\Application\Test.Common\DatabaseHelper.cs:line 90
   at Test.Common.DatabaseHelper.DropMatchingDatabases(String databaseNamePattern) in D:\Projects\Ed-Fi-Alliance\Ed-Fi-ODS\Application\Test.Common\DatabaseHelper.cs:line 116]]></stack-trace>
            </failure>
            <test-suite type="Namespace" id="7-1435" name="AuthorizationTests" fullname="EdFi.Ods.WebService.Tests.AuthorizationTests" runstate="Runnable" testcasecount="50" result="Passed" duration="364.578823" total="50" passed="0" failed="0" inconclusive="0" skipped="0" asserts="0">
              <test-suite type="TestFixture" id="7-1133" name="AssessmentAuthorizationTests" fullname="EdFi.Ods.WebService.Tests.AuthorizationTests.AssessmentAuthorizationTests" classname="EdFi.Ods.WebService.Tests.AuthorizationTests.AssessmentAuthorizationTests" runstate="Runnable" testcasecount="2" result="Passed" duration="24.233167" total="2" passed="0" failed="0" inconclusive="0" skipped="0" asserts="0">
                <test-case id="7-1135" name="Creating_an_assessment_with_a_valid_namespace_should_succeed" fullname="EdFi.Ods.WebService.Tests.AuthorizationTests.AssessmentAuthorizationTests.Creating_an_assessment_with_a_valid_namespace_should_succeed" methodname="Creating_an_assessment_with_a_valid_namespace_should_succeed" classname="EdFi.Ods.WebService.Tests.AuthorizationTests.AssessmentAuthorizationTests" runstate="Runnable" result="Passed" duration="19.042353" asserts="1" />
                <test-case id="7-1134" name="Creating_an_assessment_with_an_invalid_namespace_should_fail" fullname="EdFi.Ods.WebService.Tests.AuthorizationTests.AssessmentAuthorizationTests.Creating_an_assessment_with_an_invalid_namespace_should_fail" methodname="Creating_an_assessment_with_an_invalid_namespace_should_fail" classname="EdFi.Ods.WebService.Tests.AuthorizationTests.AssessmentAuthorizationTests" runstate="Runnable" result="Passed" duration="5.141830" asserts="2" />
              </test-suite>
              <test-suite type="TestFixture" id="7-1136" name="GetAllAuthorizationTests" fullname="EdFi.Ods.WebService.Tests.AuthorizationTests.GetAllAuthorizationTests" classname="EdFi.Ods.WebService.Tests.AuthorizationTests.GetAllAuthorizationTests" runstate="Runnable" testcasecount="6" result="Passed" duration="26.621296" total="6" passed="0" failed="0" inconclusive="0" skipped="0" asserts="0">
                <test-case id="7-1138" name="GetAll_Assessment_ShouldUseNHibernateFilters" fullname="EdFi.Ods.WebService.Tests.AuthorizationTests.GetAllAuthorizationTests.GetAll_Assessment_ShouldUseNHibernateFilters" methodname="GetAll_Assessment_ShouldUseNHibernateFilters" classname="EdFi.Ods.WebService.Tests.AuthorizationTests.GetAllAuthorizationTests" runstate="Runnable" result="Passed" duration="6.113400" asserts="0" />
                <test-case id="7-1139" name="GetAll_AssessmentItem_ShouldUseNHibernateFilters" fullname="EdFi.Ods.WebService.Tests.AuthorizationTests.GetAllAuthorizationTests.GetAll_AssessmentItem_ShouldUseNHibernateFilters" methodname="GetAll_AssessmentItem_ShouldUseNHibernateFilters" classname="EdFi.Ods.WebService.Tests.AuthorizationTests.GetAllAuthorizationTests" runstate="Runnable" result="Passed" duration="4.209906" asserts="0" />
                <test-case id="7-1137" name="GetAll_Descriptors_ShouldUseNHibernateFilters" fullname="EdFi.Ods.WebService.Tests.AuthorizationTests.GetAllAuthorizationTests.GetAll_Descriptors_ShouldUseNHibernateFilters" methodname="GetAll_Descriptors_ShouldUseNHibernateFilters" classname="EdFi.Ods.WebService.Tests.AuthorizationTests.GetAllAuthorizationTests" runstate="Runnable" result="Passed" duration="4.026426" asserts="0" />
                <test-case id="7-1142" name="GetAll_GradebookEntry_ShouldUseNHibernateFilters" fullname="EdFi.Ods.WebService.Tests.AuthorizationTests.GetAllAuthorizationTests.GetAll_GradebookEntry_ShouldUseNHibernateFilters" methodname="GetAll_GradebookEntry_ShouldUseNHibernateFilters" classname="EdFi.Ods.WebService.Tests.AuthorizationTests.GetAllAuthorizationTests" runstate="Runnable" result="Passed" duration="4.309761" asserts="0" />
                <test-case id="7-1140" name="GetAll_ObjectiveAssessment_ShouldUseNHibernateFilters" fullname="EdFi.Ods.WebService.Tests.AuthorizationTests.GetAllAuthorizationTests.GetAll_ObjectiveAssessment_ShouldUseNHibernateFilters" methodname="GetAll_ObjectiveAssessment_ShouldUseNHibernateFilters" classname="EdFi.Ods.WebService.Tests.AuthorizationTests.GetAllAuthorizationTests" runstate="Runnable" result="Passed" duration="3.837870" asserts="0" />
                <test-case id="7-1141" name="GetAll_StudentAssessment_ShouldUseNHibernateFilters" fullname="EdFi.Ods.WebService.Tests.AuthorizationTests.GetAllAuthorizationTests.GetAll_StudentAssessment_ShouldUseNHibernateFilters" methodname="GetAll_StudentAssessment_ShouldUseNHibernateFilters" classname="EdFi.Ods.WebService.Tests.AuthorizationTests.GetAllAuthorizationTests" runstate="Runnable" result="Passed" duration="4.118786" asserts="0" />
              </test-suite>
              <test-suite type="TestFixture" id="7-1143" name="NamespaceBasedAuthorizationTests" fullname="EdFi.Ods.WebService.Tests.AuthorizationTests.NamespaceBasedAuthorizationTests" classname="EdFi.Ods.WebService.Tests.AuthorizationTests.NamespaceBasedAuthorizationTests" runstate="Runnable" testcasecount="2" result="Passed" duration="8.554307" total="2" passed="0" failed="0" inconclusive="0" skipped="0" asserts="0">
                <test-case id="7-1144" name="Create_Fail" fullname="EdFi.Ods.WebService.Tests.AuthorizationTests.NamespaceBasedAuthorizationTests.Create_Fail" methodname="Create_Fail" classname="EdFi.Ods.WebService.Tests.AuthorizationTests.NamespaceBasedAuthorizationTests" runstate="Runnable" result="Passed" duration="4.303385" asserts="0" />
                <test-case id="7-1145" name="Create_Success" fullname="EdFi.Ods.WebService.Tests.AuthorizationTests.NamespaceBasedAuthorizationTests.Create_Success" methodname="Create_Success" classname="EdFi.Ods.WebService.Tests.AuthorizationTests.NamespaceBasedAuthorizationTests" runstate="Runnable" result="Passed" duration="4.249549" asserts="0" />
              </test-suite>
              <test-suite type="TestFixture" id="7-1155" name="ParentAuthorizationGetTests" fullname="EdFi.Ods.WebService.Tests.AuthorizationTests.ParentAuthorizationGetTests" classname="EdFi.Ods.WebService.Tests.AuthorizationTests.ParentAuthorizationGetTests" runstate="Runnable" testcasecount="3" result="Passed" duration="35.356743" total="3" passed="0" failed="0" inconclusive="0" skipped="0" asserts="0">
                <test-case id="7-1156" name="When_getting_all_parents_should_return_only_authorized_parents" fullname="EdFi.Ods.WebService.Tests.AuthorizationTests.ParentAuthorizationGetTests.When_getting_all_parents_should_return_only_authorized_parents" methodname="When_getting_all_parents_should_return_only_authorized_parents" classname="EdFi.Ods.WebService.Tests.AuthorizationTests.ParentAuthorizationGetTests" runstate="Runnable" result="Passed" duration="10.334824" asserts="0" />
                <test-case id="7-1158" name="When_getting_parent_by_example_should_return_200_and_parent_when_authorized" fullname="EdFi.Ods.WebService.Tests.AuthorizationTests.ParentAuthorizationGetTests.When_getting_parent_by_example_should_return_200_and_parent_when_authorized" methodname="When_getting_parent_by_example_should_return_200_and_parent_when_authorized" classname="EdFi.Ods.WebService.Tests.AuthorizationTests.ParentAuthorizationGetTests" runstate="Runnable" result="Passed" duration="8.239231" asserts="0" />
                <test-case id="7-1157" name="When_getting_parent_by_id_should_return_200_when_authorized" fullname="EdFi.Ods.WebService.Tests.AuthorizationTests.ParentAuthorizationGetTests.When_getting_parent_by_id_should_return_200_when_authorized" methodname="When_getting_parent_by_id_should_return_200_when_authorized" classname="EdFi.Ods.WebService.Tests.AuthorizationTests.ParentAuthorizationGetTests" runstate="Runnable" result="Passed" duration="8.630938" asserts="0" />
              </test-suite>
              <test-suite type="TestFixture" id="7-1146" name="ParentAuthorizationTests" fullname="EdFi.Ods.WebService.Tests.AuthorizationTests.ParentAuthorizationTests" classname="EdFi.Ods.WebService.Tests.AuthorizationTests.ParentAuthorizationTests" runstate="Runnable" testcasecount="8" result="Passed" duration="52.395740" total="8" passed="0" failed="0" inconclusive="0" skipped="0" asserts="0">
                <test-case id="7-1152" name="When_associating_a_parent_not_related_to_vendors_leas_should_fail_with_403_forbidden" fullname="EdFi.Ods.WebService.Tests.AuthorizationTests.ParentAuthorizationTests.When_associating_a_parent_not_related_to_vendors_leas_should_fail_with_403_forbidden" methodname="When_associating_a_parent_not_related_to_vendors_leas_should_fail_with_403_forbidden" classname="EdFi.Ods.WebService.Tests.AuthorizationTests.ParentAuthorizationTests" runstate="Runnable" result="Passed" duration="9.275611" asserts="0" />
                <test-case id="7-1153" name="When_associating_a_parent_related_to_vendors_leas_should_return_201_created" fullname="EdFi.Ods.WebService.Tests.AuthorizationTests.ParentAuthorizationTests.When_associating_a_parent_related_to_vendors_leas_should_return_201_created" methodname="When_associating_a_parent_related_to_vendors_leas_should_return_201_created" classname="EdFi.Ods.WebService.Tests.AuthorizationTests.ParentAuthorizationTests" runstate="Runnable" result="Passed" duration="4.084727" asserts="0" />
                <test-case id="7-1147" name="When_creating_a_parent_Should_return_201_created" fullname="EdFi.Ods.WebService.Tests.AuthorizationTests.ParentAuthorizationTests.When_creating_a_parent_Should_return_201_created" methodname="When_creating_a_parent_Should_return_201_created" classname="EdFi.Ods.WebService.Tests.AuthorizationTests.ParentAuthorizationTests" runstate="Runnable" result="Passed" duration="4.332314" asserts="0" />
                <test-case id="7-1151" name="When_deleting_a_parent_in_use_should_return_409_conflict" fullname="EdFi.Ods.WebService.Tests.AuthorizationTests.ParentAuthorizationTests.When_deleting_a_parent_in_use_should_return_409_conflict" methodname="When_deleting_a_parent_in_use_should_return_409_conflict" classname="EdFi.Ods.WebService.Tests.AuthorizationTests.ParentAuthorizationTests" runstate="Runnable" result="Passed" duration="3.889433" asserts="0" />
                <test-case id="7-1150" name="When_deleting_an_unused_parent_should_return_204_nocontent" fullname="EdFi.Ods.WebService.Tests.AuthorizationTests.ParentAuthorizationTests.When_deleting_an_unused_parent_should_return_204_nocontent" methodname="When_deleting_an_unused_parent_should_return_204_nocontent" classname="EdFi.Ods.WebService.Tests.AuthorizationTests.ParentAuthorizationTests" runstate="Runnable" result="Passed" duration="4.344751" asserts="0" />
                <test-case id="7-1154" name="When_deleting_data_for_unrelated_parent_should_fail_with_409_Conflict" fullname="EdFi.Ods.WebService.Tests.AuthorizationTests.ParentAuthorizationTests.When_deleting_data_for_unrelated_parent_should_fail_with_409_Conflict" methodname="When_deleting_data_for_unrelated_parent_should_fail_with_409_Conflict" classname="EdFi.Ods.WebService.Tests.AuthorizationTests.ParentAuthorizationTests" runstate="Runnable" result="Passed" duration="6.960889" asserts="0" />
                <test-case id="7-1148" name="When_updating_an_associated_parent_should_succeed" fullname="EdFi.Ods.WebService.Tests.AuthorizationTests.ParentAuthorizationTests.When_updating_an_associated_parent_should_succeed" methodname="When_updating_an_associated_parent_should_succeed" classname="EdFi.Ods.WebService.Tests.AuthorizationTests.ParentAuthorizationTests" runstate="Runnable" result="Passed" duration="3.821835" asserts="0" />
                <test-case id="7-1149" name="When_updating_an_unassociated_parent_should_fail_with_403_forbidden" fullname="EdFi.Ods.WebService.Tests.AuthorizationTests.ParentAuthorizationTests.When_updating_an_unassociated_parent_should_fail_with_403_forbidden" methodname="When_updating_an_unassociated_parent_should_fail_with_403_forbidden" classname="EdFi.Ods.WebService.Tests.AuthorizationTests.ParentAuthorizationTests" runstate="Runnable" result="Passed" duration="7.591266" asserts="0" />
              </test-suite>
              <test-suite type="TestFixture" id="7-1159" name="ProgramAuthorizationTests" fullname="EdFi.Ods.WebService.Tests.AuthorizationTests.ProgramAuthorizationTests" classname="EdFi.Ods.WebService.Tests.AuthorizationTests.ProgramAuthorizationTests" runstate="Runnable" testcasecount="4" result="Passed" duration="24.085128" total="4" passed="0" failed="0" inconclusive="0" skipped="0" asserts="0">
                <test-case id="7-1161" name="When_creating_a_program_not_related_to_vendors_lea_should_fail_with_404_not_found" fullname="EdFi.Ods.WebService.Tests.AuthorizationTests.ProgramAuthorizationTests.When_creating_a_program_not_related_to_vendors_lea_should_fail_with_404_not_found" methodname="When_creating_a_program_not_related_to_vendors_lea_should_fail_with_404_not_found" classname="EdFi.Ods.WebService.Tests.AuthorizationTests.ProgramAuthorizationTests" runstate="Runnable" result="Passed" duration="4.826880" asserts="0" />
                <test-case id="7-1160" name="When_creating_a_program_Should_return_201_created" fullname="EdFi.Ods.WebService.Tests.AuthorizationTests.ProgramAuthorizationTests.When_creating_a_program_Should_return_201_created" methodname="When_creating_a_program_Should_return_201_created" classname="EdFi.Ods.WebService.Tests.AuthorizationTests.ProgramAuthorizationTests" runstate="Runnable" result="Passed" duration="3.610031" asserts="0" />
                <test-case id="7-1162" name="When_deleting_an_unused_program_should_return_204_nocontent" fullname="EdFi.Ods.WebService.Tests.AuthorizationTests.ProgramAuthorizationTests.When_deleting_an_unused_program_should_return_204_nocontent" methodname="When_deleting_an_unused_program_should_return_204_nocontent" classname="EdFi.Ods.WebService.Tests.AuthorizationTests.ProgramAuthorizationTests" runstate="Runnable" result="Passed" duration="3.924700" asserts="0" />
                <test-case id="7-1163" name="When_deleting_non_existant_program_should_fail_with_404_not_found" fullname="EdFi.Ods.WebService.Tests.AuthorizationTests.ProgramAuthorizationTests.When_deleting_non_existant_program_should_fail_with_404_not_found" methodname="When_deleting_non_existant_program_should_fail_with_404_not_found" classname="EdFi.Ods.WebService.Tests.AuthorizationTests.ProgramAuthorizationTests" runstate="Runnable" result="Passed" duration="3.618235" asserts="0" />
              </test-suite>
              <test-suite type="TestFixture" id="7-1164" name="ProgramGetAuthorizationTests" fullname="EdFi.Ods.WebService.Tests.AuthorizationTests.ProgramGetAuthorizationTests" classname="EdFi.Ods.WebService.Tests.AuthorizationTests.ProgramGetAuthorizationTests" runstate="Runnable" testcasecount="4" result="Passed" duration="38.686717" total="4" passed="0" failed="0" inconclusive="0" skipped="0" asserts="0">
                <test-case id="7-1165" name="When_getting_all_programs_should_return_only_authorized_programs" fullname="EdFi.Ods.WebService.Tests.AuthorizationTests.ProgramGetAuthorizationTests.When_getting_all_programs_should_return_only_authorized_programs" methodname="When_getting_all_programs_should_return_only_authorized_programs" classname="EdFi.Ods.WebService.Tests.AuthorizationTests.ProgramGetAuthorizationTests" runstate="Runnable" result="Passed" duration="8.116690" asserts="0" />
                <test-case id="7-1168" name="When_getting_program_by_example_should_return_200_and_program_when_authorized" fullname="EdFi.Ods.WebService.Tests.AuthorizationTests.ProgramGetAuthorizationTests.When_getting_program_by_example_should_return_200_and_program_when_authorized" methodname="When_getting_program_by_example_should_return_200_and_program_when_authorized" classname="EdFi.Ods.WebService.Tests.AuthorizationTests.ProgramGetAuthorizationTests" runstate="Runnable" result="Passed" duration="8.230455" asserts="0" />
                <test-case id="7-1166" name="When_getting_program_by_id_should_return_200_for_authorized_resource" fullname="EdFi.Ods.WebService.Tests.AuthorizationTests.ProgramGetAuthorizationTests.When_getting_program_by_id_should_return_200_for_authorized_resource" methodname="When_getting_program_by_id_should_return_200_for_authorized_resource" classname="EdFi.Ods.WebService.Tests.AuthorizationTests.ProgramGetAuthorizationTests" runstate="Runnable" result="Passed" duration="7.136905" asserts="0" />
                <test-case id="7-1167" name="When_getting_program_by_key_should_return_200_for_authorized_resource" fullname="EdFi.Ods.WebService.Tests.AuthorizationTests.ProgramGetAuthorizationTests.When_getting_program_by_key_should_return_200_for_authorized_resource" methodname="When_getting_program_by_key_should_return_200_for_authorized_resource" classname="EdFi.Ods.WebService.Tests.AuthorizationTests.ProgramGetAuthorizationTests" runstate="Runnable" result="Passed" duration="7.076246" asserts="0" />
              </test-suite>
              <test-suite type="TestFixture" id="7-1177" name="StaffAuthorizationGetTests" fullname="EdFi.Ods.WebService.Tests.AuthorizationTests.StaffAuthorizationGetTests" classname="EdFi.Ods.WebService.Tests.AuthorizationTests.StaffAuthorizationGetTests" runstate="Runnable" testcasecount="3" result="Passed" duration="32.310150" total="3" passed="0" failed="0" inconclusive="0" skipped="0" asserts="0">
                <test-case id="7-1178" name="When_getting_all_staffs_should_return_only_authorized_staffs" fullname="EdFi.Ods.WebService.Tests.AuthorizationTests.StaffAuthorizationGetTests.When_getting_all_staffs_should_return_only_authorized_staffs" methodname="When_getting_all_staffs_should_return_only_authorized_staffs" classname="EdFi.Ods.WebService.Tests.AuthorizationTests.StaffAuthorizationGetTests" runstate="Runnable" result="Passed" duration="9.421194" asserts="0" />
                <test-case id="7-1180" name="When_getting_staff_by_example_should_return_200_and_staff_when_authorized" fullname="EdFi.Ods.WebService.Tests.AuthorizationTests.StaffAuthorizationGetTests.When_getting_staff_by_example_should_return_200_and_staff_when_authorized" methodname="When_getting_staff_by_example_should_return_200_and_staff_when_authorized" classname="EdFi.Ods.WebService.Tests.AuthorizationTests.StaffAuthorizationGetTests" runstate="Runnable" result="Passed" duration="7.122536" asserts="0" />
                <test-case id="7-1179" name="When_getting_staff_by_id_should_return_200_when_authorized" fullname="EdFi.Ods.WebService.Tests.AuthorizationTests.StaffAuthorizationGetTests.When_getting_staff_by_id_should_return_200_when_authorized" methodname="When_getting_staff_by_id_should_return_200_when_authorized" classname="EdFi.Ods.WebService.Tests.AuthorizationTests.StaffAuthorizationGetTests" runstate="Runnable" result="Passed" duration="7.306367" asserts="0" />
              </test-suite>
              <test-suite type="TestFixture" id="7-1169" name="StaffAuthorizationTests" fullname="EdFi.Ods.WebService.Tests.AuthorizationTests.StaffAuthorizationTests" classname="EdFi.Ods.WebService.Tests.AuthorizationTests.StaffAuthorizationTests" runstate="Runnable" testcasecount="7" result="Passed" duration="42.316860" total="7" passed="0" failed="0" inconclusive="0" skipped="0" asserts="0">
                <test-case id="7-1173" name="When_associating_a_staff_not_related_to_vendors_leas_should_fail_with_403_forbidden" fullname="EdFi.Ods.WebService.Tests.AuthorizationTests.StaffAuthorizationTests.When_associating_a_staff_not_related_to_vendors_leas_should_fail_with_403_forbidden" methodname="When_associating_a_staff_not_related_to_vendors_leas_should_fail_with_403_forbidden" classname="EdFi.Ods.WebService.Tests.AuthorizationTests.StaffAuthorizationTests" runstate="Runnable" result="Passed" duration="7.742740" asserts="0" />
                <test-case id="7-1176" name="When_associating_a_staff_related_to_vendors_leas_should_return_201_created" fullname="EdFi.Ods.WebService.Tests.AuthorizationTests.StaffAuthorizationTests.When_associating_a_staff_related_to_vendors_leas_should_return_201_created" methodname="When_associating_a_staff_related_to_vendors_leas_should_return_201_created" classname="EdFi.Ods.WebService.Tests.AuthorizationTests.StaffAuthorizationTests" runstate="Runnable" result="Passed" duration="3.899137" asserts="0" />
                <test-case id="7-1170" name="When_creating_a_staff_should_return_201_created" fullname="EdFi.Ods.WebService.Tests.AuthorizationTests.StaffAuthorizationTests.When_creating_a_staff_should_return_201_created" methodname="When_creating_a_staff_should_return_201_created" classname="EdFi.Ods.WebService.Tests.AuthorizationTests.StaffAuthorizationTests" runstate="Runnable" result="Passed" duration="3.362443" asserts="0" />
                <test-case id="7-1175" name="When_deleting_a_staff_in_use_should_return_409_conflict" fullname="EdFi.Ods.WebService.Tests.AuthorizationTests.StaffAuthorizationTests.When_deleting_a_staff_in_use_should_return_409_conflict" methodname="When_deleting_a_staff_in_use_should_return_409_conflict" classname="EdFi.Ods.WebService.Tests.AuthorizationTests.StaffAuthorizationTests" runstate="Runnable" result="Passed" duration="3.945126" asserts="0" />
                <test-case id="7-1174" name="When_deleting_an_unused_staff_should_return_204_nocontent" fullname="EdFi.Ods.WebService.Tests.AuthorizationTests.StaffAuthorizationTests.When_deleting_an_unused_staff_should_return_204_nocontent" methodname="When_deleting_an_unused_staff_should_return_204_nocontent" classname="EdFi.Ods.WebService.Tests.AuthorizationTests.StaffAuthorizationTests" runstate="Runnable" result="Passed" duration="3.713589" asserts="0" />
                <test-case id="7-1171" name="When_updating_a_associated_staff_should_succeed" fullname="EdFi.Ods.WebService.Tests.AuthorizationTests.StaffAuthorizationTests.When_updating_a_associated_staff_should_succeed" methodname="When_updating_a_associated_staff_should_succeed" classname="EdFi.Ods.WebService.Tests.AuthorizationTests.StaffAuthorizationTests" runstate="Runnable" result="Passed" duration="4.385175" asserts="0" />
                <test-case id="7-1172" name="When_updating_an_unassociated_staff_should_fail_with_403_forbidden" fullname="EdFi.Ods.WebService.Tests.AuthorizationTests.StaffAuthorizationTests.When_updating_an_unassociated_staff_should_fail_with_403_forbidden" methodname="When_updating_an_unassociated_staff_should_fail_with_403_forbidden" classname="EdFi.Ods.WebService.Tests.AuthorizationTests.StaffAuthorizationTests" runstate="Runnable" result="Passed" duration="7.164774" asserts="0" />
              </test-suite>
              <test-suite type="TestFixture" id="7-1190" name="StudentAuthorizationGetTests" fullname="EdFi.Ods.WebService.Tests.AuthorizationTests.StudentAuthorizationGetTests" classname="EdFi.Ods.WebService.Tests.AuthorizationTests.StudentAuthorizationGetTests" runstate="Runnable" testcasecount="3" result="Passed" duration="33.789409" total="3" passed="0" failed="0" inconclusive="0" skipped="0" asserts="0">
                <test-case id="7-1193" name="When_getting_all_students_should_return_only_authorized_students" fullname="EdFi.Ods.WebService.Tests.AuthorizationTests.StudentAuthorizationGetTests.When_getting_all_students_should_return_only_authorized_students" methodname="When_getting_all_students_should_return_only_authorized_students" classname="EdFi.Ods.WebService.Tests.AuthorizationTests.StudentAuthorizationGetTests" runstate="Runnable" result="Passed" duration="10.576645" asserts="0" />
                <test-case id="7-1192" name="When_getting_student_by_example_should_return_200_and_student_when_authorized" fullname="EdFi.Ods.WebService.Tests.AuthorizationTests.StudentAuthorizationGetTests.When_getting_student_by_example_should_return_200_and_student_when_authorized" methodname="When_getting_student_by_example_should_return_200_and_student_when_authorized" classname="EdFi.Ods.WebService.Tests.AuthorizationTests.StudentAuthorizationGetTests" runstate="Runnable" result="Passed" duration="7.611078" asserts="0" />
                <test-case id="7-1191" name="When_getting_student_by_id_should_return_200_when_authorized" fullname="EdFi.Ods.WebService.Tests.AuthorizationTests.StudentAuthorizationGetTests.When_getting_student_by_id_should_return_200_when_authorized" methodname="When_getting_student_by_id_should_return_200_when_authorized" classname="EdFi.Ods.WebService.Tests.AuthorizationTests.StudentAuthorizationGetTests" runstate="Runnable" result="Passed" duration="7.467439" asserts="0" />
              </test-suite>
              <test-suite type="TestFixture" id="7-1181" name="StudentAuthorizationTests" fullname="EdFi.Ods.WebService.Tests.AuthorizationTests.StudentAuthorizationTests" classname="EdFi.Ods.WebService.Tests.AuthorizationTests.StudentAuthorizationTests" runstate="Runnable" testcasecount="8" result="Passed" duration="46.216347" total="8" passed="0" failed="0" inconclusive="0" skipped="0" asserts="0">
                <test-case id="7-1185" name="When_associating_a_student_not_related_to_vendors_leas_should_fail_with_403_forbidden" fullname="EdFi.Ods.WebService.Tests.AuthorizationTests.StudentAuthorizationTests.When_associating_a_student_not_related_to_vendors_leas_should_fail_with_403_forbidden" methodname="When_associating_a_student_not_related_to_vendors_leas_should_fail_with_403_forbidden" classname="EdFi.Ods.WebService.Tests.AuthorizationTests.StudentAuthorizationTests" runstate="Runnable" result="Passed" duration="4.449570" asserts="0" />
                <test-case id="7-1186" name="When_associating_a_student_related_to_vendors_leas_should_return_201_created" fullname="EdFi.Ods.WebService.Tests.AuthorizationTests.StudentAuthorizationTests.When_associating_a_student_related_to_vendors_leas_should_return_201_created" methodname="When_associating_a_student_related_to_vendors_leas_should_return_201_created" classname="EdFi.Ods.WebService.Tests.AuthorizationTests.StudentAuthorizationTests" runstate="Runnable" result="Passed" duration="3.646118" asserts="0" />
                <test-case id="7-1182" name="When_creating_a_student_Should_return_201_created" fullname="EdFi.Ods.WebService.Tests.AuthorizationTests.StudentAuthorizationTests.When_creating_a_student_Should_return_201_created" methodname="When_creating_a_student_Should_return_201_created" classname="EdFi.Ods.WebService.Tests.AuthorizationTests.StudentAuthorizationTests" runstate="Runnable" result="Passed" duration="3.778802" asserts="0" />
                <test-case id="7-1188" name="When_deleting_a_student_in_use_should_fail_with_409_Conflict" fullname="EdFi.Ods.WebService.Tests.AuthorizationTests.StudentAuthorizationTests.When_deleting_a_student_in_use_should_fail_with_409_Conflict" methodname="When_deleting_a_student_in_use_should_fail_with_409_Conflict" classname="EdFi.Ods.WebService.Tests.AuthorizationTests.StudentAuthorizationTests" runstate="Runnable" result="Passed" duration="4.340501" asserts="0" />
                <test-case id="7-1187" name="When_deleting_an_unused_student_should_return_204_nocontent" fullname="EdFi.Ods.WebService.Tests.AuthorizationTests.StudentAuthorizationTests.When_deleting_an_unused_student_should_return_204_nocontent" methodname="When_deleting_an_unused_student_should_return_204_nocontent" classname="EdFi.Ods.WebService.Tests.AuthorizationTests.StudentAuthorizationTests" runstate="Runnable" result="Passed" duration="3.628693" asserts="0" />
                <test-case id="7-1189" name="When_deleting_unrelated_student_should_fail_with_409_Conflict" fullname="EdFi.Ods.WebService.Tests.AuthorizationTests.StudentAuthorizationTests.When_deleting_unrelated_student_should_fail_with_409_Conflict" methodname="When_deleting_unrelated_student_should_fail_with_409_Conflict" classname="EdFi.Ods.WebService.Tests.AuthorizationTests.StudentAuthorizationTests" runstate="Runnable" result="Passed" duration="6.716796" asserts="0" />
                <test-case id="7-1183" name="When_updating_a_associated_student_should_succeed" fullname="EdFi.Ods.WebService.Tests.AuthorizationTests.StudentAuthorizationTests.When_updating_a_associated_student_should_succeed" methodname="When_updating_a_associated_student_should_succeed" classname="EdFi.Ods.WebService.Tests.AuthorizationTests.StudentAuthorizationTests" runstate="Runnable" result="Passed" duration="3.953626" asserts="0" />
                <test-case id="7-1184" name="When_updating_an_unassociated_student_should_fail_with_403_forbidden" fullname="EdFi.Ods.WebService.Tests.AuthorizationTests.StudentAuthorizationTests.When_updating_an_unassociated_student_should_fail_with_403_forbidden" methodname="When_updating_an_unassociated_student_should_fail_with_403_forbidden" classname="EdFi.Ods.WebService.Tests.AuthorizationTests.StudentAuthorizationTests" runstate="Runnable" result="Passed" duration="7.562642" asserts="0" />
              </test-suite>
            </test-suite>
            <test-suite type="Namespace" id="7-1436" name="Composites" fullname="EdFi.Ods.WebService.Tests.Composites" runstate="Runnable" testcasecount="147" result="Passed" duration="77.354393" total="147" passed="0" failed="0" inconclusive="0" skipped="0" asserts="0">
              <test-suite type="TestFixture" id="7-1194" name="CompositeCanBeFilteredByUrlQueryStringFeature" fullname="EdFi.Ods.WebService.Tests.Composites.CompositeCanBeFilteredByUrlQueryStringFeature" classname="EdFi.Ods.WebService.Tests.Composites.CompositeCanBeFilteredByUrlQueryStringFeature" runstate="Runnable" testcasecount="10" result="Passed" duration="6.842776" total="10" passed="0" failed="0" inconclusive="0" skipped="0" asserts="0">
                <properties>
                  <property name="_DESCRIPTION" value="Composite can be filtered by url query string" />
                  <property name="_CATEGORIES" value="Composites" />
                </properties>
                <test-case id="7-1200" name="CompositeRequestIncludesCriteriaForANon_ExistingProperty" fullname="EdFi.Ods.WebService.Tests.Composites.CompositeCanBeFilteredByUrlQueryStringFeature.CompositeRequestIncludesCriteriaForANon_ExistingProperty" methodname="CompositeRequestIncludesCriteriaForANon_ExistingProperty" classname="EdFi.Ods.WebService.Tests.Composites.CompositeCanBeFilteredByUrlQueryStringFeature" runstate="Runnable" result="Passed" duration="3.780745" asserts="2">
                  <properties>
                    <property name="_DESCRIPTION" value="Composite request includes criteria for a non-existing property" />
                  </properties>
                </test-case>
                <test-case id="7-1199" name="CompositeRequestIsForAnExactMatchOnADatetimeValue" fullname="EdFi.Ods.WebService.Tests.Composites.CompositeCanBeFilteredByUrlQueryStringFeature.CompositeRequestIsForAnExactMatchOnADatetimeValue" methodname="CompositeRequestIsForAnExactMatchOnADatetimeValue" classname="EdFi.Ods.WebService.Tests.Composites.CompositeCanBeFilteredByUrlQueryStringFeature" runstate="Runnable" result="Passed" duration="0.236408" asserts="1">
                  <properties>
                    <property name="_DESCRIPTION" value="Composite request is for an exact match on a datetime value" />
                  </properties>
                </test-case>
                <test-case id="7-1203" name="CompositeRequestIsForAnExactMatchOnADescriptor" fullname="EdFi.Ods.WebService.Tests.Composites.CompositeCanBeFilteredByUrlQueryStringFeature.CompositeRequestIsForAnExactMatchOnADescriptor" methodname="CompositeRequestIsForAnExactMatchOnADescriptor" classname="EdFi.Ods.WebService.Tests.Composites.CompositeCanBeFilteredByUrlQueryStringFeature" runstate="Runnable" result="Passed" duration="1.168174" asserts="1">
                  <properties>
                    <property name="_DESCRIPTION" value="Composite request is for an exact match on a descriptor" />
                  </properties>
                </test-case>
                <test-case id="7-1198" name="CompositeRequestIsForAnExactMatchOnAnIntegerValue" fullname="EdFi.Ods.WebService.Tests.Composites.CompositeCanBeFilteredByUrlQueryStringFeature.CompositeRequestIsForAnExactMatchOnAnIntegerValue" methodname="CompositeRequestIsForAnExactMatchOnAnIntegerValue" classname="EdFi.Ods.WebService.Tests.Composites.CompositeCanBeFilteredByUrlQueryStringFeature" runstate="Runnable" result="Passed" duration="0.019097" asserts="1">
                  <properties>
                    <property name="_DESCRIPTION" value="Composite request is for an exact match on an integer value" />
                  </properties>
                </test-case>
                <test-case id="7-1197" name="CompositeRequestIsForAnExactMatchOnAShortIntegerValue" fullname="EdFi.Ods.WebService.Tests.Composites.CompositeCanBeFilteredByUrlQueryStringFeature.CompositeRequestIsForAnExactMatchOnAShortIntegerValue" methodname="CompositeRequestIsForAnExactMatchOnAShortIntegerValue" classname="EdFi.Ods.WebService.Tests.Composites.CompositeCanBeFilteredByUrlQueryStringFeature" runstate="Runnable" result="Passed" duration="0.017945" asserts="1">
                  <properties>
                    <property name="_DESCRIPTION" value="Composite request is for an exact match on a short integer value" />
                  </properties>
                </test-case>
                <test-case id="7-1196" name="CompositeRequestIsForAnExactMatchOnAStringValue" fullname="EdFi.Ods.WebService.Tests.Composites.CompositeCanBeFilteredByUrlQueryStringFeature.CompositeRequestIsForAnExactMatchOnAStringValue" methodname="CompositeRequestIsForAnExactMatchOnAStringValue" classname="EdFi.Ods.WebService.Tests.Composites.CompositeCanBeFilteredByUrlQueryStringFeature" runstate="Runnable" result="Passed" duration="0.018742" asserts="1">
                  <properties>
                    <property name="_DESCRIPTION" value="Composite request is for an exact match on a string value" />
                  </properties>
                </test-case>
                <test-case id="7-1202" name="CompositeRequestIsForAnExactMatchOnAType" fullname="EdFi.Ods.WebService.Tests.Composites.CompositeCanBeFilteredByUrlQueryStringFeature.CompositeRequestIsForAnExactMatchOnAType" methodname="CompositeRequestIsForAnExactMatchOnAType" classname="EdFi.Ods.WebService.Tests.Composites.CompositeCanBeFilteredByUrlQueryStringFeature" runstate="Runnable" result="Inconclusive" duration="0.043272" asserts="0">
                  <properties>
                    <property name="_DESCRIPTION" value="Composite request is for an exact match on a type" />
                  </properties>
                  <reason>
                    <message><![CDATA[No matching step definition found for one or more steps.
using System;
using TechTalk.SpecFlow;

namespace MyNamespace
{
    [Binding]
    public class StepDefinitions
    {
        [Given(@"the subject of the request is ""(.*)"" with a given type where")]
        public void GivenTheSubjectOfTheRequestIsWithAGivenTypeWhere(string p0, Table table)
        {
            ScenarioContext.Current.Pending();
        }
    }
}
]]></message>
                  </reason>
                </test-case>
                <test-case id="7-1204" name="CompositeRequestIsForAnExactMatchOnAUniqueId" fullname="EdFi.Ods.WebService.Tests.Composites.CompositeCanBeFilteredByUrlQueryStringFeature.CompositeRequestIsForAnExactMatchOnAUniqueId" methodname="CompositeRequestIsForAnExactMatchOnAUniqueId" classname="EdFi.Ods.WebService.Tests.Composites.CompositeCanBeFilteredByUrlQueryStringFeature" runstate="Runnable" result="Passed" duration="0.023182" asserts="1">
                  <properties>
                    <property name="_DESCRIPTION" value="Composite request is for an exact match on a unique id" />
                  </properties>
                </test-case>
                <test-case id="7-1195" name="CompositeRequestIsForAnExactMatchOnDecimalAndBooleanValues" fullname="EdFi.Ods.WebService.Tests.Composites.CompositeCanBeFilteredByUrlQueryStringFeature.CompositeRequestIsForAnExactMatchOnDecimalAndBooleanValues" methodname="CompositeRequestIsForAnExactMatchOnDecimalAndBooleanValues" classname="EdFi.Ods.WebService.Tests.Composites.CompositeCanBeFilteredByUrlQueryStringFeature" runstate="Runnable" result="Passed" duration="0.025807" asserts="1">
                  <properties>
                    <property name="_DESCRIPTION" value="Composite request is for an exact match on decimal and boolean values" />
                  </properties>
                </test-case>
                <test-case id="7-1201" name="CompositeRequestUsesAValueThatIsNotAValidDataTypeForTheTargetedProperty" fullname="EdFi.Ods.WebService.Tests.Composites.CompositeCanBeFilteredByUrlQueryStringFeature.CompositeRequestUsesAValueThatIsNotAValidDataTypeForTheTargetedProperty" methodname="CompositeRequestUsesAValueThatIsNotAValidDataTypeForTheTargetedProperty" classname="EdFi.Ods.WebService.Tests.Composites.CompositeCanBeFilteredByUrlQueryStringFeature" runstate="Runnable" result="Passed" duration="0.003783" asserts="2">
                  <properties>
                    <property name="_DESCRIPTION" value="Composite request uses a value that is not a valid data type for the targeted property" />
                  </properties>
                </test-case>
              </test-suite>
              <test-suite type="TestFixture" id="7-1273" name="CompositeRequestsSupportURL_BasedRangeCriteriaFeature" fullname="EdFi.Ods.WebService.Tests.Composites.CompositeRequestsSupportURL_BasedRangeCriteriaFeature" classname="EdFi.Ods.WebService.Tests.Composites.CompositeRequestsSupportURL_BasedRangeCriteriaFeature" runstate="Runnable" testcasecount="6" result="Passed" duration="3.219956" total="6" passed="0" failed="0" inconclusive="0" skipped="0" asserts="0">
                <properties>
                  <property name="_DESCRIPTION" value="Composite requests support URL-based range criteria" />
                  <property name="_CATEGORIES" value="Composites" />
                </properties>
                <test-case id="7-1277" name="RequestFiltersOnMultipleDateRanges" fullname="EdFi.Ods.WebService.Tests.Composites.CompositeRequestsSupportURL_BasedRangeCriteriaFeature.RequestFiltersOnMultipleDateRanges" methodname="RequestFiltersOnMultipleDateRanges" classname="EdFi.Ods.WebService.Tests.Composites.CompositeRequestsSupportURL_BasedRangeCriteriaFeature" runstate="Runnable" result="Passed" duration="2.406582" asserts="15">
                  <properties>
                    <property name="_DESCRIPTION" value="Request filters on multiple date ranges" />
                  </properties>
                </test-case>
                <test-case id="7-1274" name="RequestFiltersUsingADateRange" fullname="EdFi.Ods.WebService.Tests.Composites.CompositeRequestsSupportURL_BasedRangeCriteriaFeature.RequestFiltersUsingADateRange" methodname="RequestFiltersUsingADateRange" classname="EdFi.Ods.WebService.Tests.Composites.CompositeRequestsSupportURL_BasedRangeCriteriaFeature" runstate="Runnable" result="Passed" duration="0.021688" asserts="53">
                  <properties>
                    <property name="_DESCRIPTION" value="Request filters using a date range" />
                  </properties>
                </test-case>
                <test-case id="7-1279" name="RequestFiltersUsingADateRangeWithCamelCasing" fullname="EdFi.Ods.WebService.Tests.Composites.CompositeRequestsSupportURL_BasedRangeCriteriaFeature.RequestFiltersUsingADateRangeWithCamelCasing" methodname="RequestFiltersUsingADateRangeWithCamelCasing" classname="EdFi.Ods.WebService.Tests.Composites.CompositeRequestsSupportURL_BasedRangeCriteriaFeature" runstate="Runnable" result="Passed" duration="0.013934" asserts="53">
                  <properties>
                    <property name="_DESCRIPTION" value="Request filters using a date range with camel casing" />
                  </properties>
                </test-case>
                <test-case id="7-1278" name="RequestFiltersUsingANon_ExistingProperty" fullname="EdFi.Ods.WebService.Tests.Composites.CompositeRequestsSupportURL_BasedRangeCriteriaFeature.RequestFiltersUsingANon_ExistingProperty" methodname="RequestFiltersUsingANon_ExistingProperty" classname="EdFi.Ods.WebService.Tests.Composites.CompositeRequestsSupportURL_BasedRangeCriteriaFeature" runstate="Runnable" result="Passed" duration="0.009864" asserts="2">
                  <properties>
                    <property name="_DESCRIPTION" value="Request filters using a non-existing property" />
                  </properties>
                </test-case>
                <test-case id="7-1275" name="RequestFiltersUsingANumericRange" fullname="EdFi.Ods.WebService.Tests.Composites.CompositeRequestsSupportURL_BasedRangeCriteriaFeature.RequestFiltersUsingANumericRange" methodname="RequestFiltersUsingANumericRange" classname="EdFi.Ods.WebService.Tests.Composites.CompositeRequestsSupportURL_BasedRangeCriteriaFeature" runstate="Runnable" result="Passed" duration="0.014674" asserts="13">
                  <properties>
                    <property name="_DESCRIPTION" value="Request filters using a numeric range" />
                  </properties>
                </test-case>
                <test-case id="7-1276" name="RequestFiltersUsingBothANumericAndDateRange" fullname="EdFi.Ods.WebService.Tests.Composites.CompositeRequestsSupportURL_BasedRangeCriteriaFeature.RequestFiltersUsingBothANumericAndDateRange" methodname="RequestFiltersUsingBothANumericAndDateRange" classname="EdFi.Ods.WebService.Tests.Composites.CompositeRequestsSupportURL_BasedRangeCriteriaFeature" runstate="Runnable" result="Passed" duration="0.017766" asserts="11">
                  <properties>
                    <property name="_DESCRIPTION" value="Request filters using both a numeric and date range" />
                  </properties>
                </test-case>
              </test-suite>
              <test-suite type="TestFixture" id="7-1205" name="CompositeResourceModelFeature" fullname="EdFi.Ods.WebService.Tests.Composites.CompositeResourceModelFeature" classname="EdFi.Ods.WebService.Tests.Composites.CompositeResourceModelFeature" runstate="Runnable" testcasecount="27" result="Passed" duration="0.877157" total="27" passed="0" failed="0" inconclusive="0" skipped="0" asserts="0">
                <properties>
                  <property name="_DESCRIPTION" value="Composite resource model" />
                  <property name="_CATEGORIES" value="CompositesResourceModelComponents" />
                </properties>
                <test-case id="7-1206" name="CompositeBaseResourceContainsNoProperties" fullname="EdFi.Ods.WebService.Tests.Composites.CompositeResourceModelFeature.CompositeBaseResourceContainsNoProperties" methodname="CompositeBaseResourceContainsNoProperties" classname="EdFi.Ods.WebService.Tests.Composites.CompositeResourceModelFeature" runstate="Runnable" result="Passed" duration="0.024749" asserts="1">
                  <properties>
                    <property name="_DESCRIPTION" value="Composite base resource contains no properties" />
                  </properties>
                </test-case>
                <test-case id="7-1223" name="CompositeIncludesCollectionWithCollection" fullname="EdFi.Ods.WebService.Tests.Composites.CompositeResourceModelFeature.CompositeIncludesCollectionWithCollection" methodname="CompositeIncludesCollectionWithCollection" classname="EdFi.Ods.WebService.Tests.Composites.CompositeResourceModelFeature" runstate="Runnable" result="Passed" duration="0.033434" asserts="0">
                  <properties>
                    <property name="_DESCRIPTION" value="Composite includes collection with collection" />
                  </properties>
                </test-case>
                <test-case id="7-1225" name="CompositeIncludesCollectionWithFlattenedReference" fullname="EdFi.Ods.WebService.Tests.Composites.CompositeResourceModelFeature.CompositeIncludesCollectionWithFlattenedReference" methodname="CompositeIncludesCollectionWithFlattenedReference" classname="EdFi.Ods.WebService.Tests.Composites.CompositeResourceModelFeature" runstate="Runnable" result="Passed" duration="0.005429" asserts="1">
                  <properties>
                    <property name="_DESCRIPTION" value="Composite includes collection with flattened reference" />
                  </properties>
                </test-case>
                <test-case id="7-1222" name="CompositeIncludesCollectionWithProperties" fullname="EdFi.Ods.WebService.Tests.Composites.CompositeResourceModelFeature.CompositeIncludesCollectionWithProperties" methodname="CompositeIncludesCollectionWithProperties" classname="EdFi.Ods.WebService.Tests.Composites.CompositeResourceModelFeature" runstate="Runnable" result="Passed" duration="0.001034" asserts="1">
                  <properties>
                    <property name="_DESCRIPTION" value="Composite includes collection with properties" />
                  </properties>
                </test-case>
                <test-case id="7-1224" name="CompositeIncludesCollectionWithUnflattenedReference" fullname="EdFi.Ods.WebService.Tests.Composites.CompositeResourceModelFeature.CompositeIncludesCollectionWithUnflattenedReference" methodname="CompositeIncludesCollectionWithUnflattenedReference" classname="EdFi.Ods.WebService.Tests.Composites.CompositeResourceModelFeature" runstate="Runnable" result="Passed" duration="0.005048" asserts="1">
                  <properties>
                    <property name="_DESCRIPTION" value="Composite includes collection with unflattened reference" />
                  </properties>
                </test-case>
                <test-case id="7-1213" name="CompositeIncludesFlattenedReference" fullname="EdFi.Ods.WebService.Tests.Composites.CompositeResourceModelFeature.CompositeIncludesFlattenedReference" methodname="CompositeIncludesFlattenedReference" classname="EdFi.Ods.WebService.Tests.Composites.CompositeResourceModelFeature" runstate="Runnable" result="Passed" duration="0.006387" asserts="1">
                  <properties>
                    <property name="_DESCRIPTION" value="Composite includes flattened reference" />
                  </properties>
                </test-case>
                <test-case id="7-1220" name="CompositeIncludesFlattenedReferenceWithLinkedCollection" fullname="EdFi.Ods.WebService.Tests.Composites.CompositeResourceModelFeature.CompositeIncludesFlattenedReferenceWithLinkedCollection" methodname="CompositeIncludesFlattenedReferenceWithLinkedCollection" classname="EdFi.Ods.WebService.Tests.Composites.CompositeResourceModelFeature" runstate="Runnable" result="Passed" duration="0.009345" asserts="1">
                  <properties>
                    <property name="_DESCRIPTION" value="Composite includes flattened reference with linked collection" />
                  </properties>
                </test-case>
                <test-case id="7-1217" name="CompositeIncludesLinkedCollectionContainingALinkedCollection" fullname="EdFi.Ods.WebService.Tests.Composites.CompositeResourceModelFeature.CompositeIncludesLinkedCollectionContainingALinkedCollection" methodname="CompositeIncludesLinkedCollectionContainingALinkedCollection" classname="EdFi.Ods.WebService.Tests.Composites.CompositeResourceModelFeature" runstate="Runnable" result="Passed" duration="0.003766" asserts="0">
                  <properties>
                    <property name="_DESCRIPTION" value="Composite includes linked collection containing a linked collection" />
                  </properties>
                </test-case>
                <test-case id="7-1218" name="CompositeIncludesLinkedCollectionContainingFlattenedReference" fullname="EdFi.Ods.WebService.Tests.Composites.CompositeResourceModelFeature.CompositeIncludesLinkedCollectionContainingFlattenedReference" methodname="CompositeIncludesLinkedCollectionContainingFlattenedReference" classname="EdFi.Ods.WebService.Tests.Composites.CompositeResourceModelFeature" runstate="Runnable" result="Passed" duration="0.001480" asserts="1">
                  <properties>
                    <property name="_DESCRIPTION" value="Composite includes linked collection containing flattened reference" />
                  </properties>
                </test-case>
                <test-case id="7-1219" name="CompositeIncludesLinkedCollectionContainingUnflattenedReference" fullname="EdFi.Ods.WebService.Tests.Composites.CompositeResourceModelFeature.CompositeIncludesLinkedCollectionContainingUnflattenedReference" methodname="CompositeIncludesLinkedCollectionContainingUnflattenedReference" classname="EdFi.Ods.WebService.Tests.Composites.CompositeResourceModelFeature" runstate="Runnable" result="Passed" duration="0.000885" asserts="1">
                  <properties>
                    <property name="_DESCRIPTION" value="Composite includes linked collection containing unflattened reference" />
                  </properties>
                </test-case>
                <test-case id="7-1229" name="CompositeIncludesLinkedCollectionWithCollection" fullname="EdFi.Ods.WebService.Tests.Composites.CompositeResourceModelFeature.CompositeIncludesLinkedCollectionWithCollection" methodname="CompositeIncludesLinkedCollectionWithCollection" classname="EdFi.Ods.WebService.Tests.Composites.CompositeResourceModelFeature" runstate="Runnable" result="Passed" duration="0.002147" asserts="0">
                  <properties>
                    <property name="_DESCRIPTION" value="Composite includes linked collection with collection" />
                  </properties>
                </test-case>
                <test-case id="7-1228" name="CompositeIncludesLinkedCollectionWithProperties" fullname="EdFi.Ods.WebService.Tests.Composites.CompositeResourceModelFeature.CompositeIncludesLinkedCollectionWithProperties" methodname="CompositeIncludesLinkedCollectionWithProperties" classname="EdFi.Ods.WebService.Tests.Composites.CompositeResourceModelFeature" runstate="Runnable" result="Passed" duration="0.002513" asserts="1">
                  <properties>
                    <property name="_DESCRIPTION" value="Composite includes linked collection with properties" />
                  </properties>
                </test-case>
                <test-case id="7-1209" name="CompositeIncludesSpecificCollections" fullname="EdFi.Ods.WebService.Tests.Composites.CompositeResourceModelFeature.CompositeIncludesSpecificCollections" methodname="CompositeIncludesSpecificCollections" classname="EdFi.Ods.WebService.Tests.Composites.CompositeResourceModelFeature" runstate="Runnable" result="Passed" duration="0.000768" asserts="1">
                  <properties>
                    <property name="_DESCRIPTION" value="Composite includes specific collections" />
                  </properties>
                </test-case>
                <test-case id="7-1210" name="CompositeIncludesSpecificLinkedCollections" fullname="EdFi.Ods.WebService.Tests.Composites.CompositeResourceModelFeature.CompositeIncludesSpecificLinkedCollections" methodname="CompositeIncludesSpecificLinkedCollections" classname="EdFi.Ods.WebService.Tests.Composites.CompositeResourceModelFeature" runstate="Runnable" result="Passed" duration="0.000827" asserts="1">
                  <properties>
                    <property name="_DESCRIPTION" value="Composite includes specific linked collections" />
                  </properties>
                </test-case>
                <test-case id="7-1211" name="CompositeIncludesSpecificProperties" fullname="EdFi.Ods.WebService.Tests.Composites.CompositeResourceModelFeature.CompositeIncludesSpecificProperties" methodname="CompositeIncludesSpecificProperties" classname="EdFi.Ods.WebService.Tests.Composites.CompositeResourceModelFeature" runstate="Runnable" result="Passed" duration="0.000843" asserts="1">
                  <properties>
                    <property name="_DESCRIPTION" value="Composite includes specific properties" />
                  </properties>
                </test-case>
                <test-case id="7-1214" name="CompositeIncludesSpecificReferencesWithFlattenedProperties" fullname="EdFi.Ods.WebService.Tests.Composites.CompositeResourceModelFeature.CompositeIncludesSpecificReferencesWithFlattenedProperties" methodname="CompositeIncludesSpecificReferencesWithFlattenedProperties" classname="EdFi.Ods.WebService.Tests.Composites.CompositeResourceModelFeature" runstate="Runnable" result="Passed" duration="0.001022" asserts="1">
                  <properties>
                    <property name="_DESCRIPTION" value="Composite includes specific references with flattened properties" />
                  </properties>
                </test-case>
                <test-case id="7-1215" name="CompositeIncludesSpecificReferencesWithProperties" fullname="EdFi.Ods.WebService.Tests.Composites.CompositeResourceModelFeature.CompositeIncludesSpecificReferencesWithProperties" methodname="CompositeIncludesSpecificReferencesWithProperties" classname="EdFi.Ods.WebService.Tests.Composites.CompositeResourceModelFeature" runstate="Runnable" result="Passed" duration="0.002581" asserts="1">
                  <properties>
                    <property name="_DESCRIPTION" value="Composite includes specific references with properties" />
                  </properties>
                </test-case>
                <test-case id="7-1212" name="CompositeIncludesUnflattenedReference" fullname="EdFi.Ods.WebService.Tests.Composites.CompositeResourceModelFeature.CompositeIncludesUnflattenedReference" methodname="CompositeIncludesUnflattenedReference" classname="EdFi.Ods.WebService.Tests.Composites.CompositeResourceModelFeature" runstate="Runnable" result="Passed" duration="0.001101" asserts="1">
                  <properties>
                    <property name="_DESCRIPTION" value="Composite includes unflattened reference" />
                  </properties>
                </test-case>
                <test-case id="7-1227" name="CompositeIncludesUnflattenedReferenceWithCollection" fullname="EdFi.Ods.WebService.Tests.Composites.CompositeResourceModelFeature.CompositeIncludesUnflattenedReferenceWithCollection" methodname="CompositeIncludesUnflattenedReferenceWithCollection" classname="EdFi.Ods.WebService.Tests.Composites.CompositeResourceModelFeature" runstate="Runnable" result="Passed" duration="0.002152" asserts="1">
                  <properties>
                    <property name="_DESCRIPTION" value="Composite includes unflattened reference with collection" />
                  </properties>
                </test-case>
                <test-case id="7-1226" name="CompositeIncludesUnflattenedReferenceWithFlattenedReference" fullname="EdFi.Ods.WebService.Tests.Composites.CompositeResourceModelFeature.CompositeIncludesUnflattenedReferenceWithFlattenedReference" methodname="CompositeIncludesUnflattenedReferenceWithFlattenedReference" classname="EdFi.Ods.WebService.Tests.Composites.CompositeResourceModelFeature" runstate="Runnable" result="Passed" duration="0.005489" asserts="1">
                  <properties>
                    <property name="_DESCRIPTION" value="Composite includes unflattened reference with flattened reference" />
                  </properties>
                </test-case>
                <test-case id="7-1221" name="CompositeIncludesUnflattenedReferenceWithUnflattenedReference" fullname="EdFi.Ods.WebService.Tests.Composites.CompositeResourceModelFeature.CompositeIncludesUnflattenedReferenceWithUnflattenedReference" methodname="CompositeIncludesUnflattenedReferenceWithUnflattenedReference" classname="EdFi.Ods.WebService.Tests.Composites.CompositeResourceModelFeature" runstate="Runnable" result="Passed" duration="0.005285" asserts="1">
                  <properties>
                    <property name="_DESCRIPTION" value="Composite includes unflattened reference with unflattened reference" />
                  </properties>
                </test-case>
                <test-case id="7-1207" name="CompositeMembersIncludeDisplayNamesForPropertiesCollectionsAndLinkedCollections" fullname="EdFi.Ods.WebService.Tests.Composites.CompositeResourceModelFeature.CompositeMembersIncludeDisplayNamesForPropertiesCollectionsAndLinkedCollections" methodname="CompositeMembersIncludeDisplayNamesForPropertiesCollectionsAndLinkedCollections" classname="EdFi.Ods.WebService.Tests.Composites.CompositeResourceModelFeature" runstate="Runnable" result="Passed" duration="0.002959" asserts="1">
                  <properties>
                    <property name="_DESCRIPTION" value="Composite members include display names for properties, collections and linked collections" />
                  </properties>
                </test-case>
                <test-case id="7-1208" name="CompositeMembersIncludeDisplayNamesForReferences" fullname="EdFi.Ods.WebService.Tests.Composites.CompositeResourceModelFeature.CompositeMembersIncludeDisplayNamesForReferences" methodname="CompositeMembersIncludeDisplayNamesForReferences" classname="EdFi.Ods.WebService.Tests.Composites.CompositeResourceModelFeature" runstate="Runnable" result="Passed" duration="0.000806" asserts="1">
                  <properties>
                    <property name="_DESCRIPTION" value="Composite members include display names for references" />
                  </properties>
                </test-case>
                <test-case id="7-1232" name="CompositesIncludeFlattenedReferencesWithCollection" fullname="EdFi.Ods.WebService.Tests.Composites.CompositeResourceModelFeature.CompositesIncludeFlattenedReferencesWithCollection" methodname="CompositesIncludeFlattenedReferencesWithCollection" classname="EdFi.Ods.WebService.Tests.Composites.CompositeResourceModelFeature" runstate="Runnable" result="Passed" duration="0.001624" asserts="2">
                  <properties>
                    <property name="_DESCRIPTION" value="Composites include flattened references with collection" />
                  </properties>
                </test-case>
                <test-case id="7-1216" name="CompositesIncludeFlattenedReferencesWithFlattenedReferences" fullname="EdFi.Ods.WebService.Tests.Composites.CompositeResourceModelFeature.CompositesIncludeFlattenedReferencesWithFlattenedReferences" methodname="CompositesIncludeFlattenedReferencesWithFlattenedReferences" classname="EdFi.Ods.WebService.Tests.Composites.CompositeResourceModelFeature" runstate="Runnable" result="Passed" duration="0.000711" asserts="1">
                  <properties>
                    <property name="_DESCRIPTION" value="Composites include flattened references with flattened references" />
                  </properties>
                </test-case>
                <test-case id="7-1231" name="CompositesIncludeFlattenedReferencesWithLinkedCollection" fullname="EdFi.Ods.WebService.Tests.Composites.CompositeResourceModelFeature.CompositesIncludeFlattenedReferencesWithLinkedCollection" methodname="CompositesIncludeFlattenedReferencesWithLinkedCollection" classname="EdFi.Ods.WebService.Tests.Composites.CompositeResourceModelFeature" runstate="Runnable" result="Passed" duration="0.001064" asserts="1">
                  <properties>
                    <property name="_DESCRIPTION" value="Composites include flattened references with linked collection" />
                  </properties>
                </test-case>
                <test-case id="7-1230" name="CompositesIncludeFlattenedReferencesWithUnflattenedReferences" fullname="EdFi.Ods.WebService.Tests.Composites.CompositeResourceModelFeature.CompositesIncludeFlattenedReferencesWithUnflattenedReferences" methodname="CompositesIncludeFlattenedReferencesWithUnflattenedReferences" classname="EdFi.Ods.WebService.Tests.Composites.CompositeResourceModelFeature" runstate="Runnable" result="Passed" duration="0.001157" asserts="1">
                  <properties>
                    <property name="_DESCRIPTION" value="Composites include flattened references with unflattened references" />
                  </properties>
                </test-case>
              </test-suite>
              <test-suite type="TestFixture" id="7-1233" name="CompositeResourcesCanBeDefinedThroughXmlFeature" fullname="EdFi.Ods.WebService.Tests.Composites.CompositeResourcesCanBeDefinedThroughXmlFeature" classname="EdFi.Ods.WebService.Tests.Composites.CompositeResourcesCanBeDefinedThroughXmlFeature" runstate="Runnable" testcasecount="32" result="Passed" duration="9.572308" total="32" passed="0" failed="0" inconclusive="0" skipped="0" asserts="0">
                <properties>
                  <property name="_DESCRIPTION" value="Composite resources can be defined through xml" />
                  <property name="_CATEGORIES" value="Composites" />
                </properties>
                <test-case id="7-1235" name="CompositeBaseResourceContainsNoProperties" fullname="EdFi.Ods.WebService.Tests.Composites.CompositeResourcesCanBeDefinedThroughXmlFeature.CompositeBaseResourceContainsNoProperties" methodname="CompositeBaseResourceContainsNoProperties" classname="EdFi.Ods.WebService.Tests.Composites.CompositeResourcesCanBeDefinedThroughXmlFeature" runstate="Runnable" result="Passed" duration="3.183902" asserts="1">
                  <properties>
                    <property name="_DESCRIPTION" value="Composite base resource contains no properties" />
                  </properties>
                </test-case>
                <test-case id="7-1251" name="CompositeIncludesCollectionWithCollection" fullname="EdFi.Ods.WebService.Tests.Composites.CompositeResourcesCanBeDefinedThroughXmlFeature.CompositeIncludesCollectionWithCollection" methodname="CompositeIncludesCollectionWithCollection" classname="EdFi.Ods.WebService.Tests.Composites.CompositeResourcesCanBeDefinedThroughXmlFeature" runstate="Runnable" result="Passed" duration="0.455504" asserts="1">
                  <properties>
                    <property name="_DESCRIPTION" value="Composite includes collection with collection" />
                  </properties>
                </test-case>
                <test-case id="7-1253" name="CompositeIncludesCollectionWithFlattenedReference" fullname="EdFi.Ods.WebService.Tests.Composites.CompositeResourcesCanBeDefinedThroughXmlFeature.CompositeIncludesCollectionWithFlattenedReference" methodname="CompositeIncludesCollectionWithFlattenedReference" classname="EdFi.Ods.WebService.Tests.Composites.CompositeResourcesCanBeDefinedThroughXmlFeature" runstate="Runnable" result="Passed" duration="0.136624" asserts="1">
                  <properties>
                    <property name="_DESCRIPTION" value="Composite includes collection with flattened reference" />
                  </properties>
                </test-case>
                <test-case id="7-1250" name="CompositeIncludesCollectionWithProperties" fullname="EdFi.Ods.WebService.Tests.Composites.CompositeResourcesCanBeDefinedThroughXmlFeature.CompositeIncludesCollectionWithProperties" methodname="CompositeIncludesCollectionWithProperties" classname="EdFi.Ods.WebService.Tests.Composites.CompositeResourcesCanBeDefinedThroughXmlFeature" runstate="Runnable" result="Passed" duration="0.138271" asserts="1">
                  <properties>
                    <property name="_DESCRIPTION" value="Composite includes collection with properties" />
                  </properties>
                </test-case>
                <test-case id="7-1252" name="CompositeIncludesCollectionWithUnflattenedReference" fullname="EdFi.Ods.WebService.Tests.Composites.CompositeResourcesCanBeDefinedThroughXmlFeature.CompositeIncludesCollectionWithUnflattenedReference" methodname="CompositeIncludesCollectionWithUnflattenedReference" classname="EdFi.Ods.WebService.Tests.Composites.CompositeResourcesCanBeDefinedThroughXmlFeature" runstate="Runnable" result="Passed" duration="0.127882" asserts="1">
                  <properties>
                    <property name="_DESCRIPTION" value="Composite includes collection with unflattened reference" />
                  </properties>
                </test-case>
                <test-case id="7-1264" name="CompositeIncludesFlattenedObjectWithProperties" fullname="EdFi.Ods.WebService.Tests.Composites.CompositeResourcesCanBeDefinedThroughXmlFeature.CompositeIncludesFlattenedObjectWithProperties" methodname="CompositeIncludesFlattenedObjectWithProperties" classname="EdFi.Ods.WebService.Tests.Composites.CompositeResourcesCanBeDefinedThroughXmlFeature" runstate="Runnable" result="Passed" duration="0.040020" asserts="1">
                  <properties>
                    <property name="_DESCRIPTION" value="Composite includes flattened object with properties" />
                  </properties>
                </test-case>
                <test-case id="7-1241" name="CompositeIncludesFlattenedReference" fullname="EdFi.Ods.WebService.Tests.Composites.CompositeResourcesCanBeDefinedThroughXmlFeature.CompositeIncludesFlattenedReference" methodname="CompositeIncludesFlattenedReference" classname="EdFi.Ods.WebService.Tests.Composites.CompositeResourcesCanBeDefinedThroughXmlFeature" runstate="Runnable" result="Passed" duration="0.082641" asserts="1">
                  <properties>
                    <property name="_DESCRIPTION" value="Composite includes flattened reference" />
                  </properties>
                </test-case>
                <test-case id="7-1248" name="CompositeIncludesFlattenedReferenceWithLinkedCollection" fullname="EdFi.Ods.WebService.Tests.Composites.CompositeResourcesCanBeDefinedThroughXmlFeature.CompositeIncludesFlattenedReferenceWithLinkedCollection" methodname="CompositeIncludesFlattenedReferenceWithLinkedCollection" classname="EdFi.Ods.WebService.Tests.Composites.CompositeResourcesCanBeDefinedThroughXmlFeature" runstate="Runnable" result="Passed" duration="0.153009" asserts="2">
                  <properties>
                    <property name="_DESCRIPTION" value="Composite includes flattened reference with linked collection" />
                  </properties>
                </test-case>
                <test-case id="7-1245" name="CompositeIncludesLinkedCollectionContainingALinkedCollection" fullname="EdFi.Ods.WebService.Tests.Composites.CompositeResourcesCanBeDefinedThroughXmlFeature.CompositeIncludesLinkedCollectionContainingALinkedCollection" methodname="CompositeIncludesLinkedCollectionContainingALinkedCollection" classname="EdFi.Ods.WebService.Tests.Composites.CompositeResourcesCanBeDefinedThroughXmlFeature" runstate="Runnable" result="Passed" duration="0.212459" asserts="2">
                  <properties>
                    <property name="_DESCRIPTION" value="Composite includes linked collection containing a linked collection" />
                  </properties>
                </test-case>
                <test-case id="7-1246" name="CompositeIncludesLinkedCollectionContainingFlattenedReference" fullname="EdFi.Ods.WebService.Tests.Composites.CompositeResourcesCanBeDefinedThroughXmlFeature.CompositeIncludesLinkedCollectionContainingFlattenedReference" methodname="CompositeIncludesLinkedCollectionContainingFlattenedReference" classname="EdFi.Ods.WebService.Tests.Composites.CompositeResourcesCanBeDefinedThroughXmlFeature" runstate="Runnable" result="Passed" duration="0.097612" asserts="1">
                  <properties>
                    <property name="_DESCRIPTION" value="Composite includes linked collection containing flattened reference" />
                  </properties>
                </test-case>
                <test-case id="7-1247" name="CompositeIncludesLinkedCollectionContainingUnflattenedReference" fullname="EdFi.Ods.WebService.Tests.Composites.CompositeResourcesCanBeDefinedThroughXmlFeature.CompositeIncludesLinkedCollectionContainingUnflattenedReference" methodname="CompositeIncludesLinkedCollectionContainingUnflattenedReference" classname="EdFi.Ods.WebService.Tests.Composites.CompositeResourcesCanBeDefinedThroughXmlFeature" runstate="Runnable" result="Passed" duration="0.126367" asserts="2">
                  <properties>
                    <property name="_DESCRIPTION" value="Composite includes linked collection containing unflattened reference" />
                  </properties>
                </test-case>
                <test-case id="7-1257" name="CompositeIncludesLinkedCollectionWithCollection" fullname="EdFi.Ods.WebService.Tests.Composites.CompositeResourcesCanBeDefinedThroughXmlFeature.CompositeIncludesLinkedCollectionWithCollection" methodname="CompositeIncludesLinkedCollectionWithCollection" classname="EdFi.Ods.WebService.Tests.Composites.CompositeResourcesCanBeDefinedThroughXmlFeature" runstate="Runnable" result="Passed" duration="0.145777" asserts="2">
                  <properties>
                    <property name="_DESCRIPTION" value="Composite includes linked collection with collection" />
                  </properties>
                </test-case>
                <test-case id="7-1256" name="CompositeIncludesLinkedCollectionWithProperties" fullname="EdFi.Ods.WebService.Tests.Composites.CompositeResourcesCanBeDefinedThroughXmlFeature.CompositeIncludesLinkedCollectionWithProperties" methodname="CompositeIncludesLinkedCollectionWithProperties" classname="EdFi.Ods.WebService.Tests.Composites.CompositeResourcesCanBeDefinedThroughXmlFeature" runstate="Runnable" result="Passed" duration="0.138437" asserts="1">
                  <properties>
                    <property name="_DESCRIPTION" value="Composite includes linked collection with properties" />
                  </properties>
                </test-case>
                <test-case id="7-1237" name="CompositeIncludesSpecificCollections" fullname="EdFi.Ods.WebService.Tests.Composites.CompositeResourcesCanBeDefinedThroughXmlFeature.CompositeIncludesSpecificCollections" methodname="CompositeIncludesSpecificCollections" classname="EdFi.Ods.WebService.Tests.Composites.CompositeResourcesCanBeDefinedThroughXmlFeature" runstate="Runnable" result="Passed" duration="0.111446" asserts="1">
                  <properties>
                    <property name="_DESCRIPTION" value="Composite includes specific collections" />
                  </properties>
                </test-case>
                <test-case id="7-1238" name="CompositeIncludesSpecificLinkedCollections" fullname="EdFi.Ods.WebService.Tests.Composites.CompositeResourcesCanBeDefinedThroughXmlFeature.CompositeIncludesSpecificLinkedCollections" methodname="CompositeIncludesSpecificLinkedCollections" classname="EdFi.Ods.WebService.Tests.Composites.CompositeResourcesCanBeDefinedThroughXmlFeature" runstate="Runnable" result="Passed" duration="0.101882" asserts="1">
                  <properties>
                    <property name="_DESCRIPTION" value="Composite includes specific linked collections" />
                  </properties>
                </test-case>
                <test-case id="7-1239" name="CompositeIncludesSpecificProperties" fullname="EdFi.Ods.WebService.Tests.Composites.CompositeResourcesCanBeDefinedThroughXmlFeature.CompositeIncludesSpecificProperties" methodname="CompositeIncludesSpecificProperties" classname="EdFi.Ods.WebService.Tests.Composites.CompositeResourcesCanBeDefinedThroughXmlFeature" runstate="Runnable" result="Passed" duration="0.068040" asserts="1">
                  <properties>
                    <property name="_DESCRIPTION" value="Composite includes specific properties" />
                  </properties>
                </test-case>
                <test-case id="7-1242" name="CompositeIncludesSpecificReferencesWithFlattenedProperties" fullname="EdFi.Ods.WebService.Tests.Composites.CompositeResourcesCanBeDefinedThroughXmlFeature.CompositeIncludesSpecificReferencesWithFlattenedProperties" methodname="CompositeIncludesSpecificReferencesWithFlattenedProperties" classname="EdFi.Ods.WebService.Tests.Composites.CompositeResourcesCanBeDefinedThroughXmlFeature" runstate="Runnable" result="Passed" duration="0.085881" asserts="1">
                  <properties>
                    <property name="_DESCRIPTION" value="Composite includes specific references with flattened properties" />
                  </properties>
                </test-case>
                <test-case id="7-1243" name="CompositeIncludesSpecificReferencesWithProperties" fullname="EdFi.Ods.WebService.Tests.Composites.CompositeResourcesCanBeDefinedThroughXmlFeature.CompositeIncludesSpecificReferencesWithProperties" methodname="CompositeIncludesSpecificReferencesWithProperties" classname="EdFi.Ods.WebService.Tests.Composites.CompositeResourcesCanBeDefinedThroughXmlFeature" runstate="Runnable" result="Passed" duration="0.104940" asserts="1">
                  <properties>
                    <property name="_DESCRIPTION" value="Composite includes specific references with properties" />
                  </properties>
                </test-case>
                <test-case id="7-1263" name="CompositeIncludesUnflattenedObjectWithProperties" fullname="EdFi.Ods.WebService.Tests.Composites.CompositeResourcesCanBeDefinedThroughXmlFeature.CompositeIncludesUnflattenedObjectWithProperties" methodname="CompositeIncludesUnflattenedObjectWithProperties" classname="EdFi.Ods.WebService.Tests.Composites.CompositeResourcesCanBeDefinedThroughXmlFeature" runstate="Runnable" result="Passed" duration="0.039543" asserts="1">
                  <properties>
                    <property name="_DESCRIPTION" value="Composite includes unflattened object with properties" />
                  </properties>
                </test-case>
                <test-case id="7-1240" name="CompositeIncludesUnflattenedReference" fullname="EdFi.Ods.WebService.Tests.Composites.CompositeResourcesCanBeDefinedThroughXmlFeature.CompositeIncludesUnflattenedReference" methodname="CompositeIncludesUnflattenedReference" classname="EdFi.Ods.WebService.Tests.Composites.CompositeResourcesCanBeDefinedThroughXmlFeature" runstate="Runnable" result="Passed" duration="0.102128" asserts="2">
                  <properties>
                    <property name="_DESCRIPTION" value="Composite includes unflattened reference" />
                  </properties>
                </test-case>
                <test-case id="7-1255" name="CompositeIncludesUnflattenedReferenceWithCollection" fullname="EdFi.Ods.WebService.Tests.Composites.CompositeResourcesCanBeDefinedThroughXmlFeature.CompositeIncludesUnflattenedReferenceWithCollection" methodname="CompositeIncludesUnflattenedReferenceWithCollection" classname="EdFi.Ods.WebService.Tests.Composites.CompositeResourcesCanBeDefinedThroughXmlFeature" runstate="Runnable" result="Passed" duration="0.125024" asserts="2">
                  <properties>
                    <property name="_DESCRIPTION" value="Composite includes unflattened reference with collection" />
                  </properties>
                </test-case>
                <test-case id="7-1254" name="CompositeIncludesUnflattenedReferenceWithFlattenedReference" fullname="EdFi.Ods.WebService.Tests.Composites.CompositeResourcesCanBeDefinedThroughXmlFeature.CompositeIncludesUnflattenedReferenceWithFlattenedReference" methodname="CompositeIncludesUnflattenedReferenceWithFlattenedReference" classname="EdFi.Ods.WebService.Tests.Composites.CompositeResourcesCanBeDefinedThroughXmlFeature" runstate="Runnable" result="Passed" duration="0.125065" asserts="2">
                  <properties>
                    <property name="_DESCRIPTION" value="Composite includes unflattened reference with flattened reference" />
                  </properties>
                </test-case>
                <test-case id="7-1249" name="CompositeIncludesUnflattenedReferenceWithUnflattenedReference" fullname="EdFi.Ods.WebService.Tests.Composites.CompositeResourcesCanBeDefinedThroughXmlFeature.CompositeIncludesUnflattenedReferenceWithUnflattenedReference" methodname="CompositeIncludesUnflattenedReferenceWithUnflattenedReference" classname="EdFi.Ods.WebService.Tests.Composites.CompositeResourcesCanBeDefinedThroughXmlFeature" runstate="Runnable" result="Passed" duration="0.199684" asserts="2">
                  <properties>
                    <property name="_DESCRIPTION" value="Composite includes unflattened reference with unflattened reference" />
                  </properties>
                </test-case>
                <test-case id="7-1265" name="CompositeIsRequestedForAStudentToCheckTheOrderOfTheResponseProperties" fullname="EdFi.Ods.WebService.Tests.Composites.CompositeResourcesCanBeDefinedThroughXmlFeature.CompositeIsRequestedForAStudentToCheckTheOrderOfTheResponseProperties" methodname="CompositeIsRequestedForAStudentToCheckTheOrderOfTheResponseProperties" classname="EdFi.Ods.WebService.Tests.Composites.CompositeResourcesCanBeDefinedThroughXmlFeature" runstate="Runnable" result="Passed" duration="0.023663" asserts="1">
                  <properties>
                    <property name="_DESCRIPTION" value="Composite is requested for a Student to check the order of the response properties" />
                  </properties>
                </test-case>
                <test-case id="7-1236" name="CompositeMembersIncludeDisplayNames" fullname="EdFi.Ods.WebService.Tests.Composites.CompositeResourcesCanBeDefinedThroughXmlFeature.CompositeMembersIncludeDisplayNames" methodname="CompositeMembersIncludeDisplayNames" classname="EdFi.Ods.WebService.Tests.Composites.CompositeResourcesCanBeDefinedThroughXmlFeature" runstate="Runnable" result="Passed" duration="0.165125" asserts="4">
                  <properties>
                    <property name="_DESCRIPTION" value="Composite members include display names" />
                  </properties>
                </test-case>
                <test-case id="7-1234" name="CompositeResourceSpecificationDoesNotDefineAParameterNeededToProperlyFilterTheIncomingRequestURL" fullname="EdFi.Ods.WebService.Tests.Composites.CompositeResourcesCanBeDefinedThroughXmlFeature.CompositeResourceSpecificationDoesNotDefineAParameterNeededToProperlyFilterTheIncomingRequestURL" methodname="CompositeResourceSpecificationDoesNotDefineAParameterNeededToProperlyFilterTheIncomingRequestURL" classname="EdFi.Ods.WebService.Tests.Composites.CompositeResourcesCanBeDefinedThroughXmlFeature" runstate="Runnable" result="Passed" duration="0.005645" asserts="1">
                  <properties>
                    <property name="_DESCRIPTION" value="Composite resource specification does not define a parameter needed to properly filter the incoming request URL" />
                  </properties>
                </test-case>
                <test-case id="7-1262" name="CompositesIncludeFlattenedEmbeddedObjects" fullname="EdFi.Ods.WebService.Tests.Composites.CompositeResourcesCanBeDefinedThroughXmlFeature.CompositesIncludeFlattenedEmbeddedObjects" methodname="CompositesIncludeFlattenedEmbeddedObjects" classname="EdFi.Ods.WebService.Tests.Composites.CompositeResourcesCanBeDefinedThroughXmlFeature" runstate="Runnable" result="Passed" duration="0.015901" asserts="1">
                  <properties>
                    <property name="_DESCRIPTION" value="Composites include flattened embedded objects" />
                  </properties>
                </test-case>
                <test-case id="7-1260" name="CompositesIncludeFlattenedReferencesWithCollection" fullname="EdFi.Ods.WebService.Tests.Composites.CompositeResourcesCanBeDefinedThroughXmlFeature.CompositesIncludeFlattenedReferencesWithCollection" methodname="CompositesIncludeFlattenedReferencesWithCollection" classname="EdFi.Ods.WebService.Tests.Composites.CompositeResourcesCanBeDefinedThroughXmlFeature" runstate="Runnable" result="Passed" duration="0.132575" asserts="2">
                  <properties>
                    <property name="_DESCRIPTION" value="Composites include flattened references with collection" />
                  </properties>
                </test-case>
                <test-case id="7-1244" name="CompositesIncludeFlattenedReferencesWithFlattenedReferences" fullname="EdFi.Ods.WebService.Tests.Composites.CompositeResourcesCanBeDefinedThroughXmlFeature.CompositesIncludeFlattenedReferencesWithFlattenedReferences" methodname="CompositesIncludeFlattenedReferencesWithFlattenedReferences" classname="EdFi.Ods.WebService.Tests.Composites.CompositeResourcesCanBeDefinedThroughXmlFeature" runstate="Runnable" result="Passed" duration="0.079544" asserts="1">
                  <properties>
                    <property name="_DESCRIPTION" value="Composites include flattened references with flattened references" />
                  </properties>
                </test-case>
                <test-case id="7-1259" name="CompositesIncludeFlattenedReferencesWithLinkedCollection" fullname="EdFi.Ods.WebService.Tests.Composites.CompositeResourcesCanBeDefinedThroughXmlFeature.CompositesIncludeFlattenedReferencesWithLinkedCollection" methodname="CompositesIncludeFlattenedReferencesWithLinkedCollection" classname="EdFi.Ods.WebService.Tests.Composites.CompositeResourcesCanBeDefinedThroughXmlFeature" runstate="Runnable" result="Passed" duration="0.104707" asserts="1">
                  <properties>
                    <property name="_DESCRIPTION" value="Composites include flattened references with linked collection" />
                  </properties>
                </test-case>
                <test-case id="7-1258" name="CompositesIncludeFlattenedReferencesWithUnflattenedReferences" fullname="EdFi.Ods.WebService.Tests.Composites.CompositeResourcesCanBeDefinedThroughXmlFeature.CompositesIncludeFlattenedReferencesWithUnflattenedReferences" methodname="CompositesIncludeFlattenedReferencesWithUnflattenedReferences" classname="EdFi.Ods.WebService.Tests.Composites.CompositeResourcesCanBeDefinedThroughXmlFeature" runstate="Runnable" result="Passed" duration="0.120775" asserts="2">
                  <properties>
                    <property name="_DESCRIPTION" value="Composites include flattened references with unflattened references" />
                  </properties>
                </test-case>
                <test-case id="7-1261" name="CompositesIncludeUnflattenedEmbeddedObjects" fullname="EdFi.Ods.WebService.Tests.Composites.CompositeResourcesCanBeDefinedThroughXmlFeature.CompositesIncludeUnflattenedEmbeddedObjects" methodname="CompositesIncludeUnflattenedEmbeddedObjects" classname="EdFi.Ods.WebService.Tests.Composites.CompositeResourcesCanBeDefinedThroughXmlFeature" runstate="Runnable" result="Passed" duration="0.030006" asserts="2">
                  <properties>
                    <property name="_DESCRIPTION" value="Composites include unflattened embedded objects" />
                  </properties>
                </test-case>
              </test-suite>
              <test-suite type="TestFixture" id="7-1293" name="CompositesAreConstrainedByMultipleProfilesFeature" fullname="EdFi.Ods.WebService.Tests.Composites.CompositesAreConstrainedByMultipleProfilesFeature" classname="EdFi.Ods.WebService.Tests.Composites.CompositesAreConstrainedByMultipleProfilesFeature" runstate="Runnable" testcasecount="4" result="Passed" duration="6.977761" total="4" passed="0" failed="0" inconclusive="0" skipped="0" asserts="0">
                <properties>
                  <property name="_DESCRIPTION" value="Composites are constrained by multiple Profiles" />
                  <property name="_CATEGORIES" value="Composites" />
                </properties>
                <test-case id="7-1297" name="CompositeResourceContainsChildCollectionWhichHaveValueFiltersAppliedByTwoDifferentProfiles" fullname="EdFi.Ods.WebService.Tests.Composites.CompositesAreConstrainedByMultipleProfilesFeature.CompositeResourceContainsChildCollectionWhichHaveValueFiltersAppliedByTwoDifferentProfiles" methodname="CompositeResourceContainsChildCollectionWhichHaveValueFiltersAppliedByTwoDifferentProfiles" classname="EdFi.Ods.WebService.Tests.Composites.CompositesAreConstrainedByMultipleProfilesFeature" runstate="Runnable" result="Passed" duration="4.554616" asserts="1">
                  <properties>
                    <property name="_DESCRIPTION" value="Composite resource contains child collection which have value filters applied by two different profiles" />
                  </properties>
                </test-case>
                <test-case id="7-1296" name="CompositeResourceContainsChildElementsComposingStaffAndStudentWhichAreContrainedByTwoDifferentProfiles" fullname="EdFi.Ods.WebService.Tests.Composites.CompositesAreConstrainedByMultipleProfilesFeature.CompositeResourceContainsChildElementsComposingStaffAndStudentWhichAreContrainedByTwoDifferentProfiles" methodname="CompositeResourceContainsChildElementsComposingStaffAndStudentWhichAreContrainedByTwoDifferentProfiles" classname="EdFi.Ods.WebService.Tests.Composites.CompositesAreConstrainedByMultipleProfilesFeature" runstate="Runnable" result="Passed" duration="0.938507" asserts="4">
                  <properties>
                    <property name="_DESCRIPTION" value="Composite resource contains child elements composing Staff and Student which are contrained by two different profiles" />
                  </properties>
                </test-case>
                <test-case id="7-1295" name="CompositeResourceContainsSchoolWhichIsConstrainedByOneProfileThatExcludesAChildCollectionAndAnotherThatIncludesSomePropertiesOfTheChildCollection" fullname="EdFi.Ods.WebService.Tests.Composites.CompositesAreConstrainedByMultipleProfilesFeature.CompositeResourceContainsSchoolWhichIsConstrainedByOneProfileThatExcludesAChildCollectionAndAnotherThatIncludesSomePropertiesOfTheChildCollection" methodname="CompositeResourceContainsSchoolWhichIsConstrainedByOneProfileThatExcludesAChildCollectionAndAnotherThatIncludesSomePropertiesOfTheChildCollection" classname="EdFi.Ods.WebService.Tests.Composites.CompositesAreConstrainedByMultipleProfilesFeature" runstate="Runnable" result="Passed" duration="0.245443" asserts="2">
                  <properties>
                    <property name="_DESCRIPTION" value="Composite resource contains School which is constrained by one profile that excludes a child collection and another that includes some properties of the child collection" />
                  </properties>
                </test-case>
                <test-case id="7-1294" name="CompositeResourceContainsSchoolWhichIsConstrainedByOverlappingInclude_OnlyAndExclude_OnlyProfiles" fullname="EdFi.Ods.WebService.Tests.Composites.CompositesAreConstrainedByMultipleProfilesFeature.CompositeResourceContainsSchoolWhichIsConstrainedByOverlappingInclude_OnlyAndExclude_OnlyProfiles" methodname="CompositeResourceContainsSchoolWhichIsConstrainedByOverlappingInclude_OnlyAndExclude_OnlyProfiles" classname="EdFi.Ods.WebService.Tests.Composites.CompositesAreConstrainedByMultipleProfilesFeature" runstate="Runnable" result="Passed" duration="0.239903" asserts="1">
                  <properties>
                    <property name="_DESCRIPTION" value="Composite resource contains School which is constrained by overlapping include-only and exclude-only Profiles" />
                  </properties>
                </test-case>
              </test-suite>
              <test-suite type="TestFixture" id="7-1280" name="CompositesAreConstrainedByProfilesFeature" fullname="EdFi.Ods.WebService.Tests.Composites.CompositesAreConstrainedByProfilesFeature" classname="EdFi.Ods.WebService.Tests.Composites.CompositesAreConstrainedByProfilesFeature" runstate="Runnable" testcasecount="12" result="Passed" duration="6.228604" total="12" passed="0" failed="0" inconclusive="0" skipped="0" asserts="0">
                <properties>
                  <property name="_DESCRIPTION" value="Composites are constrained by Profiles" />
                  <property name="_CATEGORIES" value="Composites" />
                </properties>
                <test-case id="7-1282" name="CompositeResourceContainsSchoolWhichIsConstrainedByAnExclude_OnlyProfile" fullname="EdFi.Ods.WebService.Tests.Composites.CompositesAreConstrainedByProfilesFeature.CompositeResourceContainsSchoolWhichIsConstrainedByAnExclude_OnlyProfile" methodname="CompositeResourceContainsSchoolWhichIsConstrainedByAnExclude_OnlyProfile" classname="EdFi.Ods.WebService.Tests.Composites.CompositesAreConstrainedByProfilesFeature" runstate="Runnable" result="Passed" duration="2.699910" asserts="1">
                  <properties>
                    <property name="_DESCRIPTION" value="Composite resource contains School which is constrained by an exclude-only Profile" />
                  </properties>
                </test-case>
                <test-case id="7-1284" name="CompositeResourceContainsSchoolWhichIsConstrainedByAnExclude_OnlyReferencesProfile" fullname="EdFi.Ods.WebService.Tests.Composites.CompositesAreConstrainedByProfilesFeature.CompositeResourceContainsSchoolWhichIsConstrainedByAnExclude_OnlyReferencesProfile" methodname="CompositeResourceContainsSchoolWhichIsConstrainedByAnExclude_OnlyReferencesProfile" classname="EdFi.Ods.WebService.Tests.Composites.CompositesAreConstrainedByProfilesFeature" runstate="Runnable" result="Passed" duration="0.191172" asserts="1">
                  <properties>
                    <property name="_DESCRIPTION" value="Composite resource contains School which is constrained by an exclude-only references Profile" />
                  </properties>
                </test-case>
                <test-case id="7-1285" name="CompositeResourceContainsSchoolWhichIsConstrainedByAnInclude_AllProfile" fullname="EdFi.Ods.WebService.Tests.Composites.CompositesAreConstrainedByProfilesFeature.CompositeResourceContainsSchoolWhichIsConstrainedByAnInclude_AllProfile" methodname="CompositeResourceContainsSchoolWhichIsConstrainedByAnInclude_AllProfile" classname="EdFi.Ods.WebService.Tests.Composites.CompositesAreConstrainedByProfilesFeature" runstate="Runnable" result="Passed" duration="0.089835" asserts="1">
                  <properties>
                    <property name="_DESCRIPTION" value="Composite resource contains School which is constrained by an include-all Profile" />
                  </properties>
                </test-case>
                <test-case id="7-1281" name="CompositeResourceContainsSchoolWhichIsConstrainedByAnInclude_OnlyProfile" fullname="EdFi.Ods.WebService.Tests.Composites.CompositesAreConstrainedByProfilesFeature.CompositeResourceContainsSchoolWhichIsConstrainedByAnInclude_OnlyProfile" methodname="CompositeResourceContainsSchoolWhichIsConstrainedByAnInclude_OnlyProfile" classname="EdFi.Ods.WebService.Tests.Composites.CompositesAreConstrainedByProfilesFeature" runstate="Runnable" result="Passed" duration="0.072594" asserts="1">
                  <properties>
                    <property name="_DESCRIPTION" value="Composite resource contains School which is constrained by an include-only Profile" />
                  </properties>
                </test-case>
                <test-case id="7-1283" name="CompositeResourceContainsSchoolWhichIsConstrainedByAnInclude_OnlyReferencesProfile" fullname="EdFi.Ods.WebService.Tests.Composites.CompositesAreConstrainedByProfilesFeature.CompositeResourceContainsSchoolWhichIsConstrainedByAnInclude_OnlyReferencesProfile" methodname="CompositeResourceContainsSchoolWhichIsConstrainedByAnInclude_OnlyReferencesProfile" classname="EdFi.Ods.WebService.Tests.Composites.CompositesAreConstrainedByProfilesFeature" runstate="Runnable" result="Passed" duration="0.045768" asserts="1">
                  <properties>
                    <property name="_DESCRIPTION" value="Composite resource contains School which is constrained by an include-only references Profile" />
                  </properties>
                </test-case>
                <test-case id="7-1286" name="CompositeResourceContainsStaffWhichIsConstrainedByAnInclude_AllProfile" fullname="EdFi.Ods.WebService.Tests.Composites.CompositesAreConstrainedByProfilesFeature.CompositeResourceContainsStaffWhichIsConstrainedByAnInclude_AllProfile" methodname="CompositeResourceContainsStaffWhichIsConstrainedByAnInclude_AllProfile" classname="EdFi.Ods.WebService.Tests.Composites.CompositesAreConstrainedByProfilesFeature" runstate="Runnable" result="Passed" duration="0.183057" asserts="2">
                  <properties>
                    <property name="_DESCRIPTION" value="Composite resource contains Staff which is constrained by an include-all Profile" />
                  </properties>
                </test-case>
                <test-case id="7-1290" name="CompositeResourceIsConstrainedByAProfileWithAnExcludeOnlyOnAChildCollection" fullname="EdFi.Ods.WebService.Tests.Composites.CompositesAreConstrainedByProfilesFeature.CompositeResourceIsConstrainedByAProfileWithAnExcludeOnlyOnAChildCollection" methodname="CompositeResourceIsConstrainedByAProfileWithAnExcludeOnlyOnAChildCollection" classname="EdFi.Ods.WebService.Tests.Composites.CompositesAreConstrainedByProfilesFeature" runstate="Runnable" result="Passed" duration="0.042783" asserts="1">
                  <properties>
                    <property name="_DESCRIPTION" value="Composite resource is constrained by a Profile with an exclude only on a child collection" />
                  </properties>
                </test-case>
                <test-case id="7-1292" name="CompositeResourceIsConstrainedByAProfileWithAnExclusiveCollectionValueFilterOnAChildCollection" fullname="EdFi.Ods.WebService.Tests.Composites.CompositesAreConstrainedByProfilesFeature.CompositeResourceIsConstrainedByAProfileWithAnExclusiveCollectionValueFilterOnAChildCollection" methodname="CompositeResourceIsConstrainedByAProfileWithAnExclusiveCollectionValueFilterOnAChildCollection" classname="EdFi.Ods.WebService.Tests.Composites.CompositesAreConstrainedByProfilesFeature" runstate="Runnable" result="Passed" duration="0.884084" asserts="1">
                  <properties>
                    <property name="_DESCRIPTION" value="Composite resource is constrained by a Profile with an exclusive collection value filter on a child collection" />
                  </properties>
                </test-case>
                <test-case id="7-1288" name="CompositeResourceIsConstrainedByAProfileWithAnIncludeAllOnAChildCollection" fullname="EdFi.Ods.WebService.Tests.Composites.CompositesAreConstrainedByProfilesFeature.CompositeResourceIsConstrainedByAProfileWithAnIncludeAllOnAChildCollection" methodname="CompositeResourceIsConstrainedByAProfileWithAnIncludeAllOnAChildCollection" classname="EdFi.Ods.WebService.Tests.Composites.CompositesAreConstrainedByProfilesFeature" runstate="Runnable" result="Passed" duration="0.053853" asserts="1">
                  <properties>
                    <property name="_DESCRIPTION" value="Composite resource is constrained by a Profile with an include all on a child collection" />
                  </properties>
                </test-case>
                <test-case id="7-1289" name="CompositeResourceIsConstrainedByAProfileWithAnIncludeOnlyOnAChildCollection" fullname="EdFi.Ods.WebService.Tests.Composites.CompositesAreConstrainedByProfilesFeature.CompositeResourceIsConstrainedByAProfileWithAnIncludeOnlyOnAChildCollection" methodname="CompositeResourceIsConstrainedByAProfileWithAnIncludeOnlyOnAChildCollection" classname="EdFi.Ods.WebService.Tests.Composites.CompositesAreConstrainedByProfilesFeature" runstate="Runnable" result="Passed" duration="0.041618" asserts="1">
                  <properties>
                    <property name="_DESCRIPTION" value="Composite resource is constrained by a Profile with an include only on a child collection" />
                  </properties>
                </test-case>
                <test-case id="7-1291" name="CompositeResourceIsConstrainedByAProfileWithAnInclusiveCollectionValueFilterOnAChildCollection" fullname="EdFi.Ods.WebService.Tests.Composites.CompositesAreConstrainedByProfilesFeature.CompositeResourceIsConstrainedByAProfileWithAnInclusiveCollectionValueFilterOnAChildCollection" methodname="CompositeResourceIsConstrainedByAProfileWithAnInclusiveCollectionValueFilterOnAChildCollection" classname="EdFi.Ods.WebService.Tests.Composites.CompositesAreConstrainedByProfilesFeature" runstate="Runnable" result="Passed" duration="0.222038" asserts="1">
                  <properties>
                    <property name="_DESCRIPTION" value="Composite resource is constrained by a Profile with an inclusive collection value filter on a child collection" />
                  </properties>
                </test-case>
                <test-case id="7-1287" name="CompositeResourceSBaseResourceIsConstrainedByAWrite_OnlyProfile" fullname="EdFi.Ods.WebService.Tests.Composites.CompositesAreConstrainedByProfilesFeature.CompositeResourceSBaseResourceIsConstrainedByAWrite_OnlyProfile" methodname="CompositeResourceSBaseResourceIsConstrainedByAWrite_OnlyProfile" classname="EdFi.Ods.WebService.Tests.Composites.CompositesAreConstrainedByProfilesFeature" runstate="Runnable" result="Passed" duration="0.657074" asserts="0">
                  <properties>
                    <property name="_DESCRIPTION" value="Composite resource's base resource is constrained by a write-only Profile" />
                  </properties>
                </test-case>
              </test-suite>
              <test-suite type="TestFixture" id="7-1298" name="CompositesSupportDescriptorsFeature" fullname="EdFi.Ods.WebService.Tests.Composites.CompositesSupportDescriptorsFeature" classname="EdFi.Ods.WebService.Tests.Composites.CompositesSupportDescriptorsFeature" runstate="Runnable" testcasecount="1" result="Passed" duration="3.554927" total="1" passed="0" failed="0" inconclusive="0" skipped="0" asserts="0">
                <properties>
                  <property name="_DESCRIPTION" value="Composites support descriptors" />
                  <property name="_CATEGORIES" value="Composites" />
                </properties>
                <test-case id="7-1299" name="EdfiDescriptorUsesNamespaceCodeValue" fullname="EdFi.Ods.WebService.Tests.Composites.CompositesSupportDescriptorsFeature.EdfiDescriptorUsesNamespaceCodeValue" methodname="EdfiDescriptorUsesNamespaceCodeValue" classname="EdFi.Ods.WebService.Tests.Composites.CompositesSupportDescriptorsFeature" runstate="Runnable" result="Passed" duration="2.709086" asserts="4">
                  <properties>
                    <property name="_DESCRIPTION" value="Edfi descriptor uses namespace code value" />
                    <property name="_CATEGORIES" value="NonDefaultDescriptorNamespace" />
                  </properties>
                </test-case>
              </test-suite>
              <test-suite type="TestFixture" id="7-1300" name="CompositesSupportGetPatternsFeature" fullname="EdFi.Ods.WebService.Tests.Composites.CompositesSupportGetPatternsFeature" classname="EdFi.Ods.WebService.Tests.Composites.CompositesSupportGetPatternsFeature" runstate="Runnable" testcasecount="8" result="Passed" duration="3.155412" total="8" passed="0" failed="0" inconclusive="0" skipped="0" asserts="0">
                <properties>
                  <property name="_DESCRIPTION" value="Composites support Get patterns" />
                  <property name="_CATEGORIES" value="Composites" />
                </properties>
                <test-suite type="ParameterizedTest" id="7-1305" name="CompositeGetByIdRequestUsesAnInvalidResourceIdentifier" fullname="EdFi.Ods.WebService.Tests.Composites.CompositesSupportGetPatternsFeature.CompositeGetByIdRequestUsesAnInvalidResourceIdentifier" runstate="Runnable" testcasecount="4" result="Passed" duration="2.317728" total="4" passed="0" failed="0" inconclusive="0" skipped="0" asserts="0">
                  <properties>
                    <property name="_DESCRIPTION" value="Composite GetById request uses an invalid resource identifier" />
                  </properties>
                  <test-case id="7-1306" name="CompositeGetByIdRequestUsesAnInvalidResourceIdentifier(&quot;abc&quot;,&quot;Not a GUID&quot;,null)" fullname="EdFi.Ods.WebService.Tests.Composites.CompositesSupportGetPatternsFeature.CompositeGetByIdRequestUsesAnInvalidResourceIdentifier(&quot;abc&quot;,&quot;Not a GUID&quot;,null)" methodname="CompositeGetByIdRequestUsesAnInvalidResourceIdentifier" classname="EdFi.Ods.WebService.Tests.Composites.CompositesSupportGetPatternsFeature" runstate="Runnable" result="Passed" duration="2.304628" asserts="0" />
                  <test-case id="7-1307" name="CompositeGetByIdRequestUsesAnInvalidResourceIdentifier(&quot;XE736023-A4B6-42CE-9C3238A8520CD7D1&quot;,&quot;Format is acceptable (hypens), but X is not a valid hex digit&quot;,null)" fullname="EdFi.Ods.WebService.Tests.Composites.CompositesSupportGetPatternsFeature.CompositeGetByIdRequestUsesAnInvalidResourceIdentifier(&quot;XE736023-A4B6-42CE-9C3238A8520CD7D1&quot;,&quot;Format is acceptable (hypens), but X is not a valid hex digit&quot;,null)" methodname="CompositeGetByIdRequestUsesAnInvalidResourceIdentifier" classname="EdFi.Ods.WebService.Tests.Composites.CompositesSupportGetPatternsFeature" runstate="Runnable" result="Passed" duration="0.003569" asserts="0" />
                  <test-case id="7-1308" name="CompositeGetByIdRequestUsesAnInvalidResourceIdentifier(&quot;XE736023A4B642CE9C3238A8520CD7D1&quot;,&quot;Format is acceptable (no hyphens), but X is not a valid hex digit&quot;,null)" fullname="EdFi.Ods.WebService.Tests.Composites.CompositesSupportGetPatternsFeature.CompositeGetByIdRequestUsesAnInvalidResourceIdentifier(&quot;XE736023A4B642CE9C3238A8520CD7D1&quot;,&quot;Format is acceptable (no hyphens), but X is not a valid hex digit&quot;,null)" methodname="CompositeGetByIdRequestUsesAnInvalidResourceIdentifier" classname="EdFi.Ods.WebService.Tests.Composites.CompositesSupportGetPatternsFeature" runstate="Runnable" result="Passed" duration="0.001319" asserts="0" />
                  <test-case id="7-1309" name="CompositeGetByIdRequestUsesAnInvalidResourceIdentifier(&quot;AE736023-A4B6-42CE9C3238A8520CD7D1&quot;,&quot;Digits are valid, but format is invalid (missing hyphen)&quot;,null)" fullname="EdFi.Ods.WebService.Tests.Composites.CompositesSupportGetPatternsFeature.CompositeGetByIdRequestUsesAnInvalidResourceIdentifier(&quot;AE736023-A4B6-42CE9C3238A8520CD7D1&quot;,&quot;Digits are valid, but format is invalid (missing hyphen)&quot;,null)" methodname="CompositeGetByIdRequestUsesAnInvalidResourceIdentifier" classname="EdFi.Ods.WebService.Tests.Composites.CompositesSupportGetPatternsFeature" runstate="Runnable" result="Passed" duration="0.001187" asserts="0" />
                </test-suite>
                <test-case id="7-1301" name="CompositesSupportGetAllPatternRequests" fullname="EdFi.Ods.WebService.Tests.Composites.CompositesSupportGetPatternsFeature.CompositesSupportGetAllPatternRequests" methodname="CompositesSupportGetAllPatternRequests" classname="EdFi.Ods.WebService.Tests.Composites.CompositesSupportGetPatternsFeature" runstate="Runnable" result="Passed" duration="0.022865" asserts="1">
                  <properties>
                    <property name="_DESCRIPTION" value="Composites support GetAll pattern requests" />
                  </properties>
                </test-case>
                <test-case id="7-1304" name="CompositesSupportGetByExamplePatternRequests" fullname="EdFi.Ods.WebService.Tests.Composites.CompositesSupportGetPatternsFeature.CompositesSupportGetByExamplePatternRequests" methodname="CompositesSupportGetByExamplePatternRequests" classname="EdFi.Ods.WebService.Tests.Composites.CompositesSupportGetPatternsFeature" runstate="Runnable" result="Passed" duration="0.040718" asserts="1">
                  <properties>
                    <property name="_DESCRIPTION" value="Composites support GetByExample pattern requests" />
                  </properties>
                </test-case>
                <test-case id="7-1302" name="CompositesSupportGetByIdPatternRequests" fullname="EdFi.Ods.WebService.Tests.Composites.CompositesSupportGetPatternsFeature.CompositesSupportGetByIdPatternRequests" methodname="CompositesSupportGetByIdPatternRequests" classname="EdFi.Ods.WebService.Tests.Composites.CompositesSupportGetPatternsFeature" runstate="Runnable" result="Passed" duration="0.014841" asserts="1">
                  <properties>
                    <property name="_DESCRIPTION" value="Composites support GetById pattern requests" />
                  </properties>
                </test-case>
                <test-case id="7-1303" name="CompositesSupportGetByKeyPatternRequests" fullname="EdFi.Ods.WebService.Tests.Composites.CompositesSupportGetPatternsFeature.CompositesSupportGetByKeyPatternRequests" methodname="CompositesSupportGetByKeyPatternRequests" classname="EdFi.Ods.WebService.Tests.Composites.CompositesSupportGetPatternsFeature" runstate="Runnable" result="Passed" duration="0.014829" asserts="1">
                  <properties>
                    <property name="_DESCRIPTION" value="Composites support GetByKey pattern requests" />
                  </properties>
                </test-case>
              </test-suite>
              <test-suite type="TestFixture" id="7-1324" name="CompositesSupportHierarchicalResourcesFeature" fullname="EdFi.Ods.WebService.Tests.Composites.CompositesSupportHierarchicalResourcesFeature" classname="EdFi.Ods.WebService.Tests.Composites.CompositesSupportHierarchicalResourcesFeature" runstate="Runnable" testcasecount="1" result="Passed" duration="4.237925" total="1" passed="0" failed="0" inconclusive="0" skipped="0" asserts="0">
                <properties>
                  <property name="_DESCRIPTION" value="Composites support hierarchical resources" />
                  <property name="_CATEGORIES" value="Composites" />
                  <property name="_CATEGORIES" value="HierarchicalComposite" />
                </properties>
                <test-case id="7-1325" name="CompositeIncludesAHierarchicalChildResource" fullname="EdFi.Ods.WebService.Tests.Composites.CompositesSupportHierarchicalResourcesFeature.CompositeIncludesAHierarchicalChildResource" methodname="CompositeIncludesAHierarchicalChildResource" classname="EdFi.Ods.WebService.Tests.Composites.CompositesSupportHierarchicalResourcesFeature" runstate="Runnable" result="Passed" duration="3.516750" asserts="41">
                  <properties>
                    <property name="_DESCRIPTION" value="Composite includes a hierarchical child resource" />
                  </properties>
                </test-case>
              </test-suite>
              <test-suite type="TestFixture" id="7-1310" name="CompositesSupportShortDescriptionFeature" fullname="EdFi.Ods.WebService.Tests.Composites.CompositesSupportShortDescriptionFeature" classname="EdFi.Ods.WebService.Tests.Composites.CompositesSupportShortDescriptionFeature" runstate="Runnable" testcasecount="1" result="Passed" duration="3.501874" total="1" passed="0" failed="0" inconclusive="0" skipped="0" asserts="0">
                <properties>
                  <property name="_DESCRIPTION" value="Composites support short description" />
                  <property name="_CATEGORIES" value="Composites" />
                </properties>
                <test-case id="7-1311" name="EdfiTypesUseShortDescription" fullname="EdFi.Ods.WebService.Tests.Composites.CompositesSupportShortDescriptionFeature.EdfiTypesUseShortDescription" methodname="EdfiTypesUseShortDescription" classname="EdFi.Ods.WebService.Tests.Composites.CompositesSupportShortDescriptionFeature" runstate="Runnable" result="Passed" duration="2.785401" asserts="0">
                  <properties>
                    <property name="_DESCRIPTION" value="Edfi types use short description" />
                  </properties>
                </test-case>
              </test-suite>
              <test-suite type="TestFixture" id="7-1266" name="CompositesSupportUrlBasedFieldSelectionFeature" fullname="EdFi.Ods.WebService.Tests.Composites.CompositesSupportUrlBasedFieldSelectionFeature" classname="EdFi.Ods.WebService.Tests.Composites.CompositesSupportUrlBasedFieldSelectionFeature" runstate="Runnable" testcasecount="6" result="Passed" duration="3.217728" total="6" passed="0" failed="0" inconclusive="0" skipped="0" asserts="0">
                <properties>
                  <property name="_DESCRIPTION" value="Composites support url based field selection" />
                  <property name="_CATEGORIES" value="Composites" />
                </properties>
                <test-case id="7-1270" name="CompositeIsRequestedUsingFieldSelectorContainingAllMembersOfAChildCollection" fullname="EdFi.Ods.WebService.Tests.Composites.CompositesSupportUrlBasedFieldSelectionFeature.CompositeIsRequestedUsingFieldSelectorContainingAllMembersOfAChildCollection" methodname="CompositeIsRequestedUsingFieldSelectorContainingAllMembersOfAChildCollection" classname="EdFi.Ods.WebService.Tests.Composites.CompositesSupportUrlBasedFieldSelectionFeature" runstate="Runnable" result="Passed" duration="2.348326" asserts="2">
                  <properties>
                    <property name="_DESCRIPTION" value="Composite is requested using field selector containing all members of a child collection" />
                  </properties>
                </test-case>
                <test-case id="7-1269" name="CompositeIsRequestedUsingFieldSelectorContainingAllMembersOfAChildCollectionUsingTheAsteriskSelector" fullname="EdFi.Ods.WebService.Tests.Composites.CompositesSupportUrlBasedFieldSelectionFeature.CompositeIsRequestedUsingFieldSelectorContainingAllMembersOfAChildCollectionUsingTheAsteriskSelector" methodname="CompositeIsRequestedUsingFieldSelectorContainingAllMembersOfAChildCollectionUsingTheAsteriskSelector" classname="EdFi.Ods.WebService.Tests.Composites.CompositesSupportUrlBasedFieldSelectionFeature" runstate="Runnable" result="Passed" duration="0.022280" asserts="2">
                  <properties>
                    <property name="_DESCRIPTION" value="Composite is requested using field selector containing all members of a child collection using the asterisk selector" />
                  </properties>
                </test-case>
                <test-case id="7-1268" name="CompositeIsRequestedUsingFieldSelectorContainingASubsetOfAChildCollection" fullname="EdFi.Ods.WebService.Tests.Composites.CompositesSupportUrlBasedFieldSelectionFeature.CompositeIsRequestedUsingFieldSelectorContainingASubsetOfAChildCollection" methodname="CompositeIsRequestedUsingFieldSelectorContainingASubsetOfAChildCollection" classname="EdFi.Ods.WebService.Tests.Composites.CompositesSupportUrlBasedFieldSelectionFeature" runstate="Runnable" result="Passed" duration="0.035524" asserts="2">
                  <properties>
                    <property name="_DESCRIPTION" value="Composite is requested using field selector containing a subset of a child collection" />
                  </properties>
                </test-case>
                <test-case id="7-1267" name="CompositeIsRequestedUsingFieldSelectorContainingASubsetOfTop_LevelMembers" fullname="EdFi.Ods.WebService.Tests.Composites.CompositesSupportUrlBasedFieldSelectionFeature.CompositeIsRequestedUsingFieldSelectorContainingASubsetOfTop_LevelMembers" methodname="CompositeIsRequestedUsingFieldSelectorContainingASubsetOfTop_LevelMembers" classname="EdFi.Ods.WebService.Tests.Composites.CompositesSupportUrlBasedFieldSelectionFeature" runstate="Runnable" result="Passed" duration="0.012549" asserts="1">
                  <properties>
                    <property name="_DESCRIPTION" value="Composite is requested using field selector containing a subset of top-level members" />
                  </properties>
                </test-case>
                <test-case id="7-1272" name="CompositeIsRequestedUsingFieldSelectorOnANon_PersonEntityContainingAUniqueId" fullname="EdFi.Ods.WebService.Tests.Composites.CompositesSupportUrlBasedFieldSelectionFeature.CompositeIsRequestedUsingFieldSelectorOnANon_PersonEntityContainingAUniqueId" methodname="CompositeIsRequestedUsingFieldSelectorOnANon_PersonEntityContainingAUniqueId" classname="EdFi.Ods.WebService.Tests.Composites.CompositesSupportUrlBasedFieldSelectionFeature" runstate="Runnable" result="Passed" duration="0.022496" asserts="1">
                  <properties>
                    <property name="_DESCRIPTION" value="Composite is requested using field selector on a non-Person entity containing a UniqueId" />
                  </properties>
                </test-case>
                <test-case id="7-1271" name="CompositeIsRequestedUsingFieldSelectorOnAPersonEntityContainingAUniqueId" fullname="EdFi.Ods.WebService.Tests.Composites.CompositesSupportUrlBasedFieldSelectionFeature.CompositeIsRequestedUsingFieldSelectorOnAPersonEntityContainingAUniqueId" methodname="CompositeIsRequestedUsingFieldSelectorOnAPersonEntityContainingAUniqueId" classname="EdFi.Ods.WebService.Tests.Composites.CompositesSupportUrlBasedFieldSelectionFeature" runstate="Runnable" result="Passed" duration="0.016314" asserts="1">
                  <properties>
                    <property name="_DESCRIPTION" value="Composite is requested using field selector on a Person entity containing a UniqueId" />
                  </properties>
                </test-case>
              </test-suite>
              <test-suite type="TestFixture" id="7-1312" name="CompositesSupportURLBasedPaginationFeature" fullname="EdFi.Ods.WebService.Tests.Composites.CompositesSupportURLBasedPaginationFeature" classname="EdFi.Ods.WebService.Tests.Composites.CompositesSupportURLBasedPaginationFeature" runstate="Runnable" testcasecount="11" result="Passed" duration="3.995754" total="11" passed="0" failed="0" inconclusive="0" skipped="0" asserts="0">
                <properties>
                  <property name="_DESCRIPTION" value="Composites support URL based pagination" />
                  <property name="_CATEGORIES" value="Composites" />
                </properties>
                <test-case id="7-1319" name="CompositeIsRequestedUsingANon_NumericLimit" fullname="EdFi.Ods.WebService.Tests.Composites.CompositesSupportURLBasedPaginationFeature.CompositeIsRequestedUsingANon_NumericLimit" methodname="CompositeIsRequestedUsingANon_NumericLimit" classname="EdFi.Ods.WebService.Tests.Composites.CompositesSupportURLBasedPaginationFeature" runstate="Runnable" result="Passed" duration="3.072522" asserts="2">
                  <properties>
                    <property name="_DESCRIPTION" value="Composite is requested using a non-numeric limit" />
                  </properties>
                </test-case>
                <test-case id="7-1318" name="CompositeIsRequestedUsingANon_NumericOffset" fullname="EdFi.Ods.WebService.Tests.Composites.CompositesSupportURLBasedPaginationFeature.CompositeIsRequestedUsingANon_NumericOffset" methodname="CompositeIsRequestedUsingANon_NumericOffset" classname="EdFi.Ods.WebService.Tests.Composites.CompositesSupportURLBasedPaginationFeature" runstate="Runnable" result="Passed" duration="0.011375" asserts="2">
                  <properties>
                    <property name="_DESCRIPTION" value="Composite is requested using a non-numeric offset" />
                  </properties>
                </test-case>
                <test-case id="7-1317" name="CompositeIsRequestedUsingANon_NumericPageSize" fullname="EdFi.Ods.WebService.Tests.Composites.CompositesSupportURLBasedPaginationFeature.CompositeIsRequestedUsingANon_NumericPageSize" methodname="CompositeIsRequestedUsingANon_NumericPageSize" classname="EdFi.Ods.WebService.Tests.Composites.CompositesSupportURLBasedPaginationFeature" runstate="Runnable" result="Passed" duration="0.021986" asserts="2">
                  <properties>
                    <property name="_DESCRIPTION" value="Composite is requested using a non-numeric page size" />
                  </properties>
                </test-case>
                <test-case id="7-1323" name="CompositeIsRequestedUsingAPageSizeOf0Results" fullname="EdFi.Ods.WebService.Tests.Composites.CompositesSupportURLBasedPaginationFeature.CompositeIsRequestedUsingAPageSizeOf0Results" methodname="CompositeIsRequestedUsingAPageSizeOf0Results" classname="EdFi.Ods.WebService.Tests.Composites.CompositesSupportURLBasedPaginationFeature" runstate="Runnable" result="Passed" duration="0.003077" asserts="2">
                  <properties>
                    <property name="_DESCRIPTION" value="Composite is requested using a page size of 0 results" />
                  </properties>
                </test-case>
                <test-case id="7-1322" name="CompositeIsRequestedUsingAPageSizeOfMoreThan100Results" fullname="EdFi.Ods.WebService.Tests.Composites.CompositesSupportURLBasedPaginationFeature.CompositeIsRequestedUsingAPageSizeOfMoreThan100Results" methodname="CompositeIsRequestedUsingAPageSizeOfMoreThan100Results" classname="EdFi.Ods.WebService.Tests.Composites.CompositesSupportURLBasedPaginationFeature" runstate="Runnable" result="Passed" duration="0.001800" asserts="2">
                  <properties>
                    <property name="_DESCRIPTION" value="Composite is requested using a page size of more than 100 results" />
                  </properties>
                </test-case>
                <test-case id="7-1321" name="CompositeIsRequestedUsingAValidPageSizeOf100Results" fullname="EdFi.Ods.WebService.Tests.Composites.CompositesSupportURLBasedPaginationFeature.CompositeIsRequestedUsingAValidPageSizeOf100Results" methodname="CompositeIsRequestedUsingAValidPageSizeOf100Results" classname="EdFi.Ods.WebService.Tests.Composites.CompositesSupportURLBasedPaginationFeature" runstate="Runnable" result="Passed" duration="0.025954" asserts="1">
                  <properties>
                    <property name="_DESCRIPTION" value="Composite is requested using a valid page size of 100 results" />
                  </properties>
                </test-case>
                <test-case id="7-1316" name="CompositeIsRequestedUsingBothPagesSizeAndPageOffsetParameters" fullname="EdFi.Ods.WebService.Tests.Composites.CompositesSupportURLBasedPaginationFeature.CompositeIsRequestedUsingBothPagesSizeAndPageOffsetParameters" methodname="CompositeIsRequestedUsingBothPagesSizeAndPageOffsetParameters" classname="EdFi.Ods.WebService.Tests.Composites.CompositesSupportURLBasedPaginationFeature" runstate="Runnable" result="Passed" duration="0.040229" asserts="2">
                  <properties>
                    <property name="_DESCRIPTION" value="Composite is requested using both pages size and page offset parameters" />
                  </properties>
                </test-case>
                <test-case id="7-1313" name="CompositeIsRequestedUsingNoPagingParameters" fullname="EdFi.Ods.WebService.Tests.Composites.CompositesSupportURLBasedPaginationFeature.CompositeIsRequestedUsingNoPagingParameters" methodname="CompositeIsRequestedUsingNoPagingParameters" classname="EdFi.Ods.WebService.Tests.Composites.CompositesSupportURLBasedPaginationFeature" runstate="Runnable" result="Passed" duration="0.015814" asserts="2">
                  <properties>
                    <property name="_DESCRIPTION" value="Composite is requested using no paging parameters" />
                  </properties>
                </test-case>
                <test-case id="7-1315" name="CompositeIsRequestedUsingPageOffsetParameter" fullname="EdFi.Ods.WebService.Tests.Composites.CompositesSupportURLBasedPaginationFeature.CompositeIsRequestedUsingPageOffsetParameter" methodname="CompositeIsRequestedUsingPageOffsetParameter" classname="EdFi.Ods.WebService.Tests.Composites.CompositesSupportURLBasedPaginationFeature" runstate="Runnable" result="Passed" duration="0.012963" asserts="2">
                  <properties>
                    <property name="_DESCRIPTION" value="Composite is requested using page offset parameter" />
                  </properties>
                </test-case>
                <test-case id="7-1314" name="CompositeIsRequestedUsingPageSizeParameter" fullname="EdFi.Ods.WebService.Tests.Composites.CompositesSupportURLBasedPaginationFeature.CompositeIsRequestedUsingPageSizeParameter" methodname="CompositeIsRequestedUsingPageSizeParameter" classname="EdFi.Ods.WebService.Tests.Composites.CompositesSupportURLBasedPaginationFeature" runstate="Runnable" result="Passed" duration="0.011767" asserts="2">
                  <properties>
                    <property name="_DESCRIPTION" value="Composite is requested using page size parameter" />
                  </properties>
                </test-case>
                <test-case id="7-1320" name="CompositeIsRequestedUsingPageSizeParameterThatIsNamedUsingNon_Lower_CaseCharacters" fullname="EdFi.Ods.WebService.Tests.Composites.CompositesSupportURLBasedPaginationFeature.CompositeIsRequestedUsingPageSizeParameterThatIsNamedUsingNon_Lower_CaseCharacters" methodname="CompositeIsRequestedUsingPageSizeParameterThatIsNamedUsingNon_Lower_CaseCharacters" classname="EdFi.Ods.WebService.Tests.Composites.CompositesSupportURLBasedPaginationFeature" runstate="Runnable" result="Passed" duration="0.014960" asserts="2">
                  <properties>
                    <property name="_DESCRIPTION" value="Composite is requested using page size parameter that is named using non-lower-case characters" />
                  </properties>
                </test-case>
              </test-suite>
              <test-suite type="TestFixture" id="7-1326" name="RefactoredCompositesGeneratesSameQueriesFeature" fullname="EdFi.Ods.WebService.Tests.Composites.RefactoredCompositesGeneratesSameQueriesFeature" classname="EdFi.Ods.WebService.Tests.Composites.RefactoredCompositesGeneratesSameQueriesFeature" runstate="Runnable" testcasecount="28" result="Passed" duration="21.951411" total="28" passed="0" failed="0" inconclusive="0" skipped="0" asserts="0">
                <properties>
                  <property name="_DESCRIPTION" value="Refactored composites generates same queries" />
                  <property name="_CATEGORIES" value="Composites" />
                </properties>
                <test-case id="7-1348" name="AssessmentByIdIsExecuted" fullname="EdFi.Ods.WebService.Tests.Composites.RefactoredCompositesGeneratesSameQueriesFeature.AssessmentByIdIsExecuted" methodname="AssessmentByIdIsExecuted" classname="EdFi.Ods.WebService.Tests.Composites.RefactoredCompositesGeneratesSameQueriesFeature" runstate="Runnable" result="Passed" duration="4.213971" asserts="0">
                  <properties>
                    <property name="_DESCRIPTION" value="Assessment by Id is executed" />
                  </properties>
                </test-case>
                <test-case id="7-1349" name="AssessmentsByLocalEducationAgencyIdIsExecuted" fullname="EdFi.Ods.WebService.Tests.Composites.RefactoredCompositesGeneratesSameQueriesFeature.AssessmentsByLocalEducationAgencyIdIsExecuted" methodname="AssessmentsByLocalEducationAgencyIdIsExecuted" classname="EdFi.Ods.WebService.Tests.Composites.RefactoredCompositesGeneratesSameQueriesFeature" runstate="Runnable" result="Passed" duration="1.064148" asserts="0">
                  <properties>
                    <property name="_DESCRIPTION" value="Assessments by Local Education Agency (Id) is executed" />
                  </properties>
                </test-case>
                <test-case id="7-1350" name="AssessmentsByProgramIdIsExecuted" fullname="EdFi.Ods.WebService.Tests.Composites.RefactoredCompositesGeneratesSameQueriesFeature.AssessmentsByProgramIdIsExecuted" methodname="AssessmentsByProgramIdIsExecuted" classname="EdFi.Ods.WebService.Tests.Composites.RefactoredCompositesGeneratesSameQueriesFeature" runstate="Runnable" result="Passed" duration="0.092822" asserts="0">
                  <properties>
                    <property name="_DESCRIPTION" value="Assessments by Program (Id) is executed" />
                  </properties>
                </test-case>
                <test-case id="7-1351" name="AssessmentsBySchoolIdIsExecuted" fullname="EdFi.Ods.WebService.Tests.Composites.RefactoredCompositesGeneratesSameQueriesFeature.AssessmentsBySchoolIdIsExecuted" methodname="AssessmentsBySchoolIdIsExecuted" classname="EdFi.Ods.WebService.Tests.Composites.RefactoredCompositesGeneratesSameQueriesFeature" runstate="Runnable" result="Passed" duration="0.812707" asserts="0">
                  <properties>
                    <property name="_DESCRIPTION" value="Assessments by School (Id) is executed" />
                  </properties>
                </test-case>
                <test-case id="7-1352" name="AssessmentsBySectionIdIsExecuted" fullname="EdFi.Ods.WebService.Tests.Composites.RefactoredCompositesGeneratesSameQueriesFeature.AssessmentsBySectionIdIsExecuted" methodname="AssessmentsBySectionIdIsExecuted" classname="EdFi.Ods.WebService.Tests.Composites.RefactoredCompositesGeneratesSameQueriesFeature" runstate="Runnable" result="Passed" duration="0.091139" asserts="0">
                  <properties>
                    <property name="_DESCRIPTION" value="Assessments by Section (Id) is executed" />
                  </properties>
                </test-case>
                <test-case id="7-1353" name="AssessmentsByStaffIdIsExecuted" fullname="EdFi.Ods.WebService.Tests.Composites.RefactoredCompositesGeneratesSameQueriesFeature.AssessmentsByStaffIdIsExecuted" methodname="AssessmentsByStaffIdIsExecuted" classname="EdFi.Ods.WebService.Tests.Composites.RefactoredCompositesGeneratesSameQueriesFeature" runstate="Runnable" result="Passed" duration="0.094162" asserts="0">
                  <properties>
                    <property name="_DESCRIPTION" value="Assessments by Staff (Id) is executed" />
                  </properties>
                </test-case>
                <test-case id="7-1354" name="AssessmentsByStudentIdIsExecuted" fullname="EdFi.Ods.WebService.Tests.Composites.RefactoredCompositesGeneratesSameQueriesFeature.AssessmentsByStudentIdIsExecuted" methodname="AssessmentsByStudentIdIsExecuted" classname="EdFi.Ods.WebService.Tests.Composites.RefactoredCompositesGeneratesSameQueriesFeature" runstate="Runnable" result="Passed" duration="0.446176" asserts="0">
                  <properties>
                    <property name="_DESCRIPTION" value="Assessments by Student (Id) is executed" />
                  </properties>
                </test-case>
                <test-case id="7-1327" name="SchoolByIdIsExecuted" fullname="EdFi.Ods.WebService.Tests.Composites.RefactoredCompositesGeneratesSameQueriesFeature.SchoolByIdIsExecuted" methodname="SchoolByIdIsExecuted" classname="EdFi.Ods.WebService.Tests.Composites.RefactoredCompositesGeneratesSameQueriesFeature" runstate="Runnable" result="Passed" duration="0.161804" asserts="0">
                  <properties>
                    <property name="_DESCRIPTION" value="School by Id is executed" />
                  </properties>
                </test-case>
                <test-case id="7-1328" name="SchoolsByLocalEducationAgencyIdIsExecuted" fullname="EdFi.Ods.WebService.Tests.Composites.RefactoredCompositesGeneratesSameQueriesFeature.SchoolsByLocalEducationAgencyIdIsExecuted" methodname="SchoolsByLocalEducationAgencyIdIsExecuted" classname="EdFi.Ods.WebService.Tests.Composites.RefactoredCompositesGeneratesSameQueriesFeature" runstate="Runnable" result="Passed" duration="0.166316" asserts="0">
                  <properties>
                    <property name="_DESCRIPTION" value="Schools by Local Education Agency (Id) is executed" />
                  </properties>
                </test-case>
                <test-case id="7-1329" name="SchoolsBySectionIdIsExecuted" fullname="EdFi.Ods.WebService.Tests.Composites.RefactoredCompositesGeneratesSameQueriesFeature.SchoolsBySectionIdIsExecuted" methodname="SchoolsBySectionIdIsExecuted" classname="EdFi.Ods.WebService.Tests.Composites.RefactoredCompositesGeneratesSameQueriesFeature" runstate="Runnable" result="Passed" duration="0.154092" asserts="0">
                  <properties>
                    <property name="_DESCRIPTION" value="Schools by Section (Id) is executed" />
                  </properties>
                </test-case>
                <test-case id="7-1330" name="SchoolsByStaffIdIsExecuted" fullname="EdFi.Ods.WebService.Tests.Composites.RefactoredCompositesGeneratesSameQueriesFeature.SchoolsByStaffIdIsExecuted" methodname="SchoolsByStaffIdIsExecuted" classname="EdFi.Ods.WebService.Tests.Composites.RefactoredCompositesGeneratesSameQueriesFeature" runstate="Runnable" result="Passed" duration="0.168991" asserts="0">
                  <properties>
                    <property name="_DESCRIPTION" value="Schools by Staff (Id) is executed" />
                  </properties>
                </test-case>
                <test-case id="7-1335" name="SectionByIdIsExecuted" fullname="EdFi.Ods.WebService.Tests.Composites.RefactoredCompositesGeneratesSameQueriesFeature.SectionByIdIsExecuted" methodname="SectionByIdIsExecuted" classname="EdFi.Ods.WebService.Tests.Composites.RefactoredCompositesGeneratesSameQueriesFeature" runstate="Runnable" result="Passed" duration="0.369515" asserts="0">
                  <properties>
                    <property name="_DESCRIPTION" value="Section by Id is executed" />
                  </properties>
                </test-case>
                <test-case id="7-1331" name="SectionEnrollmentByIdIsExecuted" fullname="EdFi.Ods.WebService.Tests.Composites.RefactoredCompositesGeneratesSameQueriesFeature.SectionEnrollmentByIdIsExecuted" methodname="SectionEnrollmentByIdIsExecuted" classname="EdFi.Ods.WebService.Tests.Composites.RefactoredCompositesGeneratesSameQueriesFeature" runstate="Runnable" result="Passed" duration="1.280757" asserts="0">
                  <properties>
                    <property name="_DESCRIPTION" value="Section Enrollment by Id is executed" />
                  </properties>
                </test-case>
                <test-case id="7-1332" name="SectionEnrollmentsByLocalEducationAgencyIdIsExecuted" fullname="EdFi.Ods.WebService.Tests.Composites.RefactoredCompositesGeneratesSameQueriesFeature.SectionEnrollmentsByLocalEducationAgencyIdIsExecuted" methodname="SectionEnrollmentsByLocalEducationAgencyIdIsExecuted" classname="EdFi.Ods.WebService.Tests.Composites.RefactoredCompositesGeneratesSameQueriesFeature" runstate="Runnable" result="Passed" duration="0.661109" asserts="0">
                  <properties>
                    <property name="_DESCRIPTION" value="Section Enrollments by Local Education Agency (Id) is executed" />
                  </properties>
                </test-case>
                <test-case id="7-1333" name="SectionEnrollmentsBySchoolIdIsExecuted" fullname="EdFi.Ods.WebService.Tests.Composites.RefactoredCompositesGeneratesSameQueriesFeature.SectionEnrollmentsBySchoolIdIsExecuted" methodname="SectionEnrollmentsBySchoolIdIsExecuted" classname="EdFi.Ods.WebService.Tests.Composites.RefactoredCompositesGeneratesSameQueriesFeature" runstate="Runnable" result="Passed" duration="0.680781" asserts="0">
                  <properties>
                    <property name="_DESCRIPTION" value="Section Enrollments by School (Id) is executed" />
                  </properties>
                </test-case>
                <test-case id="7-1334" name="SectionEnrollmentsByStaffIdIsExecuted" fullname="EdFi.Ods.WebService.Tests.Composites.RefactoredCompositesGeneratesSameQueriesFeature.SectionEnrollmentsByStaffIdIsExecuted" methodname="SectionEnrollmentsByStaffIdIsExecuted" classname="EdFi.Ods.WebService.Tests.Composites.RefactoredCompositesGeneratesSameQueriesFeature" runstate="Runnable" result="Passed" duration="0.504057" asserts="0">
                  <properties>
                    <property name="_DESCRIPTION" value="Section Enrollments by Staff (Id) is executed" />
                  </properties>
                </test-case>
                <test-case id="7-1336" name="SectionsByLocalEducationAgencyIdIsExecuted" fullname="EdFi.Ods.WebService.Tests.Composites.RefactoredCompositesGeneratesSameQueriesFeature.SectionsByLocalEducationAgencyIdIsExecuted" methodname="SectionsByLocalEducationAgencyIdIsExecuted" classname="EdFi.Ods.WebService.Tests.Composites.RefactoredCompositesGeneratesSameQueriesFeature" runstate="Runnable" result="Passed" duration="0.170794" asserts="0">
                  <properties>
                    <property name="_DESCRIPTION" value="Sections by Local Education Agency (Id) is executed" />
                  </properties>
                </test-case>
                <test-case id="7-1337" name="SectionsBySchoolIdIsExecuted" fullname="EdFi.Ods.WebService.Tests.Composites.RefactoredCompositesGeneratesSameQueriesFeature.SectionsBySchoolIdIsExecuted" methodname="SectionsBySchoolIdIsExecuted" classname="EdFi.Ods.WebService.Tests.Composites.RefactoredCompositesGeneratesSameQueriesFeature" runstate="Runnable" result="Passed" duration="0.175127" asserts="0">
                  <properties>
                    <property name="_DESCRIPTION" value="Sections by School (Id) is executed" />
                  </properties>
                </test-case>
                <test-case id="7-1338" name="SectionsByStaffIdIsExecuted" fullname="EdFi.Ods.WebService.Tests.Composites.RefactoredCompositesGeneratesSameQueriesFeature.SectionsByStaffIdIsExecuted" methodname="SectionsByStaffIdIsExecuted" classname="EdFi.Ods.WebService.Tests.Composites.RefactoredCompositesGeneratesSameQueriesFeature" runstate="Runnable" result="Passed" duration="0.155678" asserts="0">
                  <properties>
                    <property name="_DESCRIPTION" value="Sections by Staff (Id) is executed" />
                  </properties>
                </test-case>
                <test-case id="7-1339" name="StaffByIdIsExecuted" fullname="EdFi.Ods.WebService.Tests.Composites.RefactoredCompositesGeneratesSameQueriesFeature.StaffByIdIsExecuted" methodname="StaffByIdIsExecuted" classname="EdFi.Ods.WebService.Tests.Composites.RefactoredCompositesGeneratesSameQueriesFeature" runstate="Runnable" result="Passed" duration="0.143967" asserts="0">
                  <properties>
                    <property name="_DESCRIPTION" value="Staff by Id is executed" />
                  </properties>
                </test-case>
                <test-case id="7-1340" name="StaffsByLocalEducationAgencyIdIsExecuted" fullname="EdFi.Ods.WebService.Tests.Composites.RefactoredCompositesGeneratesSameQueriesFeature.StaffsByLocalEducationAgencyIdIsExecuted" methodname="StaffsByLocalEducationAgencyIdIsExecuted" classname="EdFi.Ods.WebService.Tests.Composites.RefactoredCompositesGeneratesSameQueriesFeature" runstate="Runnable" result="Passed" duration="0.161912" asserts="0">
                  <properties>
                    <property name="_DESCRIPTION" value="Staffs by Local Education Agency (Id) is executed" />
                  </properties>
                </test-case>
                <test-case id="7-1341" name="StaffsBySchoolIdIsExecuted" fullname="EdFi.Ods.WebService.Tests.Composites.RefactoredCompositesGeneratesSameQueriesFeature.StaffsBySchoolIdIsExecuted" methodname="StaffsBySchoolIdIsExecuted" classname="EdFi.Ods.WebService.Tests.Composites.RefactoredCompositesGeneratesSameQueriesFeature" runstate="Runnable" result="Passed" duration="0.169278" asserts="0">
                  <properties>
                    <property name="_DESCRIPTION" value="Staffs by School (Id) is executed" />
                  </properties>
                </test-case>
                <test-case id="7-1342" name="StaffsBySectionIdIsExecuted" fullname="EdFi.Ods.WebService.Tests.Composites.RefactoredCompositesGeneratesSameQueriesFeature.StaffsBySectionIdIsExecuted" methodname="StaffsBySectionIdIsExecuted" classname="EdFi.Ods.WebService.Tests.Composites.RefactoredCompositesGeneratesSameQueriesFeature" runstate="Runnable" result="Passed" duration="0.151572" asserts="0">
                  <properties>
                    <property name="_DESCRIPTION" value="Staffs by Section (Id) is executed" />
                  </properties>
                </test-case>
                <test-case id="7-1343" name="StudentByIdIsExecuted" fullname="EdFi.Ods.WebService.Tests.Composites.RefactoredCompositesGeneratesSameQueriesFeature.StudentByIdIsExecuted" methodname="StudentByIdIsExecuted" classname="EdFi.Ods.WebService.Tests.Composites.RefactoredCompositesGeneratesSameQueriesFeature" runstate="Runnable" result="Passed" duration="0.333552" asserts="0">
                  <properties>
                    <property name="_DESCRIPTION" value="Student by Id is executed" />
                  </properties>
                </test-case>
                <test-case id="7-1344" name="StudentsByLocalEducationAgencyIdIsExecuted" fullname="EdFi.Ods.WebService.Tests.Composites.RefactoredCompositesGeneratesSameQueriesFeature.StudentsByLocalEducationAgencyIdIsExecuted" methodname="StudentsByLocalEducationAgencyIdIsExecuted" classname="EdFi.Ods.WebService.Tests.Composites.RefactoredCompositesGeneratesSameQueriesFeature" runstate="Runnable" result="Passed" duration="0.214988" asserts="0">
                  <properties>
                    <property name="_DESCRIPTION" value="Students by Local Education Agency (Id) is executed" />
                  </properties>
                </test-case>
                <test-case id="7-1345" name="StudentsBySchoolIdIsExecuted" fullname="EdFi.Ods.WebService.Tests.Composites.RefactoredCompositesGeneratesSameQueriesFeature.StudentsBySchoolIdIsExecuted" methodname="StudentsBySchoolIdIsExecuted" classname="EdFi.Ods.WebService.Tests.Composites.RefactoredCompositesGeneratesSameQueriesFeature" runstate="Runnable" result="Passed" duration="0.209637" asserts="0">
                  <properties>
                    <property name="_DESCRIPTION" value="Students by School (Id) is executed" />
                  </properties>
                </test-case>
                <test-case id="7-1346" name="StudentsBySectionIdIsExecuted" fullname="EdFi.Ods.WebService.Tests.Composites.RefactoredCompositesGeneratesSameQueriesFeature.StudentsBySectionIdIsExecuted" methodname="StudentsBySectionIdIsExecuted" classname="EdFi.Ods.WebService.Tests.Composites.RefactoredCompositesGeneratesSameQueriesFeature" runstate="Runnable" result="Passed" duration="0.191732" asserts="0">
                  <properties>
                    <property name="_DESCRIPTION" value="Students by Section (Id) is executed" />
                  </properties>
                </test-case>
                <test-case id="7-1347" name="StudentsByStaffIdIsExecuted" fullname="EdFi.Ods.WebService.Tests.Composites.RefactoredCompositesGeneratesSameQueriesFeature.StudentsByStaffIdIsExecuted" methodname="StudentsByStaffIdIsExecuted" classname="EdFi.Ods.WebService.Tests.Composites.RefactoredCompositesGeneratesSameQueriesFeature" runstate="Runnable" result="Passed" duration="0.214033" asserts="0">
                  <properties>
                    <property name="_DESCRIPTION" value="Students by Staff (Id) is executed" />
                  </properties>
                </test-case>
              </test-suite>
            </test-suite>
            <test-suite type="Namespace" id="7-1433" name="Controllers" fullname="EdFi.Ods.WebService.Tests.Controllers" runstate="Runnable" testcasecount="19" result="Passed" duration="75.293598" total="19" passed="0" failed="0" inconclusive="0" skipped="0" asserts="0">
              <test-suite type="TestFixture" id="7-1101" name="BulkOperationsControllerGetTests" fullname="EdFi.Ods.WebService.Tests.Controllers.BulkOperationsControllerGetTests" classname="EdFi.Ods.WebService.Tests.Controllers.BulkOperationsControllerGetTests" runstate="Runnable" testcasecount="3" result="Passed" duration="15.114610" total="3" passed="0" failed="0" inconclusive="0" skipped="0" asserts="0">
                <test-case id="7-1103" name="When_calling_get_by_id_on_bulk_operation_api_after_creating_resource_Should_return_a_bulk_operation_resource" fullname="EdFi.Ods.WebService.Tests.Controllers.BulkOperationsControllerGetTests.When_calling_get_by_id_on_bulk_operation_api_after_creating_resource_Should_return_a_bulk_operation_resource" methodname="When_calling_get_by_id_on_bulk_operation_api_after_creating_resource_Should_return_a_bulk_operation_resource" classname="EdFi.Ods.WebService.Tests.Controllers.BulkOperationsControllerGetTests" runstate="Runnable" result="Passed" duration="8.033462" asserts="0" />
                <test-case id="7-1102" name="When_calling_get_by_id_with_non_matching_year_Should_return_404_not_found" fullname="EdFi.Ods.WebService.Tests.Controllers.BulkOperationsControllerGetTests.When_calling_get_by_id_with_non_matching_year_Should_return_404_not_found" methodname="When_calling_get_by_id_with_non_matching_year_Should_return_404_not_found" classname="EdFi.Ods.WebService.Tests.Controllers.BulkOperationsControllerGetTests" runstate="Runnable" result="Passed" duration="3.729967" asserts="0" />
                <test-case id="7-1104" name="When_getting_bulk_operations_exceptions_with_limit_greater_than_100_Should_return_a_400_bad_request" fullname="EdFi.Ods.WebService.Tests.Controllers.BulkOperationsControllerGetTests.When_getting_bulk_operations_exceptions_with_limit_greater_than_100_Should_return_a_400_bad_request" methodname="When_getting_bulk_operations_exceptions_with_limit_greater_than_100_Should_return_a_400_bad_request" classname="EdFi.Ods.WebService.Tests.Controllers.BulkOperationsControllerGetTests" runstate="Runnable" result="Passed" duration="3.349064" asserts="0" />
              </test-suite>
              <test-suite type="TestFixture" id="7-1096" name="BulkOperationsControllerPostTests" fullname="EdFi.Ods.WebService.Tests.Controllers.BulkOperationsControllerPostTests" classname="EdFi.Ods.WebService.Tests.Controllers.BulkOperationsControllerPostTests" runstate="Runnable" testcasecount="4" result="Passed" duration="14.228387" total="4" passed="0" failed="0" inconclusive="0" skipped="0" asserts="0">
                <test-case id="7-1097" name="When_bulk_operation_api_recieves_a_post_request_should_return_status_code_201" fullname="EdFi.Ods.WebService.Tests.Controllers.BulkOperationsControllerPostTests.When_bulk_operation_api_recieves_a_post_request_should_return_status_code_201" methodname="When_bulk_operation_api_recieves_a_post_request_should_return_status_code_201" classname="EdFi.Ods.WebService.Tests.Controllers.BulkOperationsControllerPostTests" runstate="Runnable" result="Passed" duration="3.905155" asserts="0" />
                <test-case id="7-1098" name="When_bulk_operation_api_recieves_an_invalid_post_request_should_respond_with_400" fullname="EdFi.Ods.WebService.Tests.Controllers.BulkOperationsControllerPostTests.When_bulk_operation_api_recieves_an_invalid_post_request_should_respond_with_400" methodname="When_bulk_operation_api_recieves_an_invalid_post_request_should_respond_with_400" classname="EdFi.Ods.WebService.Tests.Controllers.BulkOperationsControllerPostTests" runstate="Runnable" result="Passed" duration="3.433765" asserts="0" />
                <test-case id="7-1100" name="When_bulk_operation_receives_a_delete_request_should_respond_with_method_not_allowed_405" fullname="EdFi.Ods.WebService.Tests.Controllers.BulkOperationsControllerPostTests.When_bulk_operation_receives_a_delete_request_should_respond_with_method_not_allowed_405" methodname="When_bulk_operation_receives_a_delete_request_should_respond_with_method_not_allowed_405" classname="EdFi.Ods.WebService.Tests.Controllers.BulkOperationsControllerPostTests" runstate="Runnable" result="Passed" duration="3.672585" asserts="0" />
                <test-case id="7-1099" name="When_bulk_operation_receives_a_put_request_should_respond_with_method_not_allowed_405" fullname="EdFi.Ods.WebService.Tests.Controllers.BulkOperationsControllerPostTests.When_bulk_operation_receives_a_put_request_should_respond_with_method_not_allowed_405" methodname="When_bulk_operation_receives_a_put_request_should_respond_with_method_not_allowed_405" classname="EdFi.Ods.WebService.Tests.Controllers.BulkOperationsControllerPostTests" runstate="Runnable" result="Passed" duration="3.209497" asserts="0" />
              </test-suite>
              <test-suite type="TestFixture" id="7-1113" name="When_posting_a_commit" fullname="EdFi.Ods.WebService.Tests.Controllers.When_posting_a_commit" classname="EdFi.Ods.WebService.Tests.Controllers.When_posting_a_commit" runstate="Runnable" testcasecount="5" result="Passed" duration="19.225223" total="5" passed="0" failed="0" inconclusive="0" skipped="0" asserts="0">
                <test-case id="7-1116" name="Should_return_405_when_sending_delete_verb" fullname="EdFi.Ods.WebService.Tests.Controllers.When_posting_a_commit.Should_return_405_when_sending_delete_verb" methodname="Should_return_405_when_sending_delete_verb" classname="EdFi.Ods.WebService.Tests.Controllers.When_posting_a_commit" runstate="Runnable" result="Passed" duration="3.681758" asserts="0" />
                <test-case id="7-1117" name="Should_return_405_when_sending_get_verb" fullname="EdFi.Ods.WebService.Tests.Controllers.When_posting_a_commit.Should_return_405_when_sending_get_verb" methodname="Should_return_405_when_sending_get_verb" classname="EdFi.Ods.WebService.Tests.Controllers.When_posting_a_commit" runstate="Runnable" result="Passed" duration="3.776189" asserts="0" />
                <test-case id="7-1118" name="Should_return_405_when_sending_put_verb" fullname="EdFi.Ods.WebService.Tests.Controllers.When_posting_a_commit.Should_return_405_when_sending_put_verb" methodname="Should_return_405_when_sending_put_verb" classname="EdFi.Ods.WebService.Tests.Controllers.When_posting_a_commit" runstate="Runnable" result="Passed" duration="4.237475" asserts="0" />
                <test-case id="7-1114" name="Should_return_accepted_when_the_upload_id_is_in_the_database" fullname="EdFi.Ods.WebService.Tests.Controllers.When_posting_a_commit.Should_return_accepted_when_the_upload_id_is_in_the_database" methodname="Should_return_accepted_when_the_upload_id_is_in_the_database" classname="EdFi.Ods.WebService.Tests.Controllers.When_posting_a_commit" runstate="Runnable" result="Passed" duration="3.775282" asserts="0" />
                <test-case id="7-1115" name="Should_return_bad_request_and_error_message_when_upload_id_is_not_in_the_database" fullname="EdFi.Ods.WebService.Tests.Controllers.When_posting_a_commit.Should_return_bad_request_and_error_message_when_upload_id_is_not_in_the_database" methodname="Should_return_bad_request_and_error_message_when_upload_id_is_not_in_the_database" classname="EdFi.Ods.WebService.Tests.Controllers.When_posting_a_commit" runstate="Runnable" result="Passed" duration="3.725818" asserts="0" />
              </test-suite>
              <test-suite type="TestFixture" id="7-1105" name="When_uploading_a_file_chunk" fullname="EdFi.Ods.WebService.Tests.Controllers.When_uploading_a_file_chunk" classname="EdFi.Ods.WebService.Tests.Controllers.When_uploading_a_file_chunk" runstate="Runnable" testcasecount="7" result="Passed" duration="26.718178" total="7" passed="0" failed="0" inconclusive="0" skipped="0" asserts="0">
                <test-case id="7-1107" name="Should_fail_if_size_sent_plus_offset_is_greater_than_full_file_size" fullname="EdFi.Ods.WebService.Tests.Controllers.When_uploading_a_file_chunk.Should_fail_if_size_sent_plus_offset_is_greater_than_full_file_size" methodname="Should_fail_if_size_sent_plus_offset_is_greater_than_full_file_size" classname="EdFi.Ods.WebService.Tests.Controllers.When_uploading_a_file_chunk" runstate="Runnable" result="Passed" duration="3.832830" asserts="0" />
                <test-case id="7-1106" name="Should_fail_if_upload_file_guid_is_not_in_the_database" fullname="EdFi.Ods.WebService.Tests.Controllers.When_uploading_a_file_chunk.Should_fail_if_upload_file_guid_is_not_in_the_database" methodname="Should_fail_if_upload_file_guid_is_not_in_the_database" classname="EdFi.Ods.WebService.Tests.Controllers.When_uploading_a_file_chunk" runstate="Runnable" result="Passed" duration="3.750050" asserts="0" />
                <test-case id="7-1108" name="Should_fail_when_size_sent_does_not_match_chunk_size" fullname="EdFi.Ods.WebService.Tests.Controllers.When_uploading_a_file_chunk.Should_fail_when_size_sent_does_not_match_chunk_size" methodname="Should_fail_when_size_sent_does_not_match_chunk_size" classname="EdFi.Ods.WebService.Tests.Controllers.When_uploading_a_file_chunk" runstate="Runnable" result="Passed" duration="3.938236" asserts="0" />
                <test-case id="7-1109" name="Should_return_201_when_file_size_matches_size_sent" fullname="EdFi.Ods.WebService.Tests.Controllers.When_uploading_a_file_chunk.Should_return_201_when_file_size_matches_size_sent" methodname="Should_return_201_when_file_size_matches_size_sent" classname="EdFi.Ods.WebService.Tests.Controllers.When_uploading_a_file_chunk" runstate="Runnable" result="Passed" duration="3.638355" asserts="0" />
                <test-case id="7-1110" name="Should_return_405_when_sending_delete_verb" fullname="EdFi.Ods.WebService.Tests.Controllers.When_uploading_a_file_chunk.Should_return_405_when_sending_delete_verb" methodname="Should_return_405_when_sending_delete_verb" classname="EdFi.Ods.WebService.Tests.Controllers.When_uploading_a_file_chunk" runstate="Runnable" result="Passed" duration="4.372010" asserts="0" />
                <test-case id="7-1111" name="Should_return_405_when_sending_get_verb" fullname="EdFi.Ods.WebService.Tests.Controllers.When_uploading_a_file_chunk.Should_return_405_when_sending_get_verb" methodname="Should_return_405_when_sending_get_verb" classname="EdFi.Ods.WebService.Tests.Controllers.When_uploading_a_file_chunk" runstate="Runnable" result="Passed" duration="3.469786" asserts="0" />
                <test-case id="7-1112" name="Should_return_405_when_sending_put_verb" fullname="EdFi.Ods.WebService.Tests.Controllers.When_uploading_a_file_chunk.Should_return_405_when_sending_put_verb" methodname="Should_return_405_when_sending_put_verb" classname="EdFi.Ods.WebService.Tests.Controllers.When_uploading_a_file_chunk" runstate="Runnable" result="Passed" duration="3.701968" asserts="0" />
              </test-suite>
            </test-suite>
            <test-suite type="Namespace" id="7-1442" name="Infrastructure" fullname="EdFi.Ods.WebService.Tests.Infrastructure" runstate="Runnable" testcasecount="4" result="Passed" duration="32.181202" total="4" passed="0" failed="0" inconclusive="0" skipped="0" asserts="0">
              <test-suite type="TestFixture" id="7-1421" name="WindsorTrackedComponentsTests" fullname="EdFi.Ods.WebService.Tests.Infrastructure.WindsorTrackedComponentsTests" classname="EdFi.Ods.WebService.Tests.Infrastructure.WindsorTrackedComponentsTests" runstate="Runnable" testcasecount="4" result="Passed" duration="32.180850" total="4" passed="0" failed="0" inconclusive="0" skipped="0" asserts="0">
                <test-case id="7-1422" name="When_creating_a_student_should_not_leave_any_tracked_components" fullname="EdFi.Ods.WebService.Tests.Infrastructure.WindsorTrackedComponentsTests.When_creating_a_student_should_not_leave_any_tracked_components" methodname="When_creating_a_student_should_not_leave_any_tracked_components" classname="EdFi.Ods.WebService.Tests.Infrastructure.WindsorTrackedComponentsTests" runstate="Runnable" result="Passed" duration="4.664536" asserts="0" />
                <test-case id="7-1423" name="When_deleting_an_unused_student_should_not_leave_any_tracked_components" fullname="EdFi.Ods.WebService.Tests.Infrastructure.WindsorTrackedComponentsTests.When_deleting_an_unused_student_should_not_leave_any_tracked_components" methodname="When_deleting_an_unused_student_should_not_leave_any_tracked_components" classname="EdFi.Ods.WebService.Tests.Infrastructure.WindsorTrackedComponentsTests" runstate="Runnable" result="Passed" duration="3.981270" asserts="0" />
                <test-case id="7-1425" name="When_getting_student_by_example_should_not_leave_any_tracked_components" fullname="EdFi.Ods.WebService.Tests.Infrastructure.WindsorTrackedComponentsTests.When_getting_student_by_example_should_not_leave_any_tracked_components" methodname="When_getting_student_by_example_should_not_leave_any_tracked_components" classname="EdFi.Ods.WebService.Tests.Infrastructure.WindsorTrackedComponentsTests" runstate="Runnable" result="Passed" duration="7.984362" asserts="0" />
                <test-case id="7-1424" name="When_getting_student_by_id_should_not_leave_any_tracked_components" fullname="EdFi.Ods.WebService.Tests.Infrastructure.WindsorTrackedComponentsTests.When_getting_student_by_id_should_not_leave_any_tracked_components" methodname="When_getting_student_by_id_should_not_leave_any_tracked_components" classname="EdFi.Ods.WebService.Tests.Infrastructure.WindsorTrackedComponentsTests" runstate="Runnable" result="Passed" duration="7.383958" asserts="0" />
              </test-suite>
            </test-suite>
            <test-suite type="Namespace" id="7-1432" name="Profiles" fullname="EdFi.Ods.WebService.Tests.Profiles" runstate="Runnable" testcasecount="60" result="Passed" duration="10.429371" total="60" passed="0" failed="0" inconclusive="0" skipped="0" asserts="0">
              <test-suite type="TestFixture" id="7-1007" name="EmbeddedOneToOneReferencesCanBeIncludedAndExcludedFeature" fullname="EdFi.Ods.WebService.Tests.Profiles.EmbeddedOneToOneReferencesCanBeIncludedAndExcludedFeature" classname="EdFi.Ods.WebService.Tests.Profiles.EmbeddedOneToOneReferencesCanBeIncludedAndExcludedFeature" runstate="Runnable" testcasecount="4" result="Passed" duration="1.339330" total="4" passed="0" failed="0" inconclusive="0" skipped="0" asserts="0">
                <properties>
                  <property name="_DESCRIPTION" value="Embedded one to one references can be included and excluded" />
                  <property name="_CATEGORIES" value="API" />
                </properties>
                <test-case id="7-1009" name="TheReadContentTypeCanExcludeEmbeddedOneToOneReferences" fullname="EdFi.Ods.WebService.Tests.Profiles.EmbeddedOneToOneReferencesCanBeIncludedAndExcludedFeature.TheReadContentTypeCanExcludeEmbeddedOneToOneReferences" methodname="TheReadContentTypeCanExcludeEmbeddedOneToOneReferences" classname="EdFi.Ods.WebService.Tests.Profiles.EmbeddedOneToOneReferencesCanBeIncludedAndExcludedFeature" runstate="Runnable" result="Passed" duration="0.617523" asserts="2">
                  <properties>
                    <property name="_DESCRIPTION" value="The Read content type can exclude embedded one to one references" />
                  </properties>
                </test-case>
                <test-case id="7-1008" name="TheReadContentTypeCanIncludeEmbeddedOneToOneReferences" fullname="EdFi.Ods.WebService.Tests.Profiles.EmbeddedOneToOneReferencesCanBeIncludedAndExcludedFeature.TheReadContentTypeCanIncludeEmbeddedOneToOneReferences" methodname="TheReadContentTypeCanIncludeEmbeddedOneToOneReferences" classname="EdFi.Ods.WebService.Tests.Profiles.EmbeddedOneToOneReferencesCanBeIncludedAndExcludedFeature" runstate="Runnable" result="Passed" duration="0.071490" asserts="2">
                  <properties>
                    <property name="_DESCRIPTION" value="The Read content type can include embedded one to one references" />
                  </properties>
                </test-case>
                <test-case id="7-1011" name="TheWriteContentTypeCanExcludeEmbeddedOneToOneReferences" fullname="EdFi.Ods.WebService.Tests.Profiles.EmbeddedOneToOneReferencesCanBeIncludedAndExcludedFeature.TheWriteContentTypeCanExcludeEmbeddedOneToOneReferences" methodname="TheWriteContentTypeCanExcludeEmbeddedOneToOneReferences" classname="EdFi.Ods.WebService.Tests.Profiles.EmbeddedOneToOneReferencesCanBeIncludedAndExcludedFeature" runstate="Runnable" result="Passed" duration="0.213011" asserts="2">
                  <properties>
                    <property name="_DESCRIPTION" value="The Write content type can exclude embedded one to one references" />
                  </properties>
                </test-case>
                <test-case id="7-1010" name="TheWriteContentTypeCanIncludeEmbeddedOneToOneReferences" fullname="EdFi.Ods.WebService.Tests.Profiles.EmbeddedOneToOneReferencesCanBeIncludedAndExcludedFeature.TheWriteContentTypeCanIncludeEmbeddedOneToOneReferences" methodname="TheWriteContentTypeCanIncludeEmbeddedOneToOneReferences" classname="EdFi.Ods.WebService.Tests.Profiles.EmbeddedOneToOneReferencesCanBeIncludedAndExcludedFeature" runstate="Runnable" result="Passed" duration="0.066174" asserts="2">
                  <properties>
                    <property name="_DESCRIPTION" value="The Write content type can include embedded one to one references" />
                  </properties>
                </test-case>
              </test-suite>
              <test-suite type="TestFixture" id="7-1044" name="Profile_SpecificContentTypeHeadersInRequestsAreValidatedToMatchTargetResourcesFeature" fullname="EdFi.Ods.WebService.Tests.Profiles.Profile_SpecificContentTypeHeadersInRequestsAreValidatedToMatchTargetResourcesFeature" classname="EdFi.Ods.WebService.Tests.Profiles.Profile_SpecificContentTypeHeadersInRequestsAreValidatedToMatchTargetResourcesFeature" runstate="Runnable" testcasecount="8" result="Passed" duration="1.145121" total="8" passed="0" failed="0" inconclusive="0" skipped="0" asserts="0">
                <properties>
                  <property name="_DESCRIPTION" value="Profile-specific content type headers in requests are validated to match target resources" />
                  <property name="_CATEGORIES" value="API" />
                </properties>
                <test-case id="7-1048" name="GETRequestContainsAContentTypeHeaderWithAReadWriteContentThatDoesNotMatchTheRequestedResource" fullname="EdFi.Ods.WebService.Tests.Profiles.Profile_SpecificContentTypeHeadersInRequestsAreValidatedToMatchTargetResourcesFeature.GETRequestContainsAContentTypeHeaderWithAReadWriteContentThatDoesNotMatchTheRequestedResource" methodname="GETRequestContainsAContentTypeHeaderWithAReadWriteContentThatDoesNotMatchTheRequestedResource" classname="EdFi.Ods.WebService.Tests.Profiles.Profile_SpecificContentTypeHeadersInRequestsAreValidatedToMatchTargetResourcesFeature" runstate="Runnable" result="Passed" duration="0.092433" asserts="0">
                  <properties>
                    <property name="_DESCRIPTION" value="GET Request contains a content type header with a read/write content that does not match the requested resource" />
                  </properties>
                </test-case>
                <test-case id="7-1047" name="GETRequestContainsAContentTypeHeaderWithAResourceThatDoesNotMatchTheRequestedResource" fullname="EdFi.Ods.WebService.Tests.Profiles.Profile_SpecificContentTypeHeadersInRequestsAreValidatedToMatchTargetResourcesFeature.GETRequestContainsAContentTypeHeaderWithAResourceThatDoesNotMatchTheRequestedResource" methodname="GETRequestContainsAContentTypeHeaderWithAResourceThatDoesNotMatchTheRequestedResource" classname="EdFi.Ods.WebService.Tests.Profiles.Profile_SpecificContentTypeHeadersInRequestsAreValidatedToMatchTargetResourcesFeature" runstate="Runnable" result="Passed" duration="0.001412" asserts="0">
                  <properties>
                    <property name="_DESCRIPTION" value="GET Request contains a content type header with a resource that does not match the requested resource" />
                  </properties>
                </test-case>
                <test-case id="7-1045" name="GETRequestContainsAnAcceptHeaderWithAContentTypeUsingAProfileThatDoesNotIncludeTheTargetedResource" fullname="EdFi.Ods.WebService.Tests.Profiles.Profile_SpecificContentTypeHeadersInRequestsAreValidatedToMatchTargetResourcesFeature.GETRequestContainsAnAcceptHeaderWithAContentTypeUsingAProfileThatDoesNotIncludeTheTargetedResource" methodname="GETRequestContainsAnAcceptHeaderWithAContentTypeUsingAProfileThatDoesNotIncludeTheTargetedResource" classname="EdFi.Ods.WebService.Tests.Profiles.Profile_SpecificContentTypeHeadersInRequestsAreValidatedToMatchTargetResourcesFeature" runstate="Runnable" result="Passed" duration="0.002332" asserts="0">
                  <properties>
                    <property name="_DESCRIPTION" value="GET Request contains an accept header with a content type using a profile that does not include the targeted resource" />
                  </properties>
                </test-case>
                <test-case id="7-1046" name="GETRequestContainsAnAcceptHeaderWithAContentTypeUsingAProfileThatIncludesTheTargetedResource" fullname="EdFi.Ods.WebService.Tests.Profiles.Profile_SpecificContentTypeHeadersInRequestsAreValidatedToMatchTargetResourcesFeature.GETRequestContainsAnAcceptHeaderWithAContentTypeUsingAProfileThatIncludesTheTargetedResource" methodname="GETRequestContainsAnAcceptHeaderWithAContentTypeUsingAProfileThatIncludesTheTargetedResource" classname="EdFi.Ods.WebService.Tests.Profiles.Profile_SpecificContentTypeHeadersInRequestsAreValidatedToMatchTargetResourcesFeature" runstate="Runnable" result="Passed" duration="0.363183" asserts="1">
                  <properties>
                    <property name="_DESCRIPTION" value="GET Request contains an accept header with a content type using a profile that includes the targeted resource" />
                  </properties>
                </test-case>
                <test-case id="7-1049" name="POSTRequestContainsAContentTypeHeaderUsingAProfileThatDoesNotIncludeTheTargetedResource" fullname="EdFi.Ods.WebService.Tests.Profiles.Profile_SpecificContentTypeHeadersInRequestsAreValidatedToMatchTargetResourcesFeature.POSTRequestContainsAContentTypeHeaderUsingAProfileThatDoesNotIncludeTheTargetedResource" methodname="POSTRequestContainsAContentTypeHeaderUsingAProfileThatDoesNotIncludeTheTargetedResource" classname="EdFi.Ods.WebService.Tests.Profiles.Profile_SpecificContentTypeHeadersInRequestsAreValidatedToMatchTargetResourcesFeature" runstate="Runnable" result="Passed" duration="0.069251" asserts="0">
                  <properties>
                    <property name="_DESCRIPTION" value="POST Request contains a content type header using a profile that does not include the targeted resource" />
                  </properties>
                </test-case>
                <test-case id="7-1050" name="POSTRequestContainsAContentTypeHeaderUsingAProfileThatIncludesTheTargetedResource" fullname="EdFi.Ods.WebService.Tests.Profiles.Profile_SpecificContentTypeHeadersInRequestsAreValidatedToMatchTargetResourcesFeature.POSTRequestContainsAContentTypeHeaderUsingAProfileThatIncludesTheTargetedResource" methodname="POSTRequestContainsAContentTypeHeaderUsingAProfileThatIncludesTheTargetedResource" classname="EdFi.Ods.WebService.Tests.Profiles.Profile_SpecificContentTypeHeadersInRequestsAreValidatedToMatchTargetResourcesFeature" runstate="Runnable" result="Passed" duration="0.272233" asserts="1">
                  <properties>
                    <property name="_DESCRIPTION" value="POST Request contains a content type header using a profile that includes the targeted resource" />
                  </properties>
                </test-case>
                <test-case id="7-1052" name="POSTRequestContainsAContentTypeHeaderWithAReadWriteContentThatDoesNotMatchTheRequestedResource" fullname="EdFi.Ods.WebService.Tests.Profiles.Profile_SpecificContentTypeHeadersInRequestsAreValidatedToMatchTargetResourcesFeature.POSTRequestContainsAContentTypeHeaderWithAReadWriteContentThatDoesNotMatchTheRequestedResource" methodname="POSTRequestContainsAContentTypeHeaderWithAReadWriteContentThatDoesNotMatchTheRequestedResource" classname="EdFi.Ods.WebService.Tests.Profiles.Profile_SpecificContentTypeHeadersInRequestsAreValidatedToMatchTargetResourcesFeature" runstate="Runnable" result="Passed" duration="0.013435" asserts="0">
                  <properties>
                    <property name="_DESCRIPTION" value="POST&#x9; Request contains a content type header with a read/write content that does not match the requested resource" />
                  </properties>
                </test-case>
                <test-case id="7-1051" name="POSTRequestContainsAContentTypeHeaderWithAResourceThatDoesNotMatchTheRequestedResource" fullname="EdFi.Ods.WebService.Tests.Profiles.Profile_SpecificContentTypeHeadersInRequestsAreValidatedToMatchTargetResourcesFeature.POSTRequestContainsAContentTypeHeaderWithAResourceThatDoesNotMatchTheRequestedResource" methodname="POSTRequestContainsAContentTypeHeaderWithAResourceThatDoesNotMatchTheRequestedResource" classname="EdFi.Ods.WebService.Tests.Profiles.Profile_SpecificContentTypeHeadersInRequestsAreValidatedToMatchTargetResourcesFeature" runstate="Runnable" result="Passed" duration="0.011634" asserts="0">
                  <properties>
                    <property name="_DESCRIPTION" value="POST Request contains a content type header with a resource that does not match the requested resource" />
                  </properties>
                </test-case>
              </test-suite>
              <test-suite type="TestFixture" id="7-1012" name="ProfileDefinitionsCanBeReadableOrWritableOnlyFeature" fullname="EdFi.Ods.WebService.Tests.Profiles.ProfileDefinitionsCanBeReadableOrWritableOnlyFeature" classname="EdFi.Ods.WebService.Tests.Profiles.ProfileDefinitionsCanBeReadableOrWritableOnlyFeature" runstate="Runnable" testcasecount="6" result="Passed" duration="0.966106" total="6" passed="0" failed="0" inconclusive="0" skipped="0" asserts="0">
                <properties>
                  <property name="_DESCRIPTION" value="Profile definitions can be readable or writable only" />
                  <property name="_CATEGORIES" value="API" />
                </properties>
                <test-case id="7-1013" name="AGETRequestIsMadeWithAReadOnlyProfile" fullname="EdFi.Ods.WebService.Tests.Profiles.ProfileDefinitionsCanBeReadableOrWritableOnlyFeature.AGETRequestIsMadeWithAReadOnlyProfile" methodname="AGETRequestIsMadeWithAReadOnlyProfile" classname="EdFi.Ods.WebService.Tests.Profiles.ProfileDefinitionsCanBeReadableOrWritableOnlyFeature" runstate="Runnable" result="Passed" duration="0.271756" asserts="1">
                  <properties>
                    <property name="_DESCRIPTION" value="A GET request is made with a read only profile" />
                  </properties>
                </test-case>
                <test-case id="7-1016" name="AGETRequestIsMadeWithAWriteOnlyProfile" fullname="EdFi.Ods.WebService.Tests.Profiles.ProfileDefinitionsCanBeReadableOrWritableOnlyFeature.AGETRequestIsMadeWithAWriteOnlyProfile" methodname="AGETRequestIsMadeWithAWriteOnlyProfile" classname="EdFi.Ods.WebService.Tests.Profiles.ProfileDefinitionsCanBeReadableOrWritableOnlyFeature" runstate="Runnable" result="Passed" duration="0.003007" asserts="0">
                  <properties>
                    <property name="_DESCRIPTION" value="A GET request is made with a write only profile" />
                  </properties>
                </test-case>
                <test-case id="7-1015" name="APOSTRequestIsMadeWithAReadOnlyProfile" fullname="EdFi.Ods.WebService.Tests.Profiles.ProfileDefinitionsCanBeReadableOrWritableOnlyFeature.APOSTRequestIsMadeWithAReadOnlyProfile" methodname="APOSTRequestIsMadeWithAReadOnlyProfile" classname="EdFi.Ods.WebService.Tests.Profiles.ProfileDefinitionsCanBeReadableOrWritableOnlyFeature" runstate="Runnable" result="Passed" duration="0.096616" asserts="0">
                  <properties>
                    <property name="_DESCRIPTION" value="A POST request is made with a read only profile" />
                  </properties>
                </test-case>
                <test-case id="7-1018" name="APOSTRequestIsMadeWithAWriteOnlyProfile" fullname="EdFi.Ods.WebService.Tests.Profiles.ProfileDefinitionsCanBeReadableOrWritableOnlyFeature.APOSTRequestIsMadeWithAWriteOnlyProfile" methodname="APOSTRequestIsMadeWithAWriteOnlyProfile" classname="EdFi.Ods.WebService.Tests.Profiles.ProfileDefinitionsCanBeReadableOrWritableOnlyFeature" runstate="Runnable" result="Passed" duration="0.182868" asserts="1">
                  <properties>
                    <property name="_DESCRIPTION" value="A POST request is made with a write only profile" />
                  </properties>
                </test-case>
                <test-case id="7-1014" name="APUTRequestIsMadeWithAReadOnlyProfile" fullname="EdFi.Ods.WebService.Tests.Profiles.ProfileDefinitionsCanBeReadableOrWritableOnlyFeature.APUTRequestIsMadeWithAReadOnlyProfile" methodname="APUTRequestIsMadeWithAReadOnlyProfile" classname="EdFi.Ods.WebService.Tests.Profiles.ProfileDefinitionsCanBeReadableOrWritableOnlyFeature" runstate="Runnable" result="Passed" duration="0.024821" asserts="0">
                  <properties>
                    <property name="_DESCRIPTION" value="A PUT request is made with a read only profile" />
                  </properties>
                </test-case>
                <test-case id="7-1017" name="APUTRequestIsMadeWithAWriteOnlyProfile" fullname="EdFi.Ods.WebService.Tests.Profiles.ProfileDefinitionsCanBeReadableOrWritableOnlyFeature.APUTRequestIsMadeWithAWriteOnlyProfile" methodname="APUTRequestIsMadeWithAWriteOnlyProfile" classname="EdFi.Ods.WebService.Tests.Profiles.ProfileDefinitionsCanBeReadableOrWritableOnlyFeature" runstate="Runnable" result="Passed" duration="0.075066" asserts="1">
                  <properties>
                    <property name="_DESCRIPTION" value="A PUT request is made with a write only profile" />
                  </properties>
                </test-case>
              </test-suite>
              <test-suite type="TestFixture" id="7-1062" name="ProfileDefinitionsCanFilterChildCollectionsToIncludeOrExcludeItemsBasedOnDescriptorValuesFeature" fullname="EdFi.Ods.WebService.Tests.Profiles.ProfileDefinitionsCanFilterChildCollectionsToIncludeOrExcludeItemsBasedOnDescriptorValuesFeature" classname="EdFi.Ods.WebService.Tests.Profiles.ProfileDefinitionsCanFilterChildCollectionsToIncludeOrExcludeItemsBasedOnDescriptorValuesFeature" runstate="Runnable" testcasecount="6" result="Passed" duration="0.784660" total="6" passed="0" failed="0" inconclusive="0" skipped="0" asserts="0">
                <properties>
                  <property name="_DESCRIPTION" value="Profile definitions can filter child collections to include or exclude items based on Descriptor values" />
                  <property name="_CATEGORIES" value="API" />
                </properties>
                <test-case id="7-1064" name="TheReadContentTypeFiltersAChildCollectionToOnlyExcludeCertainDescriptorValues" fullname="EdFi.Ods.WebService.Tests.Profiles.ProfileDefinitionsCanFilterChildCollectionsToIncludeOrExcludeItemsBasedOnDescriptorValuesFeature.TheReadContentTypeFiltersAChildCollectionToOnlyExcludeCertainDescriptorValues" methodname="TheReadContentTypeFiltersAChildCollectionToOnlyExcludeCertainDescriptorValues" classname="EdFi.Ods.WebService.Tests.Profiles.ProfileDefinitionsCanFilterChildCollectionsToIncludeOrExcludeItemsBasedOnDescriptorValuesFeature" runstate="Runnable" result="Passed" duration="0.197869" asserts="1">
                  <properties>
                    <property name="_DESCRIPTION" value="The Read content type filters a child collection to only exclude certain Descriptor values" />
                  </properties>
                </test-case>
                <test-case id="7-1063" name="TheReadContentTypeFiltersAChildCollectionToOnlyIncludeCertainDescriptorValues" fullname="EdFi.Ods.WebService.Tests.Profiles.ProfileDefinitionsCanFilterChildCollectionsToIncludeOrExcludeItemsBasedOnDescriptorValuesFeature.TheReadContentTypeFiltersAChildCollectionToOnlyIncludeCertainDescriptorValues" methodname="TheReadContentTypeFiltersAChildCollectionToOnlyIncludeCertainDescriptorValues" classname="EdFi.Ods.WebService.Tests.Profiles.ProfileDefinitionsCanFilterChildCollectionsToIncludeOrExcludeItemsBasedOnDescriptorValuesFeature" runstate="Runnable" result="Passed" duration="0.057741" asserts="1">
                  <properties>
                    <property name="_DESCRIPTION" value="The Read content type filters a child collection to only include certain Descriptor values" />
                  </properties>
                </test-case>
                <test-case id="7-1068" name="TheWriteContentDescriptorFiltersAChildCollectionToOnlyExcludeCertainDescriptorValuesAndNon_ConformingValuesAreSupplied" fullname="EdFi.Ods.WebService.Tests.Profiles.ProfileDefinitionsCanFilterChildCollectionsToIncludeOrExcludeItemsBasedOnDescriptorValuesFeature.TheWriteContentDescriptorFiltersAChildCollectionToOnlyExcludeCertainDescriptorValuesAndNon_ConformingValuesAreSupplied" methodname="TheWriteContentDescriptorFiltersAChildCollectionToOnlyExcludeCertainDescriptorValuesAndNon_ConformingValuesAreSupplied" classname="EdFi.Ods.WebService.Tests.Profiles.ProfileDefinitionsCanFilterChildCollectionsToIncludeOrExcludeItemsBasedOnDescriptorValuesFeature" runstate="Runnable" result="Passed" duration="0.112107" asserts="0">
                  <properties>
                    <property name="_DESCRIPTION" value="The Write content Descriptor filters a child collection to only exclude certain Descriptor values and non-conforming values are supplied" />
                  </properties>
                </test-case>
                <test-case id="7-1067" name="TheWriteContentDescriptorFiltersAChildCollectionToOnlyExcludeCertainDescriptorValuesAndOnlyConformingValuesAreSupplied" fullname="EdFi.Ods.WebService.Tests.Profiles.ProfileDefinitionsCanFilterChildCollectionsToIncludeOrExcludeItemsBasedOnDescriptorValuesFeature.TheWriteContentDescriptorFiltersAChildCollectionToOnlyExcludeCertainDescriptorValuesAndOnlyConformingValuesAreSupplied" methodname="TheWriteContentDescriptorFiltersAChildCollectionToOnlyExcludeCertainDescriptorValuesAndOnlyConformingValuesAreSupplied" classname="EdFi.Ods.WebService.Tests.Profiles.ProfileDefinitionsCanFilterChildCollectionsToIncludeOrExcludeItemsBasedOnDescriptorValuesFeature" runstate="Runnable" result="Passed" duration="0.033372" asserts="5">
                  <properties>
                    <property name="_DESCRIPTION" value="The Write content Descriptor filters a child collection to only exclude certain Descriptor values and only conforming values are supplied" />
                  </properties>
                </test-case>
                <test-case id="7-1066" name="TheWriteContentDescriptorFiltersAChildCollectionToOnlyIncludeCertainDescriptorValuesAndNon_ConformingValuesAreSupplied" fullname="EdFi.Ods.WebService.Tests.Profiles.ProfileDefinitionsCanFilterChildCollectionsToIncludeOrExcludeItemsBasedOnDescriptorValuesFeature.TheWriteContentDescriptorFiltersAChildCollectionToOnlyIncludeCertainDescriptorValuesAndNon_ConformingValuesAreSupplied" methodname="TheWriteContentDescriptorFiltersAChildCollectionToOnlyIncludeCertainDescriptorValuesAndNon_ConformingValuesAreSupplied" classname="EdFi.Ods.WebService.Tests.Profiles.ProfileDefinitionsCanFilterChildCollectionsToIncludeOrExcludeItemsBasedOnDescriptorValuesFeature" runstate="Runnable" result="Passed" duration="0.070466" asserts="0">
                  <properties>
                    <property name="_DESCRIPTION" value="The Write content Descriptor filters a child collection to only include certain Descriptor values and non-conforming values are supplied" />
                  </properties>
                </test-case>
                <test-case id="7-1065" name="TheWriteContentDescriptorFiltersAChildCollectionToOnlyIncludeCertainDescriptorValuesAndOnlyConformingValuesAreSupplied" fullname="EdFi.Ods.WebService.Tests.Profiles.ProfileDefinitionsCanFilterChildCollectionsToIncludeOrExcludeItemsBasedOnDescriptorValuesFeature.TheWriteContentDescriptorFiltersAChildCollectionToOnlyIncludeCertainDescriptorValuesAndOnlyConformingValuesAreSupplied" methodname="TheWriteContentDescriptorFiltersAChildCollectionToOnlyIncludeCertainDescriptorValuesAndOnlyConformingValuesAreSupplied" classname="EdFi.Ods.WebService.Tests.Profiles.ProfileDefinitionsCanFilterChildCollectionsToIncludeOrExcludeItemsBasedOnDescriptorValuesFeature" runstate="Runnable" result="Passed" duration="0.023125" asserts="5">
                  <properties>
                    <property name="_DESCRIPTION" value="The Write content Descriptor filters a child collection to only include certain Descriptor values and only conforming values are supplied" />
                  </properties>
                </test-case>
              </test-suite>
              <test-suite type="TestFixture" id="7-1019" name="ProfileDefinitionsCanFilterNestedChildCollectionsToIncludeOrExcludeItemsBasedOnDescriptorValuesFeature" fullname="EdFi.Ods.WebService.Tests.Profiles.ProfileDefinitionsCanFilterNestedChildCollectionsToIncludeOrExcludeItemsBasedOnDescriptorValuesFeature" classname="EdFi.Ods.WebService.Tests.Profiles.ProfileDefinitionsCanFilterNestedChildCollectionsToIncludeOrExcludeItemsBasedOnDescriptorValuesFeature" runstate="Runnable" testcasecount="6" result="Passed" duration="0.900791" total="6" passed="0" failed="0" inconclusive="0" skipped="0" asserts="0">
                <properties>
                  <property name="_DESCRIPTION" value="Profile definitions can filter nested child collections to include or exclude items based on Descriptor values" />
                  <property name="_CATEGORIES" value="API" />
                </properties>
                <test-case id="7-1021" name="TheReadContentTypeFiltersANestedChildCollectionToOnlyExcludeCertainDescriptorValues" fullname="EdFi.Ods.WebService.Tests.Profiles.ProfileDefinitionsCanFilterNestedChildCollectionsToIncludeOrExcludeItemsBasedOnDescriptorValuesFeature.TheReadContentTypeFiltersANestedChildCollectionToOnlyExcludeCertainDescriptorValues" methodname="TheReadContentTypeFiltersANestedChildCollectionToOnlyExcludeCertainDescriptorValues" classname="EdFi.Ods.WebService.Tests.Profiles.ProfileDefinitionsCanFilterNestedChildCollectionsToIncludeOrExcludeItemsBasedOnDescriptorValuesFeature" runstate="Runnable" result="Passed" duration="0.220284" asserts="1">
                  <properties>
                    <property name="_DESCRIPTION" value="The Read content type filters a nested child collection to only exclude certain Descriptor values" />
                  </properties>
                </test-case>
                <test-case id="7-1020" name="TheReadContentTypeFiltersANestedChildCollectionToOnlyIncludeCertainDescriptorValues" fullname="EdFi.Ods.WebService.Tests.Profiles.ProfileDefinitionsCanFilterNestedChildCollectionsToIncludeOrExcludeItemsBasedOnDescriptorValuesFeature.TheReadContentTypeFiltersANestedChildCollectionToOnlyIncludeCertainDescriptorValues" methodname="TheReadContentTypeFiltersANestedChildCollectionToOnlyIncludeCertainDescriptorValues" classname="EdFi.Ods.WebService.Tests.Profiles.ProfileDefinitionsCanFilterNestedChildCollectionsToIncludeOrExcludeItemsBasedOnDescriptorValuesFeature" runstate="Runnable" result="Passed" duration="0.042819" asserts="1">
                  <properties>
                    <property name="_DESCRIPTION" value="The Read content type filters a nested child collection to only include certain Descriptor values" />
                  </properties>
                </test-case>
                <test-case id="7-1025" name="TheWriteContentDescriptorFiltersANestedChildCollectionToOnlyExcludeCertainDescriptorValuesAndNon_ConformingValuesAreSupplied" fullname="EdFi.Ods.WebService.Tests.Profiles.ProfileDefinitionsCanFilterNestedChildCollectionsToIncludeOrExcludeItemsBasedOnDescriptorValuesFeature.TheWriteContentDescriptorFiltersANestedChildCollectionToOnlyExcludeCertainDescriptorValuesAndNon_ConformingValuesAreSupplied" methodname="TheWriteContentDescriptorFiltersANestedChildCollectionToOnlyExcludeCertainDescriptorValuesAndNon_ConformingValuesAreSupplied" classname="EdFi.Ods.WebService.Tests.Profiles.ProfileDefinitionsCanFilterNestedChildCollectionsToIncludeOrExcludeItemsBasedOnDescriptorValuesFeature" runstate="Runnable" result="Passed" duration="0.196317" asserts="0">
                  <properties>
                    <property name="_DESCRIPTION" value="The Write content Descriptor filters a nested child collection to only exclude certain Descriptor values and non-conforming values are supplied" />
                  </properties>
                </test-case>
                <test-case id="7-1024" name="TheWriteContentDescriptorFiltersANestedChildCollectionToOnlyExcludeCertainDescriptorValuesAndOnlyConformingValuesAreSupplied" fullname="EdFi.Ods.WebService.Tests.Profiles.ProfileDefinitionsCanFilterNestedChildCollectionsToIncludeOrExcludeItemsBasedOnDescriptorValuesFeature.TheWriteContentDescriptorFiltersANestedChildCollectionToOnlyExcludeCertainDescriptorValuesAndOnlyConformingValuesAreSupplied" methodname="TheWriteContentDescriptorFiltersANestedChildCollectionToOnlyExcludeCertainDescriptorValuesAndOnlyConformingValuesAreSupplied" classname="EdFi.Ods.WebService.Tests.Profiles.ProfileDefinitionsCanFilterNestedChildCollectionsToIncludeOrExcludeItemsBasedOnDescriptorValuesFeature" runstate="Runnable" result="Passed" duration="0.040112" asserts="3">
                  <properties>
                    <property name="_DESCRIPTION" value="The Write content Descriptor filters a nested child collection to only exclude certain Descriptor values and only conforming values are supplied" />
                  </properties>
                </test-case>
                <test-case id="7-1023" name="TheWriteContentDescriptorFiltersANestedChildCollectionToOnlyIncludeCertainDescriptorValuesAndNon_ConformingValuesAreSupplied" fullname="EdFi.Ods.WebService.Tests.Profiles.ProfileDefinitionsCanFilterNestedChildCollectionsToIncludeOrExcludeItemsBasedOnDescriptorValuesFeature.TheWriteContentDescriptorFiltersANestedChildCollectionToOnlyIncludeCertainDescriptorValuesAndNon_ConformingValuesAreSupplied" methodname="TheWriteContentDescriptorFiltersANestedChildCollectionToOnlyIncludeCertainDescriptorValuesAndNon_ConformingValuesAreSupplied" classname="EdFi.Ods.WebService.Tests.Profiles.ProfileDefinitionsCanFilterNestedChildCollectionsToIncludeOrExcludeItemsBasedOnDescriptorValuesFeature" runstate="Runnable" result="Passed" duration="0.069302" asserts="0">
                  <properties>
                    <property name="_DESCRIPTION" value="The Write content Descriptor filters a nested child collection to only include certain Descriptor values and non-conforming values are supplied" />
                  </properties>
                </test-case>
                <test-case id="7-1022" name="TheWriteContentDescriptorFiltersANestedChildCollectionToOnlyIncludeCertainDescriptorValuesAndOnlyConformingValuesAreSupplied" fullname="EdFi.Ods.WebService.Tests.Profiles.ProfileDefinitionsCanFilterNestedChildCollectionsToIncludeOrExcludeItemsBasedOnDescriptorValuesFeature.TheWriteContentDescriptorFiltersANestedChildCollectionToOnlyIncludeCertainDescriptorValuesAndOnlyConformingValuesAreSupplied" methodname="TheWriteContentDescriptorFiltersANestedChildCollectionToOnlyIncludeCertainDescriptorValuesAndOnlyConformingValuesAreSupplied" classname="EdFi.Ods.WebService.Tests.Profiles.ProfileDefinitionsCanFilterNestedChildCollectionsToIncludeOrExcludeItemsBasedOnDescriptorValuesFeature" runstate="Runnable" result="Passed" duration="0.012170" asserts="3">
                  <properties>
                    <property name="_DESCRIPTION" value="The Write content Descriptor filters a nested child collection to only include certain Descriptor values and only conforming values are supplied" />
                  </properties>
                </test-case>
              </test-suite>
              <test-suite type="TestFixture" id="7-1053" name="ProfileDefinitionsCanIncludeAllMembersOfAResourceOrCollectionFeature" fullname="EdFi.Ods.WebService.Tests.Profiles.ProfileDefinitionsCanIncludeAllMembersOfAResourceOrCollectionFeature" classname="EdFi.Ods.WebService.Tests.Profiles.ProfileDefinitionsCanIncludeAllMembersOfAResourceOrCollectionFeature" runstate="Runnable" testcasecount="4" result="Passed" duration="0.818858" total="4" passed="0" failed="0" inconclusive="0" skipped="0" asserts="0">
                <properties>
                  <property name="_DESCRIPTION" value="Profile definitions can include all members of a resource or collection" />
                  <property name="_CATEGORIES" value="API" />
                </properties>
                <test-suite type="ParameterizedTest" id="7-1058" name="TheReadContentTypeIncludesAllPropertiesOfAChildCollection" fullname="EdFi.Ods.WebService.Tests.Profiles.ProfileDefinitionsCanIncludeAllMembersOfAResourceOrCollectionFeature.TheReadContentTypeIncludesAllPropertiesOfAChildCollection" runstate="Runnable" testcasecount="1" result="Passed" duration="0.179857" total="1" passed="0" failed="0" inconclusive="0" skipped="0" asserts="0">
                  <properties>
                    <property name="_DESCRIPTION" value="The Read content type includes all properties of a child collection" />
                  </properties>
                  <test-case id="7-1059" name="TheReadContentTypeIncludesAllPropertiesOfAChildCollection(&quot;raw JSON&quot;,null)" fullname="EdFi.Ods.WebService.Tests.Profiles.ProfileDefinitionsCanIncludeAllMembersOfAResourceOrCollectionFeature.TheReadContentTypeIncludesAllPropertiesOfAChildCollection(&quot;raw JSON&quot;,null)" methodname="TheReadContentTypeIncludesAllPropertiesOfAChildCollection" classname="EdFi.Ods.WebService.Tests.Profiles.ProfileDefinitionsCanIncludeAllMembersOfAResourceOrCollectionFeature" runstate="Runnable" result="Passed" duration="0.179439" asserts="2" />
                </test-suite>
                <test-suite type="ParameterizedTest" id="7-1054" name="TheReadContentTypeIncludesAllPropertiesOfAResource" fullname="EdFi.Ods.WebService.Tests.Profiles.ProfileDefinitionsCanIncludeAllMembersOfAResourceOrCollectionFeature.TheReadContentTypeIncludesAllPropertiesOfAResource" runstate="Runnable" testcasecount="1" result="Passed" duration="0.105759" total="1" passed="0" failed="0" inconclusive="0" skipped="0" asserts="0">
                  <properties>
                    <property name="_DESCRIPTION" value="The Read content type includes all properties of a resource" />
                  </properties>
                  <test-case id="7-1055" name="TheReadContentTypeIncludesAllPropertiesOfAResource(&quot;raw JSON&quot;,null)" fullname="EdFi.Ods.WebService.Tests.Profiles.ProfileDefinitionsCanIncludeAllMembersOfAResourceOrCollectionFeature.TheReadContentTypeIncludesAllPropertiesOfAResource(&quot;raw JSON&quot;,null)" methodname="TheReadContentTypeIncludesAllPropertiesOfAResource" classname="EdFi.Ods.WebService.Tests.Profiles.ProfileDefinitionsCanIncludeAllMembersOfAResourceOrCollectionFeature" runstate="Runnable" result="Passed" duration="0.105434" asserts="2" />
                </test-suite>
                <test-suite type="ParameterizedTest" id="7-1060" name="TheWriteContentTypeIncludesAllPropertiesOfAChildCollection" fullname="EdFi.Ods.WebService.Tests.Profiles.ProfileDefinitionsCanIncludeAllMembersOfAResourceOrCollectionFeature.TheWriteContentTypeIncludesAllPropertiesOfAChildCollection" runstate="Runnable" testcasecount="1" result="Passed" duration="0.060881" total="1" passed="0" failed="0" inconclusive="0" skipped="0" asserts="0">
                  <properties>
                    <property name="_DESCRIPTION" value="The Write content type includes all properties of a child collection" />
                  </properties>
                  <test-case id="7-1061" name="TheWriteContentTypeIncludesAllPropertiesOfAChildCollection(&quot;raw JSON&quot;,null)" fullname="EdFi.Ods.WebService.Tests.Profiles.ProfileDefinitionsCanIncludeAllMembersOfAResourceOrCollectionFeature.TheWriteContentTypeIncludesAllPropertiesOfAChildCollection(&quot;raw JSON&quot;,null)" methodname="TheWriteContentTypeIncludesAllPropertiesOfAChildCollection" classname="EdFi.Ods.WebService.Tests.Profiles.ProfileDefinitionsCanIncludeAllMembersOfAResourceOrCollectionFeature" runstate="Runnable" result="Passed" duration="0.060547" asserts="2" />
                </test-suite>
                <test-suite type="ParameterizedTest" id="7-1056" name="TheWriteContentTypeIncludesAllPropertiesOfAResource" fullname="EdFi.Ods.WebService.Tests.Profiles.ProfileDefinitionsCanIncludeAllMembersOfAResourceOrCollectionFeature.TheWriteContentTypeIncludesAllPropertiesOfAResource" runstate="Runnable" testcasecount="1" result="Passed" duration="0.150273" total="1" passed="0" failed="0" inconclusive="0" skipped="0" asserts="0">
                  <properties>
                    <property name="_DESCRIPTION" value="The Write content type includes all properties of a resource" />
                  </properties>
                  <test-case id="7-1057" name="TheWriteContentTypeIncludesAllPropertiesOfAResource(&quot;raw JSON&quot;,null)" fullname="EdFi.Ods.WebService.Tests.Profiles.ProfileDefinitionsCanIncludeAllMembersOfAResourceOrCollectionFeature.TheWriteContentTypeIncludesAllPropertiesOfAResource(&quot;raw JSON&quot;,null)" methodname="TheWriteContentTypeIncludesAllPropertiesOfAResource" classname="EdFi.Ods.WebService.Tests.Profiles.ProfileDefinitionsCanIncludeAllMembersOfAResourceOrCollectionFeature" runstate="Runnable" result="Passed" duration="0.149945" asserts="2" />
                </test-suite>
              </test-suite>
              <test-suite type="TestFixture" id="7-1079" name="ProfileDefinitionsCanIncludeAndExcludeCertainPropertiesOnResourcesFeature" fullname="EdFi.Ods.WebService.Tests.Profiles.ProfileDefinitionsCanIncludeAndExcludeCertainPropertiesOnResourcesFeature" classname="EdFi.Ods.WebService.Tests.Profiles.ProfileDefinitionsCanIncludeAndExcludeCertainPropertiesOnResourcesFeature" runstate="Runnable" testcasecount="4" result="Passed" duration="0.807769" total="4" passed="0" failed="0" inconclusive="0" skipped="0" asserts="0">
                <properties>
                  <property name="_DESCRIPTION" value="Profile definitions can include and exclude certain properties on resources" />
                  <property name="_CATEGORIES" value="API" />
                </properties>
                <test-suite type="ParameterizedTest" id="7-1082" name="TheReadContentTypeOnlyExcludesCertainProperties" fullname="EdFi.Ods.WebService.Tests.Profiles.ProfileDefinitionsCanIncludeAndExcludeCertainPropertiesOnResourcesFeature.TheReadContentTypeOnlyExcludesCertainProperties" runstate="Runnable" testcasecount="1" result="Passed" duration="0.195343" total="1" passed="0" failed="0" inconclusive="0" skipped="0" asserts="0">
                  <properties>
                    <property name="_DESCRIPTION" value="The Read content type only excludes certain properties" />
                  </properties>
                  <test-case id="7-1083" name="TheReadContentTypeOnlyExcludesCertainProperties(&quot;raw JSON&quot;,null)" fullname="EdFi.Ods.WebService.Tests.Profiles.ProfileDefinitionsCanIncludeAndExcludeCertainPropertiesOnResourcesFeature.TheReadContentTypeOnlyExcludesCertainProperties(&quot;raw JSON&quot;,null)" methodname="TheReadContentTypeOnlyExcludesCertainProperties" classname="EdFi.Ods.WebService.Tests.Profiles.ProfileDefinitionsCanIncludeAndExcludeCertainPropertiesOnResourcesFeature" runstate="Runnable" result="Passed" duration="0.194954" asserts="11" />
                </test-suite>
                <test-suite type="ParameterizedTest" id="7-1080" name="TheReadContentTypeOnlyIncludesCertainProperties" fullname="EdFi.Ods.WebService.Tests.Profiles.ProfileDefinitionsCanIncludeAndExcludeCertainPropertiesOnResourcesFeature.TheReadContentTypeOnlyIncludesCertainProperties" runstate="Runnable" testcasecount="1" result="Passed" duration="0.055996" total="1" passed="0" failed="0" inconclusive="0" skipped="0" asserts="0">
                  <properties>
                    <property name="_DESCRIPTION" value="The Read content type only includes certain properties" />
                  </properties>
                  <test-case id="7-1081" name="TheReadContentTypeOnlyIncludesCertainProperties(&quot;raw JSON&quot;,null)" fullname="EdFi.Ods.WebService.Tests.Profiles.ProfileDefinitionsCanIncludeAndExcludeCertainPropertiesOnResourcesFeature.TheReadContentTypeOnlyIncludesCertainProperties(&quot;raw JSON&quot;,null)" methodname="TheReadContentTypeOnlyIncludesCertainProperties" classname="EdFi.Ods.WebService.Tests.Profiles.ProfileDefinitionsCanIncludeAndExcludeCertainPropertiesOnResourcesFeature" runstate="Runnable" result="Passed" duration="0.055563" asserts="11" />
                </test-suite>
                <test-suite type="ParameterizedTest" id="7-1086" name="TheWriteContentTypeOnlyExcludesCertainProperties" fullname="EdFi.Ods.WebService.Tests.Profiles.ProfileDefinitionsCanIncludeAndExcludeCertainPropertiesOnResourcesFeature.TheWriteContentTypeOnlyExcludesCertainProperties" runstate="Runnable" testcasecount="1" result="Passed" duration="0.152090" total="1" passed="0" failed="0" inconclusive="0" skipped="0" asserts="0">
                  <properties>
                    <property name="_DESCRIPTION" value="The Write content type only excludes certain properties" />
                  </properties>
                  <test-case id="7-1087" name="TheWriteContentTypeOnlyExcludesCertainProperties(&quot;raw JSON&quot;,null)" fullname="EdFi.Ods.WebService.Tests.Profiles.ProfileDefinitionsCanIncludeAndExcludeCertainPropertiesOnResourcesFeature.TheWriteContentTypeOnlyExcludesCertainProperties(&quot;raw JSON&quot;,null)" methodname="TheWriteContentTypeOnlyExcludesCertainProperties" classname="EdFi.Ods.WebService.Tests.Profiles.ProfileDefinitionsCanIncludeAndExcludeCertainPropertiesOnResourcesFeature" runstate="Runnable" result="Passed" duration="0.151695" asserts="3" />
                </test-suite>
                <test-suite type="ParameterizedTest" id="7-1084" name="TheWriteContentTypeOnlyIncludesCertainProperties" fullname="EdFi.Ods.WebService.Tests.Profiles.ProfileDefinitionsCanIncludeAndExcludeCertainPropertiesOnResourcesFeature.TheWriteContentTypeOnlyIncludesCertainProperties" runstate="Runnable" testcasecount="1" result="Passed" duration="0.095797" total="1" passed="0" failed="0" inconclusive="0" skipped="0" asserts="0">
                  <properties>
                    <property name="_DESCRIPTION" value="The Write content type only includes certain properties" />
                  </properties>
                  <test-case id="7-1085" name="TheWriteContentTypeOnlyIncludesCertainProperties(&quot;raw JSON&quot;,null)" fullname="EdFi.Ods.WebService.Tests.Profiles.ProfileDefinitionsCanIncludeAndExcludeCertainPropertiesOnResourcesFeature.TheWriteContentTypeOnlyIncludesCertainProperties(&quot;raw JSON&quot;,null)" methodname="TheWriteContentTypeOnlyIncludesCertainProperties" classname="EdFi.Ods.WebService.Tests.Profiles.ProfileDefinitionsCanIncludeAndExcludeCertainPropertiesOnResourcesFeature" runstate="Runnable" result="Passed" duration="0.095499" asserts="1" />
                </test-suite>
              </test-suite>
              <test-suite type="TestFixture" id="7-1026" name="ProfileDefinitionsCanIncludeAndExcludeCertainReferencesOnResourcesFeature" fullname="EdFi.Ods.WebService.Tests.Profiles.ProfileDefinitionsCanIncludeAndExcludeCertainReferencesOnResourcesFeature" classname="EdFi.Ods.WebService.Tests.Profiles.ProfileDefinitionsCanIncludeAndExcludeCertainReferencesOnResourcesFeature" runstate="Runnable" testcasecount="4" result="Passed" duration="0.733556" total="4" passed="0" failed="0" inconclusive="0" skipped="0" asserts="0">
                <properties>
                  <property name="_DESCRIPTION" value="Profile definitions can include and exclude certain references on resources" />
                  <property name="_CATEGORIES" value="API" />
                </properties>
                <test-suite type="ParameterizedTest" id="7-1029" name="TheReadContentTypeOnlyExcludesCertainReferenceProperties" fullname="EdFi.Ods.WebService.Tests.Profiles.ProfileDefinitionsCanIncludeAndExcludeCertainReferencesOnResourcesFeature.TheReadContentTypeOnlyExcludesCertainReferenceProperties" runstate="Runnable" testcasecount="1" result="Passed" duration="0.229364" total="1" passed="0" failed="0" inconclusive="0" skipped="0" asserts="0">
                  <properties>
                    <property name="_DESCRIPTION" value="The Read content type only excludes certain reference properties" />
                  </properties>
                  <test-case id="7-1030" name="TheReadContentTypeOnlyExcludesCertainReferenceProperties(&quot;raw JSON&quot;,null)" fullname="EdFi.Ods.WebService.Tests.Profiles.ProfileDefinitionsCanIncludeAndExcludeCertainReferencesOnResourcesFeature.TheReadContentTypeOnlyExcludesCertainReferenceProperties(&quot;raw JSON&quot;,null)" methodname="TheReadContentTypeOnlyExcludesCertainReferenceProperties" classname="EdFi.Ods.WebService.Tests.Profiles.ProfileDefinitionsCanIncludeAndExcludeCertainReferencesOnResourcesFeature" runstate="Runnable" result="Passed" duration="0.228958" asserts="5" />
                </test-suite>
                <test-suite type="ParameterizedTest" id="7-1027" name="TheReadContentTypeOnlyIncludesCertainReferenceProperties" fullname="EdFi.Ods.WebService.Tests.Profiles.ProfileDefinitionsCanIncludeAndExcludeCertainReferencesOnResourcesFeature.TheReadContentTypeOnlyIncludesCertainReferenceProperties" runstate="Runnable" testcasecount="1" result="Passed" duration="0.028440" total="1" passed="0" failed="0" inconclusive="0" skipped="0" asserts="0">
                  <properties>
                    <property name="_DESCRIPTION" value="The Read content type only includes certain reference properties" />
                  </properties>
                  <test-case id="7-1028" name="TheReadContentTypeOnlyIncludesCertainReferenceProperties(&quot;raw JSON&quot;,null)" fullname="EdFi.Ods.WebService.Tests.Profiles.ProfileDefinitionsCanIncludeAndExcludeCertainReferencesOnResourcesFeature.TheReadContentTypeOnlyIncludesCertainReferenceProperties(&quot;raw JSON&quot;,null)" methodname="TheReadContentTypeOnlyIncludesCertainReferenceProperties" classname="EdFi.Ods.WebService.Tests.Profiles.ProfileDefinitionsCanIncludeAndExcludeCertainReferencesOnResourcesFeature" runstate="Runnable" result="Passed" duration="0.028096" asserts="5" />
                </test-suite>
                <test-suite type="ParameterizedTest" id="7-1033" name="TheWriteContentTypeOnlyExcludesCertainReferenceProperties" fullname="EdFi.Ods.WebService.Tests.Profiles.ProfileDefinitionsCanIncludeAndExcludeCertainReferencesOnResourcesFeature.TheWriteContentTypeOnlyExcludesCertainReferenceProperties" runstate="Runnable" testcasecount="1" result="Passed" duration="0.135670" total="1" passed="0" failed="0" inconclusive="0" skipped="0" asserts="0">
                  <properties>
                    <property name="_DESCRIPTION" value="The Write content type only excludes certain reference properties" />
                  </properties>
                  <test-case id="7-1034" name="TheWriteContentTypeOnlyExcludesCertainReferenceProperties(&quot;raw JSON&quot;,null)" fullname="EdFi.Ods.WebService.Tests.Profiles.ProfileDefinitionsCanIncludeAndExcludeCertainReferencesOnResourcesFeature.TheWriteContentTypeOnlyExcludesCertainReferenceProperties(&quot;raw JSON&quot;,null)" methodname="TheWriteContentTypeOnlyExcludesCertainReferenceProperties" classname="EdFi.Ods.WebService.Tests.Profiles.ProfileDefinitionsCanIncludeAndExcludeCertainReferencesOnResourcesFeature" runstate="Runnable" result="Passed" duration="0.135376" asserts="4" />
                </test-suite>
                <test-suite type="ParameterizedTest" id="7-1031" name="TheWriteContentTypeOnlyIncludesCertainReferenceProperties" fullname="EdFi.Ods.WebService.Tests.Profiles.ProfileDefinitionsCanIncludeAndExcludeCertainReferencesOnResourcesFeature.TheWriteContentTypeOnlyIncludesCertainReferenceProperties" runstate="Runnable" testcasecount="1" result="Passed" duration="0.036767" total="1" passed="0" failed="0" inconclusive="0" skipped="0" asserts="0">
                  <properties>
                    <property name="_DESCRIPTION" value="The Write content type only includes certain reference properties" />
                  </properties>
                  <test-case id="7-1032" name="TheWriteContentTypeOnlyIncludesCertainReferenceProperties(&quot;raw JSON&quot;,null)" fullname="EdFi.Ods.WebService.Tests.Profiles.ProfileDefinitionsCanIncludeAndExcludeCertainReferencesOnResourcesFeature.TheWriteContentTypeOnlyIncludesCertainReferenceProperties(&quot;raw JSON&quot;,null)" methodname="TheWriteContentTypeOnlyIncludesCertainReferenceProperties" classname="EdFi.Ods.WebService.Tests.Profiles.ProfileDefinitionsCanIncludeAndExcludeCertainReferencesOnResourcesFeature" runstate="Runnable" result="Passed" duration="0.036510" asserts="1" />
                </test-suite>
              </test-suite>
              <test-suite type="TestFixture" id="7-1035" name="ProfileDefinitionsCanIncludeAndExcludeSpecificPropertiesOfBaseClassChildCollectionsIndependentlyOnMultipleDerivedResourcesFeature" fullname="EdFi.Ods.WebService.Tests.Profiles.ProfileDefinitionsCanIncludeAndExcludeSpecificPropertiesOfBaseClassChildCollectionsIndependentlyOnMultipleDerivedResourcesFeature" classname="EdFi.Ods.WebService.Tests.Profiles.ProfileDefinitionsCanIncludeAndExcludeSpecificPropertiesOfBaseClassChildCollectionsIndependentlyOnMultipleDerivedResourcesFeature" runstate="Runnable" testcasecount="4" result="Passed" duration="0.733225" total="4" passed="0" failed="0" inconclusive="0" skipped="0" asserts="0">
                <properties>
                  <property name="_DESCRIPTION" value="Profile definitions can include and exclude specific properties of base class child collections independently on multiple derived resources" />
                  <property name="_CATEGORIES" value="API" />
                </properties>
                <test-suite type="ParameterizedTest" id="7-1038" name="TheReadContentTypeOnlyExcludesADistinctSetOfPropertiesFromABaseClassChildCollectionForEachDerivedResource" fullname="EdFi.Ods.WebService.Tests.Profiles.ProfileDefinitionsCanIncludeAndExcludeSpecificPropertiesOfBaseClassChildCollectionsIndependentlyOnMultipleDerivedResourcesFeature.TheReadContentTypeOnlyExcludesADistinctSetOfPropertiesFromABaseClassChildCollectionForEachDerivedResource" runstate="Runnable" testcasecount="1" result="Passed" duration="0.199849" total="1" passed="0" failed="0" inconclusive="0" skipped="0" asserts="0">
                  <properties>
                    <property name="_DESCRIPTION" value="The Read content type only excludes a distinct set of properties from a base class child collection for each derived resource" />
                  </properties>
                  <test-case id="7-1039" name="TheReadContentTypeOnlyExcludesADistinctSetOfPropertiesFromABaseClassChildCollectionForEachDerivedResource(&quot;raw JSON&quot;,&quot;localEducationAgencies&quot;,&quot;addresses&quot;,&quot;addressTypeDescriptor&quot;,&quot;latitude, longitude&quot;,&quot;EducationOrganizationAddress&quot;,null)" fullname="EdFi.Ods.WebService.Tests.Profiles.ProfileDefinitionsCanIncludeAndExcludeSpecificPropertiesOfBaseClassChildCollectionsIndependentlyOnMultipleDerivedResourcesFeature.TheReadContentTypeOnlyExcludesADistinctSetOfPropertiesFromABaseClassChildCollectionForEachDerivedResource(&quot;raw JSON&quot;,&quot;localEducationAgencies&quot;,&quot;addresses&quot;,&quot;addressTypeDescriptor&quot;,&quot;latitude, longitude&quot;,&quot;EducationOrganizationAddress&quot;,null)" methodname="TheReadContentTypeOnlyExcludesADistinctSetOfPropertiesFromABaseClassChildCollectionForEachDerivedResource" classname="EdFi.Ods.WebService.Tests.Profiles.ProfileDefinitionsCanIncludeAndExcludeSpecificPropertiesOfBaseClassChildCollectionsIndependentlyOnMultipleDerivedResourcesFeature" runstate="Runnable" result="Passed" duration="0.199445" asserts="5" />
                </test-suite>
                <test-suite type="ParameterizedTest" id="7-1036" name="TheReadContentTypeOnlyIncludesADistinctSetOfPropertiesFromABaseClassChildCollectionForEachDerivedResource" fullname="EdFi.Ods.WebService.Tests.Profiles.ProfileDefinitionsCanIncludeAndExcludeSpecificPropertiesOfBaseClassChildCollectionsIndependentlyOnMultipleDerivedResourcesFeature.TheReadContentTypeOnlyIncludesADistinctSetOfPropertiesFromABaseClassChildCollectionForEachDerivedResource" runstate="Runnable" testcasecount="1" result="Passed" duration="0.044502" total="1" passed="0" failed="0" inconclusive="0" skipped="0" asserts="0">
                  <properties>
                    <property name="_DESCRIPTION" value="The Read content type only includes a distinct set of properties from a base class child collection for each derived resource" />
                  </properties>
                  <test-case id="7-1037" name="TheReadContentTypeOnlyIncludesADistinctSetOfPropertiesFromABaseClassChildCollectionForEachDerivedResource(&quot;raw JSON&quot;,&quot;localEducationAgencies&quot;,&quot;addresses&quot;,&quot;addressTypeDescriptor&quot;,&quot;latitude, longitude&quot;,null)" fullname="EdFi.Ods.WebService.Tests.Profiles.ProfileDefinitionsCanIncludeAndExcludeSpecificPropertiesOfBaseClassChildCollectionsIndependentlyOnMultipleDerivedResourcesFeature.TheReadContentTypeOnlyIncludesADistinctSetOfPropertiesFromABaseClassChildCollectionForEachDerivedResource(&quot;raw JSON&quot;,&quot;localEducationAgencies&quot;,&quot;addresses&quot;,&quot;addressTypeDescriptor&quot;,&quot;latitude, longitude&quot;,null)" methodname="TheReadContentTypeOnlyIncludesADistinctSetOfPropertiesFromABaseClassChildCollectionForEachDerivedResource" classname="EdFi.Ods.WebService.Tests.Profiles.ProfileDefinitionsCanIncludeAndExcludeSpecificPropertiesOfBaseClassChildCollectionsIndependentlyOnMultipleDerivedResourcesFeature" runstate="Runnable" result="Passed" duration="0.044175" asserts="5" />
                </test-suite>
                <test-suite type="ParameterizedTest" id="7-1042" name="TheWriteContentTypeOnlyExcludesCertainPropertiesFromABaseClassChildCollection" fullname="EdFi.Ods.WebService.Tests.Profiles.ProfileDefinitionsCanIncludeAndExcludeSpecificPropertiesOfBaseClassChildCollectionsIndependentlyOnMultipleDerivedResourcesFeature.TheWriteContentTypeOnlyExcludesCertainPropertiesFromABaseClassChildCollection" runstate="Runnable" testcasecount="1" result="Passed" duration="0.148195" total="1" passed="0" failed="0" inconclusive="0" skipped="0" asserts="0">
                  <properties>
                    <property name="_DESCRIPTION" value="The Write content type only excludes certain properties from a base class child collection" />
                  </properties>
                  <test-case id="7-1043" name="TheWriteContentTypeOnlyExcludesCertainPropertiesFromABaseClassChildCollection(&quot;raw JSON&quot;,&quot;localEducationAgencies&quot;,&quot;EducationOrganizationAddresses&quot;,&quot;City, StateAbbreviationDescriptor, StateAbbreviationDescriptorId, PostalCode, DoNotPublishIndicator&quot;,&quot;AddressTypeDescriptor, AddressTypeDescriptorId&quot;,null)" fullname="EdFi.Ods.WebService.Tests.Profiles.ProfileDefinitionsCanIncludeAndExcludeSpecificPropertiesOfBaseClassChildCollectionsIndependentlyOnMultipleDerivedResourcesFeature.TheWriteContentTypeOnlyExcludesCertainPropertiesFromABaseClassChildCollection(&quot;raw JSON&quot;,&quot;localEducationAgencies&quot;,&quot;EducationOrganizationAddresses&quot;,&quot;City, StateAbbreviationDescriptor, StateAbbreviationDescriptorId, PostalCode, DoNotPublishIndicator&quot;,&quot;AddressTypeDescriptor, AddressTypeDescriptorId&quot;,null)" methodname="TheWriteContentTypeOnlyExcludesCertainPropertiesFromABaseClassChildCollection" classname="EdFi.Ods.WebService.Tests.Profiles.ProfileDefinitionsCanIncludeAndExcludeSpecificPropertiesOfBaseClassChildCollectionsIndependentlyOnMultipleDerivedResourcesFeature" runstate="Runnable" result="Passed" duration="0.147854" asserts="2" />
                </test-suite>
                <test-suite type="ParameterizedTest" id="7-1040" name="TheWriteContentTypeOnlyIncludesCertainPropertiesFromABaseClassChildCollection" fullname="EdFi.Ods.WebService.Tests.Profiles.ProfileDefinitionsCanIncludeAndExcludeSpecificPropertiesOfBaseClassChildCollectionsIndependentlyOnMultipleDerivedResourcesFeature.TheWriteContentTypeOnlyIncludesCertainPropertiesFromABaseClassChildCollection" runstate="Runnable" testcasecount="1" result="Passed" duration="0.050780" total="1" passed="0" failed="0" inconclusive="0" skipped="0" asserts="0">
                  <properties>
                    <property name="_DESCRIPTION" value="The Write content type only includes certain properties from a base class child collection" />
                  </properties>
                  <test-case id="7-1041" name="TheWriteContentTypeOnlyIncludesCertainPropertiesFromABaseClassChildCollection(&quot;raw JSON&quot;,&quot;localEducationAgencies&quot;,&quot;EducationOrganizationAddresses&quot;,&quot;City, StateAbbreviationDescriptor, StateAbbreviationDescriptorId, PostalCode&quot;,null)" fullname="EdFi.Ods.WebService.Tests.Profiles.ProfileDefinitionsCanIncludeAndExcludeSpecificPropertiesOfBaseClassChildCollectionsIndependentlyOnMultipleDerivedResourcesFeature.TheWriteContentTypeOnlyIncludesCertainPropertiesFromABaseClassChildCollection(&quot;raw JSON&quot;,&quot;localEducationAgencies&quot;,&quot;EducationOrganizationAddresses&quot;,&quot;City, StateAbbreviationDescriptor, StateAbbreviationDescriptorId, PostalCode&quot;,null)" methodname="TheWriteContentTypeOnlyIncludesCertainPropertiesFromABaseClassChildCollection" classname="EdFi.Ods.WebService.Tests.Profiles.ProfileDefinitionsCanIncludeAndExcludeSpecificPropertiesOfBaseClassChildCollectionsIndependentlyOnMultipleDerivedResourcesFeature" runstate="Runnable" result="Passed" duration="0.050443" asserts="2" />
                </test-suite>
              </test-suite>
              <test-suite type="TestFixture" id="7-1069" name="ProfilesAssignedToCallersMustBeUsedForCoveredResourcesFeature" fullname="EdFi.Ods.WebService.Tests.Profiles.ProfilesAssignedToCallersMustBeUsedForCoveredResourcesFeature" classname="EdFi.Ods.WebService.Tests.Profiles.ProfilesAssignedToCallersMustBeUsedForCoveredResourcesFeature" runstate="Runnable" testcasecount="6" result="Passed" duration="0.560187" total="6" passed="0" failed="0" inconclusive="0" skipped="0" asserts="0">
                <properties>
                  <property name="_DESCRIPTION" value="Profiles assigned to callers must be used for covered resources" />
                  <property name="_CATEGORIES" value="API" />
                </properties>
                <test-case id="7-1074" name="TheCallerIsAssignedAProfileAndAttemptsToUpdateACoveredResourceUsingADifferentProfileSContentType" fullname="EdFi.Ods.WebService.Tests.Profiles.ProfilesAssignedToCallersMustBeUsedForCoveredResourcesFeature.TheCallerIsAssignedAProfileAndAttemptsToUpdateACoveredResourceUsingADifferentProfileSContentType" methodname="TheCallerIsAssignedAProfileAndAttemptsToUpdateACoveredResourceUsingADifferentProfileSContentType" classname="EdFi.Ods.WebService.Tests.Profiles.ProfilesAssignedToCallersMustBeUsedForCoveredResourcesFeature" runstate="Runnable" result="Passed" duration="0.106170" asserts="0">
                  <properties>
                    <property name="_DESCRIPTION" value="The caller is assigned a profile and attempts to update a covered resource using a different profile's content type" />
                  </properties>
                </test-case>
                <test-case id="7-1073" name="TheCallerIsAssignedAProfileAndAttemptsToUpdateACoveredResourceUsingTheCorrectContentTypeHeader" fullname="EdFi.Ods.WebService.Tests.Profiles.ProfilesAssignedToCallersMustBeUsedForCoveredResourcesFeature.TheCallerIsAssignedAProfileAndAttemptsToUpdateACoveredResourceUsingTheCorrectContentTypeHeader" methodname="TheCallerIsAssignedAProfileAndAttemptsToUpdateACoveredResourceUsingTheCorrectContentTypeHeader" classname="EdFi.Ods.WebService.Tests.Profiles.ProfilesAssignedToCallersMustBeUsedForCoveredResourcesFeature" runstate="Runnable" result="Passed" duration="0.042396" asserts="1">
                  <properties>
                    <property name="_DESCRIPTION" value="The caller is assigned a profile and attempts to update a covered resource using the correct content type header" />
                  </properties>
                </test-case>
                <test-case id="7-1075" name="TheCallerIsAssignedAProfileAndAttemptsToUpdateACoveredResourceUsingTheStandardContentTypeHeader" fullname="EdFi.Ods.WebService.Tests.Profiles.ProfilesAssignedToCallersMustBeUsedForCoveredResourcesFeature.TheCallerIsAssignedAProfileAndAttemptsToUpdateACoveredResourceUsingTheStandardContentTypeHeader" methodname="TheCallerIsAssignedAProfileAndAttemptsToUpdateACoveredResourceUsingTheStandardContentTypeHeader" classname="EdFi.Ods.WebService.Tests.Profiles.ProfilesAssignedToCallersMustBeUsedForCoveredResourcesFeature" runstate="Runnable" result="Passed" duration="0.007588" asserts="0">
                  <properties>
                    <property name="_DESCRIPTION" value="The caller is assigned a profile and attempts to update a covered resource using the standard content type header" />
                  </properties>
                </test-case>
                <test-case id="7-1071" name="TheCallerIsAssignedAProfileAndRequestsACoveredResourceUsingADifferentProfileSContentType" fullname="EdFi.Ods.WebService.Tests.Profiles.ProfilesAssignedToCallersMustBeUsedForCoveredResourcesFeature.TheCallerIsAssignedAProfileAndRequestsACoveredResourceUsingADifferentProfileSContentType" methodname="TheCallerIsAssignedAProfileAndRequestsACoveredResourceUsingADifferentProfileSContentType" classname="EdFi.Ods.WebService.Tests.Profiles.ProfilesAssignedToCallersMustBeUsedForCoveredResourcesFeature" runstate="Runnable" result="Passed" duration="0.001539" asserts="0">
                  <properties>
                    <property name="_DESCRIPTION" value="The caller is assigned a profile and requests a covered resource using a different profile's content type" />
                  </properties>
                </test-case>
                <test-case id="7-1070" name="TheCallerIsAssignedAProfileAndRequestsACoveredResourceUsingTheCorrectContentTypeHeader" fullname="EdFi.Ods.WebService.Tests.Profiles.ProfilesAssignedToCallersMustBeUsedForCoveredResourcesFeature.TheCallerIsAssignedAProfileAndRequestsACoveredResourceUsingTheCorrectContentTypeHeader" methodname="TheCallerIsAssignedAProfileAndRequestsACoveredResourceUsingTheCorrectContentTypeHeader" classname="EdFi.Ods.WebService.Tests.Profiles.ProfilesAssignedToCallersMustBeUsedForCoveredResourcesFeature" runstate="Runnable" result="Passed" duration="0.007471" asserts="1">
                  <properties>
                    <property name="_DESCRIPTION" value="The caller is assigned a profile and requests a covered resource using the correct content type header" />
                  </properties>
                </test-case>
                <test-case id="7-1072" name="TheCallerIsAssignedAProfileAndRequestsACoveredResourceUsingTheStandardContentTypeHeader" fullname="EdFi.Ods.WebService.Tests.Profiles.ProfilesAssignedToCallersMustBeUsedForCoveredResourcesFeature.TheCallerIsAssignedAProfileAndRequestsACoveredResourceUsingTheStandardContentTypeHeader" methodname="TheCallerIsAssignedAProfileAndRequestsACoveredResourceUsingTheStandardContentTypeHeader" classname="EdFi.Ods.WebService.Tests.Profiles.ProfilesAssignedToCallersMustBeUsedForCoveredResourcesFeature" runstate="Runnable" result="Passed" duration="0.001977" asserts="0">
                  <properties>
                    <property name="_DESCRIPTION" value="The caller is assigned a profile and requests a covered resource using the standard content type header" />
                  </properties>
                </test-case>
              </test-suite>
              <test-suite type="TestFixture" id="7-1076" name="ProfilesCanExcludeOptionalReferencesFeature" fullname="EdFi.Ods.WebService.Tests.Profiles.ProfilesCanExcludeOptionalReferencesFeature" classname="EdFi.Ods.WebService.Tests.Profiles.ProfilesCanExcludeOptionalReferencesFeature" runstate="Runnable" testcasecount="2" result="Passed" duration="0.477358" total="2" passed="0" failed="0" inconclusive="0" skipped="0" asserts="0">
                <properties>
                  <property name="_DESCRIPTION" value="Profiles can exclude optional references" />
                  <property name="_CATEGORIES" value="API" />
                </properties>
                <test-case id="7-1077" name="TheReadContentTypeCanExcludeOptionalReferences" fullname="EdFi.Ods.WebService.Tests.Profiles.ProfilesCanExcludeOptionalReferencesFeature.TheReadContentTypeCanExcludeOptionalReferences" methodname="TheReadContentTypeCanExcludeOptionalReferences" classname="EdFi.Ods.WebService.Tests.Profiles.ProfilesCanExcludeOptionalReferencesFeature" runstate="Runnable" result="Passed" duration="0.128341" asserts="3">
                  <properties>
                    <property name="_DESCRIPTION" value="The Read content type can exclude optional references" />
                  </properties>
                </test-case>
                <test-case id="7-1078" name="TheWriteContentTypeCanExcludeOptionalReferences" fullname="EdFi.Ods.WebService.Tests.Profiles.ProfilesCanExcludeOptionalReferencesFeature.TheWriteContentTypeCanExcludeOptionalReferences" methodname="TheWriteContentTypeCanExcludeOptionalReferences" classname="EdFi.Ods.WebService.Tests.Profiles.ProfilesCanExcludeOptionalReferencesFeature" runstate="Runnable" result="Passed" duration="0.038574" asserts="2">
                  <properties>
                    <property name="_DESCRIPTION" value="The Write content type can exclude optional references" />
                  </properties>
                </test-case>
              </test-suite>
              <test-suite type="TestFixture" id="7-1088" name="RequestsUsingContentTypesReferencingUndefinedProfilesWillFailFeature" fullname="EdFi.Ods.WebService.Tests.Profiles.RequestsUsingContentTypesReferencingUndefinedProfilesWillFailFeature" classname="EdFi.Ods.WebService.Tests.Profiles.RequestsUsingContentTypesReferencingUndefinedProfilesWillFailFeature" runstate="Runnable" testcasecount="2" result="Passed" duration="0.439561" total="2" passed="0" failed="0" inconclusive="0" skipped="0" asserts="0">
                <properties>
                  <property name="_DESCRIPTION" value="Requests using content types referencing undefined profiles will fail" />
                  <property name="_CATEGORIES" value="API" />
                </properties>
                <test-case id="7-1089" name="TheCallerAttemptsToReadAResourceUsingANon_ExistingProfile" fullname="EdFi.Ods.WebService.Tests.Profiles.RequestsUsingContentTypesReferencingUndefinedProfilesWillFailFeature.TheCallerAttemptsToReadAResourceUsingANon_ExistingProfile" methodname="TheCallerAttemptsToReadAResourceUsingANon_ExistingProfile" classname="EdFi.Ods.WebService.Tests.Profiles.RequestsUsingContentTypesReferencingUndefinedProfilesWillFailFeature" runstate="Runnable" result="Passed" duration="0.127142" asserts="0">
                  <properties>
                    <property name="_DESCRIPTION" value="The caller attempts to read a resource using a non-existing profile" />
                  </properties>
                </test-case>
                <test-case id="7-1090" name="TheCallerAttemptsToUpdateAResourceUsingANon_ExistingProfile" fullname="EdFi.Ods.WebService.Tests.Profiles.RequestsUsingContentTypesReferencingUndefinedProfilesWillFailFeature.TheCallerAttemptsToUpdateAResourceUsingANon_ExistingProfile" methodname="TheCallerAttemptsToUpdateAResourceUsingANon_ExistingProfile" classname="EdFi.Ods.WebService.Tests.Profiles.RequestsUsingContentTypesReferencingUndefinedProfilesWillFailFeature" runstate="Runnable" result="Passed" duration="0.010082" asserts="0">
                  <properties>
                    <property name="_DESCRIPTION" value="The caller attempts to update a resource using a non-existing profile" />
                  </properties>
                </test-case>
              </test-suite>
              <test-suite type="TestFixture" id="7-1091" name="ResourcesNotCoveredByAnAssignedProfileAreAccessibleUsingEitherTheStandardJSONContentTypeOrAValidProfileContentTypeFeature" fullname="EdFi.Ods.WebService.Tests.Profiles.ResourcesNotCoveredByAnAssignedProfileAreAccessibleUsingEitherTheStandardJSONContentTypeOrAValidProfileContentTypeFeature" classname="EdFi.Ods.WebService.Tests.Profiles.ResourcesNotCoveredByAnAssignedProfileAreAccessibleUsingEitherTheStandardJSONContentTypeOrAValidProfileContentTypeFeature" runstate="Runnable" testcasecount="4" result="Passed" duration="0.708882" total="4" passed="0" failed="0" inconclusive="0" skipped="0" asserts="0">
                <properties>
                  <property name="_DESCRIPTION" value="Resources not covered by an assigned profile are accessible using either the standard JSON content type or a valid profile content type" />
                  <property name="_CATEGORIES" value="API" />
                </properties>
                <test-case id="7-1092" name="TheCallerRequestsAResourceNotCoveredByAnyOfTheirAssignedProfilesUsingTheStandardContentType" fullname="EdFi.Ods.WebService.Tests.Profiles.ResourcesNotCoveredByAnAssignedProfileAreAccessibleUsingEitherTheStandardJSONContentTypeOrAValidProfileContentTypeFeature.TheCallerRequestsAResourceNotCoveredByAnyOfTheirAssignedProfilesUsingTheStandardContentType" methodname="TheCallerRequestsAResourceNotCoveredByAnyOfTheirAssignedProfilesUsingTheStandardContentType" classname="EdFi.Ods.WebService.Tests.Profiles.ResourcesNotCoveredByAnAssignedProfileAreAccessibleUsingEitherTheStandardJSONContentTypeOrAValidProfileContentTypeFeature" runstate="Runnable" result="Passed" duration="0.153890" asserts="1">
                  <properties>
                    <property name="_DESCRIPTION" value="The caller requests a resource not covered by any of their assigned profiles using the standard content type" />
                  </properties>
                </test-case>
                <test-case id="7-1093" name="TheCallerRequestsAResourceNotCoveredByTheirAssignedProfilesUsingAValidButUnassignedProfile_SpecificContentType" fullname="EdFi.Ods.WebService.Tests.Profiles.ResourcesNotCoveredByAnAssignedProfileAreAccessibleUsingEitherTheStandardJSONContentTypeOrAValidProfileContentTypeFeature.TheCallerRequestsAResourceNotCoveredByTheirAssignedProfilesUsingAValidButUnassignedProfile_SpecificContentType" methodname="TheCallerRequestsAResourceNotCoveredByTheirAssignedProfilesUsingAValidButUnassignedProfile_SpecificContentType" classname="EdFi.Ods.WebService.Tests.Profiles.ResourcesNotCoveredByAnAssignedProfileAreAccessibleUsingEitherTheStandardJSONContentTypeOrAValidProfileContentTypeFeature" runstate="Runnable" result="Passed" duration="0.018322" asserts="1">
                  <properties>
                    <property name="_DESCRIPTION" value="The caller requests a resource not covered by their assigned profiles using a valid but unassigned profile-specific content type" />
                  </properties>
                </test-case>
                <test-case id="7-1095" name="TheCallerUpdatesAResourceNotCoveredByAnyOfTheirAssignedProfilesUsingAValidButUnassignedProfile_SpecificContentType" fullname="EdFi.Ods.WebService.Tests.Profiles.ResourcesNotCoveredByAnAssignedProfileAreAccessibleUsingEitherTheStandardJSONContentTypeOrAValidProfileContentTypeFeature.TheCallerUpdatesAResourceNotCoveredByAnyOfTheirAssignedProfilesUsingAValidButUnassignedProfile_SpecificContentType" methodname="TheCallerUpdatesAResourceNotCoveredByAnyOfTheirAssignedProfilesUsingAValidButUnassignedProfile_SpecificContentType" classname="EdFi.Ods.WebService.Tests.Profiles.ResourcesNotCoveredByAnAssignedProfileAreAccessibleUsingEitherTheStandardJSONContentTypeOrAValidProfileContentTypeFeature" runstate="Runnable" result="Passed" duration="0.041797" asserts="1">
                  <properties>
                    <property name="_DESCRIPTION" value="The caller updates a resource not covered by any of their assigned profiles using a valid but unassigned profile-specific content type" />
                  </properties>
                </test-case>
                <test-case id="7-1094" name="TheCallerUpdatesAResourceNotCoveredByAnyOfTheirAssignedProfilesUsingTheStandardContentType" fullname="EdFi.Ods.WebService.Tests.Profiles.ResourcesNotCoveredByAnAssignedProfileAreAccessibleUsingEitherTheStandardJSONContentTypeOrAValidProfileContentTypeFeature.TheCallerUpdatesAResourceNotCoveredByAnyOfTheirAssignedProfilesUsingTheStandardContentType" methodname="TheCallerUpdatesAResourceNotCoveredByAnyOfTheirAssignedProfilesUsingTheStandardContentType" classname="EdFi.Ods.WebService.Tests.Profiles.ResourcesNotCoveredByAnAssignedProfileAreAccessibleUsingEitherTheStandardJSONContentTypeOrAValidProfileContentTypeFeature" runstate="Runnable" result="Passed" duration="0.131854" asserts="1">
                  <properties>
                    <property name="_DESCRIPTION" value="The caller updates a resource not covered by any of their assigned profiles using the standard content type" />
                  </properties>
                </test-case>
              </test-suite>
            </test-suite>
            <test-suite type="Namespace" id="7-1437" name="ResponseTests" fullname="EdFi.Ods.WebService.Tests.ResponseTests" runstate="Runnable" testcasecount="39" result="Passed" duration="165.002867" total="39" passed="0" failed="0" inconclusive="0" skipped="0" asserts="0">
              <test-suite type="Namespace" id="7-1438" name="Delete" fullname="EdFi.Ods.WebService.Tests.ResponseTests.Delete" runstate="Runnable" testcasecount="5" result="Passed" duration="19.662729" total="5" passed="0" failed="0" inconclusive="0" skipped="0" asserts="0">
                <test-suite type="TestFixture" id="7-1357" name="when_deleting_a_resource" fullname="EdFi.Ods.WebService.Tests.ResponseTests.Delete.when_deleting_a_resource" classname="EdFi.Ods.WebService.Tests.ResponseTests.Delete.when_deleting_a_resource" runstate="Runnable" testcasecount="1" result="Passed" duration="4.413384" total="1" passed="0" failed="0" inconclusive="0" skipped="0" asserts="0">
                  <test-case id="7-1358" name="api_should_succeed_with_204_code" fullname="EdFi.Ods.WebService.Tests.ResponseTests.Delete.when_deleting_a_resource.api_should_succeed_with_204_code" methodname="api_should_succeed_with_204_code" classname="EdFi.Ods.WebService.Tests.ResponseTests.Delete.when_deleting_a_resource" runstate="Runnable" result="Passed" duration="4.412817" asserts="0" />
                </test-suite>
                <test-suite type="TestFixture" id="7-1361" name="when_deleting_a_resource_that_doesnt_exist" fullname="EdFi.Ods.WebService.Tests.ResponseTests.Delete.when_deleting_a_resource_that_doesnt_exist" classname="EdFi.Ods.WebService.Tests.ResponseTests.Delete.when_deleting_a_resource_that_doesnt_exist" runstate="Runnable" testcasecount="1" result="Passed" duration="3.763813" total="1" passed="0" failed="0" inconclusive="0" skipped="0" asserts="0">
                  <test-case id="7-1362" name="api_should_fail_with_404_code" fullname="EdFi.Ods.WebService.Tests.ResponseTests.Delete.when_deleting_a_resource_that_doesnt_exist.api_should_fail_with_404_code" methodname="api_should_fail_with_404_code" classname="EdFi.Ods.WebService.Tests.ResponseTests.Delete.when_deleting_a_resource_that_doesnt_exist" runstate="Runnable" result="Passed" duration="3.763200" asserts="0" />
                </test-suite>
                <test-suite type="TestFixture" id="7-1365" name="when_deleting_a_resource_with_a_malformed_id" fullname="EdFi.Ods.WebService.Tests.ResponseTests.Delete.when_deleting_a_resource_with_a_malformed_id" classname="EdFi.Ods.WebService.Tests.ResponseTests.Delete.when_deleting_a_resource_with_a_malformed_id" runstate="Runnable" testcasecount="1" result="Passed" duration="3.676240" total="1" passed="0" failed="0" inconclusive="0" skipped="0" asserts="0">
                  <test-case id="7-1366" name="api_should_fail_with_400_code" fullname="EdFi.Ods.WebService.Tests.ResponseTests.Delete.when_deleting_a_resource_with_a_malformed_id.api_should_fail_with_400_code" methodname="api_should_fail_with_400_code" classname="EdFi.Ods.WebService.Tests.ResponseTests.Delete.when_deleting_a_resource_with_a_malformed_id" runstate="Runnable" result="Passed" duration="3.675710" asserts="1" />
                </test-suite>
                <test-suite type="TestFixture" id="7-1363" name="when_deleting_a_resource_with_mismatched_etag" fullname="EdFi.Ods.WebService.Tests.ResponseTests.Delete.when_deleting_a_resource_with_mismatched_etag" classname="EdFi.Ods.WebService.Tests.ResponseTests.Delete.when_deleting_a_resource_with_mismatched_etag" runstate="Runnable" testcasecount="1" result="Passed" duration="3.821703" total="1" passed="0" failed="0" inconclusive="0" skipped="0" asserts="0">
                  <test-case id="7-1364" name="api_should_fail_with_412_code" fullname="EdFi.Ods.WebService.Tests.ResponseTests.Delete.when_deleting_a_resource_with_mismatched_etag.api_should_fail_with_412_code" methodname="api_should_fail_with_412_code" classname="EdFi.Ods.WebService.Tests.ResponseTests.Delete.when_deleting_a_resource_with_mismatched_etag" runstate="Runnable" result="Passed" duration="3.821207" asserts="0" />
                </test-suite>
                <test-suite type="TestFixture" id="7-1359" name="when_deleting_a_resource_would_break_referencial_integrity" fullname="EdFi.Ods.WebService.Tests.ResponseTests.Delete.when_deleting_a_resource_would_break_referencial_integrity" classname="EdFi.Ods.WebService.Tests.ResponseTests.Delete.when_deleting_a_resource_would_break_referencial_integrity" runstate="Runnable" testcasecount="1" result="Passed" duration="3.982142" total="1" passed="0" failed="0" inconclusive="0" skipped="0" asserts="0">
                  <test-case id="7-1360" name="api_should_fail_with_409_code" fullname="EdFi.Ods.WebService.Tests.ResponseTests.Delete.when_deleting_a_resource_would_break_referencial_integrity.api_should_fail_with_409_code" methodname="api_should_fail_with_409_code" classname="EdFi.Ods.WebService.Tests.ResponseTests.Delete.when_deleting_a_resource_would_break_referencial_integrity" runstate="Runnable" result="Passed" duration="3.981665" asserts="0" />
                </test-suite>
              </test-suite>
              <test-suite type="Namespace" id="7-1439" name="Get" fullname="EdFi.Ods.WebService.Tests.ResponseTests.Get" runstate="Runnable" testcasecount="21" result="Passed" duration="85.108659" total="21" passed="0" failed="0" inconclusive="0" skipped="0" asserts="0">
                <test-suite type="TestFixture" id="7-1380" name="GetAll_200_Tests" fullname="EdFi.Ods.WebService.Tests.ResponseTests.Get.GetAll_200_Tests" classname="EdFi.Ods.WebService.Tests.ResponseTests.Get.GetAll_200_Tests" runstate="Runnable" testcasecount="4" result="Passed" duration="14.881780" total="4" passed="0" failed="0" inconclusive="0" skipped="0" asserts="0">
                  <test-case id="7-1383" name="When_Limit_Value_Supplied_Should_Not_Return_more_than_that_number" fullname="EdFi.Ods.WebService.Tests.ResponseTests.Get.GetAll_200_Tests.When_Limit_Value_Supplied_Should_Not_Return_more_than_that_number" methodname="When_Limit_Value_Supplied_Should_Not_Return_more_than_that_number" classname="EdFi.Ods.WebService.Tests.ResponseTests.Get.GetAll_200_Tests" runstate="Runnable" result="Passed" duration="3.863432" asserts="0" />
                  <test-case id="7-1381" name="When_No_Parameters_are_supplied_should_return_25_results" fullname="EdFi.Ods.WebService.Tests.ResponseTests.Get.GetAll_200_Tests.When_No_Parameters_are_supplied_should_return_25_results" methodname="When_No_Parameters_are_supplied_should_return_25_results" classname="EdFi.Ods.WebService.Tests.ResponseTests.Get.GetAll_200_Tests" runstate="Runnable" result="Passed" duration="3.893252" asserts="0" />
                  <test-case id="7-1382" name="When_No_Resources_Exist_Should_Return_Empty_Collection_With_200" fullname="EdFi.Ods.WebService.Tests.ResponseTests.Get.GetAll_200_Tests.When_No_Resources_Exist_Should_Return_Empty_Collection_With_200" methodname="When_No_Resources_Exist_Should_Return_Empty_Collection_With_200" classname="EdFi.Ods.WebService.Tests.ResponseTests.Get.GetAll_200_Tests" runstate="Runnable" result="Passed" duration="3.235494" asserts="0" />
                  <test-case id="7-1384" name="When_Offset_Value_Supplied_Should_Return_Next_Set_of_Resources" fullname="EdFi.Ods.WebService.Tests.ResponseTests.Get.GetAll_200_Tests.When_Offset_Value_Supplied_Should_Return_Next_Set_of_Resources" methodname="When_Offset_Value_Supplied_Should_Return_Next_Set_of_Resources" classname="EdFi.Ods.WebService.Tests.ResponseTests.Get.GetAll_200_Tests" runstate="Runnable" result="Passed" duration="3.886400" asserts="0" />
                </test-suite>
                <test-suite type="TestFixture" id="7-1385" name="GetAll_400_Tests" fullname="EdFi.Ods.WebService.Tests.ResponseTests.Get.GetAll_400_Tests" classname="EdFi.Ods.WebService.Tests.ResponseTests.Get.GetAll_400_Tests" runstate="Runnable" testcasecount="3" result="Passed" duration="10.784697" total="3" passed="0" failed="0" inconclusive="0" skipped="0" asserts="0">
                  <test-case id="7-1387" name="When_Given_a_limit_0_Should_return_400" fullname="EdFi.Ods.WebService.Tests.ResponseTests.Get.GetAll_400_Tests.When_Given_a_limit_0_Should_return_400" methodname="When_Given_a_limit_0_Should_return_400" classname="EdFi.Ods.WebService.Tests.ResponseTests.Get.GetAll_400_Tests" runstate="Runnable" result="Passed" duration="3.224932" asserts="0" />
                  <test-case id="7-1388" name="When_Given_a_limit_101_or_more_Should_return_400" fullname="EdFi.Ods.WebService.Tests.ResponseTests.Get.GetAll_400_Tests.When_Given_a_limit_101_or_more_Should_return_400" methodname="When_Given_a_limit_101_or_more_Should_return_400" classname="EdFi.Ods.WebService.Tests.ResponseTests.Get.GetAll_400_Tests" runstate="Runnable" result="Passed" duration="3.741095" asserts="0" />
                  <test-case id="7-1386" name="When_Given_a_limit_Negative1_or_less_Should_return_400" fullname="EdFi.Ods.WebService.Tests.ResponseTests.Get.GetAll_400_Tests.When_Given_a_limit_Negative1_or_less_Should_return_400" methodname="When_Given_a_limit_Negative1_or_less_Should_return_400" classname="EdFi.Ods.WebService.Tests.ResponseTests.Get.GetAll_400_Tests" runstate="Runnable" result="Passed" duration="3.816154" asserts="0" />
                </test-suite>
                <test-suite type="TestFixture" id="7-1371" name="GetByExample_200_Tests" fullname="EdFi.Ods.WebService.Tests.ResponseTests.Get.GetByExample_200_Tests" classname="EdFi.Ods.WebService.Tests.ResponseTests.Get.GetByExample_200_Tests" runstate="Runnable" testcasecount="6" result="Passed" duration="30.013407" total="6" passed="0" failed="0" inconclusive="0" skipped="0" asserts="0">
                  <test-case id="7-1372" name="When_Given_A_Valid_Example_Should_Return_All_Resources_For_That_Example" fullname="EdFi.Ods.WebService.Tests.ResponseTests.Get.GetByExample_200_Tests.When_Given_A_Valid_Example_Should_Return_All_Resources_For_That_Example" methodname="When_Given_A_Valid_Example_Should_Return_All_Resources_For_That_Example" classname="EdFi.Ods.WebService.Tests.ResponseTests.Get.GetByExample_200_Tests" runstate="Runnable" result="Passed" duration="5.527458" asserts="0" />
                  <test-case id="7-1373" name="When_Given_A_Valid_Example_With_Multiple_Properties_Should_Return_All_Resources_For_That_Example" fullname="EdFi.Ods.WebService.Tests.ResponseTests.Get.GetByExample_200_Tests.When_Given_A_Valid_Example_With_Multiple_Properties_Should_Return_All_Resources_For_That_Example" methodname="When_Given_A_Valid_Example_With_Multiple_Properties_Should_Return_All_Resources_For_That_Example" classname="EdFi.Ods.WebService.Tests.ResponseTests.Get.GetByExample_200_Tests" runstate="Runnable" result="Passed" duration="4.997069" asserts="0" />
                  <test-case id="7-1374" name="When_Given_A_Valid_Example_With_Non_Key_Properties_Should_Return_All_Resources_For_That_Example" fullname="EdFi.Ods.WebService.Tests.ResponseTests.Get.GetByExample_200_Tests.When_Given_A_Valid_Example_With_Non_Key_Properties_Should_Return_All_Resources_For_That_Example" methodname="When_Given_A_Valid_Example_With_Non_Key_Properties_Should_Return_All_Resources_For_That_Example" classname="EdFi.Ods.WebService.Tests.ResponseTests.Get.GetByExample_200_Tests" runstate="Runnable" result="Passed" duration="5.972072" asserts="0" />
                  <test-case id="7-1375" name="When_Given_An_Invalid_Example_Should_Return_No_Resources_For_That_Example" fullname="EdFi.Ods.WebService.Tests.ResponseTests.Get.GetByExample_200_Tests.When_Given_An_Invalid_Example_Should_Return_No_Resources_For_That_Example" methodname="When_Given_An_Invalid_Example_Should_Return_No_Resources_For_That_Example" classname="EdFi.Ods.WebService.Tests.ResponseTests.Get.GetByExample_200_Tests" runstate="Runnable" result="Passed" duration="4.876091" asserts="0" />
                  <test-case id="7-1376" name="When_Limit_Value_Supplied_Should_Not_Return_more_than_that_number" fullname="EdFi.Ods.WebService.Tests.ResponseTests.Get.GetByExample_200_Tests.When_Limit_Value_Supplied_Should_Not_Return_more_than_that_number" methodname="When_Limit_Value_Supplied_Should_Not_Return_more_than_that_number" classname="EdFi.Ods.WebService.Tests.ResponseTests.Get.GetByExample_200_Tests" runstate="Runnable" result="Passed" duration="4.825719" asserts="0" />
                  <test-case id="7-1377" name="When_Offset_Value_Supplied_Should_Return_Next_Set_of_Resources" fullname="EdFi.Ods.WebService.Tests.ResponseTests.Get.GetByExample_200_Tests.When_Offset_Value_Supplied_Should_Return_Next_Set_of_Resources" methodname="When_Offset_Value_Supplied_Should_Return_Next_Set_of_Resources" classname="EdFi.Ods.WebService.Tests.ResponseTests.Get.GetByExample_200_Tests" runstate="Runnable" result="Passed" duration="3.810044" asserts="0" />
                </test-suite>
                <test-suite type="TestFixture" id="7-1367" name="GetByExample_400_Tests" fullname="EdFi.Ods.WebService.Tests.ResponseTests.Get.GetByExample_400_Tests" classname="EdFi.Ods.WebService.Tests.ResponseTests.Get.GetByExample_400_Tests" runstate="Runnable" testcasecount="3" result="Passed" duration="10.707870" total="3" passed="0" failed="0" inconclusive="0" skipped="0" asserts="0">
                  <test-case id="7-1369" name="When_Given_a_limit_0_Should_return_400" fullname="EdFi.Ods.WebService.Tests.ResponseTests.Get.GetByExample_400_Tests.When_Given_a_limit_0_Should_return_400" methodname="When_Given_a_limit_0_Should_return_400" classname="EdFi.Ods.WebService.Tests.ResponseTests.Get.GetByExample_400_Tests" runstate="Runnable" result="Passed" duration="3.804821" asserts="0" />
                  <test-case id="7-1370" name="When_Given_a_limit_101_or_more_Should_return_400" fullname="EdFi.Ods.WebService.Tests.ResponseTests.Get.GetByExample_400_Tests.When_Given_a_limit_101_or_more_Should_return_400" methodname="When_Given_a_limit_101_or_more_Should_return_400" classname="EdFi.Ods.WebService.Tests.ResponseTests.Get.GetByExample_400_Tests" runstate="Runnable" result="Passed" duration="3.259490" asserts="0" />
                  <test-case id="7-1368" name="When_Given_a_limit_Negative1_or_less_Should_return_400" fullname="EdFi.Ods.WebService.Tests.ResponseTests.Get.GetByExample_400_Tests.When_Given_a_limit_Negative1_or_less_Should_return_400" methodname="When_Given_a_limit_Negative1_or_less_Should_return_400" classname="EdFi.Ods.WebService.Tests.ResponseTests.Get.GetByExample_400_Tests" runstate="Runnable" result="Passed" duration="3.641042" asserts="0" />
                </test-suite>
                <test-suite type="TestFixture" id="7-1389" name="GetByKey_200_Tests" fullname="EdFi.Ods.WebService.Tests.ResponseTests.Get.GetByKey_200_Tests" classname="EdFi.Ods.WebService.Tests.ResponseTests.Get.GetByKey_200_Tests" runstate="Runnable" testcasecount="1" result="Passed" duration="4.315621" total="1" passed="0" failed="0" inconclusive="0" skipped="0" asserts="0">
                  <test-case id="7-1390" name="When_Given_A_Valid_Key_Should_Return_Resource_For_That_Key" fullname="EdFi.Ods.WebService.Tests.ResponseTests.Get.GetByKey_200_Tests.When_Given_A_Valid_Key_Should_Return_Resource_For_That_Key" methodname="When_Given_A_Valid_Key_Should_Return_Resource_For_That_Key" classname="EdFi.Ods.WebService.Tests.ResponseTests.Get.GetByKey_200_Tests" runstate="Runnable" result="Passed" duration="4.315197" asserts="0" />
                </test-suite>
                <test-suite type="TestFixture" id="7-1378" name="GetSudentsById_401_Tests" fullname="EdFi.Ods.WebService.Tests.ResponseTests.Get.GetSudentsById_401_Tests" classname="EdFi.Ods.WebService.Tests.ResponseTests.Get.GetSudentsById_401_Tests" runstate="Runnable" testcasecount="1" result="Passed" duration="3.669552" total="1" passed="0" failed="0" inconclusive="0" skipped="0" asserts="0">
                  <test-case id="7-1379" name="When_not_authenticated_Should_get_401_unauthorized" fullname="EdFi.Ods.WebService.Tests.ResponseTests.Get.GetSudentsById_401_Tests.When_not_authenticated_Should_get_401_unauthorized" methodname="When_not_authenticated_Should_get_401_unauthorized" classname="EdFi.Ods.WebService.Tests.ResponseTests.Get.GetSudentsById_401_Tests" runstate="Runnable" result="Passed" duration="3.669016" asserts="0" />
                </test-suite>
                <test-suite type="TestFixture" id="7-1393" name="when_getting_a_resource_by_id" fullname="EdFi.Ods.WebService.Tests.ResponseTests.Get.when_getting_a_resource_by_id" classname="EdFi.Ods.WebService.Tests.ResponseTests.Get.when_getting_a_resource_by_id" runstate="Runnable" testcasecount="1" result="Passed" duration="3.311663" total="1" passed="0" failed="0" inconclusive="0" skipped="0" asserts="0">
                  <test-case id="7-1394" name="api_should_succeed_with_200_code" fullname="EdFi.Ods.WebService.Tests.ResponseTests.Get.when_getting_a_resource_by_id.api_should_succeed_with_200_code" methodname="api_should_succeed_with_200_code" classname="EdFi.Ods.WebService.Tests.ResponseTests.Get.when_getting_a_resource_by_id" runstate="Runnable" result="Passed" duration="3.311180" asserts="0" />
                </test-suite>
                <test-suite type="TestFixture" id="7-1395" name="when_getting_a_resource_by_id_that_doesnt_exist" fullname="EdFi.Ods.WebService.Tests.ResponseTests.Get.when_getting_a_resource_by_id_that_doesnt_exist" classname="EdFi.Ods.WebService.Tests.ResponseTests.Get.when_getting_a_resource_by_id_that_doesnt_exist" runstate="Runnable" testcasecount="1" result="Passed" duration="3.771040" total="1" passed="0" failed="0" inconclusive="0" skipped="0" asserts="0">
                  <test-case id="7-1396" name="api_should_fail_with_404_code" fullname="EdFi.Ods.WebService.Tests.ResponseTests.Get.when_getting_a_resource_by_id_that_doesnt_exist.api_should_fail_with_404_code" methodname="api_should_fail_with_404_code" classname="EdFi.Ods.WebService.Tests.ResponseTests.Get.when_getting_a_resource_by_id_that_doesnt_exist" runstate="Runnable" result="Passed" duration="3.770597" asserts="0" />
                </test-suite>
                <test-suite type="TestFixture" id="7-1391" name="when_getting_an_unchanged_resource_by_id" fullname="EdFi.Ods.WebService.Tests.ResponseTests.Get.when_getting_an_unchanged_resource_by_id" classname="EdFi.Ods.WebService.Tests.ResponseTests.Get.when_getting_an_unchanged_resource_by_id" runstate="Runnable" testcasecount="1" result="Passed" duration="3.639511" total="1" passed="0" failed="0" inconclusive="0" skipped="0" asserts="0">
                  <test-case id="7-1392" name="api_should_succeed_with_304_code" fullname="EdFi.Ods.WebService.Tests.ResponseTests.Get.when_getting_an_unchanged_resource_by_id.api_should_succeed_with_304_code" methodname="api_should_succeed_with_304_code" classname="EdFi.Ods.WebService.Tests.ResponseTests.Get.when_getting_an_unchanged_resource_by_id" runstate="Runnable" result="Passed" duration="3.638956" asserts="0" />
                </test-suite>
              </test-suite>
              <test-suite type="Namespace" id="7-1441" name="Post" fullname="EdFi.Ods.WebService.Tests.ResponseTests.Post" runstate="Runnable" testcasecount="6" result="Passed" duration="22.303248" total="6" passed="0" failed="0" inconclusive="0" skipped="0" asserts="0">
                <test-suite type="TestFixture" id="7-1419" name="when_posting_a_resource" fullname="EdFi.Ods.WebService.Tests.ResponseTests.Post.when_posting_a_resource" classname="EdFi.Ods.WebService.Tests.ResponseTests.Post.when_posting_a_resource" runstate="Runnable" testcasecount="1" result="Passed" duration="3.609566" total="1" passed="0" failed="0" inconclusive="0" skipped="0" asserts="0">
                  <test-case id="7-1420" name="api_should_succeed_with_201_code" fullname="EdFi.Ods.WebService.Tests.ResponseTests.Post.when_posting_a_resource.api_should_succeed_with_201_code" methodname="api_should_succeed_with_201_code" classname="EdFi.Ods.WebService.Tests.ResponseTests.Post.when_posting_a_resource" runstate="Runnable" result="Passed" duration="3.608886" asserts="0" />
                </test-suite>
                <test-suite type="TestFixture" id="7-1417" name="when_posting_a_resource_missing_a_required_value" fullname="EdFi.Ods.WebService.Tests.ResponseTests.Post.when_posting_a_resource_missing_a_required_value" classname="EdFi.Ods.WebService.Tests.ResponseTests.Post.when_posting_a_resource_missing_a_required_value" runstate="Runnable" testcasecount="1" result="Passed" duration="3.712659" total="1" passed="0" failed="0" inconclusive="0" skipped="0" asserts="0">
                  <test-case id="7-1418" name="api_should_fail_with_400_code" fullname="EdFi.Ods.WebService.Tests.ResponseTests.Post.when_posting_a_resource_missing_a_required_value.api_should_fail_with_400_code" methodname="api_should_fail_with_400_code" classname="EdFi.Ods.WebService.Tests.ResponseTests.Post.when_posting_a_resource_missing_a_required_value" runstate="Runnable" result="Passed" duration="3.712149" asserts="1" />
                </test-suite>
                <test-suite type="TestFixture" id="7-1413" name="When_posting_a_resource_with_decimal_overflow" fullname="EdFi.Ods.WebService.Tests.ResponseTests.Post.When_posting_a_resource_with_decimal_overflow" classname="EdFi.Ods.WebService.Tests.ResponseTests.Post.When_posting_a_resource_with_decimal_overflow" runstate="Runnable" testcasecount="1" result="Passed" duration="3.688191" total="1" passed="0" failed="0" inconclusive="0" skipped="0" asserts="0">
                  <test-case id="7-1414" name="api_should_fail_with_500_code" fullname="EdFi.Ods.WebService.Tests.ResponseTests.Post.When_posting_a_resource_with_decimal_overflow.api_should_fail_with_500_code" methodname="api_should_fail_with_500_code" classname="EdFi.Ods.WebService.Tests.ResponseTests.Post.When_posting_a_resource_with_decimal_overflow" runstate="Runnable" result="Passed" duration="3.687702" asserts="0" />
                </test-suite>
                <test-suite type="TestFixture" id="7-1409" name="when_posting_a_resource_with_null_collection" fullname="EdFi.Ods.WebService.Tests.ResponseTests.Post.when_posting_a_resource_with_null_collection" classname="EdFi.Ods.WebService.Tests.ResponseTests.Post.when_posting_a_resource_with_null_collection" runstate="Runnable" testcasecount="1" result="Passed" duration="3.679085" total="1" passed="0" failed="0" inconclusive="0" skipped="0" asserts="0">
                  <test-case id="7-1410" name="api_should_still_succeed_with_201_code" fullname="EdFi.Ods.WebService.Tests.ResponseTests.Post.when_posting_a_resource_with_null_collection.api_should_still_succeed_with_201_code" methodname="api_should_still_succeed_with_201_code" classname="EdFi.Ods.WebService.Tests.ResponseTests.Post.when_posting_a_resource_with_null_collection" runstate="Runnable" result="Passed" duration="3.678607" asserts="0" />
                </test-suite>
                <test-suite type="TestFixture" id="7-1411" name="when_posting_a_resource_with_null_parameters" fullname="EdFi.Ods.WebService.Tests.ResponseTests.Post.when_posting_a_resource_with_null_parameters" classname="EdFi.Ods.WebService.Tests.ResponseTests.Post.when_posting_a_resource_with_null_parameters" runstate="Runnable" testcasecount="1" result="Passed" duration="3.635937" total="1" passed="0" failed="0" inconclusive="0" skipped="0" asserts="0">
                  <test-case id="7-1412" name="api_should_fail_with_400_code" fullname="EdFi.Ods.WebService.Tests.ResponseTests.Post.when_posting_a_resource_with_null_parameters.api_should_fail_with_400_code" methodname="api_should_fail_with_400_code" classname="EdFi.Ods.WebService.Tests.ResponseTests.Post.when_posting_a_resource_with_null_parameters" runstate="Runnable" result="Passed" duration="3.635431" asserts="1" />
                </test-suite>
                <test-suite type="TestFixture" id="7-1415" name="when_posting_an_existing_resource" fullname="EdFi.Ods.WebService.Tests.ResponseTests.Post.when_posting_an_existing_resource" classname="EdFi.Ods.WebService.Tests.ResponseTests.Post.when_posting_an_existing_resource" runstate="Runnable" testcasecount="1" result="Passed" duration="3.971174" total="1" passed="0" failed="0" inconclusive="0" skipped="0" asserts="0">
                  <test-case id="7-1416" name="api_should_succeed_with_200_code" fullname="EdFi.Ods.WebService.Tests.ResponseTests.Post.when_posting_an_existing_resource.api_should_succeed_with_200_code" methodname="api_should_succeed_with_200_code" classname="EdFi.Ods.WebService.Tests.ResponseTests.Post.when_posting_an_existing_resource" runstate="Runnable" result="Passed" duration="3.970680" asserts="0" />
                </test-suite>
              </test-suite>
              <test-suite type="Namespace" id="7-1440" name="Put" fullname="EdFi.Ods.WebService.Tests.ResponseTests.Put" runstate="Runnable" testcasecount="6" result="Passed" duration="34.515370" total="6" passed="0" failed="0" inconclusive="0" skipped="0" asserts="0">
                <test-suite type="TestFixture" id="7-1401" name="when_putting_a_resource_missing_a_required_value" fullname="EdFi.Ods.WebService.Tests.ResponseTests.Put.when_putting_a_resource_missing_a_required_value" classname="EdFi.Ods.WebService.Tests.ResponseTests.Put.when_putting_a_resource_missing_a_required_value" runstate="Runnable" testcasecount="1" result="Passed" duration="3.738314" total="1" passed="0" failed="0" inconclusive="0" skipped="0" asserts="0">
                  <test-case id="7-1402" name="api_should_fail_with_400_code" fullname="EdFi.Ods.WebService.Tests.ResponseTests.Put.when_putting_a_resource_missing_a_required_value.api_should_fail_with_400_code" methodname="api_should_fail_with_400_code" classname="EdFi.Ods.WebService.Tests.ResponseTests.Put.when_putting_a_resource_missing_a_required_value" runstate="Runnable" result="Passed" duration="3.737838" asserts="1" />
                </test-suite>
                <test-suite type="TestFixture" id="7-1399" name="when_putting_a_resource_with_invalid_state" fullname="EdFi.Ods.WebService.Tests.ResponseTests.Put.when_putting_a_resource_with_invalid_state" classname="EdFi.Ods.WebService.Tests.ResponseTests.Put.when_putting_a_resource_with_invalid_state" runstate="Runnable" testcasecount="1" result="Passed" duration="4.906844" total="1" passed="0" failed="0" inconclusive="0" skipped="0" asserts="0">
                  <test-case id="7-1400" name="api_should_fail_with_400_bad_request" fullname="EdFi.Ods.WebService.Tests.ResponseTests.Put.when_putting_a_resource_with_invalid_state.api_should_fail_with_400_bad_request" methodname="api_should_fail_with_400_bad_request" classname="EdFi.Ods.WebService.Tests.ResponseTests.Put.when_putting_a_resource_with_invalid_state" runstate="Runnable" result="Passed" duration="4.906378" asserts="0" />
                </test-suite>
                <test-suite type="TestFixture" id="7-1403" name="when_putting_a_resource_with_matching_etag" fullname="EdFi.Ods.WebService.Tests.ResponseTests.Put.when_putting_a_resource_with_matching_etag" classname="EdFi.Ods.WebService.Tests.ResponseTests.Put.when_putting_a_resource_with_matching_etag" runstate="Runnable" testcasecount="1" result="Passed" duration="3.660598" total="1" passed="0" failed="0" inconclusive="0" skipped="0" asserts="0">
                  <test-case id="7-1404" name="api_should_succeed_with_204_code" fullname="EdFi.Ods.WebService.Tests.ResponseTests.Put.when_putting_a_resource_with_matching_etag.api_should_succeed_with_204_code" methodname="api_should_succeed_with_204_code" classname="EdFi.Ods.WebService.Tests.ResponseTests.Put.when_putting_a_resource_with_matching_etag" runstate="Runnable" result="Passed" duration="3.660074" asserts="0" />
                </test-suite>
                <test-suite type="TestFixture" id="7-1405" name="when_putting_a_resource_with_mismatched_etag" fullname="EdFi.Ods.WebService.Tests.ResponseTests.Put.when_putting_a_resource_with_mismatched_etag" classname="EdFi.Ods.WebService.Tests.ResponseTests.Put.when_putting_a_resource_with_mismatched_etag" runstate="Runnable" testcasecount="1" result="Passed" duration="3.645555" total="1" passed="0" failed="0" inconclusive="0" skipped="0" asserts="0">
                  <test-case id="7-1406" name="api_should_fail_with_412_code" fullname="EdFi.Ods.WebService.Tests.ResponseTests.Put.when_putting_a_resource_with_mismatched_etag.api_should_fail_with_412_code" methodname="api_should_fail_with_412_code" classname="EdFi.Ods.WebService.Tests.ResponseTests.Put.when_putting_a_resource_with_mismatched_etag" runstate="Runnable" result="Passed" duration="3.645055" asserts="0" />
                </test-suite>
                <test-suite type="TestFixture" id="7-1407" name="when_putting_a_resource_with_no_etag" fullname="EdFi.Ods.WebService.Tests.ResponseTests.Put.when_putting_a_resource_with_no_etag" classname="EdFi.Ods.WebService.Tests.ResponseTests.Put.when_putting_a_resource_with_no_etag" runstate="Runnable" testcasecount="1" result="Passed" duration="3.994175" total="1" passed="0" failed="0" inconclusive="0" skipped="0" asserts="0">
                  <test-case id="7-1408" name="api_should_succeed_with_204_code" fullname="EdFi.Ods.WebService.Tests.ResponseTests.Put.when_putting_a_resource_with_no_etag.api_should_succeed_with_204_code" methodname="api_should_succeed_with_204_code" classname="EdFi.Ods.WebService.Tests.ResponseTests.Put.when_putting_a_resource_with_no_etag" runstate="Runnable" result="Passed" duration="3.993672" asserts="0" />
                </test-suite>
                <test-suite type="TestFixture" id="7-1397" name="when_putting_a_resource_with_null_parameters" fullname="EdFi.Ods.WebService.Tests.ResponseTests.Put.when_putting_a_resource_with_null_parameters" classname="EdFi.Ods.WebService.Tests.ResponseTests.Put.when_putting_a_resource_with_null_parameters" runstate="Runnable" testcasecount="1" result="Passed" duration="14.554166" total="1" passed="0" failed="0" inconclusive="0" skipped="0" asserts="0">
                  <test-case id="7-1398" name="api_should_fail_with_400_code" fullname="EdFi.Ods.WebService.Tests.ResponseTests.Put.when_putting_a_resource_with_null_parameters.api_should_fail_with_400_code" methodname="api_should_fail_with_400_code" classname="EdFi.Ods.WebService.Tests.ResponseTests.Put.when_putting_a_resource_with_null_parameters" runstate="Runnable" result="Passed" duration="5.142597" asserts="3" />
                </test-suite>
              </test-suite>
              <test-suite type="TestFixture" id="7-1355" name="when_accessing_a_resource_with_invalid_token" fullname="EdFi.Ods.WebService.Tests.ResponseTests.when_accessing_a_resource_with_invalid_token" classname="EdFi.Ods.WebService.Tests.ResponseTests.when_accessing_a_resource_with_invalid_token" runstate="Runnable" testcasecount="1" result="Passed" duration="3.403410" total="1" passed="0" failed="0" inconclusive="0" skipped="0" asserts="0">
                <test-case id="7-1356" name="api_should_fail_with_401_code" fullname="EdFi.Ods.WebService.Tests.ResponseTests.when_accessing_a_resource_with_invalid_token.api_should_fail_with_401_code" methodname="api_should_fail_with_401_code" classname="EdFi.Ods.WebService.Tests.ResponseTests.when_accessing_a_resource_with_invalid_token" runstate="Runnable" result="Passed" duration="3.402905" asserts="0" />
              </test-suite>
            </test-suite>
            <test-suite type="Namespace" id="7-1434" name="XmlShredding" fullname="EdFi.Ods.WebService.Tests.XmlShredding" runstate="Runnable" testcasecount="10" result="Passed" duration="570.754691" total="10" passed="0" failed="0" inconclusive="0" skipped="0" asserts="0">
              <test-suite type="TestFixture" id="7-1123" name="XmlBulkDescriptorTests" fullname="EdFi.Ods.WebService.Tests.XmlShredding.XmlBulkDescriptorTests" classname="EdFi.Ods.WebService.Tests.XmlShredding.XmlBulkDescriptorTests" runstate="Runnable" testcasecount="3" result="Passed" duration="169.852137" total="3" passed="0" failed="0" inconclusive="0" skipped="0" asserts="0">
                <test-case id="7-1126" name="When_committing_descriptor_with_edfi_namespace_bulk_operation_status_should_be_error" fullname="EdFi.Ods.WebService.Tests.XmlShredding.XmlBulkDescriptorTests.When_committing_descriptor_with_edfi_namespace_bulk_operation_status_should_be_error" methodname="When_committing_descriptor_with_edfi_namespace_bulk_operation_status_should_be_error" classname="EdFi.Ods.WebService.Tests.XmlShredding.XmlBulkDescriptorTests" runstate="Runnable" result="Passed" duration="103.564532" asserts="0" />
                <test-case id="7-1125" name="When_committing_descriptor_with_vendors_test_namespace_bulk_operation_status_should_be_completed" fullname="EdFi.Ods.WebService.Tests.XmlShredding.XmlBulkDescriptorTests.When_committing_descriptor_with_vendors_test_namespace_bulk_operation_status_should_be_completed" methodname="When_committing_descriptor_with_vendors_test_namespace_bulk_operation_status_should_be_completed" classname="EdFi.Ods.WebService.Tests.XmlShredding.XmlBulkDescriptorTests" runstate="Runnable" result="Passed" duration="33.690162" asserts="0" />
                <test-case id="7-1124" name="When_submitting_course_with_vendor_descriptor_should_have_status_of_completed" fullname="EdFi.Ods.WebService.Tests.XmlShredding.XmlBulkDescriptorTests.When_submitting_course_with_vendor_descriptor_should_have_status_of_completed" methodname="When_submitting_course_with_vendor_descriptor_should_have_status_of_completed" classname="EdFi.Ods.WebService.Tests.XmlShredding.XmlBulkDescriptorTests" runstate="Runnable" result="Passed" duration="31.363878" asserts="0" />
              </test-suite>
              <test-suite type="TestFixture" id="7-1119" name="XmlBulkHyphenNameTests" fullname="EdFi.Ods.WebService.Tests.XmlShredding.XmlBulkHyphenNameTests" classname="EdFi.Ods.WebService.Tests.XmlShredding.XmlBulkHyphenNameTests" runstate="Runnable" testcasecount="1" result="Passed" duration="48.687175" total="1" passed="0" failed="0" inconclusive="0" skipped="0" asserts="0">
                <test-case id="7-1120" name="XmlBulkNameTests.When_committing_new_student_should_be_successful" fullname="EdFi.Ods.WebService.Tests.XmlShredding.XmlBulkHyphenNameTests.XmlBulkNameTests.When_committing_new_student_should_be_successful" methodname="When_committing_new_student_should_be_successful" classname="EdFi.Ods.WebService.Tests.XmlShredding.XmlBulkHyphenNameTests" runstate="Runnable" result="Passed" duration="40.041842" asserts="0" />
              </test-suite>
              <test-suite type="TestFixture" id="7-1121" name="XmlBulkNameTests" fullname="EdFi.Ods.WebService.Tests.XmlShredding.XmlBulkNameTests" classname="EdFi.Ods.WebService.Tests.XmlShredding.XmlBulkNameTests" runstate="Runnable" testcasecount="1" result="Passed" duration="167.501504" total="1" passed="0" failed="0" inconclusive="0" skipped="0" asserts="0">
                <test-case id="7-1122" name="When_committing_new_student_should_be_successful" fullname="EdFi.Ods.WebService.Tests.XmlShredding.XmlBulkNameTests.When_committing_new_student_should_be_successful" methodname="When_committing_new_student_should_be_successful" classname="EdFi.Ods.WebService.Tests.XmlShredding.XmlBulkNameTests" runstate="Runnable" result="Passed" duration="166.771778" asserts="0" />
              </test-suite>
              <test-suite type="TestFixture" id="7-1127" name="XmlBulkProcessingTests" fullname="EdFi.Ods.WebService.Tests.XmlShredding.XmlBulkProcessingTests" classname="EdFi.Ods.WebService.Tests.XmlShredding.XmlBulkProcessingTests" runstate="Runnable" testcasecount="5" result="Passed" duration="184.102464" total="5" passed="0" failed="0" inconclusive="0" skipped="0" asserts="0">
                <test-case id="7-1132" name="When_committing_record_without_optional_foregin_key_should_have_successful_bulk_operation_status" fullname="EdFi.Ods.WebService.Tests.XmlShredding.XmlBulkProcessingTests.When_committing_record_without_optional_foregin_key_should_have_successful_bulk_operation_status" methodname="When_committing_record_without_optional_foregin_key_should_have_successful_bulk_operation_status" classname="EdFi.Ods.WebService.Tests.XmlShredding.XmlBulkProcessingTests" runstate="Ignored" result="Skipped" label="Ignored" duration="0.000558" asserts="0">
                  <properties>
                    <property name="_IGNOREREASON" value="Ignored due to data validation errors, see ODS-1740" />
                  </properties>
                  <reason>
                    <message><![CDATA[Ignored due to data validation errors, see ODS-1740]]></message>
                  </reason>
                </test-case>
                <test-case id="7-1130" name="When_committing_student_with_duplicate_email_types_should_not_have_internal_error_bulk_operation_status_should_be_error" fullname="EdFi.Ods.WebService.Tests.XmlShredding.XmlBulkProcessingTests.When_committing_student_with_duplicate_email_types_should_not_have_internal_error_bulk_operation_status_should_be_error" methodname="When_committing_student_with_duplicate_email_types_should_not_have_internal_error_bulk_operation_status_should_be_error" classname="EdFi.Ods.WebService.Tests.XmlShredding.XmlBulkProcessingTests" runstate="Runnable" result="Passed" duration="87.438707" asserts="1" />
                <test-case id="7-1131" name="When_committing_student_with_duplicate_phone_types_should_not_have_internal_error_bulk_operation_status_should_be_error" fullname="EdFi.Ods.WebService.Tests.XmlShredding.XmlBulkProcessingTests.When_committing_student_with_duplicate_phone_types_should_not_have_internal_error_bulk_operation_status_should_be_error" methodname="When_committing_student_with_duplicate_phone_types_should_not_have_internal_error_bulk_operation_status_should_be_error" classname="EdFi.Ods.WebService.Tests.XmlShredding.XmlBulkProcessingTests" runstate="Runnable" result="Passed" duration="31.348391" asserts="1" />
                <test-case id="7-1129" name="When_submitting_bulk_operations_data_containing_broken_references_bulk_operation_status_should_be_error" fullname="EdFi.Ods.WebService.Tests.XmlShredding.XmlBulkProcessingTests.When_submitting_bulk_operations_data_containing_broken_references_bulk_operation_status_should_be_error" methodname="When_submitting_bulk_operations_data_containing_broken_references_bulk_operation_status_should_be_error" classname="EdFi.Ods.WebService.Tests.XmlShredding.XmlBulkProcessingTests" runstate="Runnable" result="Passed" duration="31.330720" asserts="1" />
                <test-case id="7-1128" name="When_submitting_bulk_operations_with_invalid_datatype_xml_element_bulk_operation_status_should_be_error" fullname="EdFi.Ods.WebService.Tests.XmlShredding.XmlBulkProcessingTests.When_submitting_bulk_operations_with_invalid_datatype_xml_element_bulk_operation_status_should_be_error" methodname="When_submitting_bulk_operations_with_invalid_datatype_xml_element_bulk_operation_status_should_be_error" classname="EdFi.Ods.WebService.Tests.XmlShredding.XmlBulkProcessingTests" runstate="Runnable" result="Passed" duration="33.281098" asserts="0" />
              </test-suite>
            </test-suite>
            <test-suite type="Namespace" id="7-1431" name="YearSpecificSharedInstanceTests" fullname="EdFi.Ods.WebService.Tests.YearSpecificSharedInstanceTests" runstate="Runnable" testcasecount="3" result="Passed" duration="136.032171" total="3" passed="0" failed="0" inconclusive="0" skipped="0" asserts="0">
              <test-suite type="TestFixture" id="7-1005" name="When_putting_a_resource_to_a_shared_year_specific_instance" fullname="EdFi.Ods.WebService.Tests.YearSpecificSharedInstanceTests.When_putting_a_resource_to_a_shared_year_specific_instance" classname="EdFi.Ods.WebService.Tests.YearSpecificSharedInstanceTests.When_putting_a_resource_to_a_shared_year_specific_instance" runstate="Runnable" testcasecount="1" result="Passed" duration="22.513595" total="1" passed="0" failed="0" inconclusive="0" skipped="0" asserts="0">
                <test-case id="7-1006" name="Should_update_specified_instance_db" fullname="EdFi.Ods.WebService.Tests.YearSpecificSharedInstanceTests.When_putting_a_resource_to_a_shared_year_specific_instance.Should_update_specified_instance_db" methodname="Should_update_specified_instance_db" classname="EdFi.Ods.WebService.Tests.YearSpecificSharedInstanceTests.When_putting_a_resource_to_a_shared_year_specific_instance" runstate="Runnable" result="Passed" duration="6.095275" asserts="0" />
              </test-suite>
              <test-suite type="TestFixture" id="7-1003" name="When_submitting_a_bulk_operation_and_attempting_to_upload_to_a_different_year" fullname="EdFi.Ods.WebService.Tests.YearSpecificSharedInstanceTests.When_submitting_a_bulk_operation_and_attempting_to_upload_to_a_different_year" classname="EdFi.Ods.WebService.Tests.YearSpecificSharedInstanceTests.When_submitting_a_bulk_operation_and_attempting_to_upload_to_a_different_year" runstate="Runnable" testcasecount="1" result="Passed" duration="15.619590" total="1" passed="0" failed="0" inconclusive="0" skipped="0" asserts="0">
                <test-case id="7-1004" name="Should_return_400_bad_request" fullname="EdFi.Ods.WebService.Tests.YearSpecificSharedInstanceTests.When_submitting_a_bulk_operation_and_attempting_to_upload_to_a_different_year.Should_return_400_bad_request" methodname="Should_return_400_bad_request" classname="EdFi.Ods.WebService.Tests.YearSpecificSharedInstanceTests.When_submitting_a_bulk_operation_and_attempting_to_upload_to_a_different_year" runstate="Runnable" result="Passed" duration="3.793105" asserts="0" />
              </test-suite>
              <test-suite type="TestFixture" id="7-1001" name="When_submitting_bulk_operations_to_multiple_year_specific_instances" fullname="EdFi.Ods.WebService.Tests.YearSpecificSharedInstanceTests.When_submitting_bulk_operations_to_multiple_year_specific_instances" classname="EdFi.Ods.WebService.Tests.YearSpecificSharedInstanceTests.When_submitting_bulk_operations_to_multiple_year_specific_instances" runstate="Runnable" testcasecount="1" result="Passed" duration="97.896592" total="1" passed="0" failed="0" inconclusive="0" skipped="0" asserts="0">
                <test-case id="7-1002" name="Bulk_operation_status_should_be_completed_after_process_is_done" fullname="EdFi.Ods.WebService.Tests.YearSpecificSharedInstanceTests.When_submitting_bulk_operations_to_multiple_year_specific_instances.Bulk_operation_status_should_be_completed_after_process_is_done" methodname="Bulk_operation_status_should_be_completed_after_process_is_done" classname="EdFi.Ods.WebService.Tests.YearSpecificSharedInstanceTests.When_submitting_bulk_operations_to_multiple_year_specific_instances" runstate="Runnable" result="Passed" duration="80.677566" asserts="0" />
              </test-suite>
            </test-suite>
          </test-suite>
        </test-suite>
      </test-suite>
    </test-suite>
  </test-suite>
  <test-suite type="Assembly" id="8-1258" name="D:\Projects\Ed-Fi-Alliance\Ed-Fi-ODS\Application\EdFi.Ods.XsdParsing.Tests\bin\Release\EdFi.Ods.XsdParsing.Tests.dll" fullname="D:\Projects\Ed-Fi-Alliance\Ed-Fi-ODS\Application\EdFi.Ods.XsdParsing.Tests\bin\Release\EdFi.Ods.XsdParsing.Tests.dll" runstate="Runnable" testcasecount="236" result="Failed" duration="8.648009" total="236" passed="0" failed="0" inconclusive="0" skipped="0" asserts="0" site="Child">
    <properties>
      <property name="_PID" value="17828" />
      <property name="_APPDOMAIN" value="domain-77598f4e-EdFi.Ods.XsdParsing.Tests.dll" />
    </properties>
    <failure>
      <message><![CDATA[One or more child tests had errors]]></message>
    </failure>
    <test-suite type="Namespace" id="8-1259" name="EdFi" fullname="EdFi" runstate="Runnable" testcasecount="236" result="Failed" duration="8.635718" total="236" passed="0" failed="0" inconclusive="0" skipped="0" asserts="0" site="Child">
      <failure>
        <message><![CDATA[One or more child tests had errors]]></message>
      </failure>
      <test-suite type="Namespace" id="8-1260" name="Ods" fullname="EdFi.Ods" runstate="Runnable" testcasecount="236" result="Failed" duration="8.635359" total="236" passed="0" failed="0" inconclusive="0" skipped="0" asserts="0" site="Child">
        <failure>
          <message><![CDATA[One or more child tests had errors]]></message>
        </failure>
        <test-suite type="Namespace" id="8-1261" name="XsdParsing" fullname="EdFi.Ods.XsdParsing" runstate="Runnable" testcasecount="236" result="Failed" duration="8.635092" total="236" passed="0" failed="0" inconclusive="0" skipped="0" asserts="0" site="Child">
          <failure>
            <message><![CDATA[One or more child tests had errors]]></message>
          </failure>
          <test-suite type="Namespace" id="8-1262" name="Tests" fullname="EdFi.Ods.XsdParsing.Tests" runstate="Runnable" testcasecount="236" result="Failed" duration="8.634833" total="236" passed="0" failed="0" inconclusive="0" skipped="0" asserts="0" site="Child">
            <failure>
              <message><![CDATA[One or more child tests had errors]]></message>
            </failure>
            <test-suite type="Namespace" id="8-1264" name="Extensions" fullname="EdFi.Ods.XsdParsing.Tests.Extensions" runstate="Runnable" testcasecount="5" result="Passed" duration="0.077646" total="5" passed="0" failed="0" inconclusive="0" skipped="0" asserts="0">
              <test-suite type="TestFixture" id="8-1252" name="StringExtensionsTests" fullname="EdFi.Ods.XsdParsing.Tests.Extensions.StringExtensionsTests" classname="EdFi.Ods.XsdParsing.Tests.Extensions.StringExtensionsTests" runstate="Runnable" testcasecount="5" result="Passed" duration="0.075817" total="5" passed="0" failed="0" inconclusive="0" skipped="0" asserts="0">
                <test-case id="8-1254" name="Given_String_With_Extension_Prefix_Should_Remove_It" fullname="EdFi.Ods.XsdParsing.Tests.Extensions.StringExtensionsTests.Given_String_With_Extension_Prefix_Should_Remove_It" methodname="Given_String_With_Extension_Prefix_Should_Remove_It" classname="EdFi.Ods.XsdParsing.Tests.Extensions.StringExtensionsTests" runstate="Runnable" result="Passed" duration="0.058210" asserts="0" />
                <test-case id="8-1253" name="Given_String_With_Extension_Suffix_Should_Remove_It" fullname="EdFi.Ods.XsdParsing.Tests.Extensions.StringExtensionsTests.Given_String_With_Extension_Suffix_Should_Remove_It" methodname="Given_String_With_Extension_Suffix_Should_Remove_It" classname="EdFi.Ods.XsdParsing.Tests.Extensions.StringExtensionsTests" runstate="Runnable" result="Passed" duration="0.000385" asserts="0" />
                <test-case id="8-1255" name="Given_String_With_Restriction_Suffix_Should_Remove_It" fullname="EdFi.Ods.XsdParsing.Tests.Extensions.StringExtensionsTests.Given_String_With_Restriction_Suffix_Should_Remove_It" methodname="Given_String_With_Restriction_Suffix_Should_Remove_It" classname="EdFi.Ods.XsdParsing.Tests.Extensions.StringExtensionsTests" runstate="Runnable" result="Passed" duration="0.000338" asserts="0" />
                <test-case id="8-1257" name="Given_String_With_Schemaa_Prefix_And_Extension_Suffix_Should_Remove_Both" fullname="EdFi.Ods.XsdParsing.Tests.Extensions.StringExtensionsTests.Given_String_With_Schemaa_Prefix_And_Extension_Suffix_Should_Remove_Both" methodname="Given_String_With_Schemaa_Prefix_And_Extension_Suffix_Should_Remove_Both" classname="EdFi.Ods.XsdParsing.Tests.Extensions.StringExtensionsTests" runstate="Runnable" result="Passed" duration="0.000343" asserts="0" />
                <test-case id="8-1256" name="Given_String_With_Schemaa_Prefix_And_Restriction_Suffix_Should_Remove_Both" fullname="EdFi.Ods.XsdParsing.Tests.Extensions.StringExtensionsTests.Given_String_With_Schemaa_Prefix_And_Restriction_Suffix_Should_Remove_Both" methodname="Given_String_With_Schemaa_Prefix_And_Restriction_Suffix_Should_Remove_Both" classname="EdFi.Ods.XsdParsing.Tests.Extensions.StringExtensionsTests" runstate="Runnable" result="Passed" duration="0.000333" asserts="0" />
              </test-suite>
            </test-suite>
            <test-suite type="Namespace" id="8-1263" name="InterchangeToAggregate" fullname="EdFi.Ods.XsdParsing.Tests.InterchangeToAggregate" runstate="Runnable" testcasecount="231" result="Failed" duration="8.554152" total="231" passed="0" failed="0" inconclusive="0" skipped="0" asserts="0" site="Child">
              <failure>
                <message><![CDATA[One or more child tests had errors]]></message>
              </failure>
              <test-suite type="TestFixture" id="8-1000" name="When_parsing_Assessment_Metadata_interchange" fullname="EdFi.Ods.XsdParsing.Tests.InterchangeToAggregate.When_parsing_Assessment_Metadata_interchange" classname="EdFi.Ods.XsdParsing.Tests.InterchangeToAggregate.When_parsing_Assessment_Metadata_interchange" runstate="Runnable" testcasecount="11" result="Passed" duration="3.375791" total="11" passed="0" failed="0" inconclusive="0" skipped="0" asserts="0">
                <test-case id="8-1010" name="BaseInterchangeToAggregate.Output_parsed_core_interchange" fullname="EdFi.Ods.XsdParsing.Tests.InterchangeToAggregate.When_parsing_Assessment_Metadata_interchange.BaseInterchangeToAggregate.Output_parsed_core_interchange" methodname="Output_parsed_core_interchange" classname="EdFi.Ods.XsdParsing.Tests.InterchangeToAggregate.When_parsing_Assessment_Metadata_interchange" runstate="Runnable" result="Passed" duration="1.676873" asserts="0" />
                <test-case id="8-1011" name="BaseInterchangeToAggregate.Output_parsed_extension_interchange" fullname="EdFi.Ods.XsdParsing.Tests.InterchangeToAggregate.When_parsing_Assessment_Metadata_interchange.BaseInterchangeToAggregate.Output_parsed_extension_interchange" methodname="Output_parsed_extension_interchange" classname="EdFi.Ods.XsdParsing.Tests.InterchangeToAggregate.When_parsing_Assessment_Metadata_interchange" runstate="Runnable" result="Passed" duration="0.000297" asserts="0" />
                <test-case id="8-1006" name="BaseInterchangeToAggregate.Should_match_all_elements" fullname="EdFi.Ods.XsdParsing.Tests.InterchangeToAggregate.When_parsing_Assessment_Metadata_interchange.BaseInterchangeToAggregate.Should_match_all_elements" methodname="Should_match_all_elements" classname="EdFi.Ods.XsdParsing.Tests.InterchangeToAggregate.When_parsing_Assessment_Metadata_interchange" runstate="Runnable" result="Passed" duration="0.043536" asserts="0" />
                <test-case id="8-1009" name="BaseInterchangeToAggregate.Should_match_element_decimal_format" fullname="EdFi.Ods.XsdParsing.Tests.InterchangeToAggregate.When_parsing_Assessment_Metadata_interchange.BaseInterchangeToAggregate.Should_match_element_decimal_format" methodname="Should_match_element_decimal_format" classname="EdFi.Ods.XsdParsing.Tests.InterchangeToAggregate.When_parsing_Assessment_Metadata_interchange" runstate="Runnable" result="Passed" duration="0.018884" asserts="0" />
                <test-case id="8-1008" name="BaseInterchangeToAggregate.Should_match_element_string_lengths" fullname="EdFi.Ods.XsdParsing.Tests.InterchangeToAggregate.When_parsing_Assessment_Metadata_interchange.BaseInterchangeToAggregate.Should_match_element_string_lengths" methodname="Should_match_element_string_lengths" classname="EdFi.Ods.XsdParsing.Tests.InterchangeToAggregate.When_parsing_Assessment_Metadata_interchange" runstate="Runnable" result="Passed" duration="0.031649" asserts="0" />
                <test-case id="8-1007" name="BaseInterchangeToAggregate.Should_match_required_elements" fullname="EdFi.Ods.XsdParsing.Tests.InterchangeToAggregate.When_parsing_Assessment_Metadata_interchange.BaseInterchangeToAggregate.Should_match_required_elements" methodname="Should_match_required_elements" classname="EdFi.Ods.XsdParsing.Tests.InterchangeToAggregate.When_parsing_Assessment_Metadata_interchange" runstate="Runnable" result="Passed" duration="0.041757" asserts="0" />
                <test-case id="8-1005" name="BaseInterchangeToAggregate.Should_parse_collections_to_matching_entity_types_and_properties" fullname="EdFi.Ods.XsdParsing.Tests.InterchangeToAggregate.When_parsing_Assessment_Metadata_interchange.BaseInterchangeToAggregate.Should_parse_collections_to_matching_entity_types_and_properties" methodname="Should_parse_collections_to_matching_entity_types_and_properties" classname="EdFi.Ods.XsdParsing.Tests.InterchangeToAggregate.When_parsing_Assessment_Metadata_interchange" runstate="Runnable" result="Passed" duration="0.008217" asserts="0" />
                <test-case id="8-1004" name="BaseInterchangeToAggregate.Should_parse_element_types_to_matching_entity_property_types" fullname="EdFi.Ods.XsdParsing.Tests.InterchangeToAggregate.When_parsing_Assessment_Metadata_interchange.BaseInterchangeToAggregate.Should_parse_element_types_to_matching_entity_property_types" methodname="Should_parse_element_types_to_matching_entity_property_types" classname="EdFi.Ods.XsdParsing.Tests.InterchangeToAggregate.When_parsing_Assessment_Metadata_interchange" runstate="Runnable" result="Passed" duration="0.009590" asserts="0" />
                <test-case id="8-1003" name="BaseInterchangeToAggregate.Should_parse_elements_to_entity_properties" fullname="EdFi.Ods.XsdParsing.Tests.InterchangeToAggregate.When_parsing_Assessment_Metadata_interchange.BaseInterchangeToAggregate.Should_parse_elements_to_entity_properties" methodname="Should_parse_elements_to_entity_properties" classname="EdFi.Ods.XsdParsing.Tests.InterchangeToAggregate.When_parsing_Assessment_Metadata_interchange" runstate="Runnable" result="Passed" duration="0.007660" asserts="0" />
                <test-case id="8-1001" name="BaseInterchangeToAggregate.Should_parse_elements_to_existing_resource_class" fullname="EdFi.Ods.XsdParsing.Tests.InterchangeToAggregate.When_parsing_Assessment_Metadata_interchange.BaseInterchangeToAggregate.Should_parse_elements_to_existing_resource_class" methodname="Should_parse_elements_to_existing_resource_class" classname="EdFi.Ods.XsdParsing.Tests.InterchangeToAggregate.When_parsing_Assessment_Metadata_interchange" runstate="Runnable" result="Passed" duration="0.019088" asserts="0" />
                <test-case id="8-1002" name="BaseInterchangeToAggregate.Should_parse_types_to_entity_interfaces" fullname="EdFi.Ods.XsdParsing.Tests.InterchangeToAggregate.When_parsing_Assessment_Metadata_interchange.BaseInterchangeToAggregate.Should_parse_types_to_entity_interfaces" methodname="Should_parse_types_to_entity_interfaces" classname="EdFi.Ods.XsdParsing.Tests.InterchangeToAggregate.When_parsing_Assessment_Metadata_interchange" runstate="Runnable" result="Passed" duration="0.002381" asserts="0" />
              </test-suite>
              <test-suite type="TestFixture" id="8-1012" name="When_parsing_Descriptors_interchange" fullname="EdFi.Ods.XsdParsing.Tests.InterchangeToAggregate.When_parsing_Descriptors_interchange" classname="EdFi.Ods.XsdParsing.Tests.InterchangeToAggregate.When_parsing_Descriptors_interchange" runstate="Runnable" testcasecount="11" result="Passed" duration="1.489621" total="11" passed="0" failed="0" inconclusive="0" skipped="0" asserts="0">
                <test-case id="8-1022" name="BaseInterchangeToAggregate.Output_parsed_core_interchange" fullname="EdFi.Ods.XsdParsing.Tests.InterchangeToAggregate.When_parsing_Descriptors_interchange.BaseInterchangeToAggregate.Output_parsed_core_interchange" methodname="Output_parsed_core_interchange" classname="EdFi.Ods.XsdParsing.Tests.InterchangeToAggregate.When_parsing_Descriptors_interchange" runstate="Runnable" result="Passed" duration="0.520783" asserts="0" />
                <test-case id="8-1023" name="BaseInterchangeToAggregate.Output_parsed_extension_interchange" fullname="EdFi.Ods.XsdParsing.Tests.InterchangeToAggregate.When_parsing_Descriptors_interchange.BaseInterchangeToAggregate.Output_parsed_extension_interchange" methodname="Output_parsed_extension_interchange" classname="EdFi.Ods.XsdParsing.Tests.InterchangeToAggregate.When_parsing_Descriptors_interchange" runstate="Runnable" result="Passed" duration="0.000103" asserts="0" />
                <test-case id="8-1018" name="BaseInterchangeToAggregate.Should_match_all_elements" fullname="EdFi.Ods.XsdParsing.Tests.InterchangeToAggregate.When_parsing_Descriptors_interchange.BaseInterchangeToAggregate.Should_match_all_elements" methodname="Should_match_all_elements" classname="EdFi.Ods.XsdParsing.Tests.InterchangeToAggregate.When_parsing_Descriptors_interchange" runstate="Runnable" result="Passed" duration="0.017589" asserts="0" />
                <test-case id="8-1021" name="BaseInterchangeToAggregate.Should_match_element_decimal_format" fullname="EdFi.Ods.XsdParsing.Tests.InterchangeToAggregate.When_parsing_Descriptors_interchange.BaseInterchangeToAggregate.Should_match_element_decimal_format" methodname="Should_match_element_decimal_format" classname="EdFi.Ods.XsdParsing.Tests.InterchangeToAggregate.When_parsing_Descriptors_interchange" runstate="Runnable" result="Passed" duration="0.000490" asserts="0" />
                <test-case id="8-1020" name="BaseInterchangeToAggregate.Should_match_element_string_lengths" fullname="EdFi.Ods.XsdParsing.Tests.InterchangeToAggregate.When_parsing_Descriptors_interchange.BaseInterchangeToAggregate.Should_match_element_string_lengths" methodname="Should_match_element_string_lengths" classname="EdFi.Ods.XsdParsing.Tests.InterchangeToAggregate.When_parsing_Descriptors_interchange" runstate="Runnable" result="Passed" duration="0.231285" asserts="0" />
                <test-case id="8-1019" name="BaseInterchangeToAggregate.Should_match_required_elements" fullname="EdFi.Ods.XsdParsing.Tests.InterchangeToAggregate.When_parsing_Descriptors_interchange.BaseInterchangeToAggregate.Should_match_required_elements" methodname="Should_match_required_elements" classname="EdFi.Ods.XsdParsing.Tests.InterchangeToAggregate.When_parsing_Descriptors_interchange" runstate="Runnable" result="Passed" duration="0.297018" asserts="0" />
                <test-case id="8-1017" name="BaseInterchangeToAggregate.Should_parse_collections_to_matching_entity_types_and_properties" fullname="EdFi.Ods.XsdParsing.Tests.InterchangeToAggregate.When_parsing_Descriptors_interchange.BaseInterchangeToAggregate.Should_parse_collections_to_matching_entity_types_and_properties" methodname="Should_parse_collections_to_matching_entity_types_and_properties" classname="EdFi.Ods.XsdParsing.Tests.InterchangeToAggregate.When_parsing_Descriptors_interchange" runstate="Runnable" result="Passed" duration="0.023748" asserts="0" />
                <test-case id="8-1016" name="BaseInterchangeToAggregate.Should_parse_element_types_to_matching_entity_property_types" fullname="EdFi.Ods.XsdParsing.Tests.InterchangeToAggregate.When_parsing_Descriptors_interchange.BaseInterchangeToAggregate.Should_parse_element_types_to_matching_entity_property_types" methodname="Should_parse_element_types_to_matching_entity_property_types" classname="EdFi.Ods.XsdParsing.Tests.InterchangeToAggregate.When_parsing_Descriptors_interchange" runstate="Runnable" result="Passed" duration="0.047393" asserts="0" />
                <test-case id="8-1015" name="BaseInterchangeToAggregate.Should_parse_elements_to_entity_properties" fullname="EdFi.Ods.XsdParsing.Tests.InterchangeToAggregate.When_parsing_Descriptors_interchange.BaseInterchangeToAggregate.Should_parse_elements_to_entity_properties" methodname="Should_parse_elements_to_entity_properties" classname="EdFi.Ods.XsdParsing.Tests.InterchangeToAggregate.When_parsing_Descriptors_interchange" runstate="Runnable" result="Passed" duration="0.054600" asserts="0" />
                <test-case id="8-1013" name="BaseInterchangeToAggregate.Should_parse_elements_to_existing_resource_class" fullname="EdFi.Ods.XsdParsing.Tests.InterchangeToAggregate.When_parsing_Descriptors_interchange.BaseInterchangeToAggregate.Should_parse_elements_to_existing_resource_class" methodname="Should_parse_elements_to_existing_resource_class" classname="EdFi.Ods.XsdParsing.Tests.InterchangeToAggregate.When_parsing_Descriptors_interchange" runstate="Runnable" result="Passed" duration="0.035037" asserts="0" />
                <test-case id="8-1014" name="BaseInterchangeToAggregate.Should_parse_types_to_entity_interfaces" fullname="EdFi.Ods.XsdParsing.Tests.InterchangeToAggregate.When_parsing_Descriptors_interchange.BaseInterchangeToAggregate.Should_parse_types_to_entity_interfaces" methodname="Should_parse_types_to_entity_interfaces" classname="EdFi.Ods.XsdParsing.Tests.InterchangeToAggregate.When_parsing_Descriptors_interchange" runstate="Runnable" result="Passed" duration="0.005085" asserts="0" />
              </test-suite>
              <test-suite type="TestFixture" id="8-1036" name="When_parsing_Education_Org_Calendar_interchange" fullname="EdFi.Ods.XsdParsing.Tests.InterchangeToAggregate.When_parsing_Education_Org_Calendar_interchange" classname="EdFi.Ods.XsdParsing.Tests.InterchangeToAggregate.When_parsing_Education_Org_Calendar_interchange" runstate="Runnable" testcasecount="11" result="Passed" duration="0.117432" total="11" passed="0" failed="0" inconclusive="0" skipped="0" asserts="0">
                <test-case id="8-1046" name="BaseInterchangeToAggregate.Output_parsed_core_interchange" fullname="EdFi.Ods.XsdParsing.Tests.InterchangeToAggregate.When_parsing_Education_Org_Calendar_interchange.BaseInterchangeToAggregate.Output_parsed_core_interchange" methodname="Output_parsed_core_interchange" classname="EdFi.Ods.XsdParsing.Tests.InterchangeToAggregate.When_parsing_Education_Org_Calendar_interchange" runstate="Runnable" result="Passed" duration="0.021059" asserts="0" />
                <test-case id="8-1047" name="BaseInterchangeToAggregate.Output_parsed_extension_interchange" fullname="EdFi.Ods.XsdParsing.Tests.InterchangeToAggregate.When_parsing_Education_Org_Calendar_interchange.BaseInterchangeToAggregate.Output_parsed_extension_interchange" methodname="Output_parsed_extension_interchange" classname="EdFi.Ods.XsdParsing.Tests.InterchangeToAggregate.When_parsing_Education_Org_Calendar_interchange" runstate="Runnable" result="Passed" duration="0.000081" asserts="0" />
                <test-case id="8-1042" name="BaseInterchangeToAggregate.Should_match_all_elements" fullname="EdFi.Ods.XsdParsing.Tests.InterchangeToAggregate.When_parsing_Education_Org_Calendar_interchange.BaseInterchangeToAggregate.Should_match_all_elements" methodname="Should_match_all_elements" classname="EdFi.Ods.XsdParsing.Tests.InterchangeToAggregate.When_parsing_Education_Org_Calendar_interchange" runstate="Runnable" result="Passed" duration="0.000571" asserts="0" />
                <test-case id="8-1045" name="BaseInterchangeToAggregate.Should_match_element_decimal_format" fullname="EdFi.Ods.XsdParsing.Tests.InterchangeToAggregate.When_parsing_Education_Org_Calendar_interchange.BaseInterchangeToAggregate.Should_match_element_decimal_format" methodname="Should_match_element_decimal_format" classname="EdFi.Ods.XsdParsing.Tests.InterchangeToAggregate.When_parsing_Education_Org_Calendar_interchange" runstate="Runnable" result="Passed" duration="0.000069" asserts="0" />
                <test-case id="8-1044" name="BaseInterchangeToAggregate.Should_match_element_string_lengths" fullname="EdFi.Ods.XsdParsing.Tests.InterchangeToAggregate.When_parsing_Education_Org_Calendar_interchange.BaseInterchangeToAggregate.Should_match_element_string_lengths" methodname="Should_match_element_string_lengths" classname="EdFi.Ods.XsdParsing.Tests.InterchangeToAggregate.When_parsing_Education_Org_Calendar_interchange" runstate="Runnable" result="Passed" duration="0.003490" asserts="0" />
                <test-case id="8-1043" name="BaseInterchangeToAggregate.Should_match_required_elements" fullname="EdFi.Ods.XsdParsing.Tests.InterchangeToAggregate.When_parsing_Education_Org_Calendar_interchange.BaseInterchangeToAggregate.Should_match_required_elements" methodname="Should_match_required_elements" classname="EdFi.Ods.XsdParsing.Tests.InterchangeToAggregate.When_parsing_Education_Org_Calendar_interchange" runstate="Runnable" result="Passed" duration="0.012316" asserts="0" />
                <test-case id="8-1041" name="BaseInterchangeToAggregate.Should_parse_collections_to_matching_entity_types_and_properties" fullname="EdFi.Ods.XsdParsing.Tests.InterchangeToAggregate.When_parsing_Education_Org_Calendar_interchange.BaseInterchangeToAggregate.Should_parse_collections_to_matching_entity_types_and_properties" methodname="Should_parse_collections_to_matching_entity_types_and_properties" classname="EdFi.Ods.XsdParsing.Tests.InterchangeToAggregate.When_parsing_Education_Org_Calendar_interchange" runstate="Runnable" result="Passed" duration="0.000920" asserts="0" />
                <test-case id="8-1040" name="BaseInterchangeToAggregate.Should_parse_element_types_to_matching_entity_property_types" fullname="EdFi.Ods.XsdParsing.Tests.InterchangeToAggregate.When_parsing_Education_Org_Calendar_interchange.BaseInterchangeToAggregate.Should_parse_element_types_to_matching_entity_property_types" methodname="Should_parse_element_types_to_matching_entity_property_types" classname="EdFi.Ods.XsdParsing.Tests.InterchangeToAggregate.When_parsing_Education_Org_Calendar_interchange" runstate="Runnable" result="Passed" duration="0.001937" asserts="0" />
                <test-case id="8-1039" name="BaseInterchangeToAggregate.Should_parse_elements_to_entity_properties" fullname="EdFi.Ods.XsdParsing.Tests.InterchangeToAggregate.When_parsing_Education_Org_Calendar_interchange.BaseInterchangeToAggregate.Should_parse_elements_to_entity_properties" methodname="Should_parse_elements_to_entity_properties" classname="EdFi.Ods.XsdParsing.Tests.InterchangeToAggregate.When_parsing_Education_Org_Calendar_interchange" runstate="Runnable" result="Passed" duration="0.002872" asserts="0" />
                <test-case id="8-1037" name="BaseInterchangeToAggregate.Should_parse_elements_to_existing_resource_class" fullname="EdFi.Ods.XsdParsing.Tests.InterchangeToAggregate.When_parsing_Education_Org_Calendar_interchange.BaseInterchangeToAggregate.Should_parse_elements_to_existing_resource_class" methodname="Should_parse_elements_to_existing_resource_class" classname="EdFi.Ods.XsdParsing.Tests.InterchangeToAggregate.When_parsing_Education_Org_Calendar_interchange" runstate="Runnable" result="Passed" duration="0.005907" asserts="0" />
                <test-case id="8-1038" name="BaseInterchangeToAggregate.Should_parse_types_to_entity_interfaces" fullname="EdFi.Ods.XsdParsing.Tests.InterchangeToAggregate.When_parsing_Education_Org_Calendar_interchange.BaseInterchangeToAggregate.Should_parse_types_to_entity_interfaces" methodname="Should_parse_types_to_entity_interfaces" classname="EdFi.Ods.XsdParsing.Tests.InterchangeToAggregate.When_parsing_Education_Org_Calendar_interchange" runstate="Runnable" result="Passed" duration="0.000940" asserts="0" />
              </test-suite>
              <test-suite type="TestFixture" id="8-1024" name="When_parsing_Education_Organization_interchange" fullname="EdFi.Ods.XsdParsing.Tests.InterchangeToAggregate.When_parsing_Education_Organization_interchange" classname="EdFi.Ods.XsdParsing.Tests.InterchangeToAggregate.When_parsing_Education_Organization_interchange" runstate="Runnable" testcasecount="11" result="Passed" duration="0.671576" total="11" passed="0" failed="0" inconclusive="0" skipped="0" asserts="0">
                <test-case id="8-1034" name="BaseInterchangeToAggregate.Output_parsed_core_interchange" fullname="EdFi.Ods.XsdParsing.Tests.InterchangeToAggregate.When_parsing_Education_Organization_interchange.BaseInterchangeToAggregate.Output_parsed_core_interchange" methodname="Output_parsed_core_interchange" classname="EdFi.Ods.XsdParsing.Tests.InterchangeToAggregate.When_parsing_Education_Organization_interchange" runstate="Runnable" result="Passed" duration="0.251700" asserts="0" />
                <test-case id="8-1035" name="BaseInterchangeToAggregate.Output_parsed_extension_interchange" fullname="EdFi.Ods.XsdParsing.Tests.InterchangeToAggregate.When_parsing_Education_Organization_interchange.BaseInterchangeToAggregate.Output_parsed_extension_interchange" methodname="Output_parsed_extension_interchange" classname="EdFi.Ods.XsdParsing.Tests.InterchangeToAggregate.When_parsing_Education_Organization_interchange" runstate="Runnable" result="Passed" duration="0.000096" asserts="0" />
                <test-case id="8-1030" name="BaseInterchangeToAggregate.Should_match_all_elements" fullname="EdFi.Ods.XsdParsing.Tests.InterchangeToAggregate.When_parsing_Education_Organization_interchange.BaseInterchangeToAggregate.Should_match_all_elements" methodname="Should_match_all_elements" classname="EdFi.Ods.XsdParsing.Tests.InterchangeToAggregate.When_parsing_Education_Organization_interchange" runstate="Runnable" result="Passed" duration="0.003425" asserts="0" />
                <test-case id="8-1033" name="BaseInterchangeToAggregate.Should_match_element_decimal_format" fullname="EdFi.Ods.XsdParsing.Tests.InterchangeToAggregate.When_parsing_Education_Organization_interchange.BaseInterchangeToAggregate.Should_match_element_decimal_format" methodname="Should_match_element_decimal_format" classname="EdFi.Ods.XsdParsing.Tests.InterchangeToAggregate.When_parsing_Education_Organization_interchange" runstate="Runnable" result="Passed" duration="0.007911" asserts="0" />
                <test-case id="8-1032" name="BaseInterchangeToAggregate.Should_match_element_string_lengths" fullname="EdFi.Ods.XsdParsing.Tests.InterchangeToAggregate.When_parsing_Education_Organization_interchange.BaseInterchangeToAggregate.Should_match_element_string_lengths" methodname="Should_match_element_string_lengths" classname="EdFi.Ods.XsdParsing.Tests.InterchangeToAggregate.When_parsing_Education_Organization_interchange" runstate="Runnable" result="Passed" duration="0.068611" asserts="0" />
                <test-case id="8-1031" name="BaseInterchangeToAggregate.Should_match_required_elements" fullname="EdFi.Ods.XsdParsing.Tests.InterchangeToAggregate.When_parsing_Education_Organization_interchange.BaseInterchangeToAggregate.Should_match_required_elements" methodname="Should_match_required_elements" classname="EdFi.Ods.XsdParsing.Tests.InterchangeToAggregate.When_parsing_Education_Organization_interchange" runstate="Runnable" result="Passed" duration="0.089419" asserts="0" />
                <test-case id="8-1029" name="BaseInterchangeToAggregate.Should_parse_collections_to_matching_entity_types_and_properties" fullname="EdFi.Ods.XsdParsing.Tests.InterchangeToAggregate.When_parsing_Education_Organization_interchange.BaseInterchangeToAggregate.Should_parse_collections_to_matching_entity_types_and_properties" methodname="Should_parse_collections_to_matching_entity_types_and_properties" classname="EdFi.Ods.XsdParsing.Tests.InterchangeToAggregate.When_parsing_Education_Organization_interchange" runstate="Runnable" result="Passed" duration="0.014706" asserts="0" />
                <test-case id="8-1028" name="BaseInterchangeToAggregate.Should_parse_element_types_to_matching_entity_property_types" fullname="EdFi.Ods.XsdParsing.Tests.InterchangeToAggregate.When_parsing_Education_Organization_interchange.BaseInterchangeToAggregate.Should_parse_element_types_to_matching_entity_property_types" methodname="Should_parse_element_types_to_matching_entity_property_types" classname="EdFi.Ods.XsdParsing.Tests.InterchangeToAggregate.When_parsing_Education_Organization_interchange" runstate="Runnable" result="Passed" duration="0.031774" asserts="0" />
                <test-case id="8-1027" name="BaseInterchangeToAggregate.Should_parse_elements_to_entity_properties" fullname="EdFi.Ods.XsdParsing.Tests.InterchangeToAggregate.When_parsing_Education_Organization_interchange.BaseInterchangeToAggregate.Should_parse_elements_to_entity_properties" methodname="Should_parse_elements_to_entity_properties" classname="EdFi.Ods.XsdParsing.Tests.InterchangeToAggregate.When_parsing_Education_Organization_interchange" runstate="Runnable" result="Passed" duration="0.027590" asserts="0" />
                <test-case id="8-1025" name="BaseInterchangeToAggregate.Should_parse_elements_to_existing_resource_class" fullname="EdFi.Ods.XsdParsing.Tests.InterchangeToAggregate.When_parsing_Education_Organization_interchange.BaseInterchangeToAggregate.Should_parse_elements_to_existing_resource_class" methodname="Should_parse_elements_to_existing_resource_class" classname="EdFi.Ods.XsdParsing.Tests.InterchangeToAggregate.When_parsing_Education_Organization_interchange" runstate="Runnable" result="Passed" duration="0.027223" asserts="0" />
                <test-case id="8-1026" name="BaseInterchangeToAggregate.Should_parse_types_to_entity_interfaces" fullname="EdFi.Ods.XsdParsing.Tests.InterchangeToAggregate.When_parsing_Education_Organization_interchange.BaseInterchangeToAggregate.Should_parse_types_to_entity_interfaces" methodname="Should_parse_types_to_entity_interfaces" classname="EdFi.Ods.XsdParsing.Tests.InterchangeToAggregate.When_parsing_Education_Organization_interchange" runstate="Runnable" result="Passed" duration="0.005170" asserts="0" />
              </test-suite>
              <test-suite type="TestFixture" id="8-1048" name="When_parsing_Finance_interchange" fullname="EdFi.Ods.XsdParsing.Tests.InterchangeToAggregate.When_parsing_Finance_interchange" classname="EdFi.Ods.XsdParsing.Tests.InterchangeToAggregate.When_parsing_Finance_interchange" runstate="Runnable" testcasecount="11" result="Passed" duration="0.109387" total="11" passed="0" failed="0" inconclusive="0" skipped="0" asserts="0">
                <test-case id="8-1058" name="BaseInterchangeToAggregate.Output_parsed_core_interchange" fullname="EdFi.Ods.XsdParsing.Tests.InterchangeToAggregate.When_parsing_Finance_interchange.BaseInterchangeToAggregate.Output_parsed_core_interchange" methodname="Output_parsed_core_interchange" classname="EdFi.Ods.XsdParsing.Tests.InterchangeToAggregate.When_parsing_Finance_interchange" runstate="Runnable" result="Passed" duration="0.020963" asserts="0" />
                <test-case id="8-1059" name="BaseInterchangeToAggregate.Output_parsed_extension_interchange" fullname="EdFi.Ods.XsdParsing.Tests.InterchangeToAggregate.When_parsing_Finance_interchange.BaseInterchangeToAggregate.Output_parsed_extension_interchange" methodname="Output_parsed_extension_interchange" classname="EdFi.Ods.XsdParsing.Tests.InterchangeToAggregate.When_parsing_Finance_interchange" runstate="Runnable" result="Passed" duration="0.000064" asserts="0" />
                <test-case id="8-1054" name="BaseInterchangeToAggregate.Should_match_all_elements" fullname="EdFi.Ods.XsdParsing.Tests.InterchangeToAggregate.When_parsing_Finance_interchange.BaseInterchangeToAggregate.Should_match_all_elements" methodname="Should_match_all_elements" classname="EdFi.Ods.XsdParsing.Tests.InterchangeToAggregate.When_parsing_Finance_interchange" runstate="Runnable" result="Passed" duration="0.000477" asserts="0" />
                <test-case id="8-1057" name="BaseInterchangeToAggregate.Should_match_element_decimal_format" fullname="EdFi.Ods.XsdParsing.Tests.InterchangeToAggregate.When_parsing_Finance_interchange.BaseInterchangeToAggregate.Should_match_element_decimal_format" methodname="Should_match_element_decimal_format" classname="EdFi.Ods.XsdParsing.Tests.InterchangeToAggregate.When_parsing_Finance_interchange" runstate="Runnable" result="Passed" duration="0.002157" asserts="0" />
                <test-case id="8-1056" name="BaseInterchangeToAggregate.Should_match_element_string_lengths" fullname="EdFi.Ods.XsdParsing.Tests.InterchangeToAggregate.When_parsing_Finance_interchange.BaseInterchangeToAggregate.Should_match_element_string_lengths" methodname="Should_match_element_string_lengths" classname="EdFi.Ods.XsdParsing.Tests.InterchangeToAggregate.When_parsing_Finance_interchange" runstate="Runnable" result="Passed" duration="0.004042" asserts="0" />
                <test-case id="8-1055" name="BaseInterchangeToAggregate.Should_match_required_elements" fullname="EdFi.Ods.XsdParsing.Tests.InterchangeToAggregate.When_parsing_Finance_interchange.BaseInterchangeToAggregate.Should_match_required_elements" methodname="Should_match_required_elements" classname="EdFi.Ods.XsdParsing.Tests.InterchangeToAggregate.When_parsing_Finance_interchange" runstate="Runnable" result="Passed" duration="0.010317" asserts="0" />
                <test-case id="8-1053" name="BaseInterchangeToAggregate.Should_parse_collections_to_matching_entity_types_and_properties" fullname="EdFi.Ods.XsdParsing.Tests.InterchangeToAggregate.When_parsing_Finance_interchange.BaseInterchangeToAggregate.Should_parse_collections_to_matching_entity_types_and_properties" methodname="Should_parse_collections_to_matching_entity_types_and_properties" classname="EdFi.Ods.XsdParsing.Tests.InterchangeToAggregate.When_parsing_Finance_interchange" runstate="Runnable" result="Passed" duration="0.000770" asserts="0" />
                <test-case id="8-1052" name="BaseInterchangeToAggregate.Should_parse_element_types_to_matching_entity_property_types" fullname="EdFi.Ods.XsdParsing.Tests.InterchangeToAggregate.When_parsing_Finance_interchange.BaseInterchangeToAggregate.Should_parse_element_types_to_matching_entity_property_types" methodname="Should_parse_element_types_to_matching_entity_property_types" classname="EdFi.Ods.XsdParsing.Tests.InterchangeToAggregate.When_parsing_Finance_interchange" runstate="Runnable" result="Passed" duration="0.001371" asserts="0" />
                <test-case id="8-1051" name="BaseInterchangeToAggregate.Should_parse_elements_to_entity_properties" fullname="EdFi.Ods.XsdParsing.Tests.InterchangeToAggregate.When_parsing_Finance_interchange.BaseInterchangeToAggregate.Should_parse_elements_to_entity_properties" methodname="Should_parse_elements_to_entity_properties" classname="EdFi.Ods.XsdParsing.Tests.InterchangeToAggregate.When_parsing_Finance_interchange" runstate="Runnable" result="Passed" duration="0.001309" asserts="0" />
                <test-case id="8-1049" name="BaseInterchangeToAggregate.Should_parse_elements_to_existing_resource_class" fullname="EdFi.Ods.XsdParsing.Tests.InterchangeToAggregate.When_parsing_Finance_interchange.BaseInterchangeToAggregate.Should_parse_elements_to_existing_resource_class" methodname="Should_parse_elements_to_existing_resource_class" classname="EdFi.Ods.XsdParsing.Tests.InterchangeToAggregate.When_parsing_Finance_interchange" runstate="Runnable" result="Passed" duration="0.003021" asserts="0" />
                <test-case id="8-1050" name="BaseInterchangeToAggregate.Should_parse_types_to_entity_interfaces" fullname="EdFi.Ods.XsdParsing.Tests.InterchangeToAggregate.When_parsing_Finance_interchange.BaseInterchangeToAggregate.Should_parse_types_to_entity_interfaces" methodname="Should_parse_types_to_entity_interfaces" classname="EdFi.Ods.XsdParsing.Tests.InterchangeToAggregate.When_parsing_Finance_interchange" runstate="Runnable" result="Passed" duration="0.000664" asserts="0" />
              </test-suite>
              <test-suite type="TestFixture" id="8-1060" name="When_parsing_Master_Schedule_interchange" fullname="EdFi.Ods.XsdParsing.Tests.InterchangeToAggregate.When_parsing_Master_Schedule_interchange" classname="EdFi.Ods.XsdParsing.Tests.InterchangeToAggregate.When_parsing_Master_Schedule_interchange" runstate="Runnable" testcasecount="11" result="Passed" duration="0.139856" total="11" passed="0" failed="0" inconclusive="0" skipped="0" asserts="0">
                <test-case id="8-1070" name="BaseInterchangeToAggregate.Output_parsed_core_interchange" fullname="EdFi.Ods.XsdParsing.Tests.InterchangeToAggregate.When_parsing_Master_Schedule_interchange.BaseInterchangeToAggregate.Output_parsed_core_interchange" methodname="Output_parsed_core_interchange" classname="EdFi.Ods.XsdParsing.Tests.InterchangeToAggregate.When_parsing_Master_Schedule_interchange" runstate="Runnable" result="Passed" duration="0.026323" asserts="0" />
                <test-case id="8-1071" name="BaseInterchangeToAggregate.Output_parsed_extension_interchange" fullname="EdFi.Ods.XsdParsing.Tests.InterchangeToAggregate.When_parsing_Master_Schedule_interchange.BaseInterchangeToAggregate.Output_parsed_extension_interchange" methodname="Output_parsed_extension_interchange" classname="EdFi.Ods.XsdParsing.Tests.InterchangeToAggregate.When_parsing_Master_Schedule_interchange" runstate="Runnable" result="Passed" duration="0.000088" asserts="0" />
                <test-case id="8-1066" name="BaseInterchangeToAggregate.Should_match_all_elements" fullname="EdFi.Ods.XsdParsing.Tests.InterchangeToAggregate.When_parsing_Master_Schedule_interchange.BaseInterchangeToAggregate.Should_match_all_elements" methodname="Should_match_all_elements" classname="EdFi.Ods.XsdParsing.Tests.InterchangeToAggregate.When_parsing_Master_Schedule_interchange" runstate="Runnable" result="Passed" duration="0.000920" asserts="0" />
                <test-case id="8-1069" name="BaseInterchangeToAggregate.Should_match_element_decimal_format" fullname="EdFi.Ods.XsdParsing.Tests.InterchangeToAggregate.When_parsing_Master_Schedule_interchange.BaseInterchangeToAggregate.Should_match_element_decimal_format" methodname="Should_match_element_decimal_format" classname="EdFi.Ods.XsdParsing.Tests.InterchangeToAggregate.When_parsing_Master_Schedule_interchange" runstate="Runnable" result="Passed" duration="0.001775" asserts="0" />
                <test-case id="8-1068" name="BaseInterchangeToAggregate.Should_match_element_string_lengths" fullname="EdFi.Ods.XsdParsing.Tests.InterchangeToAggregate.When_parsing_Master_Schedule_interchange.BaseInterchangeToAggregate.Should_match_element_string_lengths" methodname="Should_match_element_string_lengths" classname="EdFi.Ods.XsdParsing.Tests.InterchangeToAggregate.When_parsing_Master_Schedule_interchange" runstate="Runnable" result="Passed" duration="0.005866" asserts="0" />
                <test-case id="8-1067" name="BaseInterchangeToAggregate.Should_match_required_elements" fullname="EdFi.Ods.XsdParsing.Tests.InterchangeToAggregate.When_parsing_Master_Schedule_interchange.BaseInterchangeToAggregate.Should_match_required_elements" methodname="Should_match_required_elements" classname="EdFi.Ods.XsdParsing.Tests.InterchangeToAggregate.When_parsing_Master_Schedule_interchange" runstate="Runnable" result="Passed" duration="0.009063" asserts="0" />
                <test-case id="8-1065" name="BaseInterchangeToAggregate.Should_parse_collections_to_matching_entity_types_and_properties" fullname="EdFi.Ods.XsdParsing.Tests.InterchangeToAggregate.When_parsing_Master_Schedule_interchange.BaseInterchangeToAggregate.Should_parse_collections_to_matching_entity_types_and_properties" methodname="Should_parse_collections_to_matching_entity_types_and_properties" classname="EdFi.Ods.XsdParsing.Tests.InterchangeToAggregate.When_parsing_Master_Schedule_interchange" runstate="Runnable" result="Passed" duration="0.001318" asserts="0" />
                <test-case id="8-1064" name="BaseInterchangeToAggregate.Should_parse_element_types_to_matching_entity_property_types" fullname="EdFi.Ods.XsdParsing.Tests.InterchangeToAggregate.When_parsing_Master_Schedule_interchange.BaseInterchangeToAggregate.Should_parse_element_types_to_matching_entity_property_types" methodname="Should_parse_element_types_to_matching_entity_property_types" classname="EdFi.Ods.XsdParsing.Tests.InterchangeToAggregate.When_parsing_Master_Schedule_interchange" runstate="Runnable" result="Passed" duration="0.003533" asserts="0" />
                <test-case id="8-1063" name="BaseInterchangeToAggregate.Should_parse_elements_to_entity_properties" fullname="EdFi.Ods.XsdParsing.Tests.InterchangeToAggregate.When_parsing_Master_Schedule_interchange.BaseInterchangeToAggregate.Should_parse_elements_to_entity_properties" methodname="Should_parse_elements_to_entity_properties" classname="EdFi.Ods.XsdParsing.Tests.InterchangeToAggregate.When_parsing_Master_Schedule_interchange" runstate="Runnable" result="Passed" duration="0.002095" asserts="0" />
                <test-case id="8-1061" name="BaseInterchangeToAggregate.Should_parse_elements_to_existing_resource_class" fullname="EdFi.Ods.XsdParsing.Tests.InterchangeToAggregate.When_parsing_Master_Schedule_interchange.BaseInterchangeToAggregate.Should_parse_elements_to_existing_resource_class" methodname="Should_parse_elements_to_existing_resource_class" classname="EdFi.Ods.XsdParsing.Tests.InterchangeToAggregate.When_parsing_Master_Schedule_interchange" runstate="Runnable" result="Passed" duration="0.005954" asserts="0" />
                <test-case id="8-1062" name="BaseInterchangeToAggregate.Should_parse_types_to_entity_interfaces" fullname="EdFi.Ods.XsdParsing.Tests.InterchangeToAggregate.When_parsing_Master_Schedule_interchange.BaseInterchangeToAggregate.Should_parse_types_to_entity_interfaces" methodname="Should_parse_types_to_entity_interfaces" classname="EdFi.Ods.XsdParsing.Tests.InterchangeToAggregate.When_parsing_Master_Schedule_interchange" runstate="Runnable" result="Passed" duration="0.000926" asserts="0" />
              </test-suite>
              <test-suite type="TestFixture" id="8-1216" name="When_parsing_Parent_interchange" fullname="EdFi.Ods.XsdParsing.Tests.InterchangeToAggregate.When_parsing_Parent_interchange" classname="EdFi.Ods.XsdParsing.Tests.InterchangeToAggregate.When_parsing_Parent_interchange" runstate="Runnable" testcasecount="11" result="Passed" duration="0.173017" total="11" passed="0" failed="0" inconclusive="0" skipped="0" asserts="0">
                <test-case id="8-1226" name="BaseInterchangeToAggregate.Output_parsed_core_interchange" fullname="EdFi.Ods.XsdParsing.Tests.InterchangeToAggregate.When_parsing_Parent_interchange.BaseInterchangeToAggregate.Output_parsed_core_interchange" methodname="Output_parsed_core_interchange" classname="EdFi.Ods.XsdParsing.Tests.InterchangeToAggregate.When_parsing_Parent_interchange" runstate="Runnable" result="Passed" duration="0.032118" asserts="0" />
                <test-case id="8-1227" name="BaseInterchangeToAggregate.Output_parsed_extension_interchange" fullname="EdFi.Ods.XsdParsing.Tests.InterchangeToAggregate.When_parsing_Parent_interchange.BaseInterchangeToAggregate.Output_parsed_extension_interchange" methodname="Output_parsed_extension_interchange" classname="EdFi.Ods.XsdParsing.Tests.InterchangeToAggregate.When_parsing_Parent_interchange" runstate="Runnable" result="Passed" duration="0.000072" asserts="0" />
                <test-case id="8-1222" name="BaseInterchangeToAggregate.Should_match_all_elements" fullname="EdFi.Ods.XsdParsing.Tests.InterchangeToAggregate.When_parsing_Parent_interchange.BaseInterchangeToAggregate.Should_match_all_elements" methodname="Should_match_all_elements" classname="EdFi.Ods.XsdParsing.Tests.InterchangeToAggregate.When_parsing_Parent_interchange" runstate="Runnable" result="Passed" duration="0.001623" asserts="0" />
                <test-case id="8-1225" name="BaseInterchangeToAggregate.Should_match_element_decimal_format" fullname="EdFi.Ods.XsdParsing.Tests.InterchangeToAggregate.When_parsing_Parent_interchange.BaseInterchangeToAggregate.Should_match_element_decimal_format" methodname="Should_match_element_decimal_format" classname="EdFi.Ods.XsdParsing.Tests.InterchangeToAggregate.When_parsing_Parent_interchange" runstate="Runnable" result="Passed" duration="0.000068" asserts="0" />
                <test-case id="8-1224" name="BaseInterchangeToAggregate.Should_match_element_string_lengths" fullname="EdFi.Ods.XsdParsing.Tests.InterchangeToAggregate.When_parsing_Parent_interchange.BaseInterchangeToAggregate.Should_match_element_string_lengths" methodname="Should_match_element_string_lengths" classname="EdFi.Ods.XsdParsing.Tests.InterchangeToAggregate.When_parsing_Parent_interchange" runstate="Runnable" result="Passed" duration="0.014908" asserts="0" />
                <test-case id="8-1223" name="BaseInterchangeToAggregate.Should_match_required_elements" fullname="EdFi.Ods.XsdParsing.Tests.InterchangeToAggregate.When_parsing_Parent_interchange.BaseInterchangeToAggregate.Should_match_required_elements" methodname="Should_match_required_elements" classname="EdFi.Ods.XsdParsing.Tests.InterchangeToAggregate.When_parsing_Parent_interchange" runstate="Runnable" result="Passed" duration="0.018970" asserts="0" />
                <test-case id="8-1221" name="BaseInterchangeToAggregate.Should_parse_collections_to_matching_entity_types_and_properties" fullname="EdFi.Ods.XsdParsing.Tests.InterchangeToAggregate.When_parsing_Parent_interchange.BaseInterchangeToAggregate.Should_parse_collections_to_matching_entity_types_and_properties" methodname="Should_parse_collections_to_matching_entity_types_and_properties" classname="EdFi.Ods.XsdParsing.Tests.InterchangeToAggregate.When_parsing_Parent_interchange" runstate="Runnable" result="Passed" duration="0.001779" asserts="0" />
                <test-case id="8-1220" name="BaseInterchangeToAggregate.Should_parse_element_types_to_matching_entity_property_types" fullname="EdFi.Ods.XsdParsing.Tests.InterchangeToAggregate.When_parsing_Parent_interchange.BaseInterchangeToAggregate.Should_parse_element_types_to_matching_entity_property_types" methodname="Should_parse_element_types_to_matching_entity_property_types" classname="EdFi.Ods.XsdParsing.Tests.InterchangeToAggregate.When_parsing_Parent_interchange" runstate="Runnable" result="Passed" duration="0.006040" asserts="0" />
                <test-case id="8-1219" name="BaseInterchangeToAggregate.Should_parse_elements_to_entity_properties" fullname="EdFi.Ods.XsdParsing.Tests.InterchangeToAggregate.When_parsing_Parent_interchange.BaseInterchangeToAggregate.Should_parse_elements_to_entity_properties" methodname="Should_parse_elements_to_entity_properties" classname="EdFi.Ods.XsdParsing.Tests.InterchangeToAggregate.When_parsing_Parent_interchange" runstate="Runnable" result="Passed" duration="0.003844" asserts="0" />
                <test-case id="8-1217" name="BaseInterchangeToAggregate.Should_parse_elements_to_existing_resource_class" fullname="EdFi.Ods.XsdParsing.Tests.InterchangeToAggregate.When_parsing_Parent_interchange.BaseInterchangeToAggregate.Should_parse_elements_to_existing_resource_class" methodname="Should_parse_elements_to_existing_resource_class" classname="EdFi.Ods.XsdParsing.Tests.InterchangeToAggregate.When_parsing_Parent_interchange" runstate="Runnable" result="Passed" duration="0.004158" asserts="0" />
                <test-case id="8-1218" name="BaseInterchangeToAggregate.Should_parse_types_to_entity_interfaces" fullname="EdFi.Ods.XsdParsing.Tests.InterchangeToAggregate.When_parsing_Parent_interchange.BaseInterchangeToAggregate.Should_parse_types_to_entity_interfaces" methodname="Should_parse_types_to_entity_interfaces" classname="EdFi.Ods.XsdParsing.Tests.InterchangeToAggregate.When_parsing_Parent_interchange" runstate="Runnable" result="Passed" duration="0.000689" asserts="0" />
              </test-suite>
              <test-suite type="TestFixture" id="8-1072" name="When_parsing_Post_Secondary_Event_interchange" fullname="EdFi.Ods.XsdParsing.Tests.InterchangeToAggregate.When_parsing_Post_Secondary_Event_interchange" classname="EdFi.Ods.XsdParsing.Tests.InterchangeToAggregate.When_parsing_Post_Secondary_Event_interchange" runstate="Runnable" testcasecount="11" result="Passed" duration="0.090682" total="11" passed="0" failed="0" inconclusive="0" skipped="0" asserts="0">
                <test-case id="8-1082" name="BaseInterchangeToAggregate.Output_parsed_core_interchange" fullname="EdFi.Ods.XsdParsing.Tests.InterchangeToAggregate.When_parsing_Post_Secondary_Event_interchange.BaseInterchangeToAggregate.Output_parsed_core_interchange" methodname="Output_parsed_core_interchange" classname="EdFi.Ods.XsdParsing.Tests.InterchangeToAggregate.When_parsing_Post_Secondary_Event_interchange" runstate="Runnable" result="Passed" duration="0.005853" asserts="0" />
                <test-case id="8-1083" name="BaseInterchangeToAggregate.Output_parsed_extension_interchange" fullname="EdFi.Ods.XsdParsing.Tests.InterchangeToAggregate.When_parsing_Post_Secondary_Event_interchange.BaseInterchangeToAggregate.Output_parsed_extension_interchange" methodname="Output_parsed_extension_interchange" classname="EdFi.Ods.XsdParsing.Tests.InterchangeToAggregate.When_parsing_Post_Secondary_Event_interchange" runstate="Runnable" result="Passed" duration="0.000076" asserts="0" />
                <test-case id="8-1078" name="BaseInterchangeToAggregate.Should_match_all_elements" fullname="EdFi.Ods.XsdParsing.Tests.InterchangeToAggregate.When_parsing_Post_Secondary_Event_interchange.BaseInterchangeToAggregate.Should_match_all_elements" methodname="Should_match_all_elements" classname="EdFi.Ods.XsdParsing.Tests.InterchangeToAggregate.When_parsing_Post_Secondary_Event_interchange" runstate="Runnable" result="Passed" duration="0.000603" asserts="0" />
                <test-case id="8-1081" name="BaseInterchangeToAggregate.Should_match_element_decimal_format" fullname="EdFi.Ods.XsdParsing.Tests.InterchangeToAggregate.When_parsing_Post_Secondary_Event_interchange.BaseInterchangeToAggregate.Should_match_element_decimal_format" methodname="Should_match_element_decimal_format" classname="EdFi.Ods.XsdParsing.Tests.InterchangeToAggregate.When_parsing_Post_Secondary_Event_interchange" runstate="Runnable" result="Passed" duration="0.000086" asserts="0" />
                <test-case id="8-1080" name="BaseInterchangeToAggregate.Should_match_element_string_lengths" fullname="EdFi.Ods.XsdParsing.Tests.InterchangeToAggregate.When_parsing_Post_Secondary_Event_interchange.BaseInterchangeToAggregate.Should_match_element_string_lengths" methodname="Should_match_element_string_lengths" classname="EdFi.Ods.XsdParsing.Tests.InterchangeToAggregate.When_parsing_Post_Secondary_Event_interchange" runstate="Runnable" result="Passed" duration="0.002611" asserts="0" />
                <test-case id="8-1079" name="BaseInterchangeToAggregate.Should_match_required_elements" fullname="EdFi.Ods.XsdParsing.Tests.InterchangeToAggregate.When_parsing_Post_Secondary_Event_interchange.BaseInterchangeToAggregate.Should_match_required_elements" methodname="Should_match_required_elements" classname="EdFi.Ods.XsdParsing.Tests.InterchangeToAggregate.When_parsing_Post_Secondary_Event_interchange" runstate="Runnable" result="Passed" duration="0.002753" asserts="0" />
                <test-case id="8-1077" name="BaseInterchangeToAggregate.Should_parse_collections_to_matching_entity_types_and_properties" fullname="EdFi.Ods.XsdParsing.Tests.InterchangeToAggregate.When_parsing_Post_Secondary_Event_interchange.BaseInterchangeToAggregate.Should_parse_collections_to_matching_entity_types_and_properties" methodname="Should_parse_collections_to_matching_entity_types_and_properties" classname="EdFi.Ods.XsdParsing.Tests.InterchangeToAggregate.When_parsing_Post_Secondary_Event_interchange" runstate="Runnable" result="Passed" duration="0.000627" asserts="0" />
                <test-case id="8-1076" name="BaseInterchangeToAggregate.Should_parse_element_types_to_matching_entity_property_types" fullname="EdFi.Ods.XsdParsing.Tests.InterchangeToAggregate.When_parsing_Post_Secondary_Event_interchange.BaseInterchangeToAggregate.Should_parse_element_types_to_matching_entity_property_types" methodname="Should_parse_element_types_to_matching_entity_property_types" classname="EdFi.Ods.XsdParsing.Tests.InterchangeToAggregate.When_parsing_Post_Secondary_Event_interchange" runstate="Runnable" result="Passed" duration="0.001017" asserts="0" />
                <test-case id="8-1075" name="BaseInterchangeToAggregate.Should_parse_elements_to_entity_properties" fullname="EdFi.Ods.XsdParsing.Tests.InterchangeToAggregate.When_parsing_Post_Secondary_Event_interchange.BaseInterchangeToAggregate.Should_parse_elements_to_entity_properties" methodname="Should_parse_elements_to_entity_properties" classname="EdFi.Ods.XsdParsing.Tests.InterchangeToAggregate.When_parsing_Post_Secondary_Event_interchange" runstate="Runnable" result="Passed" duration="0.000871" asserts="0" />
                <test-case id="8-1073" name="BaseInterchangeToAggregate.Should_parse_elements_to_existing_resource_class" fullname="EdFi.Ods.XsdParsing.Tests.InterchangeToAggregate.When_parsing_Post_Secondary_Event_interchange.BaseInterchangeToAggregate.Should_parse_elements_to_existing_resource_class" methodname="Should_parse_elements_to_existing_resource_class" classname="EdFi.Ods.XsdParsing.Tests.InterchangeToAggregate.When_parsing_Post_Secondary_Event_interchange" runstate="Runnable" result="Passed" duration="0.000979" asserts="0" />
                <test-case id="8-1074" name="BaseInterchangeToAggregate.Should_parse_types_to_entity_interfaces" fullname="EdFi.Ods.XsdParsing.Tests.InterchangeToAggregate.When_parsing_Post_Secondary_Event_interchange.BaseInterchangeToAggregate.Should_parse_types_to_entity_interfaces" methodname="Should_parse_types_to_entity_interfaces" classname="EdFi.Ods.XsdParsing.Tests.InterchangeToAggregate.When_parsing_Post_Secondary_Event_interchange" runstate="Runnable" result="Passed" duration="0.000429" asserts="0" />
              </test-suite>
              <test-suite type="TestFixture" id="8-1084" name="When_parsing_Staff_Association_interchange" fullname="EdFi.Ods.XsdParsing.Tests.InterchangeToAggregate.When_parsing_Staff_Association_interchange" classname="EdFi.Ods.XsdParsing.Tests.InterchangeToAggregate.When_parsing_Staff_Association_interchange" runstate="Runnable" testcasecount="11" result="Passed" duration="0.376996" total="11" passed="0" failed="0" inconclusive="0" skipped="0" asserts="0">
                <test-case id="8-1094" name="BaseInterchangeToAggregate.Output_parsed_core_interchange" fullname="EdFi.Ods.XsdParsing.Tests.InterchangeToAggregate.When_parsing_Staff_Association_interchange.BaseInterchangeToAggregate.Output_parsed_core_interchange" methodname="Output_parsed_core_interchange" classname="EdFi.Ods.XsdParsing.Tests.InterchangeToAggregate.When_parsing_Staff_Association_interchange" runstate="Runnable" result="Passed" duration="0.106621" asserts="0" />
                <test-case id="8-1095" name="BaseInterchangeToAggregate.Output_parsed_extension_interchange" fullname="EdFi.Ods.XsdParsing.Tests.InterchangeToAggregate.When_parsing_Staff_Association_interchange.BaseInterchangeToAggregate.Output_parsed_extension_interchange" methodname="Output_parsed_extension_interchange" classname="EdFi.Ods.XsdParsing.Tests.InterchangeToAggregate.When_parsing_Staff_Association_interchange" runstate="Runnable" result="Passed" duration="0.000100" asserts="0" />
                <test-case id="8-1090" name="BaseInterchangeToAggregate.Should_match_all_elements" fullname="EdFi.Ods.XsdParsing.Tests.InterchangeToAggregate.When_parsing_Staff_Association_interchange.BaseInterchangeToAggregate.Should_match_all_elements" methodname="Should_match_all_elements" classname="EdFi.Ods.XsdParsing.Tests.InterchangeToAggregate.When_parsing_Staff_Association_interchange" runstate="Runnable" result="Passed" duration="0.002931" asserts="0" />
                <test-case id="8-1093" name="BaseInterchangeToAggregate.Should_match_element_decimal_format" fullname="EdFi.Ods.XsdParsing.Tests.InterchangeToAggregate.When_parsing_Staff_Association_interchange.BaseInterchangeToAggregate.Should_match_element_decimal_format" methodname="Should_match_element_decimal_format" classname="EdFi.Ods.XsdParsing.Tests.InterchangeToAggregate.When_parsing_Staff_Association_interchange" runstate="Runnable" result="Passed" duration="0.009204" asserts="0" />
                <test-case id="8-1092" name="BaseInterchangeToAggregate.Should_match_element_string_lengths" fullname="EdFi.Ods.XsdParsing.Tests.InterchangeToAggregate.When_parsing_Staff_Association_interchange.BaseInterchangeToAggregate.Should_match_element_string_lengths" methodname="Should_match_element_string_lengths" classname="EdFi.Ods.XsdParsing.Tests.InterchangeToAggregate.When_parsing_Staff_Association_interchange" runstate="Runnable" result="Passed" duration="0.030450" asserts="0" />
                <test-case id="8-1091" name="BaseInterchangeToAggregate.Should_match_required_elements" fullname="EdFi.Ods.XsdParsing.Tests.InterchangeToAggregate.When_parsing_Staff_Association_interchange.BaseInterchangeToAggregate.Should_match_required_elements" methodname="Should_match_required_elements" classname="EdFi.Ods.XsdParsing.Tests.InterchangeToAggregate.When_parsing_Staff_Association_interchange" runstate="Runnable" result="Passed" duration="0.055139" asserts="0" />
                <test-case id="8-1089" name="BaseInterchangeToAggregate.Should_parse_collections_to_matching_entity_types_and_properties" fullname="EdFi.Ods.XsdParsing.Tests.InterchangeToAggregate.When_parsing_Staff_Association_interchange.BaseInterchangeToAggregate.Should_parse_collections_to_matching_entity_types_and_properties" methodname="Should_parse_collections_to_matching_entity_types_and_properties" classname="EdFi.Ods.XsdParsing.Tests.InterchangeToAggregate.When_parsing_Staff_Association_interchange" runstate="Runnable" result="Passed" duration="0.005318" asserts="0" />
                <test-case id="8-1088" name="BaseInterchangeToAggregate.Should_parse_element_types_to_matching_entity_property_types" fullname="EdFi.Ods.XsdParsing.Tests.InterchangeToAggregate.When_parsing_Staff_Association_interchange.BaseInterchangeToAggregate.Should_parse_element_types_to_matching_entity_property_types" methodname="Should_parse_element_types_to_matching_entity_property_types" classname="EdFi.Ods.XsdParsing.Tests.InterchangeToAggregate.When_parsing_Staff_Association_interchange" runstate="Runnable" result="Passed" duration="0.011785" asserts="0" />
                <test-case id="8-1087" name="BaseInterchangeToAggregate.Should_parse_elements_to_entity_properties" fullname="EdFi.Ods.XsdParsing.Tests.InterchangeToAggregate.When_parsing_Staff_Association_interchange.BaseInterchangeToAggregate.Should_parse_elements_to_entity_properties" methodname="Should_parse_elements_to_entity_properties" classname="EdFi.Ods.XsdParsing.Tests.InterchangeToAggregate.When_parsing_Staff_Association_interchange" runstate="Runnable" result="Passed" duration="0.013381" asserts="0" />
                <test-case id="8-1085" name="BaseInterchangeToAggregate.Should_parse_elements_to_existing_resource_class" fullname="EdFi.Ods.XsdParsing.Tests.InterchangeToAggregate.When_parsing_Staff_Association_interchange.BaseInterchangeToAggregate.Should_parse_elements_to_existing_resource_class" methodname="Should_parse_elements_to_existing_resource_class" classname="EdFi.Ods.XsdParsing.Tests.InterchangeToAggregate.When_parsing_Staff_Association_interchange" runstate="Runnable" result="Passed" duration="0.013908" asserts="0" />
                <test-case id="8-1086" name="BaseInterchangeToAggregate.Should_parse_types_to_entity_interfaces" fullname="EdFi.Ods.XsdParsing.Tests.InterchangeToAggregate.When_parsing_Staff_Association_interchange.BaseInterchangeToAggregate.Should_parse_types_to_entity_interfaces" methodname="Should_parse_types_to_entity_interfaces" classname="EdFi.Ods.XsdParsing.Tests.InterchangeToAggregate.When_parsing_Staff_Association_interchange" runstate="Runnable" result="Passed" duration="0.002786" asserts="0" />
              </test-suite>
              <test-suite type="TestFixture" id="8-1096" name="When_parsing_Standards_interchange" fullname="EdFi.Ods.XsdParsing.Tests.InterchangeToAggregate.When_parsing_Standards_interchange" classname="EdFi.Ods.XsdParsing.Tests.InterchangeToAggregate.When_parsing_Standards_interchange" runstate="Runnable" testcasecount="11" result="Passed" duration="0.126712" total="11" passed="0" failed="0" inconclusive="0" skipped="0" asserts="0">
                <test-case id="8-1106" name="BaseInterchangeToAggregate.Output_parsed_core_interchange" fullname="EdFi.Ods.XsdParsing.Tests.InterchangeToAggregate.When_parsing_Standards_interchange.BaseInterchangeToAggregate.Output_parsed_core_interchange" methodname="Output_parsed_core_interchange" classname="EdFi.Ods.XsdParsing.Tests.InterchangeToAggregate.When_parsing_Standards_interchange" runstate="Runnable" result="Passed" duration="0.023504" asserts="0" />
                <test-case id="8-1107" name="BaseInterchangeToAggregate.Output_parsed_extension_interchange" fullname="EdFi.Ods.XsdParsing.Tests.InterchangeToAggregate.When_parsing_Standards_interchange.BaseInterchangeToAggregate.Output_parsed_extension_interchange" methodname="Output_parsed_extension_interchange" classname="EdFi.Ods.XsdParsing.Tests.InterchangeToAggregate.When_parsing_Standards_interchange" runstate="Runnable" result="Passed" duration="0.000099" asserts="0" />
                <test-case id="8-1102" name="BaseInterchangeToAggregate.Should_match_all_elements" fullname="EdFi.Ods.XsdParsing.Tests.InterchangeToAggregate.When_parsing_Standards_interchange.BaseInterchangeToAggregate.Should_match_all_elements" methodname="Should_match_all_elements" classname="EdFi.Ods.XsdParsing.Tests.InterchangeToAggregate.When_parsing_Standards_interchange" runstate="Runnable" result="Passed" duration="0.000782" asserts="0" />
                <test-case id="8-1105" name="BaseInterchangeToAggregate.Should_match_element_decimal_format" fullname="EdFi.Ods.XsdParsing.Tests.InterchangeToAggregate.When_parsing_Standards_interchange.BaseInterchangeToAggregate.Should_match_element_decimal_format" methodname="Should_match_element_decimal_format" classname="EdFi.Ods.XsdParsing.Tests.InterchangeToAggregate.When_parsing_Standards_interchange" runstate="Runnable" result="Passed" duration="0.000120" asserts="0" />
                <test-case id="8-1104" name="BaseInterchangeToAggregate.Should_match_element_string_lengths" fullname="EdFi.Ods.XsdParsing.Tests.InterchangeToAggregate.When_parsing_Standards_interchange.BaseInterchangeToAggregate.Should_match_element_string_lengths" methodname="Should_match_element_string_lengths" classname="EdFi.Ods.XsdParsing.Tests.InterchangeToAggregate.When_parsing_Standards_interchange" runstate="Runnable" result="Passed" duration="0.009503" asserts="0" />
                <test-case id="8-1103" name="BaseInterchangeToAggregate.Should_match_required_elements" fullname="EdFi.Ods.XsdParsing.Tests.InterchangeToAggregate.When_parsing_Standards_interchange.BaseInterchangeToAggregate.Should_match_required_elements" methodname="Should_match_required_elements" classname="EdFi.Ods.XsdParsing.Tests.InterchangeToAggregate.When_parsing_Standards_interchange" runstate="Runnable" result="Passed" duration="0.011901" asserts="0" />
                <test-case id="8-1101" name="BaseInterchangeToAggregate.Should_parse_collections_to_matching_entity_types_and_properties" fullname="EdFi.Ods.XsdParsing.Tests.InterchangeToAggregate.When_parsing_Standards_interchange.BaseInterchangeToAggregate.Should_parse_collections_to_matching_entity_types_and_properties" methodname="Should_parse_collections_to_matching_entity_types_and_properties" classname="EdFi.Ods.XsdParsing.Tests.InterchangeToAggregate.When_parsing_Standards_interchange" runstate="Runnable" result="Passed" duration="0.001447" asserts="0" />
                <test-case id="8-1100" name="BaseInterchangeToAggregate.Should_parse_element_types_to_matching_entity_property_types" fullname="EdFi.Ods.XsdParsing.Tests.InterchangeToAggregate.When_parsing_Standards_interchange.BaseInterchangeToAggregate.Should_parse_element_types_to_matching_entity_property_types" methodname="Should_parse_element_types_to_matching_entity_property_types" classname="EdFi.Ods.XsdParsing.Tests.InterchangeToAggregate.When_parsing_Standards_interchange" runstate="Runnable" result="Passed" duration="0.002814" asserts="0" />
                <test-case id="8-1099" name="BaseInterchangeToAggregate.Should_parse_elements_to_entity_properties" fullname="EdFi.Ods.XsdParsing.Tests.InterchangeToAggregate.When_parsing_Standards_interchange.BaseInterchangeToAggregate.Should_parse_elements_to_entity_properties" methodname="Should_parse_elements_to_entity_properties" classname="EdFi.Ods.XsdParsing.Tests.InterchangeToAggregate.When_parsing_Standards_interchange" runstate="Runnable" result="Passed" duration="0.002643" asserts="0" />
                <test-case id="8-1097" name="BaseInterchangeToAggregate.Should_parse_elements_to_existing_resource_class" fullname="EdFi.Ods.XsdParsing.Tests.InterchangeToAggregate.When_parsing_Standards_interchange.BaseInterchangeToAggregate.Should_parse_elements_to_existing_resource_class" methodname="Should_parse_elements_to_existing_resource_class" classname="EdFi.Ods.XsdParsing.Tests.InterchangeToAggregate.When_parsing_Standards_interchange" runstate="Runnable" result="Passed" duration="0.005761" asserts="0" />
                <test-case id="8-1098" name="BaseInterchangeToAggregate.Should_parse_types_to_entity_interfaces" fullname="EdFi.Ods.XsdParsing.Tests.InterchangeToAggregate.When_parsing_Standards_interchange.BaseInterchangeToAggregate.Should_parse_types_to_entity_interfaces" methodname="Should_parse_types_to_entity_interfaces" classname="EdFi.Ods.XsdParsing.Tests.InterchangeToAggregate.When_parsing_Standards_interchange" runstate="Runnable" result="Passed" duration="0.000509" asserts="0" />
              </test-suite>
              <test-suite type="TestFixture" id="8-1108" name="When_parsing_Student_Assessment_interchange" fullname="EdFi.Ods.XsdParsing.Tests.InterchangeToAggregate.When_parsing_Student_Assessment_interchange" classname="EdFi.Ods.XsdParsing.Tests.InterchangeToAggregate.When_parsing_Student_Assessment_interchange" runstate="Runnable" testcasecount="11" result="Passed" duration="0.139825" total="11" passed="0" failed="0" inconclusive="0" skipped="0" asserts="0">
                <test-case id="8-1118" name="BaseInterchangeToAggregate.Output_parsed_core_interchange" fullname="EdFi.Ods.XsdParsing.Tests.InterchangeToAggregate.When_parsing_Student_Assessment_interchange.BaseInterchangeToAggregate.Output_parsed_core_interchange" methodname="Output_parsed_core_interchange" classname="EdFi.Ods.XsdParsing.Tests.InterchangeToAggregate.When_parsing_Student_Assessment_interchange" runstate="Runnable" result="Passed" duration="0.022398" asserts="0" />
                <test-case id="8-1119" name="BaseInterchangeToAggregate.Output_parsed_extension_interchange" fullname="EdFi.Ods.XsdParsing.Tests.InterchangeToAggregate.When_parsing_Student_Assessment_interchange.BaseInterchangeToAggregate.Output_parsed_extension_interchange" methodname="Output_parsed_extension_interchange" classname="EdFi.Ods.XsdParsing.Tests.InterchangeToAggregate.When_parsing_Student_Assessment_interchange" runstate="Runnable" result="Passed" duration="0.000074" asserts="0" />
                <test-case id="8-1114" name="BaseInterchangeToAggregate.Should_match_all_elements" fullname="EdFi.Ods.XsdParsing.Tests.InterchangeToAggregate.When_parsing_Student_Assessment_interchange.BaseInterchangeToAggregate.Should_match_all_elements" methodname="Should_match_all_elements" classname="EdFi.Ods.XsdParsing.Tests.InterchangeToAggregate.When_parsing_Student_Assessment_interchange" runstate="Runnable" result="Passed" duration="0.000942" asserts="0" />
                <test-case id="8-1117" name="BaseInterchangeToAggregate.Should_match_element_decimal_format" fullname="EdFi.Ods.XsdParsing.Tests.InterchangeToAggregate.When_parsing_Student_Assessment_interchange.BaseInterchangeToAggregate.Should_match_element_decimal_format" methodname="Should_match_element_decimal_format" classname="EdFi.Ods.XsdParsing.Tests.InterchangeToAggregate.When_parsing_Student_Assessment_interchange" runstate="Runnable" result="Passed" duration="0.000099" asserts="0" />
                <test-case id="8-1116" name="BaseInterchangeToAggregate.Should_match_element_string_lengths" fullname="EdFi.Ods.XsdParsing.Tests.InterchangeToAggregate.When_parsing_Student_Assessment_interchange.BaseInterchangeToAggregate.Should_match_element_string_lengths" methodname="Should_match_element_string_lengths" classname="EdFi.Ods.XsdParsing.Tests.InterchangeToAggregate.When_parsing_Student_Assessment_interchange" runstate="Runnable" result="Passed" duration="0.015652" asserts="0" />
                <test-case id="8-1115" name="BaseInterchangeToAggregate.Should_match_required_elements" fullname="EdFi.Ods.XsdParsing.Tests.InterchangeToAggregate.When_parsing_Student_Assessment_interchange.BaseInterchangeToAggregate.Should_match_required_elements" methodname="Should_match_required_elements" classname="EdFi.Ods.XsdParsing.Tests.InterchangeToAggregate.When_parsing_Student_Assessment_interchange" runstate="Runnable" result="Passed" duration="0.008918" asserts="0" />
                <test-case id="8-1113" name="BaseInterchangeToAggregate.Should_parse_collections_to_matching_entity_types_and_properties" fullname="EdFi.Ods.XsdParsing.Tests.InterchangeToAggregate.When_parsing_Student_Assessment_interchange.BaseInterchangeToAggregate.Should_parse_collections_to_matching_entity_types_and_properties" methodname="Should_parse_collections_to_matching_entity_types_and_properties" classname="EdFi.Ods.XsdParsing.Tests.InterchangeToAggregate.When_parsing_Student_Assessment_interchange" runstate="Runnable" result="Passed" duration="0.001376" asserts="0" />
                <test-case id="8-1112" name="BaseInterchangeToAggregate.Should_parse_element_types_to_matching_entity_property_types" fullname="EdFi.Ods.XsdParsing.Tests.InterchangeToAggregate.When_parsing_Student_Assessment_interchange.BaseInterchangeToAggregate.Should_parse_element_types_to_matching_entity_property_types" methodname="Should_parse_element_types_to_matching_entity_property_types" classname="EdFi.Ods.XsdParsing.Tests.InterchangeToAggregate.When_parsing_Student_Assessment_interchange" runstate="Runnable" result="Passed" duration="0.003793" asserts="0" />
                <test-case id="8-1111" name="BaseInterchangeToAggregate.Should_parse_elements_to_entity_properties" fullname="EdFi.Ods.XsdParsing.Tests.InterchangeToAggregate.When_parsing_Student_Assessment_interchange.BaseInterchangeToAggregate.Should_parse_elements_to_entity_properties" methodname="Should_parse_elements_to_entity_properties" classname="EdFi.Ods.XsdParsing.Tests.InterchangeToAggregate.When_parsing_Student_Assessment_interchange" runstate="Runnable" result="Passed" duration="0.002738" asserts="0" />
                <test-case id="8-1109" name="BaseInterchangeToAggregate.Should_parse_elements_to_existing_resource_class" fullname="EdFi.Ods.XsdParsing.Tests.InterchangeToAggregate.When_parsing_Student_Assessment_interchange.BaseInterchangeToAggregate.Should_parse_elements_to_existing_resource_class" methodname="Should_parse_elements_to_existing_resource_class" classname="EdFi.Ods.XsdParsing.Tests.InterchangeToAggregate.When_parsing_Student_Assessment_interchange" runstate="Runnable" result="Passed" duration="0.008072" asserts="0" />
                <test-case id="8-1110" name="BaseInterchangeToAggregate.Should_parse_types_to_entity_interfaces" fullname="EdFi.Ods.XsdParsing.Tests.InterchangeToAggregate.When_parsing_Student_Assessment_interchange.BaseInterchangeToAggregate.Should_parse_types_to_entity_interfaces" methodname="Should_parse_types_to_entity_interfaces" classname="EdFi.Ods.XsdParsing.Tests.InterchangeToAggregate.When_parsing_Student_Assessment_interchange" runstate="Runnable" result="Passed" duration="0.000662" asserts="0" />
              </test-suite>
              <test-suite type="TestFixture" id="8-1120" name="When_parsing_Student_Attendance_interchange" fullname="EdFi.Ods.XsdParsing.Tests.InterchangeToAggregate.When_parsing_Student_Attendance_interchange" classname="EdFi.Ods.XsdParsing.Tests.InterchangeToAggregate.When_parsing_Student_Attendance_interchange" runstate="Runnable" testcasecount="11" result="Passed" duration="0.165023" total="11" passed="0" failed="0" inconclusive="0" skipped="0" asserts="0">
                <test-case id="8-1130" name="BaseInterchangeToAggregate.Output_parsed_core_interchange" fullname="EdFi.Ods.XsdParsing.Tests.InterchangeToAggregate.When_parsing_Student_Attendance_interchange.BaseInterchangeToAggregate.Output_parsed_core_interchange" methodname="Output_parsed_core_interchange" classname="EdFi.Ods.XsdParsing.Tests.InterchangeToAggregate.When_parsing_Student_Attendance_interchange" runstate="Runnable" result="Passed" duration="0.037747" asserts="0" />
                <test-case id="8-1131" name="BaseInterchangeToAggregate.Output_parsed_extension_interchange" fullname="EdFi.Ods.XsdParsing.Tests.InterchangeToAggregate.When_parsing_Student_Attendance_interchange.BaseInterchangeToAggregate.Output_parsed_extension_interchange" methodname="Output_parsed_extension_interchange" classname="EdFi.Ods.XsdParsing.Tests.InterchangeToAggregate.When_parsing_Student_Attendance_interchange" runstate="Runnable" result="Passed" duration="0.000075" asserts="0" />
                <test-case id="8-1126" name="BaseInterchangeToAggregate.Should_match_all_elements" fullname="EdFi.Ods.XsdParsing.Tests.InterchangeToAggregate.When_parsing_Student_Attendance_interchange.BaseInterchangeToAggregate.Should_match_all_elements" methodname="Should_match_all_elements" classname="EdFi.Ods.XsdParsing.Tests.InterchangeToAggregate.When_parsing_Student_Attendance_interchange" runstate="Runnable" result="Passed" duration="0.000855" asserts="0" />
                <test-case id="8-1129" name="BaseInterchangeToAggregate.Should_match_element_decimal_format" fullname="EdFi.Ods.XsdParsing.Tests.InterchangeToAggregate.When_parsing_Student_Attendance_interchange.BaseInterchangeToAggregate.Should_match_element_decimal_format" methodname="Should_match_element_decimal_format" classname="EdFi.Ods.XsdParsing.Tests.InterchangeToAggregate.When_parsing_Student_Attendance_interchange" runstate="Runnable" result="Passed" duration="0.003719" asserts="0" />
                <test-case id="8-1128" name="BaseInterchangeToAggregate.Should_match_element_string_lengths" fullname="EdFi.Ods.XsdParsing.Tests.InterchangeToAggregate.When_parsing_Student_Attendance_interchange.BaseInterchangeToAggregate.Should_match_element_string_lengths" methodname="Should_match_element_string_lengths" classname="EdFi.Ods.XsdParsing.Tests.InterchangeToAggregate.When_parsing_Student_Attendance_interchange" runstate="Runnable" result="Passed" duration="0.005115" asserts="0" />
                <test-case id="8-1127" name="BaseInterchangeToAggregate.Should_match_required_elements" fullname="EdFi.Ods.XsdParsing.Tests.InterchangeToAggregate.When_parsing_Student_Attendance_interchange.BaseInterchangeToAggregate.Should_match_required_elements" methodname="Should_match_required_elements" classname="EdFi.Ods.XsdParsing.Tests.InterchangeToAggregate.When_parsing_Student_Attendance_interchange" runstate="Runnable" result="Passed" duration="0.012157" asserts="0" />
                <test-case id="8-1125" name="BaseInterchangeToAggregate.Should_parse_collections_to_matching_entity_types_and_properties" fullname="EdFi.Ods.XsdParsing.Tests.InterchangeToAggregate.When_parsing_Student_Attendance_interchange.BaseInterchangeToAggregate.Should_parse_collections_to_matching_entity_types_and_properties" methodname="Should_parse_collections_to_matching_entity_types_and_properties" classname="EdFi.Ods.XsdParsing.Tests.InterchangeToAggregate.When_parsing_Student_Attendance_interchange" runstate="Runnable" result="Passed" duration="0.001315" asserts="0" />
                <test-case id="8-1124" name="BaseInterchangeToAggregate.Should_parse_element_types_to_matching_entity_property_types" fullname="EdFi.Ods.XsdParsing.Tests.InterchangeToAggregate.When_parsing_Student_Attendance_interchange.BaseInterchangeToAggregate.Should_parse_element_types_to_matching_entity_property_types" methodname="Should_parse_element_types_to_matching_entity_property_types" classname="EdFi.Ods.XsdParsing.Tests.InterchangeToAggregate.When_parsing_Student_Attendance_interchange" runstate="Runnable" result="Passed" duration="0.002735" asserts="0" />
                <test-case id="8-1123" name="BaseInterchangeToAggregate.Should_parse_elements_to_entity_properties" fullname="EdFi.Ods.XsdParsing.Tests.InterchangeToAggregate.When_parsing_Student_Attendance_interchange.BaseInterchangeToAggregate.Should_parse_elements_to_entity_properties" methodname="Should_parse_elements_to_entity_properties" classname="EdFi.Ods.XsdParsing.Tests.InterchangeToAggregate.When_parsing_Student_Attendance_interchange" runstate="Runnable" result="Passed" duration="0.002710" asserts="0" />
                <test-case id="8-1121" name="BaseInterchangeToAggregate.Should_parse_elements_to_existing_resource_class" fullname="EdFi.Ods.XsdParsing.Tests.InterchangeToAggregate.When_parsing_Student_Attendance_interchange.BaseInterchangeToAggregate.Should_parse_elements_to_existing_resource_class" methodname="Should_parse_elements_to_existing_resource_class" classname="EdFi.Ods.XsdParsing.Tests.InterchangeToAggregate.When_parsing_Student_Attendance_interchange" runstate="Runnable" result="Passed" duration="0.010880" asserts="0" />
                <test-case id="8-1122" name="BaseInterchangeToAggregate.Should_parse_types_to_entity_interfaces" fullname="EdFi.Ods.XsdParsing.Tests.InterchangeToAggregate.When_parsing_Student_Attendance_interchange.BaseInterchangeToAggregate.Should_parse_types_to_entity_interfaces" methodname="Should_parse_types_to_entity_interfaces" classname="EdFi.Ods.XsdParsing.Tests.InterchangeToAggregate.When_parsing_Student_Attendance_interchange" runstate="Runnable" result="Passed" duration="0.001775" asserts="0" />
              </test-suite>
              <test-suite type="TestFixture" id="8-1132" name="When_parsing_Student_Cohort_interchange" fullname="EdFi.Ods.XsdParsing.Tests.InterchangeToAggregate.When_parsing_Student_Cohort_interchange" classname="EdFi.Ods.XsdParsing.Tests.InterchangeToAggregate.When_parsing_Student_Cohort_interchange" runstate="Runnable" testcasecount="11" result="Passed" duration="0.110982" total="11" passed="0" failed="0" inconclusive="0" skipped="0" asserts="0">
                <test-case id="8-1142" name="BaseInterchangeToAggregate.Output_parsed_core_interchange" fullname="EdFi.Ods.XsdParsing.Tests.InterchangeToAggregate.When_parsing_Student_Cohort_interchange.BaseInterchangeToAggregate.Output_parsed_core_interchange" methodname="Output_parsed_core_interchange" classname="EdFi.Ods.XsdParsing.Tests.InterchangeToAggregate.When_parsing_Student_Cohort_interchange" runstate="Runnable" result="Passed" duration="0.033466" asserts="0" />
                <test-case id="8-1143" name="BaseInterchangeToAggregate.Output_parsed_extension_interchange" fullname="EdFi.Ods.XsdParsing.Tests.InterchangeToAggregate.When_parsing_Student_Cohort_interchange.BaseInterchangeToAggregate.Output_parsed_extension_interchange" methodname="Output_parsed_extension_interchange" classname="EdFi.Ods.XsdParsing.Tests.InterchangeToAggregate.When_parsing_Student_Cohort_interchange" runstate="Runnable" result="Passed" duration="0.000060" asserts="0" />
                <test-case id="8-1138" name="BaseInterchangeToAggregate.Should_match_all_elements" fullname="EdFi.Ods.XsdParsing.Tests.InterchangeToAggregate.When_parsing_Student_Cohort_interchange.BaseInterchangeToAggregate.Should_match_all_elements" methodname="Should_match_all_elements" classname="EdFi.Ods.XsdParsing.Tests.InterchangeToAggregate.When_parsing_Student_Cohort_interchange" runstate="Runnable" result="Passed" duration="0.000460" asserts="0" />
                <test-case id="8-1141" name="BaseInterchangeToAggregate.Should_match_element_decimal_format" fullname="EdFi.Ods.XsdParsing.Tests.InterchangeToAggregate.When_parsing_Student_Cohort_interchange.BaseInterchangeToAggregate.Should_match_element_decimal_format" methodname="Should_match_element_decimal_format" classname="EdFi.Ods.XsdParsing.Tests.InterchangeToAggregate.When_parsing_Student_Cohort_interchange" runstate="Runnable" result="Passed" duration="0.000057" asserts="0" />
                <test-case id="8-1140" name="BaseInterchangeToAggregate.Should_match_element_string_lengths" fullname="EdFi.Ods.XsdParsing.Tests.InterchangeToAggregate.When_parsing_Student_Cohort_interchange.BaseInterchangeToAggregate.Should_match_element_string_lengths" methodname="Should_match_element_string_lengths" classname="EdFi.Ods.XsdParsing.Tests.InterchangeToAggregate.When_parsing_Student_Cohort_interchange" runstate="Runnable" result="Passed" duration="0.006608" asserts="0" />
                <test-case id="8-1139" name="BaseInterchangeToAggregate.Should_match_required_elements" fullname="EdFi.Ods.XsdParsing.Tests.InterchangeToAggregate.When_parsing_Student_Cohort_interchange.BaseInterchangeToAggregate.Should_match_required_elements" methodname="Should_match_required_elements" classname="EdFi.Ods.XsdParsing.Tests.InterchangeToAggregate.When_parsing_Student_Cohort_interchange" runstate="Runnable" result="Passed" duration="0.007658" asserts="0" />
                <test-case id="8-1137" name="BaseInterchangeToAggregate.Should_parse_collections_to_matching_entity_types_and_properties" fullname="EdFi.Ods.XsdParsing.Tests.InterchangeToAggregate.When_parsing_Student_Cohort_interchange.BaseInterchangeToAggregate.Should_parse_collections_to_matching_entity_types_and_properties" methodname="Should_parse_collections_to_matching_entity_types_and_properties" classname="EdFi.Ods.XsdParsing.Tests.InterchangeToAggregate.When_parsing_Student_Cohort_interchange" runstate="Runnable" result="Passed" duration="0.000814" asserts="0" />
                <test-case id="8-1136" name="BaseInterchangeToAggregate.Should_parse_element_types_to_matching_entity_property_types" fullname="EdFi.Ods.XsdParsing.Tests.InterchangeToAggregate.When_parsing_Student_Cohort_interchange.BaseInterchangeToAggregate.Should_parse_element_types_to_matching_entity_property_types" methodname="Should_parse_element_types_to_matching_entity_property_types" classname="EdFi.Ods.XsdParsing.Tests.InterchangeToAggregate.When_parsing_Student_Cohort_interchange" runstate="Runnable" result="Passed" duration="0.001597" asserts="0" />
                <test-case id="8-1135" name="BaseInterchangeToAggregate.Should_parse_elements_to_entity_properties" fullname="EdFi.Ods.XsdParsing.Tests.InterchangeToAggregate.When_parsing_Student_Cohort_interchange.BaseInterchangeToAggregate.Should_parse_elements_to_entity_properties" methodname="Should_parse_elements_to_entity_properties" classname="EdFi.Ods.XsdParsing.Tests.InterchangeToAggregate.When_parsing_Student_Cohort_interchange" runstate="Runnable" result="Passed" duration="0.001561" asserts="0" />
                <test-case id="8-1133" name="BaseInterchangeToAggregate.Should_parse_elements_to_existing_resource_class" fullname="EdFi.Ods.XsdParsing.Tests.InterchangeToAggregate.When_parsing_Student_Cohort_interchange.BaseInterchangeToAggregate.Should_parse_elements_to_existing_resource_class" methodname="Should_parse_elements_to_existing_resource_class" classname="EdFi.Ods.XsdParsing.Tests.InterchangeToAggregate.When_parsing_Student_Cohort_interchange" runstate="Runnable" result="Passed" duration="0.004290" asserts="0" />
                <test-case id="8-1134" name="BaseInterchangeToAggregate.Should_parse_types_to_entity_interfaces" fullname="EdFi.Ods.XsdParsing.Tests.InterchangeToAggregate.When_parsing_Student_Cohort_interchange.BaseInterchangeToAggregate.Should_parse_types_to_entity_interfaces" methodname="Should_parse_types_to_entity_interfaces" classname="EdFi.Ods.XsdParsing.Tests.InterchangeToAggregate.When_parsing_Student_Cohort_interchange" runstate="Runnable" result="Passed" duration="0.000915" asserts="0" />
              </test-suite>
              <test-suite type="TestFixture" id="8-1144" name="When_parsing_Student_Discipline_interchange" fullname="EdFi.Ods.XsdParsing.Tests.InterchangeToAggregate.When_parsing_Student_Discipline_interchange" classname="EdFi.Ods.XsdParsing.Tests.InterchangeToAggregate.When_parsing_Student_Discipline_interchange" runstate="Runnable" testcasecount="11" result="Passed" duration="0.118378" total="11" passed="0" failed="0" inconclusive="0" skipped="0" asserts="0">
                <test-case id="8-1154" name="BaseInterchangeToAggregate.Output_parsed_core_interchange" fullname="EdFi.Ods.XsdParsing.Tests.InterchangeToAggregate.When_parsing_Student_Discipline_interchange.BaseInterchangeToAggregate.Output_parsed_core_interchange" methodname="Output_parsed_core_interchange" classname="EdFi.Ods.XsdParsing.Tests.InterchangeToAggregate.When_parsing_Student_Discipline_interchange" runstate="Runnable" result="Passed" duration="0.031648" asserts="0" />
                <test-case id="8-1155" name="BaseInterchangeToAggregate.Output_parsed_extension_interchange" fullname="EdFi.Ods.XsdParsing.Tests.InterchangeToAggregate.When_parsing_Student_Discipline_interchange.BaseInterchangeToAggregate.Output_parsed_extension_interchange" methodname="Output_parsed_extension_interchange" classname="EdFi.Ods.XsdParsing.Tests.InterchangeToAggregate.When_parsing_Student_Discipline_interchange" runstate="Runnable" result="Passed" duration="0.000073" asserts="0" />
                <test-case id="8-1150" name="BaseInterchangeToAggregate.Should_match_all_elements" fullname="EdFi.Ods.XsdParsing.Tests.InterchangeToAggregate.When_parsing_Student_Discipline_interchange.BaseInterchangeToAggregate.Should_match_all_elements" methodname="Should_match_all_elements" classname="EdFi.Ods.XsdParsing.Tests.InterchangeToAggregate.When_parsing_Student_Discipline_interchange" runstate="Runnable" result="Passed" duration="0.000620" asserts="0" />
                <test-case id="8-1153" name="BaseInterchangeToAggregate.Should_match_element_decimal_format" fullname="EdFi.Ods.XsdParsing.Tests.InterchangeToAggregate.When_parsing_Student_Discipline_interchange.BaseInterchangeToAggregate.Should_match_element_decimal_format" methodname="Should_match_element_decimal_format" classname="EdFi.Ods.XsdParsing.Tests.InterchangeToAggregate.When_parsing_Student_Discipline_interchange" runstate="Runnable" result="Passed" duration="0.005680" asserts="0" />
                <test-case id="8-1152" name="BaseInterchangeToAggregate.Should_match_element_string_lengths" fullname="EdFi.Ods.XsdParsing.Tests.InterchangeToAggregate.When_parsing_Student_Discipline_interchange.BaseInterchangeToAggregate.Should_match_element_string_lengths" methodname="Should_match_element_string_lengths" classname="EdFi.Ods.XsdParsing.Tests.InterchangeToAggregate.When_parsing_Student_Discipline_interchange" runstate="Runnable" result="Passed" duration="0.003666" asserts="0" />
                <test-case id="8-1151" name="BaseInterchangeToAggregate.Should_match_required_elements" fullname="EdFi.Ods.XsdParsing.Tests.InterchangeToAggregate.When_parsing_Student_Discipline_interchange.BaseInterchangeToAggregate.Should_match_required_elements" methodname="Should_match_required_elements" classname="EdFi.Ods.XsdParsing.Tests.InterchangeToAggregate.When_parsing_Student_Discipline_interchange" runstate="Runnable" result="Passed" duration="0.006333" asserts="0" />
                <test-case id="8-1149" name="BaseInterchangeToAggregate.Should_parse_collections_to_matching_entity_types_and_properties" fullname="EdFi.Ods.XsdParsing.Tests.InterchangeToAggregate.When_parsing_Student_Discipline_interchange.BaseInterchangeToAggregate.Should_parse_collections_to_matching_entity_types_and_properties" methodname="Should_parse_collections_to_matching_entity_types_and_properties" classname="EdFi.Ods.XsdParsing.Tests.InterchangeToAggregate.When_parsing_Student_Discipline_interchange" runstate="Runnable" result="Passed" duration="0.001121" asserts="0" />
                <test-case id="8-1148" name="BaseInterchangeToAggregate.Should_parse_element_types_to_matching_entity_property_types" fullname="EdFi.Ods.XsdParsing.Tests.InterchangeToAggregate.When_parsing_Student_Discipline_interchange.BaseInterchangeToAggregate.Should_parse_element_types_to_matching_entity_property_types" methodname="Should_parse_element_types_to_matching_entity_property_types" classname="EdFi.Ods.XsdParsing.Tests.InterchangeToAggregate.When_parsing_Student_Discipline_interchange" runstate="Runnable" result="Passed" duration="0.002189" asserts="0" />
                <test-case id="8-1147" name="BaseInterchangeToAggregate.Should_parse_elements_to_entity_properties" fullname="EdFi.Ods.XsdParsing.Tests.InterchangeToAggregate.When_parsing_Student_Discipline_interchange.BaseInterchangeToAggregate.Should_parse_elements_to_entity_properties" methodname="Should_parse_elements_to_entity_properties" classname="EdFi.Ods.XsdParsing.Tests.InterchangeToAggregate.When_parsing_Student_Discipline_interchange" runstate="Runnable" result="Passed" duration="0.002047" asserts="0" />
                <test-case id="8-1145" name="BaseInterchangeToAggregate.Should_parse_elements_to_existing_resource_class" fullname="EdFi.Ods.XsdParsing.Tests.InterchangeToAggregate.When_parsing_Student_Discipline_interchange.BaseInterchangeToAggregate.Should_parse_elements_to_existing_resource_class" methodname="Should_parse_elements_to_existing_resource_class" classname="EdFi.Ods.XsdParsing.Tests.InterchangeToAggregate.When_parsing_Student_Discipline_interchange" runstate="Runnable" result="Passed" duration="0.003884" asserts="0" />
                <test-case id="8-1146" name="BaseInterchangeToAggregate.Should_parse_types_to_entity_interfaces" fullname="EdFi.Ods.XsdParsing.Tests.InterchangeToAggregate.When_parsing_Student_Discipline_interchange.BaseInterchangeToAggregate.Should_parse_types_to_entity_interfaces" methodname="Should_parse_types_to_entity_interfaces" classname="EdFi.Ods.XsdParsing.Tests.InterchangeToAggregate.When_parsing_Student_Discipline_interchange" runstate="Runnable" result="Passed" duration="0.000732" asserts="0" />
              </test-suite>
              <test-suite type="TestFixture" id="8-1156" name="When_parsing_Student_Enrollment_interchange" fullname="EdFi.Ods.XsdParsing.Tests.InterchangeToAggregate.When_parsing_Student_Enrollment_interchange" classname="EdFi.Ods.XsdParsing.Tests.InterchangeToAggregate.When_parsing_Student_Enrollment_interchange" runstate="Runnable" testcasecount="11" result="Failed" duration="0.197431" total="11" passed="0" failed="0" inconclusive="0" skipped="0" asserts="0">
                <failure>
                  <message><![CDATA[One or more child tests had errors]]></message>
                </failure>
                <test-case id="8-1166" name="BaseInterchangeToAggregate.Output_parsed_core_interchange" fullname="EdFi.Ods.XsdParsing.Tests.InterchangeToAggregate.When_parsing_Student_Enrollment_interchange.BaseInterchangeToAggregate.Output_parsed_core_interchange" methodname="Output_parsed_core_interchange" classname="EdFi.Ods.XsdParsing.Tests.InterchangeToAggregate.When_parsing_Student_Enrollment_interchange" runstate="Runnable" result="Passed" duration="0.000065" asserts="0" />
                <test-case id="8-1167" name="BaseInterchangeToAggregate.Output_parsed_extension_interchange" fullname="EdFi.Ods.XsdParsing.Tests.InterchangeToAggregate.When_parsing_Student_Enrollment_interchange.BaseInterchangeToAggregate.Output_parsed_extension_interchange" methodname="Output_parsed_extension_interchange" classname="EdFi.Ods.XsdParsing.Tests.InterchangeToAggregate.When_parsing_Student_Enrollment_interchange" runstate="Runnable" result="Passed" duration="0.030447" asserts="0" />
                <test-case id="8-1162" name="BaseInterchangeToAggregate.Should_match_all_elements" fullname="EdFi.Ods.XsdParsing.Tests.InterchangeToAggregate.When_parsing_Student_Enrollment_interchange.BaseInterchangeToAggregate.Should_match_all_elements" methodname="Should_match_all_elements" classname="EdFi.Ods.XsdParsing.Tests.InterchangeToAggregate.When_parsing_Student_Enrollment_interchange" runstate="Runnable" result="Passed" duration="0.001558" asserts="0" />
                <test-case id="8-1165" name="BaseInterchangeToAggregate.Should_match_element_decimal_format" fullname="EdFi.Ods.XsdParsing.Tests.InterchangeToAggregate.When_parsing_Student_Enrollment_interchange.BaseInterchangeToAggregate.Should_match_element_decimal_format" methodname="Should_match_element_decimal_format" classname="EdFi.Ods.XsdParsing.Tests.InterchangeToAggregate.When_parsing_Student_Enrollment_interchange" runstate="Runnable" result="Passed" duration="0.003119" asserts="0" />
                <test-case id="8-1164" name="BaseInterchangeToAggregate.Should_match_element_string_lengths" fullname="EdFi.Ods.XsdParsing.Tests.InterchangeToAggregate.When_parsing_Student_Enrollment_interchange.BaseInterchangeToAggregate.Should_match_element_string_lengths" methodname="Should_match_element_string_lengths" classname="EdFi.Ods.XsdParsing.Tests.InterchangeToAggregate.When_parsing_Student_Enrollment_interchange" runstate="Runnable" result="Passed" duration="0.004336" asserts="0" />
                <test-case id="8-1163" name="BaseInterchangeToAggregate.Should_match_required_elements" fullname="EdFi.Ods.XsdParsing.Tests.InterchangeToAggregate.When_parsing_Student_Enrollment_interchange.BaseInterchangeToAggregate.Should_match_required_elements" methodname="Should_match_required_elements" classname="EdFi.Ods.XsdParsing.Tests.InterchangeToAggregate.When_parsing_Student_Enrollment_interchange" runstate="Runnable" result="Passed" duration="0.012237" asserts="0" />
                <test-case id="8-1161" name="BaseInterchangeToAggregate.Should_parse_collections_to_matching_entity_types_and_properties" fullname="EdFi.Ods.XsdParsing.Tests.InterchangeToAggregate.When_parsing_Student_Enrollment_interchange.BaseInterchangeToAggregate.Should_parse_collections_to_matching_entity_types_and_properties" methodname="Should_parse_collections_to_matching_entity_types_and_properties" classname="EdFi.Ods.XsdParsing.Tests.InterchangeToAggregate.When_parsing_Student_Enrollment_interchange" runstate="Runnable" result="Passed" duration="0.023728" asserts="0" />
                <test-case id="8-1160" name="BaseInterchangeToAggregate.Should_parse_element_types_to_matching_entity_property_types" fullname="EdFi.Ods.XsdParsing.Tests.InterchangeToAggregate.When_parsing_Student_Enrollment_interchange.BaseInterchangeToAggregate.Should_parse_element_types_to_matching_entity_property_types" methodname="Should_parse_element_types_to_matching_entity_property_types" classname="EdFi.Ods.XsdParsing.Tests.InterchangeToAggregate.When_parsing_Student_Enrollment_interchange" runstate="Runnable" result="Failed" duration="0.039736" asserts="0">
                  <failure>
                    <message><![CDATA[---------- Extension Interchange ---------
SchoolIdentityType	SchoolId	Int	Int Type Code	EdFi.Ods.Api.Models.Resources.StudentSchoolAssociation.EdFi.StudentSchoolAssociation	IStudentSchoolAssociation	SchoolId	Int32?	True	True	False	True
]]></message>
                    <stack-trace><![CDATA[   at NUnit.Framework.Assert.Fail(String message, Object[] args)
   at EdFi.Ods.XsdParsing.Tests.InterchangeToAggregate.BaseInterchangeToAggregate.ValidatePropertiesInInterchange(Func`2 validate) in D:\Projects\Ed-Fi-Alliance\Ed-Fi-ODS\Application\EdFi.Ods.XsdParsing.Tests\InterchangeToAggregate\BaseInterchangeToAggregate.cs:line 574]]></stack-trace>
                  </failure>
                </test-case>
                <test-case id="8-1159" name="BaseInterchangeToAggregate.Should_parse_elements_to_entity_properties" fullname="EdFi.Ods.XsdParsing.Tests.InterchangeToAggregate.When_parsing_Student_Enrollment_interchange.BaseInterchangeToAggregate.Should_parse_elements_to_entity_properties" methodname="Should_parse_elements_to_entity_properties" classname="EdFi.Ods.XsdParsing.Tests.InterchangeToAggregate.When_parsing_Student_Enrollment_interchange" runstate="Runnable" result="Passed" duration="0.004113" asserts="0" />
                <test-case id="8-1157" name="BaseInterchangeToAggregate.Should_parse_elements_to_existing_resource_class" fullname="EdFi.Ods.XsdParsing.Tests.InterchangeToAggregate.When_parsing_Student_Enrollment_interchange.BaseInterchangeToAggregate.Should_parse_elements_to_existing_resource_class" methodname="Should_parse_elements_to_existing_resource_class" classname="EdFi.Ods.XsdParsing.Tests.InterchangeToAggregate.When_parsing_Student_Enrollment_interchange" runstate="Runnable" result="Passed" duration="0.007376" asserts="0" />
                <test-case id="8-1158" name="BaseInterchangeToAggregate.Should_parse_types_to_entity_interfaces" fullname="EdFi.Ods.XsdParsing.Tests.InterchangeToAggregate.When_parsing_Student_Enrollment_interchange.BaseInterchangeToAggregate.Should_parse_types_to_entity_interfaces" methodname="Should_parse_types_to_entity_interfaces" classname="EdFi.Ods.XsdParsing.Tests.InterchangeToAggregate.When_parsing_Student_Enrollment_interchange" runstate="Runnable" result="Passed" duration="0.001621" asserts="0" />
              </test-suite>
              <test-suite type="TestFixture" id="8-1168" name="When_parsing_Student_Grade_interchange" fullname="EdFi.Ods.XsdParsing.Tests.InterchangeToAggregate.When_parsing_Student_Grade_interchange" classname="EdFi.Ods.XsdParsing.Tests.InterchangeToAggregate.When_parsing_Student_Grade_interchange" runstate="Runnable" testcasecount="11" result="Passed" duration="0.220295" total="11" passed="0" failed="0" inconclusive="0" skipped="0" asserts="0">
                <test-case id="8-1178" name="BaseInterchangeToAggregate.Output_parsed_core_interchange" fullname="EdFi.Ods.XsdParsing.Tests.InterchangeToAggregate.When_parsing_Student_Grade_interchange.BaseInterchangeToAggregate.Output_parsed_core_interchange" methodname="Output_parsed_core_interchange" classname="EdFi.Ods.XsdParsing.Tests.InterchangeToAggregate.When_parsing_Student_Grade_interchange" runstate="Runnable" result="Passed" duration="0.064057" asserts="0" />
                <test-case id="8-1179" name="BaseInterchangeToAggregate.Output_parsed_extension_interchange" fullname="EdFi.Ods.XsdParsing.Tests.InterchangeToAggregate.When_parsing_Student_Grade_interchange.BaseInterchangeToAggregate.Output_parsed_extension_interchange" methodname="Output_parsed_extension_interchange" classname="EdFi.Ods.XsdParsing.Tests.InterchangeToAggregate.When_parsing_Student_Grade_interchange" runstate="Runnable" result="Passed" duration="0.000080" asserts="0" />
                <test-case id="8-1174" name="BaseInterchangeToAggregate.Should_match_all_elements" fullname="EdFi.Ods.XsdParsing.Tests.InterchangeToAggregate.When_parsing_Student_Grade_interchange.BaseInterchangeToAggregate.Should_match_all_elements" methodname="Should_match_all_elements" classname="EdFi.Ods.XsdParsing.Tests.InterchangeToAggregate.When_parsing_Student_Grade_interchange" runstate="Runnable" result="Passed" duration="0.001251" asserts="0" />
                <test-case id="8-1177" name="BaseInterchangeToAggregate.Should_match_element_decimal_format" fullname="EdFi.Ods.XsdParsing.Tests.InterchangeToAggregate.When_parsing_Student_Grade_interchange.BaseInterchangeToAggregate.Should_match_element_decimal_format" methodname="Should_match_element_decimal_format" classname="EdFi.Ods.XsdParsing.Tests.InterchangeToAggregate.When_parsing_Student_Grade_interchange" runstate="Runnable" result="Passed" duration="0.003661" asserts="0" />
                <test-case id="8-1176" name="BaseInterchangeToAggregate.Should_match_element_string_lengths" fullname="EdFi.Ods.XsdParsing.Tests.InterchangeToAggregate.When_parsing_Student_Grade_interchange.BaseInterchangeToAggregate.Should_match_element_string_lengths" methodname="Should_match_element_string_lengths" classname="EdFi.Ods.XsdParsing.Tests.InterchangeToAggregate.When_parsing_Student_Grade_interchange" runstate="Runnable" result="Passed" duration="0.011404" asserts="0" />
                <test-case id="8-1175" name="BaseInterchangeToAggregate.Should_match_required_elements" fullname="EdFi.Ods.XsdParsing.Tests.InterchangeToAggregate.When_parsing_Student_Grade_interchange.BaseInterchangeToAggregate.Should_match_required_elements" methodname="Should_match_required_elements" classname="EdFi.Ods.XsdParsing.Tests.InterchangeToAggregate.When_parsing_Student_Grade_interchange" runstate="Runnable" result="Passed" duration="0.025312" asserts="0" />
                <test-case id="8-1173" name="BaseInterchangeToAggregate.Should_parse_collections_to_matching_entity_types_and_properties" fullname="EdFi.Ods.XsdParsing.Tests.InterchangeToAggregate.When_parsing_Student_Grade_interchange.BaseInterchangeToAggregate.Should_parse_collections_to_matching_entity_types_and_properties" methodname="Should_parse_collections_to_matching_entity_types_and_properties" classname="EdFi.Ods.XsdParsing.Tests.InterchangeToAggregate.When_parsing_Student_Grade_interchange" runstate="Runnable" result="Passed" duration="0.004642" asserts="0" />
                <test-case id="8-1172" name="BaseInterchangeToAggregate.Should_parse_element_types_to_matching_entity_property_types" fullname="EdFi.Ods.XsdParsing.Tests.InterchangeToAggregate.When_parsing_Student_Grade_interchange.BaseInterchangeToAggregate.Should_parse_element_types_to_matching_entity_property_types" methodname="Should_parse_element_types_to_matching_entity_property_types" classname="EdFi.Ods.XsdParsing.Tests.InterchangeToAggregate.When_parsing_Student_Grade_interchange" runstate="Runnable" result="Passed" duration="0.006587" asserts="0" />
                <test-case id="8-1171" name="BaseInterchangeToAggregate.Should_parse_elements_to_entity_properties" fullname="EdFi.Ods.XsdParsing.Tests.InterchangeToAggregate.When_parsing_Student_Grade_interchange.BaseInterchangeToAggregate.Should_parse_elements_to_entity_properties" methodname="Should_parse_elements_to_entity_properties" classname="EdFi.Ods.XsdParsing.Tests.InterchangeToAggregate.When_parsing_Student_Grade_interchange" runstate="Runnable" result="Passed" duration="0.006697" asserts="0" />
                <test-case id="8-1169" name="BaseInterchangeToAggregate.Should_parse_elements_to_existing_resource_class" fullname="EdFi.Ods.XsdParsing.Tests.InterchangeToAggregate.When_parsing_Student_Grade_interchange.BaseInterchangeToAggregate.Should_parse_elements_to_existing_resource_class" methodname="Should_parse_elements_to_existing_resource_class" classname="EdFi.Ods.XsdParsing.Tests.InterchangeToAggregate.When_parsing_Student_Grade_interchange" runstate="Runnable" result="Passed" duration="0.017054" asserts="0" />
                <test-case id="8-1170" name="BaseInterchangeToAggregate.Should_parse_types_to_entity_interfaces" fullname="EdFi.Ods.XsdParsing.Tests.InterchangeToAggregate.When_parsing_Student_Grade_interchange.BaseInterchangeToAggregate.Should_parse_types_to_entity_interfaces" methodname="Should_parse_types_to_entity_interfaces" classname="EdFi.Ods.XsdParsing.Tests.InterchangeToAggregate.When_parsing_Student_Grade_interchange" runstate="Runnable" result="Passed" duration="0.002857" asserts="0" />
              </test-suite>
              <test-suite type="TestFixture" id="8-1180" name="When_parsing_Student_Gradebook_interchange" fullname="EdFi.Ods.XsdParsing.Tests.InterchangeToAggregate.When_parsing_Student_Gradebook_interchange" classname="EdFi.Ods.XsdParsing.Tests.InterchangeToAggregate.When_parsing_Student_Gradebook_interchange" runstate="Runnable" testcasecount="11" result="Passed" duration="0.109877" total="11" passed="0" failed="0" inconclusive="0" skipped="0" asserts="0">
                <test-case id="8-1190" name="BaseInterchangeToAggregate.Output_parsed_core_interchange" fullname="EdFi.Ods.XsdParsing.Tests.InterchangeToAggregate.When_parsing_Student_Gradebook_interchange.BaseInterchangeToAggregate.Output_parsed_core_interchange" methodname="Output_parsed_core_interchange" classname="EdFi.Ods.XsdParsing.Tests.InterchangeToAggregate.When_parsing_Student_Gradebook_interchange" runstate="Runnable" result="Passed" duration="0.022535" asserts="0" />
                <test-case id="8-1191" name="BaseInterchangeToAggregate.Output_parsed_extension_interchange" fullname="EdFi.Ods.XsdParsing.Tests.InterchangeToAggregate.When_parsing_Student_Gradebook_interchange.BaseInterchangeToAggregate.Output_parsed_extension_interchange" methodname="Output_parsed_extension_interchange" classname="EdFi.Ods.XsdParsing.Tests.InterchangeToAggregate.When_parsing_Student_Gradebook_interchange" runstate="Runnable" result="Passed" duration="0.000077" asserts="0" />
                <test-case id="8-1186" name="BaseInterchangeToAggregate.Should_match_all_elements" fullname="EdFi.Ods.XsdParsing.Tests.InterchangeToAggregate.When_parsing_Student_Gradebook_interchange.BaseInterchangeToAggregate.Should_match_all_elements" methodname="Should_match_all_elements" classname="EdFi.Ods.XsdParsing.Tests.InterchangeToAggregate.When_parsing_Student_Gradebook_interchange" runstate="Runnable" result="Passed" duration="0.000483" asserts="0" />
                <test-case id="8-1189" name="BaseInterchangeToAggregate.Should_match_element_decimal_format" fullname="EdFi.Ods.XsdParsing.Tests.InterchangeToAggregate.When_parsing_Student_Gradebook_interchange.BaseInterchangeToAggregate.Should_match_element_decimal_format" methodname="Should_match_element_decimal_format" classname="EdFi.Ods.XsdParsing.Tests.InterchangeToAggregate.When_parsing_Student_Gradebook_interchange" runstate="Runnable" result="Passed" duration="0.001328" asserts="0" />
                <test-case id="8-1188" name="BaseInterchangeToAggregate.Should_match_element_string_lengths" fullname="EdFi.Ods.XsdParsing.Tests.InterchangeToAggregate.When_parsing_Student_Gradebook_interchange.BaseInterchangeToAggregate.Should_match_element_string_lengths" methodname="Should_match_element_string_lengths" classname="EdFi.Ods.XsdParsing.Tests.InterchangeToAggregate.When_parsing_Student_Gradebook_interchange" runstate="Runnable" result="Passed" duration="0.008469" asserts="0" />
                <test-case id="8-1187" name="BaseInterchangeToAggregate.Should_match_required_elements" fullname="EdFi.Ods.XsdParsing.Tests.InterchangeToAggregate.When_parsing_Student_Gradebook_interchange.BaseInterchangeToAggregate.Should_match_required_elements" methodname="Should_match_required_elements" classname="EdFi.Ods.XsdParsing.Tests.InterchangeToAggregate.When_parsing_Student_Gradebook_interchange" runstate="Runnable" result="Passed" duration="0.008585" asserts="0" />
                <test-case id="8-1185" name="BaseInterchangeToAggregate.Should_parse_collections_to_matching_entity_types_and_properties" fullname="EdFi.Ods.XsdParsing.Tests.InterchangeToAggregate.When_parsing_Student_Gradebook_interchange.BaseInterchangeToAggregate.Should_parse_collections_to_matching_entity_types_and_properties" methodname="Should_parse_collections_to_matching_entity_types_and_properties" classname="EdFi.Ods.XsdParsing.Tests.InterchangeToAggregate.When_parsing_Student_Gradebook_interchange" runstate="Runnable" result="Passed" duration="0.000977" asserts="0" />
                <test-case id="8-1184" name="BaseInterchangeToAggregate.Should_parse_element_types_to_matching_entity_property_types" fullname="EdFi.Ods.XsdParsing.Tests.InterchangeToAggregate.When_parsing_Student_Gradebook_interchange.BaseInterchangeToAggregate.Should_parse_element_types_to_matching_entity_property_types" methodname="Should_parse_element_types_to_matching_entity_property_types" classname="EdFi.Ods.XsdParsing.Tests.InterchangeToAggregate.When_parsing_Student_Gradebook_interchange" runstate="Runnable" result="Passed" duration="0.002106" asserts="0" />
                <test-case id="8-1183" name="BaseInterchangeToAggregate.Should_parse_elements_to_entity_properties" fullname="EdFi.Ods.XsdParsing.Tests.InterchangeToAggregate.When_parsing_Student_Gradebook_interchange.BaseInterchangeToAggregate.Should_parse_elements_to_entity_properties" methodname="Should_parse_elements_to_entity_properties" classname="EdFi.Ods.XsdParsing.Tests.InterchangeToAggregate.When_parsing_Student_Gradebook_interchange" runstate="Runnable" result="Passed" duration="0.002229" asserts="0" />
                <test-case id="8-1181" name="BaseInterchangeToAggregate.Should_parse_elements_to_existing_resource_class" fullname="EdFi.Ods.XsdParsing.Tests.InterchangeToAggregate.When_parsing_Student_Gradebook_interchange.BaseInterchangeToAggregate.Should_parse_elements_to_existing_resource_class" methodname="Should_parse_elements_to_existing_resource_class" classname="EdFi.Ods.XsdParsing.Tests.InterchangeToAggregate.When_parsing_Student_Gradebook_interchange" runstate="Runnable" result="Passed" duration="0.005354" asserts="0" />
                <test-case id="8-1182" name="BaseInterchangeToAggregate.Should_parse_types_to_entity_interfaces" fullname="EdFi.Ods.XsdParsing.Tests.InterchangeToAggregate.When_parsing_Student_Gradebook_interchange.BaseInterchangeToAggregate.Should_parse_types_to_entity_interfaces" methodname="Should_parse_types_to_entity_interfaces" classname="EdFi.Ods.XsdParsing.Tests.InterchangeToAggregate.When_parsing_Student_Gradebook_interchange" runstate="Runnable" result="Passed" duration="0.001376" asserts="0" />
              </test-suite>
              <test-suite type="TestFixture" id="8-1204" name="When_parsing_Student_interchange" fullname="EdFi.Ods.XsdParsing.Tests.InterchangeToAggregate.When_parsing_Student_interchange" classname="EdFi.Ods.XsdParsing.Tests.InterchangeToAggregate.When_parsing_Student_interchange" runstate="Runnable" testcasecount="11" result="Passed" duration="0.177447" total="11" passed="0" failed="0" inconclusive="0" skipped="0" asserts="0">
                <test-case id="8-1214" name="BaseInterchangeToAggregate.Output_parsed_core_interchange" fullname="EdFi.Ods.XsdParsing.Tests.InterchangeToAggregate.When_parsing_Student_interchange.BaseInterchangeToAggregate.Output_parsed_core_interchange" methodname="Output_parsed_core_interchange" classname="EdFi.Ods.XsdParsing.Tests.InterchangeToAggregate.When_parsing_Student_interchange" runstate="Runnable" result="Passed" duration="0.032549" asserts="0" />
                <test-case id="8-1215" name="BaseInterchangeToAggregate.Output_parsed_extension_interchange" fullname="EdFi.Ods.XsdParsing.Tests.InterchangeToAggregate.When_parsing_Student_interchange.BaseInterchangeToAggregate.Output_parsed_extension_interchange" methodname="Output_parsed_extension_interchange" classname="EdFi.Ods.XsdParsing.Tests.InterchangeToAggregate.When_parsing_Student_interchange" runstate="Runnable" result="Passed" duration="0.000092" asserts="0" />
                <test-case id="8-1210" name="BaseInterchangeToAggregate.Should_match_all_elements" fullname="EdFi.Ods.XsdParsing.Tests.InterchangeToAggregate.When_parsing_Student_interchange.BaseInterchangeToAggregate.Should_match_all_elements" methodname="Should_match_all_elements" classname="EdFi.Ods.XsdParsing.Tests.InterchangeToAggregate.When_parsing_Student_interchange" runstate="Runnable" result="Passed" duration="0.002057" asserts="0" />
                <test-case id="8-1213" name="BaseInterchangeToAggregate.Should_match_element_decimal_format" fullname="EdFi.Ods.XsdParsing.Tests.InterchangeToAggregate.When_parsing_Student_interchange.BaseInterchangeToAggregate.Should_match_element_decimal_format" methodname="Should_match_element_decimal_format" classname="EdFi.Ods.XsdParsing.Tests.InterchangeToAggregate.When_parsing_Student_interchange" runstate="Runnable" result="Passed" duration="0.000072" asserts="0" />
                <test-case id="8-1212" name="BaseInterchangeToAggregate.Should_match_element_string_lengths" fullname="EdFi.Ods.XsdParsing.Tests.InterchangeToAggregate.When_parsing_Student_interchange.BaseInterchangeToAggregate.Should_match_element_string_lengths" methodname="Should_match_element_string_lengths" classname="EdFi.Ods.XsdParsing.Tests.InterchangeToAggregate.When_parsing_Student_interchange" runstate="Runnable" result="Passed" duration="0.015253" asserts="0" />
                <test-case id="8-1211" name="BaseInterchangeToAggregate.Should_match_required_elements" fullname="EdFi.Ods.XsdParsing.Tests.InterchangeToAggregate.When_parsing_Student_interchange.BaseInterchangeToAggregate.Should_match_required_elements" methodname="Should_match_required_elements" classname="EdFi.Ods.XsdParsing.Tests.InterchangeToAggregate.When_parsing_Student_interchange" runstate="Runnable" result="Passed" duration="0.019163" asserts="0" />
                <test-case id="8-1209" name="BaseInterchangeToAggregate.Should_parse_collections_to_matching_entity_types_and_properties" fullname="EdFi.Ods.XsdParsing.Tests.InterchangeToAggregate.When_parsing_Student_interchange.BaseInterchangeToAggregate.Should_parse_collections_to_matching_entity_types_and_properties" methodname="Should_parse_collections_to_matching_entity_types_and_properties" classname="EdFi.Ods.XsdParsing.Tests.InterchangeToAggregate.When_parsing_Student_interchange" runstate="Runnable" result="Passed" duration="0.003741" asserts="0" />
                <test-case id="8-1208" name="BaseInterchangeToAggregate.Should_parse_element_types_to_matching_entity_property_types" fullname="EdFi.Ods.XsdParsing.Tests.InterchangeToAggregate.When_parsing_Student_interchange.BaseInterchangeToAggregate.Should_parse_element_types_to_matching_entity_property_types" methodname="Should_parse_element_types_to_matching_entity_property_types" classname="EdFi.Ods.XsdParsing.Tests.InterchangeToAggregate.When_parsing_Student_interchange" runstate="Runnable" result="Passed" duration="0.007701" asserts="0" />
                <test-case id="8-1207" name="BaseInterchangeToAggregate.Should_parse_elements_to_entity_properties" fullname="EdFi.Ods.XsdParsing.Tests.InterchangeToAggregate.When_parsing_Student_interchange.BaseInterchangeToAggregate.Should_parse_elements_to_entity_properties" methodname="Should_parse_elements_to_entity_properties" classname="EdFi.Ods.XsdParsing.Tests.InterchangeToAggregate.When_parsing_Student_interchange" runstate="Runnable" result="Passed" duration="0.006049" asserts="0" />
                <test-case id="8-1205" name="BaseInterchangeToAggregate.Should_parse_elements_to_existing_resource_class" fullname="EdFi.Ods.XsdParsing.Tests.InterchangeToAggregate.When_parsing_Student_interchange.BaseInterchangeToAggregate.Should_parse_elements_to_existing_resource_class" methodname="Should_parse_elements_to_existing_resource_class" classname="EdFi.Ods.XsdParsing.Tests.InterchangeToAggregate.When_parsing_Student_interchange" runstate="Runnable" result="Passed" duration="0.003860" asserts="0" />
                <test-case id="8-1206" name="BaseInterchangeToAggregate.Should_parse_types_to_entity_interfaces" fullname="EdFi.Ods.XsdParsing.Tests.InterchangeToAggregate.When_parsing_Student_interchange.BaseInterchangeToAggregate.Should_parse_types_to_entity_interfaces" methodname="Should_parse_types_to_entity_interfaces" classname="EdFi.Ods.XsdParsing.Tests.InterchangeToAggregate.When_parsing_Student_interchange" runstate="Runnable" result="Passed" duration="0.000717" asserts="0" />
              </test-suite>
              <test-suite type="TestFixture" id="8-1192" name="When_parsing_Student_Intervention_interchange" fullname="EdFi.Ods.XsdParsing.Tests.InterchangeToAggregate.When_parsing_Student_Intervention_interchange" classname="EdFi.Ods.XsdParsing.Tests.InterchangeToAggregate.When_parsing_Student_Intervention_interchange" runstate="Runnable" testcasecount="11" result="Passed" duration="0.202605" total="11" passed="0" failed="0" inconclusive="0" skipped="0" asserts="0">
                <test-case id="8-1202" name="BaseInterchangeToAggregate.Output_parsed_core_interchange" fullname="EdFi.Ods.XsdParsing.Tests.InterchangeToAggregate.When_parsing_Student_Intervention_interchange.BaseInterchangeToAggregate.Output_parsed_core_interchange" methodname="Output_parsed_core_interchange" classname="EdFi.Ods.XsdParsing.Tests.InterchangeToAggregate.When_parsing_Student_Intervention_interchange" runstate="Runnable" result="Passed" duration="0.057975" asserts="0" />
                <test-case id="8-1203" name="BaseInterchangeToAggregate.Output_parsed_extension_interchange" fullname="EdFi.Ods.XsdParsing.Tests.InterchangeToAggregate.When_parsing_Student_Intervention_interchange.BaseInterchangeToAggregate.Output_parsed_extension_interchange" methodname="Output_parsed_extension_interchange" classname="EdFi.Ods.XsdParsing.Tests.InterchangeToAggregate.When_parsing_Student_Intervention_interchange" runstate="Runnable" result="Passed" duration="0.000107" asserts="0" />
                <test-case id="8-1198" name="BaseInterchangeToAggregate.Should_match_all_elements" fullname="EdFi.Ods.XsdParsing.Tests.InterchangeToAggregate.When_parsing_Student_Intervention_interchange.BaseInterchangeToAggregate.Should_match_all_elements" methodname="Should_match_all_elements" classname="EdFi.Ods.XsdParsing.Tests.InterchangeToAggregate.When_parsing_Student_Intervention_interchange" runstate="Runnable" result="Passed" duration="0.002727" asserts="0" />
                <test-case id="8-1201" name="BaseInterchangeToAggregate.Should_match_element_decimal_format" fullname="EdFi.Ods.XsdParsing.Tests.InterchangeToAggregate.When_parsing_Student_Intervention_interchange.BaseInterchangeToAggregate.Should_match_element_decimal_format" methodname="Should_match_element_decimal_format" classname="EdFi.Ods.XsdParsing.Tests.InterchangeToAggregate.When_parsing_Student_Intervention_interchange" runstate="Runnable" result="Passed" duration="0.001554" asserts="0" />
                <test-case id="8-1200" name="BaseInterchangeToAggregate.Should_match_element_string_lengths" fullname="EdFi.Ods.XsdParsing.Tests.InterchangeToAggregate.When_parsing_Student_Intervention_interchange.BaseInterchangeToAggregate.Should_match_element_string_lengths" methodname="Should_match_element_string_lengths" classname="EdFi.Ods.XsdParsing.Tests.InterchangeToAggregate.When_parsing_Student_Intervention_interchange" runstate="Runnable" result="Passed" duration="0.008838" asserts="0" />
                <test-case id="8-1199" name="BaseInterchangeToAggregate.Should_match_required_elements" fullname="EdFi.Ods.XsdParsing.Tests.InterchangeToAggregate.When_parsing_Student_Intervention_interchange.BaseInterchangeToAggregate.Should_match_required_elements" methodname="Should_match_required_elements" classname="EdFi.Ods.XsdParsing.Tests.InterchangeToAggregate.When_parsing_Student_Intervention_interchange" runstate="Runnable" result="Passed" duration="0.027275" asserts="0" />
                <test-case id="8-1197" name="BaseInterchangeToAggregate.Should_parse_collections_to_matching_entity_types_and_properties" fullname="EdFi.Ods.XsdParsing.Tests.InterchangeToAggregate.When_parsing_Student_Intervention_interchange.BaseInterchangeToAggregate.Should_parse_collections_to_matching_entity_types_and_properties" methodname="Should_parse_collections_to_matching_entity_types_and_properties" classname="EdFi.Ods.XsdParsing.Tests.InterchangeToAggregate.When_parsing_Student_Intervention_interchange" runstate="Runnable" result="Passed" duration="0.003563" asserts="0" />
                <test-case id="8-1196" name="BaseInterchangeToAggregate.Should_parse_element_types_to_matching_entity_property_types" fullname="EdFi.Ods.XsdParsing.Tests.InterchangeToAggregate.When_parsing_Student_Intervention_interchange.BaseInterchangeToAggregate.Should_parse_element_types_to_matching_entity_property_types" methodname="Should_parse_element_types_to_matching_entity_property_types" classname="EdFi.Ods.XsdParsing.Tests.InterchangeToAggregate.When_parsing_Student_Intervention_interchange" runstate="Runnable" result="Passed" duration="0.008418" asserts="0" />
                <test-case id="8-1195" name="BaseInterchangeToAggregate.Should_parse_elements_to_entity_properties" fullname="EdFi.Ods.XsdParsing.Tests.InterchangeToAggregate.When_parsing_Student_Intervention_interchange.BaseInterchangeToAggregate.Should_parse_elements_to_entity_properties" methodname="Should_parse_elements_to_entity_properties" classname="EdFi.Ods.XsdParsing.Tests.InterchangeToAggregate.When_parsing_Student_Intervention_interchange" runstate="Runnable" result="Passed" duration="0.006150" asserts="0" />
                <test-case id="8-1193" name="BaseInterchangeToAggregate.Should_parse_elements_to_existing_resource_class" fullname="EdFi.Ods.XsdParsing.Tests.InterchangeToAggregate.When_parsing_Student_Intervention_interchange.BaseInterchangeToAggregate.Should_parse_elements_to_existing_resource_class" methodname="Should_parse_elements_to_existing_resource_class" classname="EdFi.Ods.XsdParsing.Tests.InterchangeToAggregate.When_parsing_Student_Intervention_interchange" runstate="Runnable" result="Passed" duration="0.011060" asserts="0" />
                <test-case id="8-1194" name="BaseInterchangeToAggregate.Should_parse_types_to_entity_interfaces" fullname="EdFi.Ods.XsdParsing.Tests.InterchangeToAggregate.When_parsing_Student_Intervention_interchange.BaseInterchangeToAggregate.Should_parse_types_to_entity_interfaces" methodname="Should_parse_types_to_entity_interfaces" classname="EdFi.Ods.XsdParsing.Tests.InterchangeToAggregate.When_parsing_Student_Intervention_interchange" runstate="Runnable" result="Passed" duration="0.001640" asserts="0" />
              </test-suite>
              <test-suite type="TestFixture" id="8-1228" name="When_parsing_Student_Program_interchange" fullname="EdFi.Ods.XsdParsing.Tests.InterchangeToAggregate.When_parsing_Student_Program_interchange" classname="EdFi.Ods.XsdParsing.Tests.InterchangeToAggregate.When_parsing_Student_Program_interchange" runstate="Runnable" testcasecount="11" result="Passed" duration="0.203489" total="11" passed="0" failed="0" inconclusive="0" skipped="0" asserts="0">
                <test-case id="8-1238" name="BaseInterchangeToAggregate.Output_parsed_core_interchange" fullname="EdFi.Ods.XsdParsing.Tests.InterchangeToAggregate.When_parsing_Student_Program_interchange.BaseInterchangeToAggregate.Output_parsed_core_interchange" methodname="Output_parsed_core_interchange" classname="EdFi.Ods.XsdParsing.Tests.InterchangeToAggregate.When_parsing_Student_Program_interchange" runstate="Runnable" result="Passed" duration="0.067353" asserts="0" />
                <test-case id="8-1239" name="BaseInterchangeToAggregate.Output_parsed_extension_interchange" fullname="EdFi.Ods.XsdParsing.Tests.InterchangeToAggregate.When_parsing_Student_Program_interchange.BaseInterchangeToAggregate.Output_parsed_extension_interchange" methodname="Output_parsed_extension_interchange" classname="EdFi.Ods.XsdParsing.Tests.InterchangeToAggregate.When_parsing_Student_Program_interchange" runstate="Runnable" result="Passed" duration="0.000095" asserts="0" />
                <test-case id="8-1234" name="BaseInterchangeToAggregate.Should_match_all_elements" fullname="EdFi.Ods.XsdParsing.Tests.InterchangeToAggregate.When_parsing_Student_Program_interchange.BaseInterchangeToAggregate.Should_match_all_elements" methodname="Should_match_all_elements" classname="EdFi.Ods.XsdParsing.Tests.InterchangeToAggregate.When_parsing_Student_Program_interchange" runstate="Runnable" result="Passed" duration="0.001068" asserts="0" />
                <test-case id="8-1237" name="BaseInterchangeToAggregate.Should_match_element_decimal_format" fullname="EdFi.Ods.XsdParsing.Tests.InterchangeToAggregate.When_parsing_Student_Program_interchange.BaseInterchangeToAggregate.Should_match_element_decimal_format" methodname="Should_match_element_decimal_format" classname="EdFi.Ods.XsdParsing.Tests.InterchangeToAggregate.When_parsing_Student_Program_interchange" runstate="Runnable" result="Passed" duration="0.003498" asserts="0" />
                <test-case id="8-1236" name="BaseInterchangeToAggregate.Should_match_element_string_lengths" fullname="EdFi.Ods.XsdParsing.Tests.InterchangeToAggregate.When_parsing_Student_Program_interchange.BaseInterchangeToAggregate.Should_match_element_string_lengths" methodname="Should_match_element_string_lengths" classname="EdFi.Ods.XsdParsing.Tests.InterchangeToAggregate.When_parsing_Student_Program_interchange" runstate="Runnable" result="Passed" duration="0.004979" asserts="0" />
                <test-case id="8-1235" name="BaseInterchangeToAggregate.Should_match_required_elements" fullname="EdFi.Ods.XsdParsing.Tests.InterchangeToAggregate.When_parsing_Student_Program_interchange.BaseInterchangeToAggregate.Should_match_required_elements" methodname="Should_match_required_elements" classname="EdFi.Ods.XsdParsing.Tests.InterchangeToAggregate.When_parsing_Student_Program_interchange" runstate="Runnable" result="Passed" duration="0.018785" asserts="0" />
                <test-case id="8-1233" name="BaseInterchangeToAggregate.Should_parse_collections_to_matching_entity_types_and_properties" fullname="EdFi.Ods.XsdParsing.Tests.InterchangeToAggregate.When_parsing_Student_Program_interchange.BaseInterchangeToAggregate.Should_parse_collections_to_matching_entity_types_and_properties" methodname="Should_parse_collections_to_matching_entity_types_and_properties" classname="EdFi.Ods.XsdParsing.Tests.InterchangeToAggregate.When_parsing_Student_Program_interchange" runstate="Runnable" result="Passed" duration="0.002455" asserts="0" />
                <test-case id="8-1232" name="BaseInterchangeToAggregate.Should_parse_element_types_to_matching_entity_property_types" fullname="EdFi.Ods.XsdParsing.Tests.InterchangeToAggregate.When_parsing_Student_Program_interchange.BaseInterchangeToAggregate.Should_parse_element_types_to_matching_entity_property_types" methodname="Should_parse_element_types_to_matching_entity_property_types" classname="EdFi.Ods.XsdParsing.Tests.InterchangeToAggregate.When_parsing_Student_Program_interchange" runstate="Runnable" result="Passed" duration="0.005898" asserts="0" />
                <test-case id="8-1231" name="BaseInterchangeToAggregate.Should_parse_elements_to_entity_properties" fullname="EdFi.Ods.XsdParsing.Tests.InterchangeToAggregate.When_parsing_Student_Program_interchange.BaseInterchangeToAggregate.Should_parse_elements_to_entity_properties" methodname="Should_parse_elements_to_entity_properties" classname="EdFi.Ods.XsdParsing.Tests.InterchangeToAggregate.When_parsing_Student_Program_interchange" runstate="Runnable" result="Passed" duration="0.005217" asserts="0" />
                <test-case id="8-1229" name="BaseInterchangeToAggregate.Should_parse_elements_to_existing_resource_class" fullname="EdFi.Ods.XsdParsing.Tests.InterchangeToAggregate.When_parsing_Student_Program_interchange.BaseInterchangeToAggregate.Should_parse_elements_to_existing_resource_class" methodname="Should_parse_elements_to_existing_resource_class" classname="EdFi.Ods.XsdParsing.Tests.InterchangeToAggregate.When_parsing_Student_Program_interchange" runstate="Runnable" result="Passed" duration="0.009546" asserts="0" />
                <test-case id="8-1230" name="BaseInterchangeToAggregate.Should_parse_types_to_entity_interfaces" fullname="EdFi.Ods.XsdParsing.Tests.InterchangeToAggregate.When_parsing_Student_Program_interchange.BaseInterchangeToAggregate.Should_parse_types_to_entity_interfaces" methodname="Should_parse_types_to_entity_interfaces" classname="EdFi.Ods.XsdParsing.Tests.InterchangeToAggregate.When_parsing_Student_Program_interchange" runstate="Runnable" result="Passed" duration="0.001777" asserts="0" />
              </test-suite>
              <test-suite type="TestFixture" id="8-1240" name="When_parsing_Student_Transcript_interchange" fullname="EdFi.Ods.XsdParsing.Tests.InterchangeToAggregate.When_parsing_Student_Transcript_interchange" classname="EdFi.Ods.XsdParsing.Tests.InterchangeToAggregate.When_parsing_Student_Transcript_interchange" runstate="Runnable" testcasecount="11" result="Passed" duration="0.204518" total="11" passed="0" failed="0" inconclusive="0" skipped="0" asserts="0">
                <test-case id="8-1250" name="BaseInterchangeToAggregate.Output_parsed_core_interchange" fullname="EdFi.Ods.XsdParsing.Tests.InterchangeToAggregate.When_parsing_Student_Transcript_interchange.BaseInterchangeToAggregate.Output_parsed_core_interchange" methodname="Output_parsed_core_interchange" classname="EdFi.Ods.XsdParsing.Tests.InterchangeToAggregate.When_parsing_Student_Transcript_interchange" runstate="Runnable" result="Passed" duration="0.052619" asserts="0" />
                <test-case id="8-1251" name="BaseInterchangeToAggregate.Output_parsed_extension_interchange" fullname="EdFi.Ods.XsdParsing.Tests.InterchangeToAggregate.When_parsing_Student_Transcript_interchange.BaseInterchangeToAggregate.Output_parsed_extension_interchange" methodname="Output_parsed_extension_interchange" classname="EdFi.Ods.XsdParsing.Tests.InterchangeToAggregate.When_parsing_Student_Transcript_interchange" runstate="Runnable" result="Passed" duration="0.000081" asserts="0" />
                <test-case id="8-1246" name="BaseInterchangeToAggregate.Should_match_all_elements" fullname="EdFi.Ods.XsdParsing.Tests.InterchangeToAggregate.When_parsing_Student_Transcript_interchange.BaseInterchangeToAggregate.Should_match_all_elements" methodname="Should_match_all_elements" classname="EdFi.Ods.XsdParsing.Tests.InterchangeToAggregate.When_parsing_Student_Transcript_interchange" runstate="Runnable" result="Passed" duration="0.017541" asserts="0" />
                <test-case id="8-1249" name="BaseInterchangeToAggregate.Should_match_element_decimal_format" fullname="EdFi.Ods.XsdParsing.Tests.InterchangeToAggregate.When_parsing_Student_Transcript_interchange.BaseInterchangeToAggregate.Should_match_element_decimal_format" methodname="Should_match_element_decimal_format" classname="EdFi.Ods.XsdParsing.Tests.InterchangeToAggregate.When_parsing_Student_Transcript_interchange" runstate="Runnable" result="Passed" duration="0.007691" asserts="0" />
                <test-case id="8-1248" name="BaseInterchangeToAggregate.Should_match_element_string_lengths" fullname="EdFi.Ods.XsdParsing.Tests.InterchangeToAggregate.When_parsing_Student_Transcript_interchange.BaseInterchangeToAggregate.Should_match_element_string_lengths" methodname="Should_match_element_string_lengths" classname="EdFi.Ods.XsdParsing.Tests.InterchangeToAggregate.When_parsing_Student_Transcript_interchange" runstate="Runnable" result="Passed" duration="0.011197" asserts="0" />
                <test-case id="8-1247" name="BaseInterchangeToAggregate.Should_match_required_elements" fullname="EdFi.Ods.XsdParsing.Tests.InterchangeToAggregate.When_parsing_Student_Transcript_interchange.BaseInterchangeToAggregate.Should_match_required_elements" methodname="Should_match_required_elements" classname="EdFi.Ods.XsdParsing.Tests.InterchangeToAggregate.When_parsing_Student_Transcript_interchange" runstate="Runnable" result="Passed" duration="0.021383" asserts="0" />
                <test-case id="8-1245" name="BaseInterchangeToAggregate.Should_parse_collections_to_matching_entity_types_and_properties" fullname="EdFi.Ods.XsdParsing.Tests.InterchangeToAggregate.When_parsing_Student_Transcript_interchange.BaseInterchangeToAggregate.Should_parse_collections_to_matching_entity_types_and_properties" methodname="Should_parse_collections_to_matching_entity_types_and_properties" classname="EdFi.Ods.XsdParsing.Tests.InterchangeToAggregate.When_parsing_Student_Transcript_interchange" runstate="Runnable" result="Passed" duration="0.002343" asserts="0" />
                <test-case id="8-1244" name="BaseInterchangeToAggregate.Should_parse_element_types_to_matching_entity_property_types" fullname="EdFi.Ods.XsdParsing.Tests.InterchangeToAggregate.When_parsing_Student_Transcript_interchange.BaseInterchangeToAggregate.Should_parse_element_types_to_matching_entity_property_types" methodname="Should_parse_element_types_to_matching_entity_property_types" classname="EdFi.Ods.XsdParsing.Tests.InterchangeToAggregate.When_parsing_Student_Transcript_interchange" runstate="Runnable" result="Passed" duration="0.005398" asserts="0" />
                <test-case id="8-1243" name="BaseInterchangeToAggregate.Should_parse_elements_to_entity_properties" fullname="EdFi.Ods.XsdParsing.Tests.InterchangeToAggregate.When_parsing_Student_Transcript_interchange.BaseInterchangeToAggregate.Should_parse_elements_to_entity_properties" methodname="Should_parse_elements_to_entity_properties" classname="EdFi.Ods.XsdParsing.Tests.InterchangeToAggregate.When_parsing_Student_Transcript_interchange" runstate="Runnable" result="Passed" duration="0.006689" asserts="0" />
                <test-case id="8-1241" name="BaseInterchangeToAggregate.Should_parse_elements_to_existing_resource_class" fullname="EdFi.Ods.XsdParsing.Tests.InterchangeToAggregate.When_parsing_Student_Transcript_interchange.BaseInterchangeToAggregate.Should_parse_elements_to_existing_resource_class" methodname="Should_parse_elements_to_existing_resource_class" classname="EdFi.Ods.XsdParsing.Tests.InterchangeToAggregate.When_parsing_Student_Transcript_interchange" runstate="Runnable" result="Passed" duration="0.006175" asserts="0" />
                <test-case id="8-1242" name="BaseInterchangeToAggregate.Should_parse_types_to_entity_interfaces" fullname="EdFi.Ods.XsdParsing.Tests.InterchangeToAggregate.When_parsing_Student_Transcript_interchange.BaseInterchangeToAggregate.Should_parse_types_to_entity_interfaces" methodname="Should_parse_types_to_entity_interfaces" classname="EdFi.Ods.XsdParsing.Tests.InterchangeToAggregate.When_parsing_Student_Transcript_interchange" runstate="Runnable" result="Passed" duration="0.001226" asserts="0" />
              </test-suite>
            </test-suite>
          </test-suite>
        </test-suite>
      </test-suite>
    </test-suite>
  </test-suite>
  <test-suite type="Assembly" id="9-1086" name="D:\Projects\Ed-Fi-Alliance\Ed-Fi-ODS\Application\EdFi.TestObjects.Tests\bin\Release\EdFi.TestObjects.Tests.dll" fullname="D:\Projects\Ed-Fi-Alliance\Ed-Fi-ODS\Application\EdFi.TestObjects.Tests\bin\Release\EdFi.TestObjects.Tests.dll" runstate="Runnable" testcasecount="54" result="Passed" duration="2.657415" total="54" passed="0" failed="0" inconclusive="0" skipped="0" asserts="0">
    <properties>
      <property name="_PID" value="32412" />
      <property name="_APPDOMAIN" value="domain-a080fd5-EdFi.TestObjects.Tests.dll" />
    </properties>
    <test-suite type="Namespace" id="9-1087" name="EdFi" fullname="EdFi" runstate="Runnable" testcasecount="54" result="Passed" duration="2.644996" total="54" passed="0" failed="0" inconclusive="0" skipped="0" asserts="0">
      <test-suite type="Namespace" id="9-1088" name="TestObjects" fullname="EdFi.TestObjects" runstate="Runnable" testcasecount="54" result="Passed" duration="2.644591" total="54" passed="0" failed="0" inconclusive="0" skipped="0" asserts="0">
        <test-suite type="Namespace" id="9-1089" name="Tests" fullname="EdFi.TestObjects.Tests" runstate="Runnable" testcasecount="54" result="Passed" duration="2.644253" total="54" passed="0" failed="0" inconclusive="0" skipped="0" asserts="0">
          <test-suite type="TestFixture" id="9-1000" name="BuildContextTests+When_creating_a_build_context_targeting_a_nullable_value_type" fullname="EdFi.TestObjects.Tests.BuildContextTests+When_creating_a_build_context_targeting_a_nullable_value_type" classname="EdFi.TestObjects.Tests.BuildContextTests+When_creating_a_build_context_targeting_a_nullable_value_type" runstate="Runnable" testcasecount="2" result="Passed" duration="0.346858" total="2" passed="0" failed="0" inconclusive="0" skipped="0" asserts="0">
            <test-case id="9-1002" name="Should_report_a_raw_target_type_of_nullable_int" fullname="EdFi.TestObjects.Tests.BuildContextTests+When_creating_a_build_context_targeting_a_nullable_value_type.Should_report_a_raw_target_type_of_nullable_int" methodname="Should_report_a_raw_target_type_of_nullable_int" classname="EdFi.TestObjects.Tests.BuildContextTests+When_creating_a_build_context_targeting_a_nullable_value_type" runstate="Runnable" result="Passed" duration="0.019232" asserts="1" />
            <test-case id="9-1001" name="Should_report_a_target_type_of_int" fullname="EdFi.TestObjects.Tests.BuildContextTests+When_creating_a_build_context_targeting_a_nullable_value_type.Should_report_a_target_type_of_int" methodname="Should_report_a_target_type_of_int" classname="EdFi.TestObjects.Tests.BuildContextTests+When_creating_a_build_context_targeting_a_nullable_value_type" runstate="Runnable" result="Passed" duration="0.000383" asserts="1" />
          </test-suite>
          <test-suite type="TestFixture" id="9-1003" name="BuilderFactoryTests+When_getting_list_of_builders" fullname="EdFi.TestObjects.Tests.BuilderFactoryTests+When_getting_list_of_builders" classname="EdFi.TestObjects.Tests.BuilderFactoryTests+When_getting_list_of_builders" runstate="Runnable" testcasecount="1" result="Passed" duration="0.635857" total="1" passed="0" failed="0" inconclusive="0" skipped="0" asserts="0">
            <test-case id="9-1004" name="Should_include_all_declared_builders" fullname="EdFi.TestObjects.Tests.BuilderFactoryTests+When_getting_list_of_builders.Should_include_all_declared_builders" methodname="Should_include_all_declared_builders" classname="EdFi.TestObjects.Tests.BuilderFactoryTests+When_getting_list_of_builders" runstate="Runnable" result="Passed" duration="0.596306" asserts="0" />
          </test-suite>
          <test-suite type="TestFixture" id="9-1007" name="BuilderFactoryTests+When_two_builders_are_added_to_the_end" fullname="EdFi.TestObjects.Tests.BuilderFactoryTests+When_two_builders_are_added_to_the_end" classname="EdFi.TestObjects.Tests.BuilderFactoryTests+When_two_builders_are_added_to_the_end" runstate="Runnable" testcasecount="1" result="Passed" duration="0.006140" total="1" passed="0" failed="0" inconclusive="0" skipped="0" asserts="0">
            <test-case id="9-1008" name="Should_provide_the_last_builder_that_was_added_to_the_front_as_the_last_builder_before_the_custom_object_builder" fullname="EdFi.TestObjects.Tests.BuilderFactoryTests+When_two_builders_are_added_to_the_end.Should_provide_the_last_builder_that_was_added_to_the_front_as_the_last_builder_before_the_custom_object_builder" methodname="Should_provide_the_last_builder_that_was_added_to_the_front_as_the_last_builder_before_the_custom_object_builder" classname="EdFi.TestObjects.Tests.BuilderFactoryTests+When_two_builders_are_added_to_the_end" runstate="Runnable" result="Passed" duration="0.001265" asserts="0" />
          </test-suite>
          <test-suite type="TestFixture" id="9-1005" name="BuilderFactoryTests+When_two_builders_are_added_to_the_front" fullname="EdFi.TestObjects.Tests.BuilderFactoryTests+When_two_builders_are_added_to_the_front" classname="EdFi.TestObjects.Tests.BuilderFactoryTests+When_two_builders_are_added_to_the_front" runstate="Runnable" testcasecount="1" result="Passed" duration="0.008880" total="1" passed="0" failed="0" inconclusive="0" skipped="0" asserts="0">
            <test-case id="9-1006" name="Should_provide_the_last_builder_that_was_added_to_the_front_as_the_first_builder" fullname="EdFi.TestObjects.Tests.BuilderFactoryTests+When_two_builders_are_added_to_the_front.Should_provide_the_last_builder_that_was_added_to_the_front_as_the_first_builder" methodname="Should_provide_the_last_builder_that_was_added_to_the_front_as_the_first_builder" classname="EdFi.TestObjects.Tests.BuilderFactoryTests+When_two_builders_are_added_to_the_front" runstate="Runnable" result="Passed" duration="0.000601" asserts="0" />
          </test-suite>
          <test-suite type="Namespace" id="9-1090" name="Builders" fullname="EdFi.TestObjects.Tests.Builders" runstate="Runnable" testcasecount="26" result="Passed" duration="0.146284" total="26" passed="0" failed="0" inconclusive="0" skipped="0" asserts="0">
            <test-suite type="TestFixture" id="9-1047" name="DateTimeBuilderFixtures+When_building_a_DateTime" fullname="EdFi.TestObjects.Tests.Builders.DateTimeBuilderFixtures+When_building_a_DateTime" classname="EdFi.TestObjects.Tests.Builders.DateTimeBuilderFixtures+When_building_a_DateTime" runstate="Runnable" testcasecount="1" result="Passed" duration="0.007897" total="1" passed="0" failed="0" inconclusive="0" skipped="0" asserts="0">
              <test-case id="9-1048" name="Should_generate_a_value" fullname="EdFi.TestObjects.Tests.Builders.DateTimeBuilderFixtures+When_building_a_DateTime.Should_generate_a_value" methodname="Should_generate_a_value" classname="EdFi.TestObjects.Tests.Builders.DateTimeBuilderFixtures+When_building_a_DateTime" runstate="Runnable" result="Passed" duration="0.004241" asserts="0" />
            </test-suite>
            <test-suite type="TestFixture" id="9-1075" name="FixedLengthStringValueBuilderTests+When_property_has_no_attribute" fullname="EdFi.TestObjects.Tests.Builders.FixedLengthStringValueBuilderTests+When_property_has_no_attribute" classname="EdFi.TestObjects.Tests.Builders.FixedLengthStringValueBuilderTests+When_property_has_no_attribute" runstate="Runnable" testcasecount="1" result="Passed" duration="0.042262" total="1" passed="0" failed="0" inconclusive="0" skipped="0" asserts="0">
              <test-case id="9-1076" name="Should_not_handle_this_value" fullname="EdFi.TestObjects.Tests.Builders.FixedLengthStringValueBuilderTests+When_property_has_no_attribute.Should_not_handle_this_value" methodname="Should_not_handle_this_value" classname="EdFi.TestObjects.Tests.Builders.FixedLengthStringValueBuilderTests+When_property_has_no_attribute" runstate="Runnable" result="Passed" duration="0.000392" asserts="0" />
            </test-suite>
            <test-suite type="TestFixture" id="9-1082" name="FixedLengthStringValueBuilderTests+When_property_is_attributed_with_a_string_length_validation_of_max_length_1" fullname="EdFi.TestObjects.Tests.Builders.FixedLengthStringValueBuilderTests+When_property_is_attributed_with_a_string_length_validation_of_max_length_1" classname="EdFi.TestObjects.Tests.Builders.FixedLengthStringValueBuilderTests+When_property_is_attributed_with_a_string_length_validation_of_max_length_1" runstate="Runnable" testcasecount="3" result="Passed" duration="0.010305" total="3" passed="0" failed="0" inconclusive="0" skipped="0" asserts="0">
              <test-case id="9-1085" name="Should_fill_subsequent_values_with_unique_values" fullname="EdFi.TestObjects.Tests.Builders.FixedLengthStringValueBuilderTests+When_property_is_attributed_with_a_string_length_validation_of_max_length_1.Should_fill_subsequent_values_with_unique_values" methodname="Should_fill_subsequent_values_with_unique_values" classname="EdFi.TestObjects.Tests.Builders.FixedLengthStringValueBuilderTests+When_property_is_attributed_with_a_string_length_validation_of_max_length_1" runstate="Runnable" result="Passed" duration="0.003572" asserts="0" />
              <test-case id="9-1084" name="Should_fill_value_with_a_string_of_length_1" fullname="EdFi.TestObjects.Tests.Builders.FixedLengthStringValueBuilderTests+When_property_is_attributed_with_a_string_length_validation_of_max_length_1.Should_fill_value_with_a_string_of_length_1" methodname="Should_fill_value_with_a_string_of_length_1" classname="EdFi.TestObjects.Tests.Builders.FixedLengthStringValueBuilderTests+When_property_is_attributed_with_a_string_length_validation_of_max_length_1" runstate="Runnable" result="Passed" duration="0.000390" asserts="0" />
              <test-case id="9-1083" name="Should_handle_this_value" fullname="EdFi.TestObjects.Tests.Builders.FixedLengthStringValueBuilderTests+When_property_is_attributed_with_a_string_length_validation_of_max_length_1.Should_handle_this_value" methodname="Should_handle_this_value" classname="EdFi.TestObjects.Tests.Builders.FixedLengthStringValueBuilderTests+When_property_is_attributed_with_a_string_length_validation_of_max_length_1" runstate="Runnable" result="Passed" duration="0.000397" asserts="0" />
            </test-suite>
            <test-suite type="TestFixture" id="9-1079" name="FixedLengthStringValueBuilderTests+When_property_is_attributed_with_a_string_length_validation_of_max_length_20" fullname="EdFi.TestObjects.Tests.Builders.FixedLengthStringValueBuilderTests+When_property_is_attributed_with_a_string_length_validation_of_max_length_20" classname="EdFi.TestObjects.Tests.Builders.FixedLengthStringValueBuilderTests+When_property_is_attributed_with_a_string_length_validation_of_max_length_20" runstate="Runnable" testcasecount="2" result="Passed" duration="0.005968" total="2" passed="0" failed="0" inconclusive="0" skipped="0" asserts="0">
              <test-case id="9-1081" name="Should_fill_value_with_a_string_of_length_20" fullname="EdFi.TestObjects.Tests.Builders.FixedLengthStringValueBuilderTests+When_property_is_attributed_with_a_string_length_validation_of_max_length_20.Should_fill_value_with_a_string_of_length_20" methodname="Should_fill_value_with_a_string_of_length_20" classname="EdFi.TestObjects.Tests.Builders.FixedLengthStringValueBuilderTests+When_property_is_attributed_with_a_string_length_validation_of_max_length_20" runstate="Runnable" result="Passed" duration="0.002222" asserts="0" />
              <test-case id="9-1080" name="Should_handle_this_value" fullname="EdFi.TestObjects.Tests.Builders.FixedLengthStringValueBuilderTests+When_property_is_attributed_with_a_string_length_validation_of_max_length_20.Should_handle_this_value" methodname="Should_handle_this_value" classname="EdFi.TestObjects.Tests.Builders.FixedLengthStringValueBuilderTests+When_property_is_attributed_with_a_string_length_validation_of_max_length_20" runstate="Runnable" result="Passed" duration="0.000301" asserts="0" />
            </test-suite>
            <test-suite type="TestFixture" id="9-1073" name="FixedLengthStringValueBuilderTests+When_property_is_not_a_string" fullname="EdFi.TestObjects.Tests.Builders.FixedLengthStringValueBuilderTests+When_property_is_not_a_string" classname="EdFi.TestObjects.Tests.Builders.FixedLengthStringValueBuilderTests+When_property_is_not_a_string" runstate="Runnable" testcasecount="1" result="Passed" duration="0.004290" total="1" passed="0" failed="0" inconclusive="0" skipped="0" asserts="0">
              <test-case id="9-1074" name="Should_not_handle_this_value" fullname="EdFi.TestObjects.Tests.Builders.FixedLengthStringValueBuilderTests+When_property_is_not_a_string.Should_not_handle_this_value" methodname="Should_not_handle_this_value" classname="EdFi.TestObjects.Tests.Builders.FixedLengthStringValueBuilderTests+When_property_is_not_a_string" runstate="Runnable" result="Passed" duration="0.000284" asserts="0" />
            </test-suite>
            <test-suite type="TestFixture" id="9-1077" name="FixedLengthStringValueBuilderTests+When_there_is_no_parent_type" fullname="EdFi.TestObjects.Tests.Builders.FixedLengthStringValueBuilderTests+When_there_is_no_parent_type" classname="EdFi.TestObjects.Tests.Builders.FixedLengthStringValueBuilderTests+When_there_is_no_parent_type" runstate="Runnable" testcasecount="1" result="Passed" duration="0.001793" total="1" passed="0" failed="0" inconclusive="0" skipped="0" asserts="0">
              <test-case id="9-1078" name="Should_not_handle_this_value" fullname="EdFi.TestObjects.Tests.Builders.FixedLengthStringValueBuilderTests+When_there_is_no_parent_type.Should_not_handle_this_value" methodname="Should_not_handle_this_value" classname="EdFi.TestObjects.Tests.Builders.FixedLengthStringValueBuilderTests+When_there_is_no_parent_type" runstate="Runnable" result="Passed" duration="0.000324" asserts="0" />
            </test-suite>
            <test-suite type="TestFixture" id="9-1060" name="RangeConstrainedFloatingPointValueBuilderTests+When_generating_two_values_for_a_decimal_property_where_the_minimum_is_the_default_value" fullname="EdFi.TestObjects.Tests.Builders.RangeConstrainedFloatingPointValueBuilderTests+When_generating_two_values_for_a_decimal_property_where_the_minimum_is_the_default_value" classname="EdFi.TestObjects.Tests.Builders.RangeConstrainedFloatingPointValueBuilderTests+When_generating_two_values_for_a_decimal_property_where_the_minimum_is_the_default_value" runstate="Runnable" testcasecount="3" result="Passed" duration="0.024838" total="3" passed="0" failed="0" inconclusive="0" skipped="0" asserts="0">
              <test-case id="9-1062" name="Should_generate_first_value_just_above_the_default_value_using_the_default_scale_of_3_digits" fullname="EdFi.TestObjects.Tests.Builders.RangeConstrainedFloatingPointValueBuilderTests+When_generating_two_values_for_a_decimal_property_where_the_minimum_is_the_default_value.Should_generate_first_value_just_above_the_default_value_using_the_default_scale_of_3_digits" methodname="Should_generate_first_value_just_above_the_default_value_using_the_default_scale_of_3_digits" classname="EdFi.TestObjects.Tests.Builders.RangeConstrainedFloatingPointValueBuilderTests+When_generating_two_values_for_a_decimal_property_where_the_minimum_is_the_default_value" runstate="Runnable" result="Passed" duration="0.000501" asserts="0" />
              <test-case id="9-1063" name="Should_generate_second_value_just_above_the_first_using_a_default_scale_of_3_digits" fullname="EdFi.TestObjects.Tests.Builders.RangeConstrainedFloatingPointValueBuilderTests+When_generating_two_values_for_a_decimal_property_where_the_minimum_is_the_default_value.Should_generate_second_value_just_above_the_first_using_a_default_scale_of_3_digits" methodname="Should_generate_second_value_just_above_the_first_using_a_default_scale_of_3_digits" classname="EdFi.TestObjects.Tests.Builders.RangeConstrainedFloatingPointValueBuilderTests+When_generating_two_values_for_a_decimal_property_where_the_minimum_is_the_default_value" runstate="Runnable" result="Passed" duration="0.000553" asserts="0" />
              <test-case id="9-1061" name="Should_handle_both_requests_indicating_the_value_should_be_set" fullname="EdFi.TestObjects.Tests.Builders.RangeConstrainedFloatingPointValueBuilderTests+When_generating_two_values_for_a_decimal_property_where_the_minimum_is_the_default_value.Should_handle_both_requests_indicating_the_value_should_be_set" methodname="Should_handle_both_requests_indicating_the_value_should_be_set" classname="EdFi.TestObjects.Tests.Builders.RangeConstrainedFloatingPointValueBuilderTests+When_generating_two_values_for_a_decimal_property_where_the_minimum_is_the_default_value" runstate="Runnable" result="Passed" duration="0.000831" asserts="0" />
            </test-suite>
            <test-suite type="TestFixture" id="9-1056" name="RangeConstrainedFloatingPointValueBuilderTests+When_generating_two_values_for_a_decimal_property_with_no_scale_supplied_by_the_range" fullname="EdFi.TestObjects.Tests.Builders.RangeConstrainedFloatingPointValueBuilderTests+When_generating_two_values_for_a_decimal_property_with_no_scale_supplied_by_the_range" classname="EdFi.TestObjects.Tests.Builders.RangeConstrainedFloatingPointValueBuilderTests+When_generating_two_values_for_a_decimal_property_with_no_scale_supplied_by_the_range" runstate="Runnable" testcasecount="3" result="Passed" duration="0.005942" total="3" passed="0" failed="0" inconclusive="0" skipped="0" asserts="0">
              <test-case id="9-1058" name="Should_generate_first_value_at_the_minimum_using_a_default_scale_of_3_digits" fullname="EdFi.TestObjects.Tests.Builders.RangeConstrainedFloatingPointValueBuilderTests+When_generating_two_values_for_a_decimal_property_with_no_scale_supplied_by_the_range.Should_generate_first_value_at_the_minimum_using_a_default_scale_of_3_digits" methodname="Should_generate_first_value_at_the_minimum_using_a_default_scale_of_3_digits" classname="EdFi.TestObjects.Tests.Builders.RangeConstrainedFloatingPointValueBuilderTests+When_generating_two_values_for_a_decimal_property_with_no_scale_supplied_by_the_range" runstate="Runnable" result="Passed" duration="0.000393" asserts="0" />
              <test-case id="9-1059" name="Should_generate_second_value_just_above_the_first_using_a_default_scale_of_3_digits" fullname="EdFi.TestObjects.Tests.Builders.RangeConstrainedFloatingPointValueBuilderTests+When_generating_two_values_for_a_decimal_property_with_no_scale_supplied_by_the_range.Should_generate_second_value_just_above_the_first_using_a_default_scale_of_3_digits" methodname="Should_generate_second_value_just_above_the_first_using_a_default_scale_of_3_digits" classname="EdFi.TestObjects.Tests.Builders.RangeConstrainedFloatingPointValueBuilderTests+When_generating_two_values_for_a_decimal_property_with_no_scale_supplied_by_the_range" runstate="Runnable" result="Passed" duration="0.000505" asserts="0" />
              <test-case id="9-1057" name="Should_handle_both_requests_indicating_the_value_should_be_set" fullname="EdFi.TestObjects.Tests.Builders.RangeConstrainedFloatingPointValueBuilderTests+When_generating_two_values_for_a_decimal_property_with_no_scale_supplied_by_the_range.Should_handle_both_requests_indicating_the_value_should_be_set" methodname="Should_handle_both_requests_indicating_the_value_should_be_set" classname="EdFi.TestObjects.Tests.Builders.RangeConstrainedFloatingPointValueBuilderTests+When_generating_two_values_for_a_decimal_property_with_no_scale_supplied_by_the_range" runstate="Runnable" result="Passed" duration="0.000646" asserts="0" />
            </test-suite>
            <test-suite type="TestFixture" id="9-1064" name="RangeConstrainedFloatingPointValueBuilderTests+When_generating_two_values_for_a_decimal_property_with_precision_and_scale_that_can_be_inferred_from_the_range_values" fullname="EdFi.TestObjects.Tests.Builders.RangeConstrainedFloatingPointValueBuilderTests+When_generating_two_values_for_a_decimal_property_with_precision_and_scale_that_can_be_inferred_from_the_range_values" classname="EdFi.TestObjects.Tests.Builders.RangeConstrainedFloatingPointValueBuilderTests+When_generating_two_values_for_a_decimal_property_with_precision_and_scale_that_can_be_inferred_from_the_range_values" runstate="Runnable" testcasecount="3" result="Passed" duration="0.006026" total="3" passed="0" failed="0" inconclusive="0" skipped="0" asserts="0">
              <test-case id="9-1066" name="Should_generate_first_value_at_the_range_minimum_using_the_scale_inferred_from_the_range_values" fullname="EdFi.TestObjects.Tests.Builders.RangeConstrainedFloatingPointValueBuilderTests+When_generating_two_values_for_a_decimal_property_with_precision_and_scale_that_can_be_inferred_from_the_range_values.Should_generate_first_value_at_the_range_minimum_using_the_scale_inferred_from_the_range_values" methodname="Should_generate_first_value_at_the_range_minimum_using_the_scale_inferred_from_the_range_values" classname="EdFi.TestObjects.Tests.Builders.RangeConstrainedFloatingPointValueBuilderTests+When_generating_two_values_for_a_decimal_property_with_precision_and_scale_that_can_be_inferred_from_the_range_values" runstate="Runnable" result="Passed" duration="0.000512" asserts="0" />
              <test-case id="9-1067" name="Should_generate_second_value_just_above_the_first_using_the_scale_inferred_from_the_range_values" fullname="EdFi.TestObjects.Tests.Builders.RangeConstrainedFloatingPointValueBuilderTests+When_generating_two_values_for_a_decimal_property_with_precision_and_scale_that_can_be_inferred_from_the_range_values.Should_generate_second_value_just_above_the_first_using_the_scale_inferred_from_the_range_values" methodname="Should_generate_second_value_just_above_the_first_using_the_scale_inferred_from_the_range_values" classname="EdFi.TestObjects.Tests.Builders.RangeConstrainedFloatingPointValueBuilderTests+When_generating_two_values_for_a_decimal_property_with_precision_and_scale_that_can_be_inferred_from_the_range_values" runstate="Runnable" result="Passed" duration="0.000495" asserts="0" />
              <test-case id="9-1065" name="Should_handle_both_requests_indicating_the_value_should_be_set" fullname="EdFi.TestObjects.Tests.Builders.RangeConstrainedFloatingPointValueBuilderTests+When_generating_two_values_for_a_decimal_property_with_precision_and_scale_that_can_be_inferred_from_the_range_values.Should_handle_both_requests_indicating_the_value_should_be_set" methodname="Should_handle_both_requests_indicating_the_value_should_be_set" classname="EdFi.TestObjects.Tests.Builders.RangeConstrainedFloatingPointValueBuilderTests+When_generating_two_values_for_a_decimal_property_with_precision_and_scale_that_can_be_inferred_from_the_range_values" runstate="Runnable" result="Passed" duration="0.000723" asserts="0" />
            </test-suite>
            <test-suite type="TestFixture" id="9-1068" name="RangeConstrainedFloatingPointValueBuilderTests+When_generating_values_for_a_Range_constrained_decimal_property_that_will_include_the_default_value_and_exceed_the_defined_maximum" fullname="EdFi.TestObjects.Tests.Builders.RangeConstrainedFloatingPointValueBuilderTests+When_generating_values_for_a_Range_constrained_decimal_property_that_will_include_the_default_value_and_exceed_the_defined_maximum" classname="EdFi.TestObjects.Tests.Builders.RangeConstrainedFloatingPointValueBuilderTests+When_generating_values_for_a_Range_constrained_decimal_property_that_will_include_the_default_value_and_exceed_the_defined_maximum" runstate="Runnable" testcasecount="4" result="Passed" duration="0.010030" total="4" passed="0" failed="0" inconclusive="0" skipped="0" asserts="0">
              <test-case id="9-1070" name="Should_generate_first_value_at_the_Range_minimum" fullname="EdFi.TestObjects.Tests.Builders.RangeConstrainedFloatingPointValueBuilderTests+When_generating_values_for_a_Range_constrained_decimal_property_that_will_include_the_default_value_and_exceed_the_defined_maximum.Should_generate_first_value_at_the_Range_minimum" methodname="Should_generate_first_value_at_the_Range_minimum" classname="EdFi.TestObjects.Tests.Builders.RangeConstrainedFloatingPointValueBuilderTests+When_generating_values_for_a_Range_constrained_decimal_property_that_will_include_the_default_value_and_exceed_the_defined_maximum" runstate="Runnable" result="Passed" duration="0.000560" asserts="0" />
              <test-case id="9-1071" name="Should_generate_second_value_skipping_the_default_value" fullname="EdFi.TestObjects.Tests.Builders.RangeConstrainedFloatingPointValueBuilderTests+When_generating_values_for_a_Range_constrained_decimal_property_that_will_include_the_default_value_and_exceed_the_defined_maximum.Should_generate_second_value_skipping_the_default_value" methodname="Should_generate_second_value_skipping_the_default_value" classname="EdFi.TestObjects.Tests.Builders.RangeConstrainedFloatingPointValueBuilderTests+When_generating_values_for_a_Range_constrained_decimal_property_that_will_include_the_default_value_and_exceed_the_defined_maximum" runstate="Runnable" result="Passed" duration="0.000524" asserts="0" />
              <test-case id="9-1072" name="Should_generate_third_value_rolling_back_to_the_minimum" fullname="EdFi.TestObjects.Tests.Builders.RangeConstrainedFloatingPointValueBuilderTests+When_generating_values_for_a_Range_constrained_decimal_property_that_will_include_the_default_value_and_exceed_the_defined_maximum.Should_generate_third_value_rolling_back_to_the_minimum" methodname="Should_generate_third_value_rolling_back_to_the_minimum" classname="EdFi.TestObjects.Tests.Builders.RangeConstrainedFloatingPointValueBuilderTests+When_generating_values_for_a_Range_constrained_decimal_property_that_will_include_the_default_value_and_exceed_the_defined_maximum" runstate="Runnable" result="Passed" duration="0.000571" asserts="0" />
              <test-case id="9-1069" name="Should_handle_both_requests_indicating_the_value_should_be_set" fullname="EdFi.TestObjects.Tests.Builders.RangeConstrainedFloatingPointValueBuilderTests+When_generating_values_for_a_Range_constrained_decimal_property_that_will_include_the_default_value_and_exceed_the_defined_maximum.Should_handle_both_requests_indicating_the_value_should_be_set" methodname="Should_handle_both_requests_indicating_the_value_should_be_set" classname="EdFi.TestObjects.Tests.Builders.RangeConstrainedFloatingPointValueBuilderTests+When_generating_values_for_a_Range_constrained_decimal_property_that_will_include_the_default_value_and_exceed_the_defined_maximum" runstate="Runnable" result="Passed" duration="0.000935" asserts="0" />
            </test-suite>
            <test-suite type="TestFixture" id="9-1049" name="RangeConstrainedFloatingPointValueBuilderTests+When_property_is_a_nullable_decimal_with_a_Range_attribute" fullname="EdFi.TestObjects.Tests.Builders.RangeConstrainedFloatingPointValueBuilderTests+When_property_is_a_nullable_decimal_with_a_Range_attribute" classname="EdFi.TestObjects.Tests.Builders.RangeConstrainedFloatingPointValueBuilderTests+When_property_is_a_nullable_decimal_with_a_Range_attribute" runstate="Runnable" testcasecount="1" result="Passed" duration="0.002170" total="1" passed="0" failed="0" inconclusive="0" skipped="0" asserts="0">
              <test-case id="9-1050" name="Should_handle_nullable_decimals" fullname="EdFi.TestObjects.Tests.Builders.RangeConstrainedFloatingPointValueBuilderTests+When_property_is_a_nullable_decimal_with_a_Range_attribute.Should_handle_nullable_decimals" methodname="Should_handle_nullable_decimals" classname="EdFi.TestObjects.Tests.Builders.RangeConstrainedFloatingPointValueBuilderTests+When_property_is_a_nullable_decimal_with_a_Range_attribute" runstate="Runnable" result="Passed" duration="0.000306" asserts="0" />
            </test-suite>
            <test-suite type="TestFixture" id="9-1051" name="RangeConstrainedFloatingPointValueBuilderTests+When_property_is_not_a_decimal_with_a_Range_attribute" fullname="EdFi.TestObjects.Tests.Builders.RangeConstrainedFloatingPointValueBuilderTests+When_property_is_not_a_decimal_with_a_Range_attribute" classname="EdFi.TestObjects.Tests.Builders.RangeConstrainedFloatingPointValueBuilderTests+When_property_is_not_a_decimal_with_a_Range_attribute" runstate="Runnable" testcasecount="2" result="Passed" duration="0.004020" total="2" passed="0" failed="0" inconclusive="0" skipped="0" asserts="0">
              <test-case id="9-1053" name="Should_not_handle_constrained_non_decimals" fullname="EdFi.TestObjects.Tests.Builders.RangeConstrainedFloatingPointValueBuilderTests+When_property_is_not_a_decimal_with_a_Range_attribute.Should_not_handle_constrained_non_decimals" methodname="Should_not_handle_constrained_non_decimals" classname="EdFi.TestObjects.Tests.Builders.RangeConstrainedFloatingPointValueBuilderTests+When_property_is_not_a_decimal_with_a_Range_attribute" runstate="Runnable" result="Passed" duration="0.000292" asserts="0" />
              <test-case id="9-1052" name="Should_not_handle_unconstrained_decimals" fullname="EdFi.TestObjects.Tests.Builders.RangeConstrainedFloatingPointValueBuilderTests+When_property_is_not_a_decimal_with_a_Range_attribute.Should_not_handle_unconstrained_decimals" methodname="Should_not_handle_unconstrained_decimals" classname="EdFi.TestObjects.Tests.Builders.RangeConstrainedFloatingPointValueBuilderTests+When_property_is_not_a_decimal_with_a_Range_attribute" runstate="Runnable" result="Passed" duration="0.000326" asserts="0" />
            </test-suite>
            <test-suite type="TestFixture" id="9-1054" name="RangeConstrainedFloatingPointValueBuilderTests+When_there_is_no_parent_type" fullname="EdFi.TestObjects.Tests.Builders.RangeConstrainedFloatingPointValueBuilderTests+When_there_is_no_parent_type" classname="EdFi.TestObjects.Tests.Builders.RangeConstrainedFloatingPointValueBuilderTests+When_there_is_no_parent_type" runstate="Runnable" testcasecount="1" result="Passed" duration="0.001242" total="1" passed="0" failed="0" inconclusive="0" skipped="0" asserts="0">
              <test-case id="9-1055" name="Should_not_handle_this_value" fullname="EdFi.TestObjects.Tests.Builders.RangeConstrainedFloatingPointValueBuilderTests+When_there_is_no_parent_type.Should_not_handle_this_value" methodname="Should_not_handle_this_value" classname="EdFi.TestObjects.Tests.Builders.RangeConstrainedFloatingPointValueBuilderTests+When_there_is_no_parent_type" runstate="Runnable" result="Passed" duration="0.000222" asserts="0" />
            </test-suite>
          </test-suite>
          <test-suite type="TestFixture" id="9-1013" name="IgnoreAttributeSkipperTests+When_parent_type_is_null" fullname="EdFi.TestObjects.Tests.IgnoreAttributeSkipperTests+When_parent_type_is_null" classname="EdFi.TestObjects.Tests.IgnoreAttributeSkipperTests+When_parent_type_is_null" runstate="Runnable" testcasecount="1" result="Passed" duration="0.002858" total="1" passed="0" failed="0" inconclusive="0" skipped="0" asserts="0">
            <test-case id="9-1014" name="Should_not_be_handled_or_skipped" fullname="EdFi.TestObjects.Tests.IgnoreAttributeSkipperTests+When_parent_type_is_null.Should_not_be_handled_or_skipped" methodname="Should_not_be_handled_or_skipped" classname="EdFi.TestObjects.Tests.IgnoreAttributeSkipperTests+When_parent_type_is_null" runstate="Runnable" result="Passed" duration="0.000519" asserts="0" />
          </test-suite>
          <test-suite type="TestFixture" id="9-1009" name="IgnoreAttributeSkipperTests+When_property_is_attributed_with_something_that_contains_the_word_ignore" fullname="EdFi.TestObjects.Tests.IgnoreAttributeSkipperTests+When_property_is_attributed_with_something_that_contains_the_word_ignore" classname="EdFi.TestObjects.Tests.IgnoreAttributeSkipperTests+When_property_is_attributed_with_something_that_contains_the_word_ignore" runstate="Runnable" testcasecount="1" result="Passed" duration="0.003413" total="1" passed="0" failed="0" inconclusive="0" skipped="0" asserts="0">
            <test-case id="9-1010" name="Should_be_ignored" fullname="EdFi.TestObjects.Tests.IgnoreAttributeSkipperTests+When_property_is_attributed_with_something_that_contains_the_word_ignore.Should_be_ignored" methodname="Should_be_ignored" classname="EdFi.TestObjects.Tests.IgnoreAttributeSkipperTests+When_property_is_attributed_with_something_that_contains_the_word_ignore" runstate="Runnable" result="Passed" duration="0.000436" asserts="0" />
          </test-suite>
          <test-suite type="TestFixture" id="9-1011" name="IgnoreAttributeSkipperTests+When_property_is_not_attributed_with_something_that_contains_the_word_ignore" fullname="EdFi.TestObjects.Tests.IgnoreAttributeSkipperTests+When_property_is_not_attributed_with_something_that_contains_the_word_ignore" classname="EdFi.TestObjects.Tests.IgnoreAttributeSkipperTests+When_property_is_not_attributed_with_something_that_contains_the_word_ignore" runstate="Runnable" testcasecount="1" result="Passed" duration="0.001757" total="1" passed="0" failed="0" inconclusive="0" skipped="0" asserts="0">
            <test-case id="9-1012" name="Should_not_be_handled_or_skipped" fullname="EdFi.TestObjects.Tests.IgnoreAttributeSkipperTests+When_property_is_not_attributed_with_something_that_contains_the_word_ignore.Should_not_be_handled_or_skipped" methodname="Should_not_be_handled_or_skipped" classname="EdFi.TestObjects.Tests.IgnoreAttributeSkipperTests+When_property_is_not_attributed_with_something_that_contains_the_word_ignore" runstate="Runnable" result="Passed" duration="0.000425" asserts="0" />
          </test-suite>
          <test-suite type="TestFixture" id="9-1024" name="TestObjectFactoryTests+When_creating_an_object_where_one_of_the_properties_keeps_deferring" fullname="EdFi.TestObjects.Tests.TestObjectFactoryTests+When_creating_an_object_where_one_of_the_properties_keeps_deferring" classname="EdFi.TestObjects.Tests.TestObjectFactoryTests+When_creating_an_object_where_one_of_the_properties_keeps_deferring" runstate="Runnable" testcasecount="1" result="Passed" duration="1.152631" total="1" passed="0" failed="0" inconclusive="0" skipped="0" asserts="0">
            <test-case id="9-1025" name="Should_detect_the_recurring_defer_response_and_throw_an_exception" fullname="EdFi.TestObjects.Tests.TestObjectFactoryTests+When_creating_an_object_where_one_of_the_properties_keeps_deferring.Should_detect_the_recurring_defer_response_and_throw_an_exception" methodname="Should_detect_the_recurring_defer_response_and_throw_an_exception" classname="EdFi.TestObjects.Tests.TestObjectFactoryTests+When_creating_an_object_where_one_of_the_properties_keeps_deferring" runstate="Runnable" result="Passed" duration="0.000780" asserts="0" />
          </test-suite>
          <test-suite type="TestFixture" id="9-1017" name="TestObjectFactoryTests+When_creating_an_object_where_some_properties_are_deferred" fullname="EdFi.TestObjects.Tests.TestObjectFactoryTests+When_creating_an_object_where_some_properties_are_deferred" classname="EdFi.TestObjects.Tests.TestObjectFactoryTests+When_creating_an_object_where_some_properties_are_deferred" runstate="Runnable" testcasecount="3" result="Passed" duration="0.006417" total="3" passed="0" failed="0" inconclusive="0" skipped="0" asserts="0">
            <test-case id="9-1020" name="Should_build_the_integer_value_on_the_second_attempt" fullname="EdFi.TestObjects.Tests.TestObjectFactoryTests+When_creating_an_object_where_some_properties_are_deferred.Should_build_the_integer_value_on_the_second_attempt" methodname="Should_build_the_integer_value_on_the_second_attempt" classname="EdFi.TestObjects.Tests.TestObjectFactoryTests+When_creating_an_object_where_some_properties_are_deferred" runstate="Runnable" result="Passed" duration="0.000393" asserts="0" />
            <test-case id="9-1018" name="Should_handle_the_defer_response_the_first_time_through_and_call_again_to_retrieve_the_property" fullname="EdFi.TestObjects.Tests.TestObjectFactoryTests+When_creating_an_object_where_some_properties_are_deferred.Should_handle_the_defer_response_the_first_time_through_and_call_again_to_retrieve_the_property" methodname="Should_handle_the_defer_response_the_first_time_through_and_call_again_to_retrieve_the_property" classname="EdFi.TestObjects.Tests.TestObjectFactoryTests+When_creating_an_object_where_some_properties_are_deferred" runstate="Runnable" result="Passed" duration="0.000321" asserts="0" />
            <test-case id="9-1019" name="Should_have_built_all_other_properties_before_calling_again_to_build_the_deferred_property" fullname="EdFi.TestObjects.Tests.TestObjectFactoryTests+When_creating_an_object_where_some_properties_are_deferred.Should_have_built_all_other_properties_before_calling_again_to_build_the_deferred_property" methodname="Should_have_built_all_other_properties_before_calling_again_to_build_the_deferred_property" classname="EdFi.TestObjects.Tests.TestObjectFactoryTests+When_creating_an_object_where_some_properties_are_deferred" runstate="Runnable" result="Passed" duration="0.000330" asserts="0" />
          </test-suite>
          <test-suite type="TestFixture" id="9-1021" name="TestObjectFactoryTests+When_creating_an_object_where_some_properties_are_deferred_multiple_times_but_resolve" fullname="EdFi.TestObjects.Tests.TestObjectFactoryTests+When_creating_an_object_where_some_properties_are_deferred_multiple_times_but_resolve" classname="EdFi.TestObjects.Tests.TestObjectFactoryTests+When_creating_an_object_where_some_properties_are_deferred_multiple_times_but_resolve" runstate="Runnable" testcasecount="2" result="Passed" duration="0.012243" total="2" passed="0" failed="0" inconclusive="0" skipped="0" asserts="0">
            <test-case id="9-1022" name="Should_defer_building_the_string_until_the_int_builder_completes" fullname="EdFi.TestObjects.Tests.TestObjectFactoryTests+When_creating_an_object_where_some_properties_are_deferred_multiple_times_but_resolve.Should_defer_building_the_string_until_the_int_builder_completes" methodname="Should_defer_building_the_string_until_the_int_builder_completes" classname="EdFi.TestObjects.Tests.TestObjectFactoryTests+When_creating_an_object_where_some_properties_are_deferred_multiple_times_but_resolve" runstate="Runnable" result="Passed" duration="0.000402" asserts="0" />
            <test-case id="9-1023" name="Should_incorporate_the_integer_value_into_the_string" fullname="EdFi.TestObjects.Tests.TestObjectFactoryTests+When_creating_an_object_where_some_properties_are_deferred_multiple_times_but_resolve.Should_incorporate_the_integer_value_into_the_string" methodname="Should_incorporate_the_integer_value_into_the_string" classname="EdFi.TestObjects.Tests.TestObjectFactoryTests+When_creating_an_object_where_some_properties_are_deferred_multiple_times_but_resolve" runstate="Runnable" result="Passed" duration="0.000461" asserts="0" />
          </test-suite>
          <test-suite type="TestFixture" id="9-1015" name="TestObjectFactoryTests+When_creating_an_object_with_children" fullname="EdFi.TestObjects.Tests.TestObjectFactoryTests+When_creating_an_object_with_children" classname="EdFi.TestObjects.Tests.TestObjectFactoryTests+When_creating_an_object_with_children" runstate="Runnable" testcasecount="1" result="Passed" duration="0.041719" total="1" passed="0" failed="0" inconclusive="0" skipped="0" asserts="0">
            <test-case id="9-1016" name="Should_attempt_to_create_child_with_the_object_graph_referencing_both_the_child_and_the_parent_objects" fullname="EdFi.TestObjects.Tests.TestObjectFactoryTests+When_creating_an_object_with_children.Should_attempt_to_create_child_with_the_object_graph_referencing_both_the_child_and_the_parent_objects" methodname="Should_attempt_to_create_child_with_the_object_graph_referencing_both_the_child_and_the_parent_objects" classname="EdFi.TestObjects.Tests.TestObjectFactoryTests+When_creating_an_object_with_children" runstate="Runnable" result="Passed" duration="0.009991" asserts="0" />
          </test-suite>
          <test-suite type="TestFixture" id="9-1026" name="TestObjectFactoryTests+When_creating_an_object_with_property_value_constraints" fullname="EdFi.TestObjects.Tests.TestObjectFactoryTests+When_creating_an_object_with_property_value_constraints" classname="EdFi.TestObjects.Tests.TestObjectFactoryTests+When_creating_an_object_with_property_value_constraints" runstate="Runnable" testcasecount="4" result="Passed" duration="0.061520" total="4" passed="0" failed="0" inconclusive="0" skipped="0" asserts="0">
            <test-case id="9-1027" name="Should_build_property_values_on_main_target_using_supplied_property_value_constraints" fullname="EdFi.TestObjects.Tests.TestObjectFactoryTests+When_creating_an_object_with_property_value_constraints.Should_build_property_values_on_main_target_using_supplied_property_value_constraints" methodname="Should_build_property_values_on_main_target_using_supplied_property_value_constraints" classname="EdFi.TestObjects.Tests.TestObjectFactoryTests+When_creating_an_object_with_property_value_constraints" runstate="Runnable" result="Passed" duration="0.000493" asserts="0" />
            <test-case id="9-1028" name="Should_build_property_values_on_referenced_objects_using_supplied_property_value_constraints" fullname="EdFi.TestObjects.Tests.TestObjectFactoryTests+When_creating_an_object_with_property_value_constraints.Should_build_property_values_on_referenced_objects_using_supplied_property_value_constraints" methodname="Should_build_property_values_on_referenced_objects_using_supplied_property_value_constraints" classname="EdFi.TestObjects.Tests.TestObjectFactoryTests+When_creating_an_object_with_property_value_constraints" runstate="Runnable" result="Passed" duration="0.000467" asserts="0" />
            <test-case id="9-1029" name="Should_NOT_build_property_values_on_child_objects_in_lists_using_supplied_property_value_constraints" fullname="EdFi.TestObjects.Tests.TestObjectFactoryTests+When_creating_an_object_with_property_value_constraints.Should_NOT_build_property_values_on_child_objects_in_lists_using_supplied_property_value_constraints" methodname="Should_NOT_build_property_values_on_child_objects_in_lists_using_supplied_property_value_constraints" classname="EdFi.TestObjects.Tests.TestObjectFactoryTests+When_creating_an_object_with_property_value_constraints" runstate="Runnable" result="Passed" duration="0.002682" asserts="0" />
            <test-case id="9-1030" name="Should_use_the_value_builders_for_values_not_defined_in_constraints" fullname="EdFi.TestObjects.Tests.TestObjectFactoryTests+When_creating_an_object_with_property_value_constraints.Should_use_the_value_builders_for_values_not_defined_in_constraints" methodname="Should_use_the_value_builders_for_values_not_defined_in_constraints" classname="EdFi.TestObjects.Tests.TestObjectFactoryTests+When_creating_an_object_with_property_value_constraints" runstate="Runnable" result="Passed" duration="0.033571" asserts="0" />
          </test-suite>
          <test-suite type="TestFixture" id="9-1031" name="TestObjectFactoryTests+When_creating_an_object_with_property_value_constraints_using_arbitrary_casing" fullname="EdFi.TestObjects.Tests.TestObjectFactoryTests+When_creating_an_object_with_property_value_constraints_using_arbitrary_casing" classname="EdFi.TestObjects.Tests.TestObjectFactoryTests+When_creating_an_object_with_property_value_constraints_using_arbitrary_casing" runstate="Runnable" testcasecount="1" result="Passed" duration="0.012094" total="1" passed="0" failed="0" inconclusive="0" skipped="0" asserts="0">
            <test-case id="9-1032" name="Should_build_property_values_on_main_target_using_supplied_property_value_constraints_even_if_casing_does_not_match" fullname="EdFi.TestObjects.Tests.TestObjectFactoryTests+When_creating_an_object_with_property_value_constraints_using_arbitrary_casing.Should_build_property_values_on_main_target_using_supplied_property_value_constraints_even_if_casing_does_not_match" methodname="Should_build_property_values_on_main_target_using_supplied_property_value_constraints_even_if_casing_does_not_match" classname="EdFi.TestObjects.Tests.TestObjectFactoryTests+When_creating_an_object_with_property_value_constraints_using_arbitrary_casing" runstate="Runnable" result="Passed" duration="0.000658" asserts="0" />
          </test-suite>
          <test-suite type="TestFixture" id="9-1033" name="TestObjectFactoryTests+When_creating_an_object_with_property_value_constraints_using_the_role_name_prefix_convention" fullname="EdFi.TestObjects.Tests.TestObjectFactoryTests+When_creating_an_object_with_property_value_constraints_using_the_role_name_prefix_convention" classname="EdFi.TestObjects.Tests.TestObjectFactoryTests+When_creating_an_object_with_property_value_constraints_using_the_role_name_prefix_convention" runstate="Runnable" testcasecount="1" result="Passed" duration="0.011787" total="1" passed="0" failed="0" inconclusive="0" skipped="0" asserts="0">
            <test-case id="9-1034" name="Should_build_property_values_on_main_target_using_supplied_property_value_constraints" fullname="EdFi.TestObjects.Tests.TestObjectFactoryTests+When_creating_an_object_with_property_value_constraints_using_the_role_name_prefix_convention.Should_build_property_values_on_main_target_using_supplied_property_value_constraints" methodname="Should_build_property_values_on_main_target_using_supplied_property_value_constraints" classname="EdFi.TestObjects.Tests.TestObjectFactoryTests+When_creating_an_object_with_property_value_constraints_using_the_role_name_prefix_convention" runstate="Runnable" result="Passed" duration="0.000481" asserts="0" />
          </test-suite>
          <test-suite type="TestFixture" id="9-1038" name="UpdatePropertySkipperTests+When_additional_property_has_been_ignored_and_we_are_modifying" fullname="EdFi.TestObjects.Tests.UpdatePropertySkipperTests+When_additional_property_has_been_ignored_and_we_are_modifying" classname="EdFi.TestObjects.Tests.UpdatePropertySkipperTests+When_additional_property_has_been_ignored_and_we_are_modifying" runstate="Runnable" testcasecount="2" result="Passed" duration="0.027090" total="2" passed="0" failed="0" inconclusive="0" skipped="0" asserts="0">
            <test-case id="9-1039" name="Should_handle_property" fullname="EdFi.TestObjects.Tests.UpdatePropertySkipperTests+When_additional_property_has_been_ignored_and_we_are_modifying.Should_handle_property" methodname="Should_handle_property" classname="EdFi.TestObjects.Tests.UpdatePropertySkipperTests+When_additional_property_has_been_ignored_and_we_are_modifying" runstate="Runnable" result="Passed" duration="0.000307" asserts="0" />
            <test-case id="9-1040" name="Should_indicate_property_is_ignored" fullname="EdFi.TestObjects.Tests.UpdatePropertySkipperTests+When_additional_property_has_been_ignored_and_we_are_modifying.Should_indicate_property_is_ignored" methodname="Should_indicate_property_is_ignored" classname="EdFi.TestObjects.Tests.UpdatePropertySkipperTests+When_additional_property_has_been_ignored_and_we_are_modifying" runstate="Runnable" result="Passed" duration="0.000292" asserts="0" />
          </test-suite>
          <test-suite type="TestFixture" id="9-1045" name="UpdatePropertySkipperTests+When_parent_type_is_not_set" fullname="EdFi.TestObjects.Tests.UpdatePropertySkipperTests+When_parent_type_is_not_set" classname="EdFi.TestObjects.Tests.UpdatePropertySkipperTests+When_parent_type_is_not_set" runstate="Runnable" testcasecount="1" result="Passed" duration="0.015642" total="1" passed="0" failed="0" inconclusive="0" skipped="0" asserts="0">
            <test-case id="9-1046" name="Should_not_handle_property" fullname="EdFi.TestObjects.Tests.UpdatePropertySkipperTests+When_parent_type_is_not_set.Should_not_handle_property" methodname="Should_not_handle_property" classname="EdFi.TestObjects.Tests.UpdatePropertySkipperTests+When_parent_type_is_not_set" runstate="Runnable" result="Passed" duration="0.000313" asserts="0" />
          </test-suite>
          <test-suite type="TestFixture" id="9-1041" name="UpdatePropertySkipperTests+When_property_has_been_ignored_and_we_are_creating" fullname="EdFi.TestObjects.Tests.UpdatePropertySkipperTests+When_property_has_been_ignored_and_we_are_creating" classname="EdFi.TestObjects.Tests.UpdatePropertySkipperTests+When_property_has_been_ignored_and_we_are_creating" runstate="Runnable" testcasecount="1" result="Passed" duration="0.005587" total="1" passed="0" failed="0" inconclusive="0" skipped="0" asserts="0">
            <test-case id="9-1042" name="Should_not_handle_property" fullname="EdFi.TestObjects.Tests.UpdatePropertySkipperTests+When_property_has_been_ignored_and_we_are_creating.Should_not_handle_property" methodname="Should_not_handle_property" classname="EdFi.TestObjects.Tests.UpdatePropertySkipperTests+When_property_has_been_ignored_and_we_are_creating" runstate="Runnable" result="Passed" duration="0.000313" asserts="0" />
          </test-suite>
          <test-suite type="TestFixture" id="9-1035" name="UpdatePropertySkipperTests+When_property_has_been_ignored_and_we_are_modifying" fullname="EdFi.TestObjects.Tests.UpdatePropertySkipperTests+When_property_has_been_ignored_and_we_are_modifying" classname="EdFi.TestObjects.Tests.UpdatePropertySkipperTests+When_property_has_been_ignored_and_we_are_modifying" runstate="Runnable" testcasecount="2" result="Passed" duration="0.055796" total="2" passed="0" failed="0" inconclusive="0" skipped="0" asserts="0">
            <test-case id="9-1036" name="Should_handle_property" fullname="EdFi.TestObjects.Tests.UpdatePropertySkipperTests+When_property_has_been_ignored_and_we_are_modifying.Should_handle_property" methodname="Should_handle_property" classname="EdFi.TestObjects.Tests.UpdatePropertySkipperTests+When_property_has_been_ignored_and_we_are_modifying" runstate="Runnable" result="Passed" duration="0.000324" asserts="0" />
            <test-case id="9-1037" name="Should_indicate_property_is_ignored" fullname="EdFi.TestObjects.Tests.UpdatePropertySkipperTests+When_property_has_been_ignored_and_we_are_modifying.Should_indicate_property_is_ignored" methodname="Should_indicate_property_is_ignored" classname="EdFi.TestObjects.Tests.UpdatePropertySkipperTests+When_property_has_been_ignored_and_we_are_modifying" runstate="Runnable" result="Passed" duration="0.000366" asserts="0" />
          </test-suite>
          <test-suite type="TestFixture" id="9-1043" name="UpdatePropertySkipperTests+When_property_has_not_been_ignored_by_name_and_we_are_modifying" fullname="EdFi.TestObjects.Tests.UpdatePropertySkipperTests+When_property_has_not_been_ignored_by_name_and_we_are_modifying" classname="EdFi.TestObjects.Tests.UpdatePropertySkipperTests+When_property_has_not_been_ignored_by_name_and_we_are_modifying" runstate="Runnable" testcasecount="1" result="Passed" duration="0.009315" total="1" passed="0" failed="0" inconclusive="0" skipped="0" asserts="0">
            <test-case id="9-1044" name="Should_not_handle_property" fullname="EdFi.TestObjects.Tests.UpdatePropertySkipperTests+When_property_has_not_been_ignored_by_name_and_we_are_modifying.Should_not_handle_property" methodname="Should_not_handle_property" classname="EdFi.TestObjects.Tests.UpdatePropertySkipperTests+When_property_has_not_been_ignored_by_name_and_we_are_modifying" runstate="Runnable" result="Passed" duration="0.000299" asserts="0" />
          </test-suite>
        </test-suite>
      </test-suite>
    </test-suite>
  </test-suite>
  <test-suite type="Assembly" id="10-1040" name="D:\Projects\Ed-Fi-Alliance\Ed-Fi-ODS\Application\SecurityConfigurationTool\EdFi.Ods.SecurityConfiguration.Services.Tests\bin\Release\EdFi.Ods.SecurityConfiguration.Services.Tests.dll" fullname="D:\Projects\Ed-Fi-Alliance\Ed-Fi-ODS\Application\SecurityConfigurationTool\EdFi.Ods.SecurityConfiguration.Services.Tests\bin\Release\EdFi.Ods.SecurityConfiguration.Services.Tests.dll" runstate="Runnable" testcasecount="33" result="Passed" duration="3.570409" total="33" passed="0" failed="0" inconclusive="0" skipped="0" asserts="0">
    <properties>
      <property name="_PID" value="25816" />
      <property name="_APPDOMAIN" value="domain-14c2fc8d-EdFi.Ods.SecurityConfiguration.Services.Tests.dll" />
    </properties>
    <test-suite type="Namespace" id="10-1041" name="EdFi" fullname="EdFi" runstate="Runnable" testcasecount="33" result="Passed" duration="3.557281" total="33" passed="0" failed="0" inconclusive="0" skipped="0" asserts="0">
      <test-suite type="Namespace" id="10-1042" name="Ods" fullname="EdFi.Ods" runstate="Runnable" testcasecount="33" result="Passed" duration="3.556926" total="33" passed="0" failed="0" inconclusive="0" skipped="0" asserts="0">
        <test-suite type="Namespace" id="10-1043" name="SecurityConfiguration" fullname="EdFi.Ods.SecurityConfiguration" runstate="Runnable" testcasecount="33" result="Passed" duration="3.556611" total="33" passed="0" failed="0" inconclusive="0" skipped="0" asserts="0">
          <test-suite type="Namespace" id="10-1044" name="Services" fullname="EdFi.Ods.SecurityConfiguration.Services" runstate="Runnable" testcasecount="33" result="Passed" duration="3.556325" total="33" passed="0" failed="0" inconclusive="0" skipped="0" asserts="0">
            <test-suite type="Namespace" id="10-1045" name="Tests" fullname="EdFi.Ods.SecurityConfiguration.Services.Tests" runstate="Runnable" testcasecount="33" result="Passed" duration="3.556027" total="33" passed="0" failed="0" inconclusive="0" skipped="0" asserts="0">
              <test-suite type="TestFixture" id="10-1010" name="When_adding_application" fullname="EdFi.Ods.SecurityConfiguration.Services.Tests.When_adding_application" classname="EdFi.Ods.SecurityConfiguration.Services.Tests.When_adding_application" runstate="Runnable" testcasecount="4" result="Passed" duration="1.849817" total="4" passed="0" failed="0" inconclusive="0" skipped="0" asserts="0">
                <test-case id="10-1014" name="Should_not_throw_error_duplicate_name_for_different_vendors" fullname="EdFi.Ods.SecurityConfiguration.Services.Tests.When_adding_application.Should_not_throw_error_duplicate_name_for_different_vendors" methodname="Should_not_throw_error_duplicate_name_for_different_vendors" classname="EdFi.Ods.SecurityConfiguration.Services.Tests.When_adding_application" runstate="Runnable" result="Passed" duration="0.111120" asserts="0">
                  <reason>
                    <message><![CDATA[]]></message>
                  </reason>
                </test-case>
                <test-case id="10-1013" name="Should_throw_error_if_an_application_with_the_same_name_exists_within_the_vendor_applications" fullname="EdFi.Ods.SecurityConfiguration.Services.Tests.When_adding_application.Should_throw_error_if_an_application_with_the_same_name_exists_within_the_vendor_applications" methodname="Should_throw_error_if_an_application_with_the_same_name_exists_within_the_vendor_applications" classname="EdFi.Ods.SecurityConfiguration.Services.Tests.When_adding_application" runstate="Runnable" result="Passed" duration="0.007410" asserts="1" />
                <test-case id="10-1012" name="Should_throw_exception_calling_by_a_vendor_with_no_user_associated_to_it" fullname="EdFi.Ods.SecurityConfiguration.Services.Tests.When_adding_application.Should_throw_exception_calling_by_a_vendor_with_no_user_associated_to_it" methodname="Should_throw_exception_calling_by_a_vendor_with_no_user_associated_to_it" classname="EdFi.Ods.SecurityConfiguration.Services.Tests.When_adding_application" runstate="Runnable" result="Passed" duration="0.002310" asserts="1" />
                <test-case id="10-1011" name="Should_throw_exception_calling_by_wrong_id" fullname="EdFi.Ods.SecurityConfiguration.Services.Tests.When_adding_application.Should_throw_exception_calling_by_wrong_id" methodname="Should_throw_exception_calling_by_wrong_id" classname="EdFi.Ods.SecurityConfiguration.Services.Tests.When_adding_application" runstate="Runnable" result="Passed" duration="0.001499" asserts="1" />
              </test-suite>
              <test-suite type="TestFixture" id="10-1036" name="When_deleting_a_vendor" fullname="EdFi.Ods.SecurityConfiguration.Services.Tests.When_deleting_a_vendor" classname="EdFi.Ods.SecurityConfiguration.Services.Tests.When_deleting_a_vendor" runstate="Runnable" testcasecount="3" result="Passed" duration="0.871708" total="3" passed="0" failed="0" inconclusive="0" skipped="0" asserts="0">
                <test-case id="10-1039" name="Should_not_remove_associated_profiles" fullname="EdFi.Ods.SecurityConfiguration.Services.Tests.When_deleting_a_vendor.Should_not_remove_associated_profiles" methodname="Should_not_remove_associated_profiles" classname="EdFi.Ods.SecurityConfiguration.Services.Tests.When_deleting_a_vendor" runstate="Runnable" result="Passed" duration="0.062088" asserts="0" />
                <test-case id="10-1038" name="Should_not_remove_associated_users" fullname="EdFi.Ods.SecurityConfiguration.Services.Tests.When_deleting_a_vendor.Should_not_remove_associated_users" methodname="Should_not_remove_associated_users" classname="EdFi.Ods.SecurityConfiguration.Services.Tests.When_deleting_a_vendor" runstate="Runnable" result="Passed" duration="0.000441" asserts="0" />
                <test-case id="10-1037" name="Should_remove_associated_applications" fullname="EdFi.Ods.SecurityConfiguration.Services.Tests.When_deleting_a_vendor.Should_remove_associated_applications" methodname="Should_remove_associated_applications" classname="EdFi.Ods.SecurityConfiguration.Services.Tests.When_deleting_a_vendor" runstate="Runnable" result="Passed" duration="0.000441" asserts="0" />
              </test-suite>
              <test-suite type="TestFixture" id="10-1015" name="When_generating_key_for_an_application" fullname="EdFi.Ods.SecurityConfiguration.Services.Tests.When_generating_key_for_an_application" classname="EdFi.Ods.SecurityConfiguration.Services.Tests.When_generating_key_for_an_application" runstate="Runnable" testcasecount="4" result="Passed" duration="0.298494" total="4" passed="0" failed="0" inconclusive="0" skipped="0" asserts="0">
                <test-case id="10-1019" name="Should_generate_email" fullname="EdFi.Ods.SecurityConfiguration.Services.Tests.When_generating_key_for_an_application.Should_generate_email" methodname="Should_generate_email" classname="EdFi.Ods.SecurityConfiguration.Services.Tests.When_generating_key_for_an_application" runstate="Runnable" result="Passed" duration="0.238229" asserts="6" />
                <test-case id="10-1017" name="Should_throw_exception_calling_by_a_vendor_with_no_user_associated_to_it" fullname="EdFi.Ods.SecurityConfiguration.Services.Tests.When_generating_key_for_an_application.Should_throw_exception_calling_by_a_vendor_with_no_user_associated_to_it" methodname="Should_throw_exception_calling_by_a_vendor_with_no_user_associated_to_it" classname="EdFi.Ods.SecurityConfiguration.Services.Tests.When_generating_key_for_an_application" runstate="Runnable" result="Passed" duration="0.002369" asserts="1" />
                <test-case id="10-1016" name="Should_throw_exception_calling_by_wrong_id" fullname="EdFi.Ods.SecurityConfiguration.Services.Tests.When_generating_key_for_an_application.Should_throw_exception_calling_by_wrong_id" methodname="Should_throw_exception_calling_by_wrong_id" classname="EdFi.Ods.SecurityConfiguration.Services.Tests.When_generating_key_for_an_application" runstate="Runnable" result="Passed" duration="0.002195" asserts="1" />
                <test-case id="10-1018" name="Should_throw_exception_calling_with_the_wrong_application_id" fullname="EdFi.Ods.SecurityConfiguration.Services.Tests.When_generating_key_for_an_application.Should_throw_exception_calling_with_the_wrong_application_id" methodname="Should_throw_exception_calling_with_the_wrong_application_id" classname="EdFi.Ods.SecurityConfiguration.Services.Tests.When_generating_key_for_an_application" runstate="Runnable" result="Passed" duration="0.011658" asserts="1" />
              </test-suite>
              <test-suite type="TestFixture" id="10-1000" name="When_retrieve_application" fullname="EdFi.Ods.SecurityConfiguration.Services.Tests.When_retrieve_application" classname="EdFi.Ods.SecurityConfiguration.Services.Tests.When_retrieve_application" runstate="Runnable" testcasecount="9" result="Passed" duration="0.118105" total="9" passed="0" failed="0" inconclusive="0" skipped="0" asserts="0">
                <test-case id="10-1002" name="Should_return_correct_application_calling_by_id" fullname="EdFi.Ods.SecurityConfiguration.Services.Tests.When_retrieve_application.Should_return_correct_application_calling_by_id" methodname="Should_return_correct_application_calling_by_id" classname="EdFi.Ods.SecurityConfiguration.Services.Tests.When_retrieve_application" runstate="Runnable" result="Passed" duration="0.014340" asserts="0" />
                <test-case id="10-1007" name="Should_return_Expired_as_KeyStatus_for_the_applications_that_their_challenge_is_expired" fullname="EdFi.Ods.SecurityConfiguration.Services.Tests.When_retrieve_application.Should_return_Expired_as_KeyStatus_for_the_applications_that_their_challenge_is_expired" methodname="Should_return_Expired_as_KeyStatus_for_the_applications_that_their_challenge_is_expired" classname="EdFi.Ods.SecurityConfiguration.Services.Tests.When_retrieve_application" runstate="Runnable" result="Passed" duration="0.011226" asserts="0" />
                <test-case id="10-1008" name="Should_return_NotSent_as_KeyStatus_for_the_applications_that_their_challenge_is_null" fullname="EdFi.Ods.SecurityConfiguration.Services.Tests.When_retrieve_application.Should_return_NotSent_as_KeyStatus_for_the_applications_that_their_challenge_is_null" methodname="Should_return_NotSent_as_KeyStatus_for_the_applications_that_their_challenge_is_null" classname="EdFi.Ods.SecurityConfiguration.Services.Tests.When_retrieve_application" runstate="Runnable" result="Passed" duration="0.010907" asserts="0" />
                <test-case id="10-1009" name="Should_return_null_as_ActivationCode_for_the_applications_that_their_challenge_is_expired" fullname="EdFi.Ods.SecurityConfiguration.Services.Tests.When_retrieve_application.Should_return_null_as_ActivationCode_for_the_applications_that_their_challenge_is_expired" methodname="Should_return_null_as_ActivationCode_for_the_applications_that_their_challenge_is_expired" classname="EdFi.Ods.SecurityConfiguration.Services.Tests.When_retrieve_application" runstate="Runnable" result="Passed" duration="0.010634" asserts="0" />
                <test-case id="10-1004" name="Should_return_null_calling_by_wrong_id" fullname="EdFi.Ods.SecurityConfiguration.Services.Tests.When_retrieve_application.Should_return_null_calling_by_wrong_id" methodname="Should_return_null_calling_by_wrong_id" classname="EdFi.Ods.SecurityConfiguration.Services.Tests.When_retrieve_application" runstate="Runnable" result="Passed" duration="0.010546" asserts="0" />
                <test-case id="10-1003" name="Should_return_proper_ActivationCode" fullname="EdFi.Ods.SecurityConfiguration.Services.Tests.When_retrieve_application.Should_return_proper_ActivationCode" methodname="Should_return_proper_ActivationCode" classname="EdFi.Ods.SecurityConfiguration.Services.Tests.When_retrieve_application" runstate="Runnable" result="Passed" duration="0.010387" asserts="0" />
                <test-case id="10-1001" name="Should_return_vendors_all_applications_by_calling_GetAll" fullname="EdFi.Ods.SecurityConfiguration.Services.Tests.When_retrieve_application.Should_return_vendors_all_applications_by_calling_GetAll" methodname="Should_return_vendors_all_applications_by_calling_GetAll" classname="EdFi.Ods.SecurityConfiguration.Services.Tests.When_retrieve_application" runstate="Runnable" result="Passed" duration="0.011362" asserts="0" />
                <test-case id="10-1005" name="Should_throw_exception_calling_by_a_vendor_with_no_user_associated_to_it" fullname="EdFi.Ods.SecurityConfiguration.Services.Tests.When_retrieve_application.Should_throw_exception_calling_by_a_vendor_with_no_user_associated_to_it" methodname="Should_throw_exception_calling_by_a_vendor_with_no_user_associated_to_it" classname="EdFi.Ods.SecurityConfiguration.Services.Tests.When_retrieve_application" runstate="Runnable" result="Passed" duration="0.001998" asserts="1" />
                <test-case id="10-1006" name="Should_throw_exception_calling_by_wrong_vendor_id" fullname="EdFi.Ods.SecurityConfiguration.Services.Tests.When_retrieve_application.Should_throw_exception_calling_by_wrong_vendor_id" methodname="Should_throw_exception_calling_by_wrong_vendor_id" classname="EdFi.Ods.SecurityConfiguration.Services.Tests.When_retrieve_application" runstate="Runnable" result="Passed" duration="0.001995" asserts="1" />
              </test-suite>
              <test-suite type="TestFixture" id="10-1028" name="When_retrieve_vendors" fullname="EdFi.Ods.SecurityConfiguration.Services.Tests.When_retrieve_vendors" classname="EdFi.Ods.SecurityConfiguration.Services.Tests.When_retrieve_vendors" runstate="Runnable" testcasecount="4" result="Passed" duration="0.146846" total="4" passed="0" failed="0" inconclusive="0" skipped="0" asserts="0">
                <test-case id="10-1029" name="Should_return_all_vendors_by_calling_GetAll" fullname="EdFi.Ods.SecurityConfiguration.Services.Tests.When_retrieve_vendors.Should_return_all_vendors_by_calling_GetAll" methodname="Should_return_all_vendors_by_calling_GetAll" classname="EdFi.Ods.SecurityConfiguration.Services.Tests.When_retrieve_vendors" runstate="Runnable" result="Passed" duration="0.062398" asserts="1" />
                <test-case id="10-1032" name="Should_return_error_trying_enter_duplicate_name" fullname="EdFi.Ods.SecurityConfiguration.Services.Tests.When_retrieve_vendors.Should_return_error_trying_enter_duplicate_name" methodname="Should_return_error_trying_enter_duplicate_name" classname="EdFi.Ods.SecurityConfiguration.Services.Tests.When_retrieve_vendors" runstate="Runnable" result="Passed" duration="0.016007" asserts="1" />
                <test-case id="10-1031" name="Should_return_null_when_called_by_invalid_id" fullname="EdFi.Ods.SecurityConfiguration.Services.Tests.When_retrieve_vendors.Should_return_null_when_called_by_invalid_id" methodname="Should_return_null_when_called_by_invalid_id" classname="EdFi.Ods.SecurityConfiguration.Services.Tests.When_retrieve_vendors" runstate="Runnable" result="Passed" duration="0.009424" asserts="0" />
                <test-case id="10-1030" name="Should_return_single_vendor_when_called_by_id" fullname="EdFi.Ods.SecurityConfiguration.Services.Tests.When_retrieve_vendors.Should_return_single_vendor_when_called_by_id" methodname="Should_return_single_vendor_when_called_by_id" classname="EdFi.Ods.SecurityConfiguration.Services.Tests.When_retrieve_vendors" runstate="Runnable" result="Passed" duration="0.008290" asserts="0" />
              </test-suite>
              <test-suite type="TestFixture" id="10-1033" name="When_update_a_vendor" fullname="EdFi.Ods.SecurityConfiguration.Services.Tests.When_update_a_vendor" classname="EdFi.Ods.SecurityConfiguration.Services.Tests.When_update_a_vendor" runstate="Runnable" testcasecount="2" result="Passed" duration="0.035029" total="2" passed="0" failed="0" inconclusive="0" skipped="0" asserts="0">
                <test-case id="10-1035" name="Should_update_underlying_user_entity" fullname="EdFi.Ods.SecurityConfiguration.Services.Tests.When_update_a_vendor.Should_update_underlying_user_entity" methodname="Should_update_underlying_user_entity" classname="EdFi.Ods.SecurityConfiguration.Services.Tests.When_update_a_vendor" runstate="Runnable" result="Passed" duration="0.017064" asserts="2" />
                <test-case id="10-1034" name="Should_update_vendor_entity" fullname="EdFi.Ods.SecurityConfiguration.Services.Tests.When_update_a_vendor.Should_update_vendor_entity" methodname="Should_update_vendor_entity" classname="EdFi.Ods.SecurityConfiguration.Services.Tests.When_update_a_vendor" runstate="Runnable" result="Passed" duration="0.012201" asserts="2" />
              </test-suite>
              <test-suite type="TestFixture" id="10-1020" name="When_validating_a_challenge_id" fullname="EdFi.Ods.SecurityConfiguration.Services.Tests.When_validating_a_challenge_id" classname="EdFi.Ods.SecurityConfiguration.Services.Tests.When_validating_a_challenge_id" runstate="Runnable" testcasecount="7" result="Passed" duration="0.224874" total="7" passed="0" failed="0" inconclusive="0" skipped="0" asserts="0">
                <test-case id="10-1023" name="Should_not_validate_expired_challenge" fullname="EdFi.Ods.SecurityConfiguration.Services.Tests.When_validating_a_challenge_id.Should_not_validate_expired_challenge" methodname="Should_not_validate_expired_challenge" classname="EdFi.Ods.SecurityConfiguration.Services.Tests.When_validating_a_challenge_id" runstate="Runnable" result="Passed" duration="0.019111" asserts="0" />
                <test-case id="10-1024" name="Should_not_validate_if_retried_more_than_limit" fullname="EdFi.Ods.SecurityConfiguration.Services.Tests.When_validating_a_challenge_id.Should_not_validate_if_retried_more_than_limit" methodname="Should_not_validate_if_retried_more_than_limit" classname="EdFi.Ods.SecurityConfiguration.Services.Tests.When_validating_a_challenge_id" runstate="Runnable" result="Passed" duration="0.004224" asserts="0" />
                <test-case id="10-1026" name="Should_not_validate_if_the_activation_code_has_no_value" fullname="EdFi.Ods.SecurityConfiguration.Services.Tests.When_validating_a_challenge_id.Should_not_validate_if_the_activation_code_has_no_value" methodname="Should_not_validate_if_the_activation_code_has_no_value" classname="EdFi.Ods.SecurityConfiguration.Services.Tests.When_validating_a_challenge_id" runstate="Runnable" result="Passed" duration="0.004172" asserts="0" />
                <test-case id="10-1027" name="Should_not_validate_if_the_activation_code_is_null" fullname="EdFi.Ods.SecurityConfiguration.Services.Tests.When_validating_a_challenge_id.Should_not_validate_if_the_activation_code_is_null" methodname="Should_not_validate_if_the_activation_code_is_null" classname="EdFi.Ods.SecurityConfiguration.Services.Tests.When_validating_a_challenge_id" runstate="Runnable" result="Passed" duration="0.004358" asserts="0" />
                <test-case id="10-1025" name="Should_not_validate_if_the_status_is_not_sent" fullname="EdFi.Ods.SecurityConfiguration.Services.Tests.When_validating_a_challenge_id.Should_not_validate_if_the_status_is_not_sent" methodname="Should_not_validate_if_the_status_is_not_sent" classname="EdFi.Ods.SecurityConfiguration.Services.Tests.When_validating_a_challenge_id" runstate="Runnable" result="Passed" duration="0.004212" asserts="0" />
                <test-case id="10-1022" name="Should_not_validate_invalid_challenge_id" fullname="EdFi.Ods.SecurityConfiguration.Services.Tests.When_validating_a_challenge_id.Should_not_validate_invalid_challenge_id" methodname="Should_not_validate_invalid_challenge_id" classname="EdFi.Ods.SecurityConfiguration.Services.Tests.When_validating_a_challenge_id" runstate="Runnable" result="Passed" duration="0.003730" asserts="0" />
                <test-case id="10-1021" name="Should_validate_valid_application" fullname="EdFi.Ods.SecurityConfiguration.Services.Tests.When_validating_a_challenge_id.Should_validate_valid_application" methodname="Should_validate_valid_application" classname="EdFi.Ods.SecurityConfiguration.Services.Tests.When_validating_a_challenge_id" runstate="Runnable" result="Passed" duration="0.004319" asserts="0" />
              </test-suite>
            </test-suite>
          </test-suite>
        </test-suite>
      </test-suite>
    </test-suite>
  </test-suite>
</test-run>