<?xml version="1.0" encoding="utf-8" standalone="no"?>
<test-run start-time="2018-02-16 00:16:50Z">
  <command-line><![CDATA["C:\Program Files (x86)\NUnit.org\nunit-console\nunit3-console.exe"  D:\Projects\Ed-Fi-Alliance\Ed-Fi-ODS\Application\EdFi.Ods.Admin.Tests\bin\Debug\EdFi.Ods.Admin.Tests.dll D:\Projects\Ed-Fi-Alliance\Ed-Fi-ODS\Application\EdFi.Ods.Admin.Web.Tests\bin\Debug\EdFi.Ods.Admin.Web.Tests.dll D:\Projects\Ed-Fi-Alliance\Ed-Fi-ODS\Application\EdFi.Ods.Api.Data.Tests\bin\Debug\EdFi.Ods.Api.Data.Tests.dll D:\Projects\Ed-Fi-Alliance\Ed-Fi-ODS\Application\EdFi.Ods.BulkCopy.Tests\bin\Debug\EdFi.Ods.BulkCopy.Tests.dll D:\Projects\Ed-Fi-Alliance\Ed-Fi-ODS\Application\EdFi.Ods.Repositories.NHibernate.Tests\bin\Debug\EdFi.Ods.Repositories.NHibernate.Tests.dll D:\Projects\Ed-Fi-Alliance\Ed-Fi-ODS\Application\EdFi.Ods.Tests\bin\Debug\EdFi.Ods.Tests.dll D:\Projects\Ed-Fi-Alliance\Ed-Fi-ODS\Application\EdFi.Ods.WebService.Tests\bin\Debug\EdFi.Ods.WebService.Tests.dll D:\Projects\Ed-Fi-Alliance\Ed-Fi-ODS\Application\EdFi.Ods.XsdParsing.Tests\bin\Debug\EdFi.Ods.XsdParsing.Tests.dll D:\Projects\Ed-Fi-Alliance\Ed-Fi-ODS\Application\EdFi.TestObjects.Tests\bin\Debug\EdFi.TestObjects.Tests.dll D:\Projects\Ed-Fi-Alliance\Ed-Fi-ODS\Application\SecurityConfigurationTool\EdFi.Ods.SecurityConfiguration.Services.Tests\bin\Debug\EdFi.Ods.SecurityConfiguration.Services.Tests.dll]]></command-line>
</test-run>